<?xml version='1.0' encoding='utf-8'?>
<testsuites id="" name="" tests="59" failures="7" skipped="0" errors="0" time="1043.120773">
<testsuite name="1TipsNoExtraNoSeat.spec.ts" timestamp="2025-01-10T07:49:57.224Z" hostname="chromium" tests="14" failures="4" skipped="0" time="1935.973" errors="0">
<testcase name="2. Compra 2 Adulto (Diferente) Economy Light - Economy Light - Nombre con caracteres especiales - sin assitence - sin asiento - sin extras › Ejecución completa con reintentos" classname="1TipsNoExtraNoSeat.spec.ts" time="62.681">
<system-out>
Ejecución completa, intento 1 de 5
Ejecutando Booking, intento 1
Fecha de salida seleccionada: { year: [32m'2025'[39m, month: [32m'5'[39m, index: [33m9[39m, value: [33m22[39m }
Ajustando número de pasajeros
Successfully clicked the element: div.price-cabin:has-text("Economy")
Ejecutando fillPassengerAdult 1, intento 1
Ejecutando fillPassengerAdult 2, intento 1
Ejecutando fillContact, intento 1
Ejecutando payWithCard, intento 1
Iframe encontrado.
Ejecutando payWithCard, intento 1
Ejecutando payWithCard, intento 1

</system-out>
</testcase>
<testcase name="3. Compra 2 Adulto (Diferente) Economy Light - Economy Light - Nombre con caracteres especiales - Con assitence TODAS - sin asiento - sin extras › Ejecución completa con reintentos" classname="1TipsNoExtraNoSeat.spec.ts" time="360.217">
<failure message="1TipsNoExtraNoSeat.spec.ts:356:9 Ejecución completa con reintentos" type="FAILURE">
  [chromium] › 1TipsNoExtraNoSeat.spec.ts:356:9 › 3. Compra 2 Adulto (Diferente) Economy Light - Economy Light - Nombre con caracteres especiales - Con assitence TODAS - sin asiento - sin extras › Ejecución completa con reintentos 

    Test timeout of 360000ms exceeded.

    Error: browserContext.close: Test ended.
    Browser logs:

    &lt;launching&gt; C:\Users\SofiaMartínezLópez\AppData\Local\ms-playwright\chromium_headless_shell-1148\chrome-win\headless_shell.exe --disable-field-trial-config --disable-background-networking --disable-background-timer-throttling --disable-backgrounding-occluded-windows --disable-back-forward-cache --disable-breakpad --disable-client-side-phishing-detection --disable-component-extensions-with-background-pages --disable-component-update --no-default-browser-check --disable-default-apps --disable-dev-shm-usage --disable-extensions --disable-features=ImprovedCookieControls,LazyFrameLoading,GlobalMediaControls,DestroyProfileOnBrowserClose,MediaRouter,DialMediaRouteProvider,AcceptCHFrame,AutoExpandDetailsElement,CertificateTransparencyComponentUpdater,AvoidUnnecessaryBeforeUnloadCheckSync,Translate,HttpsUpgrades,PaintHolding,ThirdPartyStoragePartitioning,LensOverlay,PlzDedicatedWorker --allow-pre-commit-input --disable-hang-monitor --disable-ipc-flooding-protection --disable-popup-blocking --disable-prompt-on-repost --disable-renderer-backgrounding --force-color-profile=srgb --metrics-recording-only --no-first-run --enable-automation --password-store=basic --use-mock-keychain --no-service-autorun --export-tagged-pdf --disable-search-engine-choice-screen --unsafely-disable-devtools-self-xss-warnings --headless --hide-scrollbars --mute-audio --blink-settings=primaryHoverType=2,availableHoverTypes=2,primaryPointerType=4,availablePointerTypes=4 --no-sandbox --user-data-dir=C:\Users\SOFIAM~1\AppData\Local\Temp\playwright_chromiumdev_profile-om7lNK --remote-debugging-pipe --no-startup-window
    &lt;launched&gt; pid=12292
    [pid=12292] &lt;gracefully close start&gt;

      243 |   } finally {
      244 |     if (page) await page.close();
    &gt; 245 |     if (context) await context.close();
          |                  ^
      246 |   }
      247 |
      248 |   return shouldContinueTests; // Return the status of the test execution
        at executeTests (C:\playwright-project\src\tests\1TipsNoExtraNoSeat.spec.ts:245:18)
        at C:\playwright-project\src\tests\1TipsNoExtraNoSeat.spec.ts:368:29

    attachment #1: screenshot (image/png) ──────────────────────────────────────────────────────────
    test-results\1TipsNoExtraNoSeat-3-Compr-37b7a-ión-completa-con-reintentos-chromium\test-failed-1.png
    ────────────────────────────────────────────────────────────────────────────────────────────────

</failure>
<system-out>
Ejecución completa, intento 1 de 5
Ejecutando Booking, intento 1
Fecha de salida seleccionada: { year: [32m'2025'[39m, month: [32m'5'[39m, index: [33m5[39m, value: [33m13[39m }
Ajustando número de pasajeros
Successfully clicked the element: div.price-cabin:has-text("Economy")
Ejecutando fillPassengerAdult 1, intento 1
Ejecutando fillPassengerAdult 2, intento 1
Ejecutando fillContact, intento 1
Ejecutando payWithCard, intento 1
Ejecutando payWithCard, intento 2
Ejecutando payWithCard, intento 3
Ejecución completa, intento 2 de 5
Ejecutando Booking, intento 1
Fecha de salida seleccionada: { year: [32m'2025'[39m, month: [32m'6'[39m, index: [33m3[39m, value: [33m10[39m }
Ajustando número de pasajeros
Successfully clicked the element: div.price-cabin:has-text("Economy")
Ejecutando fillPassengerAdult 1, intento 1
Ejecutando fillPassengerAdult 2, intento 1
Ejecutando fillContact, intento 1
Ejecutando payWithCard, intento 1
Ejecutando payWithCard, intento 2
Ejecutando payWithCard, intento 3

</system-out>
<system-err>
Error while handling iframe payment: page.waitForSelector: Timeout 60000ms exceeded.
Call log:
[2m  - waiting for locator('iframe[title="Iframe for expiry date"]') to be visible[22m

    at payWithCard [90m(C:\playwright-project\[39msrc\page-objects\paymentPage.ts:4:20[90m)[39m
    at payWithCardInformation [90m(C:\playwright-project\[39msrc\tests\1TipsNoExtraNoSeat.spec.ts:83:22[90m)[39m
    at fn [90m(C:\playwright-project\[39msrc\tests\1TipsNoExtraNoSeat.spec.ts:210:17[90m)[39m
    at runWithRetries [90m(C:\playwright-project\[39msrc\tests\1TipsNoExtraNoSeat.spec.ts:119:13[90m)[39m
    at executeTests [90m(C:\playwright-project\[39msrc\tests\1TipsNoExtraNoSeat.spec.ts:209:37[90m)[39m
    at [90mC:\playwright-project\[39msrc\tests\1TipsNoExtraNoSeat.spec.ts:368:29 {
  name: [32m'TimeoutError'[39m,
  [[32mSymbol(step)[39m]: {
    stepId: [32m'pw:api@86'[39m,
    location: {
      file: [32m'C:\\playwright-project\\src\\page-objects\\paymentPage.ts'[39m,
      line: [33m4[39m,
      column: [33m20[39m,
      function: [32m'payWithCard'[39m
    },
    category: [32m'pw:api'[39m,
    title: [32m'page.waitForSelector(iframe[title="Iframe for expiry date"])'[39m,
    apiName: [32m'page.waitForSelector'[39m,
    params: {
      selector: [32m'iframe[title="Iframe for expiry date"]'[39m,
      timeout: [33m60000[39m
    },
    boxedStack: [90mundefined[39m,
    steps: [],
    complete: [36m[Function: complete][39m,
    endWallTime: [33m1736495521728[39m,
    error: {
      message: [32m'TimeoutError: page.waitForSelector: Timeout 60000ms exceeded.\n'[39m +
        [32m'Call log:\n'[39m +
        [32m`\x1B[2m  - waiting for locator('iframe[title="Iframe for expiry date"]') to be visible\x1B[22m\n`[39m,
      stack: [32m'TimeoutError: page.waitForSelector: Timeout 60000ms exceeded.\n'[39m +
        [32m'Call log:\n'[39m +
        [32m`\x1B[2m  - waiting for locator('iframe[title="Iframe for expiry date"]') to be visible\x1B[22m\n`[39m +
        [32m'\n'[39m +
        [32m'    at payWithCard (C:\\playwright-project\\src\\page-objects\\paymentPage.ts:4:20)\n'[39m +
        [32m'    at payWithCardInformation (C:\\playwright-project\\src\\tests\\1TipsNoExtraNoSeat.spec.ts:83:22)\n'[39m +
        [32m'    at fn (C:\\playwright-project\\src\\tests\\1TipsNoExtraNoSeat.spec.ts:210:17)\n'[39m +
        [32m'    at runWithRetries (C:\\playwright-project\\src\\tests\\1TipsNoExtraNoSeat.spec.ts:119:13)\n'[39m +
        [32m'    at executeTests (C:\\playwright-project\\src\\tests\\1TipsNoExtraNoSeat.spec.ts:209:37)\n'[39m +
        [32m'    at C:\\playwright-project\\src\\tests\\1TipsNoExtraNoSeat.spec.ts:368:29'[39m,
      cause: [90mundefined[39m
    }
  }
}
Intento 1 fallido en payWithCard: page.waitForSelector: Timeout 60000ms exceeded.
Call log:
[2m  - waiting for locator('iframe[title="Iframe for expiry date"]') to be visible[22m

    at payWithCard [90m(C:\playwright-project\[39msrc\page-objects\paymentPage.ts:4:20[90m)[39m
    at payWithCardInformation [90m(C:\playwright-project\[39msrc\tests\1TipsNoExtraNoSeat.spec.ts:83:22[90m)[39m
    at fn [90m(C:\playwright-project\[39msrc\tests\1TipsNoExtraNoSeat.spec.ts:210:17[90m)[39m
    at runWithRetries [90m(C:\playwright-project\[39msrc\tests\1TipsNoExtraNoSeat.spec.ts:119:13[90m)[39m
    at executeTests [90m(C:\playwright-project\[39msrc\tests\1TipsNoExtraNoSeat.spec.ts:209:37[90m)[39m
    at [90mC:\playwright-project\[39msrc\tests\1TipsNoExtraNoSeat.spec.ts:368:29 {
  name: [32m'TimeoutError'[39m,
  [[32mSymbol(step)[39m]: {
    stepId: [32m'pw:api@86'[39m,
    location: {
      file: [32m'C:\\playwright-project\\src\\page-objects\\paymentPage.ts'[39m,
      line: [33m4[39m,
      column: [33m20[39m,
      function: [32m'payWithCard'[39m
    },
    category: [32m'pw:api'[39m,
    title: [32m'page.waitForSelector(iframe[title="Iframe for expiry date"])'[39m,
    apiName: [32m'page.waitForSelector'[39m,
    params: {
      selector: [32m'iframe[title="Iframe for expiry date"]'[39m,
      timeout: [33m60000[39m
    },
    boxedStack: [90mundefined[39m,
    steps: [],
    complete: [36m[Function: complete][39m,
    endWallTime: [33m1736495521728[39m,
    error: {
      message: [32m'TimeoutError: page.waitForSelector: Timeout 60000ms exceeded.\n'[39m +
        [32m'Call log:\n'[39m +
        [32m`\x1B[2m  - waiting for locator('iframe[title="Iframe for expiry date"]') to be visible\x1B[22m\n`[39m,
      stack: [32m'TimeoutError: page.waitForSelector: Timeout 60000ms exceeded.\n'[39m +
        [32m'Call log:\n'[39m +
        [32m`\x1B[2m  - waiting for locator('iframe[title="Iframe for expiry date"]') to be visible\x1B[22m\n`[39m +
        [32m'\n'[39m +
        [32m'    at payWithCard (C:\\playwright-project\\src\\page-objects\\paymentPage.ts:4:20)\n'[39m +
        [32m'    at payWithCardInformation (C:\\playwright-project\\src\\tests\\1TipsNoExtraNoSeat.spec.ts:83:22)\n'[39m +
        [32m'    at fn (C:\\playwright-project\\src\\tests\\1TipsNoExtraNoSeat.spec.ts:210:17)\n'[39m +
        [32m'    at runWithRetries (C:\\playwright-project\\src\\tests\\1TipsNoExtraNoSeat.spec.ts:119:13)\n'[39m +
        [32m'    at executeTests (C:\\playwright-project\\src\\tests\\1TipsNoExtraNoSeat.spec.ts:209:37)\n'[39m +
        [32m'    at C:\\playwright-project\\src\\tests\\1TipsNoExtraNoSeat.spec.ts:368:29'[39m,
      cause: [90mundefined[39m
    }
  }
}
Error while handling iframe payment: page.waitForSelector: Timeout 60000ms exceeded.
Call log:
[2m  - waiting for locator('iframe[title="Iframe for expiry date"]') to be visible[22m

    at payWithCard [90m(C:\playwright-project\[39msrc\page-objects\paymentPage.ts:4:20[90m)[39m
    at payWithCardInformation [90m(C:\playwright-project\[39msrc\tests\1TipsNoExtraNoSeat.spec.ts:83:22[90m)[39m
    at fn [90m(C:\playwright-project\[39msrc\tests\1TipsNoExtraNoSeat.spec.ts:210:17[90m)[39m
    at runWithRetries [90m(C:\playwright-project\[39msrc\tests\1TipsNoExtraNoSeat.spec.ts:119:13[90m)[39m
    at executeTests [90m(C:\playwright-project\[39msrc\tests\1TipsNoExtraNoSeat.spec.ts:209:31[90m)[39m
    at [90mC:\playwright-project\[39msrc\tests\1TipsNoExtraNoSeat.spec.ts:368:29 {
  name: [32m'TimeoutError'[39m,
  [[32mSymbol(step)[39m]: {
    stepId: [32m'pw:api@87'[39m,
    location: {
      file: [32m'C:\\playwright-project\\src\\page-objects\\paymentPage.ts'[39m,
      line: [33m4[39m,
      column: [33m20[39m,
      function: [32m'payWithCard'[39m
    },
    category: [32m'pw:api'[39m,
    title: [32m'page.waitForSelector(iframe[title="Iframe for expiry date"])'[39m,
    apiName: [32m'page.waitForSelector'[39m,
    params: {
      selector: [32m'iframe[title="Iframe for expiry date"]'[39m,
      timeout: [33m60000[39m
    },
    boxedStack: [90mundefined[39m,
    steps: [],
    complete: [36m[Function: complete][39m,
    endWallTime: [33m1736495581754[39m,
    error: {
      message: [32m'TimeoutError: page.waitForSelector: Timeout 60000ms exceeded.\n'[39m +
        [32m'Call log:\n'[39m +
        [32m`\x1B[2m  - waiting for locator('iframe[title="Iframe for expiry date"]') to be visible\x1B[22m\n`[39m,
      stack: [32m'TimeoutError: page.waitForSelector: Timeout 60000ms exceeded.\n'[39m +
        [32m'Call log:\n'[39m +
        [32m`\x1B[2m  - waiting for locator('iframe[title="Iframe for expiry date"]') to be visible\x1B[22m\n`[39m +
        [32m'\n'[39m +
        [32m'    at payWithCard (C:\\playwright-project\\src\\page-objects\\paymentPage.ts:4:20)\n'[39m +
        [32m'    at payWithCardInformation (C:\\playwright-project\\src\\tests\\1TipsNoExtraNoSeat.spec.ts:83:22)\n'[39m +
        [32m'    at fn (C:\\playwright-project\\src\\tests\\1TipsNoExtraNoSeat.spec.ts:210:17)\n'[39m +
        [32m'    at runWithRetries (C:\\playwright-project\\src\\tests\\1TipsNoExtraNoSeat.spec.ts:119:13)\n'[39m +
        [32m'    at executeTests (C:\\playwright-project\\src\\tests\\1TipsNoExtraNoSeat.spec.ts:209:31)\n'[39m +
        [32m'    at C:\\playwright-project\\src\\tests\\1TipsNoExtraNoSeat.spec.ts:368:29'[39m,
      cause: [90mundefined[39m
    }
  }
}
Intento 2 fallido en payWithCard: page.waitForSelector: Timeout 60000ms exceeded.
Call log:
[2m  - waiting for locator('iframe[title="Iframe for expiry date"]') to be visible[22m

    at payWithCard [90m(C:\playwright-project\[39msrc\page-objects\paymentPage.ts:4:20[90m)[39m
    at payWithCardInformation [90m(C:\playwright-project\[39msrc\tests\1TipsNoExtraNoSeat.spec.ts:83:22[90m)[39m
    at fn [90m(C:\playwright-project\[39msrc\tests\1TipsNoExtraNoSeat.spec.ts:210:17[90m)[39m
    at runWithRetries [90m(C:\playwright-project\[39msrc\tests\1TipsNoExtraNoSeat.spec.ts:119:13[90m)[39m
    at executeTests [90m(C:\playwright-project\[39msrc\tests\1TipsNoExtraNoSeat.spec.ts:209:31[90m)[39m
    at [90mC:\playwright-project\[39msrc\tests\1TipsNoExtraNoSeat.spec.ts:368:29 {
  name: [32m'TimeoutError'[39m,
  [[32mSymbol(step)[39m]: {
    stepId: [32m'pw:api@87'[39m,
    location: {
      file: [32m'C:\\playwright-project\\src\\page-objects\\paymentPage.ts'[39m,
      line: [33m4[39m,
      column: [33m20[39m,
      function: [32m'payWithCard'[39m
    },
    category: [32m'pw:api'[39m,
    title: [32m'page.waitForSelector(iframe[title="Iframe for expiry date"])'[39m,
    apiName: [32m'page.waitForSelector'[39m,
    params: {
      selector: [32m'iframe[title="Iframe for expiry date"]'[39m,
      timeout: [33m60000[39m
    },
    boxedStack: [90mundefined[39m,
    steps: [],
    complete: [36m[Function: complete][39m,
    endWallTime: [33m1736495581754[39m,
    error: {
      message: [32m'TimeoutError: page.waitForSelector: Timeout 60000ms exceeded.\n'[39m +
        [32m'Call log:\n'[39m +
        [32m`\x1B[2m  - waiting for locator('iframe[title="Iframe for expiry date"]') to be visible\x1B[22m\n`[39m,
      stack: [32m'TimeoutError: page.waitForSelector: Timeout 60000ms exceeded.\n'[39m +
        [32m'Call log:\n'[39m +
        [32m`\x1B[2m  - waiting for locator('iframe[title="Iframe for expiry date"]') to be visible\x1B[22m\n`[39m +
        [32m'\n'[39m +
        [32m'    at payWithCard (C:\\playwright-project\\src\\page-objects\\paymentPage.ts:4:20)\n'[39m +
        [32m'    at payWithCardInformation (C:\\playwright-project\\src\\tests\\1TipsNoExtraNoSeat.spec.ts:83:22)\n'[39m +
        [32m'    at fn (C:\\playwright-project\\src\\tests\\1TipsNoExtraNoSeat.spec.ts:210:17)\n'[39m +
        [32m'    at runWithRetries (C:\\playwright-project\\src\\tests\\1TipsNoExtraNoSeat.spec.ts:119:13)\n'[39m +
        [32m'    at executeTests (C:\\playwright-project\\src\\tests\\1TipsNoExtraNoSeat.spec.ts:209:31)\n'[39m +
        [32m'    at C:\\playwright-project\\src\\tests\\1TipsNoExtraNoSeat.spec.ts:368:29'[39m,
      cause: [90mundefined[39m
    }
  }
}
Error while handling iframe payment: page.waitForSelector: Timeout 60000ms exceeded.
Call log:
[2m  - waiting for locator('iframe[title="Iframe for expiry date"]') to be visible[22m

    at payWithCard [90m(C:\playwright-project\[39msrc\page-objects\paymentPage.ts:4:20[90m)[39m
    at payWithCardInformation [90m(C:\playwright-project\[39msrc\tests\1TipsNoExtraNoSeat.spec.ts:83:22[90m)[39m
    at fn [90m(C:\playwright-project\[39msrc\tests\1TipsNoExtraNoSeat.spec.ts:210:17[90m)[39m
    at runWithRetries [90m(C:\playwright-project\[39msrc\tests\1TipsNoExtraNoSeat.spec.ts:119:13[90m)[39m
    at executeTests [90m(C:\playwright-project\[39msrc\tests\1TipsNoExtraNoSeat.spec.ts:209:31[90m)[39m
    at [90mC:\playwright-project\[39msrc\tests\1TipsNoExtraNoSeat.spec.ts:368:29 {
  name: [32m'TimeoutError'[39m,
  [[32mSymbol(step)[39m]: {
    stepId: [32m'pw:api@88'[39m,
    location: {
      file: [32m'C:\\playwright-project\\src\\page-objects\\paymentPage.ts'[39m,
      line: [33m4[39m,
      column: [33m20[39m,
      function: [32m'payWithCard'[39m
    },
    category: [32m'pw:api'[39m,
    title: [32m'page.waitForSelector(iframe[title="Iframe for expiry date"])'[39m,
    apiName: [32m'page.waitForSelector'[39m,
    params: {
      selector: [32m'iframe[title="Iframe for expiry date"]'[39m,
      timeout: [33m60000[39m
    },
    boxedStack: [90mundefined[39m,
    steps: [],
    complete: [36m[Function: complete][39m,
    endWallTime: [33m1736495641763[39m,
    error: {
      message: [32m'TimeoutError: page.waitForSelector: Timeout 60000ms exceeded.\n'[39m +
        [32m'Call log:\n'[39m +
        [32m`\x1B[2m  - waiting for locator('iframe[title="Iframe for expiry date"]') to be visible\x1B[22m\n`[39m,
      stack: [32m'TimeoutError: page.waitForSelector: Timeout 60000ms exceeded.\n'[39m +
        [32m'Call log:\n'[39m +
        [32m`\x1B[2m  - waiting for locator('iframe[title="Iframe for expiry date"]') to be visible\x1B[22m\n`[39m +
        [32m'\n'[39m +
        [32m'    at payWithCard (C:\\playwright-project\\src\\page-objects\\paymentPage.ts:4:20)\n'[39m +
        [32m'    at payWithCardInformation (C:\\playwright-project\\src\\tests\\1TipsNoExtraNoSeat.spec.ts:83:22)\n'[39m +
        [32m'    at fn (C:\\playwright-project\\src\\tests\\1TipsNoExtraNoSeat.spec.ts:210:17)\n'[39m +
        [32m'    at runWithRetries (C:\\playwright-project\\src\\tests\\1TipsNoExtraNoSeat.spec.ts:119:13)\n'[39m +
        [32m'    at executeTests (C:\\playwright-project\\src\\tests\\1TipsNoExtraNoSeat.spec.ts:209:31)\n'[39m +
        [32m'    at C:\\playwright-project\\src\\tests\\1TipsNoExtraNoSeat.spec.ts:368:29'[39m,
      cause: [90mundefined[39m
    }
  }
}
Intento 3 fallido en payWithCard: page.waitForSelector: Timeout 60000ms exceeded.
Call log:
[2m  - waiting for locator('iframe[title="Iframe for expiry date"]') to be visible[22m

    at payWithCard [90m(C:\playwright-project\[39msrc\page-objects\paymentPage.ts:4:20[90m)[39m
    at payWithCardInformation [90m(C:\playwright-project\[39msrc\tests\1TipsNoExtraNoSeat.spec.ts:83:22[90m)[39m
    at fn [90m(C:\playwright-project\[39msrc\tests\1TipsNoExtraNoSeat.spec.ts:210:17[90m)[39m
    at runWithRetries [90m(C:\playwright-project\[39msrc\tests\1TipsNoExtraNoSeat.spec.ts:119:13[90m)[39m
    at executeTests [90m(C:\playwright-project\[39msrc\tests\1TipsNoExtraNoSeat.spec.ts:209:31[90m)[39m
    at [90mC:\playwright-project\[39msrc\tests\1TipsNoExtraNoSeat.spec.ts:368:29 {
  name: [32m'TimeoutError'[39m,
  [[32mSymbol(step)[39m]: {
    stepId: [32m'pw:api@88'[39m,
    location: {
      file: [32m'C:\\playwright-project\\src\\page-objects\\paymentPage.ts'[39m,
      line: [33m4[39m,
      column: [33m20[39m,
      function: [32m'payWithCard'[39m
    },
    category: [32m'pw:api'[39m,
    title: [32m'page.waitForSelector(iframe[title="Iframe for expiry date"])'[39m,
    apiName: [32m'page.waitForSelector'[39m,
    params: {
      selector: [32m'iframe[title="Iframe for expiry date"]'[39m,
      timeout: [33m60000[39m
    },
    boxedStack: [90mundefined[39m,
    steps: [],
    complete: [36m[Function: complete][39m,
    endWallTime: [33m1736495641763[39m,
    error: {
      message: [32m'TimeoutError: page.waitForSelector: Timeout 60000ms exceeded.\n'[39m +
        [32m'Call log:\n'[39m +
        [32m`\x1B[2m  - waiting for locator('iframe[title="Iframe for expiry date"]') to be visible\x1B[22m\n`[39m,
      stack: [32m'TimeoutError: page.waitForSelector: Timeout 60000ms exceeded.\n'[39m +
        [32m'Call log:\n'[39m +
        [32m`\x1B[2m  - waiting for locator('iframe[title="Iframe for expiry date"]') to be visible\x1B[22m\n`[39m +
        [32m'\n'[39m +
        [32m'    at payWithCard (C:\\playwright-project\\src\\page-objects\\paymentPage.ts:4:20)\n'[39m +
        [32m'    at payWithCardInformation (C:\\playwright-project\\src\\tests\\1TipsNoExtraNoSeat.spec.ts:83:22)\n'[39m +
        [32m'    at fn (C:\\playwright-project\\src\\tests\\1TipsNoExtraNoSeat.spec.ts:210:17)\n'[39m +
        [32m'    at runWithRetries (C:\\playwright-project\\src\\tests\\1TipsNoExtraNoSeat.spec.ts:119:13)\n'[39m +
        [32m'    at executeTests (C:\\playwright-project\\src\\tests\\1TipsNoExtraNoSeat.spec.ts:209:31)\n'[39m +
        [32m'    at C:\\playwright-project\\src\\tests\\1TipsNoExtraNoSeat.spec.ts:368:29'[39m,
      cause: [90mundefined[39m
    }
  }
}
Prueba payWithCard fallida después de 3 intentos.
Error while handling iframe payment: page.waitForSelector: Timeout 60000ms exceeded.
Call log:
[2m  - waiting for locator('iframe[title="Iframe for expiry date"]') to be visible[22m

    at payWithCard [90m(C:\playwright-project\[39msrc\page-objects\paymentPage.ts:4:20[90m)[39m
    at payWithCardInformation [90m(C:\playwright-project\[39msrc\tests\1TipsNoExtraNoSeat.spec.ts:83:22[90m)[39m
    at fn [90m(C:\playwright-project\[39msrc\tests\1TipsNoExtraNoSeat.spec.ts:210:17[90m)[39m
    at runWithRetries [90m(C:\playwright-project\[39msrc\tests\1TipsNoExtraNoSeat.spec.ts:119:13[90m)[39m
    at executeTests [90m(C:\playwright-project\[39msrc\tests\1TipsNoExtraNoSeat.spec.ts:209:37[90m)[39m
    at [90mC:\playwright-project\[39msrc\tests\1TipsNoExtraNoSeat.spec.ts:368:29 {
  name: [32m'TimeoutError'[39m,
  [[32mSymbol(step)[39m]: {
    stepId: [32m'pw:api@176'[39m,
    location: {
      file: [32m'C:\\playwright-project\\src\\page-objects\\paymentPage.ts'[39m,
      line: [33m4[39m,
      column: [33m20[39m,
      function: [32m'payWithCard'[39m
    },
    category: [32m'pw:api'[39m,
    title: [32m'page.waitForSelector(iframe[title="Iframe for expiry date"])'[39m,
    apiName: [32m'page.waitForSelector'[39m,
    params: {
      selector: [32m'iframe[title="Iframe for expiry date"]'[39m,
      timeout: [33m60000[39m
    },
    boxedStack: [90mundefined[39m,
    steps: [],
    complete: [36m[Function: complete][39m,
    endWallTime: [33m1736495748089[39m,
    error: {
      message: [32m'TimeoutError: page.waitForSelector: Timeout 60000ms exceeded.\n'[39m +
        [32m'Call log:\n'[39m +
        [32m`\x1B[2m  - waiting for locator('iframe[title="Iframe for expiry date"]') to be visible\x1B[22m\n`[39m,
      stack: [32m'TimeoutError: page.waitForSelector: Timeout 60000ms exceeded.\n'[39m +
        [32m'Call log:\n'[39m +
        [32m`\x1B[2m  - waiting for locator('iframe[title="Iframe for expiry date"]') to be visible\x1B[22m\n`[39m +
        [32m'\n'[39m +
        [32m'    at payWithCard (C:\\playwright-project\\src\\page-objects\\paymentPage.ts:4:20)\n'[39m +
        [32m'    at payWithCardInformation (C:\\playwright-project\\src\\tests\\1TipsNoExtraNoSeat.spec.ts:83:22)\n'[39m +
        [32m'    at fn (C:\\playwright-project\\src\\tests\\1TipsNoExtraNoSeat.spec.ts:210:17)\n'[39m +
        [32m'    at runWithRetries (C:\\playwright-project\\src\\tests\\1TipsNoExtraNoSeat.spec.ts:119:13)\n'[39m +
        [32m'    at executeTests (C:\\playwright-project\\src\\tests\\1TipsNoExtraNoSeat.spec.ts:209:37)\n'[39m +
        [32m'    at C:\\playwright-project\\src\\tests\\1TipsNoExtraNoSeat.spec.ts:368:29'[39m,
      cause: [90mundefined[39m
    }
  }
}
Intento 1 fallido en payWithCard: page.waitForSelector: Timeout 60000ms exceeded.
Call log:
[2m  - waiting for locator('iframe[title="Iframe for expiry date"]') to be visible[22m

    at payWithCard [90m(C:\playwright-project\[39msrc\page-objects\paymentPage.ts:4:20[90m)[39m
    at payWithCardInformation [90m(C:\playwright-project\[39msrc\tests\1TipsNoExtraNoSeat.spec.ts:83:22[90m)[39m
    at fn [90m(C:\playwright-project\[39msrc\tests\1TipsNoExtraNoSeat.spec.ts:210:17[90m)[39m
    at runWithRetries [90m(C:\playwright-project\[39msrc\tests\1TipsNoExtraNoSeat.spec.ts:119:13[90m)[39m
    at executeTests [90m(C:\playwright-project\[39msrc\tests\1TipsNoExtraNoSeat.spec.ts:209:37[90m)[39m
    at [90mC:\playwright-project\[39msrc\tests\1TipsNoExtraNoSeat.spec.ts:368:29 {
  name: [32m'TimeoutError'[39m,
  [[32mSymbol(step)[39m]: {
    stepId: [32m'pw:api@176'[39m,
    location: {
      file: [32m'C:\\playwright-project\\src\\page-objects\\paymentPage.ts'[39m,
      line: [33m4[39m,
      column: [33m20[39m,
      function: [32m'payWithCard'[39m
    },
    category: [32m'pw:api'[39m,
    title: [32m'page.waitForSelector(iframe[title="Iframe for expiry date"])'[39m,
    apiName: [32m'page.waitForSelector'[39m,
    params: {
      selector: [32m'iframe[title="Iframe for expiry date"]'[39m,
      timeout: [33m60000[39m
    },
    boxedStack: [90mundefined[39m,
    steps: [],
    complete: [36m[Function: complete][39m,
    endWallTime: [33m1736495748089[39m,
    error: {
      message: [32m'TimeoutError: page.waitForSelector: Timeout 60000ms exceeded.\n'[39m +
        [32m'Call log:\n'[39m +
        [32m`\x1B[2m  - waiting for locator('iframe[title="Iframe for expiry date"]') to be visible\x1B[22m\n`[39m,
      stack: [32m'TimeoutError: page.waitForSelector: Timeout 60000ms exceeded.\n'[39m +
        [32m'Call log:\n'[39m +
        [32m`\x1B[2m  - waiting for locator('iframe[title="Iframe for expiry date"]') to be visible\x1B[22m\n`[39m +
        [32m'\n'[39m +
        [32m'    at payWithCard (C:\\playwright-project\\src\\page-objects\\paymentPage.ts:4:20)\n'[39m +
        [32m'    at payWithCardInformation (C:\\playwright-project\\src\\tests\\1TipsNoExtraNoSeat.spec.ts:83:22)\n'[39m +
        [32m'    at fn (C:\\playwright-project\\src\\tests\\1TipsNoExtraNoSeat.spec.ts:210:17)\n'[39m +
        [32m'    at runWithRetries (C:\\playwright-project\\src\\tests\\1TipsNoExtraNoSeat.spec.ts:119:13)\n'[39m +
        [32m'    at executeTests (C:\\playwright-project\\src\\tests\\1TipsNoExtraNoSeat.spec.ts:209:37)\n'[39m +
        [32m'    at C:\\playwright-project\\src\\tests\\1TipsNoExtraNoSeat.spec.ts:368:29'[39m,
      cause: [90mundefined[39m
    }
  }
}
Error while handling iframe payment: page.waitForSelector: Test ended.
Call log:
[2m  - waiting for locator('iframe[title="Iframe for expiry date"]') to be visible[22m

    at payWithCard [90m(C:\playwright-project\[39msrc\page-objects\paymentPage.ts:4:20[90m)[39m
    at payWithCardInformation [90m(C:\playwright-project\[39msrc\tests\1TipsNoExtraNoSeat.spec.ts:83:22[90m)[39m
    at fn [90m(C:\playwright-project\[39msrc\tests\1TipsNoExtraNoSeat.spec.ts:210:17[90m)[39m
    at runWithRetries [90m(C:\playwright-project\[39msrc\tests\1TipsNoExtraNoSeat.spec.ts:119:13[90m)[39m
    at executeTests [90m(C:\playwright-project\[39msrc\tests\1TipsNoExtraNoSeat.spec.ts:209:31[90m)[39m
    at [90mC:\playwright-project\[39msrc\tests\1TipsNoExtraNoSeat.spec.ts:368:29
Intento 2 fallido en payWithCard: page.waitForSelector: Test ended.
Call log:
[2m  - waiting for locator('iframe[title="Iframe for expiry date"]') to be visible[22m

    at payWithCard [90m(C:\playwright-project\[39msrc\page-objects\paymentPage.ts:4:20[90m)[39m
    at payWithCardInformation [90m(C:\playwright-project\[39msrc\tests\1TipsNoExtraNoSeat.spec.ts:83:22[90m)[39m
    at fn [90m(C:\playwright-project\[39msrc\tests\1TipsNoExtraNoSeat.spec.ts:210:17[90m)[39m
    at runWithRetries [90m(C:\playwright-project\[39msrc\tests\1TipsNoExtraNoSeat.spec.ts:119:13[90m)[39m
    at executeTests [90m(C:\playwright-project\[39msrc\tests\1TipsNoExtraNoSeat.spec.ts:209:31[90m)[39m
    at [90mC:\playwright-project\[39msrc\tests\1TipsNoExtraNoSeat.spec.ts:368:29
Error while handling iframe payment: page.waitForSelector: Target page, context or browser has been closed
    at payWithCard [90m(C:\playwright-project\[39msrc\page-objects\paymentPage.ts:4:20[90m)[39m
    at payWithCardInformation [90m(C:\playwright-project\[39msrc\tests\1TipsNoExtraNoSeat.spec.ts:83:22[90m)[39m
    at fn [90m(C:\playwright-project\[39msrc\tests\1TipsNoExtraNoSeat.spec.ts:210:17[90m)[39m
    at runWithRetries [90m(C:\playwright-project\[39msrc\tests\1TipsNoExtraNoSeat.spec.ts:119:13[90m)[39m
    at executeTests [90m(C:\playwright-project\[39msrc\tests\1TipsNoExtraNoSeat.spec.ts:209:31[90m)[39m
    at [90mC:\playwright-project\[39msrc\tests\1TipsNoExtraNoSeat.spec.ts:368:29
Intento 3 fallido en payWithCard: page.waitForSelector: Target page, context or browser has been closed
    at payWithCard [90m(C:\playwright-project\[39msrc\page-objects\paymentPage.ts:4:20[90m)[39m
    at payWithCardInformation [90m(C:\playwright-project\[39msrc\tests\1TipsNoExtraNoSeat.spec.ts:83:22[90m)[39m
    at fn [90m(C:\playwright-project\[39msrc\tests\1TipsNoExtraNoSeat.spec.ts:210:17[90m)[39m
    at runWithRetries [90m(C:\playwright-project\[39msrc\tests\1TipsNoExtraNoSeat.spec.ts:119:13[90m)[39m
    at executeTests [90m(C:\playwright-project\[39msrc\tests\1TipsNoExtraNoSeat.spec.ts:209:31[90m)[39m
    at [90mC:\playwright-project\[39msrc\tests\1TipsNoExtraNoSeat.spec.ts:368:29
Error crítico durante la ejecución: page.screenshot: Target page, context or browser has been closed
    at runWithRetries [90m(C:\playwright-project\[39msrc\tests\1TipsNoExtraNoSeat.spec.ts:124:20[90m)[39m
    at executeTests [90m(C:\playwright-project\[39msrc\tests\1TipsNoExtraNoSeat.spec.ts:209:31[90m)[39m
    at [90mC:\playwright-project\[39msrc\tests\1TipsNoExtraNoSeat.spec.ts:368:29

Warning: attachment 1TipsNoExtraNoSeat-3-Compr-37b7a-ión-completa-con-reintentos-chromium\test-failed-1.png is missing
</system-err>
</testcase>
<testcase name="6. Compra 1 Adulto - 3 niño - Economy Light - Economy Light - Nombre con caracteres especiales - con assitence - sin asiento - sin extras › Ejecución completa con reintentos" classname="1TipsNoExtraNoSeat.spec.ts" time="76.048">
<system-out>
Ejecución completa, intento 1 de 5
Ejecutando Booking, intento 1
Fecha de salida seleccionada: { year: [32m'2025'[39m, month: [32m'4'[39m, index: [33m11[39m, value: [33m26[39m }
Ajustando número de pasajeros
Successfully clicked the element: div.price-cabin:has-text("Economy")
Ejecutando fillPassengerAdult 1, intento 1
Ejecutando fillPassengerChild 1, intento 1
Ejecutando fillPassengerChild 2, intento 1
Ejecutando fillPassengerChild 3, intento 1
Ejecutando fillContact, intento 1
Ejecutando payWithCard, intento 1
Iframe encontrado.
Ejecutando payWithCard, intento 1
Ejecutando payWithCard, intento 1

</system-out>
</testcase>
<testcase name="7. Compra 1 Adulto - 1 infante - Economy Light- Nombre con caracteres especiales - sin asiento - sin extras › Ejecución completa con reintentos" classname="1TipsNoExtraNoSeat.spec.ts" time="50.415">
<system-out>
Ejecución completa, intento 1 de 5
Ejecutando Booking, intento 1
Fecha de salida seleccionada: { year: [32m'2025'[39m, month: [32m'5'[39m, index: [33m3[39m, value: [33m8[39m }
Ajustando número de pasajeros
Successfully clicked the element: div.price-cabin:has-text("Economy")
Ejecutando fillPassengerAdult 1, intento 1
Ejecutando fillPassengerInfant 1, intento 1
Ejecutando fillContact, intento 1
Ejecutando payWithCard, intento 1
Iframe encontrado.
Ejecutando payWithCard, intento 1
Ejecutando payWithCard, intento 1

</system-out>
<system-err>
Error while filling passenger data: TypeError: Cannot read properties of undefined (reading 'length')
    at fillPassengerFor [90m(C:\playwright-project\[39msrc\page-objects\PassengerPage.ts:31:27[90m)[39m
    at fillPassengerInformation [90m(C:\playwright-project\[39msrc\tests\1TipsNoExtraNoSeat.spec.ts:74:5[90m)[39m
    at runWithRetries [90m(C:\playwright-project\[39msrc\tests\1TipsNoExtraNoSeat.spec.ts:119:7[90m)[39m
    at executeTests [90m(C:\playwright-project\[39msrc\tests\1TipsNoExtraNoSeat.spec.ts:177:29[90m)[39m
    at [90mC:\playwright-project\[39msrc\tests\1TipsNoExtraNoSeat.spec.ts:550:30
    at [90mC:\playwright-project\[39mnode_modules\[4mplaywright[24m\lib\worker\workerMain.js:339:9
    at [90mC:\playwright-project\[39mnode_modules\[4mplaywright[24m\lib\worker\testInfo.js:286:11
    at TimeoutManager.withRunnable [90m(C:\playwright-project\[39mnode_modules\[4mplaywright[24m\lib\worker\timeoutManager.js:64:14[90m)[39m
    at TestInfoImpl._runAsStage [90m(C:\playwright-project\[39mnode_modules\[4mplaywright[24m\lib\worker\testInfo.js:284:7[90m)[39m
    at [90mC:\playwright-project\[39mnode_modules\[4mplaywright[24m\lib\worker\workerMain.js:331:7
    at [90mC:\playwright-project\[39mnode_modules\[4mplaywright[24m\lib\worker\testInfo.js:286:11
    at TimeoutManager.withRunnable [90m(C:\playwright-project\[39mnode_modules\[4mplaywright[24m\lib\worker\timeoutManager.js:52:27[90m)[39m
    at TestInfoImpl._runAsStage [90m(C:\playwright-project\[39mnode_modules\[4mplaywright[24m\lib\worker\testInfo.js:284:7[90m)[39m
    at WorkerMain._runTest [90m(C:\playwright-project\[39mnode_modules\[4mplaywright[24m\lib\worker\workerMain.js:281:5[90m)[39m
    at WorkerMain.runTestGroup [90m(C:\playwright-project\[39mnode_modules\[4mplaywright[24m\lib\worker\workerMain.js:205:11[90m)[39m
    at process.&lt;anonymous&gt; [90m(C:\playwright-project\[39mnode_modules\[4mplaywright[24m\lib\common\process.js:95:22[90m)[39m

</system-err>
</testcase>
<testcase name="8. Compra 1 Adulto Economy Light - Nombre sin caracteres especiales - sin assitence - sin asiento - sin extras › Ejecución completa con reintentos" classname="1TipsNoExtraNoSeat.spec.ts" time="44.867">
<system-out>
Ejecución completa, intento 1 de 5
Ejecutando Booking, intento 1
Fecha de salida seleccionada: { year: [32m'2025'[39m, month: [32m'5'[39m, index: [33m2[39m, value: [33m6[39m }
Ajustando número de pasajeros
Successfully clicked the element: div.price-cabin:has-text("Economy")
Ejecutando fillPassengerAdult 1, intento 1
Ejecutando fillContact, intento 1
Ejecutando payWithCard, intento 1
Iframe encontrado.
Ejecutando payWithCard, intento 1
Ejecutando payWithCard, intento 1

</system-out>
</testcase>
<testcase name="9. Compra 1 Adulto Economy Comfort - Nombre sin caracteres especiales - sin assitence - sin asiento - sin extras › Ejecución completa con reintentos" classname="1TipsNoExtraNoSeat.spec.ts" time="42.308">
<system-out>
Ejecución completa, intento 1 de 5
Ejecutando Booking, intento 1
Fecha de salida seleccionada: { year: [32m'2025'[39m, month: [32m'6'[39m, index: [33m3[39m, value: [33m10[39m }
Ajustando número de pasajeros
Successfully clicked the element: div.price-cabin:has-text("Economy")
Ejecutando fillPassengerAdult 1, intento 1
Ejecutando fillContact, intento 1
Ejecutando payWithCard, intento 1
Iframe encontrado.
Ejecutando payWithCard, intento 1
Ejecutando payWithCard, intento 1

</system-out>
</testcase>
<testcase name="10. Compra 1 Adulto Economy Extra - Nombre sin caracteres especiales - sin assitence - sin asiento - sin extras › Ejecución completa con reintentos" classname="1TipsNoExtraNoSeat.spec.ts" time="46.254">
<system-out>
Ejecución completa, intento 1 de 5
Ejecutando Booking, intento 1
Fecha de salida seleccionada: { year: [32m'2025'[39m, month: [32m'5'[39m, index: [33m12[39m, value: [33m29[39m }
Ajustando número de pasajeros
Successfully clicked the element: div.price-cabin:has-text("Economy")
Ejecutando fillPassengerAdult 1, intento 1
Ejecutando fillContact, intento 1
Ejecutando payWithCard, intento 1
Iframe encontrado.
Ejecutando payWithCard, intento 1
Ejecutando payWithCard, intento 1

</system-out>
</testcase>
<testcase name="11. Compra 1 Adulto Premium Light- Nombre sin caracteres especiales - sin assitence - sin asiento - sin extras › Ejecución completa con reintentos" classname="1TipsNoExtraNoSeat.spec.ts" time="40.318">
<system-out>
Ejecución completa, intento 1 de 5
Ejecutando Booking, intento 1
Fecha de salida seleccionada: { year: [32m'2025'[39m, month: [32m'5'[39m, index: [33m10[39m, value: [33m24[39m }
Ajustando número de pasajeros
Successfully clicked the element: div.price-cabin:has-text("Premium")
Ejecutando fillPassengerAdult 1, intento 1
Ejecutando fillContact, intento 1
Ejecutando payWithCard, intento 1
Iframe encontrado.
Ejecutando payWithCard, intento 1
Ejecutando payWithCard, intento 1

</system-out>
</testcase>
<testcase name="12. Compra 1 Adulto Premium Light - Nombre sin caracteres especiales - sin assitence - sin asiento - sin extras › Ejecución completa con reintentos" classname="1TipsNoExtraNoSeat.spec.ts" time="37.638">
<system-out>
Ejecución completa, intento 1 de 5
Ejecutando Booking, intento 1
Fecha de salida seleccionada: { year: [32m'2025'[39m, month: [32m'4'[39m, index: [33m11[39m, value: [33m26[39m }
Ajustando número de pasajeros
Successfully clicked the element: div.price-cabin:has-text("Premium")
Ejecutando fillPassengerAdult 1, intento 1
Ejecutando fillContact, intento 1
Ejecutando payWithCard, intento 1
Iframe encontrado.
Ejecutando payWithCard, intento 1
Ejecutando payWithCard, intento 1

</system-out>
</testcase>
<testcase name="13. Compra 1 Adulto Premium Comfort - Nombre sin caracteres especiales - sin assitence - sin asiento - sin extras › Ejecución completa con reintentos" classname="1TipsNoExtraNoSeat.spec.ts" time="41.443">
<system-out>
Ejecución completa, intento 1 de 5
Ejecutando Booking, intento 1
Fecha de salida seleccionada: { year: [32m'2025'[39m, month: [32m'5'[39m, index: [33m5[39m, value: [33m13[39m }
Ajustando número de pasajeros
Successfully clicked the element: div.price-cabin:has-text("Premium")
Ejecutando fillPassengerAdult 1, intento 1
Ejecutando fillContact, intento 1
Ejecutando payWithCard, intento 1
Iframe encontrado.
Ejecutando payWithCard, intento 1
Ejecutando payWithCard, intento 1

</system-out>
</testcase>
<testcase name="14. Compra 1 Adulto Premium Extra - Nombre sin caracteres especiales - sin assitence - sin asiento - sin extras › Ejecución completa con reintentos" classname="1TipsNoExtraNoSeat.spec.ts" time="52.994">
<system-out>
Ejecución completa, intento 1 de 5
Ejecutando Booking, intento 1
Ejecutando Booking, intento 2
Ejecutando Booking, intento 3
Fecha de salida seleccionada: { year: [32m'2025'[39m, month: [32m'5'[39m, index: [33m12[39m, value: [33m29[39m }
Ajustando número de pasajeros
Successfully clicked the element: div.price-cabin:has-text("Premium")
Ejecutando fillPassengerAdult 1, intento 1
Ejecutando fillContact, intento 1
Ejecutando payWithCard, intento 1
Iframe encontrado.
Ejecutando payWithCard, intento 1
Ejecutando payWithCard, intento 1

</system-out>
<system-err>
Error al gestionar el flujo de ida y vuelta: locator.click: Error: strict mode violation: getByLabel('Choose Tuesday, April 29th,') resolved to 2 elements:
    1) &lt;div title="" tabindex="-1" role="option" aria-disabled="false" aria-selected="false" aria-label="Choose Tuesday, April 29th, 2025" class="react-datepicker__day react-datepicker__day--029"&gt;…&lt;/div&gt; aka getByLabel('Month April,').getByLabel('Choose Tuesday, April 29th,')
    2) &lt;div title="" tabindex="-1" role="option" aria-disabled="false" aria-selected="false" aria-label="Choose Tuesday, April 29th, 2025" class="react-datepicker__day react-datepicker__day--029 react-datepicker__day--outside-month"&gt;&lt;/div&gt; aka getByLabel('Month May,').getByLabel('Choose Tuesday, April 29th,')

Call log:
[2m  - waiting for getByLabel('Choose Tuesday, April 29th,')[22m

Intento 1 fallido en Booking: locator.click: Error: strict mode violation: getByLabel('Choose Tuesday, April 29th,') resolved to 2 elements:
    1) &lt;div title="" tabindex="-1" role="option" aria-disabled="false" aria-selected="false" aria-label="Choose Tuesday, April 29th, 2025" class="react-datepicker__day react-datepicker__day--029"&gt;…&lt;/div&gt; aka getByLabel('Month April,').getByLabel('Choose Tuesday, April 29th,')
    2) &lt;div title="" tabindex="-1" role="option" aria-disabled="false" aria-selected="false" aria-label="Choose Tuesday, April 29th, 2025" class="react-datepicker__day react-datepicker__day--029 react-datepicker__day--outside-month"&gt;&lt;/div&gt; aka getByLabel('Month May,').getByLabel('Choose Tuesday, April 29th,')

Call log:
[2m  - waiting for getByLabel('Choose Tuesday, April 29th,')[22m

    at selectRoundTripDates [90m(C:\playwright-project\[39msrc\page-objects\searchPage.ts:91:56[90m)[39m
    at chooseDate [90m(C:\playwright-project\[39msrc\tests\1TipsNoExtraNoSeat.spec.ts:55:3[90m)[39m
    at global [90m(C:\playwright-project\[39msrc\tests\1TipsNoExtraNoSeat.spec.ts:106:3[90m)[39m
    at runWithRetries [90m(C:\playwright-project\[39msrc\tests\1TipsNoExtraNoSeat.spec.ts:119:7[90m)[39m
    at executeTests [90m(C:\playwright-project\[39msrc\tests\1TipsNoExtraNoSeat.spec.ts:141:27[90m)[39m
    at [90mC:\playwright-project\[39msrc\tests\1TipsNoExtraNoSeat.spec.ts:846:30 {
  [[32mSymbol(step)[39m]: {
    stepId: [32m'pw:api@28'[39m,
    location: {
      file: [32m'C:\\playwright-project\\src\\page-objects\\searchPage.ts'[39m,
      line: [33m91[39m,
      column: [33m56[39m,
      function: [32m'selectRoundTripDates'[39m
    },
    category: [32m'pw:api'[39m,
    title: [32m"locator.getByLabel('Choose Tuesday, April 29th,').click"[39m,
    apiName: [32m'locator.click'[39m,
    params: {
      selector: [32m'internal:label="Choose Tuesday, April 29th,"i'[39m,
      strict: [33mtrue[39m
    },
    boxedStack: [90mundefined[39m,
    steps: [],
    complete: [36m[Function: complete][39m,
    endWallTime: [33m1736495619025[39m,
    error: {
      message: [32m"Error: locator.click: Error: strict mode violation: getByLabel('Choose Tuesday, April 29th,') resolved to 2 elements:\n"[39m +
        [32m`    1) &lt;div title="" tabindex="-1" role="option" aria-disabled="false" aria-selected="false" aria-label="Choose Tuesday, April 29th, 2025" class="react-datepicker__day react-datepicker__day--029"&gt;…&lt;/div&gt; aka getByLabel('Month April,').getByLabel('Choose Tuesday, April 29th,')\n`[39m +
        [32m`    2) &lt;div title="" tabindex="-1" role="option" aria-disabled="false" aria-selected="false" aria-label="Choose Tuesday, April 29th, 2025" class="react-datepicker__day react-datepicker__day--029 react-datepicker__day--outside-month"&gt;&lt;/div&gt; aka getByLabel('Month May,').getByLabel('Choose Tuesday, April 29th,')\n`[39m +
        [32m'\n'[39m +
        [32m'Call log:\n'[39m +
        [32m"\x1B[2m  - waiting for getByLabel('Choose Tuesday, April 29th,')\x1B[22m\n"[39m,
      stack: [32m"Error: locator.click: Error: strict mode violation: getByLabel('Choose Tuesday, April 29th,') resolved to 2 elements:\n"[39m +
        [32m`    1) &lt;div title="" tabindex="-1" role="option" aria-disabled="false" aria-selected="false" aria-label="Choose Tuesday, April 29th, 2025" class="react-datepicker__day react-datepicker__day--029"&gt;…&lt;/div&gt; aka getByLabel('Month April,').getByLabel('Choose Tuesday, April 29th,')\n`[39m +
        [32m`    2) &lt;div title="" tabindex="-1" role="option" aria-disabled="false" aria-selected="false" aria-label="Choose Tuesday, April 29th, 2025" class="react-datepicker__day react-datepicker__day--029 react-datepicker__day--outside-month"&gt;&lt;/div&gt; aka getByLabel('Month May,').getByLabel('Choose Tuesday, April 29th,')\n`[39m +
        [32m'\n'[39m +
        [32m'Call log:\n'[39m +
        [32m"\x1B[2m  - waiting for getByLabel('Choose Tuesday, April 29th,')\x1B[22m\n"[39m +
        [32m'\n'[39m +
        [32m'    at selectRoundTripDates (C:\\playwright-project\\src\\page-objects\\searchPage.ts:91:56)\n'[39m +
        [32m'    at chooseDate (C:\\playwright-project\\src\\tests\\1TipsNoExtraNoSeat.spec.ts:55:3)\n'[39m +
        [32m'    at global (C:\\playwright-project\\src\\tests\\1TipsNoExtraNoSeat.spec.ts:106:3)\n'[39m +
        [32m'    at runWithRetries (C:\\playwright-project\\src\\tests\\1TipsNoExtraNoSeat.spec.ts:119:7)\n'[39m +
        [32m'    at executeTests (C:\\playwright-project\\src\\tests\\1TipsNoExtraNoSeat.spec.ts:141:27)\n'[39m +
        [32m'    at C:\\playwright-project\\src\\tests\\1TipsNoExtraNoSeat.spec.ts:846:30'[39m,
      cause: [90mundefined[39m
    }
  }
}
Error al gestionar el flujo de ida y vuelta: locator.click: Error: strict mode violation: getByLabel('Choose Tuesday, April 29th,') resolved to 2 elements:
    1) &lt;div title="" tabindex="-1" role="option" aria-disabled="false" aria-selected="false" aria-label="Choose Tuesday, April 29th, 2025" class="react-datepicker__day react-datepicker__day--029"&gt;…&lt;/div&gt; aka getByLabel('Month April,').getByLabel('Choose Tuesday, April 29th,')
    2) &lt;div title="" tabindex="-1" role="option" aria-disabled="false" aria-selected="false" aria-label="Choose Tuesday, April 29th, 2025" class="react-datepicker__day react-datepicker__day--029 react-datepicker__day--outside-month"&gt;&lt;/div&gt; aka getByLabel('Month May,').getByLabel('Choose Tuesday, April 29th,')

Call log:
[2m  - waiting for getByLabel('Choose Tuesday, April 29th,')[22m

Intento 2 fallido en Booking: locator.click: Error: strict mode violation: getByLabel('Choose Tuesday, April 29th,') resolved to 2 elements:
    1) &lt;div title="" tabindex="-1" role="option" aria-disabled="false" aria-selected="false" aria-label="Choose Tuesday, April 29th, 2025" class="react-datepicker__day react-datepicker__day--029"&gt;…&lt;/div&gt; aka getByLabel('Month April,').getByLabel('Choose Tuesday, April 29th,')
    2) &lt;div title="" tabindex="-1" role="option" aria-disabled="false" aria-selected="false" aria-label="Choose Tuesday, April 29th, 2025" class="react-datepicker__day react-datepicker__day--029 react-datepicker__day--outside-month"&gt;&lt;/div&gt; aka getByLabel('Month May,').getByLabel('Choose Tuesday, April 29th,')

Call log:
[2m  - waiting for getByLabel('Choose Tuesday, April 29th,')[22m

    at selectRoundTripDates [90m(C:\playwright-project\[39msrc\page-objects\searchPage.ts:91:56[90m)[39m
    at chooseDate [90m(C:\playwright-project\[39msrc\tests\1TipsNoExtraNoSeat.spec.ts:55:3[90m)[39m
    at global [90m(C:\playwright-project\[39msrc\tests\1TipsNoExtraNoSeat.spec.ts:106:3[90m)[39m
    at runWithRetries [90m(C:\playwright-project\[39msrc\tests\1TipsNoExtraNoSeat.spec.ts:119:7[90m)[39m
    at executeTests [90m(C:\playwright-project\[39msrc\tests\1TipsNoExtraNoSeat.spec.ts:141:27[90m)[39m
    at [90mC:\playwright-project\[39msrc\tests\1TipsNoExtraNoSeat.spec.ts:846:30 {
  [[32mSymbol(step)[39m]: {
    stepId: [32m'pw:api@51'[39m,
    location: {
      file: [32m'C:\\playwright-project\\src\\page-objects\\searchPage.ts'[39m,
      line: [33m91[39m,
      column: [33m56[39m,
      function: [32m'selectRoundTripDates'[39m
    },
    category: [32m'pw:api'[39m,
    title: [32m"locator.getByLabel('Choose Tuesday, April 29th,').click"[39m,
    apiName: [32m'locator.click'[39m,
    params: {
      selector: [32m'internal:label="Choose Tuesday, April 29th,"i'[39m,
      strict: [33mtrue[39m
    },
    boxedStack: [90mundefined[39m,
    steps: [],
    complete: [36m[Function: complete][39m,
    endWallTime: [33m1736495624682[39m,
    error: {
      message: [32m"Error: locator.click: Error: strict mode violation: getByLabel('Choose Tuesday, April 29th,') resolved to 2 elements:\n"[39m +
        [32m`    1) &lt;div title="" tabindex="-1" role="option" aria-disabled="false" aria-selected="false" aria-label="Choose Tuesday, April 29th, 2025" class="react-datepicker__day react-datepicker__day--029"&gt;…&lt;/div&gt; aka getByLabel('Month April,').getByLabel('Choose Tuesday, April 29th,')\n`[39m +
        [32m`    2) &lt;div title="" tabindex="-1" role="option" aria-disabled="false" aria-selected="false" aria-label="Choose Tuesday, April 29th, 2025" class="react-datepicker__day react-datepicker__day--029 react-datepicker__day--outside-month"&gt;&lt;/div&gt; aka getByLabel('Month May,').getByLabel('Choose Tuesday, April 29th,')\n`[39m +
        [32m'\n'[39m +
        [32m'Call log:\n'[39m +
        [32m"\x1B[2m  - waiting for getByLabel('Choose Tuesday, April 29th,')\x1B[22m\n"[39m,
      stack: [32m"Error: locator.click: Error: strict mode violation: getByLabel('Choose Tuesday, April 29th,') resolved to 2 elements:\n"[39m +
        [32m`    1) &lt;div title="" tabindex="-1" role="option" aria-disabled="false" aria-selected="false" aria-label="Choose Tuesday, April 29th, 2025" class="react-datepicker__day react-datepicker__day--029"&gt;…&lt;/div&gt; aka getByLabel('Month April,').getByLabel('Choose Tuesday, April 29th,')\n`[39m +
        [32m`    2) &lt;div title="" tabindex="-1" role="option" aria-disabled="false" aria-selected="false" aria-label="Choose Tuesday, April 29th, 2025" class="react-datepicker__day react-datepicker__day--029 react-datepicker__day--outside-month"&gt;&lt;/div&gt; aka getByLabel('Month May,').getByLabel('Choose Tuesday, April 29th,')\n`[39m +
        [32m'\n'[39m +
        [32m'Call log:\n'[39m +
        [32m"\x1B[2m  - waiting for getByLabel('Choose Tuesday, April 29th,')\x1B[22m\n"[39m +
        [32m'\n'[39m +
        [32m'    at selectRoundTripDates (C:\\playwright-project\\src\\page-objects\\searchPage.ts:91:56)\n'[39m +
        [32m'    at chooseDate (C:\\playwright-project\\src\\tests\\1TipsNoExtraNoSeat.spec.ts:55:3)\n'[39m +
        [32m'    at global (C:\\playwright-project\\src\\tests\\1TipsNoExtraNoSeat.spec.ts:106:3)\n'[39m +
        [32m'    at runWithRetries (C:\\playwright-project\\src\\tests\\1TipsNoExtraNoSeat.spec.ts:119:7)\n'[39m +
        [32m'    at executeTests (C:\\playwright-project\\src\\tests\\1TipsNoExtraNoSeat.spec.ts:141:27)\n'[39m +
        [32m'    at C:\\playwright-project\\src\\tests\\1TipsNoExtraNoSeat.spec.ts:846:30'[39m,
      cause: [90mundefined[39m
    }
  }
}

</system-err>
</testcase>
<testcase name="1. 1 Adt EcoLight - sin assitence › Ejecución completa con reintentos" classname="1TipsNoExtraNoSeat.spec.ts" time="49.91">
<system-out>
Ejecución completa, intento 1 de 5
Ejecutando Booking, intento 1
Fecha de salida seleccionada: { year: [32m'2025'[39m, month: [32m'6'[39m, index: [33m1[39m, value: [33m5[39m }
Ajustando número de pasajeros
Successfully clicked the element: div.price-cabin:has-text("Economy")
Ejecutando fillPassengerAdult 1, intento 1
Ejecutando fillContact, intento 1
Ejecutando payWithCard, intento 1
Iframe encontrado.
Ejecutando payWithCard, intento 1
Ejecutando payWithCard, intento 1

</system-out>
</testcase>
<testcase name="4. Compra 1 Adulto - 1 niño - Economy Light - Economy Light - Nombre con caracteres especiales - sin asistencia - sin asiento - sin extras › Ejecución completa con reintentos" classname="1TipsNoExtraNoSeat.spec.ts" time="52.072">
<system-out>
Ejecución completa, intento 1 de 5
Ejecutando Booking, intento 1
Fecha de salida seleccionada: { year: [32m'2025'[39m, month: [32m'4'[39m, index: [33m6[39m, value: [33m15[39m }
Ajustando número de pasajeros
Successfully clicked the element: div.price-cabin:has-text("Economy")
Ejecutando fillPassengerAdult 1, intento 1
Ejecutando fillPassengerChild 1, intento 1
Ejecutando fillContact, intento 1
Ejecutando payWithCard, intento 1
Iframe encontrado.
Ejecutando payWithCard, intento 1
Ejecutando payWithCard, intento 1

</system-out>
</testcase>
<testcase name="5. Compra 1 Adulto - 1 niño - Economy Light - Economy Light - Nombre con caracteres especiales - con assitence - sin asiento - sin extras › Ejecución completa con reintentos" classname="1TipsNoExtraNoSeat.spec.ts" time="61.985">
<system-out>
Ejecución completa, intento 1 de 5
Ejecutando Booking, intento 1
Fecha de salida seleccionada: { year: [32m'2025'[39m, month: [32m'5'[39m, index: [33m12[39m, value: [33m29[39m }
Ajustando número de pasajeros
Successfully clicked the element: div.price-cabin:has-text("Economy")
Ejecutando fillPassengerAdult 1, intento 1
Ejecutando fillPassengerChild 1, intento 1
Ejecutando fillContact, intento 1
Ejecutando payWithCard, intento 1
Iframe encontrado.
Ejecutando payWithCard, intento 1
Ejecutando payWithCard, intento 1

</system-out>
</testcase>
</testsuite>
<testsuite name="2TipsNoExtraNoSeat.spec.ts" timestamp="2025-01-10T07:49:57.224Z" hostname="chromium" tests="41" failures="2" skipped="0" time="2459.903" errors="0">
<testcase name="1. Compra 2 adt (Diferente) Eco Light - Eco Light - sin assitence › Ejecución completa con reintentos" classname="2TipsNoExtraNoSeat.spec.ts" time="40.53">
<system-out>
Ejecución completa, intento 1 de 5
Ejecutando Booking, intento 1
Fecha de salida seleccionada: { year: [32m'2025'[39m, month: [32m'5'[39m, index: [33m8[39m, value: [33m20[39m }
Fecha de regreso seleccionada: { year: [32m'2025'[39m, month: [32m'5'[39m, index: [33m9[39m, value: [33m22[39m }
Ajustando número de pasajeros
Successfully clicked the element: div.price-cabin:has-text("Economy")
Successfully clicked the element: div.price-cabin:has-text("Economy")
Ejecutando fillPassengerAdult 1, intento 1
Ejecutando fillPassengerAdult 2, intento 1
Ejecutando fillContact, intento 1
Ejecutando payWithCard, intento 1
Iframe encontrado.
Ejecutando payWithCard, intento 1
Ejecutando payWithCard, intento 2
Ejecutando payWithCard, intento 3

</system-out>
<system-err>
Confirmation page validation failed: Flight Summary section not found on confirmation page
Intento 1 fallido en payWithCard: Error: Flight Summary section not found on confirmation page
    at validationConfirmPage [90m(C:\playwright-project\[39msrc\page-objects\confirmation.ts:29:19[90m)[39m
[90m    at runNextTicks (node:internal/process/task_queues:65:5)[39m
[90m    at processImmediate (node:internal/timers:459:9)[39m
[90m    at process.callbackTrampoline (node:internal/async_hooks:130:17)[39m
    at validationConfirmationPage [90m(C:\playwright-project\[39msrc\tests\2TipsNoExtraNoSeat.spec.ts:89:3[90m)[39m
    at runWithRetries [90m(C:\playwright-project\[39msrc\tests\2TipsNoExtraNoSeat.spec.ts:120:7[90m)[39m
    at executeTests [90m(C:\playwright-project\[39msrc\tests\2TipsNoExtraNoSeat.spec.ts:220:31[90m)[39m
    at [90mC:\playwright-project\[39msrc\tests\2TipsNoExtraNoSeat.spec.ts:269:30
    at [90mC:\playwright-project\[39mnode_modules\[4mplaywright[24m\lib\worker\workerMain.js:339:9
    at [90mC:\playwright-project\[39mnode_modules\[4mplaywright[24m\lib\worker\testInfo.js:286:11
    at TimeoutManager.withRunnable [90m(C:\playwright-project\[39mnode_modules\[4mplaywright[24m\lib\worker\timeoutManager.js:64:14[90m)[39m
    at TestInfoImpl._runAsStage [90m(C:\playwright-project\[39mnode_modules\[4mplaywright[24m\lib\worker\testInfo.js:284:7[90m)[39m
    at [90mC:\playwright-project\[39mnode_modules\[4mplaywright[24m\lib\worker\workerMain.js:331:7
    at [90mC:\playwright-project\[39mnode_modules\[4mplaywright[24m\lib\worker\testInfo.js:286:11
    at TimeoutManager.withRunnable [90m(C:\playwright-project\[39mnode_modules\[4mplaywright[24m\lib\worker\timeoutManager.js:52:27[90m)[39m
    at TestInfoImpl._runAsStage [90m(C:\playwright-project\[39mnode_modules\[4mplaywright[24m\lib\worker\testInfo.js:284:7[90m)[39m
    at WorkerMain._runTest [90m(C:\playwright-project\[39mnode_modules\[4mplaywright[24m\lib\worker\workerMain.js:281:5[90m)[39m
    at WorkerMain.runTestGroup [90m(C:\playwright-project\[39mnode_modules\[4mplaywright[24m\lib\worker\workerMain.js:205:11[90m)[39m
    at process.&lt;anonymous&gt; [90m(C:\playwright-project\[39mnode_modules\[4mplaywright[24m\lib\common\process.js:95:22[90m)[39m
Confirmation page validation failed: Not on confirmation page URL
Intento 2 fallido en payWithCard: Error: Not on confirmation page URL
    at validationConfirmPage [90m(C:\playwright-project\[39msrc\page-objects\confirmation.ts:36:19[90m)[39m
    at validationConfirmationPage [90m(C:\playwright-project\[39msrc\tests\2TipsNoExtraNoSeat.spec.ts:89:3[90m)[39m
    at runWithRetries [90m(C:\playwright-project\[39msrc\tests\2TipsNoExtraNoSeat.spec.ts:120:7[90m)[39m
    at executeTests [90m(C:\playwright-project\[39msrc\tests\2TipsNoExtraNoSeat.spec.ts:220:31[90m)[39m
    at [90mC:\playwright-project\[39msrc\tests\2TipsNoExtraNoSeat.spec.ts:269:30
    at [90mC:\playwright-project\[39mnode_modules\[4mplaywright[24m\lib\worker\workerMain.js:339:9
    at [90mC:\playwright-project\[39mnode_modules\[4mplaywright[24m\lib\worker\testInfo.js:286:11
    at TimeoutManager.withRunnable [90m(C:\playwright-project\[39mnode_modules\[4mplaywright[24m\lib\worker\timeoutManager.js:64:14[90m)[39m
    at TestInfoImpl._runAsStage [90m(C:\playwright-project\[39mnode_modules\[4mplaywright[24m\lib\worker\testInfo.js:284:7[90m)[39m
    at [90mC:\playwright-project\[39mnode_modules\[4mplaywright[24m\lib\worker\workerMain.js:331:7
    at [90mC:\playwright-project\[39mnode_modules\[4mplaywright[24m\lib\worker\testInfo.js:286:11
    at TimeoutManager.withRunnable [90m(C:\playwright-project\[39mnode_modules\[4mplaywright[24m\lib\worker\timeoutManager.js:52:27[90m)[39m
    at TestInfoImpl._runAsStage [90m(C:\playwright-project\[39mnode_modules\[4mplaywright[24m\lib\worker\testInfo.js:284:7[90m)[39m
    at WorkerMain._runTest [90m(C:\playwright-project\[39mnode_modules\[4mplaywright[24m\lib\worker\workerMain.js:281:5[90m)[39m
    at WorkerMain.runTestGroup [90m(C:\playwright-project\[39mnode_modules\[4mplaywright[24m\lib\worker\workerMain.js:205:11[90m)[39m
    at process.&lt;anonymous&gt; [90m(C:\playwright-project\[39mnode_modules\[4mplaywright[24m\lib\common\process.js:95:22[90m)[39m

</system-err>
</testcase>
<testcase name="2. Compra 2 adt (Diferente) Eco Light - EC - Con assitence TODAS › Ejecución completa con reintentos" classname="2TipsNoExtraNoSeat.spec.ts" time="360.179">
<failure message="2TipsNoExtraNoSeat.spec.ts:304:9 Ejecución completa con reintentos" type="FAILURE">
  [chromium] › 2TipsNoExtraNoSeat.spec.ts:304:9 › 2. Compra 2 adt (Diferente) Eco Light - EC - Con assitence TODAS › Ejecución completa con reintentos 

    Test timeout of 360000ms exceeded.

    Error: browserContext.close: Test ended.
    Browser logs:

    &lt;launching&gt; C:\Users\SofiaMartínezLópez\AppData\Local\ms-playwright\chromium_headless_shell-1148\chrome-win\headless_shell.exe --disable-field-trial-config --disable-background-networking --disable-background-timer-throttling --disable-backgrounding-occluded-windows --disable-back-forward-cache --disable-breakpad --disable-client-side-phishing-detection --disable-component-extensions-with-background-pages --disable-component-update --no-default-browser-check --disable-default-apps --disable-dev-shm-usage --disable-extensions --disable-features=ImprovedCookieControls,LazyFrameLoading,GlobalMediaControls,DestroyProfileOnBrowserClose,MediaRouter,DialMediaRouteProvider,AcceptCHFrame,AutoExpandDetailsElement,CertificateTransparencyComponentUpdater,AvoidUnnecessaryBeforeUnloadCheckSync,Translate,HttpsUpgrades,PaintHolding,ThirdPartyStoragePartitioning,LensOverlay,PlzDedicatedWorker --allow-pre-commit-input --disable-hang-monitor --disable-ipc-flooding-protection --disable-popup-blocking --disable-prompt-on-repost --disable-renderer-backgrounding --force-color-profile=srgb --metrics-recording-only --no-first-run --enable-automation --password-store=basic --use-mock-keychain --no-service-autorun --export-tagged-pdf --disable-search-engine-choice-screen --unsafely-disable-devtools-self-xss-warnings --headless --hide-scrollbars --mute-audio --blink-settings=primaryHoverType=2,availableHoverTypes=2,primaryPointerType=4,availablePointerTypes=4 --no-sandbox --user-data-dir=C:\Users\SOFIAM~1\AppData\Local\Temp\playwright_chromiumdev_profile-ugvRF7 --remote-debugging-pipe --no-startup-window
    &lt;launched&gt; pid=4948
    [pid=4948][err] [0110/085105.886:ERROR:gles2_cmd_decoder_passthrough.cc(1053)] [GroupMarkerNotSet(crbug.com/242999)!:A0F0BE0084340000]Automatic fallback to software WebGL has been deprecated. Please use the --enable-unsafe-swiftshader flag to opt in to lower security guarantees for trusted content.
    [pid=4948][err] [0110/085105.917:ERROR:gl_utils.cc(426)] [.WebGL-0x737c05918600]GL Driver Message (OpenGL, Performance, GL_CLOSE_PATH_NV, High): GPU stall due to ReadPixels
    [pid=4948][err] [0110/085106.175:ERROR:gles2_cmd_decoder_passthrough.cc(1053)] [GroupMarkerNotSet(crbug.com/242999)!:A020BF0084340000]Automatic fallback to software WebGL has been deprecated. Please use the --enable-unsafe-swiftshader flag to opt in to lower security guarantees for trusted content.
    [pid=4948][err] [0110/085106.183:ERROR:gles2_cmd_decoder_passthrough.cc(1053)] [GroupMarkerNotSet(crbug.com/242999)!:A050BF0084340000]Automatic fallback to software WebGL has been deprecated. Please use the --enable-unsafe-swiftshader flag to opt in to lower security guarantees for trusted content.
    [pid=4948][err] [0110/085106.192:ERROR:gl_utils.cc(426)] [.WebGL-0x737c064e8600]GL Driver Message (OpenGL, Performance, GL_CLOSE_PATH_NV, High): GPU stall due to ReadPixels
    [pid=4948][err] [0110/085106.210:ERROR:gles2_cmd_decoder_passthrough.cc(1053)] [GroupMarkerNotSet(crbug.com/242999)!:A0400A0184340000]Automatic fallback to software WebGL has been deprecated. Please use the --enable-unsafe-swiftshader flag to opt in to lower security guarantees for trusted content.
    [pid=4948][err] [0110/085106.218:ERROR:gles2_cmd_decoder_passthrough.cc(1053)] [GroupMarkerNotSet(crbug.com/242999)!:A0700A0184340000]Automatic fallback to software WebGL has been deprecated. Please use the --enable-unsafe-swiftshader flag to opt in to lower security guarantees for trusted content.
    [pid=4948][err] [0110/085106.278:ERROR:web_contents_delegate.cc(283)] WebContentsDelegate::CheckMediaAccessPermission: Not supported.
    [pid=4948][err] [0110/085106.278:ERROR:web_contents_delegate.cc(283)] WebContentsDelegate::CheckMediaAccessPermission: Not supported.
    [pid=4948][err] [0110/085151.203:ERROR:gles2_cmd_decoder_passthrough.cc(1053)] [GroupMarkerNotSet(crbug.com/242999)!:A0F0BE0084340000]Automatic fallback to software WebGL has been deprecated. Please use the --enable-unsafe-swiftshader flag to opt in to lower security guarantees for trusted content.
    [pid=4948][err] [0110/085151.232:ERROR:gl_utils.cc(426)] [.WebGL-0x460c074c6a00]GL Driver Message (OpenGL, Performance, GL_CLOSE_PATH_NV, High): GPU stall due to ReadPixels
    [pid=4948][err] [0110/085151.465:ERROR:gles2_cmd_decoder_passthrough.cc(1053)] [GroupMarkerNotSet(crbug.com/242999)!:A050BF0084340000]Automatic fallback to software WebGL has been deprecated. Please use the --enable-unsafe-swiftshader flag to opt in to lower security guarantees for trusted content.
    [pid=4948][err] [0110/085151.472:ERROR:gles2_cmd_decoder_passthrough.cc(1053)] [GroupMarkerNotSet(crbug.com/242999)!:A020BF0084340000]Automatic fallback to software WebGL has been deprecated. Please use the --enable-unsafe-swiftshader flag to opt in to lower security guarantees for trusted content.
    [pid=4948][err] [0110/085151.482:ERROR:gl_utils.cc(426)] [.WebGL-0x460c0059c600]GL Driver Message (OpenGL, Performance, GL_CLOSE_PATH_NV, High): GPU stall due to ReadPixels (this message will no longer repeat)
    [pid=4948][err] [0110/085151.506:ERROR:gles2_cmd_decoder_passthrough.cc(1053)] [GroupMarkerNotSet(crbug.com/242999)!:A0400A0184340000]Automatic fallback to software WebGL has been deprecated. Please use the --enable-unsafe-swiftshader flag to opt in to lower security guarantees for trusted content.
    [pid=4948][err] [0110/085151.513:ERROR:gles2_cmd_decoder_passthrough.cc(1053)] [GroupMarkerNotSet(crbug.com/242999)!:A0700A0184340000]Automatic fallback to software WebGL has been deprecated. Please use the --enable-unsafe-swiftshader flag to opt in to lower security guarantees for trusted content.
    [pid=4948][err] [0110/085151.597:ERROR:web_contents_delegate.cc(283)] WebContentsDelegate::CheckMediaAccessPermission: Not supported.
    [pid=4948][err] [0110/085151.597:ERROR:web_contents_delegate.cc(283)] WebContentsDelegate::CheckMediaAccessPermission: Not supported.
    [pid=4948][err] [0110/085238.946:ERROR:gles2_cmd_decoder_passthrough.cc(1053)] [GroupMarkerNotSet(crbug.com/242999)!:A0F0BE0084340000]Automatic fallback to software WebGL has been deprecated. Please use the --enable-unsafe-swiftshader flag to opt in to lower security guarantees for trusted content.
    [pid=4948][err] [0110/085239.352:ERROR:gles2_cmd_decoder_passthrough.cc(1053)] [GroupMarkerNotSet(crbug.com/242999)!:A020BF0084340000]Automatic fallback to software WebGL has been deprecated. Please use the --enable-unsafe-swiftshader flag to opt in to lower security guarantees for trusted content.
    [pid=4948][err] [0110/085239.361:ERROR:gles2_cmd_decoder_passthrough.cc(1053)] [GroupMarkerNotSet(crbug.com/242999)!:A050BF0084340000]Automatic fallback to software WebGL has been deprecated. Please use the --enable-unsafe-swiftshader flag to opt in to lower security guarantees for trusted content.
    [pid=4948][err] [0110/085239.390:ERROR:gles2_cmd_decoder_passthrough.cc(1053)] [GroupMarkerNotSet(crbug.com/242999)!:A0400A0184340000]Automatic fallback to software WebGL has been deprecated. Please use the --enable-unsafe-swiftshader flag to opt in to lower security guarantees for trusted content.
    [pid=4948][err] [0110/085239.397:ERROR:gles2_cmd_decoder_passthrough.cc(1053)] [GroupMarkerNotSet(crbug.com/242999)!:A0700A0184340000]Automatic fallback to software WebGL has been deprecated. Please use the --enable-unsafe-swiftshader flag to opt in to lower security guarantees for trusted content.
    [pid=4948][err] [0110/085239.527:ERROR:web_contents_delegate.cc(283)] WebContentsDelegate::CheckMediaAccessPermission: Not supported.
    [pid=4948][err] [0110/085239.528:ERROR:web_contents_delegate.cc(283)] WebContentsDelegate::CheckMediaAccessPermission: Not supported.
    [pid=4948][err] [0110/085316.753:ERROR:gles2_cmd_decoder_passthrough.cc(1053)] [GroupMarkerNotSet(crbug.com/242999)!:A0F0BE0084340000]Automatic fallback to software WebGL has been deprecated. Please use the --enable-unsafe-swiftshader flag to opt in to lower security guarantees for trusted content.
    [pid=4948][err] [0110/085317.015:ERROR:gles2_cmd_decoder_passthrough.cc(1053)] [GroupMarkerNotSet(crbug.com/242999)!:A020BF0084340000]Automatic fallback to software WebGL has been deprecated. Please use the --enable-unsafe-swiftshader flag to opt in to lower security guarantees for trusted content.
    [pid=4948][err] [0110/085317.024:ERROR:gles2_cmd_decoder_passthrough.cc(1053)] [GroupMarkerNotSet(crbug.com/242999)!:A050BF0084340000]Automatic fallback to software WebGL has been deprecated. Please use the --enable-unsafe-swiftshader flag to opt in to lower security guarantees for trusted content.
    [pid=4948][err] [0110/085317.055:ERROR:gles2_cmd_decoder_passthrough.cc(1053)] [GroupMarkerNotSet(crbug.com/242999)!:A0400A0184340000]Automatic fallback to software WebGL has been deprecated. Please use the --enable-unsafe-swiftshader flag to opt in to lower security guarantees for trusted content.
    [pid=4948][err] [0110/085317.061:ERROR:gles2_cmd_decoder_passthrough.cc(1053)] [GroupMarkerNotSet(crbug.com/242999)!:A0700A0184340000]Automatic fallback to software WebGL has been deprecated. Please use the --enable-unsafe-swiftshader flag to opt in to lower security guarantees for trusted content.
    [pid=4948][err] [0110/085317.140:ERROR:web_contents_delegate.cc(283)] WebContentsDelegate::CheckMediaAccessPermission: Not supported.
    [pid=4948][err] [0110/085317.140:ERROR:web_contents_delegate.cc(283)] WebContentsDelegate::CheckMediaAccessPermission: Not supported.
    [pid=4948][err] [0110/085409.535:ERROR:gles2_cmd_decoder_passthrough.cc(1053)] [GroupMarkerNotSet(crbug.com/242999)!:A0F0BE0084340000]Automatic fallback to software WebGL has been deprecated. Please use the --enable-unsafe-swiftshader flag to opt in to lower security guarantees for trusted content.
    [pid=4948][err] [0110/085409.966:ERROR:gles2_cmd_decoder_passthrough.cc(1053)] [GroupMarkerNotSet(crbug.com/242999)!:A020BF0084340000]Automatic fallback to software WebGL has been deprecated. Please use the --enable-unsafe-swiftshader flag to opt in to lower security guarantees for trusted content.
    [pid=4948][err] [0110/085409.973:ERROR:gles2_cmd_decoder_passthrough.cc(1053)] [GroupMarkerNotSet(crbug.com/242999)!:A050BF0084340000]Automatic fallback to software WebGL has been deprecated. Please use the --enable-unsafe-swiftshader flag to opt in to lower security guarantees for trusted content.
    [pid=4948][err] [0110/085410.008:ERROR:gles2_cmd_decoder_passthrough.cc(1053)] [GroupMarkerNotSet(crbug.com/242999)!:A0400A0184340000]Automatic fallback to software WebGL has been deprecated. Please use the --enable-unsafe-swiftshader flag to opt in to lower security guarantees for trusted content.
    [pid=4948][err] [0110/085410.017:ERROR:gles2_cmd_decoder_passthrough.cc(1053)] [GroupMarkerNotSet(crbug.com/242999)!:A0700A0184340000]Automatic fallback to software WebGL has been deprecated. Please use the --enable-unsafe-swiftshader flag to opt in to lower security guarantees for trusted content.
    [pid=4948][err] [0110/085410.134:ERROR:web_contents_delegate.cc(283)] WebContentsDelegate::CheckMediaAccessPermission: Not supported.
    [pid=4948][err] [0110/085410.134:ERROR:web_contents_delegate.cc(283)] WebContentsDelegate::CheckMediaAccessPermission: Not supported.
    [pid=4948] &lt;gracefully close start&gt;

      232 |   } finally {
      233 |     if (page) await page.close();
    &gt; 234 |     if (context) await context.close();
          |                  ^
      235 |   }
      236 |
      237 |   return shouldContinueTests; // Return the status of the test execution
        at executeTests (C:\playwright-project\src\tests\2TipsNoExtraNoSeat.spec.ts:234:18)
        at C:\playwright-project\src\tests\2TipsNoExtraNoSeat.spec.ts:316:30

    attachment #1: screenshot (image/png) ──────────────────────────────────────────────────────────
    test-results\2TipsNoExtraNoSeat-2-Compr-460d0-ión-completa-con-reintentos-chromium\test-failed-1.png
    ────────────────────────────────────────────────────────────────────────────────────────────────

</failure>
<system-out>
Ejecución completa, intento 1 de 5
Ejecutando Booking, intento 1
Ejecutando Booking, intento 2
Fecha de salida seleccionada: { year: [32m'2025'[39m, month: [32m'4'[39m, index: [33m7[39m, value: [33m17[39m }
Fecha de regreso seleccionada: { year: [32m'2025'[39m, month: [32m'4'[39m, index: [33m8[39m, value: [33m19[39m }
Ajustando número de pasajeros
Successfully clicked the element: div.price-cabin:has-text("Economy")
Successfully clicked the element: div.price-cabin:has-text("Economy")
Ejecutando fillPassengerAdult 1, intento 1
Ejecutando fillPassengerAdult 2, intento 1
Ejecutando fillContact, intento 1
Ejecutando payWithCard, intento 1
Ejecutando payWithCard, intento 2
Ejecutando payWithCard, intento 3
Ejecución completa, intento 2 de 5
Ejecutando Booking, intento 1
Fecha de salida seleccionada: { year: [32m'2025'[39m, month: [32m'5'[39m, index: [33m1[39m, value: [33m3[39m }
Fecha de regreso seleccionada: { year: [32m'2025'[39m, month: [32m'5'[39m, index: [33m2[39m, value: [33m6[39m }
Ajustando número de pasajeros
Successfully clicked the element: div.price-cabin:has-text("Economy")
Successfully clicked the element: div.price-cabin:has-text("Economy")
Ejecutando fillPassengerAdult 1, intento 1
Ejecutando fillPassengerAdult 2, intento 1
Ejecutando fillContact, intento 1
Ejecutando payWithCard, intento 1
Ejecutando payWithCard, intento 2
Ejecutando payWithCard, intento 3

</system-out>
<system-err>
Error al gestionar el flujo de ida y vuelta: locator.click: Error: strict mode violation: getByLabel('Choose Tuesday, April 29th,') resolved to 2 elements:
    1) &lt;div title="" tabindex="-1" role="option" aria-disabled="false" aria-selected="false" aria-label="Choose Tuesday, April 29th, 2025" class="react-datepicker__day react-datepicker__day react-datepicker__day--029"&gt;…&lt;/div&gt; aka getByLabel('Month April,').getByLabel('Choose Tuesday, April 29th,')
    2) &lt;div title="" tabindex="-1" role="option" aria-disabled="false" aria-selected="false" aria-label="Choose Tuesday, April 29th, 2025" class="react-datepicker__day react-datepicker__day react-datepicker__day--029 react-datepicker__day--outside-month"&gt;&lt;/div&gt; aka getByLabel('Month May,').getByLabel('Choose Tuesday, April 29th,')

Call log:
[2m  - waiting for getByLabel('Choose Tuesday, April 29th,')[22m

Intento 1 fallido en Booking: locator.click: Error: strict mode violation: getByLabel('Choose Tuesday, April 29th,') resolved to 2 elements:
    1) &lt;div title="" tabindex="-1" role="option" aria-disabled="false" aria-selected="false" aria-label="Choose Tuesday, April 29th, 2025" class="react-datepicker__day react-datepicker__day react-datepicker__day--029"&gt;…&lt;/div&gt; aka getByLabel('Month April,').getByLabel('Choose Tuesday, April 29th,')
    2) &lt;div title="" tabindex="-1" role="option" aria-disabled="false" aria-selected="false" aria-label="Choose Tuesday, April 29th, 2025" class="react-datepicker__day react-datepicker__day react-datepicker__day--029 react-datepicker__day--outside-month"&gt;&lt;/div&gt; aka getByLabel('Month May,').getByLabel('Choose Tuesday, April 29th,')

Call log:
[2m  - waiting for getByLabel('Choose Tuesday, April 29th,')[22m

    at selectRoundTripDates [90m(C:\playwright-project\[39msrc\page-objects\searchPage.ts:127:57[90m)[39m
    at chooseDate [90m(C:\playwright-project\[39msrc\tests\2TipsNoExtraNoSeat.spec.ts:55:3[90m)[39m
    at global [90m(C:\playwright-project\[39msrc\tests\2TipsNoExtraNoSeat.spec.ts:107:3[90m)[39m
    at runWithRetries [90m(C:\playwright-project\[39msrc\tests\2TipsNoExtraNoSeat.spec.ts:120:7[90m)[39m
    at executeTests [90m(C:\playwright-project\[39msrc\tests\2TipsNoExtraNoSeat.spec.ts:142:27[90m)[39m
    at [90mC:\playwright-project\[39msrc\tests\2TipsNoExtraNoSeat.spec.ts:316:30 {
  [[32mSymbol(step)[39m]: {
    stepId: [32m'pw:api@34'[39m,
    location: {
      file: [32m'C:\\playwright-project\\src\\page-objects\\searchPage.ts'[39m,
      line: [33m127[39m,
      column: [33m57[39m,
      function: [32m'selectRoundTripDates'[39m
    },
    category: [32m'pw:api'[39m,
    title: [32m"locator.getByLabel('Choose Tuesday, April 29th,').click"[39m,
    apiName: [32m'locator.click'[39m,
    params: {
      selector: [32m'internal:label="Choose Tuesday, April 29th,"i'[39m,
      strict: [33mtrue[39m
    },
    boxedStack: [90mundefined[39m,
    steps: [],
    complete: [36m[Function: complete][39m,
    endWallTime: [33m1736495671830[39m,
    error: {
      message: [32m"Error: locator.click: Error: strict mode violation: getByLabel('Choose Tuesday, April 29th,') resolved to 2 elements:\n"[39m +
        [32m`    1) &lt;div title="" tabindex="-1" role="option" aria-disabled="false" aria-selected="false" aria-label="Choose Tuesday, April 29th, 2025" class="react-datepicker__day react-datepicker__day react-datepicker__day--029"&gt;…&lt;/div&gt; aka getByLabel('Month April,').getByLabel('Choose Tuesday, April 29th,')\n`[39m +
        [32m`    2) &lt;div title="" tabindex="-1" role="option" aria-disabled="false" aria-selected="false" aria-label="Choose Tuesday, April 29th, 2025" class="react-datepicker__day react-datepicker__day react-datepicker__day--029 react-datepicker__day--outside-month"&gt;&lt;/div&gt; aka getByLabel('Month May,').getByLabel('Choose Tuesday, April 29th,')\n`[39m +
        [32m'\n'[39m +
        [32m'Call log:\n'[39m +
        [32m"\x1B[2m  - waiting for getByLabel('Choose Tuesday, April 29th,')\x1B[22m\n"[39m,
      stack: [32m"Error: locator.click: Error: strict mode violation: getByLabel('Choose Tuesday, April 29th,') resolved to 2 elements:\n"[39m +
        [32m`    1) &lt;div title="" tabindex="-1" role="option" aria-disabled="false" aria-selected="false" aria-label="Choose Tuesday, April 29th, 2025" class="react-datepicker__day react-datepicker__day react-datepicker__day--029"&gt;…&lt;/div&gt; aka getByLabel('Month April,').getByLabel('Choose Tuesday, April 29th,')\n`[39m +
        [32m`    2) &lt;div title="" tabindex="-1" role="option" aria-disabled="false" aria-selected="false" aria-label="Choose Tuesday, April 29th, 2025" class="react-datepicker__day react-datepicker__day react-datepicker__day--029 react-datepicker__day--outside-month"&gt;&lt;/div&gt; aka getByLabel('Month May,').getByLabel('Choose Tuesday, April 29th,')\n`[39m +
        [32m'\n'[39m +
        [32m'Call log:\n'[39m +
        [32m"\x1B[2m  - waiting for getByLabel('Choose Tuesday, April 29th,')\x1B[22m\n"[39m +
        [32m'\n'[39m +
        [32m'    at selectRoundTripDates (C:\\playwright-project\\src\\page-objects\\searchPage.ts:127:57)\n'[39m +
        [32m'    at chooseDate (C:\\playwright-project\\src\\tests\\2TipsNoExtraNoSeat.spec.ts:55:3)\n'[39m +
        [32m'    at global (C:\\playwright-project\\src\\tests\\2TipsNoExtraNoSeat.spec.ts:107:3)\n'[39m +
        [32m'    at runWithRetries (C:\\playwright-project\\src\\tests\\2TipsNoExtraNoSeat.spec.ts:120:7)\n'[39m +
        [32m'    at executeTests (C:\\playwright-project\\src\\tests\\2TipsNoExtraNoSeat.spec.ts:142:27)\n'[39m +
        [32m'    at C:\\playwright-project\\src\\tests\\2TipsNoExtraNoSeat.spec.ts:316:30'[39m,
      cause: [90mundefined[39m
    }
  }
}
Error while handling iframe payment: page.waitForSelector: Timeout 60000ms exceeded.
Call log:
[2m  - waiting for locator('iframe[title="Iframe for expiry date"]') to be visible[22m

    at payWithCard [90m(C:\playwright-project\[39msrc\page-objects\paymentPage.ts:4:20[90m)[39m
    at payWithCardInformation [90m(C:\playwright-project\[39msrc\tests\2TipsNoExtraNoSeat.spec.ts:83:22[90m)[39m
    at fn [90m(C:\playwright-project\[39msrc\tests\2TipsNoExtraNoSeat.spec.ts:211:17[90m)[39m
    at runWithRetries [90m(C:\playwright-project\[39msrc\tests\2TipsNoExtraNoSeat.spec.ts:120:13[90m)[39m
    at executeTests [90m(C:\playwright-project\[39msrc\tests\2TipsNoExtraNoSeat.spec.ts:210:37[90m)[39m
    at [90mC:\playwright-project\[39msrc\tests\2TipsNoExtraNoSeat.spec.ts:316:30 {
  name: [32m'TimeoutError'[39m,
  [[32mSymbol(step)[39m]: {
    stepId: [32m'pw:api@119'[39m,
    location: {
      file: [32m'C:\\playwright-project\\src\\page-objects\\paymentPage.ts'[39m,
      line: [33m4[39m,
      column: [33m20[39m,
      function: [32m'payWithCard'[39m
    },
    category: [32m'pw:api'[39m,
    title: [32m'page.waitForSelector(iframe[title="Iframe for expiry date"])'[39m,
    apiName: [32m'page.waitForSelector'[39m,
    params: {
      selector: [32m'iframe[title="Iframe for expiry date"]'[39m,
      timeout: [33m60000[39m
    },
    boxedStack: [90mundefined[39m,
    steps: [],
    complete: [36m[Function: complete][39m,
    endWallTime: [33m1736495773049[39m,
    error: {
      message: [32m'TimeoutError: page.waitForSelector: Timeout 60000ms exceeded.\n'[39m +
        [32m'Call log:\n'[39m +
        [32m`\x1B[2m  - waiting for locator('iframe[title="Iframe for expiry date"]') to be visible\x1B[22m\n`[39m,
      stack: [32m'TimeoutError: page.waitForSelector: Timeout 60000ms exceeded.\n'[39m +
        [32m'Call log:\n'[39m +
        [32m`\x1B[2m  - waiting for locator('iframe[title="Iframe for expiry date"]') to be visible\x1B[22m\n`[39m +
        [32m'\n'[39m +
        [32m'    at payWithCard (C:\\playwright-project\\src\\page-objects\\paymentPage.ts:4:20)\n'[39m +
        [32m'    at payWithCardInformation (C:\\playwright-project\\src\\tests\\2TipsNoExtraNoSeat.spec.ts:83:22)\n'[39m +
        [32m'    at fn (C:\\playwright-project\\src\\tests\\2TipsNoExtraNoSeat.spec.ts:211:17)\n'[39m +
        [32m'    at runWithRetries (C:\\playwright-project\\src\\tests\\2TipsNoExtraNoSeat.spec.ts:120:13)\n'[39m +
        [32m'    at executeTests (C:\\playwright-project\\src\\tests\\2TipsNoExtraNoSeat.spec.ts:210:37)\n'[39m +
        [32m'    at C:\\playwright-project\\src\\tests\\2TipsNoExtraNoSeat.spec.ts:316:30'[39m,
      cause: [90mundefined[39m
    }
  }
}
Intento 1 fallido en payWithCard: page.waitForSelector: Timeout 60000ms exceeded.
Call log:
[2m  - waiting for locator('iframe[title="Iframe for expiry date"]') to be visible[22m

    at payWithCard [90m(C:\playwright-project\[39msrc\page-objects\paymentPage.ts:4:20[90m)[39m
    at payWithCardInformation [90m(C:\playwright-project\[39msrc\tests\2TipsNoExtraNoSeat.spec.ts:83:22[90m)[39m
    at fn [90m(C:\playwright-project\[39msrc\tests\2TipsNoExtraNoSeat.spec.ts:211:17[90m)[39m
    at runWithRetries [90m(C:\playwright-project\[39msrc\tests\2TipsNoExtraNoSeat.spec.ts:120:13[90m)[39m
    at executeTests [90m(C:\playwright-project\[39msrc\tests\2TipsNoExtraNoSeat.spec.ts:210:37[90m)[39m
    at [90mC:\playwright-project\[39msrc\tests\2TipsNoExtraNoSeat.spec.ts:316:30 {
  name: [32m'TimeoutError'[39m,
  [[32mSymbol(step)[39m]: {
    stepId: [32m'pw:api@119'[39m,
    location: {
      file: [32m'C:\\playwright-project\\src\\page-objects\\paymentPage.ts'[39m,
      line: [33m4[39m,
      column: [33m20[39m,
      function: [32m'payWithCard'[39m
    },
    category: [32m'pw:api'[39m,
    title: [32m'page.waitForSelector(iframe[title="Iframe for expiry date"])'[39m,
    apiName: [32m'page.waitForSelector'[39m,
    params: {
      selector: [32m'iframe[title="Iframe for expiry date"]'[39m,
      timeout: [33m60000[39m
    },
    boxedStack: [90mundefined[39m,
    steps: [],
    complete: [36m[Function: complete][39m,
    endWallTime: [33m1736495773049[39m,
    error: {
      message: [32m'TimeoutError: page.waitForSelector: Timeout 60000ms exceeded.\n'[39m +
        [32m'Call log:\n'[39m +
        [32m`\x1B[2m  - waiting for locator('iframe[title="Iframe for expiry date"]') to be visible\x1B[22m\n`[39m,
      stack: [32m'TimeoutError: page.waitForSelector: Timeout 60000ms exceeded.\n'[39m +
        [32m'Call log:\n'[39m +
        [32m`\x1B[2m  - waiting for locator('iframe[title="Iframe for expiry date"]') to be visible\x1B[22m\n`[39m +
        [32m'\n'[39m +
        [32m'    at payWithCard (C:\\playwright-project\\src\\page-objects\\paymentPage.ts:4:20)\n'[39m +
        [32m'    at payWithCardInformation (C:\\playwright-project\\src\\tests\\2TipsNoExtraNoSeat.spec.ts:83:22)\n'[39m +
        [32m'    at fn (C:\\playwright-project\\src\\tests\\2TipsNoExtraNoSeat.spec.ts:211:17)\n'[39m +
        [32m'    at runWithRetries (C:\\playwright-project\\src\\tests\\2TipsNoExtraNoSeat.spec.ts:120:13)\n'[39m +
        [32m'    at executeTests (C:\\playwright-project\\src\\tests\\2TipsNoExtraNoSeat.spec.ts:210:37)\n'[39m +
        [32m'    at C:\\playwright-project\\src\\tests\\2TipsNoExtraNoSeat.spec.ts:316:30'[39m,
      cause: [90mundefined[39m
    }
  }
}
Error while handling iframe payment: page.waitForSelector: Timeout 60000ms exceeded.
Call log:
[2m  - waiting for locator('iframe[title="Iframe for expiry date"]') to be visible[22m

    at payWithCard [90m(C:\playwright-project\[39msrc\page-objects\paymentPage.ts:4:20[90m)[39m
    at payWithCardInformation [90m(C:\playwright-project\[39msrc\tests\2TipsNoExtraNoSeat.spec.ts:83:22[90m)[39m
    at fn [90m(C:\playwright-project\[39msrc\tests\2TipsNoExtraNoSeat.spec.ts:211:17[90m)[39m
    at runWithRetries [90m(C:\playwright-project\[39msrc\tests\2TipsNoExtraNoSeat.spec.ts:120:13[90m)[39m
    at executeTests [90m(C:\playwright-project\[39msrc\tests\2TipsNoExtraNoSeat.spec.ts:210:31[90m)[39m
    at [90mC:\playwright-project\[39msrc\tests\2TipsNoExtraNoSeat.spec.ts:316:30 {
  name: [32m'TimeoutError'[39m,
  [[32mSymbol(step)[39m]: {
    stepId: [32m'pw:api@120'[39m,
    location: {
      file: [32m'C:\\playwright-project\\src\\page-objects\\paymentPage.ts'[39m,
      line: [33m4[39m,
      column: [33m20[39m,
      function: [32m'payWithCard'[39m
    },
    category: [32m'pw:api'[39m,
    title: [32m'page.waitForSelector(iframe[title="Iframe for expiry date"])'[39m,
    apiName: [32m'page.waitForSelector'[39m,
    params: {
      selector: [32m'iframe[title="Iframe for expiry date"]'[39m,
      timeout: [33m60000[39m
    },
    boxedStack: [90mundefined[39m,
    steps: [],
    complete: [36m[Function: complete][39m,
    endWallTime: [33m1736495833063[39m,
    error: {
      message: [32m'TimeoutError: page.waitForSelector: Timeout 60000ms exceeded.\n'[39m +
        [32m'Call log:\n'[39m +
        [32m`\x1B[2m  - waiting for locator('iframe[title="Iframe for expiry date"]') to be visible\x1B[22m\n`[39m,
      stack: [32m'TimeoutError: page.waitForSelector: Timeout 60000ms exceeded.\n'[39m +
        [32m'Call log:\n'[39m +
        [32m`\x1B[2m  - waiting for locator('iframe[title="Iframe for expiry date"]') to be visible\x1B[22m\n`[39m +
        [32m'\n'[39m +
        [32m'    at payWithCard (C:\\playwright-project\\src\\page-objects\\paymentPage.ts:4:20)\n'[39m +
        [32m'    at payWithCardInformation (C:\\playwright-project\\src\\tests\\2TipsNoExtraNoSeat.spec.ts:83:22)\n'[39m +
        [32m'    at fn (C:\\playwright-project\\src\\tests\\2TipsNoExtraNoSeat.spec.ts:211:17)\n'[39m +
        [32m'    at runWithRetries (C:\\playwright-project\\src\\tests\\2TipsNoExtraNoSeat.spec.ts:120:13)\n'[39m +
        [32m'    at executeTests (C:\\playwright-project\\src\\tests\\2TipsNoExtraNoSeat.spec.ts:210:31)\n'[39m +
        [32m'    at C:\\playwright-project\\src\\tests\\2TipsNoExtraNoSeat.spec.ts:316:30'[39m,
      cause: [90mundefined[39m
    }
  }
}
Intento 2 fallido en payWithCard: page.waitForSelector: Timeout 60000ms exceeded.
Call log:
[2m  - waiting for locator('iframe[title="Iframe for expiry date"]') to be visible[22m

    at payWithCard [90m(C:\playwright-project\[39msrc\page-objects\paymentPage.ts:4:20[90m)[39m
    at payWithCardInformation [90m(C:\playwright-project\[39msrc\tests\2TipsNoExtraNoSeat.spec.ts:83:22[90m)[39m
    at fn [90m(C:\playwright-project\[39msrc\tests\2TipsNoExtraNoSeat.spec.ts:211:17[90m)[39m
    at runWithRetries [90m(C:\playwright-project\[39msrc\tests\2TipsNoExtraNoSeat.spec.ts:120:13[90m)[39m
    at executeTests [90m(C:\playwright-project\[39msrc\tests\2TipsNoExtraNoSeat.spec.ts:210:31[90m)[39m
    at [90mC:\playwright-project\[39msrc\tests\2TipsNoExtraNoSeat.spec.ts:316:30 {
  name: [32m'TimeoutError'[39m,
  [[32mSymbol(step)[39m]: {
    stepId: [32m'pw:api@120'[39m,
    location: {
      file: [32m'C:\\playwright-project\\src\\page-objects\\paymentPage.ts'[39m,
      line: [33m4[39m,
      column: [33m20[39m,
      function: [32m'payWithCard'[39m
    },
    category: [32m'pw:api'[39m,
    title: [32m'page.waitForSelector(iframe[title="Iframe for expiry date"])'[39m,
    apiName: [32m'page.waitForSelector'[39m,
    params: {
      selector: [32m'iframe[title="Iframe for expiry date"]'[39m,
      timeout: [33m60000[39m
    },
    boxedStack: [90mundefined[39m,
    steps: [],
    complete: [36m[Function: complete][39m,
    endWallTime: [33m1736495833063[39m,
    error: {
      message: [32m'TimeoutError: page.waitForSelector: Timeout 60000ms exceeded.\n'[39m +
        [32m'Call log:\n'[39m +
        [32m`\x1B[2m  - waiting for locator('iframe[title="Iframe for expiry date"]') to be visible\x1B[22m\n`[39m,
      stack: [32m'TimeoutError: page.waitForSelector: Timeout 60000ms exceeded.\n'[39m +
        [32m'Call log:\n'[39m +
        [32m`\x1B[2m  - waiting for locator('iframe[title="Iframe for expiry date"]') to be visible\x1B[22m\n`[39m +
        [32m'\n'[39m +
        [32m'    at payWithCard (C:\\playwright-project\\src\\page-objects\\paymentPage.ts:4:20)\n'[39m +
        [32m'    at payWithCardInformation (C:\\playwright-project\\src\\tests\\2TipsNoExtraNoSeat.spec.ts:83:22)\n'[39m +
        [32m'    at fn (C:\\playwright-project\\src\\tests\\2TipsNoExtraNoSeat.spec.ts:211:17)\n'[39m +
        [32m'    at runWithRetries (C:\\playwright-project\\src\\tests\\2TipsNoExtraNoSeat.spec.ts:120:13)\n'[39m +
        [32m'    at executeTests (C:\\playwright-project\\src\\tests\\2TipsNoExtraNoSeat.spec.ts:210:31)\n'[39m +
        [32m'    at C:\\playwright-project\\src\\tests\\2TipsNoExtraNoSeat.spec.ts:316:30'[39m,
      cause: [90mundefined[39m
    }
  }
}
Error while handling iframe payment: page.waitForSelector: Timeout 60000ms exceeded.
Call log:
[2m  - waiting for locator('iframe[title="Iframe for expiry date"]') to be visible[22m

    at payWithCard [90m(C:\playwright-project\[39msrc\page-objects\paymentPage.ts:4:20[90m)[39m
    at payWithCardInformation [90m(C:\playwright-project\[39msrc\tests\2TipsNoExtraNoSeat.spec.ts:83:22[90m)[39m
    at fn [90m(C:\playwright-project\[39msrc\tests\2TipsNoExtraNoSeat.spec.ts:211:17[90m)[39m
    at runWithRetries [90m(C:\playwright-project\[39msrc\tests\2TipsNoExtraNoSeat.spec.ts:120:13[90m)[39m
    at executeTests [90m(C:\playwright-project\[39msrc\tests\2TipsNoExtraNoSeat.spec.ts:210:31[90m)[39m
    at [90mC:\playwright-project\[39msrc\tests\2TipsNoExtraNoSeat.spec.ts:316:30 {
  name: [32m'TimeoutError'[39m,
  [[32mSymbol(step)[39m]: {
    stepId: [32m'pw:api@121'[39m,
    location: {
      file: [32m'C:\\playwright-project\\src\\page-objects\\paymentPage.ts'[39m,
      line: [33m4[39m,
      column: [33m20[39m,
      function: [32m'payWithCard'[39m
    },
    category: [32m'pw:api'[39m,
    title: [32m'page.waitForSelector(iframe[title="Iframe for expiry date"])'[39m,
    apiName: [32m'page.waitForSelector'[39m,
    params: {
      selector: [32m'iframe[title="Iframe for expiry date"]'[39m,
      timeout: [33m60000[39m
    },
    boxedStack: [90mundefined[39m,
    steps: [],
    complete: [36m[Function: complete][39m,
    endWallTime: [33m1736495893082[39m,
    error: {
      message: [32m'TimeoutError: page.waitForSelector: Timeout 60000ms exceeded.\n'[39m +
        [32m'Call log:\n'[39m +
        [32m`\x1B[2m  - waiting for locator('iframe[title="Iframe for expiry date"]') to be visible\x1B[22m\n`[39m,
      stack: [32m'TimeoutError: page.waitForSelector: Timeout 60000ms exceeded.\n'[39m +
        [32m'Call log:\n'[39m +
        [32m`\x1B[2m  - waiting for locator('iframe[title="Iframe for expiry date"]') to be visible\x1B[22m\n`[39m +
        [32m'\n'[39m +
        [32m'    at payWithCard (C:\\playwright-project\\src\\page-objects\\paymentPage.ts:4:20)\n'[39m +
        [32m'    at payWithCardInformation (C:\\playwright-project\\src\\tests\\2TipsNoExtraNoSeat.spec.ts:83:22)\n'[39m +
        [32m'    at fn (C:\\playwright-project\\src\\tests\\2TipsNoExtraNoSeat.spec.ts:211:17)\n'[39m +
        [32m'    at runWithRetries (C:\\playwright-project\\src\\tests\\2TipsNoExtraNoSeat.spec.ts:120:13)\n'[39m +
        [32m'    at executeTests (C:\\playwright-project\\src\\tests\\2TipsNoExtraNoSeat.spec.ts:210:31)\n'[39m +
        [32m'    at C:\\playwright-project\\src\\tests\\2TipsNoExtraNoSeat.spec.ts:316:30'[39m,
      cause: [90mundefined[39m
    }
  }
}
Intento 3 fallido en payWithCard: page.waitForSelector: Timeout 60000ms exceeded.
Call log:
[2m  - waiting for locator('iframe[title="Iframe for expiry date"]') to be visible[22m

    at payWithCard [90m(C:\playwright-project\[39msrc\page-objects\paymentPage.ts:4:20[90m)[39m
    at payWithCardInformation [90m(C:\playwright-project\[39msrc\tests\2TipsNoExtraNoSeat.spec.ts:83:22[90m)[39m
    at fn [90m(C:\playwright-project\[39msrc\tests\2TipsNoExtraNoSeat.spec.ts:211:17[90m)[39m
    at runWithRetries [90m(C:\playwright-project\[39msrc\tests\2TipsNoExtraNoSeat.spec.ts:120:13[90m)[39m
    at executeTests [90m(C:\playwright-project\[39msrc\tests\2TipsNoExtraNoSeat.spec.ts:210:31[90m)[39m
    at [90mC:\playwright-project\[39msrc\tests\2TipsNoExtraNoSeat.spec.ts:316:30 {
  name: [32m'TimeoutError'[39m,
  [[32mSymbol(step)[39m]: {
    stepId: [32m'pw:api@121'[39m,
    location: {
      file: [32m'C:\\playwright-project\\src\\page-objects\\paymentPage.ts'[39m,
      line: [33m4[39m,
      column: [33m20[39m,
      function: [32m'payWithCard'[39m
    },
    category: [32m'pw:api'[39m,
    title: [32m'page.waitForSelector(iframe[title="Iframe for expiry date"])'[39m,
    apiName: [32m'page.waitForSelector'[39m,
    params: {
      selector: [32m'iframe[title="Iframe for expiry date"]'[39m,
      timeout: [33m60000[39m
    },
    boxedStack: [90mundefined[39m,
    steps: [],
    complete: [36m[Function: complete][39m,
    endWallTime: [33m1736495893082[39m,
    error: {
      message: [32m'TimeoutError: page.waitForSelector: Timeout 60000ms exceeded.\n'[39m +
        [32m'Call log:\n'[39m +
        [32m`\x1B[2m  - waiting for locator('iframe[title="Iframe for expiry date"]') to be visible\x1B[22m\n`[39m,
      stack: [32m'TimeoutError: page.waitForSelector: Timeout 60000ms exceeded.\n'[39m +
        [32m'Call log:\n'[39m +
        [32m`\x1B[2m  - waiting for locator('iframe[title="Iframe for expiry date"]') to be visible\x1B[22m\n`[39m +
        [32m'\n'[39m +
        [32m'    at payWithCard (C:\\playwright-project\\src\\page-objects\\paymentPage.ts:4:20)\n'[39m +
        [32m'    at payWithCardInformation (C:\\playwright-project\\src\\tests\\2TipsNoExtraNoSeat.spec.ts:83:22)\n'[39m +
        [32m'    at fn (C:\\playwright-project\\src\\tests\\2TipsNoExtraNoSeat.spec.ts:211:17)\n'[39m +
        [32m'    at runWithRetries (C:\\playwright-project\\src\\tests\\2TipsNoExtraNoSeat.spec.ts:120:13)\n'[39m +
        [32m'    at executeTests (C:\\playwright-project\\src\\tests\\2TipsNoExtraNoSeat.spec.ts:210:31)\n'[39m +
        [32m'    at C:\\playwright-project\\src\\tests\\2TipsNoExtraNoSeat.spec.ts:316:30'[39m,
      cause: [90mundefined[39m
    }
  }
}
Prueba payWithCard fallida después de 3 intentos.
Error while handling iframe payment: page.waitForSelector: Timeout 60000ms exceeded.
Call log:
[2m  - waiting for locator('iframe[title="Iframe for expiry date"]') to be visible[22m

    at payWithCard [90m(C:\playwright-project\[39msrc\page-objects\paymentPage.ts:4:20[90m)[39m
    at payWithCardInformation [90m(C:\playwright-project\[39msrc\tests\2TipsNoExtraNoSeat.spec.ts:83:22[90m)[39m
    at fn [90m(C:\playwright-project\[39msrc\tests\2TipsNoExtraNoSeat.spec.ts:211:17[90m)[39m
    at runWithRetries [90m(C:\playwright-project\[39msrc\tests\2TipsNoExtraNoSeat.spec.ts:120:13[90m)[39m
    at executeTests [90m(C:\playwright-project\[39msrc\tests\2TipsNoExtraNoSeat.spec.ts:210:37[90m)[39m
    at [90mC:\playwright-project\[39msrc\tests\2TipsNoExtraNoSeat.spec.ts:316:30 {
  name: [32m'TimeoutError'[39m,
  [[32mSymbol(step)[39m]: {
    stepId: [32m'pw:api@215'[39m,
    location: {
      file: [32m'C:\\playwright-project\\src\\page-objects\\paymentPage.ts'[39m,
      line: [33m4[39m,
      column: [33m20[39m,
      function: [32m'payWithCard'[39m
    },
    category: [32m'pw:api'[39m,
    title: [32m'page.waitForSelector(iframe[title="Iframe for expiry date"])'[39m,
    apiName: [32m'page.waitForSelector'[39m,
    params: {
      selector: [32m'iframe[title="Iframe for expiry date"]'[39m,
      timeout: [33m60000[39m
    },
    boxedStack: [90mundefined[39m,
    steps: [],
    complete: [36m[Function: complete][39m,
    endWallTime: [33m1736496006464[39m,
    error: {
      message: [32m'TimeoutError: page.waitForSelector: Timeout 60000ms exceeded.\n'[39m +
        [32m'Call log:\n'[39m +
        [32m`\x1B[2m  - waiting for locator('iframe[title="Iframe for expiry date"]') to be visible\x1B[22m\n`[39m,
      stack: [32m'TimeoutError: page.waitForSelector: Timeout 60000ms exceeded.\n'[39m +
        [32m'Call log:\n'[39m +
        [32m`\x1B[2m  - waiting for locator('iframe[title="Iframe for expiry date"]') to be visible\x1B[22m\n`[39m +
        [32m'\n'[39m +
        [32m'    at payWithCard (C:\\playwright-project\\src\\page-objects\\paymentPage.ts:4:20)\n'[39m +
        [32m'    at payWithCardInformation (C:\\playwright-project\\src\\tests\\2TipsNoExtraNoSeat.spec.ts:83:22)\n'[39m +
        [32m'    at fn (C:\\playwright-project\\src\\tests\\2TipsNoExtraNoSeat.spec.ts:211:17)\n'[39m +
        [32m'    at runWithRetries (C:\\playwright-project\\src\\tests\\2TipsNoExtraNoSeat.spec.ts:120:13)\n'[39m +
        [32m'    at executeTests (C:\\playwright-project\\src\\tests\\2TipsNoExtraNoSeat.spec.ts:210:37)\n'[39m +
        [32m'    at C:\\playwright-project\\src\\tests\\2TipsNoExtraNoSeat.spec.ts:316:30'[39m,
      cause: [90mundefined[39m
    }
  }
}
Intento 1 fallido en payWithCard: page.waitForSelector: Timeout 60000ms exceeded.
Call log:
[2m  - waiting for locator('iframe[title="Iframe for expiry date"]') to be visible[22m

    at payWithCard [90m(C:\playwright-project\[39msrc\page-objects\paymentPage.ts:4:20[90m)[39m
    at payWithCardInformation [90m(C:\playwright-project\[39msrc\tests\2TipsNoExtraNoSeat.spec.ts:83:22[90m)[39m
    at fn [90m(C:\playwright-project\[39msrc\tests\2TipsNoExtraNoSeat.spec.ts:211:17[90m)[39m
    at runWithRetries [90m(C:\playwright-project\[39msrc\tests\2TipsNoExtraNoSeat.spec.ts:120:13[90m)[39m
    at executeTests [90m(C:\playwright-project\[39msrc\tests\2TipsNoExtraNoSeat.spec.ts:210:37[90m)[39m
    at [90mC:\playwright-project\[39msrc\tests\2TipsNoExtraNoSeat.spec.ts:316:30 {
  name: [32m'TimeoutError'[39m,
  [[32mSymbol(step)[39m]: {
    stepId: [32m'pw:api@215'[39m,
    location: {
      file: [32m'C:\\playwright-project\\src\\page-objects\\paymentPage.ts'[39m,
      line: [33m4[39m,
      column: [33m20[39m,
      function: [32m'payWithCard'[39m
    },
    category: [32m'pw:api'[39m,
    title: [32m'page.waitForSelector(iframe[title="Iframe for expiry date"])'[39m,
    apiName: [32m'page.waitForSelector'[39m,
    params: {
      selector: [32m'iframe[title="Iframe for expiry date"]'[39m,
      timeout: [33m60000[39m
    },
    boxedStack: [90mundefined[39m,
    steps: [],
    complete: [36m[Function: complete][39m,
    endWallTime: [33m1736496006464[39m,
    error: {
      message: [32m'TimeoutError: page.waitForSelector: Timeout 60000ms exceeded.\n'[39m +
        [32m'Call log:\n'[39m +
        [32m`\x1B[2m  - waiting for locator('iframe[title="Iframe for expiry date"]') to be visible\x1B[22m\n`[39m,
      stack: [32m'TimeoutError: page.waitForSelector: Timeout 60000ms exceeded.\n'[39m +
        [32m'Call log:\n'[39m +
        [32m`\x1B[2m  - waiting for locator('iframe[title="Iframe for expiry date"]') to be visible\x1B[22m\n`[39m +
        [32m'\n'[39m +
        [32m'    at payWithCard (C:\\playwright-project\\src\\page-objects\\paymentPage.ts:4:20)\n'[39m +
        [32m'    at payWithCardInformation (C:\\playwright-project\\src\\tests\\2TipsNoExtraNoSeat.spec.ts:83:22)\n'[39m +
        [32m'    at fn (C:\\playwright-project\\src\\tests\\2TipsNoExtraNoSeat.spec.ts:211:17)\n'[39m +
        [32m'    at runWithRetries (C:\\playwright-project\\src\\tests\\2TipsNoExtraNoSeat.spec.ts:120:13)\n'[39m +
        [32m'    at executeTests (C:\\playwright-project\\src\\tests\\2TipsNoExtraNoSeat.spec.ts:210:37)\n'[39m +
        [32m'    at C:\\playwright-project\\src\\tests\\2TipsNoExtraNoSeat.spec.ts:316:30'[39m,
      cause: [90mundefined[39m
    }
  }
}
Error while handling iframe payment: page.waitForSelector: Test ended.
Call log:
[2m  - waiting for locator('iframe[title="Iframe for expiry date"]') to be visible[22m

    at payWithCard [90m(C:\playwright-project\[39msrc\page-objects\paymentPage.ts:4:20[90m)[39m
    at payWithCardInformation [90m(C:\playwright-project\[39msrc\tests\2TipsNoExtraNoSeat.spec.ts:83:22[90m)[39m
    at fn [90m(C:\playwright-project\[39msrc\tests\2TipsNoExtraNoSeat.spec.ts:211:17[90m)[39m
    at runWithRetries [90m(C:\playwright-project\[39msrc\tests\2TipsNoExtraNoSeat.spec.ts:120:13[90m)[39m
    at executeTests [90m(C:\playwright-project\[39msrc\tests\2TipsNoExtraNoSeat.spec.ts:210:31[90m)[39m
    at [90mC:\playwright-project\[39msrc\tests\2TipsNoExtraNoSeat.spec.ts:316:30
Intento 2 fallido en payWithCard: page.waitForSelector: Test ended.
Call log:
[2m  - waiting for locator('iframe[title="Iframe for expiry date"]') to be visible[22m

    at payWithCard [90m(C:\playwright-project\[39msrc\page-objects\paymentPage.ts:4:20[90m)[39m
    at payWithCardInformation [90m(C:\playwright-project\[39msrc\tests\2TipsNoExtraNoSeat.spec.ts:83:22[90m)[39m
    at fn [90m(C:\playwright-project\[39msrc\tests\2TipsNoExtraNoSeat.spec.ts:211:17[90m)[39m
    at runWithRetries [90m(C:\playwright-project\[39msrc\tests\2TipsNoExtraNoSeat.spec.ts:120:13[90m)[39m
    at executeTests [90m(C:\playwright-project\[39msrc\tests\2TipsNoExtraNoSeat.spec.ts:210:31[90m)[39m
    at [90mC:\playwright-project\[39msrc\tests\2TipsNoExtraNoSeat.spec.ts:316:30
Error while handling iframe payment: page.waitForSelector: Target page, context or browser has been closed
    at payWithCard [90m(C:\playwright-project\[39msrc\page-objects\paymentPage.ts:4:20[90m)[39m
    at payWithCardInformation [90m(C:\playwright-project\[39msrc\tests\2TipsNoExtraNoSeat.spec.ts:83:22[90m)[39m
    at fn [90m(C:\playwright-project\[39msrc\tests\2TipsNoExtraNoSeat.spec.ts:211:17[90m)[39m
    at runWithRetries [90m(C:\playwright-project\[39msrc\tests\2TipsNoExtraNoSeat.spec.ts:120:13[90m)[39m
    at executeTests [90m(C:\playwright-project\[39msrc\tests\2TipsNoExtraNoSeat.spec.ts:210:31[90m)[39m
    at [90mC:\playwright-project\[39msrc\tests\2TipsNoExtraNoSeat.spec.ts:316:30
Intento 3 fallido en payWithCard: page.waitForSelector: Target page, context or browser has been closed
    at payWithCard [90m(C:\playwright-project\[39msrc\page-objects\paymentPage.ts:4:20[90m)[39m
    at payWithCardInformation [90m(C:\playwright-project\[39msrc\tests\2TipsNoExtraNoSeat.spec.ts:83:22[90m)[39m
    at fn [90m(C:\playwright-project\[39msrc\tests\2TipsNoExtraNoSeat.spec.ts:211:17[90m)[39m
    at runWithRetries [90m(C:\playwright-project\[39msrc\tests\2TipsNoExtraNoSeat.spec.ts:120:13[90m)[39m
    at executeTests [90m(C:\playwright-project\[39msrc\tests\2TipsNoExtraNoSeat.spec.ts:210:31[90m)[39m
    at [90mC:\playwright-project\[39msrc\tests\2TipsNoExtraNoSeat.spec.ts:316:30
Error crítico durante la ejecución: page.screenshot: Target page, context or browser has been closed
    at runWithRetries [90m(C:\playwright-project\[39msrc\tests\2TipsNoExtraNoSeat.spec.ts:125:20[90m)[39m
    at executeTests [90m(C:\playwright-project\[39msrc\tests\2TipsNoExtraNoSeat.spec.ts:210:31[90m)[39m
    at [90mC:\playwright-project\[39msrc\tests\2TipsNoExtraNoSeat.spec.ts:316:30

Warning: attachment 2TipsNoExtraNoSeat-2-Compr-460d0-ión-completa-con-reintentos-chromium\test-failed-1.png is missing
</system-err>
</testcase>
<testcase name="3. Compra 1 adt - 1 chd - Eco Light - Eco Light - sin asistencia › Ejecución completa con reintentos" classname="2TipsNoExtraNoSeat.spec.ts" time="38.504">
<system-out>
Ejecución completa, intento 1 de 5
Ejecutando Booking, intento 1
Fecha de salida seleccionada: { year: [32m'2025'[39m, month: [32m'6'[39m, index: [33m0[39m, value: [33m3[39m }
Fecha de regreso seleccionada: { year: [32m'2025'[39m, month: [32m'6'[39m, index: [33m1[39m, value: [33m5[39m }
Ajustando número de pasajeros
Successfully clicked the element: div.price-cabin:has-text("Economy")
Successfully clicked the element: div.price-cabin:has-text("Economy")
Ejecutando fillPassengerAdult 1, intento 1
Ejecutando fillPassengerChild 1, intento 1
Ejecutando fillContact, intento 1
Ejecutando payWithCard, intento 1
Iframe encontrado.
Ejecutando payWithCard, intento 1
Ejecutando payWithCard, intento 2
Ejecutando payWithCard, intento 3

</system-out>
<system-err>
Confirmation page validation failed: Flight Summary section not found on confirmation page
Intento 1 fallido en payWithCard: Error: Flight Summary section not found on confirmation page
    at validationConfirmPage [90m(C:\playwright-project\[39msrc\page-objects\confirmation.ts:29:19[90m)[39m
[90m    at runNextTicks (node:internal/process/task_queues:65:5)[39m
[90m    at processImmediate (node:internal/timers:459:9)[39m
[90m    at process.callbackTrampoline (node:internal/async_hooks:130:17)[39m
    at validationConfirmationPage [90m(C:\playwright-project\[39msrc\tests\2TipsNoExtraNoSeat.spec.ts:89:3[90m)[39m
    at runWithRetries [90m(C:\playwright-project\[39msrc\tests\2TipsNoExtraNoSeat.spec.ts:120:7[90m)[39m
    at executeTests [90m(C:\playwright-project\[39msrc\tests\2TipsNoExtraNoSeat.spec.ts:220:31[90m)[39m
    at [90mC:\playwright-project\[39msrc\tests\2TipsNoExtraNoSeat.spec.ts:359:30
    at [90mC:\playwright-project\[39mnode_modules\[4mplaywright[24m\lib\worker\workerMain.js:339:9
    at [90mC:\playwright-project\[39mnode_modules\[4mplaywright[24m\lib\worker\testInfo.js:286:11
    at TimeoutManager.withRunnable [90m(C:\playwright-project\[39mnode_modules\[4mplaywright[24m\lib\worker\timeoutManager.js:64:14[90m)[39m
    at TestInfoImpl._runAsStage [90m(C:\playwright-project\[39mnode_modules\[4mplaywright[24m\lib\worker\testInfo.js:284:7[90m)[39m
    at [90mC:\playwright-project\[39mnode_modules\[4mplaywright[24m\lib\worker\workerMain.js:331:7
    at [90mC:\playwright-project\[39mnode_modules\[4mplaywright[24m\lib\worker\testInfo.js:286:11
    at TimeoutManager.withRunnable [90m(C:\playwright-project\[39mnode_modules\[4mplaywright[24m\lib\worker\timeoutManager.js:52:27[90m)[39m
    at TestInfoImpl._runAsStage [90m(C:\playwright-project\[39mnode_modules\[4mplaywright[24m\lib\worker\testInfo.js:284:7[90m)[39m
    at WorkerMain._runTest [90m(C:\playwright-project\[39mnode_modules\[4mplaywright[24m\lib\worker\workerMain.js:281:5[90m)[39m
    at WorkerMain.runTestGroup [90m(C:\playwright-project\[39mnode_modules\[4mplaywright[24m\lib\worker\workerMain.js:205:11[90m)[39m
    at process.&lt;anonymous&gt; [90m(C:\playwright-project\[39mnode_modules\[4mplaywright[24m\lib\common\process.js:95:22[90m)[39m
Confirmation page validation failed: Not on confirmation page URL
Intento 2 fallido en payWithCard: Error: Not on confirmation page URL
    at validationConfirmPage [90m(C:\playwright-project\[39msrc\page-objects\confirmation.ts:36:19[90m)[39m
    at validationConfirmationPage [90m(C:\playwright-project\[39msrc\tests\2TipsNoExtraNoSeat.spec.ts:89:3[90m)[39m
    at runWithRetries [90m(C:\playwright-project\[39msrc\tests\2TipsNoExtraNoSeat.spec.ts:120:7[90m)[39m
    at executeTests [90m(C:\playwright-project\[39msrc\tests\2TipsNoExtraNoSeat.spec.ts:220:31[90m)[39m
    at [90mC:\playwright-project\[39msrc\tests\2TipsNoExtraNoSeat.spec.ts:359:30
    at [90mC:\playwright-project\[39mnode_modules\[4mplaywright[24m\lib\worker\workerMain.js:339:9
    at [90mC:\playwright-project\[39mnode_modules\[4mplaywright[24m\lib\worker\testInfo.js:286:11
    at TimeoutManager.withRunnable [90m(C:\playwright-project\[39mnode_modules\[4mplaywright[24m\lib\worker\timeoutManager.js:64:14[90m)[39m
    at TestInfoImpl._runAsStage [90m(C:\playwright-project\[39mnode_modules\[4mplaywright[24m\lib\worker\testInfo.js:284:7[90m)[39m
    at [90mC:\playwright-project\[39mnode_modules\[4mplaywright[24m\lib\worker\workerMain.js:331:7
    at [90mC:\playwright-project\[39mnode_modules\[4mplaywright[24m\lib\worker\testInfo.js:286:11
    at TimeoutManager.withRunnable [90m(C:\playwright-project\[39mnode_modules\[4mplaywright[24m\lib\worker\timeoutManager.js:52:27[90m)[39m
    at TestInfoImpl._runAsStage [90m(C:\playwright-project\[39mnode_modules\[4mplaywright[24m\lib\worker\testInfo.js:284:7[90m)[39m
    at WorkerMain._runTest [90m(C:\playwright-project\[39mnode_modules\[4mplaywright[24m\lib\worker\workerMain.js:281:5[90m)[39m
    at WorkerMain.runTestGroup [90m(C:\playwright-project\[39mnode_modules\[4mplaywright[24m\lib\worker\workerMain.js:205:11[90m)[39m
    at process.&lt;anonymous&gt; [90m(C:\playwright-project\[39mnode_modules\[4mplaywright[24m\lib\common\process.js:95:22[90m)[39m

</system-err>
</testcase>
<testcase name="4. Compra 1 adt - 1 chd - Eco Light - Eco Light - con assitence › Ejecución completa con reintentos" classname="2TipsNoExtraNoSeat.spec.ts" time="44.828">
<system-out>
Ejecución completa, intento 1 de 5
Ejecutando Booking, intento 1
Fecha de salida seleccionada: { year: [32m'2025'[39m, month: [32m'4'[39m, index: [33m9[39m, value: [33m22[39m }
Fecha de regreso seleccionada: { year: [32m'2025'[39m, month: [32m'4'[39m, index: [33m10[39m, value: [33m24[39m }
Ajustando número de pasajeros
Successfully clicked the element: div.price-cabin:has-text("Economy")
Successfully clicked the element: div.price-cabin:has-text("Economy")
Ejecutando fillPassengerAdult 1, intento 1
Ejecutando fillPassengerChild 1, intento 1
Ejecutando fillContact, intento 1
Ejecutando payWithCard, intento 1
Iframe encontrado.
Ejecutando payWithCard, intento 1
Ejecutando payWithCard, intento 2
Ejecutando payWithCard, intento 3

</system-out>
<system-err>
Confirmation page validation failed: Flight Summary section not found on confirmation page
Intento 1 fallido en payWithCard: Error: Flight Summary section not found on confirmation page
    at validationConfirmPage [90m(C:\playwright-project\[39msrc\page-objects\confirmation.ts:29:19[90m)[39m
[90m    at runNextTicks (node:internal/process/task_queues:65:5)[39m
[90m    at processImmediate (node:internal/timers:459:9)[39m
[90m    at process.callbackTrampoline (node:internal/async_hooks:130:17)[39m
    at validationConfirmationPage [90m(C:\playwright-project\[39msrc\tests\2TipsNoExtraNoSeat.spec.ts:89:3[90m)[39m
    at runWithRetries [90m(C:\playwright-project\[39msrc\tests\2TipsNoExtraNoSeat.spec.ts:120:7[90m)[39m
    at executeTests [90m(C:\playwright-project\[39msrc\tests\2TipsNoExtraNoSeat.spec.ts:220:31[90m)[39m
    at [90mC:\playwright-project\[39msrc\tests\2TipsNoExtraNoSeat.spec.ts:404:30
    at [90mC:\playwright-project\[39mnode_modules\[4mplaywright[24m\lib\worker\workerMain.js:339:9
    at [90mC:\playwright-project\[39mnode_modules\[4mplaywright[24m\lib\worker\testInfo.js:286:11
    at TimeoutManager.withRunnable [90m(C:\playwright-project\[39mnode_modules\[4mplaywright[24m\lib\worker\timeoutManager.js:64:14[90m)[39m
    at TestInfoImpl._runAsStage [90m(C:\playwright-project\[39mnode_modules\[4mplaywright[24m\lib\worker\testInfo.js:284:7[90m)[39m
    at [90mC:\playwright-project\[39mnode_modules\[4mplaywright[24m\lib\worker\workerMain.js:331:7
    at [90mC:\playwright-project\[39mnode_modules\[4mplaywright[24m\lib\worker\testInfo.js:286:11
    at TimeoutManager.withRunnable [90m(C:\playwright-project\[39mnode_modules\[4mplaywright[24m\lib\worker\timeoutManager.js:52:27[90m)[39m
    at TestInfoImpl._runAsStage [90m(C:\playwright-project\[39mnode_modules\[4mplaywright[24m\lib\worker\testInfo.js:284:7[90m)[39m
    at WorkerMain._runTest [90m(C:\playwright-project\[39mnode_modules\[4mplaywright[24m\lib\worker\workerMain.js:281:5[90m)[39m
    at WorkerMain.runTestGroup [90m(C:\playwright-project\[39mnode_modules\[4mplaywright[24m\lib\worker\workerMain.js:205:11[90m)[39m
    at process.&lt;anonymous&gt; [90m(C:\playwright-project\[39mnode_modules\[4mplaywright[24m\lib\common\process.js:95:22[90m)[39m
Confirmation page validation failed: Not on confirmation page URL
Intento 2 fallido en payWithCard: Error: Not on confirmation page URL
    at validationConfirmPage [90m(C:\playwright-project\[39msrc\page-objects\confirmation.ts:36:19[90m)[39m
[90m    at runNextTicks (node:internal/process/task_queues:65:5)[39m
[90m    at processImmediate (node:internal/timers:459:9)[39m
[90m    at process.callbackTrampoline (node:internal/async_hooks:130:17)[39m
    at validationConfirmationPage [90m(C:\playwright-project\[39msrc\tests\2TipsNoExtraNoSeat.spec.ts:89:3[90m)[39m
    at runWithRetries [90m(C:\playwright-project\[39msrc\tests\2TipsNoExtraNoSeat.spec.ts:120:7[90m)[39m
    at executeTests [90m(C:\playwright-project\[39msrc\tests\2TipsNoExtraNoSeat.spec.ts:220:31[90m)[39m
    at [90mC:\playwright-project\[39msrc\tests\2TipsNoExtraNoSeat.spec.ts:404:30
    at [90mC:\playwright-project\[39mnode_modules\[4mplaywright[24m\lib\worker\workerMain.js:339:9
    at [90mC:\playwright-project\[39mnode_modules\[4mplaywright[24m\lib\worker\testInfo.js:286:11
    at TimeoutManager.withRunnable [90m(C:\playwright-project\[39mnode_modules\[4mplaywright[24m\lib\worker\timeoutManager.js:64:14[90m)[39m
    at TestInfoImpl._runAsStage [90m(C:\playwright-project\[39mnode_modules\[4mplaywright[24m\lib\worker\testInfo.js:284:7[90m)[39m
    at [90mC:\playwright-project\[39mnode_modules\[4mplaywright[24m\lib\worker\workerMain.js:331:7
    at [90mC:\playwright-project\[39mnode_modules\[4mplaywright[24m\lib\worker\testInfo.js:286:11
    at TimeoutManager.withRunnable [90m(C:\playwright-project\[39mnode_modules\[4mplaywright[24m\lib\worker\timeoutManager.js:52:27[90m)[39m
    at TestInfoImpl._runAsStage [90m(C:\playwright-project\[39mnode_modules\[4mplaywright[24m\lib\worker\testInfo.js:284:7[90m)[39m
    at WorkerMain._runTest [90m(C:\playwright-project\[39mnode_modules\[4mplaywright[24m\lib\worker\workerMain.js:281:5[90m)[39m
    at WorkerMain.runTestGroup [90m(C:\playwright-project\[39mnode_modules\[4mplaywright[24m\lib\worker\workerMain.js:205:11[90m)[39m
    at process.&lt;anonymous&gt; [90m(C:\playwright-project\[39mnode_modules\[4mplaywright[24m\lib\common\process.js:95:22[90m)[39m

</system-err>
</testcase>
<testcase name="5. Compra 1 adt - 3 chd - Eco Light - Eco Light - con assitence › Ejecución completa con reintentos" classname="2TipsNoExtraNoSeat.spec.ts" time="65.587">
<system-out>
Ejecución completa, intento 1 de 5
Ejecutando Booking, intento 1
Fecha de salida seleccionada: { year: [32m'2025'[39m, month: [32m'5'[39m, index: [33m0[39m, value: [33m1[39m }
Fecha de regreso seleccionada: { year: [32m'2025'[39m, month: [32m'5'[39m, index: [33m1[39m, value: [33m3[39m }
Ajustando número de pasajeros
Successfully clicked the element: div.price-cabin:has-text("Economy")
Successfully clicked the element: div.price-cabin:has-text("Economy")
Ejecutando fillPassengerAdult 1, intento 1
Ejecutando fillPassengerChild 1, intento 1
Ejecutando fillPassengerChild 2, intento 1
Ejecutando fillPassengerChild 3, intento 1
Ejecutando fillContact, intento 1
Ejecutando payWithCard, intento 1
Iframe encontrado.
Ejecutando payWithCard, intento 1
Ejecutando payWithCard, intento 2
Ejecutando payWithCard, intento 3

</system-out>
<system-err>
Confirmation page validation failed: Flight Summary section not found on confirmation page
Intento 1 fallido en payWithCard: Error: Flight Summary section not found on confirmation page
    at validationConfirmPage [90m(C:\playwright-project\[39msrc\page-objects\confirmation.ts:29:19[90m)[39m
[90m    at runNextTicks (node:internal/process/task_queues:65:5)[39m
[90m    at processImmediate (node:internal/timers:459:9)[39m
[90m    at process.callbackTrampoline (node:internal/async_hooks:130:17)[39m
    at validationConfirmationPage [90m(C:\playwright-project\[39msrc\tests\2TipsNoExtraNoSeat.spec.ts:89:3[90m)[39m
    at runWithRetries [90m(C:\playwright-project\[39msrc\tests\2TipsNoExtraNoSeat.spec.ts:120:7[90m)[39m
    at executeTests [90m(C:\playwright-project\[39msrc\tests\2TipsNoExtraNoSeat.spec.ts:220:31[90m)[39m
    at [90mC:\playwright-project\[39msrc\tests\2TipsNoExtraNoSeat.spec.ts:447:30
    at [90mC:\playwright-project\[39mnode_modules\[4mplaywright[24m\lib\worker\workerMain.js:339:9
    at [90mC:\playwright-project\[39mnode_modules\[4mplaywright[24m\lib\worker\testInfo.js:286:11
    at TimeoutManager.withRunnable [90m(C:\playwright-project\[39mnode_modules\[4mplaywright[24m\lib\worker\timeoutManager.js:64:14[90m)[39m
    at TestInfoImpl._runAsStage [90m(C:\playwright-project\[39mnode_modules\[4mplaywright[24m\lib\worker\testInfo.js:284:7[90m)[39m
    at [90mC:\playwright-project\[39mnode_modules\[4mplaywright[24m\lib\worker\workerMain.js:331:7
    at [90mC:\playwright-project\[39mnode_modules\[4mplaywright[24m\lib\worker\testInfo.js:286:11
    at TimeoutManager.withRunnable [90m(C:\playwright-project\[39mnode_modules\[4mplaywright[24m\lib\worker\timeoutManager.js:52:27[90m)[39m
    at TestInfoImpl._runAsStage [90m(C:\playwright-project\[39mnode_modules\[4mplaywright[24m\lib\worker\testInfo.js:284:7[90m)[39m
    at WorkerMain._runTest [90m(C:\playwright-project\[39mnode_modules\[4mplaywright[24m\lib\worker\workerMain.js:281:5[90m)[39m
    at WorkerMain.runTestGroup [90m(C:\playwright-project\[39mnode_modules\[4mplaywright[24m\lib\worker\workerMain.js:205:11[90m)[39m
    at process.&lt;anonymous&gt; [90m(C:\playwright-project\[39mnode_modules\[4mplaywright[24m\lib\common\process.js:95:22[90m)[39m
Confirmation page validation failed: Not on confirmation page URL
Intento 2 fallido en payWithCard: Error: Not on confirmation page URL
    at validationConfirmPage [90m(C:\playwright-project\[39msrc\page-objects\confirmation.ts:36:19[90m)[39m
    at validationConfirmationPage [90m(C:\playwright-project\[39msrc\tests\2TipsNoExtraNoSeat.spec.ts:89:3[90m)[39m
    at runWithRetries [90m(C:\playwright-project\[39msrc\tests\2TipsNoExtraNoSeat.spec.ts:120:7[90m)[39m
    at executeTests [90m(C:\playwright-project\[39msrc\tests\2TipsNoExtraNoSeat.spec.ts:220:31[90m)[39m
    at [90mC:\playwright-project\[39msrc\tests\2TipsNoExtraNoSeat.spec.ts:447:30
    at [90mC:\playwright-project\[39mnode_modules\[4mplaywright[24m\lib\worker\workerMain.js:339:9
    at [90mC:\playwright-project\[39mnode_modules\[4mplaywright[24m\lib\worker\testInfo.js:286:11
    at TimeoutManager.withRunnable [90m(C:\playwright-project\[39mnode_modules\[4mplaywright[24m\lib\worker\timeoutManager.js:64:14[90m)[39m
    at TestInfoImpl._runAsStage [90m(C:\playwright-project\[39mnode_modules\[4mplaywright[24m\lib\worker\testInfo.js:284:7[90m)[39m
    at [90mC:\playwright-project\[39mnode_modules\[4mplaywright[24m\lib\worker\workerMain.js:331:7
    at [90mC:\playwright-project\[39mnode_modules\[4mplaywright[24m\lib\worker\testInfo.js:286:11
    at TimeoutManager.withRunnable [90m(C:\playwright-project\[39mnode_modules\[4mplaywright[24m\lib\worker\timeoutManager.js:52:27[90m)[39m
    at TestInfoImpl._runAsStage [90m(C:\playwright-project\[39mnode_modules\[4mplaywright[24m\lib\worker\testInfo.js:284:7[90m)[39m
    at WorkerMain._runTest [90m(C:\playwright-project\[39mnode_modules\[4mplaywright[24m\lib\worker\workerMain.js:281:5[90m)[39m
    at WorkerMain.runTestGroup [90m(C:\playwright-project\[39mnode_modules\[4mplaywright[24m\lib\worker\workerMain.js:205:11[90m)[39m
    at process.&lt;anonymous&gt; [90m(C:\playwright-project\[39mnode_modules\[4mplaywright[24m\lib\common\process.js:95:22[90m)[39m

</system-err>
</testcase>
<testcase name="6. Compra 1 adt - 1 inl - Eco Light - Eco Light  › Ejecución completa con reintentos" classname="2TipsNoExtraNoSeat.spec.ts" time="43.043">
<system-out>
Ejecución completa, intento 1 de 5
Ejecutando Booking, intento 1
Fecha de salida seleccionada: { year: [32m'2025'[39m, month: [32m'6'[39m, index: [33m2[39m, value: [33m7[39m }
Fecha de regreso seleccionada: { year: [32m'2025'[39m, month: [32m'6'[39m, index: [33m3[39m, value: [33m10[39m }
Ajustando número de pasajeros
Successfully clicked the element: div.price-cabin:has-text("Economy")
Successfully clicked the element: div.price-cabin:has-text("Economy")
Ejecutando fillPassengerAdult 1, intento 1
Ejecutando fillPassengerInfant 1, intento 1
Ejecutando fillContact, intento 1
Ejecutando payWithCard, intento 1
Iframe encontrado.
Ejecutando payWithCard, intento 1
Ejecutando payWithCard, intento 2
Ejecutando payWithCard, intento 3

</system-out>
<system-err>
Error while filling passenger data: TypeError: Cannot read properties of undefined (reading 'length')
    at fillPassengerFor [90m(C:\playwright-project\[39msrc\page-objects\PassengerPage.ts:31:27[90m)[39m
    at fillPassengerInformation [90m(C:\playwright-project\[39msrc\tests\2TipsNoExtraNoSeat.spec.ts:74:5[90m)[39m
    at runWithRetries [90m(C:\playwright-project\[39msrc\tests\2TipsNoExtraNoSeat.spec.ts:120:7[90m)[39m
    at executeTests [90m(C:\playwright-project\[39msrc\tests\2TipsNoExtraNoSeat.spec.ts:178:29[90m)[39m
    at [90mC:\playwright-project\[39msrc\tests\2TipsNoExtraNoSeat.spec.ts:489:30
    at [90mC:\playwright-project\[39mnode_modules\[4mplaywright[24m\lib\worker\workerMain.js:339:9
    at [90mC:\playwright-project\[39mnode_modules\[4mplaywright[24m\lib\worker\testInfo.js:286:11
    at TimeoutManager.withRunnable [90m(C:\playwright-project\[39mnode_modules\[4mplaywright[24m\lib\worker\timeoutManager.js:64:14[90m)[39m
    at TestInfoImpl._runAsStage [90m(C:\playwright-project\[39mnode_modules\[4mplaywright[24m\lib\worker\testInfo.js:284:7[90m)[39m
    at [90mC:\playwright-project\[39mnode_modules\[4mplaywright[24m\lib\worker\workerMain.js:331:7
    at [90mC:\playwright-project\[39mnode_modules\[4mplaywright[24m\lib\worker\testInfo.js:286:11
    at TimeoutManager.withRunnable [90m(C:\playwright-project\[39mnode_modules\[4mplaywright[24m\lib\worker\timeoutManager.js:52:27[90m)[39m
    at TestInfoImpl._runAsStage [90m(C:\playwright-project\[39mnode_modules\[4mplaywright[24m\lib\worker\testInfo.js:284:7[90m)[39m
    at WorkerMain._runTest [90m(C:\playwright-project\[39mnode_modules\[4mplaywright[24m\lib\worker\workerMain.js:281:5[90m)[39m
    at WorkerMain.runTestGroup [90m(C:\playwright-project\[39mnode_modules\[4mplaywright[24m\lib\worker\workerMain.js:205:11[90m)[39m
    at process.&lt;anonymous&gt; [90m(C:\playwright-project\[39mnode_modules\[4mplaywright[24m\lib\common\process.js:95:22[90m)[39m
Confirmation page validation failed: Flight Summary section not found on confirmation page
Intento 1 fallido en payWithCard: Error: Flight Summary section not found on confirmation page
    at validationConfirmPage [90m(C:\playwright-project\[39msrc\page-objects\confirmation.ts:29:19[90m)[39m
[90m    at runNextTicks (node:internal/process/task_queues:65:5)[39m
[90m    at processImmediate (node:internal/timers:459:9)[39m
[90m    at process.callbackTrampoline (node:internal/async_hooks:130:17)[39m
    at validationConfirmationPage [90m(C:\playwright-project\[39msrc\tests\2TipsNoExtraNoSeat.spec.ts:89:3[90m)[39m
    at runWithRetries [90m(C:\playwright-project\[39msrc\tests\2TipsNoExtraNoSeat.spec.ts:120:7[90m)[39m
    at executeTests [90m(C:\playwright-project\[39msrc\tests\2TipsNoExtraNoSeat.spec.ts:220:31[90m)[39m
    at [90mC:\playwright-project\[39msrc\tests\2TipsNoExtraNoSeat.spec.ts:489:30
    at [90mC:\playwright-project\[39mnode_modules\[4mplaywright[24m\lib\worker\workerMain.js:339:9
    at [90mC:\playwright-project\[39mnode_modules\[4mplaywright[24m\lib\worker\testInfo.js:286:11
    at TimeoutManager.withRunnable [90m(C:\playwright-project\[39mnode_modules\[4mplaywright[24m\lib\worker\timeoutManager.js:64:14[90m)[39m
    at TestInfoImpl._runAsStage [90m(C:\playwright-project\[39mnode_modules\[4mplaywright[24m\lib\worker\testInfo.js:284:7[90m)[39m
    at [90mC:\playwright-project\[39mnode_modules\[4mplaywright[24m\lib\worker\workerMain.js:331:7
    at [90mC:\playwright-project\[39mnode_modules\[4mplaywright[24m\lib\worker\testInfo.js:286:11
    at TimeoutManager.withRunnable [90m(C:\playwright-project\[39mnode_modules\[4mplaywright[24m\lib\worker\timeoutManager.js:52:27[90m)[39m
    at TestInfoImpl._runAsStage [90m(C:\playwright-project\[39mnode_modules\[4mplaywright[24m\lib\worker\testInfo.js:284:7[90m)[39m
    at WorkerMain._runTest [90m(C:\playwright-project\[39mnode_modules\[4mplaywright[24m\lib\worker\workerMain.js:281:5[90m)[39m
    at WorkerMain.runTestGroup [90m(C:\playwright-project\[39mnode_modules\[4mplaywright[24m\lib\worker\workerMain.js:205:11[90m)[39m
    at process.&lt;anonymous&gt; [90m(C:\playwright-project\[39mnode_modules\[4mplaywright[24m\lib\common\process.js:95:22[90m)[39m
Confirmation page validation failed: Not on confirmation page URL
Intento 2 fallido en payWithCard: Error: Not on confirmation page URL
    at validationConfirmPage [90m(C:\playwright-project\[39msrc\page-objects\confirmation.ts:36:19[90m)[39m
    at validationConfirmationPage [90m(C:\playwright-project\[39msrc\tests\2TipsNoExtraNoSeat.spec.ts:89:3[90m)[39m
    at runWithRetries [90m(C:\playwright-project\[39msrc\tests\2TipsNoExtraNoSeat.spec.ts:120:7[90m)[39m
    at executeTests [90m(C:\playwright-project\[39msrc\tests\2TipsNoExtraNoSeat.spec.ts:220:31[90m)[39m
    at [90mC:\playwright-project\[39msrc\tests\2TipsNoExtraNoSeat.spec.ts:489:30
    at [90mC:\playwright-project\[39mnode_modules\[4mplaywright[24m\lib\worker\workerMain.js:339:9
    at [90mC:\playwright-project\[39mnode_modules\[4mplaywright[24m\lib\worker\testInfo.js:286:11
    at TimeoutManager.withRunnable [90m(C:\playwright-project\[39mnode_modules\[4mplaywright[24m\lib\worker\timeoutManager.js:64:14[90m)[39m
    at TestInfoImpl._runAsStage [90m(C:\playwright-project\[39mnode_modules\[4mplaywright[24m\lib\worker\testInfo.js:284:7[90m)[39m
    at [90mC:\playwright-project\[39mnode_modules\[4mplaywright[24m\lib\worker\workerMain.js:331:7
    at [90mC:\playwright-project\[39mnode_modules\[4mplaywright[24m\lib\worker\testInfo.js:286:11
    at TimeoutManager.withRunnable [90m(C:\playwright-project\[39mnode_modules\[4mplaywright[24m\lib\worker\timeoutManager.js:52:27[90m)[39m
    at TestInfoImpl._runAsStage [90m(C:\playwright-project\[39mnode_modules\[4mplaywright[24m\lib\worker\testInfo.js:284:7[90m)[39m
    at WorkerMain._runTest [90m(C:\playwright-project\[39mnode_modules\[4mplaywright[24m\lib\worker\workerMain.js:281:5[90m)[39m
    at WorkerMain.runTestGroup [90m(C:\playwright-project\[39mnode_modules\[4mplaywright[24m\lib\worker\workerMain.js:205:11[90m)[39m
    at process.&lt;anonymous&gt; [90m(C:\playwright-project\[39mnode_modules\[4mplaywright[24m\lib\common\process.js:95:22[90m)[39m

</system-err>
</testcase>
<testcase name="7. Compra 1 adt Eco Light - Eco Light  - sin assitence › Ejecución completa con reintentos" classname="2TipsNoExtraNoSeat.spec.ts" time="40.902">
<system-out>
Ejecución completa, intento 1 de 5
Ejecutando Booking, intento 1
Fecha de salida seleccionada: { year: [32m'2025'[39m, month: [32m'5'[39m, index: [33m0[39m, value: [33m1[39m }
Fecha de regreso seleccionada: { year: [32m'2025'[39m, month: [32m'5'[39m, index: [33m1[39m, value: [33m3[39m }
Ajustando número de pasajeros
Successfully clicked the element: div.price-cabin:has-text("Economy")
Successfully clicked the element: div.price-cabin:has-text("Economy")
Ejecutando fillPassengerAdult 1, intento 1
Ejecutando fillContact, intento 1
Ejecutando payWithCard, intento 1
Iframe encontrado.
Ejecutando payWithCard, intento 1
Ejecutando payWithCard, intento 2
Ejecutando payWithCard, intento 3

</system-out>
<system-err>
Confirmation page validation failed: Flight Summary section not found on confirmation page
Intento 1 fallido en payWithCard: Error: Flight Summary section not found on confirmation page
    at validationConfirmPage [90m(C:\playwright-project\[39msrc\page-objects\confirmation.ts:29:19[90m)[39m
[90m    at runNextTicks (node:internal/process/task_queues:65:5)[39m
[90m    at processImmediate (node:internal/timers:459:9)[39m
[90m    at process.callbackTrampoline (node:internal/async_hooks:130:17)[39m
    at validationConfirmationPage [90m(C:\playwright-project\[39msrc\tests\2TipsNoExtraNoSeat.spec.ts:89:3[90m)[39m
    at runWithRetries [90m(C:\playwright-project\[39msrc\tests\2TipsNoExtraNoSeat.spec.ts:120:7[90m)[39m
    at executeTests [90m(C:\playwright-project\[39msrc\tests\2TipsNoExtraNoSeat.spec.ts:220:31[90m)[39m
    at [90mC:\playwright-project\[39msrc\tests\2TipsNoExtraNoSeat.spec.ts:530:30
    at [90mC:\playwright-project\[39mnode_modules\[4mplaywright[24m\lib\worker\workerMain.js:339:9
    at [90mC:\playwright-project\[39mnode_modules\[4mplaywright[24m\lib\worker\testInfo.js:286:11
    at TimeoutManager.withRunnable [90m(C:\playwright-project\[39mnode_modules\[4mplaywright[24m\lib\worker\timeoutManager.js:64:14[90m)[39m
    at TestInfoImpl._runAsStage [90m(C:\playwright-project\[39mnode_modules\[4mplaywright[24m\lib\worker\testInfo.js:284:7[90m)[39m
    at [90mC:\playwright-project\[39mnode_modules\[4mplaywright[24m\lib\worker\workerMain.js:331:7
    at [90mC:\playwright-project\[39mnode_modules\[4mplaywright[24m\lib\worker\testInfo.js:286:11
    at TimeoutManager.withRunnable [90m(C:\playwright-project\[39mnode_modules\[4mplaywright[24m\lib\worker\timeoutManager.js:52:27[90m)[39m
    at TestInfoImpl._runAsStage [90m(C:\playwright-project\[39mnode_modules\[4mplaywright[24m\lib\worker\testInfo.js:284:7[90m)[39m
    at WorkerMain._runTest [90m(C:\playwright-project\[39mnode_modules\[4mplaywright[24m\lib\worker\workerMain.js:281:5[90m)[39m
    at WorkerMain.runTestGroup [90m(C:\playwright-project\[39mnode_modules\[4mplaywright[24m\lib\worker\workerMain.js:205:11[90m)[39m
    at process.&lt;anonymous&gt; [90m(C:\playwright-project\[39mnode_modules\[4mplaywright[24m\lib\common\process.js:95:22[90m)[39m
Confirmation page validation failed: Not on confirmation page URL
Intento 2 fallido en payWithCard: Error: Not on confirmation page URL
    at validationConfirmPage [90m(C:\playwright-project\[39msrc\page-objects\confirmation.ts:36:19[90m)[39m
[90m    at runNextTicks (node:internal/process/task_queues:65:5)[39m
[90m    at processImmediate (node:internal/timers:459:9)[39m
[90m    at process.callbackTrampoline (node:internal/async_hooks:130:17)[39m
    at validationConfirmationPage [90m(C:\playwright-project\[39msrc\tests\2TipsNoExtraNoSeat.spec.ts:89:3[90m)[39m
    at runWithRetries [90m(C:\playwright-project\[39msrc\tests\2TipsNoExtraNoSeat.spec.ts:120:7[90m)[39m
    at executeTests [90m(C:\playwright-project\[39msrc\tests\2TipsNoExtraNoSeat.spec.ts:220:31[90m)[39m
    at [90mC:\playwright-project\[39msrc\tests\2TipsNoExtraNoSeat.spec.ts:530:30
    at [90mC:\playwright-project\[39mnode_modules\[4mplaywright[24m\lib\worker\workerMain.js:339:9
    at [90mC:\playwright-project\[39mnode_modules\[4mplaywright[24m\lib\worker\testInfo.js:286:11
    at TimeoutManager.withRunnable [90m(C:\playwright-project\[39mnode_modules\[4mplaywright[24m\lib\worker\timeoutManager.js:64:14[90m)[39m
    at TestInfoImpl._runAsStage [90m(C:\playwright-project\[39mnode_modules\[4mplaywright[24m\lib\worker\testInfo.js:284:7[90m)[39m
    at [90mC:\playwright-project\[39mnode_modules\[4mplaywright[24m\lib\worker\workerMain.js:331:7
    at [90mC:\playwright-project\[39mnode_modules\[4mplaywright[24m\lib\worker\testInfo.js:286:11
    at TimeoutManager.withRunnable [90m(C:\playwright-project\[39mnode_modules\[4mplaywright[24m\lib\worker\timeoutManager.js:52:27[90m)[39m
    at TestInfoImpl._runAsStage [90m(C:\playwright-project\[39mnode_modules\[4mplaywright[24m\lib\worker\testInfo.js:284:7[90m)[39m
    at WorkerMain._runTest [90m(C:\playwright-project\[39mnode_modules\[4mplaywright[24m\lib\worker\workerMain.js:281:5[90m)[39m
    at WorkerMain.runTestGroup [90m(C:\playwright-project\[39mnode_modules\[4mplaywright[24m\lib\worker\workerMain.js:205:11[90m)[39m
    at process.&lt;anonymous&gt; [90m(C:\playwright-project\[39mnode_modules\[4mplaywright[24m\lib\common\process.js:95:22[90m)[39m

</system-err>
</testcase>
<testcase name="8. Compra 1 adt Eco Light - Eco COMFORT - sin assitence › Ejecución completa con reintentos" classname="2TipsNoExtraNoSeat.spec.ts" time="40.727">
<system-out>
Ejecución completa, intento 1 de 5
Ejecutando Booking, intento 1
Fecha de salida seleccionada: { year: [32m'2025'[39m, month: [32m'5'[39m, index: [33m0[39m, value: [33m1[39m }
Fecha de regreso seleccionada: { year: [32m'2025'[39m, month: [32m'5'[39m, index: [33m1[39m, value: [33m3[39m }
Ajustando número de pasajeros
Successfully clicked the element: div.price-cabin:has-text("Economy")
Successfully clicked the element: div.price-cabin:has-text("Economy")
Ejecutando fillPassengerAdult 1, intento 1
Ejecutando fillContact, intento 1
Ejecutando payWithCard, intento 1
Iframe encontrado.
Ejecutando payWithCard, intento 1
Ejecutando payWithCard, intento 2
Ejecutando payWithCard, intento 3

</system-out>
<system-err>
Confirmation page validation failed: Flight Summary section not found on confirmation page
Intento 1 fallido en payWithCard: Error: Flight Summary section not found on confirmation page
    at validationConfirmPage [90m(C:\playwright-project\[39msrc\page-objects\confirmation.ts:29:19[90m)[39m
[90m    at runNextTicks (node:internal/process/task_queues:65:5)[39m
[90m    at processImmediate (node:internal/timers:459:9)[39m
[90m    at process.callbackTrampoline (node:internal/async_hooks:130:17)[39m
    at validationConfirmationPage [90m(C:\playwright-project\[39msrc\tests\2TipsNoExtraNoSeat.spec.ts:89:3[90m)[39m
    at runWithRetries [90m(C:\playwright-project\[39msrc\tests\2TipsNoExtraNoSeat.spec.ts:120:7[90m)[39m
    at executeTests [90m(C:\playwright-project\[39msrc\tests\2TipsNoExtraNoSeat.spec.ts:220:31[90m)[39m
    at [90mC:\playwright-project\[39msrc\tests\2TipsNoExtraNoSeat.spec.ts:571:30
    at [90mC:\playwright-project\[39mnode_modules\[4mplaywright[24m\lib\worker\workerMain.js:339:9
    at [90mC:\playwright-project\[39mnode_modules\[4mplaywright[24m\lib\worker\testInfo.js:286:11
    at TimeoutManager.withRunnable [90m(C:\playwright-project\[39mnode_modules\[4mplaywright[24m\lib\worker\timeoutManager.js:64:14[90m)[39m
    at TestInfoImpl._runAsStage [90m(C:\playwright-project\[39mnode_modules\[4mplaywright[24m\lib\worker\testInfo.js:284:7[90m)[39m
    at [90mC:\playwright-project\[39mnode_modules\[4mplaywright[24m\lib\worker\workerMain.js:331:7
    at [90mC:\playwright-project\[39mnode_modules\[4mplaywright[24m\lib\worker\testInfo.js:286:11
    at TimeoutManager.withRunnable [90m(C:\playwright-project\[39mnode_modules\[4mplaywright[24m\lib\worker\timeoutManager.js:52:27[90m)[39m
    at TestInfoImpl._runAsStage [90m(C:\playwright-project\[39mnode_modules\[4mplaywright[24m\lib\worker\testInfo.js:284:7[90m)[39m
    at WorkerMain._runTest [90m(C:\playwright-project\[39mnode_modules\[4mplaywright[24m\lib\worker\workerMain.js:281:5[90m)[39m
    at WorkerMain.runTestGroup [90m(C:\playwright-project\[39mnode_modules\[4mplaywright[24m\lib\worker\workerMain.js:205:11[90m)[39m
    at process.&lt;anonymous&gt; [90m(C:\playwright-project\[39mnode_modules\[4mplaywright[24m\lib\common\process.js:95:22[90m)[39m
Confirmation page validation failed: Not on confirmation page URL
Intento 2 fallido en payWithCard: Error: Not on confirmation page URL
    at validationConfirmPage [90m(C:\playwright-project\[39msrc\page-objects\confirmation.ts:36:19[90m)[39m
    at validationConfirmationPage [90m(C:\playwright-project\[39msrc\tests\2TipsNoExtraNoSeat.spec.ts:89:3[90m)[39m
    at runWithRetries [90m(C:\playwright-project\[39msrc\tests\2TipsNoExtraNoSeat.spec.ts:120:7[90m)[39m
    at executeTests [90m(C:\playwright-project\[39msrc\tests\2TipsNoExtraNoSeat.spec.ts:220:31[90m)[39m
    at [90mC:\playwright-project\[39msrc\tests\2TipsNoExtraNoSeat.spec.ts:571:30
    at [90mC:\playwright-project\[39mnode_modules\[4mplaywright[24m\lib\worker\workerMain.js:339:9
    at [90mC:\playwright-project\[39mnode_modules\[4mplaywright[24m\lib\worker\testInfo.js:286:11
    at TimeoutManager.withRunnable [90m(C:\playwright-project\[39mnode_modules\[4mplaywright[24m\lib\worker\timeoutManager.js:64:14[90m)[39m
    at TestInfoImpl._runAsStage [90m(C:\playwright-project\[39mnode_modules\[4mplaywright[24m\lib\worker\testInfo.js:284:7[90m)[39m
    at [90mC:\playwright-project\[39mnode_modules\[4mplaywright[24m\lib\worker\workerMain.js:331:7
    at [90mC:\playwright-project\[39mnode_modules\[4mplaywright[24m\lib\worker\testInfo.js:286:11
    at TimeoutManager.withRunnable [90m(C:\playwright-project\[39mnode_modules\[4mplaywright[24m\lib\worker\timeoutManager.js:52:27[90m)[39m
    at TestInfoImpl._runAsStage [90m(C:\playwright-project\[39mnode_modules\[4mplaywright[24m\lib\worker\testInfo.js:284:7[90m)[39m
    at WorkerMain._runTest [90m(C:\playwright-project\[39mnode_modules\[4mplaywright[24m\lib\worker\workerMain.js:281:5[90m)[39m
    at WorkerMain.runTestGroup [90m(C:\playwright-project\[39mnode_modules\[4mplaywright[24m\lib\worker\workerMain.js:205:11[90m)[39m
    at process.&lt;anonymous&gt; [90m(C:\playwright-project\[39mnode_modules\[4mplaywright[24m\lib\common\process.js:95:22[90m)[39m

</system-err>
</testcase>
<testcase name="9. Compra 1 adt Eco Light - Eco Extra - sin assitence › Ejecución completa con reintentos" classname="2TipsNoExtraNoSeat.spec.ts" time="32.481">
<system-out>
Ejecución completa, intento 1 de 5
Ejecutando Booking, intento 1
Fecha de salida seleccionada: { year: [32m'2025'[39m, month: [32m'4'[39m, index: [33m9[39m, value: [33m22[39m }
Fecha de regreso seleccionada: { year: [32m'2025'[39m, month: [32m'4'[39m, index: [33m10[39m, value: [33m24[39m }
Ajustando número de pasajeros
Successfully clicked the element: div.price-cabin:has-text("Economy")
Successfully clicked the element: div.price-cabin:has-text("Economy")
Ejecutando fillPassengerAdult 1, intento 1
Ejecutando fillContact, intento 1
Ejecutando payWithCard, intento 1
Iframe encontrado.
Ejecutando payWithCard, intento 1
Ejecutando payWithCard, intento 2
Ejecutando payWithCard, intento 3

</system-out>
<system-err>
Confirmation page validation failed: Flight Summary section not found on confirmation page
Intento 1 fallido en payWithCard: Error: Flight Summary section not found on confirmation page
    at validationConfirmPage [90m(C:\playwright-project\[39msrc\page-objects\confirmation.ts:29:19[90m)[39m
[90m    at runNextTicks (node:internal/process/task_queues:65:5)[39m
[90m    at processImmediate (node:internal/timers:459:9)[39m
[90m    at process.callbackTrampoline (node:internal/async_hooks:130:17)[39m
    at validationConfirmationPage [90m(C:\playwright-project\[39msrc\tests\2TipsNoExtraNoSeat.spec.ts:89:3[90m)[39m
    at runWithRetries [90m(C:\playwright-project\[39msrc\tests\2TipsNoExtraNoSeat.spec.ts:120:7[90m)[39m
    at executeTests [90m(C:\playwright-project\[39msrc\tests\2TipsNoExtraNoSeat.spec.ts:220:31[90m)[39m
    at [90mC:\playwright-project\[39msrc\tests\2TipsNoExtraNoSeat.spec.ts:614:30
    at [90mC:\playwright-project\[39mnode_modules\[4mplaywright[24m\lib\worker\workerMain.js:339:9
    at [90mC:\playwright-project\[39mnode_modules\[4mplaywright[24m\lib\worker\testInfo.js:286:11
    at TimeoutManager.withRunnable [90m(C:\playwright-project\[39mnode_modules\[4mplaywright[24m\lib\worker\timeoutManager.js:64:14[90m)[39m
    at TestInfoImpl._runAsStage [90m(C:\playwright-project\[39mnode_modules\[4mplaywright[24m\lib\worker\testInfo.js:284:7[90m)[39m
    at [90mC:\playwright-project\[39mnode_modules\[4mplaywright[24m\lib\worker\workerMain.js:331:7
    at [90mC:\playwright-project\[39mnode_modules\[4mplaywright[24m\lib\worker\testInfo.js:286:11
    at TimeoutManager.withRunnable [90m(C:\playwright-project\[39mnode_modules\[4mplaywright[24m\lib\worker\timeoutManager.js:52:27[90m)[39m
    at TestInfoImpl._runAsStage [90m(C:\playwright-project\[39mnode_modules\[4mplaywright[24m\lib\worker\testInfo.js:284:7[90m)[39m
    at WorkerMain._runTest [90m(C:\playwright-project\[39mnode_modules\[4mplaywright[24m\lib\worker\workerMain.js:281:5[90m)[39m
    at WorkerMain.runTestGroup [90m(C:\playwright-project\[39mnode_modules\[4mplaywright[24m\lib\worker\workerMain.js:205:11[90m)[39m
    at process.&lt;anonymous&gt; [90m(C:\playwright-project\[39mnode_modules\[4mplaywright[24m\lib\common\process.js:95:22[90m)[39m
Confirmation page validation failed: Not on confirmation page URL
Intento 2 fallido en payWithCard: Error: Not on confirmation page URL
    at validationConfirmPage [90m(C:\playwright-project\[39msrc\page-objects\confirmation.ts:36:19[90m)[39m
    at validationConfirmationPage [90m(C:\playwright-project\[39msrc\tests\2TipsNoExtraNoSeat.spec.ts:89:3[90m)[39m
    at runWithRetries [90m(C:\playwright-project\[39msrc\tests\2TipsNoExtraNoSeat.spec.ts:120:7[90m)[39m
    at executeTests [90m(C:\playwright-project\[39msrc\tests\2TipsNoExtraNoSeat.spec.ts:220:31[90m)[39m
    at [90mC:\playwright-project\[39msrc\tests\2TipsNoExtraNoSeat.spec.ts:614:30
    at [90mC:\playwright-project\[39mnode_modules\[4mplaywright[24m\lib\worker\workerMain.js:339:9
    at [90mC:\playwright-project\[39mnode_modules\[4mplaywright[24m\lib\worker\testInfo.js:286:11
    at TimeoutManager.withRunnable [90m(C:\playwright-project\[39mnode_modules\[4mplaywright[24m\lib\worker\timeoutManager.js:64:14[90m)[39m
    at TestInfoImpl._runAsStage [90m(C:\playwright-project\[39mnode_modules\[4mplaywright[24m\lib\worker\testInfo.js:284:7[90m)[39m
    at [90mC:\playwright-project\[39mnode_modules\[4mplaywright[24m\lib\worker\workerMain.js:331:7
    at [90mC:\playwright-project\[39mnode_modules\[4mplaywright[24m\lib\worker\testInfo.js:286:11
    at TimeoutManager.withRunnable [90m(C:\playwright-project\[39mnode_modules\[4mplaywright[24m\lib\worker\timeoutManager.js:52:27[90m)[39m
    at TestInfoImpl._runAsStage [90m(C:\playwright-project\[39mnode_modules\[4mplaywright[24m\lib\worker\testInfo.js:284:7[90m)[39m
    at WorkerMain._runTest [90m(C:\playwright-project\[39mnode_modules\[4mplaywright[24m\lib\worker\workerMain.js:281:5[90m)[39m
    at WorkerMain.runTestGroup [90m(C:\playwright-project\[39mnode_modules\[4mplaywright[24m\lib\worker\workerMain.js:205:11[90m)[39m
    at process.&lt;anonymous&gt; [90m(C:\playwright-project\[39mnode_modules\[4mplaywright[24m\lib\common\process.js:95:22[90m)[39m

</system-err>
</testcase>
<testcase name="10. Compra 1 adt Eco Light -  PremLight - sin assitence › Ejecución completa con reintentos" classname="2TipsNoExtraNoSeat.spec.ts" time="34.574">
<system-out>
Ejecución completa, intento 1 de 5
Ejecutando Booking, intento 1
Fecha de salida seleccionada: { year: [32m'2025'[39m, month: [32m'5'[39m, index: [33m6[39m, value: [33m15[39m }
Fecha de regreso seleccionada: { year: [32m'2025'[39m, month: [32m'5'[39m, index: [33m7[39m, value: [33m17[39m }
Ajustando número de pasajeros
Successfully clicked the element: div.price-cabin:has-text("Economy")
Successfully clicked the element: div.price-cabin:has-text("Premium")
Ejecutando fillPassengerAdult 1, intento 1
Ejecutando fillContact, intento 1
Ejecutando payWithCard, intento 1
Iframe encontrado.
Ejecutando payWithCard, intento 1
Ejecutando payWithCard, intento 2
Ejecutando payWithCard, intento 3

</system-out>
<system-err>
Confirmation page validation failed: Flight Summary section not found on confirmation page
Intento 1 fallido en payWithCard: Error: Flight Summary section not found on confirmation page
    at validationConfirmPage [90m(C:\playwright-project\[39msrc\page-objects\confirmation.ts:29:19[90m)[39m
[90m    at runNextTicks (node:internal/process/task_queues:65:5)[39m
[90m    at processImmediate (node:internal/timers:459:9)[39m
[90m    at process.callbackTrampoline (node:internal/async_hooks:130:17)[39m
    at validationConfirmationPage [90m(C:\playwright-project\[39msrc\tests\2TipsNoExtraNoSeat.spec.ts:89:3[90m)[39m
    at runWithRetries [90m(C:\playwright-project\[39msrc\tests\2TipsNoExtraNoSeat.spec.ts:120:7[90m)[39m
    at executeTests [90m(C:\playwright-project\[39msrc\tests\2TipsNoExtraNoSeat.spec.ts:220:31[90m)[39m
    at [90mC:\playwright-project\[39msrc\tests\2TipsNoExtraNoSeat.spec.ts:656:30
    at [90mC:\playwright-project\[39mnode_modules\[4mplaywright[24m\lib\worker\workerMain.js:339:9
    at [90mC:\playwright-project\[39mnode_modules\[4mplaywright[24m\lib\worker\testInfo.js:286:11
    at TimeoutManager.withRunnable [90m(C:\playwright-project\[39mnode_modules\[4mplaywright[24m\lib\worker\timeoutManager.js:64:14[90m)[39m
    at TestInfoImpl._runAsStage [90m(C:\playwright-project\[39mnode_modules\[4mplaywright[24m\lib\worker\testInfo.js:284:7[90m)[39m
    at [90mC:\playwright-project\[39mnode_modules\[4mplaywright[24m\lib\worker\workerMain.js:331:7
    at [90mC:\playwright-project\[39mnode_modules\[4mplaywright[24m\lib\worker\testInfo.js:286:11
    at TimeoutManager.withRunnable [90m(C:\playwright-project\[39mnode_modules\[4mplaywright[24m\lib\worker\timeoutManager.js:52:27[90m)[39m
    at TestInfoImpl._runAsStage [90m(C:\playwright-project\[39mnode_modules\[4mplaywright[24m\lib\worker\testInfo.js:284:7[90m)[39m
    at WorkerMain._runTest [90m(C:\playwright-project\[39mnode_modules\[4mplaywright[24m\lib\worker\workerMain.js:281:5[90m)[39m
    at WorkerMain.runTestGroup [90m(C:\playwright-project\[39mnode_modules\[4mplaywright[24m\lib\worker\workerMain.js:205:11[90m)[39m
    at process.&lt;anonymous&gt; [90m(C:\playwright-project\[39mnode_modules\[4mplaywright[24m\lib\common\process.js:95:22[90m)[39m
Confirmation page validation failed: Not on confirmation page URL
Intento 2 fallido en payWithCard: Error: Not on confirmation page URL
    at validationConfirmPage [90m(C:\playwright-project\[39msrc\page-objects\confirmation.ts:36:19[90m)[39m
    at validationConfirmationPage [90m(C:\playwright-project\[39msrc\tests\2TipsNoExtraNoSeat.spec.ts:89:3[90m)[39m
    at runWithRetries [90m(C:\playwright-project\[39msrc\tests\2TipsNoExtraNoSeat.spec.ts:120:7[90m)[39m
    at executeTests [90m(C:\playwright-project\[39msrc\tests\2TipsNoExtraNoSeat.spec.ts:220:31[90m)[39m
    at [90mC:\playwright-project\[39msrc\tests\2TipsNoExtraNoSeat.spec.ts:656:30
    at [90mC:\playwright-project\[39mnode_modules\[4mplaywright[24m\lib\worker\workerMain.js:339:9
    at [90mC:\playwright-project\[39mnode_modules\[4mplaywright[24m\lib\worker\testInfo.js:286:11
    at TimeoutManager.withRunnable [90m(C:\playwright-project\[39mnode_modules\[4mplaywright[24m\lib\worker\timeoutManager.js:64:14[90m)[39m
    at TestInfoImpl._runAsStage [90m(C:\playwright-project\[39mnode_modules\[4mplaywright[24m\lib\worker\testInfo.js:284:7[90m)[39m
    at [90mC:\playwright-project\[39mnode_modules\[4mplaywright[24m\lib\worker\workerMain.js:331:7
    at [90mC:\playwright-project\[39mnode_modules\[4mplaywright[24m\lib\worker\testInfo.js:286:11
    at TimeoutManager.withRunnable [90m(C:\playwright-project\[39mnode_modules\[4mplaywright[24m\lib\worker\timeoutManager.js:52:27[90m)[39m
    at TestInfoImpl._runAsStage [90m(C:\playwright-project\[39mnode_modules\[4mplaywright[24m\lib\worker\testInfo.js:284:7[90m)[39m
    at WorkerMain._runTest [90m(C:\playwright-project\[39mnode_modules\[4mplaywright[24m\lib\worker\workerMain.js:281:5[90m)[39m
    at WorkerMain.runTestGroup [90m(C:\playwright-project\[39mnode_modules\[4mplaywright[24m\lib\worker\workerMain.js:205:11[90m)[39m
    at process.&lt;anonymous&gt; [90m(C:\playwright-project\[39mnode_modules\[4mplaywright[24m\lib\common\process.js:95:22[90m)[39m

</system-err>
</testcase>
<testcase name="11. Compra 1 adt Eco Light -  PremComfort - sin assitence › Ejecución completa con reintentos" classname="2TipsNoExtraNoSeat.spec.ts" time="44.044">
<system-out>
Ejecución completa, intento 1 de 5
Ejecutando Booking, intento 1
Ejecutando Booking, intento 2
Fecha de salida seleccionada: { year: [32m'2025'[39m, month: [32m'5'[39m, index: [33m5[39m, value: [33m13[39m }
Fecha de regreso seleccionada: { year: [32m'2025'[39m, month: [32m'5'[39m, index: [33m6[39m, value: [33m15[39m }
Ajustando número de pasajeros
Successfully clicked the element: div.price-cabin:has-text("Economy")
Successfully clicked the element: div.price-cabin:has-text("Premium")
Ejecutando fillPassengerAdult 1, intento 1
Ejecutando fillContact, intento 1
Ejecutando payWithCard, intento 1
Iframe encontrado.
Ejecutando payWithCard, intento 1
Ejecutando payWithCard, intento 2
Ejecutando payWithCard, intento 3

</system-out>
<system-err>
Error al gestionar el flujo de ida y vuelta: locator.click: Error: strict mode violation: getByLabel('Choose Tuesday, April 29th,') resolved to 2 elements:
    1) &lt;div title="" tabindex="-1" role="option" aria-disabled="false" aria-selected="false" aria-label="Choose Tuesday, April 29th, 2025" class="react-datepicker__day react-datepicker__day react-datepicker__day--029"&gt;…&lt;/div&gt; aka getByLabel('Month April,').getByLabel('Choose Tuesday, April 29th,')
    2) &lt;div title="" tabindex="-1" role="option" aria-disabled="false" aria-selected="false" aria-label="Choose Tuesday, April 29th, 2025" class="react-datepicker__day react-datepicker__day react-datepicker__day--029 react-datepicker__day--outside-month"&gt;&lt;/div&gt; aka getByLabel('Month May,').getByLabel('Choose Tuesday, April 29th,')

Call log:
[2m  - waiting for getByLabel('Choose Tuesday, April 29th,')[22m

Intento 1 fallido en Booking: locator.click: Error: strict mode violation: getByLabel('Choose Tuesday, April 29th,') resolved to 2 elements:
    1) &lt;div title="" tabindex="-1" role="option" aria-disabled="false" aria-selected="false" aria-label="Choose Tuesday, April 29th, 2025" class="react-datepicker__day react-datepicker__day react-datepicker__day--029"&gt;…&lt;/div&gt; aka getByLabel('Month April,').getByLabel('Choose Tuesday, April 29th,')
    2) &lt;div title="" tabindex="-1" role="option" aria-disabled="false" aria-selected="false" aria-label="Choose Tuesday, April 29th, 2025" class="react-datepicker__day react-datepicker__day react-datepicker__day--029 react-datepicker__day--outside-month"&gt;&lt;/div&gt; aka getByLabel('Month May,').getByLabel('Choose Tuesday, April 29th,')

Call log:
[2m  - waiting for getByLabel('Choose Tuesday, April 29th,')[22m

    at selectRoundTripDates [90m(C:\playwright-project\[39msrc\page-objects\searchPage.ts:127:57[90m)[39m
    at chooseDate [90m(C:\playwright-project\[39msrc\tests\2TipsNoExtraNoSeat.spec.ts:55:3[90m)[39m
    at global [90m(C:\playwright-project\[39msrc\tests\2TipsNoExtraNoSeat.spec.ts:107:3[90m)[39m
    at runWithRetries [90m(C:\playwright-project\[39msrc\tests\2TipsNoExtraNoSeat.spec.ts:120:7[90m)[39m
    at executeTests [90m(C:\playwright-project\[39msrc\tests\2TipsNoExtraNoSeat.spec.ts:142:27[90m)[39m
    at [90mC:\playwright-project\[39msrc\tests\2TipsNoExtraNoSeat.spec.ts:698:30 {
  [[32mSymbol(step)[39m]: {
    stepId: [32m'pw:api@34'[39m,
    location: {
      file: [32m'C:\\playwright-project\\src\\page-objects\\searchPage.ts'[39m,
      line: [33m127[39m,
      column: [33m57[39m,
      function: [32m'selectRoundTripDates'[39m
    },
    category: [32m'pw:api'[39m,
    title: [32m"locator.getByLabel('Choose Tuesday, April 29th,').click"[39m,
    apiName: [32m'locator.click'[39m,
    params: {
      selector: [32m'internal:label="Choose Tuesday, April 29th,"i'[39m,
      strict: [33mtrue[39m
    },
    boxedStack: [90mundefined[39m,
    steps: [],
    complete: [36m[Function: complete][39m,
    endWallTime: [33m1736495823153[39m,
    error: {
      message: [32m"Error: locator.click: Error: strict mode violation: getByLabel('Choose Tuesday, April 29th,') resolved to 2 elements:\n"[39m +
        [32m`    1) &lt;div title="" tabindex="-1" role="option" aria-disabled="false" aria-selected="false" aria-label="Choose Tuesday, April 29th, 2025" class="react-datepicker__day react-datepicker__day react-datepicker__day--029"&gt;…&lt;/div&gt; aka getByLabel('Month April,').getByLabel('Choose Tuesday, April 29th,')\n`[39m +
        [32m`    2) &lt;div title="" tabindex="-1" role="option" aria-disabled="false" aria-selected="false" aria-label="Choose Tuesday, April 29th, 2025" class="react-datepicker__day react-datepicker__day react-datepicker__day--029 react-datepicker__day--outside-month"&gt;&lt;/div&gt; aka getByLabel('Month May,').getByLabel('Choose Tuesday, April 29th,')\n`[39m +
        [32m'\n'[39m +
        [32m'Call log:\n'[39m +
        [32m"\x1B[2m  - waiting for getByLabel('Choose Tuesday, April 29th,')\x1B[22m\n"[39m,
      stack: [32m"Error: locator.click: Error: strict mode violation: getByLabel('Choose Tuesday, April 29th,') resolved to 2 elements:\n"[39m +
        [32m`    1) &lt;div title="" tabindex="-1" role="option" aria-disabled="false" aria-selected="false" aria-label="Choose Tuesday, April 29th, 2025" class="react-datepicker__day react-datepicker__day react-datepicker__day--029"&gt;…&lt;/div&gt; aka getByLabel('Month April,').getByLabel('Choose Tuesday, April 29th,')\n`[39m +
        [32m`    2) &lt;div title="" tabindex="-1" role="option" aria-disabled="false" aria-selected="false" aria-label="Choose Tuesday, April 29th, 2025" class="react-datepicker__day react-datepicker__day react-datepicker__day--029 react-datepicker__day--outside-month"&gt;&lt;/div&gt; aka getByLabel('Month May,').getByLabel('Choose Tuesday, April 29th,')\n`[39m +
        [32m'\n'[39m +
        [32m'Call log:\n'[39m +
        [32m"\x1B[2m  - waiting for getByLabel('Choose Tuesday, April 29th,')\x1B[22m\n"[39m +
        [32m'\n'[39m +
        [32m'    at selectRoundTripDates (C:\\playwright-project\\src\\page-objects\\searchPage.ts:127:57)\n'[39m +
        [32m'    at chooseDate (C:\\playwright-project\\src\\tests\\2TipsNoExtraNoSeat.spec.ts:55:3)\n'[39m +
        [32m'    at global (C:\\playwright-project\\src\\tests\\2TipsNoExtraNoSeat.spec.ts:107:3)\n'[39m +
        [32m'    at runWithRetries (C:\\playwright-project\\src\\tests\\2TipsNoExtraNoSeat.spec.ts:120:7)\n'[39m +
        [32m'    at executeTests (C:\\playwright-project\\src\\tests\\2TipsNoExtraNoSeat.spec.ts:142:27)\n'[39m +
        [32m'    at C:\\playwright-project\\src\\tests\\2TipsNoExtraNoSeat.spec.ts:698:30'[39m,
      cause: [90mundefined[39m
    }
  }
}
Confirmation page validation failed: Flight Summary section not found on confirmation page
Intento 1 fallido en payWithCard: Error: Flight Summary section not found on confirmation page
    at validationConfirmPage [90m(C:\playwright-project\[39msrc\page-objects\confirmation.ts:29:19[90m)[39m
[90m    at runNextTicks (node:internal/process/task_queues:65:5)[39m
[90m    at processImmediate (node:internal/timers:459:9)[39m
[90m    at process.callbackTrampoline (node:internal/async_hooks:130:17)[39m
    at validationConfirmationPage [90m(C:\playwright-project\[39msrc\tests\2TipsNoExtraNoSeat.spec.ts:89:3[90m)[39m
    at runWithRetries [90m(C:\playwright-project\[39msrc\tests\2TipsNoExtraNoSeat.spec.ts:120:7[90m)[39m
    at executeTests [90m(C:\playwright-project\[39msrc\tests\2TipsNoExtraNoSeat.spec.ts:220:31[90m)[39m
    at [90mC:\playwright-project\[39msrc\tests\2TipsNoExtraNoSeat.spec.ts:698:30
    at [90mC:\playwright-project\[39mnode_modules\[4mplaywright[24m\lib\worker\workerMain.js:339:9
    at [90mC:\playwright-project\[39mnode_modules\[4mplaywright[24m\lib\worker\testInfo.js:286:11
    at TimeoutManager.withRunnable [90m(C:\playwright-project\[39mnode_modules\[4mplaywright[24m\lib\worker\timeoutManager.js:64:14[90m)[39m
    at TestInfoImpl._runAsStage [90m(C:\playwright-project\[39mnode_modules\[4mplaywright[24m\lib\worker\testInfo.js:284:7[90m)[39m
    at [90mC:\playwright-project\[39mnode_modules\[4mplaywright[24m\lib\worker\workerMain.js:331:7
    at [90mC:\playwright-project\[39mnode_modules\[4mplaywright[24m\lib\worker\testInfo.js:286:11
    at TimeoutManager.withRunnable [90m(C:\playwright-project\[39mnode_modules\[4mplaywright[24m\lib\worker\timeoutManager.js:52:27[90m)[39m
    at TestInfoImpl._runAsStage [90m(C:\playwright-project\[39mnode_modules\[4mplaywright[24m\lib\worker\testInfo.js:284:7[90m)[39m
    at WorkerMain._runTest [90m(C:\playwright-project\[39mnode_modules\[4mplaywright[24m\lib\worker\workerMain.js:281:5[90m)[39m
    at WorkerMain.runTestGroup [90m(C:\playwright-project\[39mnode_modules\[4mplaywright[24m\lib\worker\workerMain.js:205:11[90m)[39m
    at process.&lt;anonymous&gt; [90m(C:\playwright-project\[39mnode_modules\[4mplaywright[24m\lib\common\process.js:95:22[90m)[39m
Confirmation page validation failed: Not on confirmation page URL
Intento 2 fallido en payWithCard: Error: Not on confirmation page URL
    at validationConfirmPage [90m(C:\playwright-project\[39msrc\page-objects\confirmation.ts:36:19[90m)[39m
    at validationConfirmationPage [90m(C:\playwright-project\[39msrc\tests\2TipsNoExtraNoSeat.spec.ts:89:3[90m)[39m
    at runWithRetries [90m(C:\playwright-project\[39msrc\tests\2TipsNoExtraNoSeat.spec.ts:120:7[90m)[39m
    at executeTests [90m(C:\playwright-project\[39msrc\tests\2TipsNoExtraNoSeat.spec.ts:220:31[90m)[39m
    at [90mC:\playwright-project\[39msrc\tests\2TipsNoExtraNoSeat.spec.ts:698:30
    at [90mC:\playwright-project\[39mnode_modules\[4mplaywright[24m\lib\worker\workerMain.js:339:9
    at [90mC:\playwright-project\[39mnode_modules\[4mplaywright[24m\lib\worker\testInfo.js:286:11
    at TimeoutManager.withRunnable [90m(C:\playwright-project\[39mnode_modules\[4mplaywright[24m\lib\worker\timeoutManager.js:64:14[90m)[39m
    at TestInfoImpl._runAsStage [90m(C:\playwright-project\[39mnode_modules\[4mplaywright[24m\lib\worker\testInfo.js:284:7[90m)[39m
    at [90mC:\playwright-project\[39mnode_modules\[4mplaywright[24m\lib\worker\workerMain.js:331:7
    at [90mC:\playwright-project\[39mnode_modules\[4mplaywright[24m\lib\worker\testInfo.js:286:11
    at TimeoutManager.withRunnable [90m(C:\playwright-project\[39mnode_modules\[4mplaywright[24m\lib\worker\timeoutManager.js:52:27[90m)[39m
    at TestInfoImpl._runAsStage [90m(C:\playwright-project\[39mnode_modules\[4mplaywright[24m\lib\worker\testInfo.js:284:7[90m)[39m
    at WorkerMain._runTest [90m(C:\playwright-project\[39mnode_modules\[4mplaywright[24m\lib\worker\workerMain.js:281:5[90m)[39m
    at WorkerMain.runTestGroup [90m(C:\playwright-project\[39mnode_modules\[4mplaywright[24m\lib\worker\workerMain.js:205:11[90m)[39m
    at process.&lt;anonymous&gt; [90m(C:\playwright-project\[39mnode_modules\[4mplaywright[24m\lib\common\process.js:95:22[90m)[39m

</system-err>
</testcase>
<testcase name="12. Compra 1 adt Eco Light -  PremExtra - sin assitence › Ejecución completa con reintentos" classname="2TipsNoExtraNoSeat.spec.ts" time="40.199">
<system-out>
Ejecución completa, intento 1 de 5
Ejecutando Booking, intento 1
Fecha de salida seleccionada: { year: [32m'2025'[39m, month: [32m'4'[39m, index: [33m6[39m, value: [33m15[39m }
Fecha de regreso seleccionada: { year: [32m'2025'[39m, month: [32m'4'[39m, index: [33m7[39m, value: [33m17[39m }
Ajustando número de pasajeros
Successfully clicked the element: div.price-cabin:has-text("Economy")
Successfully clicked the element: div.price-cabin:has-text("Premium")
Ejecutando fillPassengerAdult 1, intento 1
Ejecutando fillContact, intento 1
Ejecutando payWithCard, intento 1
Iframe encontrado.
Ejecutando payWithCard, intento 1
Ejecutando payWithCard, intento 2
Ejecutando payWithCard, intento 3

</system-out>
<system-err>
Confirmation page validation failed: Flight Summary section not found on confirmation page
Intento 1 fallido en payWithCard: Error: Flight Summary section not found on confirmation page
    at validationConfirmPage [90m(C:\playwright-project\[39msrc\page-objects\confirmation.ts:29:19[90m)[39m
[90m    at runNextTicks (node:internal/process/task_queues:65:5)[39m
[90m    at processImmediate (node:internal/timers:459:9)[39m
[90m    at process.callbackTrampoline (node:internal/async_hooks:130:17)[39m
    at validationConfirmationPage [90m(C:\playwright-project\[39msrc\tests\2TipsNoExtraNoSeat.spec.ts:89:3[90m)[39m
    at runWithRetries [90m(C:\playwright-project\[39msrc\tests\2TipsNoExtraNoSeat.spec.ts:120:7[90m)[39m
    at executeTests [90m(C:\playwright-project\[39msrc\tests\2TipsNoExtraNoSeat.spec.ts:220:31[90m)[39m
    at [90mC:\playwright-project\[39msrc\tests\2TipsNoExtraNoSeat.spec.ts:741:30
    at [90mC:\playwright-project\[39mnode_modules\[4mplaywright[24m\lib\worker\workerMain.js:339:9
    at [90mC:\playwright-project\[39mnode_modules\[4mplaywright[24m\lib\worker\testInfo.js:286:11
    at TimeoutManager.withRunnable [90m(C:\playwright-project\[39mnode_modules\[4mplaywright[24m\lib\worker\timeoutManager.js:64:14[90m)[39m
    at TestInfoImpl._runAsStage [90m(C:\playwright-project\[39mnode_modules\[4mplaywright[24m\lib\worker\testInfo.js:284:7[90m)[39m
    at [90mC:\playwright-project\[39mnode_modules\[4mplaywright[24m\lib\worker\workerMain.js:331:7
    at [90mC:\playwright-project\[39mnode_modules\[4mplaywright[24m\lib\worker\testInfo.js:286:11
    at TimeoutManager.withRunnable [90m(C:\playwright-project\[39mnode_modules\[4mplaywright[24m\lib\worker\timeoutManager.js:52:27[90m)[39m
    at TestInfoImpl._runAsStage [90m(C:\playwright-project\[39mnode_modules\[4mplaywright[24m\lib\worker\testInfo.js:284:7[90m)[39m
    at WorkerMain._runTest [90m(C:\playwright-project\[39mnode_modules\[4mplaywright[24m\lib\worker\workerMain.js:281:5[90m)[39m
    at WorkerMain.runTestGroup [90m(C:\playwright-project\[39mnode_modules\[4mplaywright[24m\lib\worker\workerMain.js:205:11[90m)[39m
    at process.&lt;anonymous&gt; [90m(C:\playwright-project\[39mnode_modules\[4mplaywright[24m\lib\common\process.js:95:22[90m)[39m
Confirmation page validation failed: Not on confirmation page URL
Intento 2 fallido en payWithCard: Error: Not on confirmation page URL
    at validationConfirmPage [90m(C:\playwright-project\[39msrc\page-objects\confirmation.ts:36:19[90m)[39m
    at validationConfirmationPage [90m(C:\playwright-project\[39msrc\tests\2TipsNoExtraNoSeat.spec.ts:89:3[90m)[39m
    at runWithRetries [90m(C:\playwright-project\[39msrc\tests\2TipsNoExtraNoSeat.spec.ts:120:7[90m)[39m
    at executeTests [90m(C:\playwright-project\[39msrc\tests\2TipsNoExtraNoSeat.spec.ts:220:31[90m)[39m
    at [90mC:\playwright-project\[39msrc\tests\2TipsNoExtraNoSeat.spec.ts:741:30
    at [90mC:\playwright-project\[39mnode_modules\[4mplaywright[24m\lib\worker\workerMain.js:339:9
    at [90mC:\playwright-project\[39mnode_modules\[4mplaywright[24m\lib\worker\testInfo.js:286:11
    at TimeoutManager.withRunnable [90m(C:\playwright-project\[39mnode_modules\[4mplaywright[24m\lib\worker\timeoutManager.js:64:14[90m)[39m
    at TestInfoImpl._runAsStage [90m(C:\playwright-project\[39mnode_modules\[4mplaywright[24m\lib\worker\testInfo.js:284:7[90m)[39m
    at [90mC:\playwright-project\[39mnode_modules\[4mplaywright[24m\lib\worker\workerMain.js:331:7
    at [90mC:\playwright-project\[39mnode_modules\[4mplaywright[24m\lib\worker\testInfo.js:286:11
    at TimeoutManager.withRunnable [90m(C:\playwright-project\[39mnode_modules\[4mplaywright[24m\lib\worker\timeoutManager.js:52:27[90m)[39m
    at TestInfoImpl._runAsStage [90m(C:\playwright-project\[39mnode_modules\[4mplaywright[24m\lib\worker\testInfo.js:284:7[90m)[39m
    at WorkerMain._runTest [90m(C:\playwright-project\[39mnode_modules\[4mplaywright[24m\lib\worker\workerMain.js:281:5[90m)[39m
    at WorkerMain.runTestGroup [90m(C:\playwright-project\[39mnode_modules\[4mplaywright[24m\lib\worker\workerMain.js:205:11[90m)[39m
    at process.&lt;anonymous&gt; [90m(C:\playwright-project\[39mnode_modules\[4mplaywright[24m\lib\common\process.js:95:22[90m)[39m

</system-err>
</testcase>
<testcase name="13. Compra 1 adt Eco Comfort - Eco Comfort - sin assitence › Ejecución completa con reintentos" classname="2TipsNoExtraNoSeat.spec.ts" time="37.573">
<system-out>
Ejecución completa, intento 1 de 5
Ejecutando Booking, intento 1
Fecha de salida seleccionada: { year: [32m'2025'[39m, month: [32m'5'[39m, index: [33m6[39m, value: [33m15[39m }
Fecha de regreso seleccionada: { year: [32m'2025'[39m, month: [32m'5'[39m, index: [33m7[39m, value: [33m17[39m }
Ajustando número de pasajeros
Successfully clicked the element: div.price-cabin:has-text("Economy")
Successfully clicked the element: div.price-cabin:has-text("Economy")
Ejecutando fillPassengerAdult 1, intento 1
Ejecutando fillContact, intento 1
Ejecutando payWithCard, intento 1
Iframe encontrado.
Ejecutando payWithCard, intento 1
Ejecutando payWithCard, intento 2
Ejecutando payWithCard, intento 3

</system-out>
<system-err>
Confirmation page validation failed: Flight Summary section not found on confirmation page
Intento 1 fallido en payWithCard: Error: Flight Summary section not found on confirmation page
    at validationConfirmPage [90m(C:\playwright-project\[39msrc\page-objects\confirmation.ts:29:19[90m)[39m
[90m    at runNextTicks (node:internal/process/task_queues:65:5)[39m
[90m    at processImmediate (node:internal/timers:459:9)[39m
[90m    at process.callbackTrampoline (node:internal/async_hooks:130:17)[39m
    at validationConfirmationPage [90m(C:\playwright-project\[39msrc\tests\2TipsNoExtraNoSeat.spec.ts:89:3[90m)[39m
    at runWithRetries [90m(C:\playwright-project\[39msrc\tests\2TipsNoExtraNoSeat.spec.ts:120:7[90m)[39m
    at executeTests [90m(C:\playwright-project\[39msrc\tests\2TipsNoExtraNoSeat.spec.ts:220:31[90m)[39m
    at [90mC:\playwright-project\[39msrc\tests\2TipsNoExtraNoSeat.spec.ts:784:30
    at [90mC:\playwright-project\[39mnode_modules\[4mplaywright[24m\lib\worker\workerMain.js:339:9
    at [90mC:\playwright-project\[39mnode_modules\[4mplaywright[24m\lib\worker\testInfo.js:286:11
    at TimeoutManager.withRunnable [90m(C:\playwright-project\[39mnode_modules\[4mplaywright[24m\lib\worker\timeoutManager.js:64:14[90m)[39m
    at TestInfoImpl._runAsStage [90m(C:\playwright-project\[39mnode_modules\[4mplaywright[24m\lib\worker\testInfo.js:284:7[90m)[39m
    at [90mC:\playwright-project\[39mnode_modules\[4mplaywright[24m\lib\worker\workerMain.js:331:7
    at [90mC:\playwright-project\[39mnode_modules\[4mplaywright[24m\lib\worker\testInfo.js:286:11
    at TimeoutManager.withRunnable [90m(C:\playwright-project\[39mnode_modules\[4mplaywright[24m\lib\worker\timeoutManager.js:52:27[90m)[39m
    at TestInfoImpl._runAsStage [90m(C:\playwright-project\[39mnode_modules\[4mplaywright[24m\lib\worker\testInfo.js:284:7[90m)[39m
    at WorkerMain._runTest [90m(C:\playwright-project\[39mnode_modules\[4mplaywright[24m\lib\worker\workerMain.js:281:5[90m)[39m
    at WorkerMain.runTestGroup [90m(C:\playwright-project\[39mnode_modules\[4mplaywright[24m\lib\worker\workerMain.js:205:11[90m)[39m
    at process.&lt;anonymous&gt; [90m(C:\playwright-project\[39mnode_modules\[4mplaywright[24m\lib\common\process.js:95:22[90m)[39m
Confirmation page validation failed: Not on confirmation page URL
Intento 2 fallido en payWithCard: Error: Not on confirmation page URL
    at validationConfirmPage [90m(C:\playwright-project\[39msrc\page-objects\confirmation.ts:36:19[90m)[39m
    at validationConfirmationPage [90m(C:\playwright-project\[39msrc\tests\2TipsNoExtraNoSeat.spec.ts:89:3[90m)[39m
    at runWithRetries [90m(C:\playwright-project\[39msrc\tests\2TipsNoExtraNoSeat.spec.ts:120:7[90m)[39m
    at executeTests [90m(C:\playwright-project\[39msrc\tests\2TipsNoExtraNoSeat.spec.ts:220:31[90m)[39m
    at [90mC:\playwright-project\[39msrc\tests\2TipsNoExtraNoSeat.spec.ts:784:30
    at [90mC:\playwright-project\[39mnode_modules\[4mplaywright[24m\lib\worker\workerMain.js:339:9
    at [90mC:\playwright-project\[39mnode_modules\[4mplaywright[24m\lib\worker\testInfo.js:286:11
    at TimeoutManager.withRunnable [90m(C:\playwright-project\[39mnode_modules\[4mplaywright[24m\lib\worker\timeoutManager.js:64:14[90m)[39m
    at TestInfoImpl._runAsStage [90m(C:\playwright-project\[39mnode_modules\[4mplaywright[24m\lib\worker\testInfo.js:284:7[90m)[39m
    at [90mC:\playwright-project\[39mnode_modules\[4mplaywright[24m\lib\worker\workerMain.js:331:7
    at [90mC:\playwright-project\[39mnode_modules\[4mplaywright[24m\lib\worker\testInfo.js:286:11
    at TimeoutManager.withRunnable [90m(C:\playwright-project\[39mnode_modules\[4mplaywright[24m\lib\worker\timeoutManager.js:52:27[90m)[39m
    at TestInfoImpl._runAsStage [90m(C:\playwright-project\[39mnode_modules\[4mplaywright[24m\lib\worker\testInfo.js:284:7[90m)[39m
    at WorkerMain._runTest [90m(C:\playwright-project\[39mnode_modules\[4mplaywright[24m\lib\worker\workerMain.js:281:5[90m)[39m
    at WorkerMain.runTestGroup [90m(C:\playwright-project\[39mnode_modules\[4mplaywright[24m\lib\worker\workerMain.js:205:11[90m)[39m
    at process.&lt;anonymous&gt; [90m(C:\playwright-project\[39mnode_modules\[4mplaywright[24m\lib\common\process.js:95:22[90m)[39m

</system-err>
</testcase>
<testcase name="14. Compra 1 adt Eco Comfort - Eco Extra - sin assitence › Ejecución completa con reintentos" classname="2TipsNoExtraNoSeat.spec.ts" time="40.225">
<system-out>
Ejecución completa, intento 1 de 5
Ejecutando Booking, intento 1
Fecha de salida seleccionada: { year: [32m'2025'[39m, month: [32m'4'[39m, index: [33m6[39m, value: [33m15[39m }
Fecha de regreso seleccionada: { year: [32m'2025'[39m, month: [32m'4'[39m, index: [33m7[39m, value: [33m17[39m }
Ajustando número de pasajeros
Successfully clicked the element: div.price-cabin:has-text("Economy")
Successfully clicked the element: div.price-cabin:has-text("Economy")
Ejecutando fillPassengerAdult 1, intento 1
Ejecutando fillContact, intento 1
Ejecutando payWithCard, intento 1
Iframe encontrado.
Ejecutando payWithCard, intento 1
Ejecutando payWithCard, intento 2
Ejecutando payWithCard, intento 3

</system-out>
<system-err>
Confirmation page validation failed: Flight Summary section not found on confirmation page
Intento 1 fallido en payWithCard: Error: Flight Summary section not found on confirmation page
    at validationConfirmPage [90m(C:\playwright-project\[39msrc\page-objects\confirmation.ts:29:19[90m)[39m
[90m    at runNextTicks (node:internal/process/task_queues:65:5)[39m
[90m    at processImmediate (node:internal/timers:459:9)[39m
[90m    at process.callbackTrampoline (node:internal/async_hooks:130:17)[39m
    at validationConfirmationPage [90m(C:\playwright-project\[39msrc\tests\2TipsNoExtraNoSeat.spec.ts:89:3[90m)[39m
    at runWithRetries [90m(C:\playwright-project\[39msrc\tests\2TipsNoExtraNoSeat.spec.ts:120:7[90m)[39m
    at executeTests [90m(C:\playwright-project\[39msrc\tests\2TipsNoExtraNoSeat.spec.ts:220:31[90m)[39m
    at [90mC:\playwright-project\[39msrc\tests\2TipsNoExtraNoSeat.spec.ts:827:30
    at [90mC:\playwright-project\[39mnode_modules\[4mplaywright[24m\lib\worker\workerMain.js:339:9
    at [90mC:\playwright-project\[39mnode_modules\[4mplaywright[24m\lib\worker\testInfo.js:286:11
    at TimeoutManager.withRunnable [90m(C:\playwright-project\[39mnode_modules\[4mplaywright[24m\lib\worker\timeoutManager.js:64:14[90m)[39m
    at TestInfoImpl._runAsStage [90m(C:\playwright-project\[39mnode_modules\[4mplaywright[24m\lib\worker\testInfo.js:284:7[90m)[39m
    at [90mC:\playwright-project\[39mnode_modules\[4mplaywright[24m\lib\worker\workerMain.js:331:7
    at [90mC:\playwright-project\[39mnode_modules\[4mplaywright[24m\lib\worker\testInfo.js:286:11
    at TimeoutManager.withRunnable [90m(C:\playwright-project\[39mnode_modules\[4mplaywright[24m\lib\worker\timeoutManager.js:52:27[90m)[39m
    at TestInfoImpl._runAsStage [90m(C:\playwright-project\[39mnode_modules\[4mplaywright[24m\lib\worker\testInfo.js:284:7[90m)[39m
    at WorkerMain._runTest [90m(C:\playwright-project\[39mnode_modules\[4mplaywright[24m\lib\worker\workerMain.js:281:5[90m)[39m
    at WorkerMain.runTestGroup [90m(C:\playwright-project\[39mnode_modules\[4mplaywright[24m\lib\worker\workerMain.js:205:11[90m)[39m
    at process.&lt;anonymous&gt; [90m(C:\playwright-project\[39mnode_modules\[4mplaywright[24m\lib\common\process.js:95:22[90m)[39m
Confirmation page validation failed: Not on confirmation page URL
Intento 2 fallido en payWithCard: Error: Not on confirmation page URL
    at validationConfirmPage [90m(C:\playwright-project\[39msrc\page-objects\confirmation.ts:36:19[90m)[39m
    at validationConfirmationPage [90m(C:\playwright-project\[39msrc\tests\2TipsNoExtraNoSeat.spec.ts:89:3[90m)[39m
    at runWithRetries [90m(C:\playwright-project\[39msrc\tests\2TipsNoExtraNoSeat.spec.ts:120:7[90m)[39m
    at executeTests [90m(C:\playwright-project\[39msrc\tests\2TipsNoExtraNoSeat.spec.ts:220:31[90m)[39m
    at [90mC:\playwright-project\[39msrc\tests\2TipsNoExtraNoSeat.spec.ts:827:30
    at [90mC:\playwright-project\[39mnode_modules\[4mplaywright[24m\lib\worker\workerMain.js:339:9
    at [90mC:\playwright-project\[39mnode_modules\[4mplaywright[24m\lib\worker\testInfo.js:286:11
    at TimeoutManager.withRunnable [90m(C:\playwright-project\[39mnode_modules\[4mplaywright[24m\lib\worker\timeoutManager.js:64:14[90m)[39m
    at TestInfoImpl._runAsStage [90m(C:\playwright-project\[39mnode_modules\[4mplaywright[24m\lib\worker\testInfo.js:284:7[90m)[39m
    at [90mC:\playwright-project\[39mnode_modules\[4mplaywright[24m\lib\worker\workerMain.js:331:7
    at [90mC:\playwright-project\[39mnode_modules\[4mplaywright[24m\lib\worker\testInfo.js:286:11
    at TimeoutManager.withRunnable [90m(C:\playwright-project\[39mnode_modules\[4mplaywright[24m\lib\worker\timeoutManager.js:52:27[90m)[39m
    at TestInfoImpl._runAsStage [90m(C:\playwright-project\[39mnode_modules\[4mplaywright[24m\lib\worker\testInfo.js:284:7[90m)[39m
    at WorkerMain._runTest [90m(C:\playwright-project\[39mnode_modules\[4mplaywright[24m\lib\worker\workerMain.js:281:5[90m)[39m
    at WorkerMain.runTestGroup [90m(C:\playwright-project\[39mnode_modules\[4mplaywright[24m\lib\worker\workerMain.js:205:11[90m)[39m
    at process.&lt;anonymous&gt; [90m(C:\playwright-project\[39mnode_modules\[4mplaywright[24m\lib\common\process.js:95:22[90m)[39m

</system-err>
</testcase>
<testcase name="15. Compra 1 adt Eco Comfort - PremLight - sin assitence › Ejecución completa con reintentos" classname="2TipsNoExtraNoSeat.spec.ts" time="36.941">
<system-out>
Ejecución completa, intento 1 de 5
Ejecutando Booking, intento 1
Fecha de salida seleccionada: { year: [32m'2025'[39m, month: [32m'6'[39m, index: [33m2[39m, value: [33m7[39m }
Fecha de regreso seleccionada: { year: [32m'2025'[39m, month: [32m'6'[39m, index: [33m3[39m, value: [33m10[39m }
Ajustando número de pasajeros
Successfully clicked the element: div.price-cabin:has-text("Economy")
Successfully clicked the element: div.price-cabin:has-text("Premium")
Ejecutando fillPassengerAdult 1, intento 1
Ejecutando fillContact, intento 1
Ejecutando payWithCard, intento 1
Iframe encontrado.
Ejecutando payWithCard, intento 1
Ejecutando payWithCard, intento 2
Ejecutando payWithCard, intento 3

</system-out>
<system-err>
Confirmation page validation failed: Flight Summary section not found on confirmation page
Intento 1 fallido en payWithCard: Error: Flight Summary section not found on confirmation page
    at validationConfirmPage [90m(C:\playwright-project\[39msrc\page-objects\confirmation.ts:29:19[90m)[39m
[90m    at runNextTicks (node:internal/process/task_queues:65:5)[39m
[90m    at processImmediate (node:internal/timers:459:9)[39m
[90m    at process.callbackTrampoline (node:internal/async_hooks:130:17)[39m
    at validationConfirmationPage [90m(C:\playwright-project\[39msrc\tests\2TipsNoExtraNoSeat.spec.ts:89:3[90m)[39m
    at runWithRetries [90m(C:\playwright-project\[39msrc\tests\2TipsNoExtraNoSeat.spec.ts:120:7[90m)[39m
    at executeTests [90m(C:\playwright-project\[39msrc\tests\2TipsNoExtraNoSeat.spec.ts:220:31[90m)[39m
    at [90mC:\playwright-project\[39msrc\tests\2TipsNoExtraNoSeat.spec.ts:869:30
    at [90mC:\playwright-project\[39mnode_modules\[4mplaywright[24m\lib\worker\workerMain.js:339:9
    at [90mC:\playwright-project\[39mnode_modules\[4mplaywright[24m\lib\worker\testInfo.js:286:11
    at TimeoutManager.withRunnable [90m(C:\playwright-project\[39mnode_modules\[4mplaywright[24m\lib\worker\timeoutManager.js:64:14[90m)[39m
    at TestInfoImpl._runAsStage [90m(C:\playwright-project\[39mnode_modules\[4mplaywright[24m\lib\worker\testInfo.js:284:7[90m)[39m
    at [90mC:\playwright-project\[39mnode_modules\[4mplaywright[24m\lib\worker\workerMain.js:331:7
    at [90mC:\playwright-project\[39mnode_modules\[4mplaywright[24m\lib\worker\testInfo.js:286:11
    at TimeoutManager.withRunnable [90m(C:\playwright-project\[39mnode_modules\[4mplaywright[24m\lib\worker\timeoutManager.js:52:27[90m)[39m
    at TestInfoImpl._runAsStage [90m(C:\playwright-project\[39mnode_modules\[4mplaywright[24m\lib\worker\testInfo.js:284:7[90m)[39m
    at WorkerMain._runTest [90m(C:\playwright-project\[39mnode_modules\[4mplaywright[24m\lib\worker\workerMain.js:281:5[90m)[39m
    at WorkerMain.runTestGroup [90m(C:\playwright-project\[39mnode_modules\[4mplaywright[24m\lib\worker\workerMain.js:205:11[90m)[39m
    at process.&lt;anonymous&gt; [90m(C:\playwright-project\[39mnode_modules\[4mplaywright[24m\lib\common\process.js:95:22[90m)[39m
Confirmation page validation failed: Not on confirmation page URL
Intento 2 fallido en payWithCard: Error: Not on confirmation page URL
    at validationConfirmPage [90m(C:\playwright-project\[39msrc\page-objects\confirmation.ts:36:19[90m)[39m
    at validationConfirmationPage [90m(C:\playwright-project\[39msrc\tests\2TipsNoExtraNoSeat.spec.ts:89:3[90m)[39m
    at runWithRetries [90m(C:\playwright-project\[39msrc\tests\2TipsNoExtraNoSeat.spec.ts:120:7[90m)[39m
    at executeTests [90m(C:\playwright-project\[39msrc\tests\2TipsNoExtraNoSeat.spec.ts:220:31[90m)[39m
    at [90mC:\playwright-project\[39msrc\tests\2TipsNoExtraNoSeat.spec.ts:869:30
    at [90mC:\playwright-project\[39mnode_modules\[4mplaywright[24m\lib\worker\workerMain.js:339:9
    at [90mC:\playwright-project\[39mnode_modules\[4mplaywright[24m\lib\worker\testInfo.js:286:11
    at TimeoutManager.withRunnable [90m(C:\playwright-project\[39mnode_modules\[4mplaywright[24m\lib\worker\timeoutManager.js:64:14[90m)[39m
    at TestInfoImpl._runAsStage [90m(C:\playwright-project\[39mnode_modules\[4mplaywright[24m\lib\worker\testInfo.js:284:7[90m)[39m
    at [90mC:\playwright-project\[39mnode_modules\[4mplaywright[24m\lib\worker\workerMain.js:331:7
    at [90mC:\playwright-project\[39mnode_modules\[4mplaywright[24m\lib\worker\testInfo.js:286:11
    at TimeoutManager.withRunnable [90m(C:\playwright-project\[39mnode_modules\[4mplaywright[24m\lib\worker\timeoutManager.js:52:27[90m)[39m
    at TestInfoImpl._runAsStage [90m(C:\playwright-project\[39mnode_modules\[4mplaywright[24m\lib\worker\testInfo.js:284:7[90m)[39m
    at WorkerMain._runTest [90m(C:\playwright-project\[39mnode_modules\[4mplaywright[24m\lib\worker\workerMain.js:281:5[90m)[39m
    at WorkerMain.runTestGroup [90m(C:\playwright-project\[39mnode_modules\[4mplaywright[24m\lib\worker\workerMain.js:205:11[90m)[39m
    at process.&lt;anonymous&gt; [90m(C:\playwright-project\[39mnode_modules\[4mplaywright[24m\lib\common\process.js:95:22[90m)[39m

</system-err>
</testcase>
<testcase name="16. Compra 1 adt Eco Comfort - PremComfort - sin assitence › Ejecución completa con reintentos" classname="2TipsNoExtraNoSeat.spec.ts" time="51.394">
<system-out>
Ejecución completa, intento 1 de 5
Ejecutando Booking, intento 1
Ejecutando Booking, intento 2
Fecha de salida seleccionada: { year: [32m'2025'[39m, month: [32m'5'[39m, index: [33m3[39m, value: [33m8[39m }
Fecha de regreso seleccionada: { year: [32m'2025'[39m, month: [32m'5'[39m, index: [33m4[39m, value: [33m10[39m }
Ajustando número de pasajeros
Successfully clicked the element: div.price-cabin:has-text("Economy")
Successfully clicked the element: div.price-cabin:has-text("Premium")
Ejecutando fillPassengerAdult 1, intento 1
Ejecutando fillContact, intento 1
Ejecutando payWithCard, intento 1
Iframe encontrado.
Ejecutando payWithCard, intento 1
Ejecutando payWithCard, intento 2
Ejecutando payWithCard, intento 3

</system-out>
<system-err>
Error al gestionar el flujo de ida y vuelta: locator.click: Error: strict mode violation: getByLabel('Choose Tuesday, April 29th,') resolved to 2 elements:
    1) &lt;div title="" tabindex="-1" role="option" aria-disabled="false" aria-selected="false" aria-label="Choose Tuesday, April 29th, 2025" class="react-datepicker__day react-datepicker__day react-datepicker__day--029"&gt;…&lt;/div&gt; aka getByLabel('Month April,').getByLabel('Choose Tuesday, April 29th,')
    2) &lt;div title="" tabindex="-1" role="option" aria-disabled="false" aria-selected="false" aria-label="Choose Tuesday, April 29th, 2025" class="react-datepicker__day react-datepicker__day react-datepicker__day--029 react-datepicker__day--outside-month"&gt;&lt;/div&gt; aka getByLabel('Month May,').getByLabel('Choose Tuesday, April 29th,')

Call log:
[2m  - waiting for getByLabel('Choose Tuesday, April 29th,')[22m

Intento 1 fallido en Booking: locator.click: Error: strict mode violation: getByLabel('Choose Tuesday, April 29th,') resolved to 2 elements:
    1) &lt;div title="" tabindex="-1" role="option" aria-disabled="false" aria-selected="false" aria-label="Choose Tuesday, April 29th, 2025" class="react-datepicker__day react-datepicker__day react-datepicker__day--029"&gt;…&lt;/div&gt; aka getByLabel('Month April,').getByLabel('Choose Tuesday, April 29th,')
    2) &lt;div title="" tabindex="-1" role="option" aria-disabled="false" aria-selected="false" aria-label="Choose Tuesday, April 29th, 2025" class="react-datepicker__day react-datepicker__day react-datepicker__day--029 react-datepicker__day--outside-month"&gt;&lt;/div&gt; aka getByLabel('Month May,').getByLabel('Choose Tuesday, April 29th,')

Call log:
[2m  - waiting for getByLabel('Choose Tuesday, April 29th,')[22m

    at selectRoundTripDates [90m(C:\playwright-project\[39msrc\page-objects\searchPage.ts:127:57[90m)[39m
    at chooseDate [90m(C:\playwright-project\[39msrc\tests\2TipsNoExtraNoSeat.spec.ts:55:3[90m)[39m
    at global [90m(C:\playwright-project\[39msrc\tests\2TipsNoExtraNoSeat.spec.ts:107:3[90m)[39m
    at runWithRetries [90m(C:\playwright-project\[39msrc\tests\2TipsNoExtraNoSeat.spec.ts:120:7[90m)[39m
    at executeTests [90m(C:\playwright-project\[39msrc\tests\2TipsNoExtraNoSeat.spec.ts:142:27[90m)[39m
    at [90mC:\playwright-project\[39msrc\tests\2TipsNoExtraNoSeat.spec.ts:911:30 {
  [[32mSymbol(step)[39m]: {
    stepId: [32m'pw:api@34'[39m,
    location: {
      file: [32m'C:\\playwright-project\\src\\page-objects\\searchPage.ts'[39m,
      line: [33m127[39m,
      column: [33m57[39m,
      function: [32m'selectRoundTripDates'[39m
    },
    category: [32m'pw:api'[39m,
    title: [32m"locator.getByLabel('Choose Tuesday, April 29th,').click"[39m,
    apiName: [32m'locator.click'[39m,
    params: {
      selector: [32m'internal:label="Choose Tuesday, April 29th,"i'[39m,
      strict: [33mtrue[39m
    },
    boxedStack: [90mundefined[39m,
    steps: [],
    complete: [36m[Function: complete][39m,
    endWallTime: [33m1736495863479[39m,
    error: {
      message: [32m"Error: locator.click: Error: strict mode violation: getByLabel('Choose Tuesday, April 29th,') resolved to 2 elements:\n"[39m +
        [32m`    1) &lt;div title="" tabindex="-1" role="option" aria-disabled="false" aria-selected="false" aria-label="Choose Tuesday, April 29th, 2025" class="react-datepicker__day react-datepicker__day react-datepicker__day--029"&gt;…&lt;/div&gt; aka getByLabel('Month April,').getByLabel('Choose Tuesday, April 29th,')\n`[39m +
        [32m`    2) &lt;div title="" tabindex="-1" role="option" aria-disabled="false" aria-selected="false" aria-label="Choose Tuesday, April 29th, 2025" class="react-datepicker__day react-datepicker__day react-datepicker__day--029 react-datepicker__day--outside-month"&gt;&lt;/div&gt; aka getByLabel('Month May,').getByLabel('Choose Tuesday, April 29th,')\n`[39m +
        [32m'\n'[39m +
        [32m'Call log:\n'[39m +
        [32m"\x1B[2m  - waiting for getByLabel('Choose Tuesday, April 29th,')\x1B[22m\n"[39m,
      stack: [32m"Error: locator.click: Error: strict mode violation: getByLabel('Choose Tuesday, April 29th,') resolved to 2 elements:\n"[39m +
        [32m`    1) &lt;div title="" tabindex="-1" role="option" aria-disabled="false" aria-selected="false" aria-label="Choose Tuesday, April 29th, 2025" class="react-datepicker__day react-datepicker__day react-datepicker__day--029"&gt;…&lt;/div&gt; aka getByLabel('Month April,').getByLabel('Choose Tuesday, April 29th,')\n`[39m +
        [32m`    2) &lt;div title="" tabindex="-1" role="option" aria-disabled="false" aria-selected="false" aria-label="Choose Tuesday, April 29th, 2025" class="react-datepicker__day react-datepicker__day react-datepicker__day--029 react-datepicker__day--outside-month"&gt;&lt;/div&gt; aka getByLabel('Month May,').getByLabel('Choose Tuesday, April 29th,')\n`[39m +
        [32m'\n'[39m +
        [32m'Call log:\n'[39m +
        [32m"\x1B[2m  - waiting for getByLabel('Choose Tuesday, April 29th,')\x1B[22m\n"[39m +
        [32m'\n'[39m +
        [32m'    at selectRoundTripDates (C:\\playwright-project\\src\\page-objects\\searchPage.ts:127:57)\n'[39m +
        [32m'    at chooseDate (C:\\playwright-project\\src\\tests\\2TipsNoExtraNoSeat.spec.ts:55:3)\n'[39m +
        [32m'    at global (C:\\playwright-project\\src\\tests\\2TipsNoExtraNoSeat.spec.ts:107:3)\n'[39m +
        [32m'    at runWithRetries (C:\\playwright-project\\src\\tests\\2TipsNoExtraNoSeat.spec.ts:120:7)\n'[39m +
        [32m'    at executeTests (C:\\playwright-project\\src\\tests\\2TipsNoExtraNoSeat.spec.ts:142:27)\n'[39m +
        [32m'    at C:\\playwright-project\\src\\tests\\2TipsNoExtraNoSeat.spec.ts:911:30'[39m,
      cause: [90mundefined[39m
    }
  }
}
Confirmation page validation failed: Flight Summary section not found on confirmation page
Intento 1 fallido en payWithCard: Error: Flight Summary section not found on confirmation page
    at validationConfirmPage [90m(C:\playwright-project\[39msrc\page-objects\confirmation.ts:29:19[90m)[39m
[90m    at runNextTicks (node:internal/process/task_queues:65:5)[39m
[90m    at processImmediate (node:internal/timers:459:9)[39m
[90m    at process.callbackTrampoline (node:internal/async_hooks:130:17)[39m
    at validationConfirmationPage [90m(C:\playwright-project\[39msrc\tests\2TipsNoExtraNoSeat.spec.ts:89:3[90m)[39m
    at runWithRetries [90m(C:\playwright-project\[39msrc\tests\2TipsNoExtraNoSeat.spec.ts:120:7[90m)[39m
    at executeTests [90m(C:\playwright-project\[39msrc\tests\2TipsNoExtraNoSeat.spec.ts:220:31[90m)[39m
    at [90mC:\playwright-project\[39msrc\tests\2TipsNoExtraNoSeat.spec.ts:911:30
    at [90mC:\playwright-project\[39mnode_modules\[4mplaywright[24m\lib\worker\workerMain.js:339:9
    at [90mC:\playwright-project\[39mnode_modules\[4mplaywright[24m\lib\worker\testInfo.js:286:11
    at TimeoutManager.withRunnable [90m(C:\playwright-project\[39mnode_modules\[4mplaywright[24m\lib\worker\timeoutManager.js:64:14[90m)[39m
    at TestInfoImpl._runAsStage [90m(C:\playwright-project\[39mnode_modules\[4mplaywright[24m\lib\worker\testInfo.js:284:7[90m)[39m
    at [90mC:\playwright-project\[39mnode_modules\[4mplaywright[24m\lib\worker\workerMain.js:331:7
    at [90mC:\playwright-project\[39mnode_modules\[4mplaywright[24m\lib\worker\testInfo.js:286:11
    at TimeoutManager.withRunnable [90m(C:\playwright-project\[39mnode_modules\[4mplaywright[24m\lib\worker\timeoutManager.js:52:27[90m)[39m
    at TestInfoImpl._runAsStage [90m(C:\playwright-project\[39mnode_modules\[4mplaywright[24m\lib\worker\testInfo.js:284:7[90m)[39m
    at WorkerMain._runTest [90m(C:\playwright-project\[39mnode_modules\[4mplaywright[24m\lib\worker\workerMain.js:281:5[90m)[39m
    at WorkerMain.runTestGroup [90m(C:\playwright-project\[39mnode_modules\[4mplaywright[24m\lib\worker\workerMain.js:205:11[90m)[39m
    at process.&lt;anonymous&gt; [90m(C:\playwright-project\[39mnode_modules\[4mplaywright[24m\lib\common\process.js:95:22[90m)[39m
Confirmation page validation failed: Not on confirmation page URL
Intento 2 fallido en payWithCard: Error: Not on confirmation page URL
    at validationConfirmPage [90m(C:\playwright-project\[39msrc\page-objects\confirmation.ts:36:19[90m)[39m
[90m    at runNextTicks (node:internal/process/task_queues:65:5)[39m
[90m    at processImmediate (node:internal/timers:459:9)[39m
[90m    at process.callbackTrampoline (node:internal/async_hooks:130:17)[39m
    at validationConfirmationPage [90m(C:\playwright-project\[39msrc\tests\2TipsNoExtraNoSeat.spec.ts:89:3[90m)[39m
    at runWithRetries [90m(C:\playwright-project\[39msrc\tests\2TipsNoExtraNoSeat.spec.ts:120:7[90m)[39m
    at executeTests [90m(C:\playwright-project\[39msrc\tests\2TipsNoExtraNoSeat.spec.ts:220:31[90m)[39m
    at [90mC:\playwright-project\[39msrc\tests\2TipsNoExtraNoSeat.spec.ts:911:30
    at [90mC:\playwright-project\[39mnode_modules\[4mplaywright[24m\lib\worker\workerMain.js:339:9
    at [90mC:\playwright-project\[39mnode_modules\[4mplaywright[24m\lib\worker\testInfo.js:286:11
    at TimeoutManager.withRunnable [90m(C:\playwright-project\[39mnode_modules\[4mplaywright[24m\lib\worker\timeoutManager.js:64:14[90m)[39m
    at TestInfoImpl._runAsStage [90m(C:\playwright-project\[39mnode_modules\[4mplaywright[24m\lib\worker\testInfo.js:284:7[90m)[39m
    at [90mC:\playwright-project\[39mnode_modules\[4mplaywright[24m\lib\worker\workerMain.js:331:7
    at [90mC:\playwright-project\[39mnode_modules\[4mplaywright[24m\lib\worker\testInfo.js:286:11
    at TimeoutManager.withRunnable [90m(C:\playwright-project\[39mnode_modules\[4mplaywright[24m\lib\worker\timeoutManager.js:52:27[90m)[39m
    at TestInfoImpl._runAsStage [90m(C:\playwright-project\[39mnode_modules\[4mplaywright[24m\lib\worker\testInfo.js:284:7[90m)[39m
    at WorkerMain._runTest [90m(C:\playwright-project\[39mnode_modules\[4mplaywright[24m\lib\worker\workerMain.js:281:5[90m)[39m
    at WorkerMain.runTestGroup [90m(C:\playwright-project\[39mnode_modules\[4mplaywright[24m\lib\worker\workerMain.js:205:11[90m)[39m
    at process.&lt;anonymous&gt; [90m(C:\playwright-project\[39mnode_modules\[4mplaywright[24m\lib\common\process.js:95:22[90m)[39m

</system-err>
</testcase>
<testcase name="17. Compra 1 adt Eco Comfort - PremExtra - sin assitence › Ejecución completa con reintentos" classname="2TipsNoExtraNoSeat.spec.ts" time="53.64">
<system-out>
Ejecución completa, intento 1 de 5
Ejecutando Booking, intento 1
Fecha de salida seleccionada: { year: [32m'2025'[39m, month: [32m'6'[39m, index: [33m0[39m, value: [33m3[39m }
Fecha de regreso seleccionada: { year: [32m'2025'[39m, month: [32m'6'[39m, index: [33m1[39m, value: [33m5[39m }
Ajustando número de pasajeros
Successfully clicked the element: div.price-cabin:has-text("Economy")
Successfully clicked the element: div.price-cabin:has-text("Premium")
Ejecutando fillPassengerAdult 1, intento 1
Ejecutando fillContact, intento 1
Ejecutando payWithCard, intento 1
Iframe encontrado.
Ejecutando payWithCard, intento 1
Ejecutando payWithCard, intento 2
Ejecutando payWithCard, intento 3

</system-out>
<system-err>
Confirmation page validation failed: Flight Summary section not found on confirmation page
Intento 1 fallido en payWithCard: Error: Flight Summary section not found on confirmation page
    at validationConfirmPage [90m(C:\playwright-project\[39msrc\page-objects\confirmation.ts:29:19[90m)[39m
[90m    at runNextTicks (node:internal/process/task_queues:65:5)[39m
[90m    at processImmediate (node:internal/timers:459:9)[39m
[90m    at process.callbackTrampoline (node:internal/async_hooks:130:17)[39m
    at validationConfirmationPage [90m(C:\playwright-project\[39msrc\tests\2TipsNoExtraNoSeat.spec.ts:89:3[90m)[39m
    at runWithRetries [90m(C:\playwright-project\[39msrc\tests\2TipsNoExtraNoSeat.spec.ts:120:7[90m)[39m
    at executeTests [90m(C:\playwright-project\[39msrc\tests\2TipsNoExtraNoSeat.spec.ts:220:31[90m)[39m
    at [90mC:\playwright-project\[39msrc\tests\2TipsNoExtraNoSeat.spec.ts:953:30
    at [90mC:\playwright-project\[39mnode_modules\[4mplaywright[24m\lib\worker\workerMain.js:339:9
    at [90mC:\playwright-project\[39mnode_modules\[4mplaywright[24m\lib\worker\testInfo.js:286:11
    at TimeoutManager.withRunnable [90m(C:\playwright-project\[39mnode_modules\[4mplaywright[24m\lib\worker\timeoutManager.js:64:14[90m)[39m
    at TestInfoImpl._runAsStage [90m(C:\playwright-project\[39mnode_modules\[4mplaywright[24m\lib\worker\testInfo.js:284:7[90m)[39m
    at [90mC:\playwright-project\[39mnode_modules\[4mplaywright[24m\lib\worker\workerMain.js:331:7
    at [90mC:\playwright-project\[39mnode_modules\[4mplaywright[24m\lib\worker\testInfo.js:286:11
    at TimeoutManager.withRunnable [90m(C:\playwright-project\[39mnode_modules\[4mplaywright[24m\lib\worker\timeoutManager.js:52:27[90m)[39m
    at TestInfoImpl._runAsStage [90m(C:\playwright-project\[39mnode_modules\[4mplaywright[24m\lib\worker\testInfo.js:284:7[90m)[39m
    at WorkerMain._runTest [90m(C:\playwright-project\[39mnode_modules\[4mplaywright[24m\lib\worker\workerMain.js:281:5[90m)[39m
    at WorkerMain.runTestGroup [90m(C:\playwright-project\[39mnode_modules\[4mplaywright[24m\lib\worker\workerMain.js:205:11[90m)[39m
    at process.&lt;anonymous&gt; [90m(C:\playwright-project\[39mnode_modules\[4mplaywright[24m\lib\common\process.js:95:22[90m)[39m
Confirmation page validation failed: Not on confirmation page URL
Intento 2 fallido en payWithCard: Error: Not on confirmation page URL
    at validationConfirmPage [90m(C:\playwright-project\[39msrc\page-objects\confirmation.ts:36:19[90m)[39m
    at validationConfirmationPage [90m(C:\playwright-project\[39msrc\tests\2TipsNoExtraNoSeat.spec.ts:89:3[90m)[39m
    at runWithRetries [90m(C:\playwright-project\[39msrc\tests\2TipsNoExtraNoSeat.spec.ts:120:7[90m)[39m
    at executeTests [90m(C:\playwright-project\[39msrc\tests\2TipsNoExtraNoSeat.spec.ts:220:31[90m)[39m
    at [90mC:\playwright-project\[39msrc\tests\2TipsNoExtraNoSeat.spec.ts:953:30
    at [90mC:\playwright-project\[39mnode_modules\[4mplaywright[24m\lib\worker\workerMain.js:339:9
    at [90mC:\playwright-project\[39mnode_modules\[4mplaywright[24m\lib\worker\testInfo.js:286:11
    at TimeoutManager.withRunnable [90m(C:\playwright-project\[39mnode_modules\[4mplaywright[24m\lib\worker\timeoutManager.js:64:14[90m)[39m
    at TestInfoImpl._runAsStage [90m(C:\playwright-project\[39mnode_modules\[4mplaywright[24m\lib\worker\testInfo.js:284:7[90m)[39m
    at [90mC:\playwright-project\[39mnode_modules\[4mplaywright[24m\lib\worker\workerMain.js:331:7
    at [90mC:\playwright-project\[39mnode_modules\[4mplaywright[24m\lib\worker\testInfo.js:286:11
    at TimeoutManager.withRunnable [90m(C:\playwright-project\[39mnode_modules\[4mplaywright[24m\lib\worker\timeoutManager.js:52:27[90m)[39m
    at TestInfoImpl._runAsStage [90m(C:\playwright-project\[39mnode_modules\[4mplaywright[24m\lib\worker\testInfo.js:284:7[90m)[39m
    at WorkerMain._runTest [90m(C:\playwright-project\[39mnode_modules\[4mplaywright[24m\lib\worker\workerMain.js:281:5[90m)[39m
    at WorkerMain.runTestGroup [90m(C:\playwright-project\[39mnode_modules\[4mplaywright[24m\lib\worker\workerMain.js:205:11[90m)[39m
    at process.&lt;anonymous&gt; [90m(C:\playwright-project\[39mnode_modules\[4mplaywright[24m\lib\common\process.js:95:22[90m)[39m

</system-err>
</testcase>
<testcase name="18. Compra 1 adt Eco Extra - Eco Light - sin assitence › Ejecución completa con reintentos" classname="2TipsNoExtraNoSeat.spec.ts" time="49.936">
<system-out>
Ejecución completa, intento 1 de 5
Ejecutando Booking, intento 1
Fecha de salida seleccionada: { year: [32m'2025'[39m, month: [32m'6'[39m, index: [33m3[39m, value: [33m10[39m }
Fecha de regreso seleccionada: { year: [32m'2025'[39m, month: [32m'6'[39m, index: [33m4[39m, value: [33m12[39m }
Ajustando número de pasajeros
Successfully clicked the element: div.price-cabin:has-text("Economy")
Successfully clicked the element: div.price-cabin:has-text("Economy")
Ejecutando fillPassengerAdult 1, intento 1
Ejecutando fillContact, intento 1
Ejecutando payWithCard, intento 1
Iframe encontrado.
Ejecutando payWithCard, intento 1
Ejecutando payWithCard, intento 2
Ejecutando payWithCard, intento 3

</system-out>
<system-err>
Confirmation page validation failed: Flight Summary section not found on confirmation page
Intento 1 fallido en payWithCard: Error: Flight Summary section not found on confirmation page
    at validationConfirmPage [90m(C:\playwright-project\[39msrc\page-objects\confirmation.ts:29:19[90m)[39m
[90m    at runNextTicks (node:internal/process/task_queues:65:5)[39m
[90m    at processImmediate (node:internal/timers:459:9)[39m
[90m    at process.callbackTrampoline (node:internal/async_hooks:130:17)[39m
    at validationConfirmationPage [90m(C:\playwright-project\[39msrc\tests\2TipsNoExtraNoSeat.spec.ts:89:3[90m)[39m
    at runWithRetries [90m(C:\playwright-project\[39msrc\tests\2TipsNoExtraNoSeat.spec.ts:120:7[90m)[39m
    at executeTests [90m(C:\playwright-project\[39msrc\tests\2TipsNoExtraNoSeat.spec.ts:220:31[90m)[39m
    at [90mC:\playwright-project\[39msrc\tests\2TipsNoExtraNoSeat.spec.ts:995:30
    at [90mC:\playwright-project\[39mnode_modules\[4mplaywright[24m\lib\worker\workerMain.js:339:9
    at [90mC:\playwright-project\[39mnode_modules\[4mplaywright[24m\lib\worker\testInfo.js:286:11
    at TimeoutManager.withRunnable [90m(C:\playwright-project\[39mnode_modules\[4mplaywright[24m\lib\worker\timeoutManager.js:64:14[90m)[39m
    at TestInfoImpl._runAsStage [90m(C:\playwright-project\[39mnode_modules\[4mplaywright[24m\lib\worker\testInfo.js:284:7[90m)[39m
    at [90mC:\playwright-project\[39mnode_modules\[4mplaywright[24m\lib\worker\workerMain.js:331:7
    at [90mC:\playwright-project\[39mnode_modules\[4mplaywright[24m\lib\worker\testInfo.js:286:11
    at TimeoutManager.withRunnable [90m(C:\playwright-project\[39mnode_modules\[4mplaywright[24m\lib\worker\timeoutManager.js:52:27[90m)[39m
    at TestInfoImpl._runAsStage [90m(C:\playwright-project\[39mnode_modules\[4mplaywright[24m\lib\worker\testInfo.js:284:7[90m)[39m
    at WorkerMain._runTest [90m(C:\playwright-project\[39mnode_modules\[4mplaywright[24m\lib\worker\workerMain.js:281:5[90m)[39m
    at WorkerMain.runTestGroup [90m(C:\playwright-project\[39mnode_modules\[4mplaywright[24m\lib\worker\workerMain.js:205:11[90m)[39m
    at process.&lt;anonymous&gt; [90m(C:\playwright-project\[39mnode_modules\[4mplaywright[24m\lib\common\process.js:95:22[90m)[39m
Confirmation page validation failed: Not on confirmation page URL
Intento 2 fallido en payWithCard: Error: Not on confirmation page URL
    at validationConfirmPage [90m(C:\playwright-project\[39msrc\page-objects\confirmation.ts:36:19[90m)[39m
[90m    at runNextTicks (node:internal/process/task_queues:65:5)[39m
[90m    at processImmediate (node:internal/timers:459:9)[39m
[90m    at process.callbackTrampoline (node:internal/async_hooks:130:17)[39m
    at validationConfirmationPage [90m(C:\playwright-project\[39msrc\tests\2TipsNoExtraNoSeat.spec.ts:89:3[90m)[39m
    at runWithRetries [90m(C:\playwright-project\[39msrc\tests\2TipsNoExtraNoSeat.spec.ts:120:7[90m)[39m
    at executeTests [90m(C:\playwright-project\[39msrc\tests\2TipsNoExtraNoSeat.spec.ts:220:31[90m)[39m
    at [90mC:\playwright-project\[39msrc\tests\2TipsNoExtraNoSeat.spec.ts:995:30
    at [90mC:\playwright-project\[39mnode_modules\[4mplaywright[24m\lib\worker\workerMain.js:339:9
    at [90mC:\playwright-project\[39mnode_modules\[4mplaywright[24m\lib\worker\testInfo.js:286:11
    at TimeoutManager.withRunnable [90m(C:\playwright-project\[39mnode_modules\[4mplaywright[24m\lib\worker\timeoutManager.js:64:14[90m)[39m
    at TestInfoImpl._runAsStage [90m(C:\playwright-project\[39mnode_modules\[4mplaywright[24m\lib\worker\testInfo.js:284:7[90m)[39m
    at [90mC:\playwright-project\[39mnode_modules\[4mplaywright[24m\lib\worker\workerMain.js:331:7
    at [90mC:\playwright-project\[39mnode_modules\[4mplaywright[24m\lib\worker\testInfo.js:286:11
    at TimeoutManager.withRunnable [90m(C:\playwright-project\[39mnode_modules\[4mplaywright[24m\lib\worker\timeoutManager.js:52:27[90m)[39m
    at TestInfoImpl._runAsStage [90m(C:\playwright-project\[39mnode_modules\[4mplaywright[24m\lib\worker\testInfo.js:284:7[90m)[39m
    at WorkerMain._runTest [90m(C:\playwright-project\[39mnode_modules\[4mplaywright[24m\lib\worker\workerMain.js:281:5[90m)[39m
    at WorkerMain.runTestGroup [90m(C:\playwright-project\[39mnode_modules\[4mplaywright[24m\lib\worker\workerMain.js:205:11[90m)[39m
    at process.&lt;anonymous&gt; [90m(C:\playwright-project\[39mnode_modules\[4mplaywright[24m\lib\common\process.js:95:22[90m)[39m

</system-err>
</testcase>
<testcase name="19. Compra 1 adt Eco Extra - Eco Comfort - sin assitence › Ejecución completa con reintentos" classname="2TipsNoExtraNoSeat.spec.ts" time="40.447">
<system-out>
Ejecución completa, intento 1 de 5
Ejecutando Booking, intento 1
Fecha de salida seleccionada: { year: [32m'2025'[39m, month: [32m'5'[39m, index: [33m13[39m, value: [33m31[39m }
Fecha de regreso seleccionada: { year: [32m'2025'[39m, month: [32m'6'[39m, index: [33m0[39m, value: [33m3[39m }
Ajustando número de pasajeros
Successfully clicked the element: div.price-cabin:has-text("Economy")
Successfully clicked the element: div.price-cabin:has-text("Economy")
Ejecutando fillPassengerAdult 1, intento 1
Ejecutando fillContact, intento 1
Ejecutando payWithCard, intento 1
Iframe encontrado.
Ejecutando payWithCard, intento 1
Ejecutando payWithCard, intento 2
Ejecutando payWithCard, intento 3

</system-out>
<system-err>
Confirmation page validation failed: Flight Summary section not found on confirmation page
Intento 1 fallido en payWithCard: Error: Flight Summary section not found on confirmation page
    at validationConfirmPage [90m(C:\playwright-project\[39msrc\page-objects\confirmation.ts:29:19[90m)[39m
[90m    at runNextTicks (node:internal/process/task_queues:65:5)[39m
[90m    at processImmediate (node:internal/timers:459:9)[39m
[90m    at process.callbackTrampoline (node:internal/async_hooks:130:17)[39m
    at validationConfirmationPage [90m(C:\playwright-project\[39msrc\tests\2TipsNoExtraNoSeat.spec.ts:89:3[90m)[39m
    at runWithRetries [90m(C:\playwright-project\[39msrc\tests\2TipsNoExtraNoSeat.spec.ts:120:7[90m)[39m
    at executeTests [90m(C:\playwright-project\[39msrc\tests\2TipsNoExtraNoSeat.spec.ts:220:31[90m)[39m
    at [90mC:\playwright-project\[39msrc\tests\2TipsNoExtraNoSeat.spec.ts:1037:30
    at [90mC:\playwright-project\[39mnode_modules\[4mplaywright[24m\lib\worker\workerMain.js:339:9
    at [90mC:\playwright-project\[39mnode_modules\[4mplaywright[24m\lib\worker\testInfo.js:286:11
    at TimeoutManager.withRunnable [90m(C:\playwright-project\[39mnode_modules\[4mplaywright[24m\lib\worker\timeoutManager.js:64:14[90m)[39m
    at TestInfoImpl._runAsStage [90m(C:\playwright-project\[39mnode_modules\[4mplaywright[24m\lib\worker\testInfo.js:284:7[90m)[39m
    at [90mC:\playwright-project\[39mnode_modules\[4mplaywright[24m\lib\worker\workerMain.js:331:7
    at [90mC:\playwright-project\[39mnode_modules\[4mplaywright[24m\lib\worker\testInfo.js:286:11
    at TimeoutManager.withRunnable [90m(C:\playwright-project\[39mnode_modules\[4mplaywright[24m\lib\worker\timeoutManager.js:52:27[90m)[39m
    at TestInfoImpl._runAsStage [90m(C:\playwright-project\[39mnode_modules\[4mplaywright[24m\lib\worker\testInfo.js:284:7[90m)[39m
    at WorkerMain._runTest [90m(C:\playwright-project\[39mnode_modules\[4mplaywright[24m\lib\worker\workerMain.js:281:5[90m)[39m
    at WorkerMain.runTestGroup [90m(C:\playwright-project\[39mnode_modules\[4mplaywright[24m\lib\worker\workerMain.js:205:11[90m)[39m
    at process.&lt;anonymous&gt; [90m(C:\playwright-project\[39mnode_modules\[4mplaywright[24m\lib\common\process.js:95:22[90m)[39m
Confirmation page validation failed: Not on confirmation page URL
Intento 2 fallido en payWithCard: Error: Not on confirmation page URL
    at validationConfirmPage [90m(C:\playwright-project\[39msrc\page-objects\confirmation.ts:36:19[90m)[39m
    at validationConfirmationPage [90m(C:\playwright-project\[39msrc\tests\2TipsNoExtraNoSeat.spec.ts:89:3[90m)[39m
    at runWithRetries [90m(C:\playwright-project\[39msrc\tests\2TipsNoExtraNoSeat.spec.ts:120:7[90m)[39m
    at executeTests [90m(C:\playwright-project\[39msrc\tests\2TipsNoExtraNoSeat.spec.ts:220:31[90m)[39m
    at [90mC:\playwright-project\[39msrc\tests\2TipsNoExtraNoSeat.spec.ts:1037:30
    at [90mC:\playwright-project\[39mnode_modules\[4mplaywright[24m\lib\worker\workerMain.js:339:9
    at [90mC:\playwright-project\[39mnode_modules\[4mplaywright[24m\lib\worker\testInfo.js:286:11
    at TimeoutManager.withRunnable [90m(C:\playwright-project\[39mnode_modules\[4mplaywright[24m\lib\worker\timeoutManager.js:64:14[90m)[39m
    at TestInfoImpl._runAsStage [90m(C:\playwright-project\[39mnode_modules\[4mplaywright[24m\lib\worker\testInfo.js:284:7[90m)[39m
    at [90mC:\playwright-project\[39mnode_modules\[4mplaywright[24m\lib\worker\workerMain.js:331:7
    at [90mC:\playwright-project\[39mnode_modules\[4mplaywright[24m\lib\worker\testInfo.js:286:11
    at TimeoutManager.withRunnable [90m(C:\playwright-project\[39mnode_modules\[4mplaywright[24m\lib\worker\timeoutManager.js:52:27[90m)[39m
    at TestInfoImpl._runAsStage [90m(C:\playwright-project\[39mnode_modules\[4mplaywright[24m\lib\worker\testInfo.js:284:7[90m)[39m
    at WorkerMain._runTest [90m(C:\playwright-project\[39mnode_modules\[4mplaywright[24m\lib\worker\workerMain.js:281:5[90m)[39m
    at WorkerMain.runTestGroup [90m(C:\playwright-project\[39mnode_modules\[4mplaywright[24m\lib\worker\workerMain.js:205:11[90m)[39m
    at process.&lt;anonymous&gt; [90m(C:\playwright-project\[39mnode_modules\[4mplaywright[24m\lib\common\process.js:95:22[90m)[39m

</system-err>
</testcase>
<testcase name="20. Compra 1 adt Eco Extra - Eco Extra - sin assitence › Ejecución completa con reintentos" classname="2TipsNoExtraNoSeat.spec.ts" time="40.971">
<system-out>
Ejecución completa, intento 1 de 5
Ejecutando Booking, intento 1
Fecha de salida seleccionada: { year: [32m'2025'[39m, month: [32m'6'[39m, index: [33m0[39m, value: [33m3[39m }
Fecha de regreso seleccionada: { year: [32m'2025'[39m, month: [32m'6'[39m, index: [33m1[39m, value: [33m5[39m }
Ajustando número de pasajeros
Successfully clicked the element: div.price-cabin:has-text("Economy")
Successfully clicked the element: div.price-cabin:has-text("Economy")
Ejecutando fillPassengerAdult 1, intento 1
Ejecutando fillContact, intento 1
Ejecutando payWithCard, intento 1
Iframe encontrado.
Ejecutando payWithCard, intento 1
Ejecutando payWithCard, intento 2
Ejecutando payWithCard, intento 3

</system-out>
<system-err>
Confirmation page validation failed: Flight Summary section not found on confirmation page
Intento 1 fallido en payWithCard: Error: Flight Summary section not found on confirmation page
    at validationConfirmPage [90m(C:\playwright-project\[39msrc\page-objects\confirmation.ts:29:19[90m)[39m
[90m    at runNextTicks (node:internal/process/task_queues:65:5)[39m
[90m    at processImmediate (node:internal/timers:459:9)[39m
[90m    at process.callbackTrampoline (node:internal/async_hooks:130:17)[39m
    at validationConfirmationPage [90m(C:\playwright-project\[39msrc\tests\2TipsNoExtraNoSeat.spec.ts:89:3[90m)[39m
    at runWithRetries [90m(C:\playwright-project\[39msrc\tests\2TipsNoExtraNoSeat.spec.ts:120:7[90m)[39m
    at executeTests [90m(C:\playwright-project\[39msrc\tests\2TipsNoExtraNoSeat.spec.ts:220:31[90m)[39m
    at [90mC:\playwright-project\[39msrc\tests\2TipsNoExtraNoSeat.spec.ts:1079:30
    at [90mC:\playwright-project\[39mnode_modules\[4mplaywright[24m\lib\worker\workerMain.js:339:9
    at [90mC:\playwright-project\[39mnode_modules\[4mplaywright[24m\lib\worker\testInfo.js:286:11
    at TimeoutManager.withRunnable [90m(C:\playwright-project\[39mnode_modules\[4mplaywright[24m\lib\worker\timeoutManager.js:64:14[90m)[39m
    at TestInfoImpl._runAsStage [90m(C:\playwright-project\[39mnode_modules\[4mplaywright[24m\lib\worker\testInfo.js:284:7[90m)[39m
    at [90mC:\playwright-project\[39mnode_modules\[4mplaywright[24m\lib\worker\workerMain.js:331:7
    at [90mC:\playwright-project\[39mnode_modules\[4mplaywright[24m\lib\worker\testInfo.js:286:11
    at TimeoutManager.withRunnable [90m(C:\playwright-project\[39mnode_modules\[4mplaywright[24m\lib\worker\timeoutManager.js:52:27[90m)[39m
    at TestInfoImpl._runAsStage [90m(C:\playwright-project\[39mnode_modules\[4mplaywright[24m\lib\worker\testInfo.js:284:7[90m)[39m
    at WorkerMain._runTest [90m(C:\playwright-project\[39mnode_modules\[4mplaywright[24m\lib\worker\workerMain.js:281:5[90m)[39m
    at WorkerMain.runTestGroup [90m(C:\playwright-project\[39mnode_modules\[4mplaywright[24m\lib\worker\workerMain.js:205:11[90m)[39m
    at process.&lt;anonymous&gt; [90m(C:\playwright-project\[39mnode_modules\[4mplaywright[24m\lib\common\process.js:95:22[90m)[39m
Confirmation page validation failed: Not on confirmation page URL
Intento 2 fallido en payWithCard: Error: Not on confirmation page URL
    at validationConfirmPage [90m(C:\playwright-project\[39msrc\page-objects\confirmation.ts:36:19[90m)[39m
    at validationConfirmationPage [90m(C:\playwright-project\[39msrc\tests\2TipsNoExtraNoSeat.spec.ts:89:3[90m)[39m
    at runWithRetries [90m(C:\playwright-project\[39msrc\tests\2TipsNoExtraNoSeat.spec.ts:120:7[90m)[39m
    at executeTests [90m(C:\playwright-project\[39msrc\tests\2TipsNoExtraNoSeat.spec.ts:220:31[90m)[39m
    at [90mC:\playwright-project\[39msrc\tests\2TipsNoExtraNoSeat.spec.ts:1079:30
    at [90mC:\playwright-project\[39mnode_modules\[4mplaywright[24m\lib\worker\workerMain.js:339:9
    at [90mC:\playwright-project\[39mnode_modules\[4mplaywright[24m\lib\worker\testInfo.js:286:11
    at TimeoutManager.withRunnable [90m(C:\playwright-project\[39mnode_modules\[4mplaywright[24m\lib\worker\timeoutManager.js:64:14[90m)[39m
    at TestInfoImpl._runAsStage [90m(C:\playwright-project\[39mnode_modules\[4mplaywright[24m\lib\worker\testInfo.js:284:7[90m)[39m
    at [90mC:\playwright-project\[39mnode_modules\[4mplaywright[24m\lib\worker\workerMain.js:331:7
    at [90mC:\playwright-project\[39mnode_modules\[4mplaywright[24m\lib\worker\testInfo.js:286:11
    at TimeoutManager.withRunnable [90m(C:\playwright-project\[39mnode_modules\[4mplaywright[24m\lib\worker\timeoutManager.js:52:27[90m)[39m
    at TestInfoImpl._runAsStage [90m(C:\playwright-project\[39mnode_modules\[4mplaywright[24m\lib\worker\testInfo.js:284:7[90m)[39m
    at WorkerMain._runTest [90m(C:\playwright-project\[39mnode_modules\[4mplaywright[24m\lib\worker\workerMain.js:281:5[90m)[39m
    at WorkerMain.runTestGroup [90m(C:\playwright-project\[39mnode_modules\[4mplaywright[24m\lib\worker\workerMain.js:205:11[90m)[39m
    at process.&lt;anonymous&gt; [90m(C:\playwright-project\[39mnode_modules\[4mplaywright[24m\lib\common\process.js:95:22[90m)[39m

</system-err>
</testcase>
<testcase name="21. Compra 1 adt Eco Extra - PremLight - sin assitence › Ejecución completa con reintentos" classname="2TipsNoExtraNoSeat.spec.ts" time="74.396">
<system-out>
Ejecución completa, intento 1 de 5
Ejecutando Booking, intento 1
Fecha de salida seleccionada: { year: [32m'2025'[39m, month: [32m'4'[39m, index: [33m8[39m, value: [33m19[39m }
Fecha de regreso seleccionada: { year: [32m'2025'[39m, month: [32m'4'[39m, index: [33m9[39m, value: [33m22[39m }
Ajustando número de pasajeros
Successfully clicked the element: div.price-cabin:has-text("Economy")
Successfully clicked the element: div.price-cabin:has-text("Premium")
Ejecutando fillPassengerAdult 1, intento 1
Ejecutando fillContact, intento 1
Ejecutando payWithCard, intento 1
Iframe encontrado.
Ejecutando payWithCard, intento 1
Ejecutando payWithCard, intento 2
Ejecutando payWithCard, intento 3
Ejecución completa, intento 2 de 5
Ejecutando Booking, intento 1
Fecha de salida seleccionada: { year: [32m'2025'[39m, month: [32m'5'[39m, index: [33m6[39m, value: [33m15[39m }
Fecha de regreso seleccionada: { year: [32m'2025'[39m, month: [32m'5'[39m, index: [33m7[39m, value: [33m17[39m }
Ajustando número de pasajeros
Successfully clicked the element: div.price-cabin:has-text("Economy")
Successfully clicked the element: div.price-cabin:has-text("Premium")
Ejecutando fillPassengerAdult 1, intento 1
Ejecutando fillContact, intento 1
Ejecutando payWithCard, intento 1
Iframe encontrado.
Ejecutando payWithCard, intento 1
Ejecutando payWithCard, intento 2
Ejecutando payWithCard, intento 3

</system-out>
<system-err>
Confirmation page validation failed: Flight Summary section not found on confirmation page
Intento 1 fallido en payWithCard: Error: Flight Summary section not found on confirmation page
    at validationConfirmPage [90m(C:\playwright-project\[39msrc\page-objects\confirmation.ts:29:19[90m)[39m
    at validationConfirmationPage [90m(C:\playwright-project\[39msrc\tests\2TipsNoExtraNoSeat.spec.ts:89:3[90m)[39m
    at runWithRetries [90m(C:\playwright-project\[39msrc\tests\2TipsNoExtraNoSeat.spec.ts:120:7[90m)[39m
    at executeTests [90m(C:\playwright-project\[39msrc\tests\2TipsNoExtraNoSeat.spec.ts:220:31[90m)[39m
    at [90mC:\playwright-project\[39msrc\tests\2TipsNoExtraNoSeat.spec.ts:1121:30
    at [90mC:\playwright-project\[39mnode_modules\[4mplaywright[24m\lib\worker\workerMain.js:339:9
    at [90mC:\playwright-project\[39mnode_modules\[4mplaywright[24m\lib\worker\testInfo.js:286:11
    at TimeoutManager.withRunnable [90m(C:\playwright-project\[39mnode_modules\[4mplaywright[24m\lib\worker\timeoutManager.js:64:14[90m)[39m
    at TestInfoImpl._runAsStage [90m(C:\playwright-project\[39mnode_modules\[4mplaywright[24m\lib\worker\testInfo.js:284:7[90m)[39m
    at [90mC:\playwright-project\[39mnode_modules\[4mplaywright[24m\lib\worker\workerMain.js:331:7
    at [90mC:\playwright-project\[39mnode_modules\[4mplaywright[24m\lib\worker\testInfo.js:286:11
    at TimeoutManager.withRunnable [90m(C:\playwright-project\[39mnode_modules\[4mplaywright[24m\lib\worker\timeoutManager.js:52:27[90m)[39m
    at TestInfoImpl._runAsStage [90m(C:\playwright-project\[39mnode_modules\[4mplaywright[24m\lib\worker\testInfo.js:284:7[90m)[39m
    at WorkerMain._runTest [90m(C:\playwright-project\[39mnode_modules\[4mplaywright[24m\lib\worker\workerMain.js:281:5[90m)[39m
    at WorkerMain.runTestGroup [90m(C:\playwright-project\[39mnode_modules\[4mplaywright[24m\lib\worker\workerMain.js:205:11[90m)[39m
    at process.&lt;anonymous&gt; [90m(C:\playwright-project\[39mnode_modules\[4mplaywright[24m\lib\common\process.js:95:22[90m)[39m
Confirmation page validation failed: Flight Summary section not found on confirmation page
Intento 2 fallido en payWithCard: Error: Flight Summary section not found on confirmation page
    at validationConfirmPage [90m(C:\playwright-project\[39msrc\page-objects\confirmation.ts:29:19[90m)[39m
    at validationConfirmationPage [90m(C:\playwright-project\[39msrc\tests\2TipsNoExtraNoSeat.spec.ts:89:3[90m)[39m
    at runWithRetries [90m(C:\playwright-project\[39msrc\tests\2TipsNoExtraNoSeat.spec.ts:120:7[90m)[39m
    at executeTests [90m(C:\playwright-project\[39msrc\tests\2TipsNoExtraNoSeat.spec.ts:220:31[90m)[39m
    at [90mC:\playwright-project\[39msrc\tests\2TipsNoExtraNoSeat.spec.ts:1121:30
    at [90mC:\playwright-project\[39mnode_modules\[4mplaywright[24m\lib\worker\workerMain.js:339:9
    at [90mC:\playwright-project\[39mnode_modules\[4mplaywright[24m\lib\worker\testInfo.js:286:11
    at TimeoutManager.withRunnable [90m(C:\playwright-project\[39mnode_modules\[4mplaywright[24m\lib\worker\timeoutManager.js:64:14[90m)[39m
    at TestInfoImpl._runAsStage [90m(C:\playwright-project\[39mnode_modules\[4mplaywright[24m\lib\worker\testInfo.js:284:7[90m)[39m
    at [90mC:\playwright-project\[39mnode_modules\[4mplaywright[24m\lib\worker\workerMain.js:331:7
    at [90mC:\playwright-project\[39mnode_modules\[4mplaywright[24m\lib\worker\testInfo.js:286:11
    at TimeoutManager.withRunnable [90m(C:\playwright-project\[39mnode_modules\[4mplaywright[24m\lib\worker\timeoutManager.js:52:27[90m)[39m
    at TestInfoImpl._runAsStage [90m(C:\playwright-project\[39mnode_modules\[4mplaywright[24m\lib\worker\testInfo.js:284:7[90m)[39m
    at WorkerMain._runTest [90m(C:\playwright-project\[39mnode_modules\[4mplaywright[24m\lib\worker\workerMain.js:281:5[90m)[39m
    at WorkerMain.runTestGroup [90m(C:\playwright-project\[39mnode_modules\[4mplaywright[24m\lib\worker\workerMain.js:205:11[90m)[39m
    at process.&lt;anonymous&gt; [90m(C:\playwright-project\[39mnode_modules\[4mplaywright[24m\lib\common\process.js:95:22[90m)[39m
Confirmation page validation failed: Flight Summary section not found on confirmation page
Intento 3 fallido en payWithCard: Error: Flight Summary section not found on confirmation page
    at validationConfirmPage [90m(C:\playwright-project\[39msrc\page-objects\confirmation.ts:29:19[90m)[39m
    at validationConfirmationPage [90m(C:\playwright-project\[39msrc\tests\2TipsNoExtraNoSeat.spec.ts:89:3[90m)[39m
    at runWithRetries [90m(C:\playwright-project\[39msrc\tests\2TipsNoExtraNoSeat.spec.ts:120:7[90m)[39m
    at executeTests [90m(C:\playwright-project\[39msrc\tests\2TipsNoExtraNoSeat.spec.ts:220:31[90m)[39m
    at [90mC:\playwright-project\[39msrc\tests\2TipsNoExtraNoSeat.spec.ts:1121:30
    at [90mC:\playwright-project\[39mnode_modules\[4mplaywright[24m\lib\worker\workerMain.js:339:9
    at [90mC:\playwright-project\[39mnode_modules\[4mplaywright[24m\lib\worker\testInfo.js:286:11
    at TimeoutManager.withRunnable [90m(C:\playwright-project\[39mnode_modules\[4mplaywright[24m\lib\worker\timeoutManager.js:64:14[90m)[39m
    at TestInfoImpl._runAsStage [90m(C:\playwright-project\[39mnode_modules\[4mplaywright[24m\lib\worker\testInfo.js:284:7[90m)[39m
    at [90mC:\playwright-project\[39mnode_modules\[4mplaywright[24m\lib\worker\workerMain.js:331:7
    at [90mC:\playwright-project\[39mnode_modules\[4mplaywright[24m\lib\worker\testInfo.js:286:11
    at TimeoutManager.withRunnable [90m(C:\playwright-project\[39mnode_modules\[4mplaywright[24m\lib\worker\timeoutManager.js:52:27[90m)[39m
    at TestInfoImpl._runAsStage [90m(C:\playwright-project\[39mnode_modules\[4mplaywright[24m\lib\worker\testInfo.js:284:7[90m)[39m
    at WorkerMain._runTest [90m(C:\playwright-project\[39mnode_modules\[4mplaywright[24m\lib\worker\workerMain.js:281:5[90m)[39m
    at WorkerMain.runTestGroup [90m(C:\playwright-project\[39mnode_modules\[4mplaywright[24m\lib\worker\workerMain.js:205:11[90m)[39m
    at process.&lt;anonymous&gt; [90m(C:\playwright-project\[39mnode_modules\[4mplaywright[24m\lib\common\process.js:95:22[90m)[39m
Prueba payWithCard fallida después de 3 intentos.
Confirmation page validation failed: Flight Summary section not found on confirmation page
Intento 1 fallido en payWithCard: Error: Flight Summary section not found on confirmation page
    at validationConfirmPage [90m(C:\playwright-project\[39msrc\page-objects\confirmation.ts:29:19[90m)[39m
[90m    at runNextTicks (node:internal/process/task_queues:65:5)[39m
[90m    at processImmediate (node:internal/timers:459:9)[39m
[90m    at process.callbackTrampoline (node:internal/async_hooks:130:17)[39m
    at validationConfirmationPage [90m(C:\playwright-project\[39msrc\tests\2TipsNoExtraNoSeat.spec.ts:89:3[90m)[39m
    at runWithRetries [90m(C:\playwright-project\[39msrc\tests\2TipsNoExtraNoSeat.spec.ts:120:7[90m)[39m
    at executeTests [90m(C:\playwright-project\[39msrc\tests\2TipsNoExtraNoSeat.spec.ts:220:31[90m)[39m
    at [90mC:\playwright-project\[39msrc\tests\2TipsNoExtraNoSeat.spec.ts:1121:30
    at [90mC:\playwright-project\[39mnode_modules\[4mplaywright[24m\lib\worker\workerMain.js:339:9
    at [90mC:\playwright-project\[39mnode_modules\[4mplaywright[24m\lib\worker\testInfo.js:286:11
    at TimeoutManager.withRunnable [90m(C:\playwright-project\[39mnode_modules\[4mplaywright[24m\lib\worker\timeoutManager.js:64:14[90m)[39m
    at TestInfoImpl._runAsStage [90m(C:\playwright-project\[39mnode_modules\[4mplaywright[24m\lib\worker\testInfo.js:284:7[90m)[39m
    at [90mC:\playwright-project\[39mnode_modules\[4mplaywright[24m\lib\worker\workerMain.js:331:7
    at [90mC:\playwright-project\[39mnode_modules\[4mplaywright[24m\lib\worker\testInfo.js:286:11
    at TimeoutManager.withRunnable [90m(C:\playwright-project\[39mnode_modules\[4mplaywright[24m\lib\worker\timeoutManager.js:52:27[90m)[39m
    at TestInfoImpl._runAsStage [90m(C:\playwright-project\[39mnode_modules\[4mplaywright[24m\lib\worker\testInfo.js:284:7[90m)[39m
    at WorkerMain._runTest [90m(C:\playwright-project\[39mnode_modules\[4mplaywright[24m\lib\worker\workerMain.js:281:5[90m)[39m
    at WorkerMain.runTestGroup [90m(C:\playwright-project\[39mnode_modules\[4mplaywright[24m\lib\worker\workerMain.js:205:11[90m)[39m
    at process.&lt;anonymous&gt; [90m(C:\playwright-project\[39mnode_modules\[4mplaywright[24m\lib\common\process.js:95:22[90m)[39m
Confirmation page validation failed: Not on confirmation page URL
Intento 2 fallido en payWithCard: Error: Not on confirmation page URL
    at validationConfirmPage [90m(C:\playwright-project\[39msrc\page-objects\confirmation.ts:36:19[90m)[39m
    at validationConfirmationPage [90m(C:\playwright-project\[39msrc\tests\2TipsNoExtraNoSeat.spec.ts:89:3[90m)[39m
    at runWithRetries [90m(C:\playwright-project\[39msrc\tests\2TipsNoExtraNoSeat.spec.ts:120:7[90m)[39m
    at executeTests [90m(C:\playwright-project\[39msrc\tests\2TipsNoExtraNoSeat.spec.ts:220:31[90m)[39m
    at [90mC:\playwright-project\[39msrc\tests\2TipsNoExtraNoSeat.spec.ts:1121:30
    at [90mC:\playwright-project\[39mnode_modules\[4mplaywright[24m\lib\worker\workerMain.js:339:9
    at [90mC:\playwright-project\[39mnode_modules\[4mplaywright[24m\lib\worker\testInfo.js:286:11
    at TimeoutManager.withRunnable [90m(C:\playwright-project\[39mnode_modules\[4mplaywright[24m\lib\worker\timeoutManager.js:64:14[90m)[39m
    at TestInfoImpl._runAsStage [90m(C:\playwright-project\[39mnode_modules\[4mplaywright[24m\lib\worker\testInfo.js:284:7[90m)[39m
    at [90mC:\playwright-project\[39mnode_modules\[4mplaywright[24m\lib\worker\workerMain.js:331:7
    at [90mC:\playwright-project\[39mnode_modules\[4mplaywright[24m\lib\worker\testInfo.js:286:11
    at TimeoutManager.withRunnable [90m(C:\playwright-project\[39mnode_modules\[4mplaywright[24m\lib\worker\timeoutManager.js:52:27[90m)[39m
    at TestInfoImpl._runAsStage [90m(C:\playwright-project\[39mnode_modules\[4mplaywright[24m\lib\worker\testInfo.js:284:7[90m)[39m
    at WorkerMain._runTest [90m(C:\playwright-project\[39mnode_modules\[4mplaywright[24m\lib\worker\workerMain.js:281:5[90m)[39m
    at WorkerMain.runTestGroup [90m(C:\playwright-project\[39mnode_modules\[4mplaywright[24m\lib\worker\workerMain.js:205:11[90m)[39m
    at process.&lt;anonymous&gt; [90m(C:\playwright-project\[39mnode_modules\[4mplaywright[24m\lib\common\process.js:95:22[90m)[39m

</system-err>
</testcase>
<testcase name="22. Compra 1 adt Eco Extra - PremComfort - sin assitence › Ejecución completa con reintentos" classname="2TipsNoExtraNoSeat.spec.ts" time="86.835">
<system-out>
Ejecución completa, intento 1 de 5
Ejecutando Booking, intento 1
Fecha de salida seleccionada: { year: [32m'2025'[39m, month: [32m'5'[39m, index: [33m4[39m, value: [33m10[39m }
Fecha de regreso seleccionada: { year: [32m'2025'[39m, month: [32m'5'[39m, index: [33m5[39m, value: [33m13[39m }
Ajustando número de pasajeros
Successfully clicked the element: div.price-cabin:has-text("Economy")
Successfully clicked the element: div.price-cabin:has-text("Premium")
Ejecutando fillPassengerAdult 1, intento 1
Ejecutando fillContact, intento 1
Ejecutando payWithCard, intento 1
Iframe encontrado.
Ejecutando payWithCard, intento 1
Ejecutando payWithCard, intento 2
Ejecutando payWithCard, intento 3
Ejecución completa, intento 2 de 5
Ejecutando Booking, intento 1
Ejecutando Booking, intento 2
Fecha de salida seleccionada: { year: [32m'2025'[39m, month: [32m'5'[39m, index: [33m7[39m, value: [33m17[39m }
Fecha de regreso seleccionada: { year: [32m'2025'[39m, month: [32m'5'[39m, index: [33m8[39m, value: [33m20[39m }
Ajustando número de pasajeros
Successfully clicked the element: div.price-cabin:has-text("Economy")
Successfully clicked the element: div.price-cabin:has-text("Premium")
Ejecutando fillPassengerAdult 1, intento 1
Ejecutando fillContact, intento 1
Ejecutando payWithCard, intento 1
Iframe encontrado.
Ejecutando payWithCard, intento 1
Ejecutando payWithCard, intento 2
Ejecutando payWithCard, intento 3

</system-out>
<system-err>
Confirmation page validation failed: Flight Summary section not found on confirmation page
Intento 1 fallido en payWithCard: Error: Flight Summary section not found on confirmation page
    at validationConfirmPage [90m(C:\playwright-project\[39msrc\page-objects\confirmation.ts:29:19[90m)[39m
    at validationConfirmationPage [90m(C:\playwright-project\[39msrc\tests\2TipsNoExtraNoSeat.spec.ts:89:3[90m)[39m
    at runWithRetries [90m(C:\playwright-project\[39msrc\tests\2TipsNoExtraNoSeat.spec.ts:120:7[90m)[39m
    at executeTests [90m(C:\playwright-project\[39msrc\tests\2TipsNoExtraNoSeat.spec.ts:220:31[90m)[39m
    at [90mC:\playwright-project\[39msrc\tests\2TipsNoExtraNoSeat.spec.ts:1164:30
    at [90mC:\playwright-project\[39mnode_modules\[4mplaywright[24m\lib\worker\workerMain.js:339:9
    at [90mC:\playwright-project\[39mnode_modules\[4mplaywright[24m\lib\worker\testInfo.js:286:11
    at TimeoutManager.withRunnable [90m(C:\playwright-project\[39mnode_modules\[4mplaywright[24m\lib\worker\timeoutManager.js:64:14[90m)[39m
    at TestInfoImpl._runAsStage [90m(C:\playwright-project\[39mnode_modules\[4mplaywright[24m\lib\worker\testInfo.js:284:7[90m)[39m
    at [90mC:\playwright-project\[39mnode_modules\[4mplaywright[24m\lib\worker\workerMain.js:331:7
    at [90mC:\playwright-project\[39mnode_modules\[4mplaywright[24m\lib\worker\testInfo.js:286:11
    at TimeoutManager.withRunnable [90m(C:\playwright-project\[39mnode_modules\[4mplaywright[24m\lib\worker\timeoutManager.js:52:27[90m)[39m
    at TestInfoImpl._runAsStage [90m(C:\playwright-project\[39mnode_modules\[4mplaywright[24m\lib\worker\testInfo.js:284:7[90m)[39m
    at WorkerMain._runTest [90m(C:\playwright-project\[39mnode_modules\[4mplaywright[24m\lib\worker\workerMain.js:281:5[90m)[39m
    at WorkerMain.runTestGroup [90m(C:\playwright-project\[39mnode_modules\[4mplaywright[24m\lib\worker\workerMain.js:205:11[90m)[39m
    at process.&lt;anonymous&gt; [90m(C:\playwright-project\[39mnode_modules\[4mplaywright[24m\lib\common\process.js:95:22[90m)[39m
Confirmation page validation failed: Flight Summary section not found on confirmation page
Intento 2 fallido en payWithCard: Error: Flight Summary section not found on confirmation page
    at validationConfirmPage [90m(C:\playwright-project\[39msrc\page-objects\confirmation.ts:29:19[90m)[39m
    at validationConfirmationPage [90m(C:\playwright-project\[39msrc\tests\2TipsNoExtraNoSeat.spec.ts:89:3[90m)[39m
    at runWithRetries [90m(C:\playwright-project\[39msrc\tests\2TipsNoExtraNoSeat.spec.ts:120:7[90m)[39m
    at executeTests [90m(C:\playwright-project\[39msrc\tests\2TipsNoExtraNoSeat.spec.ts:220:31[90m)[39m
    at [90mC:\playwright-project\[39msrc\tests\2TipsNoExtraNoSeat.spec.ts:1164:30
    at [90mC:\playwright-project\[39mnode_modules\[4mplaywright[24m\lib\worker\workerMain.js:339:9
    at [90mC:\playwright-project\[39mnode_modules\[4mplaywright[24m\lib\worker\testInfo.js:286:11
    at TimeoutManager.withRunnable [90m(C:\playwright-project\[39mnode_modules\[4mplaywright[24m\lib\worker\timeoutManager.js:64:14[90m)[39m
    at TestInfoImpl._runAsStage [90m(C:\playwright-project\[39mnode_modules\[4mplaywright[24m\lib\worker\testInfo.js:284:7[90m)[39m
    at [90mC:\playwright-project\[39mnode_modules\[4mplaywright[24m\lib\worker\workerMain.js:331:7
    at [90mC:\playwright-project\[39mnode_modules\[4mplaywright[24m\lib\worker\testInfo.js:286:11
    at TimeoutManager.withRunnable [90m(C:\playwright-project\[39mnode_modules\[4mplaywright[24m\lib\worker\timeoutManager.js:52:27[90m)[39m
    at TestInfoImpl._runAsStage [90m(C:\playwright-project\[39mnode_modules\[4mplaywright[24m\lib\worker\testInfo.js:284:7[90m)[39m
    at WorkerMain._runTest [90m(C:\playwright-project\[39mnode_modules\[4mplaywright[24m\lib\worker\workerMain.js:281:5[90m)[39m
    at WorkerMain.runTestGroup [90m(C:\playwright-project\[39mnode_modules\[4mplaywright[24m\lib\worker\workerMain.js:205:11[90m)[39m
    at process.&lt;anonymous&gt; [90m(C:\playwright-project\[39mnode_modules\[4mplaywright[24m\lib\common\process.js:95:22[90m)[39m
Confirmation page validation failed: Flight Summary section not found on confirmation page
Intento 3 fallido en payWithCard: Error: Flight Summary section not found on confirmation page
    at validationConfirmPage [90m(C:\playwright-project\[39msrc\page-objects\confirmation.ts:29:19[90m)[39m
    at validationConfirmationPage [90m(C:\playwright-project\[39msrc\tests\2TipsNoExtraNoSeat.spec.ts:89:3[90m)[39m
    at runWithRetries [90m(C:\playwright-project\[39msrc\tests\2TipsNoExtraNoSeat.spec.ts:120:7[90m)[39m
    at executeTests [90m(C:\playwright-project\[39msrc\tests\2TipsNoExtraNoSeat.spec.ts:220:31[90m)[39m
    at [90mC:\playwright-project\[39msrc\tests\2TipsNoExtraNoSeat.spec.ts:1164:30
    at [90mC:\playwright-project\[39mnode_modules\[4mplaywright[24m\lib\worker\workerMain.js:339:9
    at [90mC:\playwright-project\[39mnode_modules\[4mplaywright[24m\lib\worker\testInfo.js:286:11
    at TimeoutManager.withRunnable [90m(C:\playwright-project\[39mnode_modules\[4mplaywright[24m\lib\worker\timeoutManager.js:64:14[90m)[39m
    at TestInfoImpl._runAsStage [90m(C:\playwright-project\[39mnode_modules\[4mplaywright[24m\lib\worker\testInfo.js:284:7[90m)[39m
    at [90mC:\playwright-project\[39mnode_modules\[4mplaywright[24m\lib\worker\workerMain.js:331:7
    at [90mC:\playwright-project\[39mnode_modules\[4mplaywright[24m\lib\worker\testInfo.js:286:11
    at TimeoutManager.withRunnable [90m(C:\playwright-project\[39mnode_modules\[4mplaywright[24m\lib\worker\timeoutManager.js:52:27[90m)[39m
    at TestInfoImpl._runAsStage [90m(C:\playwright-project\[39mnode_modules\[4mplaywright[24m\lib\worker\testInfo.js:284:7[90m)[39m
    at WorkerMain._runTest [90m(C:\playwright-project\[39mnode_modules\[4mplaywright[24m\lib\worker\workerMain.js:281:5[90m)[39m
    at WorkerMain.runTestGroup [90m(C:\playwright-project\[39mnode_modules\[4mplaywright[24m\lib\worker\workerMain.js:205:11[90m)[39m
    at process.&lt;anonymous&gt; [90m(C:\playwright-project\[39mnode_modules\[4mplaywright[24m\lib\common\process.js:95:22[90m)[39m
Prueba payWithCard fallida después de 3 intentos.
Error al gestionar el flujo de ida y vuelta: locator.click: Error: strict mode violation: getByLabel('Choose Tuesday, April 29th,') resolved to 2 elements:
    1) &lt;div title="" tabindex="-1" role="option" aria-disabled="false" aria-selected="false" aria-label="Choose Tuesday, April 29th, 2025" class="react-datepicker__day react-datepicker__day react-datepicker__day--029"&gt;…&lt;/div&gt; aka getByLabel('Month April,').getByLabel('Choose Tuesday, April 29th,')
    2) &lt;div title="" tabindex="-1" role="option" aria-disabled="false" aria-selected="false" aria-label="Choose Tuesday, April 29th, 2025" class="react-datepicker__day react-datepicker__day react-datepicker__day--029 react-datepicker__day--outside-month"&gt;&lt;/div&gt; aka getByLabel('Month May,').getByLabel('Choose Tuesday, April 29th,')

Call log:
[2m  - waiting for getByLabel('Choose Tuesday, April 29th,')[22m

Intento 1 fallido en Booking: locator.click: Error: strict mode violation: getByLabel('Choose Tuesday, April 29th,') resolved to 2 elements:
    1) &lt;div title="" tabindex="-1" role="option" aria-disabled="false" aria-selected="false" aria-label="Choose Tuesday, April 29th, 2025" class="react-datepicker__day react-datepicker__day react-datepicker__day--029"&gt;…&lt;/div&gt; aka getByLabel('Month April,').getByLabel('Choose Tuesday, April 29th,')
    2) &lt;div title="" tabindex="-1" role="option" aria-disabled="false" aria-selected="false" aria-label="Choose Tuesday, April 29th, 2025" class="react-datepicker__day react-datepicker__day react-datepicker__day--029 react-datepicker__day--outside-month"&gt;&lt;/div&gt; aka getByLabel('Month May,').getByLabel('Choose Tuesday, April 29th,')

Call log:
[2m  - waiting for getByLabel('Choose Tuesday, April 29th,')[22m

    at selectRoundTripDates [90m(C:\playwright-project\[39msrc\page-objects\searchPage.ts:91:56[90m)[39m
    at chooseDate [90m(C:\playwright-project\[39msrc\tests\2TipsNoExtraNoSeat.spec.ts:55:3[90m)[39m
    at global [90m(C:\playwright-project\[39msrc\tests\2TipsNoExtraNoSeat.spec.ts:107:3[90m)[39m
    at runWithRetries [90m(C:\playwright-project\[39msrc\tests\2TipsNoExtraNoSeat.spec.ts:120:7[90m)[39m
    at executeTests [90m(C:\playwright-project\[39msrc\tests\2TipsNoExtraNoSeat.spec.ts:142:27[90m)[39m
    at [90mC:\playwright-project\[39msrc\tests\2TipsNoExtraNoSeat.spec.ts:1164:30 {
  [[32mSymbol(step)[39m]: {
    stepId: [32m'pw:api@103'[39m,
    location: {
      file: [32m'C:\\playwright-project\\src\\page-objects\\searchPage.ts'[39m,
      line: [33m91[39m,
      column: [33m56[39m,
      function: [32m'selectRoundTripDates'[39m
    },
    category: [32m'pw:api'[39m,
    title: [32m"locator.getByLabel('Choose Tuesday, April 29th,').click"[39m,
    apiName: [32m'locator.click'[39m,
    params: {
      selector: [32m'internal:label="Choose Tuesday, April 29th,"i'[39m,
      strict: [33mtrue[39m
    },
    boxedStack: [90mundefined[39m,
    steps: [],
    complete: [36m[Function: complete][39m,
    endWallTime: [33m1736495952377[39m,
    error: {
      message: [32m"Error: locator.click: Error: strict mode violation: getByLabel('Choose Tuesday, April 29th,') resolved to 2 elements:\n"[39m +
        [32m`    1) &lt;div title="" tabindex="-1" role="option" aria-disabled="false" aria-selected="false" aria-label="Choose Tuesday, April 29th, 2025" class="react-datepicker__day react-datepicker__day react-datepicker__day--029"&gt;…&lt;/div&gt; aka getByLabel('Month April,').getByLabel('Choose Tuesday, April 29th,')\n`[39m +
        [32m`    2) &lt;div title="" tabindex="-1" role="option" aria-disabled="false" aria-selected="false" aria-label="Choose Tuesday, April 29th, 2025" class="react-datepicker__day react-datepicker__day react-datepicker__day--029 react-datepicker__day--outside-month"&gt;&lt;/div&gt; aka getByLabel('Month May,').getByLabel('Choose Tuesday, April 29th,')\n`[39m +
        [32m'\n'[39m +
        [32m'Call log:\n'[39m +
        [32m"\x1B[2m  - waiting for getByLabel('Choose Tuesday, April 29th,')\x1B[22m\n"[39m,
      stack: [32m"Error: locator.click: Error: strict mode violation: getByLabel('Choose Tuesday, April 29th,') resolved to 2 elements:\n"[39m +
        [32m`    1) &lt;div title="" tabindex="-1" role="option" aria-disabled="false" aria-selected="false" aria-label="Choose Tuesday, April 29th, 2025" class="react-datepicker__day react-datepicker__day react-datepicker__day--029"&gt;…&lt;/div&gt; aka getByLabel('Month April,').getByLabel('Choose Tuesday, April 29th,')\n`[39m +
        [32m`    2) &lt;div title="" tabindex="-1" role="option" aria-disabled="false" aria-selected="false" aria-label="Choose Tuesday, April 29th, 2025" class="react-datepicker__day react-datepicker__day react-datepicker__day--029 react-datepicker__day--outside-month"&gt;&lt;/div&gt; aka getByLabel('Month May,').getByLabel('Choose Tuesday, April 29th,')\n`[39m +
        [32m'\n'[39m +
        [32m'Call log:\n'[39m +
        [32m"\x1B[2m  - waiting for getByLabel('Choose Tuesday, April 29th,')\x1B[22m\n"[39m +
        [32m'\n'[39m +
        [32m'    at selectRoundTripDates (C:\\playwright-project\\src\\page-objects\\searchPage.ts:91:56)\n'[39m +
        [32m'    at chooseDate (C:\\playwright-project\\src\\tests\\2TipsNoExtraNoSeat.spec.ts:55:3)\n'[39m +
        [32m'    at global (C:\\playwright-project\\src\\tests\\2TipsNoExtraNoSeat.spec.ts:107:3)\n'[39m +
        [32m'    at runWithRetries (C:\\playwright-project\\src\\tests\\2TipsNoExtraNoSeat.spec.ts:120:7)\n'[39m +
        [32m'    at executeTests (C:\\playwright-project\\src\\tests\\2TipsNoExtraNoSeat.spec.ts:142:27)\n'[39m +
        [32m'    at C:\\playwright-project\\src\\tests\\2TipsNoExtraNoSeat.spec.ts:1164:30'[39m,
      cause: [90mundefined[39m
    }
  }
}
Confirmation page validation failed: Flight Summary section not found on confirmation page
Intento 1 fallido en payWithCard: Error: Flight Summary section not found on confirmation page
    at validationConfirmPage [90m(C:\playwright-project\[39msrc\page-objects\confirmation.ts:29:19[90m)[39m
[90m    at runNextTicks (node:internal/process/task_queues:65:5)[39m
[90m    at processImmediate (node:internal/timers:459:9)[39m
[90m    at process.callbackTrampoline (node:internal/async_hooks:130:17)[39m
    at validationConfirmationPage [90m(C:\playwright-project\[39msrc\tests\2TipsNoExtraNoSeat.spec.ts:89:3[90m)[39m
    at runWithRetries [90m(C:\playwright-project\[39msrc\tests\2TipsNoExtraNoSeat.spec.ts:120:7[90m)[39m
    at executeTests [90m(C:\playwright-project\[39msrc\tests\2TipsNoExtraNoSeat.spec.ts:220:31[90m)[39m
    at [90mC:\playwright-project\[39msrc\tests\2TipsNoExtraNoSeat.spec.ts:1164:30
    at [90mC:\playwright-project\[39mnode_modules\[4mplaywright[24m\lib\worker\workerMain.js:339:9
    at [90mC:\playwright-project\[39mnode_modules\[4mplaywright[24m\lib\worker\testInfo.js:286:11
    at TimeoutManager.withRunnable [90m(C:\playwright-project\[39mnode_modules\[4mplaywright[24m\lib\worker\timeoutManager.js:64:14[90m)[39m
    at TestInfoImpl._runAsStage [90m(C:\playwright-project\[39mnode_modules\[4mplaywright[24m\lib\worker\testInfo.js:284:7[90m)[39m
    at [90mC:\playwright-project\[39mnode_modules\[4mplaywright[24m\lib\worker\workerMain.js:331:7
    at [90mC:\playwright-project\[39mnode_modules\[4mplaywright[24m\lib\worker\testInfo.js:286:11
    at TimeoutManager.withRunnable [90m(C:\playwright-project\[39mnode_modules\[4mplaywright[24m\lib\worker\timeoutManager.js:52:27[90m)[39m
    at TestInfoImpl._runAsStage [90m(C:\playwright-project\[39mnode_modules\[4mplaywright[24m\lib\worker\testInfo.js:284:7[90m)[39m
    at WorkerMain._runTest [90m(C:\playwright-project\[39mnode_modules\[4mplaywright[24m\lib\worker\workerMain.js:281:5[90m)[39m
    at WorkerMain.runTestGroup [90m(C:\playwright-project\[39mnode_modules\[4mplaywright[24m\lib\worker\workerMain.js:205:11[90m)[39m
    at process.&lt;anonymous&gt; [90m(C:\playwright-project\[39mnode_modules\[4mplaywright[24m\lib\common\process.js:95:22[90m)[39m
Confirmation page validation failed: Not on confirmation page URL
Intento 2 fallido en payWithCard: Error: Not on confirmation page URL
    at validationConfirmPage [90m(C:\playwright-project\[39msrc\page-objects\confirmation.ts:36:19[90m)[39m
    at validationConfirmationPage [90m(C:\playwright-project\[39msrc\tests\2TipsNoExtraNoSeat.spec.ts:89:3[90m)[39m
    at runWithRetries [90m(C:\playwright-project\[39msrc\tests\2TipsNoExtraNoSeat.spec.ts:120:7[90m)[39m
    at executeTests [90m(C:\playwright-project\[39msrc\tests\2TipsNoExtraNoSeat.spec.ts:220:31[90m)[39m
    at [90mC:\playwright-project\[39msrc\tests\2TipsNoExtraNoSeat.spec.ts:1164:30
    at [90mC:\playwright-project\[39mnode_modules\[4mplaywright[24m\lib\worker\workerMain.js:339:9
    at [90mC:\playwright-project\[39mnode_modules\[4mplaywright[24m\lib\worker\testInfo.js:286:11
    at TimeoutManager.withRunnable [90m(C:\playwright-project\[39mnode_modules\[4mplaywright[24m\lib\worker\timeoutManager.js:64:14[90m)[39m
    at TestInfoImpl._runAsStage [90m(C:\playwright-project\[39mnode_modules\[4mplaywright[24m\lib\worker\testInfo.js:284:7[90m)[39m
    at [90mC:\playwright-project\[39mnode_modules\[4mplaywright[24m\lib\worker\workerMain.js:331:7
    at [90mC:\playwright-project\[39mnode_modules\[4mplaywright[24m\lib\worker\testInfo.js:286:11
    at TimeoutManager.withRunnable [90m(C:\playwright-project\[39mnode_modules\[4mplaywright[24m\lib\worker\timeoutManager.js:52:27[90m)[39m
    at TestInfoImpl._runAsStage [90m(C:\playwright-project\[39mnode_modules\[4mplaywright[24m\lib\worker\testInfo.js:284:7[90m)[39m
    at WorkerMain._runTest [90m(C:\playwright-project\[39mnode_modules\[4mplaywright[24m\lib\worker\workerMain.js:281:5[90m)[39m
    at WorkerMain.runTestGroup [90m(C:\playwright-project\[39mnode_modules\[4mplaywright[24m\lib\worker\workerMain.js:205:11[90m)[39m
    at process.&lt;anonymous&gt; [90m(C:\playwright-project\[39mnode_modules\[4mplaywright[24m\lib\common\process.js:95:22[90m)[39m

</system-err>
</testcase>
<testcase name="23. Compra 1 adt Eco Extra - PremExtra - sin assitence › Ejecución completa con reintentos" classname="2TipsNoExtraNoSeat.spec.ts" time="42.216">
<system-out>
Ejecución completa, intento 1 de 5
Ejecutando Booking, intento 1
Fecha de salida seleccionada: { year: [32m'2025'[39m, month: [32m'5'[39m, index: [33m11[39m, value: [33m27[39m }
Fecha de regreso seleccionada: { year: [32m'2025'[39m, month: [32m'5'[39m, index: [33m12[39m, value: [33m29[39m }
Ajustando número de pasajeros
Successfully clicked the element: div.price-cabin:has-text("Economy")
Successfully clicked the element: div.price-cabin:has-text("Premium")
Ejecutando fillPassengerAdult 1, intento 1
Ejecutando fillContact, intento 1
Ejecutando payWithCard, intento 1
Iframe encontrado.
Ejecutando payWithCard, intento 1
Ejecutando payWithCard, intento 2
Ejecutando payWithCard, intento 3

</system-out>
<system-err>
Confirmation page validation failed: Flight Summary section not found on confirmation page
Intento 1 fallido en payWithCard: Error: Flight Summary section not found on confirmation page
    at validationConfirmPage [90m(C:\playwright-project\[39msrc\page-objects\confirmation.ts:29:19[90m)[39m
[90m    at runNextTicks (node:internal/process/task_queues:65:5)[39m
[90m    at processImmediate (node:internal/timers:459:9)[39m
[90m    at process.callbackTrampoline (node:internal/async_hooks:130:17)[39m
    at validationConfirmationPage [90m(C:\playwright-project\[39msrc\tests\2TipsNoExtraNoSeat.spec.ts:89:3[90m)[39m
    at runWithRetries [90m(C:\playwright-project\[39msrc\tests\2TipsNoExtraNoSeat.spec.ts:120:7[90m)[39m
    at executeTests [90m(C:\playwright-project\[39msrc\tests\2TipsNoExtraNoSeat.spec.ts:220:31[90m)[39m
    at [90mC:\playwright-project\[39msrc\tests\2TipsNoExtraNoSeat.spec.ts:1207:30
    at [90mC:\playwright-project\[39mnode_modules\[4mplaywright[24m\lib\worker\workerMain.js:339:9
    at [90mC:\playwright-project\[39mnode_modules\[4mplaywright[24m\lib\worker\testInfo.js:286:11
    at TimeoutManager.withRunnable [90m(C:\playwright-project\[39mnode_modules\[4mplaywright[24m\lib\worker\timeoutManager.js:64:14[90m)[39m
    at TestInfoImpl._runAsStage [90m(C:\playwright-project\[39mnode_modules\[4mplaywright[24m\lib\worker\testInfo.js:284:7[90m)[39m
    at [90mC:\playwright-project\[39mnode_modules\[4mplaywright[24m\lib\worker\workerMain.js:331:7
    at [90mC:\playwright-project\[39mnode_modules\[4mplaywright[24m\lib\worker\testInfo.js:286:11
    at TimeoutManager.withRunnable [90m(C:\playwright-project\[39mnode_modules\[4mplaywright[24m\lib\worker\timeoutManager.js:52:27[90m)[39m
    at TestInfoImpl._runAsStage [90m(C:\playwright-project\[39mnode_modules\[4mplaywright[24m\lib\worker\testInfo.js:284:7[90m)[39m
    at WorkerMain._runTest [90m(C:\playwright-project\[39mnode_modules\[4mplaywright[24m\lib\worker\workerMain.js:281:5[90m)[39m
    at WorkerMain.runTestGroup [90m(C:\playwright-project\[39mnode_modules\[4mplaywright[24m\lib\worker\workerMain.js:205:11[90m)[39m
    at process.&lt;anonymous&gt; [90m(C:\playwright-project\[39mnode_modules\[4mplaywright[24m\lib\common\process.js:95:22[90m)[39m
Confirmation page validation failed: Not on confirmation page URL
Intento 2 fallido en payWithCard: Error: Not on confirmation page URL
    at validationConfirmPage [90m(C:\playwright-project\[39msrc\page-objects\confirmation.ts:36:19[90m)[39m
    at validationConfirmationPage [90m(C:\playwright-project\[39msrc\tests\2TipsNoExtraNoSeat.spec.ts:89:3[90m)[39m
    at runWithRetries [90m(C:\playwright-project\[39msrc\tests\2TipsNoExtraNoSeat.spec.ts:120:7[90m)[39m
    at executeTests [90m(C:\playwright-project\[39msrc\tests\2TipsNoExtraNoSeat.spec.ts:220:31[90m)[39m
    at [90mC:\playwright-project\[39msrc\tests\2TipsNoExtraNoSeat.spec.ts:1207:30
    at [90mC:\playwright-project\[39mnode_modules\[4mplaywright[24m\lib\worker\workerMain.js:339:9
    at [90mC:\playwright-project\[39mnode_modules\[4mplaywright[24m\lib\worker\testInfo.js:286:11
    at TimeoutManager.withRunnable [90m(C:\playwright-project\[39mnode_modules\[4mplaywright[24m\lib\worker\timeoutManager.js:64:14[90m)[39m
    at TestInfoImpl._runAsStage [90m(C:\playwright-project\[39mnode_modules\[4mplaywright[24m\lib\worker\testInfo.js:284:7[90m)[39m
    at [90mC:\playwright-project\[39mnode_modules\[4mplaywright[24m\lib\worker\workerMain.js:331:7
    at [90mC:\playwright-project\[39mnode_modules\[4mplaywright[24m\lib\worker\testInfo.js:286:11
    at TimeoutManager.withRunnable [90m(C:\playwright-project\[39mnode_modules\[4mplaywright[24m\lib\worker\timeoutManager.js:52:27[90m)[39m
    at TestInfoImpl._runAsStage [90m(C:\playwright-project\[39mnode_modules\[4mplaywright[24m\lib\worker\testInfo.js:284:7[90m)[39m
    at WorkerMain._runTest [90m(C:\playwright-project\[39mnode_modules\[4mplaywright[24m\lib\worker\workerMain.js:281:5[90m)[39m
    at WorkerMain.runTestGroup [90m(C:\playwright-project\[39mnode_modules\[4mplaywright[24m\lib\worker\workerMain.js:205:11[90m)[39m
    at process.&lt;anonymous&gt; [90m(C:\playwright-project\[39mnode_modules\[4mplaywright[24m\lib\common\process.js:95:22[90m)[39m

</system-err>
</testcase>
<testcase name="24. Compra 1 adt PremLight - Eco Light - sin assitence › Ejecución completa con reintentos" classname="2TipsNoExtraNoSeat.spec.ts" time="35.579">
<system-out>
Ejecución completa, intento 1 de 5
Ejecutando Booking, intento 1
Fecha de salida seleccionada: { year: [32m'2025'[39m, month: [32m'6'[39m, index: [33m0[39m, value: [33m3[39m }
Fecha de regreso seleccionada: { year: [32m'2025'[39m, month: [32m'6'[39m, index: [33m1[39m, value: [33m5[39m }
Ajustando número de pasajeros
Successfully clicked the element: div.price-cabin:has-text("Premium")
Successfully clicked the element: div.price-cabin:has-text("Economy")
Ejecutando fillPassengerAdult 1, intento 1
Ejecutando fillContact, intento 1
Ejecutando payWithCard, intento 1
Iframe encontrado.
Ejecutando payWithCard, intento 1
Ejecutando payWithCard, intento 2
Ejecutando payWithCard, intento 3

</system-out>
<system-err>
Confirmation page validation failed: Flight Summary section not found on confirmation page
Intento 1 fallido en payWithCard: Error: Flight Summary section not found on confirmation page
    at validationConfirmPage [90m(C:\playwright-project\[39msrc\page-objects\confirmation.ts:29:19[90m)[39m
[90m    at runNextTicks (node:internal/process/task_queues:65:5)[39m
[90m    at processImmediate (node:internal/timers:459:9)[39m
[90m    at process.callbackTrampoline (node:internal/async_hooks:130:17)[39m
    at validationConfirmationPage [90m(C:\playwright-project\[39msrc\tests\2TipsNoExtraNoSeat.spec.ts:89:3[90m)[39m
    at runWithRetries [90m(C:\playwright-project\[39msrc\tests\2TipsNoExtraNoSeat.spec.ts:120:7[90m)[39m
    at executeTests [90m(C:\playwright-project\[39msrc\tests\2TipsNoExtraNoSeat.spec.ts:220:31[90m)[39m
    at [90mC:\playwright-project\[39msrc\tests\2TipsNoExtraNoSeat.spec.ts:1249:30
    at [90mC:\playwright-project\[39mnode_modules\[4mplaywright[24m\lib\worker\workerMain.js:339:9
    at [90mC:\playwright-project\[39mnode_modules\[4mplaywright[24m\lib\worker\testInfo.js:286:11
    at TimeoutManager.withRunnable [90m(C:\playwright-project\[39mnode_modules\[4mplaywright[24m\lib\worker\timeoutManager.js:64:14[90m)[39m
    at TestInfoImpl._runAsStage [90m(C:\playwright-project\[39mnode_modules\[4mplaywright[24m\lib\worker\testInfo.js:284:7[90m)[39m
    at [90mC:\playwright-project\[39mnode_modules\[4mplaywright[24m\lib\worker\workerMain.js:331:7
    at [90mC:\playwright-project\[39mnode_modules\[4mplaywright[24m\lib\worker\testInfo.js:286:11
    at TimeoutManager.withRunnable [90m(C:\playwright-project\[39mnode_modules\[4mplaywright[24m\lib\worker\timeoutManager.js:52:27[90m)[39m
    at TestInfoImpl._runAsStage [90m(C:\playwright-project\[39mnode_modules\[4mplaywright[24m\lib\worker\testInfo.js:284:7[90m)[39m
    at WorkerMain._runTest [90m(C:\playwright-project\[39mnode_modules\[4mplaywright[24m\lib\worker\workerMain.js:281:5[90m)[39m
    at WorkerMain.runTestGroup [90m(C:\playwright-project\[39mnode_modules\[4mplaywright[24m\lib\worker\workerMain.js:205:11[90m)[39m
    at process.&lt;anonymous&gt; [90m(C:\playwright-project\[39mnode_modules\[4mplaywright[24m\lib\common\process.js:95:22[90m)[39m
Confirmation page validation failed: Not on confirmation page URL
Intento 2 fallido en payWithCard: Error: Not on confirmation page URL
    at validationConfirmPage [90m(C:\playwright-project\[39msrc\page-objects\confirmation.ts:36:19[90m)[39m
    at validationConfirmationPage [90m(C:\playwright-project\[39msrc\tests\2TipsNoExtraNoSeat.spec.ts:89:3[90m)[39m
    at runWithRetries [90m(C:\playwright-project\[39msrc\tests\2TipsNoExtraNoSeat.spec.ts:120:7[90m)[39m
    at executeTests [90m(C:\playwright-project\[39msrc\tests\2TipsNoExtraNoSeat.spec.ts:220:31[90m)[39m
    at [90mC:\playwright-project\[39msrc\tests\2TipsNoExtraNoSeat.spec.ts:1249:30
    at [90mC:\playwright-project\[39mnode_modules\[4mplaywright[24m\lib\worker\workerMain.js:339:9
    at [90mC:\playwright-project\[39mnode_modules\[4mplaywright[24m\lib\worker\testInfo.js:286:11
    at TimeoutManager.withRunnable [90m(C:\playwright-project\[39mnode_modules\[4mplaywright[24m\lib\worker\timeoutManager.js:64:14[90m)[39m
    at TestInfoImpl._runAsStage [90m(C:\playwright-project\[39mnode_modules\[4mplaywright[24m\lib\worker\testInfo.js:284:7[90m)[39m
    at [90mC:\playwright-project\[39mnode_modules\[4mplaywright[24m\lib\worker\workerMain.js:331:7
    at [90mC:\playwright-project\[39mnode_modules\[4mplaywright[24m\lib\worker\testInfo.js:286:11
    at TimeoutManager.withRunnable [90m(C:\playwright-project\[39mnode_modules\[4mplaywright[24m\lib\worker\timeoutManager.js:52:27[90m)[39m
    at TestInfoImpl._runAsStage [90m(C:\playwright-project\[39mnode_modules\[4mplaywright[24m\lib\worker\testInfo.js:284:7[90m)[39m
    at WorkerMain._runTest [90m(C:\playwright-project\[39mnode_modules\[4mplaywright[24m\lib\worker\workerMain.js:281:5[90m)[39m
    at WorkerMain.runTestGroup [90m(C:\playwright-project\[39mnode_modules\[4mplaywright[24m\lib\worker\workerMain.js:205:11[90m)[39m
    at process.&lt;anonymous&gt; [90m(C:\playwright-project\[39mnode_modules\[4mplaywright[24m\lib\common\process.js:95:22[90m)[39m

</system-err>
</testcase>
<testcase name="25. Compra 1 adt PremLight - Eco Comfort - sin assitence › Ejecución completa con reintentos" classname="2TipsNoExtraNoSeat.spec.ts" time="34.663">
<system-out>
Ejecución completa, intento 1 de 5
Ejecutando Booking, intento 1
Fecha de salida seleccionada: { year: [32m'2025'[39m, month: [32m'5'[39m, index: [33m11[39m, value: [33m27[39m }
Fecha de regreso seleccionada: { year: [32m'2025'[39m, month: [32m'5'[39m, index: [33m12[39m, value: [33m29[39m }
Ajustando número de pasajeros
Successfully clicked the element: div.price-cabin:has-text("Premium")
Successfully clicked the element: div.price-cabin:has-text("Economy")
Ejecutando fillPassengerAdult 1, intento 1
Ejecutando fillContact, intento 1
Ejecutando payWithCard, intento 1
Iframe encontrado.
Ejecutando payWithCard, intento 1
Ejecutando payWithCard, intento 2
Ejecutando payWithCard, intento 3

</system-out>
<system-err>
Confirmation page validation failed: Flight Summary section not found on confirmation page
Intento 1 fallido en payWithCard: Error: Flight Summary section not found on confirmation page
    at validationConfirmPage [90m(C:\playwright-project\[39msrc\page-objects\confirmation.ts:29:19[90m)[39m
[90m    at runNextTicks (node:internal/process/task_queues:65:5)[39m
[90m    at processImmediate (node:internal/timers:459:9)[39m
[90m    at process.callbackTrampoline (node:internal/async_hooks:130:17)[39m
    at validationConfirmationPage [90m(C:\playwright-project\[39msrc\tests\2TipsNoExtraNoSeat.spec.ts:89:3[90m)[39m
    at runWithRetries [90m(C:\playwright-project\[39msrc\tests\2TipsNoExtraNoSeat.spec.ts:120:7[90m)[39m
    at executeTests [90m(C:\playwright-project\[39msrc\tests\2TipsNoExtraNoSeat.spec.ts:220:31[90m)[39m
    at [90mC:\playwright-project\[39msrc\tests\2TipsNoExtraNoSeat.spec.ts:1291:30
    at [90mC:\playwright-project\[39mnode_modules\[4mplaywright[24m\lib\worker\workerMain.js:339:9
    at [90mC:\playwright-project\[39mnode_modules\[4mplaywright[24m\lib\worker\testInfo.js:286:11
    at TimeoutManager.withRunnable [90m(C:\playwright-project\[39mnode_modules\[4mplaywright[24m\lib\worker\timeoutManager.js:64:14[90m)[39m
    at TestInfoImpl._runAsStage [90m(C:\playwright-project\[39mnode_modules\[4mplaywright[24m\lib\worker\testInfo.js:284:7[90m)[39m
    at [90mC:\playwright-project\[39mnode_modules\[4mplaywright[24m\lib\worker\workerMain.js:331:7
    at [90mC:\playwright-project\[39mnode_modules\[4mplaywright[24m\lib\worker\testInfo.js:286:11
    at TimeoutManager.withRunnable [90m(C:\playwright-project\[39mnode_modules\[4mplaywright[24m\lib\worker\timeoutManager.js:52:27[90m)[39m
    at TestInfoImpl._runAsStage [90m(C:\playwright-project\[39mnode_modules\[4mplaywright[24m\lib\worker\testInfo.js:284:7[90m)[39m
    at WorkerMain._runTest [90m(C:\playwright-project\[39mnode_modules\[4mplaywright[24m\lib\worker\workerMain.js:281:5[90m)[39m
    at WorkerMain.runTestGroup [90m(C:\playwright-project\[39mnode_modules\[4mplaywright[24m\lib\worker\workerMain.js:205:11[90m)[39m
    at process.&lt;anonymous&gt; [90m(C:\playwright-project\[39mnode_modules\[4mplaywright[24m\lib\common\process.js:95:22[90m)[39m
Confirmation page validation failed: Not on confirmation page URL
Intento 2 fallido en payWithCard: Error: Not on confirmation page URL
    at validationConfirmPage [90m(C:\playwright-project\[39msrc\page-objects\confirmation.ts:36:19[90m)[39m
[90m    at runNextTicks (node:internal/process/task_queues:65:5)[39m
[90m    at processImmediate (node:internal/timers:459:9)[39m
[90m    at process.callbackTrampoline (node:internal/async_hooks:130:17)[39m
    at validationConfirmationPage [90m(C:\playwright-project\[39msrc\tests\2TipsNoExtraNoSeat.spec.ts:89:3[90m)[39m
    at runWithRetries [90m(C:\playwright-project\[39msrc\tests\2TipsNoExtraNoSeat.spec.ts:120:7[90m)[39m
    at executeTests [90m(C:\playwright-project\[39msrc\tests\2TipsNoExtraNoSeat.spec.ts:220:31[90m)[39m
    at [90mC:\playwright-project\[39msrc\tests\2TipsNoExtraNoSeat.spec.ts:1291:30
    at [90mC:\playwright-project\[39mnode_modules\[4mplaywright[24m\lib\worker\workerMain.js:339:9
    at [90mC:\playwright-project\[39mnode_modules\[4mplaywright[24m\lib\worker\testInfo.js:286:11
    at TimeoutManager.withRunnable [90m(C:\playwright-project\[39mnode_modules\[4mplaywright[24m\lib\worker\timeoutManager.js:64:14[90m)[39m
    at TestInfoImpl._runAsStage [90m(C:\playwright-project\[39mnode_modules\[4mplaywright[24m\lib\worker\testInfo.js:284:7[90m)[39m
    at [90mC:\playwright-project\[39mnode_modules\[4mplaywright[24m\lib\worker\workerMain.js:331:7
    at [90mC:\playwright-project\[39mnode_modules\[4mplaywright[24m\lib\worker\testInfo.js:286:11
    at TimeoutManager.withRunnable [90m(C:\playwright-project\[39mnode_modules\[4mplaywright[24m\lib\worker\timeoutManager.js:52:27[90m)[39m
    at TestInfoImpl._runAsStage [90m(C:\playwright-project\[39mnode_modules\[4mplaywright[24m\lib\worker\testInfo.js:284:7[90m)[39m
    at WorkerMain._runTest [90m(C:\playwright-project\[39mnode_modules\[4mplaywright[24m\lib\worker\workerMain.js:281:5[90m)[39m
    at WorkerMain.runTestGroup [90m(C:\playwright-project\[39mnode_modules\[4mplaywright[24m\lib\worker\workerMain.js:205:11[90m)[39m
    at process.&lt;anonymous&gt; [90m(C:\playwright-project\[39mnode_modules\[4mplaywright[24m\lib\common\process.js:95:22[90m)[39m

</system-err>
</testcase>
<testcase name="26. Compra 1 adt PremLight - Eco Extra - sin assitence › Ejecución completa con reintentos" classname="2TipsNoExtraNoSeat.spec.ts" time="45.33">
<system-out>
Ejecución completa, intento 1 de 5
Ejecutando Booking, intento 1
Fecha de salida seleccionada: { year: [32m'2025'[39m, month: [32m'6'[39m, index: [33m3[39m, value: [33m10[39m }
Fecha de regreso seleccionada: { year: [32m'2025'[39m, month: [32m'6'[39m, index: [33m4[39m, value: [33m12[39m }
Ajustando número de pasajeros
Successfully clicked the element: div.price-cabin:has-text("Premium")
Successfully clicked the element: div.price-cabin:has-text("Economy")
Ejecutando fillPassengerAdult 1, intento 1
Ejecutando fillContact, intento 1
Ejecutando payWithCard, intento 1
Iframe encontrado.
Ejecutando payWithCard, intento 1
Ejecutando payWithCard, intento 2
Ejecutando payWithCard, intento 3

</system-out>
<system-err>
Confirmation page validation failed: Flight Summary section not found on confirmation page
Intento 1 fallido en payWithCard: Error: Flight Summary section not found on confirmation page
    at validationConfirmPage [90m(C:\playwright-project\[39msrc\page-objects\confirmation.ts:29:19[90m)[39m
[90m    at runNextTicks (node:internal/process/task_queues:65:5)[39m
[90m    at processImmediate (node:internal/timers:459:9)[39m
[90m    at process.callbackTrampoline (node:internal/async_hooks:130:17)[39m
    at validationConfirmationPage [90m(C:\playwright-project\[39msrc\tests\2TipsNoExtraNoSeat.spec.ts:89:3[90m)[39m
    at runWithRetries [90m(C:\playwright-project\[39msrc\tests\2TipsNoExtraNoSeat.spec.ts:120:7[90m)[39m
    at executeTests [90m(C:\playwright-project\[39msrc\tests\2TipsNoExtraNoSeat.spec.ts:220:31[90m)[39m
    at [90mC:\playwright-project\[39msrc\tests\2TipsNoExtraNoSeat.spec.ts:1334:30
    at [90mC:\playwright-project\[39mnode_modules\[4mplaywright[24m\lib\worker\workerMain.js:339:9
    at [90mC:\playwright-project\[39mnode_modules\[4mplaywright[24m\lib\worker\testInfo.js:286:11
    at TimeoutManager.withRunnable [90m(C:\playwright-project\[39mnode_modules\[4mplaywright[24m\lib\worker\timeoutManager.js:64:14[90m)[39m
    at TestInfoImpl._runAsStage [90m(C:\playwright-project\[39mnode_modules\[4mplaywright[24m\lib\worker\testInfo.js:284:7[90m)[39m
    at [90mC:\playwright-project\[39mnode_modules\[4mplaywright[24m\lib\worker\workerMain.js:331:7
    at [90mC:\playwright-project\[39mnode_modules\[4mplaywright[24m\lib\worker\testInfo.js:286:11
    at TimeoutManager.withRunnable [90m(C:\playwright-project\[39mnode_modules\[4mplaywright[24m\lib\worker\timeoutManager.js:52:27[90m)[39m
    at TestInfoImpl._runAsStage [90m(C:\playwright-project\[39mnode_modules\[4mplaywright[24m\lib\worker\testInfo.js:284:7[90m)[39m
    at WorkerMain._runTest [90m(C:\playwright-project\[39mnode_modules\[4mplaywright[24m\lib\worker\workerMain.js:281:5[90m)[39m
    at WorkerMain.runTestGroup [90m(C:\playwright-project\[39mnode_modules\[4mplaywright[24m\lib\worker\workerMain.js:205:11[90m)[39m
    at process.&lt;anonymous&gt; [90m(C:\playwright-project\[39mnode_modules\[4mplaywright[24m\lib\common\process.js:95:22[90m)[39m
Confirmation page validation failed: Not on confirmation page URL
Intento 2 fallido en payWithCard: Error: Not on confirmation page URL
    at validationConfirmPage [90m(C:\playwright-project\[39msrc\page-objects\confirmation.ts:36:19[90m)[39m
[90m    at runNextTicks (node:internal/process/task_queues:65:5)[39m
[90m    at processImmediate (node:internal/timers:459:9)[39m
[90m    at process.callbackTrampoline (node:internal/async_hooks:130:17)[39m
    at validationConfirmationPage [90m(C:\playwright-project\[39msrc\tests\2TipsNoExtraNoSeat.spec.ts:89:3[90m)[39m
    at runWithRetries [90m(C:\playwright-project\[39msrc\tests\2TipsNoExtraNoSeat.spec.ts:120:7[90m)[39m
    at executeTests [90m(C:\playwright-project\[39msrc\tests\2TipsNoExtraNoSeat.spec.ts:220:31[90m)[39m
    at [90mC:\playwright-project\[39msrc\tests\2TipsNoExtraNoSeat.spec.ts:1334:30
    at [90mC:\playwright-project\[39mnode_modules\[4mplaywright[24m\lib\worker\workerMain.js:339:9
    at [90mC:\playwright-project\[39mnode_modules\[4mplaywright[24m\lib\worker\testInfo.js:286:11
    at TimeoutManager.withRunnable [90m(C:\playwright-project\[39mnode_modules\[4mplaywright[24m\lib\worker\timeoutManager.js:64:14[90m)[39m
    at TestInfoImpl._runAsStage [90m(C:\playwright-project\[39mnode_modules\[4mplaywright[24m\lib\worker\testInfo.js:284:7[90m)[39m
    at [90mC:\playwright-project\[39mnode_modules\[4mplaywright[24m\lib\worker\workerMain.js:331:7
    at [90mC:\playwright-project\[39mnode_modules\[4mplaywright[24m\lib\worker\testInfo.js:286:11
    at TimeoutManager.withRunnable [90m(C:\playwright-project\[39mnode_modules\[4mplaywright[24m\lib\worker\timeoutManager.js:52:27[90m)[39m
    at TestInfoImpl._runAsStage [90m(C:\playwright-project\[39mnode_modules\[4mplaywright[24m\lib\worker\testInfo.js:284:7[90m)[39m
    at WorkerMain._runTest [90m(C:\playwright-project\[39mnode_modules\[4mplaywright[24m\lib\worker\workerMain.js:281:5[90m)[39m
    at WorkerMain.runTestGroup [90m(C:\playwright-project\[39mnode_modules\[4mplaywright[24m\lib\worker\workerMain.js:205:11[90m)[39m
    at process.&lt;anonymous&gt; [90m(C:\playwright-project\[39mnode_modules\[4mplaywright[24m\lib\common\process.js:95:22[90m)[39m

</system-err>
</testcase>
<testcase name="27. Compra 1 adt PremLight - PremLight - sin assitence › Ejecución completa con reintentos" classname="2TipsNoExtraNoSeat.spec.ts" time="44.813">
<system-out>
Ejecución completa, intento 1 de 5
Ejecutando Booking, intento 1
Fecha de salida seleccionada: { year: [32m'2025'[39m, month: [32m'5'[39m, index: [33m7[39m, value: [33m17[39m }
Fecha de regreso seleccionada: { year: [32m'2025'[39m, month: [32m'5'[39m, index: [33m8[39m, value: [33m20[39m }
Ajustando número de pasajeros
Successfully clicked the element: div.price-cabin:has-text("Premium")
Successfully clicked the element: div.price-cabin:has-text("Premium")
Ejecutando fillPassengerAdult 1, intento 1
Ejecutando fillContact, intento 1
Ejecutando payWithCard, intento 1
Iframe encontrado.
Ejecutando payWithCard, intento 1
Ejecutando payWithCard, intento 2
Ejecutando payWithCard, intento 3

</system-out>
<system-err>
Confirmation page validation failed: Flight Summary section not found on confirmation page
Intento 1 fallido en payWithCard: Error: Flight Summary section not found on confirmation page
    at validationConfirmPage [90m(C:\playwright-project\[39msrc\page-objects\confirmation.ts:29:19[90m)[39m
[90m    at runNextTicks (node:internal/process/task_queues:65:5)[39m
[90m    at processImmediate (node:internal/timers:459:9)[39m
[90m    at process.callbackTrampoline (node:internal/async_hooks:130:17)[39m
    at validationConfirmationPage [90m(C:\playwright-project\[39msrc\tests\2TipsNoExtraNoSeat.spec.ts:89:3[90m)[39m
    at runWithRetries [90m(C:\playwright-project\[39msrc\tests\2TipsNoExtraNoSeat.spec.ts:120:7[90m)[39m
    at executeTests [90m(C:\playwright-project\[39msrc\tests\2TipsNoExtraNoSeat.spec.ts:220:31[90m)[39m
    at [90mC:\playwright-project\[39msrc\tests\2TipsNoExtraNoSeat.spec.ts:1377:30
    at [90mC:\playwright-project\[39mnode_modules\[4mplaywright[24m\lib\worker\workerMain.js:339:9
    at [90mC:\playwright-project\[39mnode_modules\[4mplaywright[24m\lib\worker\testInfo.js:286:11
    at TimeoutManager.withRunnable [90m(C:\playwright-project\[39mnode_modules\[4mplaywright[24m\lib\worker\timeoutManager.js:64:14[90m)[39m
    at TestInfoImpl._runAsStage [90m(C:\playwright-project\[39mnode_modules\[4mplaywright[24m\lib\worker\testInfo.js:284:7[90m)[39m
    at [90mC:\playwright-project\[39mnode_modules\[4mplaywright[24m\lib\worker\workerMain.js:331:7
    at [90mC:\playwright-project\[39mnode_modules\[4mplaywright[24m\lib\worker\testInfo.js:286:11
    at TimeoutManager.withRunnable [90m(C:\playwright-project\[39mnode_modules\[4mplaywright[24m\lib\worker\timeoutManager.js:52:27[90m)[39m
    at TestInfoImpl._runAsStage [90m(C:\playwright-project\[39mnode_modules\[4mplaywright[24m\lib\worker\testInfo.js:284:7[90m)[39m
    at WorkerMain._runTest [90m(C:\playwright-project\[39mnode_modules\[4mplaywright[24m\lib\worker\workerMain.js:281:5[90m)[39m
    at WorkerMain.runTestGroup [90m(C:\playwright-project\[39mnode_modules\[4mplaywright[24m\lib\worker\workerMain.js:205:11[90m)[39m
    at process.&lt;anonymous&gt; [90m(C:\playwright-project\[39mnode_modules\[4mplaywright[24m\lib\common\process.js:95:22[90m)[39m
Confirmation page validation failed: Not on confirmation page URL
Intento 2 fallido en payWithCard: Error: Not on confirmation page URL
    at validationConfirmPage [90m(C:\playwright-project\[39msrc\page-objects\confirmation.ts:36:19[90m)[39m
[90m    at runNextTicks (node:internal/process/task_queues:65:5)[39m
[90m    at processImmediate (node:internal/timers:459:9)[39m
[90m    at process.callbackTrampoline (node:internal/async_hooks:130:17)[39m
    at validationConfirmationPage [90m(C:\playwright-project\[39msrc\tests\2TipsNoExtraNoSeat.spec.ts:89:3[90m)[39m
    at runWithRetries [90m(C:\playwright-project\[39msrc\tests\2TipsNoExtraNoSeat.spec.ts:120:7[90m)[39m
    at executeTests [90m(C:\playwright-project\[39msrc\tests\2TipsNoExtraNoSeat.spec.ts:220:31[90m)[39m
    at [90mC:\playwright-project\[39msrc\tests\2TipsNoExtraNoSeat.spec.ts:1377:30
    at [90mC:\playwright-project\[39mnode_modules\[4mplaywright[24m\lib\worker\workerMain.js:339:9
    at [90mC:\playwright-project\[39mnode_modules\[4mplaywright[24m\lib\worker\testInfo.js:286:11
    at TimeoutManager.withRunnable [90m(C:\playwright-project\[39mnode_modules\[4mplaywright[24m\lib\worker\timeoutManager.js:64:14[90m)[39m
    at TestInfoImpl._runAsStage [90m(C:\playwright-project\[39mnode_modules\[4mplaywright[24m\lib\worker\testInfo.js:284:7[90m)[39m
    at [90mC:\playwright-project\[39mnode_modules\[4mplaywright[24m\lib\worker\workerMain.js:331:7
    at [90mC:\playwright-project\[39mnode_modules\[4mplaywright[24m\lib\worker\testInfo.js:286:11
    at TimeoutManager.withRunnable [90m(C:\playwright-project\[39mnode_modules\[4mplaywright[24m\lib\worker\timeoutManager.js:52:27[90m)[39m
    at TestInfoImpl._runAsStage [90m(C:\playwright-project\[39mnode_modules\[4mplaywright[24m\lib\worker\testInfo.js:284:7[90m)[39m
    at WorkerMain._runTest [90m(C:\playwright-project\[39mnode_modules\[4mplaywright[24m\lib\worker\workerMain.js:281:5[90m)[39m
    at WorkerMain.runTestGroup [90m(C:\playwright-project\[39mnode_modules\[4mplaywright[24m\lib\worker\workerMain.js:205:11[90m)[39m
    at process.&lt;anonymous&gt; [90m(C:\playwright-project\[39mnode_modules\[4mplaywright[24m\lib\common\process.js:95:22[90m)[39m

</system-err>
</testcase>
<testcase name="28. Compra 1 adt PremLight - PremComfort - sin assitence › Ejecución completa con reintentos" classname="2TipsNoExtraNoSeat.spec.ts" time="42.54">
<system-out>
Ejecución completa, intento 1 de 5
Ejecutando Booking, intento 1
Fecha de salida seleccionada: { year: [32m'2025'[39m, month: [32m'5'[39m, index: [33m7[39m, value: [33m17[39m }
Fecha de regreso seleccionada: { year: [32m'2025'[39m, month: [32m'5'[39m, index: [33m8[39m, value: [33m20[39m }
Ajustando número de pasajeros
Successfully clicked the element: div.price-cabin:has-text("Premium")
Successfully clicked the element: div.price-cabin:has-text("Premium")
Ejecutando fillPassengerAdult 1, intento 1
Ejecutando fillContact, intento 1
Ejecutando payWithCard, intento 1
Iframe encontrado.
Ejecutando payWithCard, intento 1
Ejecutando payWithCard, intento 2
Ejecutando payWithCard, intento 3

</system-out>
<system-err>
Confirmation page validation failed: Flight Summary section not found on confirmation page
Intento 1 fallido en payWithCard: Error: Flight Summary section not found on confirmation page
    at validationConfirmPage [90m(C:\playwright-project\[39msrc\page-objects\confirmation.ts:29:19[90m)[39m
[90m    at runNextTicks (node:internal/process/task_queues:65:5)[39m
[90m    at processImmediate (node:internal/timers:459:9)[39m
[90m    at process.callbackTrampoline (node:internal/async_hooks:130:17)[39m
    at validationConfirmationPage [90m(C:\playwright-project\[39msrc\tests\2TipsNoExtraNoSeat.spec.ts:89:3[90m)[39m
    at runWithRetries [90m(C:\playwright-project\[39msrc\tests\2TipsNoExtraNoSeat.spec.ts:120:7[90m)[39m
    at executeTests [90m(C:\playwright-project\[39msrc\tests\2TipsNoExtraNoSeat.spec.ts:220:31[90m)[39m
    at [90mC:\playwright-project\[39msrc\tests\2TipsNoExtraNoSeat.spec.ts:1420:30
    at [90mC:\playwright-project\[39mnode_modules\[4mplaywright[24m\lib\worker\workerMain.js:339:9
    at [90mC:\playwright-project\[39mnode_modules\[4mplaywright[24m\lib\worker\testInfo.js:286:11
    at TimeoutManager.withRunnable [90m(C:\playwright-project\[39mnode_modules\[4mplaywright[24m\lib\worker\timeoutManager.js:64:14[90m)[39m
    at TestInfoImpl._runAsStage [90m(C:\playwright-project\[39mnode_modules\[4mplaywright[24m\lib\worker\testInfo.js:284:7[90m)[39m
    at [90mC:\playwright-project\[39mnode_modules\[4mplaywright[24m\lib\worker\workerMain.js:331:7
    at [90mC:\playwright-project\[39mnode_modules\[4mplaywright[24m\lib\worker\testInfo.js:286:11
    at TimeoutManager.withRunnable [90m(C:\playwright-project\[39mnode_modules\[4mplaywright[24m\lib\worker\timeoutManager.js:52:27[90m)[39m
    at TestInfoImpl._runAsStage [90m(C:\playwright-project\[39mnode_modules\[4mplaywright[24m\lib\worker\testInfo.js:284:7[90m)[39m
    at WorkerMain._runTest [90m(C:\playwright-project\[39mnode_modules\[4mplaywright[24m\lib\worker\workerMain.js:281:5[90m)[39m
    at WorkerMain.runTestGroup [90m(C:\playwright-project\[39mnode_modules\[4mplaywright[24m\lib\worker\workerMain.js:205:11[90m)[39m
    at process.&lt;anonymous&gt; [90m(C:\playwright-project\[39mnode_modules\[4mplaywright[24m\lib\common\process.js:95:22[90m)[39m
Confirmation page validation failed: Not on confirmation page URL
Intento 2 fallido en payWithCard: Error: Not on confirmation page URL
    at validationConfirmPage [90m(C:\playwright-project\[39msrc\page-objects\confirmation.ts:36:19[90m)[39m
    at validationConfirmationPage [90m(C:\playwright-project\[39msrc\tests\2TipsNoExtraNoSeat.spec.ts:89:3[90m)[39m
    at runWithRetries [90m(C:\playwright-project\[39msrc\tests\2TipsNoExtraNoSeat.spec.ts:120:7[90m)[39m
    at executeTests [90m(C:\playwright-project\[39msrc\tests\2TipsNoExtraNoSeat.spec.ts:220:31[90m)[39m
    at [90mC:\playwright-project\[39msrc\tests\2TipsNoExtraNoSeat.spec.ts:1420:30
    at [90mC:\playwright-project\[39mnode_modules\[4mplaywright[24m\lib\worker\workerMain.js:339:9
    at [90mC:\playwright-project\[39mnode_modules\[4mplaywright[24m\lib\worker\testInfo.js:286:11
    at TimeoutManager.withRunnable [90m(C:\playwright-project\[39mnode_modules\[4mplaywright[24m\lib\worker\timeoutManager.js:64:14[90m)[39m
    at TestInfoImpl._runAsStage [90m(C:\playwright-project\[39mnode_modules\[4mplaywright[24m\lib\worker\testInfo.js:284:7[90m)[39m
    at [90mC:\playwright-project\[39mnode_modules\[4mplaywright[24m\lib\worker\workerMain.js:331:7
    at [90mC:\playwright-project\[39mnode_modules\[4mplaywright[24m\lib\worker\testInfo.js:286:11
    at TimeoutManager.withRunnable [90m(C:\playwright-project\[39mnode_modules\[4mplaywright[24m\lib\worker\timeoutManager.js:52:27[90m)[39m
    at TestInfoImpl._runAsStage [90m(C:\playwright-project\[39mnode_modules\[4mplaywright[24m\lib\worker\testInfo.js:284:7[90m)[39m
    at WorkerMain._runTest [90m(C:\playwright-project\[39mnode_modules\[4mplaywright[24m\lib\worker\workerMain.js:281:5[90m)[39m
    at WorkerMain.runTestGroup [90m(C:\playwright-project\[39mnode_modules\[4mplaywright[24m\lib\worker\workerMain.js:205:11[90m)[39m
    at process.&lt;anonymous&gt; [90m(C:\playwright-project\[39mnode_modules\[4mplaywright[24m\lib\common\process.js:95:22[90m)[39m

</system-err>
</testcase>
<testcase name="29. Compra 1 adt PremLight - PremExtra - sin assitence › Ejecución completa con reintentos" classname="2TipsNoExtraNoSeat.spec.ts" time="46.609">
<system-out>
Ejecución completa, intento 1 de 5
Ejecutando Booking, intento 1
Ejecutando Booking, intento 2
Fecha de salida seleccionada: { year: [32m'2025'[39m, month: [32m'5'[39m, index: [33m9[39m, value: [33m22[39m }
Fecha de regreso seleccionada: { year: [32m'2025'[39m, month: [32m'5'[39m, index: [33m10[39m, value: [33m24[39m }
Ajustando número de pasajeros
Successfully clicked the element: div.price-cabin:has-text("Premium")
Successfully clicked the element: div.price-cabin:has-text("Premium")
Ejecutando fillPassengerAdult 1, intento 1
Ejecutando fillContact, intento 1
Ejecutando payWithCard, intento 1
Iframe encontrado.
Ejecutando payWithCard, intento 1
Ejecutando payWithCard, intento 2
Ejecutando payWithCard, intento 3

</system-out>
<system-err>
Error al gestionar el flujo de ida y vuelta: locator.click: Error: strict mode violation: getByLabel('Choose Tuesday, April 29th,') resolved to 2 elements:
    1) &lt;div title="" tabindex="-1" role="option" aria-disabled="false" aria-selected="false" aria-label="Choose Tuesday, April 29th, 2025" class="react-datepicker__day react-datepicker__day react-datepicker__day--029"&gt;…&lt;/div&gt; aka getByLabel('Month April,').getByLabel('Choose Tuesday, April 29th,')
    2) &lt;div title="" tabindex="-1" role="option" aria-disabled="false" aria-selected="false" aria-label="Choose Tuesday, April 29th, 2025" class="react-datepicker__day react-datepicker__day react-datepicker__day--029 react-datepicker__day--outside-month"&gt;&lt;/div&gt; aka getByLabel('Month May,').getByLabel('Choose Tuesday, April 29th,')

Call log:
[2m  - waiting for getByLabel('Choose Tuesday, April 29th,')[22m

Intento 1 fallido en Booking: locator.click: Error: strict mode violation: getByLabel('Choose Tuesday, April 29th,') resolved to 2 elements:
    1) &lt;div title="" tabindex="-1" role="option" aria-disabled="false" aria-selected="false" aria-label="Choose Tuesday, April 29th, 2025" class="react-datepicker__day react-datepicker__day react-datepicker__day--029"&gt;…&lt;/div&gt; aka getByLabel('Month April,').getByLabel('Choose Tuesday, April 29th,')
    2) &lt;div title="" tabindex="-1" role="option" aria-disabled="false" aria-selected="false" aria-label="Choose Tuesday, April 29th, 2025" class="react-datepicker__day react-datepicker__day react-datepicker__day--029 react-datepicker__day--outside-month"&gt;&lt;/div&gt; aka getByLabel('Month May,').getByLabel('Choose Tuesday, April 29th,')

Call log:
[2m  - waiting for getByLabel('Choose Tuesday, April 29th,')[22m

    at selectRoundTripDates [90m(C:\playwright-project\[39msrc\page-objects\searchPage.ts:127:57[90m)[39m
    at chooseDate [90m(C:\playwright-project\[39msrc\tests\2TipsNoExtraNoSeat.spec.ts:55:3[90m)[39m
    at global [90m(C:\playwright-project\[39msrc\tests\2TipsNoExtraNoSeat.spec.ts:107:3[90m)[39m
    at runWithRetries [90m(C:\playwright-project\[39msrc\tests\2TipsNoExtraNoSeat.spec.ts:120:7[90m)[39m
    at executeTests [90m(C:\playwright-project\[39msrc\tests\2TipsNoExtraNoSeat.spec.ts:142:27[90m)[39m
    at [90mC:\playwright-project\[39msrc\tests\2TipsNoExtraNoSeat.spec.ts:1463:30 {
  [[32mSymbol(step)[39m]: {
    stepId: [32m'pw:api@34'[39m,
    location: {
      file: [32m'C:\\playwright-project\\src\\page-objects\\searchPage.ts'[39m,
      line: [33m127[39m,
      column: [33m57[39m,
      function: [32m'selectRoundTripDates'[39m
    },
    category: [32m'pw:api'[39m,
    title: [32m"locator.getByLabel('Choose Tuesday, April 29th,').click"[39m,
    apiName: [32m'locator.click'[39m,
    params: {
      selector: [32m'internal:label="Choose Tuesday, April 29th,"i'[39m,
      strict: [33mtrue[39m
    },
    boxedStack: [90mundefined[39m,
    steps: [],
    complete: [36m[Function: complete][39m,
    endWallTime: [33m1736495988949[39m,
    error: {
      message: [32m"Error: locator.click: Error: strict mode violation: getByLabel('Choose Tuesday, April 29th,') resolved to 2 elements:\n"[39m +
        [32m`    1) &lt;div title="" tabindex="-1" role="option" aria-disabled="false" aria-selected="false" aria-label="Choose Tuesday, April 29th, 2025" class="react-datepicker__day react-datepicker__day react-datepicker__day--029"&gt;…&lt;/div&gt; aka getByLabel('Month April,').getByLabel('Choose Tuesday, April 29th,')\n`[39m +
        [32m`    2) &lt;div title="" tabindex="-1" role="option" aria-disabled="false" aria-selected="false" aria-label="Choose Tuesday, April 29th, 2025" class="react-datepicker__day react-datepicker__day react-datepicker__day--029 react-datepicker__day--outside-month"&gt;&lt;/div&gt; aka getByLabel('Month May,').getByLabel('Choose Tuesday, April 29th,')\n`[39m +
        [32m'\n'[39m +
        [32m'Call log:\n'[39m +
        [32m"\x1B[2m  - waiting for getByLabel('Choose Tuesday, April 29th,')\x1B[22m\n"[39m,
      stack: [32m"Error: locator.click: Error: strict mode violation: getByLabel('Choose Tuesday, April 29th,') resolved to 2 elements:\n"[39m +
        [32m`    1) &lt;div title="" tabindex="-1" role="option" aria-disabled="false" aria-selected="false" aria-label="Choose Tuesday, April 29th, 2025" class="react-datepicker__day react-datepicker__day react-datepicker__day--029"&gt;…&lt;/div&gt; aka getByLabel('Month April,').getByLabel('Choose Tuesday, April 29th,')\n`[39m +
        [32m`    2) &lt;div title="" tabindex="-1" role="option" aria-disabled="false" aria-selected="false" aria-label="Choose Tuesday, April 29th, 2025" class="react-datepicker__day react-datepicker__day react-datepicker__day--029 react-datepicker__day--outside-month"&gt;&lt;/div&gt; aka getByLabel('Month May,').getByLabel('Choose Tuesday, April 29th,')\n`[39m +
        [32m'\n'[39m +
        [32m'Call log:\n'[39m +
        [32m"\x1B[2m  - waiting for getByLabel('Choose Tuesday, April 29th,')\x1B[22m\n"[39m +
        [32m'\n'[39m +
        [32m'    at selectRoundTripDates (C:\\playwright-project\\src\\page-objects\\searchPage.ts:127:57)\n'[39m +
        [32m'    at chooseDate (C:\\playwright-project\\src\\tests\\2TipsNoExtraNoSeat.spec.ts:55:3)\n'[39m +
        [32m'    at global (C:\\playwright-project\\src\\tests\\2TipsNoExtraNoSeat.spec.ts:107:3)\n'[39m +
        [32m'    at runWithRetries (C:\\playwright-project\\src\\tests\\2TipsNoExtraNoSeat.spec.ts:120:7)\n'[39m +
        [32m'    at executeTests (C:\\playwright-project\\src\\tests\\2TipsNoExtraNoSeat.spec.ts:142:27)\n'[39m +
        [32m'    at C:\\playwright-project\\src\\tests\\2TipsNoExtraNoSeat.spec.ts:1463:30'[39m,
      cause: [90mundefined[39m
    }
  }
}
Confirmation page validation failed: Flight Summary section not found on confirmation page
Intento 1 fallido en payWithCard: Error: Flight Summary section not found on confirmation page
    at validationConfirmPage [90m(C:\playwright-project\[39msrc\page-objects\confirmation.ts:29:19[90m)[39m
[90m    at runNextTicks (node:internal/process/task_queues:65:5)[39m
[90m    at processImmediate (node:internal/timers:459:9)[39m
[90m    at process.callbackTrampoline (node:internal/async_hooks:130:17)[39m
    at validationConfirmationPage [90m(C:\playwright-project\[39msrc\tests\2TipsNoExtraNoSeat.spec.ts:89:3[90m)[39m
    at runWithRetries [90m(C:\playwright-project\[39msrc\tests\2TipsNoExtraNoSeat.spec.ts:120:7[90m)[39m
    at executeTests [90m(C:\playwright-project\[39msrc\tests\2TipsNoExtraNoSeat.spec.ts:220:31[90m)[39m
    at [90mC:\playwright-project\[39msrc\tests\2TipsNoExtraNoSeat.spec.ts:1463:30
    at [90mC:\playwright-project\[39mnode_modules\[4mplaywright[24m\lib\worker\workerMain.js:339:9
    at [90mC:\playwright-project\[39mnode_modules\[4mplaywright[24m\lib\worker\testInfo.js:286:11
    at TimeoutManager.withRunnable [90m(C:\playwright-project\[39mnode_modules\[4mplaywright[24m\lib\worker\timeoutManager.js:64:14[90m)[39m
    at TestInfoImpl._runAsStage [90m(C:\playwright-project\[39mnode_modules\[4mplaywright[24m\lib\worker\testInfo.js:284:7[90m)[39m
    at [90mC:\playwright-project\[39mnode_modules\[4mplaywright[24m\lib\worker\workerMain.js:331:7
    at [90mC:\playwright-project\[39mnode_modules\[4mplaywright[24m\lib\worker\testInfo.js:286:11
    at TimeoutManager.withRunnable [90m(C:\playwright-project\[39mnode_modules\[4mplaywright[24m\lib\worker\timeoutManager.js:52:27[90m)[39m
    at TestInfoImpl._runAsStage [90m(C:\playwright-project\[39mnode_modules\[4mplaywright[24m\lib\worker\testInfo.js:284:7[90m)[39m
    at WorkerMain._runTest [90m(C:\playwright-project\[39mnode_modules\[4mplaywright[24m\lib\worker\workerMain.js:281:5[90m)[39m
    at WorkerMain.runTestGroup [90m(C:\playwright-project\[39mnode_modules\[4mplaywright[24m\lib\worker\workerMain.js:205:11[90m)[39m
    at process.&lt;anonymous&gt; [90m(C:\playwright-project\[39mnode_modules\[4mplaywright[24m\lib\common\process.js:95:22[90m)[39m
Confirmation page validation failed: Not on confirmation page URL
Intento 2 fallido en payWithCard: Error: Not on confirmation page URL
    at validationConfirmPage [90m(C:\playwright-project\[39msrc\page-objects\confirmation.ts:36:19[90m)[39m
    at validationConfirmationPage [90m(C:\playwright-project\[39msrc\tests\2TipsNoExtraNoSeat.spec.ts:89:3[90m)[39m
    at runWithRetries [90m(C:\playwright-project\[39msrc\tests\2TipsNoExtraNoSeat.spec.ts:120:7[90m)[39m
    at executeTests [90m(C:\playwright-project\[39msrc\tests\2TipsNoExtraNoSeat.spec.ts:220:31[90m)[39m
    at [90mC:\playwright-project\[39msrc\tests\2TipsNoExtraNoSeat.spec.ts:1463:30
    at [90mC:\playwright-project\[39mnode_modules\[4mplaywright[24m\lib\worker\workerMain.js:339:9
    at [90mC:\playwright-project\[39mnode_modules\[4mplaywright[24m\lib\worker\testInfo.js:286:11
    at TimeoutManager.withRunnable [90m(C:\playwright-project\[39mnode_modules\[4mplaywright[24m\lib\worker\timeoutManager.js:64:14[90m)[39m
    at TestInfoImpl._runAsStage [90m(C:\playwright-project\[39mnode_modules\[4mplaywright[24m\lib\worker\testInfo.js:284:7[90m)[39m
    at [90mC:\playwright-project\[39mnode_modules\[4mplaywright[24m\lib\worker\workerMain.js:331:7
    at [90mC:\playwright-project\[39mnode_modules\[4mplaywright[24m\lib\worker\testInfo.js:286:11
    at TimeoutManager.withRunnable [90m(C:\playwright-project\[39mnode_modules\[4mplaywright[24m\lib\worker\timeoutManager.js:52:27[90m)[39m
    at TestInfoImpl._runAsStage [90m(C:\playwright-project\[39mnode_modules\[4mplaywright[24m\lib\worker\testInfo.js:284:7[90m)[39m
    at WorkerMain._runTest [90m(C:\playwright-project\[39mnode_modules\[4mplaywright[24m\lib\worker\workerMain.js:281:5[90m)[39m
    at WorkerMain.runTestGroup [90m(C:\playwright-project\[39mnode_modules\[4mplaywright[24m\lib\worker\workerMain.js:205:11[90m)[39m
    at process.&lt;anonymous&gt; [90m(C:\playwright-project\[39mnode_modules\[4mplaywright[24m\lib\common\process.js:95:22[90m)[39m

</system-err>
</testcase>
<testcase name="30. Compra 1 adt PremComfort - Eco Light - sin assitence › Ejecución completa con reintentos" classname="2TipsNoExtraNoSeat.spec.ts" time="49.485">
<system-out>
Ejecución completa, intento 1 de 5
Ejecutando Booking, intento 1
Fecha de salida seleccionada: { year: [32m'2025'[39m, month: [32m'5'[39m, index: [33m12[39m, value: [33m29[39m }
Fecha de regreso seleccionada: { year: [32m'2025'[39m, month: [32m'5'[39m, index: [33m13[39m, value: [33m31[39m }
Ajustando número de pasajeros
Successfully clicked the element: div.price-cabin:has-text("Premium")
Successfully clicked the element: div.price-cabin:has-text("Economy")
Ejecutando fillPassengerAdult 1, intento 1
Ejecutando fillContact, intento 1
Ejecutando payWithCard, intento 1
Iframe encontrado.
Ejecutando payWithCard, intento 1
Ejecutando payWithCard, intento 2
Ejecutando payWithCard, intento 3

</system-out>
<system-err>
Confirmation page validation failed: Flight Summary section not found on confirmation page
Intento 1 fallido en payWithCard: Error: Flight Summary section not found on confirmation page
    at validationConfirmPage [90m(C:\playwright-project\[39msrc\page-objects\confirmation.ts:29:19[90m)[39m
[90m    at runNextTicks (node:internal/process/task_queues:65:5)[39m
[90m    at processImmediate (node:internal/timers:459:9)[39m
[90m    at process.callbackTrampoline (node:internal/async_hooks:130:17)[39m
    at validationConfirmationPage [90m(C:\playwright-project\[39msrc\tests\2TipsNoExtraNoSeat.spec.ts:89:3[90m)[39m
    at runWithRetries [90m(C:\playwright-project\[39msrc\tests\2TipsNoExtraNoSeat.spec.ts:120:7[90m)[39m
    at executeTests [90m(C:\playwright-project\[39msrc\tests\2TipsNoExtraNoSeat.spec.ts:220:31[90m)[39m
    at [90mC:\playwright-project\[39msrc\tests\2TipsNoExtraNoSeat.spec.ts:1506:30
    at [90mC:\playwright-project\[39mnode_modules\[4mplaywright[24m\lib\worker\workerMain.js:339:9
    at [90mC:\playwright-project\[39mnode_modules\[4mplaywright[24m\lib\worker\testInfo.js:286:11
    at TimeoutManager.withRunnable [90m(C:\playwright-project\[39mnode_modules\[4mplaywright[24m\lib\worker\timeoutManager.js:64:14[90m)[39m
    at TestInfoImpl._runAsStage [90m(C:\playwright-project\[39mnode_modules\[4mplaywright[24m\lib\worker\testInfo.js:284:7[90m)[39m
    at [90mC:\playwright-project\[39mnode_modules\[4mplaywright[24m\lib\worker\workerMain.js:331:7
    at [90mC:\playwright-project\[39mnode_modules\[4mplaywright[24m\lib\worker\testInfo.js:286:11
    at TimeoutManager.withRunnable [90m(C:\playwright-project\[39mnode_modules\[4mplaywright[24m\lib\worker\timeoutManager.js:52:27[90m)[39m
    at TestInfoImpl._runAsStage [90m(C:\playwright-project\[39mnode_modules\[4mplaywright[24m\lib\worker\testInfo.js:284:7[90m)[39m
    at WorkerMain._runTest [90m(C:\playwright-project\[39mnode_modules\[4mplaywright[24m\lib\worker\workerMain.js:281:5[90m)[39m
    at WorkerMain.runTestGroup [90m(C:\playwright-project\[39mnode_modules\[4mplaywright[24m\lib\worker\workerMain.js:205:11[90m)[39m
    at process.&lt;anonymous&gt; [90m(C:\playwright-project\[39mnode_modules\[4mplaywright[24m\lib\common\process.js:95:22[90m)[39m
Confirmation page validation failed: Not on confirmation page URL
Intento 2 fallido en payWithCard: Error: Not on confirmation page URL
    at validationConfirmPage [90m(C:\playwright-project\[39msrc\page-objects\confirmation.ts:36:19[90m)[39m
    at validationConfirmationPage [90m(C:\playwright-project\[39msrc\tests\2TipsNoExtraNoSeat.spec.ts:89:3[90m)[39m
    at runWithRetries [90m(C:\playwright-project\[39msrc\tests\2TipsNoExtraNoSeat.spec.ts:120:7[90m)[39m
    at executeTests [90m(C:\playwright-project\[39msrc\tests\2TipsNoExtraNoSeat.spec.ts:220:31[90m)[39m
    at [90mC:\playwright-project\[39msrc\tests\2TipsNoExtraNoSeat.spec.ts:1506:30
    at [90mC:\playwright-project\[39mnode_modules\[4mplaywright[24m\lib\worker\workerMain.js:339:9
    at [90mC:\playwright-project\[39mnode_modules\[4mplaywright[24m\lib\worker\testInfo.js:286:11
    at TimeoutManager.withRunnable [90m(C:\playwright-project\[39mnode_modules\[4mplaywright[24m\lib\worker\timeoutManager.js:64:14[90m)[39m
    at TestInfoImpl._runAsStage [90m(C:\playwright-project\[39mnode_modules\[4mplaywright[24m\lib\worker\testInfo.js:284:7[90m)[39m
    at [90mC:\playwright-project\[39mnode_modules\[4mplaywright[24m\lib\worker\workerMain.js:331:7
    at [90mC:\playwright-project\[39mnode_modules\[4mplaywright[24m\lib\worker\testInfo.js:286:11
    at TimeoutManager.withRunnable [90m(C:\playwright-project\[39mnode_modules\[4mplaywright[24m\lib\worker\timeoutManager.js:52:27[90m)[39m
    at TestInfoImpl._runAsStage [90m(C:\playwright-project\[39mnode_modules\[4mplaywright[24m\lib\worker\testInfo.js:284:7[90m)[39m
    at WorkerMain._runTest [90m(C:\playwright-project\[39mnode_modules\[4mplaywright[24m\lib\worker\workerMain.js:281:5[90m)[39m
    at WorkerMain.runTestGroup [90m(C:\playwright-project\[39mnode_modules\[4mplaywright[24m\lib\worker\workerMain.js:205:11[90m)[39m
    at process.&lt;anonymous&gt; [90m(C:\playwright-project\[39mnode_modules\[4mplaywright[24m\lib\common\process.js:95:22[90m)[39m

</system-err>
</testcase>
<testcase name="31. Compra 1 adt PremComfort - Eco Comfort - sin assitence › Ejecución completa con reintentos" classname="2TipsNoExtraNoSeat.spec.ts" time="41.985">
<system-out>
Ejecución completa, intento 1 de 5
Ejecutando Booking, intento 1
Fecha de salida seleccionada: { year: [32m'2025'[39m, month: [32m'6'[39m, index: [33m2[39m, value: [33m7[39m }
Fecha de regreso seleccionada: { year: [32m'2025'[39m, month: [32m'6'[39m, index: [33m3[39m, value: [33m10[39m }
Ajustando número de pasajeros
Successfully clicked the element: div.price-cabin:has-text("Premium")
Successfully clicked the element: div.price-cabin:has-text("Economy")
Ejecutando fillPassengerAdult 1, intento 1
Ejecutando fillContact, intento 1
Ejecutando payWithCard, intento 1
Iframe encontrado.
Ejecutando payWithCard, intento 1
Ejecutando payWithCard, intento 2
Ejecutando payWithCard, intento 3

</system-out>
<system-err>
Confirmation page validation failed: Flight Summary section not found on confirmation page
Intento 1 fallido en payWithCard: Error: Flight Summary section not found on confirmation page
    at validationConfirmPage [90m(C:\playwright-project\[39msrc\page-objects\confirmation.ts:29:19[90m)[39m
[90m    at runNextTicks (node:internal/process/task_queues:65:5)[39m
[90m    at processImmediate (node:internal/timers:459:9)[39m
[90m    at process.callbackTrampoline (node:internal/async_hooks:130:17)[39m
    at validationConfirmationPage [90m(C:\playwright-project\[39msrc\tests\2TipsNoExtraNoSeat.spec.ts:89:3[90m)[39m
    at runWithRetries [90m(C:\playwright-project\[39msrc\tests\2TipsNoExtraNoSeat.spec.ts:120:7[90m)[39m
    at executeTests [90m(C:\playwright-project\[39msrc\tests\2TipsNoExtraNoSeat.spec.ts:220:31[90m)[39m
    at [90mC:\playwright-project\[39msrc\tests\2TipsNoExtraNoSeat.spec.ts:1548:30
    at [90mC:\playwright-project\[39mnode_modules\[4mplaywright[24m\lib\worker\workerMain.js:339:9
    at [90mC:\playwright-project\[39mnode_modules\[4mplaywright[24m\lib\worker\testInfo.js:286:11
    at TimeoutManager.withRunnable [90m(C:\playwright-project\[39mnode_modules\[4mplaywright[24m\lib\worker\timeoutManager.js:64:14[90m)[39m
    at TestInfoImpl._runAsStage [90m(C:\playwright-project\[39mnode_modules\[4mplaywright[24m\lib\worker\testInfo.js:284:7[90m)[39m
    at [90mC:\playwright-project\[39mnode_modules\[4mplaywright[24m\lib\worker\workerMain.js:331:7
    at [90mC:\playwright-project\[39mnode_modules\[4mplaywright[24m\lib\worker\testInfo.js:286:11
    at TimeoutManager.withRunnable [90m(C:\playwright-project\[39mnode_modules\[4mplaywright[24m\lib\worker\timeoutManager.js:52:27[90m)[39m
    at TestInfoImpl._runAsStage [90m(C:\playwright-project\[39mnode_modules\[4mplaywright[24m\lib\worker\testInfo.js:284:7[90m)[39m
    at WorkerMain._runTest [90m(C:\playwright-project\[39mnode_modules\[4mplaywright[24m\lib\worker\workerMain.js:281:5[90m)[39m
    at WorkerMain.runTestGroup [90m(C:\playwright-project\[39mnode_modules\[4mplaywright[24m\lib\worker\workerMain.js:205:11[90m)[39m
    at process.&lt;anonymous&gt; [90m(C:\playwright-project\[39mnode_modules\[4mplaywright[24m\lib\common\process.js:95:22[90m)[39m
Confirmation page validation failed: Not on confirmation page URL
Intento 2 fallido en payWithCard: Error: Not on confirmation page URL
    at validationConfirmPage [90m(C:\playwright-project\[39msrc\page-objects\confirmation.ts:36:19[90m)[39m
    at validationConfirmationPage [90m(C:\playwright-project\[39msrc\tests\2TipsNoExtraNoSeat.spec.ts:89:3[90m)[39m
    at runWithRetries [90m(C:\playwright-project\[39msrc\tests\2TipsNoExtraNoSeat.spec.ts:120:7[90m)[39m
    at executeTests [90m(C:\playwright-project\[39msrc\tests\2TipsNoExtraNoSeat.spec.ts:220:31[90m)[39m
    at [90mC:\playwright-project\[39msrc\tests\2TipsNoExtraNoSeat.spec.ts:1548:30
    at [90mC:\playwright-project\[39mnode_modules\[4mplaywright[24m\lib\worker\workerMain.js:339:9
    at [90mC:\playwright-project\[39mnode_modules\[4mplaywright[24m\lib\worker\testInfo.js:286:11
    at TimeoutManager.withRunnable [90m(C:\playwright-project\[39mnode_modules\[4mplaywright[24m\lib\worker\timeoutManager.js:64:14[90m)[39m
    at TestInfoImpl._runAsStage [90m(C:\playwright-project\[39mnode_modules\[4mplaywright[24m\lib\worker\testInfo.js:284:7[90m)[39m
    at [90mC:\playwright-project\[39mnode_modules\[4mplaywright[24m\lib\worker\workerMain.js:331:7
    at [90mC:\playwright-project\[39mnode_modules\[4mplaywright[24m\lib\worker\testInfo.js:286:11
    at TimeoutManager.withRunnable [90m(C:\playwright-project\[39mnode_modules\[4mplaywright[24m\lib\worker\timeoutManager.js:52:27[90m)[39m
    at TestInfoImpl._runAsStage [90m(C:\playwright-project\[39mnode_modules\[4mplaywright[24m\lib\worker\testInfo.js:284:7[90m)[39m
    at WorkerMain._runTest [90m(C:\playwright-project\[39mnode_modules\[4mplaywright[24m\lib\worker\workerMain.js:281:5[90m)[39m
    at WorkerMain.runTestGroup [90m(C:\playwright-project\[39mnode_modules\[4mplaywright[24m\lib\worker\workerMain.js:205:11[90m)[39m
    at process.&lt;anonymous&gt; [90m(C:\playwright-project\[39mnode_modules\[4mplaywright[24m\lib\common\process.js:95:22[90m)[39m

</system-err>
</testcase>
<testcase name="32. Compra 1 adt PremComfort - Eco Extra - sin assitence › Ejecución completa con reintentos" classname="2TipsNoExtraNoSeat.spec.ts" time="50.565">
<system-out>
Ejecución completa, intento 1 de 5
Ejecutando Booking, intento 1
Ejecutando Booking, intento 2
Ejecutando Booking, intento 3
Fecha de salida seleccionada: { year: [32m'2025'[39m, month: [32m'6'[39m, index: [33m2[39m, value: [33m7[39m }
Fecha de regreso seleccionada: { year: [32m'2025'[39m, month: [32m'6'[39m, index: [33m3[39m, value: [33m10[39m }
Ajustando número de pasajeros
Successfully clicked the element: div.price-cabin:has-text("Premium")
Successfully clicked the element: div.price-cabin:has-text("Economy")
Ejecutando fillPassengerAdult 1, intento 1
Ejecutando fillContact, intento 1
Ejecutando payWithCard, intento 1
Iframe encontrado.
Ejecutando payWithCard, intento 1
Ejecutando payWithCard, intento 2
Ejecutando payWithCard, intento 3

</system-out>
<system-err>
Error al gestionar el flujo de ida y vuelta: locator.click: Error: strict mode violation: getByLabel('Choose Tuesday, April 29th,') resolved to 2 elements:
    1) &lt;div title="" tabindex="-1" role="option" aria-disabled="false" aria-selected="false" aria-label="Choose Tuesday, April 29th, 2025" class="react-datepicker__day react-datepicker__day react-datepicker__day--029"&gt;…&lt;/div&gt; aka getByLabel('Month April,').getByLabel('Choose Tuesday, April 29th,')
    2) &lt;div title="" tabindex="-1" role="option" aria-disabled="false" aria-selected="false" aria-label="Choose Tuesday, April 29th, 2025" class="react-datepicker__day react-datepicker__day react-datepicker__day--029 react-datepicker__day--outside-month"&gt;&lt;/div&gt; aka getByLabel('Month May,').getByLabel('Choose Tuesday, April 29th,')

Call log:
[2m  - waiting for getByLabel('Choose Tuesday, April 29th,')[22m

Intento 1 fallido en Booking: locator.click: Error: strict mode violation: getByLabel('Choose Tuesday, April 29th,') resolved to 2 elements:
    1) &lt;div title="" tabindex="-1" role="option" aria-disabled="false" aria-selected="false" aria-label="Choose Tuesday, April 29th, 2025" class="react-datepicker__day react-datepicker__day react-datepicker__day--029"&gt;…&lt;/div&gt; aka getByLabel('Month April,').getByLabel('Choose Tuesday, April 29th,')
    2) &lt;div title="" tabindex="-1" role="option" aria-disabled="false" aria-selected="false" aria-label="Choose Tuesday, April 29th, 2025" class="react-datepicker__day react-datepicker__day react-datepicker__day--029 react-datepicker__day--outside-month"&gt;&lt;/div&gt; aka getByLabel('Month May,').getByLabel('Choose Tuesday, April 29th,')

Call log:
[2m  - waiting for getByLabel('Choose Tuesday, April 29th,')[22m

    at selectRoundTripDates [90m(C:\playwright-project\[39msrc\page-objects\searchPage.ts:91:56[90m)[39m
    at chooseDate [90m(C:\playwright-project\[39msrc\tests\2TipsNoExtraNoSeat.spec.ts:55:3[90m)[39m
    at global [90m(C:\playwright-project\[39msrc\tests\2TipsNoExtraNoSeat.spec.ts:107:3[90m)[39m
    at runWithRetries [90m(C:\playwright-project\[39msrc\tests\2TipsNoExtraNoSeat.spec.ts:120:7[90m)[39m
    at executeTests [90m(C:\playwright-project\[39msrc\tests\2TipsNoExtraNoSeat.spec.ts:142:27[90m)[39m
    at [90mC:\playwright-project\[39msrc\tests\2TipsNoExtraNoSeat.spec.ts:1591:30 {
  [[32mSymbol(step)[39m]: {
    stepId: [32m'pw:api@27'[39m,
    location: {
      file: [32m'C:\\playwright-project\\src\\page-objects\\searchPage.ts'[39m,
      line: [33m91[39m,
      column: [33m56[39m,
      function: [32m'selectRoundTripDates'[39m
    },
    category: [32m'pw:api'[39m,
    title: [32m"locator.getByLabel('Choose Tuesday, April 29th,').click"[39m,
    apiName: [32m'locator.click'[39m,
    params: {
      selector: [32m'internal:label="Choose Tuesday, April 29th,"i'[39m,
      strict: [33mtrue[39m
    },
    boxedStack: [90mundefined[39m,
    steps: [],
    complete: [36m[Function: complete][39m,
    endWallTime: [33m1736496004664[39m,
    error: {
      message: [32m"Error: locator.click: Error: strict mode violation: getByLabel('Choose Tuesday, April 29th,') resolved to 2 elements:\n"[39m +
        [32m`    1) &lt;div title="" tabindex="-1" role="option" aria-disabled="false" aria-selected="false" aria-label="Choose Tuesday, April 29th, 2025" class="react-datepicker__day react-datepicker__day react-datepicker__day--029"&gt;…&lt;/div&gt; aka getByLabel('Month April,').getByLabel('Choose Tuesday, April 29th,')\n`[39m +
        [32m`    2) &lt;div title="" tabindex="-1" role="option" aria-disabled="false" aria-selected="false" aria-label="Choose Tuesday, April 29th, 2025" class="react-datepicker__day react-datepicker__day react-datepicker__day--029 react-datepicker__day--outside-month"&gt;&lt;/div&gt; aka getByLabel('Month May,').getByLabel('Choose Tuesday, April 29th,')\n`[39m +
        [32m'\n'[39m +
        [32m'Call log:\n'[39m +
        [32m"\x1B[2m  - waiting for getByLabel('Choose Tuesday, April 29th,')\x1B[22m\n"[39m,
      stack: [32m"Error: locator.click: Error: strict mode violation: getByLabel('Choose Tuesday, April 29th,') resolved to 2 elements:\n"[39m +
        [32m`    1) &lt;div title="" tabindex="-1" role="option" aria-disabled="false" aria-selected="false" aria-label="Choose Tuesday, April 29th, 2025" class="react-datepicker__day react-datepicker__day react-datepicker__day--029"&gt;…&lt;/div&gt; aka getByLabel('Month April,').getByLabel('Choose Tuesday, April 29th,')\n`[39m +
        [32m`    2) &lt;div title="" tabindex="-1" role="option" aria-disabled="false" aria-selected="false" aria-label="Choose Tuesday, April 29th, 2025" class="react-datepicker__day react-datepicker__day react-datepicker__day--029 react-datepicker__day--outside-month"&gt;&lt;/div&gt; aka getByLabel('Month May,').getByLabel('Choose Tuesday, April 29th,')\n`[39m +
        [32m'\n'[39m +
        [32m'Call log:\n'[39m +
        [32m"\x1B[2m  - waiting for getByLabel('Choose Tuesday, April 29th,')\x1B[22m\n"[39m +
        [32m'\n'[39m +
        [32m'    at selectRoundTripDates (C:\\playwright-project\\src\\page-objects\\searchPage.ts:91:56)\n'[39m +
        [32m'    at chooseDate (C:\\playwright-project\\src\\tests\\2TipsNoExtraNoSeat.spec.ts:55:3)\n'[39m +
        [32m'    at global (C:\\playwright-project\\src\\tests\\2TipsNoExtraNoSeat.spec.ts:107:3)\n'[39m +
        [32m'    at runWithRetries (C:\\playwright-project\\src\\tests\\2TipsNoExtraNoSeat.spec.ts:120:7)\n'[39m +
        [32m'    at executeTests (C:\\playwright-project\\src\\tests\\2TipsNoExtraNoSeat.spec.ts:142:27)\n'[39m +
        [32m'    at C:\\playwright-project\\src\\tests\\2TipsNoExtraNoSeat.spec.ts:1591:30'[39m,
      cause: [90mundefined[39m
    }
  }
}
Error al gestionar el flujo de ida y vuelta: locator.click: Error: strict mode violation: getByLabel('Choose Tuesday, April 29th,') resolved to 2 elements:
    1) &lt;div title="" tabindex="-1" role="option" aria-disabled="false" aria-selected="false" aria-label="Choose Tuesday, April 29th, 2025" class="react-datepicker__day react-datepicker__day react-datepicker__day--029"&gt;…&lt;/div&gt; aka getByLabel('Month April,').getByLabel('Choose Tuesday, April 29th,')
    2) &lt;div title="" tabindex="-1" role="option" aria-disabled="false" aria-selected="false" aria-label="Choose Tuesday, April 29th, 2025" class="react-datepicker__day react-datepicker__day react-datepicker__day--029 react-datepicker__day--outside-month"&gt;&lt;/div&gt; aka getByLabel('Month May,').getByLabel('Choose Tuesday, April 29th,')

Call log:
[2m  - waiting for getByLabel('Choose Tuesday, April 29th,')[22m

Intento 2 fallido en Booking: locator.click: Error: strict mode violation: getByLabel('Choose Tuesday, April 29th,') resolved to 2 elements:
    1) &lt;div title="" tabindex="-1" role="option" aria-disabled="false" aria-selected="false" aria-label="Choose Tuesday, April 29th, 2025" class="react-datepicker__day react-datepicker__day react-datepicker__day--029"&gt;…&lt;/div&gt; aka getByLabel('Month April,').getByLabel('Choose Tuesday, April 29th,')
    2) &lt;div title="" tabindex="-1" role="option" aria-disabled="false" aria-selected="false" aria-label="Choose Tuesday, April 29th, 2025" class="react-datepicker__day react-datepicker__day react-datepicker__day--029 react-datepicker__day--outside-month"&gt;&lt;/div&gt; aka getByLabel('Month May,').getByLabel('Choose Tuesday, April 29th,')

Call log:
[2m  - waiting for getByLabel('Choose Tuesday, April 29th,')[22m

    at selectRoundTripDates [90m(C:\playwright-project\[39msrc\page-objects\searchPage.ts:127:57[90m)[39m
    at chooseDate [90m(C:\playwright-project\[39msrc\tests\2TipsNoExtraNoSeat.spec.ts:55:3[90m)[39m
    at global [90m(C:\playwright-project\[39msrc\tests\2TipsNoExtraNoSeat.spec.ts:107:3[90m)[39m
    at runWithRetries [90m(C:\playwright-project\[39msrc\tests\2TipsNoExtraNoSeat.spec.ts:120:7[90m)[39m
    at executeTests [90m(C:\playwright-project\[39msrc\tests\2TipsNoExtraNoSeat.spec.ts:142:27[90m)[39m
    at [90mC:\playwright-project\[39msrc\tests\2TipsNoExtraNoSeat.spec.ts:1591:30 {
  [[32mSymbol(step)[39m]: {
    stepId: [32m'pw:api@56'[39m,
    location: {
      file: [32m'C:\\playwright-project\\src\\page-objects\\searchPage.ts'[39m,
      line: [33m127[39m,
      column: [33m57[39m,
      function: [32m'selectRoundTripDates'[39m
    },
    category: [32m'pw:api'[39m,
    title: [32m"locator.getByLabel('Choose Tuesday, April 29th,').click"[39m,
    apiName: [32m'locator.click'[39m,
    params: {
      selector: [32m'internal:label="Choose Tuesday, April 29th,"i'[39m,
      strict: [33mtrue[39m
    },
    boxedStack: [90mundefined[39m,
    steps: [],
    complete: [36m[Function: complete][39m,
    endWallTime: [33m1736496009765[39m,
    error: {
      message: [32m"Error: locator.click: Error: strict mode violation: getByLabel('Choose Tuesday, April 29th,') resolved to 2 elements:\n"[39m +
        [32m`    1) &lt;div title="" tabindex="-1" role="option" aria-disabled="false" aria-selected="false" aria-label="Choose Tuesday, April 29th, 2025" class="react-datepicker__day react-datepicker__day react-datepicker__day--029"&gt;…&lt;/div&gt; aka getByLabel('Month April,').getByLabel('Choose Tuesday, April 29th,')\n`[39m +
        [32m`    2) &lt;div title="" tabindex="-1" role="option" aria-disabled="false" aria-selected="false" aria-label="Choose Tuesday, April 29th, 2025" class="react-datepicker__day react-datepicker__day react-datepicker__day--029 react-datepicker__day--outside-month"&gt;&lt;/div&gt; aka getByLabel('Month May,').getByLabel('Choose Tuesday, April 29th,')\n`[39m +
        [32m'\n'[39m +
        [32m'Call log:\n'[39m +
        [32m"\x1B[2m  - waiting for getByLabel('Choose Tuesday, April 29th,')\x1B[22m\n"[39m,
      stack: [32m"Error: locator.click: Error: strict mode violation: getByLabel('Choose Tuesday, April 29th,') resolved to 2 elements:\n"[39m +
        [32m`    1) &lt;div title="" tabindex="-1" role="option" aria-disabled="false" aria-selected="false" aria-label="Choose Tuesday, April 29th, 2025" class="react-datepicker__day react-datepicker__day react-datepicker__day--029"&gt;…&lt;/div&gt; aka getByLabel('Month April,').getByLabel('Choose Tuesday, April 29th,')\n`[39m +
        [32m`    2) &lt;div title="" tabindex="-1" role="option" aria-disabled="false" aria-selected="false" aria-label="Choose Tuesday, April 29th, 2025" class="react-datepicker__day react-datepicker__day react-datepicker__day--029 react-datepicker__day--outside-month"&gt;&lt;/div&gt; aka getByLabel('Month May,').getByLabel('Choose Tuesday, April 29th,')\n`[39m +
        [32m'\n'[39m +
        [32m'Call log:\n'[39m +
        [32m"\x1B[2m  - waiting for getByLabel('Choose Tuesday, April 29th,')\x1B[22m\n"[39m +
        [32m'\n'[39m +
        [32m'    at selectRoundTripDates (C:\\playwright-project\\src\\page-objects\\searchPage.ts:127:57)\n'[39m +
        [32m'    at chooseDate (C:\\playwright-project\\src\\tests\\2TipsNoExtraNoSeat.spec.ts:55:3)\n'[39m +
        [32m'    at global (C:\\playwright-project\\src\\tests\\2TipsNoExtraNoSeat.spec.ts:107:3)\n'[39m +
        [32m'    at runWithRetries (C:\\playwright-project\\src\\tests\\2TipsNoExtraNoSeat.spec.ts:120:7)\n'[39m +
        [32m'    at executeTests (C:\\playwright-project\\src\\tests\\2TipsNoExtraNoSeat.spec.ts:142:27)\n'[39m +
        [32m'    at C:\\playwright-project\\src\\tests\\2TipsNoExtraNoSeat.spec.ts:1591:30'[39m,
      cause: [90mundefined[39m
    }
  }
}
Confirmation page validation failed: Flight Summary section not found on confirmation page
Intento 1 fallido en payWithCard: Error: Flight Summary section not found on confirmation page
    at validationConfirmPage [90m(C:\playwright-project\[39msrc\page-objects\confirmation.ts:29:19[90m)[39m
[90m    at runNextTicks (node:internal/process/task_queues:65:5)[39m
[90m    at processImmediate (node:internal/timers:459:9)[39m
[90m    at process.callbackTrampoline (node:internal/async_hooks:130:17)[39m
    at validationConfirmationPage [90m(C:\playwright-project\[39msrc\tests\2TipsNoExtraNoSeat.spec.ts:89:3[90m)[39m
    at runWithRetries [90m(C:\playwright-project\[39msrc\tests\2TipsNoExtraNoSeat.spec.ts:120:7[90m)[39m
    at executeTests [90m(C:\playwright-project\[39msrc\tests\2TipsNoExtraNoSeat.spec.ts:220:31[90m)[39m
    at [90mC:\playwright-project\[39msrc\tests\2TipsNoExtraNoSeat.spec.ts:1591:30
    at [90mC:\playwright-project\[39mnode_modules\[4mplaywright[24m\lib\worker\workerMain.js:339:9
    at [90mC:\playwright-project\[39mnode_modules\[4mplaywright[24m\lib\worker\testInfo.js:286:11
    at TimeoutManager.withRunnable [90m(C:\playwright-project\[39mnode_modules\[4mplaywright[24m\lib\worker\timeoutManager.js:64:14[90m)[39m
    at TestInfoImpl._runAsStage [90m(C:\playwright-project\[39mnode_modules\[4mplaywright[24m\lib\worker\testInfo.js:284:7[90m)[39m
    at [90mC:\playwright-project\[39mnode_modules\[4mplaywright[24m\lib\worker\workerMain.js:331:7
    at [90mC:\playwright-project\[39mnode_modules\[4mplaywright[24m\lib\worker\testInfo.js:286:11
    at TimeoutManager.withRunnable [90m(C:\playwright-project\[39mnode_modules\[4mplaywright[24m\lib\worker\timeoutManager.js:52:27[90m)[39m
    at TestInfoImpl._runAsStage [90m(C:\playwright-project\[39mnode_modules\[4mplaywright[24m\lib\worker\testInfo.js:284:7[90m)[39m
    at WorkerMain._runTest [90m(C:\playwright-project\[39mnode_modules\[4mplaywright[24m\lib\worker\workerMain.js:281:5[90m)[39m
    at WorkerMain.runTestGroup [90m(C:\playwright-project\[39mnode_modules\[4mplaywright[24m\lib\worker\workerMain.js:205:11[90m)[39m
    at process.&lt;anonymous&gt; [90m(C:\playwright-project\[39mnode_modules\[4mplaywright[24m\lib\common\process.js:95:22[90m)[39m
Confirmation page validation failed: Not on confirmation page URL
Intento 2 fallido en payWithCard: Error: Not on confirmation page URL
    at validationConfirmPage [90m(C:\playwright-project\[39msrc\page-objects\confirmation.ts:36:19[90m)[39m
[90m    at runNextTicks (node:internal/process/task_queues:65:5)[39m
[90m    at processImmediate (node:internal/timers:459:9)[39m
[90m    at process.callbackTrampoline (node:internal/async_hooks:130:17)[39m
    at validationConfirmationPage [90m(C:\playwright-project\[39msrc\tests\2TipsNoExtraNoSeat.spec.ts:89:3[90m)[39m
    at runWithRetries [90m(C:\playwright-project\[39msrc\tests\2TipsNoExtraNoSeat.spec.ts:120:7[90m)[39m
    at executeTests [90m(C:\playwright-project\[39msrc\tests\2TipsNoExtraNoSeat.spec.ts:220:31[90m)[39m
    at [90mC:\playwright-project\[39msrc\tests\2TipsNoExtraNoSeat.spec.ts:1591:30
    at [90mC:\playwright-project\[39mnode_modules\[4mplaywright[24m\lib\worker\workerMain.js:339:9
    at [90mC:\playwright-project\[39mnode_modules\[4mplaywright[24m\lib\worker\testInfo.js:286:11
    at TimeoutManager.withRunnable [90m(C:\playwright-project\[39mnode_modules\[4mplaywright[24m\lib\worker\timeoutManager.js:64:14[90m)[39m
    at TestInfoImpl._runAsStage [90m(C:\playwright-project\[39mnode_modules\[4mplaywright[24m\lib\worker\testInfo.js:284:7[90m)[39m
    at [90mC:\playwright-project\[39mnode_modules\[4mplaywright[24m\lib\worker\workerMain.js:331:7
    at [90mC:\playwright-project\[39mnode_modules\[4mplaywright[24m\lib\worker\testInfo.js:286:11
    at TimeoutManager.withRunnable [90m(C:\playwright-project\[39mnode_modules\[4mplaywright[24m\lib\worker\timeoutManager.js:52:27[90m)[39m
    at TestInfoImpl._runAsStage [90m(C:\playwright-project\[39mnode_modules\[4mplaywright[24m\lib\worker\testInfo.js:284:7[90m)[39m
    at WorkerMain._runTest [90m(C:\playwright-project\[39mnode_modules\[4mplaywright[24m\lib\worker\workerMain.js:281:5[90m)[39m
    at WorkerMain.runTestGroup [90m(C:\playwright-project\[39mnode_modules\[4mplaywright[24m\lib\worker\workerMain.js:205:11[90m)[39m
    at process.&lt;anonymous&gt; [90m(C:\playwright-project\[39mnode_modules\[4mplaywright[24m\lib\common\process.js:95:22[90m)[39m

</system-err>
</testcase>
<testcase name="33. Compra 1 adt PremComfort - PremLight - sin assitence › Ejecución completa con reintentos" classname="2TipsNoExtraNoSeat.spec.ts" time="40.299">
<system-out>
Ejecución completa, intento 1 de 5
Ejecutando Booking, intento 1
Fecha de salida seleccionada: { year: [32m'2025'[39m, month: [32m'5'[39m, index: [33m0[39m, value: [33m1[39m }
Fecha de regreso seleccionada: { year: [32m'2025'[39m, month: [32m'5'[39m, index: [33m1[39m, value: [33m3[39m }
Ajustando número de pasajeros
Successfully clicked the element: div.price-cabin:has-text("Premium")
Successfully clicked the element: div.price-cabin:has-text("Premium")
Ejecutando fillPassengerAdult 1, intento 1
Ejecutando fillContact, intento 1
Ejecutando payWithCard, intento 1
Iframe encontrado.
Ejecutando payWithCard, intento 1
Ejecutando payWithCard, intento 2
Ejecutando payWithCard, intento 3

</system-out>
<system-err>
Confirmation page validation failed: Flight Summary section not found on confirmation page
Intento 1 fallido en payWithCard: Error: Flight Summary section not found on confirmation page
    at validationConfirmPage [90m(C:\playwright-project\[39msrc\page-objects\confirmation.ts:29:19[90m)[39m
[90m    at runNextTicks (node:internal/process/task_queues:65:5)[39m
[90m    at processImmediate (node:internal/timers:459:9)[39m
[90m    at process.callbackTrampoline (node:internal/async_hooks:130:17)[39m
    at validationConfirmationPage [90m(C:\playwright-project\[39msrc\tests\2TipsNoExtraNoSeat.spec.ts:89:3[90m)[39m
    at runWithRetries [90m(C:\playwright-project\[39msrc\tests\2TipsNoExtraNoSeat.spec.ts:120:7[90m)[39m
    at executeTests [90m(C:\playwright-project\[39msrc\tests\2TipsNoExtraNoSeat.spec.ts:220:31[90m)[39m
    at [90mC:\playwright-project\[39msrc\tests\2TipsNoExtraNoSeat.spec.ts:1634:30
    at [90mC:\playwright-project\[39mnode_modules\[4mplaywright[24m\lib\worker\workerMain.js:339:9
    at [90mC:\playwright-project\[39mnode_modules\[4mplaywright[24m\lib\worker\testInfo.js:286:11
    at TimeoutManager.withRunnable [90m(C:\playwright-project\[39mnode_modules\[4mplaywright[24m\lib\worker\timeoutManager.js:64:14[90m)[39m
    at TestInfoImpl._runAsStage [90m(C:\playwright-project\[39mnode_modules\[4mplaywright[24m\lib\worker\testInfo.js:284:7[90m)[39m
    at [90mC:\playwright-project\[39mnode_modules\[4mplaywright[24m\lib\worker\workerMain.js:331:7
    at [90mC:\playwright-project\[39mnode_modules\[4mplaywright[24m\lib\worker\testInfo.js:286:11
    at TimeoutManager.withRunnable [90m(C:\playwright-project\[39mnode_modules\[4mplaywright[24m\lib\worker\timeoutManager.js:52:27[90m)[39m
    at TestInfoImpl._runAsStage [90m(C:\playwright-project\[39mnode_modules\[4mplaywright[24m\lib\worker\testInfo.js:284:7[90m)[39m
    at WorkerMain._runTest [90m(C:\playwright-project\[39mnode_modules\[4mplaywright[24m\lib\worker\workerMain.js:281:5[90m)[39m
    at WorkerMain.runTestGroup [90m(C:\playwright-project\[39mnode_modules\[4mplaywright[24m\lib\worker\workerMain.js:205:11[90m)[39m
    at process.&lt;anonymous&gt; [90m(C:\playwright-project\[39mnode_modules\[4mplaywright[24m\lib\common\process.js:95:22[90m)[39m
Confirmation page validation failed: Not on confirmation page URL
Intento 2 fallido en payWithCard: Error: Not on confirmation page URL
    at validationConfirmPage [90m(C:\playwright-project\[39msrc\page-objects\confirmation.ts:36:19[90m)[39m
[90m    at runNextTicks (node:internal/process/task_queues:65:5)[39m
[90m    at processImmediate (node:internal/timers:459:9)[39m
[90m    at process.callbackTrampoline (node:internal/async_hooks:130:17)[39m
    at validationConfirmationPage [90m(C:\playwright-project\[39msrc\tests\2TipsNoExtraNoSeat.spec.ts:89:3[90m)[39m
    at runWithRetries [90m(C:\playwright-project\[39msrc\tests\2TipsNoExtraNoSeat.spec.ts:120:7[90m)[39m
    at executeTests [90m(C:\playwright-project\[39msrc\tests\2TipsNoExtraNoSeat.spec.ts:220:31[90m)[39m
    at [90mC:\playwright-project\[39msrc\tests\2TipsNoExtraNoSeat.spec.ts:1634:30
    at [90mC:\playwright-project\[39mnode_modules\[4mplaywright[24m\lib\worker\workerMain.js:339:9
    at [90mC:\playwright-project\[39mnode_modules\[4mplaywright[24m\lib\worker\testInfo.js:286:11
    at TimeoutManager.withRunnable [90m(C:\playwright-project\[39mnode_modules\[4mplaywright[24m\lib\worker\timeoutManager.js:64:14[90m)[39m
    at TestInfoImpl._runAsStage [90m(C:\playwright-project\[39mnode_modules\[4mplaywright[24m\lib\worker\testInfo.js:284:7[90m)[39m
    at [90mC:\playwright-project\[39mnode_modules\[4mplaywright[24m\lib\worker\workerMain.js:331:7
    at [90mC:\playwright-project\[39mnode_modules\[4mplaywright[24m\lib\worker\testInfo.js:286:11
    at TimeoutManager.withRunnable [90m(C:\playwright-project\[39mnode_modules\[4mplaywright[24m\lib\worker\timeoutManager.js:52:27[90m)[39m
    at TestInfoImpl._runAsStage [90m(C:\playwright-project\[39mnode_modules\[4mplaywright[24m\lib\worker\testInfo.js:284:7[90m)[39m
    at WorkerMain._runTest [90m(C:\playwright-project\[39mnode_modules\[4mplaywright[24m\lib\worker\workerMain.js:281:5[90m)[39m
    at WorkerMain.runTestGroup [90m(C:\playwright-project\[39mnode_modules\[4mplaywright[24m\lib\worker\workerMain.js:205:11[90m)[39m
    at process.&lt;anonymous&gt; [90m(C:\playwright-project\[39mnode_modules\[4mplaywright[24m\lib\common\process.js:95:22[90m)[39m

</system-err>
</testcase>
<testcase name="34. Compra 1 adt PremComfort - PremComfort - sin assitence › Ejecución completa con reintentos" classname="2TipsNoExtraNoSeat.spec.ts" time="45.097">
<system-out>
Ejecución completa, intento 1 de 5
Ejecutando Booking, intento 1
Ejecutando Booking, intento 2
Fecha de salida seleccionada: { year: [32m'2025'[39m, month: [32m'6'[39m, index: [33m0[39m, value: [33m3[39m }
Fecha de regreso seleccionada: { year: [32m'2025'[39m, month: [32m'6'[39m, index: [33m1[39m, value: [33m5[39m }
Ajustando número de pasajeros
Successfully clicked the element: div.price-cabin:has-text("Premium")
Successfully clicked the element: div.price-cabin:has-text("Premium")
Ejecutando fillPassengerAdult 1, intento 1
Ejecutando fillContact, intento 1
Ejecutando payWithCard, intento 1
Iframe encontrado.
Ejecutando payWithCard, intento 1
Ejecutando payWithCard, intento 2
Ejecutando payWithCard, intento 3

</system-out>
<system-err>
Error al gestionar el flujo de ida y vuelta: locator.click: Error: strict mode violation: getByLabel('Choose Tuesday, April 29th,') resolved to 2 elements:
    1) &lt;div title="" tabindex="-1" role="option" aria-disabled="false" aria-selected="false" aria-label="Choose Tuesday, April 29th, 2025" class="react-datepicker__day react-datepicker__day react-datepicker__day--029"&gt;…&lt;/div&gt; aka getByLabel('Month April,').getByLabel('Choose Tuesday, April 29th,')
    2) &lt;div title="" tabindex="-1" role="option" aria-disabled="false" aria-selected="false" aria-label="Choose Tuesday, April 29th, 2025" class="react-datepicker__day react-datepicker__day react-datepicker__day--029 react-datepicker__day--outside-month"&gt;&lt;/div&gt; aka getByLabel('Month May,').getByLabel('Choose Tuesday, April 29th,')

Call log:
[2m  - waiting for getByLabel('Choose Tuesday, April 29th,')[22m

Intento 1 fallido en Booking: locator.click: Error: strict mode violation: getByLabel('Choose Tuesday, April 29th,') resolved to 2 elements:
    1) &lt;div title="" tabindex="-1" role="option" aria-disabled="false" aria-selected="false" aria-label="Choose Tuesday, April 29th, 2025" class="react-datepicker__day react-datepicker__day react-datepicker__day--029"&gt;…&lt;/div&gt; aka getByLabel('Month April,').getByLabel('Choose Tuesday, April 29th,')
    2) &lt;div title="" tabindex="-1" role="option" aria-disabled="false" aria-selected="false" aria-label="Choose Tuesday, April 29th, 2025" class="react-datepicker__day react-datepicker__day react-datepicker__day--029 react-datepicker__day--outside-month"&gt;&lt;/div&gt; aka getByLabel('Month May,').getByLabel('Choose Tuesday, April 29th,')

Call log:
[2m  - waiting for getByLabel('Choose Tuesday, April 29th,')[22m

    at selectRoundTripDates [90m(C:\playwright-project\[39msrc\page-objects\searchPage.ts:91:56[90m)[39m
    at chooseDate [90m(C:\playwright-project\[39msrc\tests\2TipsNoExtraNoSeat.spec.ts:55:3[90m)[39m
    at global [90m(C:\playwright-project\[39msrc\tests\2TipsNoExtraNoSeat.spec.ts:107:3[90m)[39m
    at runWithRetries [90m(C:\playwright-project\[39msrc\tests\2TipsNoExtraNoSeat.spec.ts:120:7[90m)[39m
    at executeTests [90m(C:\playwright-project\[39msrc\tests\2TipsNoExtraNoSeat.spec.ts:142:27[90m)[39m
    at [90mC:\playwright-project\[39msrc\tests\2TipsNoExtraNoSeat.spec.ts:1676:30 {
  [[32mSymbol(step)[39m]: {
    stepId: [32m'pw:api@29'[39m,
    location: {
      file: [32m'C:\\playwright-project\\src\\page-objects\\searchPage.ts'[39m,
      line: [33m91[39m,
      column: [33m56[39m,
      function: [32m'selectRoundTripDates'[39m
    },
    category: [32m'pw:api'[39m,
    title: [32m"locator.getByLabel('Choose Tuesday, April 29th,').click"[39m,
    apiName: [32m'locator.click'[39m,
    params: {
      selector: [32m'internal:label="Choose Tuesday, April 29th,"i'[39m,
      strict: [33mtrue[39m
    },
    boxedStack: [90mundefined[39m,
    steps: [],
    complete: [36m[Function: complete][39m,
    endWallTime: [33m1736496043845[39m,
    error: {
      message: [32m"Error: locator.click: Error: strict mode violation: getByLabel('Choose Tuesday, April 29th,') resolved to 2 elements:\n"[39m +
        [32m`    1) &lt;div title="" tabindex="-1" role="option" aria-disabled="false" aria-selected="false" aria-label="Choose Tuesday, April 29th, 2025" class="react-datepicker__day react-datepicker__day react-datepicker__day--029"&gt;…&lt;/div&gt; aka getByLabel('Month April,').getByLabel('Choose Tuesday, April 29th,')\n`[39m +
        [32m`    2) &lt;div title="" tabindex="-1" role="option" aria-disabled="false" aria-selected="false" aria-label="Choose Tuesday, April 29th, 2025" class="react-datepicker__day react-datepicker__day react-datepicker__day--029 react-datepicker__day--outside-month"&gt;&lt;/div&gt; aka getByLabel('Month May,').getByLabel('Choose Tuesday, April 29th,')\n`[39m +
        [32m'\n'[39m +
        [32m'Call log:\n'[39m +
        [32m"\x1B[2m  - waiting for getByLabel('Choose Tuesday, April 29th,')\x1B[22m\n"[39m,
      stack: [32m"Error: locator.click: Error: strict mode violation: getByLabel('Choose Tuesday, April 29th,') resolved to 2 elements:\n"[39m +
        [32m`    1) &lt;div title="" tabindex="-1" role="option" aria-disabled="false" aria-selected="false" aria-label="Choose Tuesday, April 29th, 2025" class="react-datepicker__day react-datepicker__day react-datepicker__day--029"&gt;…&lt;/div&gt; aka getByLabel('Month April,').getByLabel('Choose Tuesday, April 29th,')\n`[39m +
        [32m`    2) &lt;div title="" tabindex="-1" role="option" aria-disabled="false" aria-selected="false" aria-label="Choose Tuesday, April 29th, 2025" class="react-datepicker__day react-datepicker__day react-datepicker__day--029 react-datepicker__day--outside-month"&gt;&lt;/div&gt; aka getByLabel('Month May,').getByLabel('Choose Tuesday, April 29th,')\n`[39m +
        [32m'\n'[39m +
        [32m'Call log:\n'[39m +
        [32m"\x1B[2m  - waiting for getByLabel('Choose Tuesday, April 29th,')\x1B[22m\n"[39m +
        [32m'\n'[39m +
        [32m'    at selectRoundTripDates (C:\\playwright-project\\src\\page-objects\\searchPage.ts:91:56)\n'[39m +
        [32m'    at chooseDate (C:\\playwright-project\\src\\tests\\2TipsNoExtraNoSeat.spec.ts:55:3)\n'[39m +
        [32m'    at global (C:\\playwright-project\\src\\tests\\2TipsNoExtraNoSeat.spec.ts:107:3)\n'[39m +
        [32m'    at runWithRetries (C:\\playwright-project\\src\\tests\\2TipsNoExtraNoSeat.spec.ts:120:7)\n'[39m +
        [32m'    at executeTests (C:\\playwright-project\\src\\tests\\2TipsNoExtraNoSeat.spec.ts:142:27)\n'[39m +
        [32m'    at C:\\playwright-project\\src\\tests\\2TipsNoExtraNoSeat.spec.ts:1676:30'[39m,
      cause: [90mundefined[39m
    }
  }
}
Confirmation page validation failed: Flight Summary section not found on confirmation page
Intento 1 fallido en payWithCard: Error: Flight Summary section not found on confirmation page
    at validationConfirmPage [90m(C:\playwright-project\[39msrc\page-objects\confirmation.ts:29:19[90m)[39m
[90m    at runNextTicks (node:internal/process/task_queues:65:5)[39m
[90m    at processImmediate (node:internal/timers:459:9)[39m
[90m    at process.callbackTrampoline (node:internal/async_hooks:130:17)[39m
    at validationConfirmationPage [90m(C:\playwright-project\[39msrc\tests\2TipsNoExtraNoSeat.spec.ts:89:3[90m)[39m
    at runWithRetries [90m(C:\playwright-project\[39msrc\tests\2TipsNoExtraNoSeat.spec.ts:120:7[90m)[39m
    at executeTests [90m(C:\playwright-project\[39msrc\tests\2TipsNoExtraNoSeat.spec.ts:220:31[90m)[39m
    at [90mC:\playwright-project\[39msrc\tests\2TipsNoExtraNoSeat.spec.ts:1676:30
    at [90mC:\playwright-project\[39mnode_modules\[4mplaywright[24m\lib\worker\workerMain.js:339:9
    at [90mC:\playwright-project\[39mnode_modules\[4mplaywright[24m\lib\worker\testInfo.js:286:11
    at TimeoutManager.withRunnable [90m(C:\playwright-project\[39mnode_modules\[4mplaywright[24m\lib\worker\timeoutManager.js:64:14[90m)[39m
    at TestInfoImpl._runAsStage [90m(C:\playwright-project\[39mnode_modules\[4mplaywright[24m\lib\worker\testInfo.js:284:7[90m)[39m
    at [90mC:\playwright-project\[39mnode_modules\[4mplaywright[24m\lib\worker\workerMain.js:331:7
    at [90mC:\playwright-project\[39mnode_modules\[4mplaywright[24m\lib\worker\testInfo.js:286:11
    at TimeoutManager.withRunnable [90m(C:\playwright-project\[39mnode_modules\[4mplaywright[24m\lib\worker\timeoutManager.js:52:27[90m)[39m
    at TestInfoImpl._runAsStage [90m(C:\playwright-project\[39mnode_modules\[4mplaywright[24m\lib\worker\testInfo.js:284:7[90m)[39m
    at WorkerMain._runTest [90m(C:\playwright-project\[39mnode_modules\[4mplaywright[24m\lib\worker\workerMain.js:281:5[90m)[39m
    at WorkerMain.runTestGroup [90m(C:\playwright-project\[39mnode_modules\[4mplaywright[24m\lib\worker\workerMain.js:205:11[90m)[39m
    at process.&lt;anonymous&gt; [90m(C:\playwright-project\[39mnode_modules\[4mplaywright[24m\lib\common\process.js:95:22[90m)[39m
Confirmation page validation failed: Not on confirmation page URL
Intento 2 fallido en payWithCard: Error: Not on confirmation page URL
    at validationConfirmPage [90m(C:\playwright-project\[39msrc\page-objects\confirmation.ts:36:19[90m)[39m
[90m    at runNextTicks (node:internal/process/task_queues:65:5)[39m
[90m    at processImmediate (node:internal/timers:459:9)[39m
[90m    at process.callbackTrampoline (node:internal/async_hooks:130:17)[39m
    at validationConfirmationPage [90m(C:\playwright-project\[39msrc\tests\2TipsNoExtraNoSeat.spec.ts:89:3[90m)[39m
    at runWithRetries [90m(C:\playwright-project\[39msrc\tests\2TipsNoExtraNoSeat.spec.ts:120:7[90m)[39m
    at executeTests [90m(C:\playwright-project\[39msrc\tests\2TipsNoExtraNoSeat.spec.ts:220:31[90m)[39m
    at [90mC:\playwright-project\[39msrc\tests\2TipsNoExtraNoSeat.spec.ts:1676:30
    at [90mC:\playwright-project\[39mnode_modules\[4mplaywright[24m\lib\worker\workerMain.js:339:9
    at [90mC:\playwright-project\[39mnode_modules\[4mplaywright[24m\lib\worker\testInfo.js:286:11
    at TimeoutManager.withRunnable [90m(C:\playwright-project\[39mnode_modules\[4mplaywright[24m\lib\worker\timeoutManager.js:64:14[90m)[39m
    at TestInfoImpl._runAsStage [90m(C:\playwright-project\[39mnode_modules\[4mplaywright[24m\lib\worker\testInfo.js:284:7[90m)[39m
    at [90mC:\playwright-project\[39mnode_modules\[4mplaywright[24m\lib\worker\workerMain.js:331:7
    at [90mC:\playwright-project\[39mnode_modules\[4mplaywright[24m\lib\worker\testInfo.js:286:11
    at TimeoutManager.withRunnable [90m(C:\playwright-project\[39mnode_modules\[4mplaywright[24m\lib\worker\timeoutManager.js:52:27[90m)[39m
    at TestInfoImpl._runAsStage [90m(C:\playwright-project\[39mnode_modules\[4mplaywright[24m\lib\worker\testInfo.js:284:7[90m)[39m
    at WorkerMain._runTest [90m(C:\playwright-project\[39mnode_modules\[4mplaywright[24m\lib\worker\workerMain.js:281:5[90m)[39m
    at WorkerMain.runTestGroup [90m(C:\playwright-project\[39mnode_modules\[4mplaywright[24m\lib\worker\workerMain.js:205:11[90m)[39m
    at process.&lt;anonymous&gt; [90m(C:\playwright-project\[39mnode_modules\[4mplaywright[24m\lib\common\process.js:95:22[90m)[39m

</system-err>
</testcase>
<testcase name="35. Compra 1 adt PremComfort - PremExtra - sin assitence › Ejecución completa con reintentos" classname="2TipsNoExtraNoSeat.spec.ts" time="38.412">
<system-out>
Ejecución completa, intento 1 de 5
Ejecutando Booking, intento 1
Fecha de salida seleccionada: { year: [32m'2025'[39m, month: [32m'5'[39m, index: [33m0[39m, value: [33m1[39m }
Fecha de regreso seleccionada: { year: [32m'2025'[39m, month: [32m'5'[39m, index: [33m1[39m, value: [33m3[39m }
Ajustando número de pasajeros
Successfully clicked the element: div.price-cabin:has-text("Premium")
Successfully clicked the element: div.price-cabin:has-text("Premium")
Ejecutando fillPassengerAdult 1, intento 1
Ejecutando fillContact, intento 1
Ejecutando payWithCard, intento 1
Iframe encontrado.
Ejecutando payWithCard, intento 1
Ejecutando payWithCard, intento 2
Ejecutando payWithCard, intento 3

</system-out>
<system-err>
Confirmation page validation failed: Flight Summary section not found on confirmation page
Intento 1 fallido en payWithCard: Error: Flight Summary section not found on confirmation page
    at validationConfirmPage [90m(C:\playwright-project\[39msrc\page-objects\confirmation.ts:29:19[90m)[39m
[90m    at runNextTicks (node:internal/process/task_queues:65:5)[39m
[90m    at processImmediate (node:internal/timers:459:9)[39m
[90m    at process.callbackTrampoline (node:internal/async_hooks:130:17)[39m
    at validationConfirmationPage [90m(C:\playwright-project\[39msrc\tests\2TipsNoExtraNoSeat.spec.ts:89:3[90m)[39m
    at runWithRetries [90m(C:\playwright-project\[39msrc\tests\2TipsNoExtraNoSeat.spec.ts:120:7[90m)[39m
    at executeTests [90m(C:\playwright-project\[39msrc\tests\2TipsNoExtraNoSeat.spec.ts:220:31[90m)[39m
    at [90mC:\playwright-project\[39msrc\tests\2TipsNoExtraNoSeat.spec.ts:1719:30
    at [90mC:\playwright-project\[39mnode_modules\[4mplaywright[24m\lib\worker\workerMain.js:339:9
    at [90mC:\playwright-project\[39mnode_modules\[4mplaywright[24m\lib\worker\testInfo.js:286:11
    at TimeoutManager.withRunnable [90m(C:\playwright-project\[39mnode_modules\[4mplaywright[24m\lib\worker\timeoutManager.js:64:14[90m)[39m
    at TestInfoImpl._runAsStage [90m(C:\playwright-project\[39mnode_modules\[4mplaywright[24m\lib\worker\testInfo.js:284:7[90m)[39m
    at [90mC:\playwright-project\[39mnode_modules\[4mplaywright[24m\lib\worker\workerMain.js:331:7
    at [90mC:\playwright-project\[39mnode_modules\[4mplaywright[24m\lib\worker\testInfo.js:286:11
    at TimeoutManager.withRunnable [90m(C:\playwright-project\[39mnode_modules\[4mplaywright[24m\lib\worker\timeoutManager.js:52:27[90m)[39m
    at TestInfoImpl._runAsStage [90m(C:\playwright-project\[39mnode_modules\[4mplaywright[24m\lib\worker\testInfo.js:284:7[90m)[39m
    at WorkerMain._runTest [90m(C:\playwright-project\[39mnode_modules\[4mplaywright[24m\lib\worker\workerMain.js:281:5[90m)[39m
    at WorkerMain.runTestGroup [90m(C:\playwright-project\[39mnode_modules\[4mplaywright[24m\lib\worker\workerMain.js:205:11[90m)[39m
    at process.&lt;anonymous&gt; [90m(C:\playwright-project\[39mnode_modules\[4mplaywright[24m\lib\common\process.js:95:22[90m)[39m
Confirmation page validation failed: Not on confirmation page URL
Intento 2 fallido en payWithCard: Error: Not on confirmation page URL
    at validationConfirmPage [90m(C:\playwright-project\[39msrc\page-objects\confirmation.ts:36:19[90m)[39m
    at validationConfirmationPage [90m(C:\playwright-project\[39msrc\tests\2TipsNoExtraNoSeat.spec.ts:89:3[90m)[39m
    at runWithRetries [90m(C:\playwright-project\[39msrc\tests\2TipsNoExtraNoSeat.spec.ts:120:7[90m)[39m
    at executeTests [90m(C:\playwright-project\[39msrc\tests\2TipsNoExtraNoSeat.spec.ts:220:31[90m)[39m
    at [90mC:\playwright-project\[39msrc\tests\2TipsNoExtraNoSeat.spec.ts:1719:30
    at [90mC:\playwright-project\[39mnode_modules\[4mplaywright[24m\lib\worker\workerMain.js:339:9
    at [90mC:\playwright-project\[39mnode_modules\[4mplaywright[24m\lib\worker\testInfo.js:286:11
    at TimeoutManager.withRunnable [90m(C:\playwright-project\[39mnode_modules\[4mplaywright[24m\lib\worker\timeoutManager.js:64:14[90m)[39m
    at TestInfoImpl._runAsStage [90m(C:\playwright-project\[39mnode_modules\[4mplaywright[24m\lib\worker\testInfo.js:284:7[90m)[39m
    at [90mC:\playwright-project\[39mnode_modules\[4mplaywright[24m\lib\worker\workerMain.js:331:7
    at [90mC:\playwright-project\[39mnode_modules\[4mplaywright[24m\lib\worker\testInfo.js:286:11
    at TimeoutManager.withRunnable [90m(C:\playwright-project\[39mnode_modules\[4mplaywright[24m\lib\worker\timeoutManager.js:52:27[90m)[39m
    at TestInfoImpl._runAsStage [90m(C:\playwright-project\[39mnode_modules\[4mplaywright[24m\lib\worker\testInfo.js:284:7[90m)[39m
    at WorkerMain._runTest [90m(C:\playwright-project\[39mnode_modules\[4mplaywright[24m\lib\worker\workerMain.js:281:5[90m)[39m
    at WorkerMain.runTestGroup [90m(C:\playwright-project\[39mnode_modules\[4mplaywright[24m\lib\worker\workerMain.js:205:11[90m)[39m
    at process.&lt;anonymous&gt; [90m(C:\playwright-project\[39mnode_modules\[4mplaywright[24m\lib\common\process.js:95:22[90m)[39m

</system-err>
</testcase>
<testcase name="36. Compra 1 adt PremExtra - Eco Light - sin assitence › Ejecución completa con reintentos" classname="2TipsNoExtraNoSeat.spec.ts" time="41.059">
<system-out>
Ejecución completa, intento 1 de 5
Ejecutando Booking, intento 1
Fecha de salida seleccionada: { year: [32m'2025'[39m, month: [32m'4'[39m, index: [33m5[39m, value: [33m12[39m }
Fecha de regreso seleccionada: { year: [32m'2025'[39m, month: [32m'4'[39m, index: [33m6[39m, value: [33m15[39m }
Ajustando número de pasajeros
Successfully clicked the element: div.price-cabin:has-text("Premium")
Successfully clicked the element: div.price-cabin:has-text("Economy")
Ejecutando fillPassengerAdult 1, intento 1
Ejecutando fillContact, intento 1
Ejecutando payWithCard, intento 1
Iframe encontrado.
Ejecutando payWithCard, intento 1
Ejecutando payWithCard, intento 2
Ejecutando payWithCard, intento 3

</system-out>
<system-err>
Confirmation page validation failed: Flight Summary section not found on confirmation page
Intento 1 fallido en payWithCard: Error: Flight Summary section not found on confirmation page
    at validationConfirmPage [90m(C:\playwright-project\[39msrc\page-objects\confirmation.ts:29:19[90m)[39m
[90m    at runNextTicks (node:internal/process/task_queues:65:5)[39m
[90m    at processImmediate (node:internal/timers:459:9)[39m
[90m    at process.callbackTrampoline (node:internal/async_hooks:130:17)[39m
    at validationConfirmationPage [90m(C:\playwright-project\[39msrc\tests\2TipsNoExtraNoSeat.spec.ts:89:3[90m)[39m
    at runWithRetries [90m(C:\playwright-project\[39msrc\tests\2TipsNoExtraNoSeat.spec.ts:120:7[90m)[39m
    at executeTests [90m(C:\playwright-project\[39msrc\tests\2TipsNoExtraNoSeat.spec.ts:220:31[90m)[39m
    at [90mC:\playwright-project\[39msrc\tests\2TipsNoExtraNoSeat.spec.ts:1761:30
    at [90mC:\playwright-project\[39mnode_modules\[4mplaywright[24m\lib\worker\workerMain.js:339:9
    at [90mC:\playwright-project\[39mnode_modules\[4mplaywright[24m\lib\worker\testInfo.js:286:11
    at TimeoutManager.withRunnable [90m(C:\playwright-project\[39mnode_modules\[4mplaywright[24m\lib\worker\timeoutManager.js:64:14[90m)[39m
    at TestInfoImpl._runAsStage [90m(C:\playwright-project\[39mnode_modules\[4mplaywright[24m\lib\worker\testInfo.js:284:7[90m)[39m
    at [90mC:\playwright-project\[39mnode_modules\[4mplaywright[24m\lib\worker\workerMain.js:331:7
    at [90mC:\playwright-project\[39mnode_modules\[4mplaywright[24m\lib\worker\testInfo.js:286:11
    at TimeoutManager.withRunnable [90m(C:\playwright-project\[39mnode_modules\[4mplaywright[24m\lib\worker\timeoutManager.js:52:27[90m)[39m
    at TestInfoImpl._runAsStage [90m(C:\playwright-project\[39mnode_modules\[4mplaywright[24m\lib\worker\testInfo.js:284:7[90m)[39m
    at WorkerMain._runTest [90m(C:\playwright-project\[39mnode_modules\[4mplaywright[24m\lib\worker\workerMain.js:281:5[90m)[39m
    at WorkerMain.runTestGroup [90m(C:\playwright-project\[39mnode_modules\[4mplaywright[24m\lib\worker\workerMain.js:205:11[90m)[39m
    at process.&lt;anonymous&gt; [90m(C:\playwright-project\[39mnode_modules\[4mplaywright[24m\lib\common\process.js:95:22[90m)[39m
Confirmation page validation failed: Not on confirmation page URL
Intento 2 fallido en payWithCard: Error: Not on confirmation page URL
    at validationConfirmPage [90m(C:\playwright-project\[39msrc\page-objects\confirmation.ts:36:19[90m)[39m
    at validationConfirmationPage [90m(C:\playwright-project\[39msrc\tests\2TipsNoExtraNoSeat.spec.ts:89:3[90m)[39m
    at runWithRetries [90m(C:\playwright-project\[39msrc\tests\2TipsNoExtraNoSeat.spec.ts:120:7[90m)[39m
    at executeTests [90m(C:\playwright-project\[39msrc\tests\2TipsNoExtraNoSeat.spec.ts:220:31[90m)[39m
    at [90mC:\playwright-project\[39msrc\tests\2TipsNoExtraNoSeat.spec.ts:1761:30
    at [90mC:\playwright-project\[39mnode_modules\[4mplaywright[24m\lib\worker\workerMain.js:339:9
    at [90mC:\playwright-project\[39mnode_modules\[4mplaywright[24m\lib\worker\testInfo.js:286:11
    at TimeoutManager.withRunnable [90m(C:\playwright-project\[39mnode_modules\[4mplaywright[24m\lib\worker\timeoutManager.js:64:14[90m)[39m
    at TestInfoImpl._runAsStage [90m(C:\playwright-project\[39mnode_modules\[4mplaywright[24m\lib\worker\testInfo.js:284:7[90m)[39m
    at [90mC:\playwright-project\[39mnode_modules\[4mplaywright[24m\lib\worker\workerMain.js:331:7
    at [90mC:\playwright-project\[39mnode_modules\[4mplaywright[24m\lib\worker\testInfo.js:286:11
    at TimeoutManager.withRunnable [90m(C:\playwright-project\[39mnode_modules\[4mplaywright[24m\lib\worker\timeoutManager.js:52:27[90m)[39m
    at TestInfoImpl._runAsStage [90m(C:\playwright-project\[39mnode_modules\[4mplaywright[24m\lib\worker\testInfo.js:284:7[90m)[39m
    at WorkerMain._runTest [90m(C:\playwright-project\[39mnode_modules\[4mplaywright[24m\lib\worker\workerMain.js:281:5[90m)[39m
    at WorkerMain.runTestGroup [90m(C:\playwright-project\[39mnode_modules\[4mplaywright[24m\lib\worker\workerMain.js:205:11[90m)[39m
    at process.&lt;anonymous&gt; [90m(C:\playwright-project\[39mnode_modules\[4mplaywright[24m\lib\common\process.js:95:22[90m)[39m

</system-err>
</testcase>
<testcase name="37. Compra 1 adt PremExtra - Eco Comfort - sin assitence › Ejecución completa con reintentos" classname="2TipsNoExtraNoSeat.spec.ts" time="40.66">
<system-out>
Ejecución completa, intento 1 de 5
Ejecutando Booking, intento 1
Fecha de salida seleccionada: { year: [32m'2025'[39m, month: [32m'4'[39m, index: [33m9[39m, value: [33m22[39m }
Fecha de regreso seleccionada: { year: [32m'2025'[39m, month: [32m'4'[39m, index: [33m10[39m, value: [33m24[39m }
Ajustando número de pasajeros
Successfully clicked the element: div.price-cabin:has-text("Premium")
Successfully clicked the element: div.price-cabin:has-text("Economy")
Ejecutando fillPassengerAdult 1, intento 1
Ejecutando fillContact, intento 1
Ejecutando payWithCard, intento 1
Iframe encontrado.
Ejecutando payWithCard, intento 1
Ejecutando payWithCard, intento 2
Ejecutando payWithCard, intento 3

</system-out>
<system-err>
Confirmation page validation failed: Flight Summary section not found on confirmation page
Intento 1 fallido en payWithCard: Error: Flight Summary section not found on confirmation page
    at validationConfirmPage [90m(C:\playwright-project\[39msrc\page-objects\confirmation.ts:29:19[90m)[39m
[90m    at runNextTicks (node:internal/process/task_queues:65:5)[39m
[90m    at processImmediate (node:internal/timers:459:9)[39m
[90m    at process.callbackTrampoline (node:internal/async_hooks:130:17)[39m
    at validationConfirmationPage [90m(C:\playwright-project\[39msrc\tests\2TipsNoExtraNoSeat.spec.ts:89:3[90m)[39m
    at runWithRetries [90m(C:\playwright-project\[39msrc\tests\2TipsNoExtraNoSeat.spec.ts:120:7[90m)[39m
    at executeTests [90m(C:\playwright-project\[39msrc\tests\2TipsNoExtraNoSeat.spec.ts:220:31[90m)[39m
    at [90mC:\playwright-project\[39msrc\tests\2TipsNoExtraNoSeat.spec.ts:1804:30
    at [90mC:\playwright-project\[39mnode_modules\[4mplaywright[24m\lib\worker\workerMain.js:339:9
    at [90mC:\playwright-project\[39mnode_modules\[4mplaywright[24m\lib\worker\testInfo.js:286:11
    at TimeoutManager.withRunnable [90m(C:\playwright-project\[39mnode_modules\[4mplaywright[24m\lib\worker\timeoutManager.js:64:14[90m)[39m
    at TestInfoImpl._runAsStage [90m(C:\playwright-project\[39mnode_modules\[4mplaywright[24m\lib\worker\testInfo.js:284:7[90m)[39m
    at [90mC:\playwright-project\[39mnode_modules\[4mplaywright[24m\lib\worker\workerMain.js:331:7
    at [90mC:\playwright-project\[39mnode_modules\[4mplaywright[24m\lib\worker\testInfo.js:286:11
    at TimeoutManager.withRunnable [90m(C:\playwright-project\[39mnode_modules\[4mplaywright[24m\lib\worker\timeoutManager.js:52:27[90m)[39m
    at TestInfoImpl._runAsStage [90m(C:\playwright-project\[39mnode_modules\[4mplaywright[24m\lib\worker\testInfo.js:284:7[90m)[39m
    at WorkerMain._runTest [90m(C:\playwright-project\[39mnode_modules\[4mplaywright[24m\lib\worker\workerMain.js:281:5[90m)[39m
    at WorkerMain.runTestGroup [90m(C:\playwright-project\[39mnode_modules\[4mplaywright[24m\lib\worker\workerMain.js:205:11[90m)[39m
    at process.&lt;anonymous&gt; [90m(C:\playwright-project\[39mnode_modules\[4mplaywright[24m\lib\common\process.js:95:22[90m)[39m
Confirmation page validation failed: Not on confirmation page URL
Intento 2 fallido en payWithCard: Error: Not on confirmation page URL
    at validationConfirmPage [90m(C:\playwright-project\[39msrc\page-objects\confirmation.ts:36:19[90m)[39m
[90m    at runNextTicks (node:internal/process/task_queues:65:5)[39m
[90m    at processImmediate (node:internal/timers:459:9)[39m
[90m    at process.callbackTrampoline (node:internal/async_hooks:130:17)[39m
    at validationConfirmationPage [90m(C:\playwright-project\[39msrc\tests\2TipsNoExtraNoSeat.spec.ts:89:3[90m)[39m
    at runWithRetries [90m(C:\playwright-project\[39msrc\tests\2TipsNoExtraNoSeat.spec.ts:120:7[90m)[39m
    at executeTests [90m(C:\playwright-project\[39msrc\tests\2TipsNoExtraNoSeat.spec.ts:220:31[90m)[39m
    at [90mC:\playwright-project\[39msrc\tests\2TipsNoExtraNoSeat.spec.ts:1804:30
    at [90mC:\playwright-project\[39mnode_modules\[4mplaywright[24m\lib\worker\workerMain.js:339:9
    at [90mC:\playwright-project\[39mnode_modules\[4mplaywright[24m\lib\worker\testInfo.js:286:11
    at TimeoutManager.withRunnable [90m(C:\playwright-project\[39mnode_modules\[4mplaywright[24m\lib\worker\timeoutManager.js:64:14[90m)[39m
    at TestInfoImpl._runAsStage [90m(C:\playwright-project\[39mnode_modules\[4mplaywright[24m\lib\worker\testInfo.js:284:7[90m)[39m
    at [90mC:\playwright-project\[39mnode_modules\[4mplaywright[24m\lib\worker\workerMain.js:331:7
    at [90mC:\playwright-project\[39mnode_modules\[4mplaywright[24m\lib\worker\testInfo.js:286:11
    at TimeoutManager.withRunnable [90m(C:\playwright-project\[39mnode_modules\[4mplaywright[24m\lib\worker\timeoutManager.js:52:27[90m)[39m
    at TestInfoImpl._runAsStage [90m(C:\playwright-project\[39mnode_modules\[4mplaywright[24m\lib\worker\testInfo.js:284:7[90m)[39m
    at WorkerMain._runTest [90m(C:\playwright-project\[39mnode_modules\[4mplaywright[24m\lib\worker\workerMain.js:281:5[90m)[39m
    at WorkerMain.runTestGroup [90m(C:\playwright-project\[39mnode_modules\[4mplaywright[24m\lib\worker\workerMain.js:205:11[90m)[39m
    at process.&lt;anonymous&gt; [90m(C:\playwright-project\[39mnode_modules\[4mplaywright[24m\lib\common\process.js:95:22[90m)[39m

</system-err>
</testcase>
<testcase name="38. Compra 1 adt PremExtra - Eco Extra - sin assitence › Ejecución completa con reintentos" classname="2TipsNoExtraNoSeat.spec.ts" time="37.032">
<system-out>
Ejecución completa, intento 1 de 5
Ejecutando Booking, intento 1
Fecha de salida seleccionada: { year: [32m'2025'[39m, month: [32m'5'[39m, index: [33m9[39m, value: [33m22[39m }
Fecha de regreso seleccionada: { year: [32m'2025'[39m, month: [32m'5'[39m, index: [33m10[39m, value: [33m24[39m }
Ajustando número de pasajeros
Successfully clicked the element: div.price-cabin:has-text("Premium")
Successfully clicked the element: div.price-cabin:has-text("Economy")
Ejecutando fillPassengerAdult 1, intento 1
Ejecutando fillContact, intento 1
Ejecutando payWithCard, intento 1
Iframe encontrado.
Ejecutando payWithCard, intento 1
Ejecutando payWithCard, intento 2
Ejecutando payWithCard, intento 3

</system-out>
<system-err>
Confirmation page validation failed: Flight Summary section not found on confirmation page
Intento 1 fallido en payWithCard: Error: Flight Summary section not found on confirmation page
    at validationConfirmPage [90m(C:\playwright-project\[39msrc\page-objects\confirmation.ts:29:19[90m)[39m
[90m    at runNextTicks (node:internal/process/task_queues:65:5)[39m
[90m    at processImmediate (node:internal/timers:459:9)[39m
[90m    at process.callbackTrampoline (node:internal/async_hooks:130:17)[39m
    at validationConfirmationPage [90m(C:\playwright-project\[39msrc\tests\2TipsNoExtraNoSeat.spec.ts:89:3[90m)[39m
    at runWithRetries [90m(C:\playwright-project\[39msrc\tests\2TipsNoExtraNoSeat.spec.ts:120:7[90m)[39m
    at executeTests [90m(C:\playwright-project\[39msrc\tests\2TipsNoExtraNoSeat.spec.ts:220:31[90m)[39m
    at [90mC:\playwright-project\[39msrc\tests\2TipsNoExtraNoSeat.spec.ts:1847:30
    at [90mC:\playwright-project\[39mnode_modules\[4mplaywright[24m\lib\worker\workerMain.js:339:9
    at [90mC:\playwright-project\[39mnode_modules\[4mplaywright[24m\lib\worker\testInfo.js:286:11
    at TimeoutManager.withRunnable [90m(C:\playwright-project\[39mnode_modules\[4mplaywright[24m\lib\worker\timeoutManager.js:64:14[90m)[39m
    at TestInfoImpl._runAsStage [90m(C:\playwright-project\[39mnode_modules\[4mplaywright[24m\lib\worker\testInfo.js:284:7[90m)[39m
    at [90mC:\playwright-project\[39mnode_modules\[4mplaywright[24m\lib\worker\workerMain.js:331:7
    at [90mC:\playwright-project\[39mnode_modules\[4mplaywright[24m\lib\worker\testInfo.js:286:11
    at TimeoutManager.withRunnable [90m(C:\playwright-project\[39mnode_modules\[4mplaywright[24m\lib\worker\timeoutManager.js:52:27[90m)[39m
    at TestInfoImpl._runAsStage [90m(C:\playwright-project\[39mnode_modules\[4mplaywright[24m\lib\worker\testInfo.js:284:7[90m)[39m
    at WorkerMain._runTest [90m(C:\playwright-project\[39mnode_modules\[4mplaywright[24m\lib\worker\workerMain.js:281:5[90m)[39m
    at WorkerMain.runTestGroup [90m(C:\playwright-project\[39mnode_modules\[4mplaywright[24m\lib\worker\workerMain.js:205:11[90m)[39m
    at process.&lt;anonymous&gt; [90m(C:\playwright-project\[39mnode_modules\[4mplaywright[24m\lib\common\process.js:95:22[90m)[39m
Confirmation page validation failed: Not on confirmation page URL
Intento 2 fallido en payWithCard: Error: Not on confirmation page URL
    at validationConfirmPage [90m(C:\playwright-project\[39msrc\page-objects\confirmation.ts:36:19[90m)[39m
[90m    at runNextTicks (node:internal/process/task_queues:65:5)[39m
[90m    at processImmediate (node:internal/timers:459:9)[39m
[90m    at process.callbackTrampoline (node:internal/async_hooks:130:17)[39m
    at validationConfirmationPage [90m(C:\playwright-project\[39msrc\tests\2TipsNoExtraNoSeat.spec.ts:89:3[90m)[39m
    at runWithRetries [90m(C:\playwright-project\[39msrc\tests\2TipsNoExtraNoSeat.spec.ts:120:7[90m)[39m
    at executeTests [90m(C:\playwright-project\[39msrc\tests\2TipsNoExtraNoSeat.spec.ts:220:31[90m)[39m
    at [90mC:\playwright-project\[39msrc\tests\2TipsNoExtraNoSeat.spec.ts:1847:30
    at [90mC:\playwright-project\[39mnode_modules\[4mplaywright[24m\lib\worker\workerMain.js:339:9
    at [90mC:\playwright-project\[39mnode_modules\[4mplaywright[24m\lib\worker\testInfo.js:286:11
    at TimeoutManager.withRunnable [90m(C:\playwright-project\[39mnode_modules\[4mplaywright[24m\lib\worker\timeoutManager.js:64:14[90m)[39m
    at TestInfoImpl._runAsStage [90m(C:\playwright-project\[39mnode_modules\[4mplaywright[24m\lib\worker\testInfo.js:284:7[90m)[39m
    at [90mC:\playwright-project\[39mnode_modules\[4mplaywright[24m\lib\worker\workerMain.js:331:7
    at [90mC:\playwright-project\[39mnode_modules\[4mplaywright[24m\lib\worker\testInfo.js:286:11
    at TimeoutManager.withRunnable [90m(C:\playwright-project\[39mnode_modules\[4mplaywright[24m\lib\worker\timeoutManager.js:52:27[90m)[39m
    at TestInfoImpl._runAsStage [90m(C:\playwright-project\[39mnode_modules\[4mplaywright[24m\lib\worker\testInfo.js:284:7[90m)[39m
    at WorkerMain._runTest [90m(C:\playwright-project\[39mnode_modules\[4mplaywright[24m\lib\worker\workerMain.js:281:5[90m)[39m
    at WorkerMain.runTestGroup [90m(C:\playwright-project\[39mnode_modules\[4mplaywright[24m\lib\worker\workerMain.js:205:11[90m)[39m
    at process.&lt;anonymous&gt; [90m(C:\playwright-project\[39mnode_modules\[4mplaywright[24m\lib\common\process.js:95:22[90m)[39m

</system-err>
</testcase>
<testcase name="39. Compra 1 adt PremExtra - PremLight - sin assitence › Ejecución completa con reintentos" classname="2TipsNoExtraNoSeat.spec.ts" time="45.767">
<system-out>
Ejecución completa, intento 1 de 5
Ejecutando Booking, intento 1
Fecha de salida seleccionada: { year: [32m'2025'[39m, month: [32m'5'[39m, index: [33m8[39m, value: [33m20[39m }
Fecha de regreso seleccionada: { year: [32m'2025'[39m, month: [32m'5'[39m, index: [33m9[39m, value: [33m22[39m }
Ajustando número de pasajeros
Successfully clicked the element: div.price-cabin:has-text("Premium")
Successfully clicked the element: div.price-cabin:has-text("Premium")
Ejecutando fillPassengerAdult 1, intento 1
Ejecutando fillContact, intento 1
Ejecutando payWithCard, intento 1
Iframe encontrado.
Ejecutando payWithCard, intento 1
Ejecutando payWithCard, intento 2
Ejecutando payWithCard, intento 3

</system-out>
<system-err>
Confirmation page validation failed: Flight Summary section not found on confirmation page
Intento 1 fallido en payWithCard: Error: Flight Summary section not found on confirmation page
    at validationConfirmPage [90m(C:\playwright-project\[39msrc\page-objects\confirmation.ts:29:19[90m)[39m
[90m    at runNextTicks (node:internal/process/task_queues:65:5)[39m
[90m    at processImmediate (node:internal/timers:459:9)[39m
[90m    at process.callbackTrampoline (node:internal/async_hooks:130:17)[39m
    at validationConfirmationPage [90m(C:\playwright-project\[39msrc\tests\2TipsNoExtraNoSeat.spec.ts:89:3[90m)[39m
    at runWithRetries [90m(C:\playwright-project\[39msrc\tests\2TipsNoExtraNoSeat.spec.ts:120:7[90m)[39m
    at executeTests [90m(C:\playwright-project\[39msrc\tests\2TipsNoExtraNoSeat.spec.ts:220:31[90m)[39m
    at [90mC:\playwright-project\[39msrc\tests\2TipsNoExtraNoSeat.spec.ts:1890:30
    at [90mC:\playwright-project\[39mnode_modules\[4mplaywright[24m\lib\worker\workerMain.js:339:9
    at [90mC:\playwright-project\[39mnode_modules\[4mplaywright[24m\lib\worker\testInfo.js:286:11
    at TimeoutManager.withRunnable [90m(C:\playwright-project\[39mnode_modules\[4mplaywright[24m\lib\worker\timeoutManager.js:64:14[90m)[39m
    at TestInfoImpl._runAsStage [90m(C:\playwright-project\[39mnode_modules\[4mplaywright[24m\lib\worker\testInfo.js:284:7[90m)[39m
    at [90mC:\playwright-project\[39mnode_modules\[4mplaywright[24m\lib\worker\workerMain.js:331:7
    at [90mC:\playwright-project\[39mnode_modules\[4mplaywright[24m\lib\worker\testInfo.js:286:11
    at TimeoutManager.withRunnable [90m(C:\playwright-project\[39mnode_modules\[4mplaywright[24m\lib\worker\timeoutManager.js:52:27[90m)[39m
    at TestInfoImpl._runAsStage [90m(C:\playwright-project\[39mnode_modules\[4mplaywright[24m\lib\worker\testInfo.js:284:7[90m)[39m
    at WorkerMain._runTest [90m(C:\playwright-project\[39mnode_modules\[4mplaywright[24m\lib\worker\workerMain.js:281:5[90m)[39m
    at WorkerMain.runTestGroup [90m(C:\playwright-project\[39mnode_modules\[4mplaywright[24m\lib\worker\workerMain.js:205:11[90m)[39m
    at process.&lt;anonymous&gt; [90m(C:\playwright-project\[39mnode_modules\[4mplaywright[24m\lib\common\process.js:95:22[90m)[39m
Confirmation page validation failed: Not on confirmation page URL
Intento 2 fallido en payWithCard: Error: Not on confirmation page URL
    at validationConfirmPage [90m(C:\playwright-project\[39msrc\page-objects\confirmation.ts:36:19[90m)[39m
    at validationConfirmationPage [90m(C:\playwright-project\[39msrc\tests\2TipsNoExtraNoSeat.spec.ts:89:3[90m)[39m
    at runWithRetries [90m(C:\playwright-project\[39msrc\tests\2TipsNoExtraNoSeat.spec.ts:120:7[90m)[39m
    at executeTests [90m(C:\playwright-project\[39msrc\tests\2TipsNoExtraNoSeat.spec.ts:220:31[90m)[39m
    at [90mC:\playwright-project\[39msrc\tests\2TipsNoExtraNoSeat.spec.ts:1890:30
    at [90mC:\playwright-project\[39mnode_modules\[4mplaywright[24m\lib\worker\workerMain.js:339:9
    at [90mC:\playwright-project\[39mnode_modules\[4mplaywright[24m\lib\worker\testInfo.js:286:11
    at TimeoutManager.withRunnable [90m(C:\playwright-project\[39mnode_modules\[4mplaywright[24m\lib\worker\timeoutManager.js:64:14[90m)[39m
    at TestInfoImpl._runAsStage [90m(C:\playwright-project\[39mnode_modules\[4mplaywright[24m\lib\worker\testInfo.js:284:7[90m)[39m
    at [90mC:\playwright-project\[39mnode_modules\[4mplaywright[24m\lib\worker\workerMain.js:331:7
    at [90mC:\playwright-project\[39mnode_modules\[4mplaywright[24m\lib\worker\testInfo.js:286:11
    at TimeoutManager.withRunnable [90m(C:\playwright-project\[39mnode_modules\[4mplaywright[24m\lib\worker\timeoutManager.js:52:27[90m)[39m
    at TestInfoImpl._runAsStage [90m(C:\playwright-project\[39mnode_modules\[4mplaywright[24m\lib\worker\testInfo.js:284:7[90m)[39m
    at WorkerMain._runTest [90m(C:\playwright-project\[39mnode_modules\[4mplaywright[24m\lib\worker\workerMain.js:281:5[90m)[39m
    at WorkerMain.runTestGroup [90m(C:\playwright-project\[39mnode_modules\[4mplaywright[24m\lib\worker\workerMain.js:205:11[90m)[39m
    at process.&lt;anonymous&gt; [90m(C:\playwright-project\[39mnode_modules\[4mplaywright[24m\lib\common\process.js:95:22[90m)[39m

</system-err>
</testcase>
<testcase name="40. Compra 1 adt PremExtra - PremComfort - sin assitence › Ejecución completa con reintentos" classname="2TipsNoExtraNoSeat.spec.ts" time="39.732">
<system-out>
Ejecución completa, intento 1 de 5
Ejecutando Booking, intento 1
Fecha de salida seleccionada: { year: [32m'2025'[39m, month: [32m'5'[39m, index: [33m12[39m, value: [33m29[39m }
Fecha de regreso seleccionada: { year: [32m'2025'[39m, month: [32m'5'[39m, index: [33m13[39m, value: [33m31[39m }
Ajustando número de pasajeros
Successfully clicked the element: div.price-cabin:has-text("Premium")
Successfully clicked the element: div.price-cabin:has-text("Premium")
Ejecutando fillPassengerAdult 1, intento 1
Ejecutando fillContact, intento 1
Ejecutando payWithCard, intento 1
Iframe encontrado.
Ejecutando payWithCard, intento 1
Ejecutando payWithCard, intento 2
Ejecutando payWithCard, intento 3

</system-out>
<system-err>
Confirmation page validation failed: Flight Summary section not found on confirmation page
Intento 1 fallido en payWithCard: Error: Flight Summary section not found on confirmation page
    at validationConfirmPage [90m(C:\playwright-project\[39msrc\page-objects\confirmation.ts:29:19[90m)[39m
[90m    at runNextTicks (node:internal/process/task_queues:65:5)[39m
[90m    at processImmediate (node:internal/timers:459:9)[39m
[90m    at process.callbackTrampoline (node:internal/async_hooks:130:17)[39m
    at validationConfirmationPage [90m(C:\playwright-project\[39msrc\tests\2TipsNoExtraNoSeat.spec.ts:89:3[90m)[39m
    at runWithRetries [90m(C:\playwright-project\[39msrc\tests\2TipsNoExtraNoSeat.spec.ts:120:7[90m)[39m
    at executeTests [90m(C:\playwright-project\[39msrc\tests\2TipsNoExtraNoSeat.spec.ts:220:31[90m)[39m
    at [90mC:\playwright-project\[39msrc\tests\2TipsNoExtraNoSeat.spec.ts:1932:30
    at [90mC:\playwright-project\[39mnode_modules\[4mplaywright[24m\lib\worker\workerMain.js:339:9
    at [90mC:\playwright-project\[39mnode_modules\[4mplaywright[24m\lib\worker\testInfo.js:286:11
    at TimeoutManager.withRunnable [90m(C:\playwright-project\[39mnode_modules\[4mplaywright[24m\lib\worker\timeoutManager.js:64:14[90m)[39m
    at TestInfoImpl._runAsStage [90m(C:\playwright-project\[39mnode_modules\[4mplaywright[24m\lib\worker\testInfo.js:284:7[90m)[39m
    at [90mC:\playwright-project\[39mnode_modules\[4mplaywright[24m\lib\worker\workerMain.js:331:7
    at [90mC:\playwright-project\[39mnode_modules\[4mplaywright[24m\lib\worker\testInfo.js:286:11
    at TimeoutManager.withRunnable [90m(C:\playwright-project\[39mnode_modules\[4mplaywright[24m\lib\worker\timeoutManager.js:52:27[90m)[39m
    at TestInfoImpl._runAsStage [90m(C:\playwright-project\[39mnode_modules\[4mplaywright[24m\lib\worker\testInfo.js:284:7[90m)[39m
    at WorkerMain._runTest [90m(C:\playwright-project\[39mnode_modules\[4mplaywright[24m\lib\worker\workerMain.js:281:5[90m)[39m
    at WorkerMain.runTestGroup [90m(C:\playwright-project\[39mnode_modules\[4mplaywright[24m\lib\worker\workerMain.js:205:11[90m)[39m
    at process.&lt;anonymous&gt; [90m(C:\playwright-project\[39mnode_modules\[4mplaywright[24m\lib\common\process.js:95:22[90m)[39m
Confirmation page validation failed: Not on confirmation page URL
Intento 2 fallido en payWithCard: Error: Not on confirmation page URL
    at validationConfirmPage [90m(C:\playwright-project\[39msrc\page-objects\confirmation.ts:36:19[90m)[39m
    at validationConfirmationPage [90m(C:\playwright-project\[39msrc\tests\2TipsNoExtraNoSeat.spec.ts:89:3[90m)[39m
    at runWithRetries [90m(C:\playwright-project\[39msrc\tests\2TipsNoExtraNoSeat.spec.ts:120:7[90m)[39m
    at executeTests [90m(C:\playwright-project\[39msrc\tests\2TipsNoExtraNoSeat.spec.ts:220:31[90m)[39m
    at [90mC:\playwright-project\[39msrc\tests\2TipsNoExtraNoSeat.spec.ts:1932:30
    at [90mC:\playwright-project\[39mnode_modules\[4mplaywright[24m\lib\worker\workerMain.js:339:9
    at [90mC:\playwright-project\[39mnode_modules\[4mplaywright[24m\lib\worker\testInfo.js:286:11
    at TimeoutManager.withRunnable [90m(C:\playwright-project\[39mnode_modules\[4mplaywright[24m\lib\worker\timeoutManager.js:64:14[90m)[39m
    at TestInfoImpl._runAsStage [90m(C:\playwright-project\[39mnode_modules\[4mplaywright[24m\lib\worker\testInfo.js:284:7[90m)[39m
    at [90mC:\playwright-project\[39mnode_modules\[4mplaywright[24m\lib\worker\workerMain.js:331:7
    at [90mC:\playwright-project\[39mnode_modules\[4mplaywright[24m\lib\worker\testInfo.js:286:11
    at TimeoutManager.withRunnable [90m(C:\playwright-project\[39mnode_modules\[4mplaywright[24m\lib\worker\timeoutManager.js:52:27[90m)[39m
    at TestInfoImpl._runAsStage [90m(C:\playwright-project\[39mnode_modules\[4mplaywright[24m\lib\worker\testInfo.js:284:7[90m)[39m
    at WorkerMain._runTest [90m(C:\playwright-project\[39mnode_modules\[4mplaywright[24m\lib\worker\workerMain.js:281:5[90m)[39m
    at WorkerMain.runTestGroup [90m(C:\playwright-project\[39mnode_modules\[4mplaywright[24m\lib\worker\workerMain.js:205:11[90m)[39m
    at process.&lt;anonymous&gt; [90m(C:\playwright-project\[39mnode_modules\[4mplaywright[24m\lib\common\process.js:95:22[90m)[39m

</system-err>
</testcase>
<testcase name="41. Compra 1 adt PremExtra - PremExtra - sin assitence › Ejecución completa con reintentos" classname="2TipsNoExtraNoSeat.spec.ts" time="44.388">
<system-out>
Ejecución completa, intento 1 de 5
Ejecutando Booking, intento 1
Fecha de salida seleccionada: { year: [32m'2025'[39m, month: [32m'5'[39m, index: [33m9[39m, value: [33m22[39m }
Fecha de regreso seleccionada: { year: [32m'2025'[39m, month: [32m'5'[39m, index: [33m10[39m, value: [33m24[39m }
Ajustando número de pasajeros
Successfully clicked the element: div.price-cabin:has-text("Premium")
Successfully clicked the element: div.price-cabin:has-text("Premium")
Ejecutando fillPassengerAdult 1, intento 1
Ejecutando fillContact, intento 1
Ejecutando payWithCard, intento 1
Iframe encontrado.
Ejecutando payWithCard, intento 1
Ejecutando payWithCard, intento 2
Ejecutando payWithCard, intento 3

</system-out>
<system-err>
Confirmation page validation failed: Flight Summary section not found on confirmation page
Intento 1 fallido en payWithCard: Error: Flight Summary section not found on confirmation page
    at validationConfirmPage [90m(C:\playwright-project\[39msrc\page-objects\confirmation.ts:29:19[90m)[39m
[90m    at runNextTicks (node:internal/process/task_queues:65:5)[39m
[90m    at processImmediate (node:internal/timers:459:9)[39m
[90m    at process.callbackTrampoline (node:internal/async_hooks:130:17)[39m
    at validationConfirmationPage [90m(C:\playwright-project\[39msrc\tests\2TipsNoExtraNoSeat.spec.ts:89:3[90m)[39m
    at runWithRetries [90m(C:\playwright-project\[39msrc\tests\2TipsNoExtraNoSeat.spec.ts:120:7[90m)[39m
    at executeTests [90m(C:\playwright-project\[39msrc\tests\2TipsNoExtraNoSeat.spec.ts:220:31[90m)[39m
    at [90mC:\playwright-project\[39msrc\tests\2TipsNoExtraNoSeat.spec.ts:1974:30
    at [90mC:\playwright-project\[39mnode_modules\[4mplaywright[24m\lib\worker\workerMain.js:339:9
    at [90mC:\playwright-project\[39mnode_modules\[4mplaywright[24m\lib\worker\testInfo.js:286:11
    at TimeoutManager.withRunnable [90m(C:\playwright-project\[39mnode_modules\[4mplaywright[24m\lib\worker\timeoutManager.js:64:14[90m)[39m
    at TestInfoImpl._runAsStage [90m(C:\playwright-project\[39mnode_modules\[4mplaywright[24m\lib\worker\testInfo.js:284:7[90m)[39m
    at [90mC:\playwright-project\[39mnode_modules\[4mplaywright[24m\lib\worker\workerMain.js:331:7
    at [90mC:\playwright-project\[39mnode_modules\[4mplaywright[24m\lib\worker\testInfo.js:286:11
    at TimeoutManager.withRunnable [90m(C:\playwright-project\[39mnode_modules\[4mplaywright[24m\lib\worker\timeoutManager.js:52:27[90m)[39m
    at TestInfoImpl._runAsStage [90m(C:\playwright-project\[39mnode_modules\[4mplaywright[24m\lib\worker\testInfo.js:284:7[90m)[39m
    at WorkerMain._runTest [90m(C:\playwright-project\[39mnode_modules\[4mplaywright[24m\lib\worker\workerMain.js:281:5[90m)[39m
    at WorkerMain.runTestGroup [90m(C:\playwright-project\[39mnode_modules\[4mplaywright[24m\lib\worker\workerMain.js:205:11[90m)[39m
    at process.&lt;anonymous&gt; [90m(C:\playwright-project\[39mnode_modules\[4mplaywright[24m\lib\common\process.js:95:22[90m)[39m
Confirmation page validation failed: Not on confirmation page URL
Intento 2 fallido en payWithCard: Error: Not on confirmation page URL
    at validationConfirmPage [90m(C:\playwright-project\[39msrc\page-objects\confirmation.ts:36:19[90m)[39m
    at validationConfirmationPage [90m(C:\playwright-project\[39msrc\tests\2TipsNoExtraNoSeat.spec.ts:89:3[90m)[39m
    at runWithRetries [90m(C:\playwright-project\[39msrc\tests\2TipsNoExtraNoSeat.spec.ts:120:7[90m)[39m
    at executeTests [90m(C:\playwright-project\[39msrc\tests\2TipsNoExtraNoSeat.spec.ts:220:31[90m)[39m
    at [90mC:\playwright-project\[39msrc\tests\2TipsNoExtraNoSeat.spec.ts:1974:30
    at [90mC:\playwright-project\[39mnode_modules\[4mplaywright[24m\lib\worker\workerMain.js:339:9
    at [90mC:\playwright-project\[39mnode_modules\[4mplaywright[24m\lib\worker\testInfo.js:286:11
    at TimeoutManager.withRunnable [90m(C:\playwright-project\[39mnode_modules\[4mplaywright[24m\lib\worker\timeoutManager.js:64:14[90m)[39m
    at TestInfoImpl._runAsStage [90m(C:\playwright-project\[39mnode_modules\[4mplaywright[24m\lib\worker\testInfo.js:284:7[90m)[39m
    at [90mC:\playwright-project\[39mnode_modules\[4mplaywright[24m\lib\worker\workerMain.js:331:7
    at [90mC:\playwright-project\[39mnode_modules\[4mplaywright[24m\lib\worker\testInfo.js:286:11
    at TimeoutManager.withRunnable [90m(C:\playwright-project\[39mnode_modules\[4mplaywright[24m\lib\worker\timeoutManager.js:52:27[90m)[39m
    at TestInfoImpl._runAsStage [90m(C:\playwright-project\[39mnode_modules\[4mplaywright[24m\lib\worker\testInfo.js:284:7[90m)[39m
    at WorkerMain._runTest [90m(C:\playwright-project\[39mnode_modules\[4mplaywright[24m\lib\worker\workerMain.js:281:5[90m)[39m
    at WorkerMain.runTestGroup [90m(C:\playwright-project\[39mnode_modules\[4mplaywright[24m\lib\worker\workerMain.js:205:11[90m)[39m
    at process.&lt;anonymous&gt; [90m(C:\playwright-project\[39mnode_modules\[4mplaywright[24m\lib\common\process.js:95:22[90m)[39m

</system-err>
</testcase>
</testsuite>
<testsuite name="2TripExtraSeat.spec.ts" timestamp="2025-01-10T07:49:57.224Z" hostname="chromium" tests="1" failures="1" skipped="0" time="360.129" errors="0">
<testcase name="1 Adt EcoLight - sin assitence › Ejecución completa con reintentos" classname="2TripExtraSeat.spec.ts" time="79.66">
<system-out>
Ejecución completa, intento 1 de 5
Ejecutando Booking, intento 1
Fecha de salida seleccionada: { year: [32m'2025'[39m, month: [32m'6'[39m, index: [33m3[39m, value: [33m10[39m }
Fecha de regreso seleccionada: { year: [32m'2025'[39m, month: [32m'6'[39m, index: [33m4[39m, value: [33m12[39m }
Ajustando número de pasajeros
Successfully clicked the element: div.price-cabin:has-text("Economy")
Successfully clicked the element: div.price-cabin:has-text("Economy")
Ejecutando fillPassengerAdult 1, intento 1
Ejecutando fillContact, intento 1
Ejecutando fillSeat, intento 1
Asiento ida: 10A
Asiento vuelta: 8A
Ejecutando extraBaggage, intento 1
Ejecutando payWithCard, intento 1
Iframe encontrado.
Ejecutando payWithCard, intento 1
Ejecutando payWithCard, intento 2
Ejecutando payWithCard, intento 3

</system-out>
<system-err>
Confirmation page validation failed: Flight Summary section not found on confirmation page
Intento 1 fallido en payWithCard: Error: Flight Summary section not found on confirmation page
    at validationConfirmPage [90m(C:\playwright-project\[39msrc\page-objects\confirmation.ts:29:19[90m)[39m
[90m    at runNextTicks (node:internal/process/task_queues:65:5)[39m
[90m    at processImmediate (node:internal/timers:459:9)[39m
[90m    at process.callbackTrampoline (node:internal/async_hooks:130:17)[39m
    at validationConfirmationPage [90m(C:\playwright-project\[39msrc\tests\2TripExtraSeat.spec.ts:196:3[90m)[39m
    at runWithRetries [90m(C:\playwright-project\[39msrc\tests\2TripExtraSeat.spec.ts:227:7[90m)[39m
    at executeTests [90m(C:\playwright-project\[39msrc\tests\2TripExtraSeat.spec.ts:354:31[90m)[39m
    at [90mC:\playwright-project\[39msrc\tests\2TripExtraSeat.spec.ts:406:30
    at [90mC:\playwright-project\[39mnode_modules\[4mplaywright[24m\lib\worker\workerMain.js:339:9
    at [90mC:\playwright-project\[39mnode_modules\[4mplaywright[24m\lib\worker\testInfo.js:286:11
    at TimeoutManager.withRunnable [90m(C:\playwright-project\[39mnode_modules\[4mplaywright[24m\lib\worker\timeoutManager.js:64:14[90m)[39m
    at TestInfoImpl._runAsStage [90m(C:\playwright-project\[39mnode_modules\[4mplaywright[24m\lib\worker\testInfo.js:284:7[90m)[39m
    at [90mC:\playwright-project\[39mnode_modules\[4mplaywright[24m\lib\worker\workerMain.js:331:7
    at [90mC:\playwright-project\[39mnode_modules\[4mplaywright[24m\lib\worker\testInfo.js:286:11
    at TimeoutManager.withRunnable [90m(C:\playwright-project\[39mnode_modules\[4mplaywright[24m\lib\worker\timeoutManager.js:52:27[90m)[39m
    at TestInfoImpl._runAsStage [90m(C:\playwright-project\[39mnode_modules\[4mplaywright[24m\lib\worker\testInfo.js:284:7[90m)[39m
    at WorkerMain._runTest [90m(C:\playwright-project\[39mnode_modules\[4mplaywright[24m\lib\worker\workerMain.js:281:5[90m)[39m
    at WorkerMain.runTestGroup [90m(C:\playwright-project\[39mnode_modules\[4mplaywright[24m\lib\worker\workerMain.js:205:11[90m)[39m
    at process.&lt;anonymous&gt; [90m(C:\playwright-project\[39mnode_modules\[4mplaywright[24m\lib\common\process.js:95:22[90m)[39m
Confirmation page validation failed: Not on confirmation page URL
Intento 2 fallido en payWithCard: Error: Not on confirmation page URL
    at validationConfirmPage [90m(C:\playwright-project\[39msrc\page-objects\confirmation.ts:36:19[90m)[39m
[90m    at runNextTicks (node:internal/process/task_queues:65:5)[39m
[90m    at processImmediate (node:internal/timers:459:9)[39m
[90m    at process.callbackTrampoline (node:internal/async_hooks:130:17)[39m
    at validationConfirmationPage [90m(C:\playwright-project\[39msrc\tests\2TripExtraSeat.spec.ts:196:3[90m)[39m
    at runWithRetries [90m(C:\playwright-project\[39msrc\tests\2TripExtraSeat.spec.ts:227:7[90m)[39m
    at executeTests [90m(C:\playwright-project\[39msrc\tests\2TripExtraSeat.spec.ts:354:31[90m)[39m
    at [90mC:\playwright-project\[39msrc\tests\2TripExtraSeat.spec.ts:406:30
    at [90mC:\playwright-project\[39mnode_modules\[4mplaywright[24m\lib\worker\workerMain.js:339:9
    at [90mC:\playwright-project\[39mnode_modules\[4mplaywright[24m\lib\worker\testInfo.js:286:11
    at TimeoutManager.withRunnable [90m(C:\playwright-project\[39mnode_modules\[4mplaywright[24m\lib\worker\timeoutManager.js:64:14[90m)[39m
    at TestInfoImpl._runAsStage [90m(C:\playwright-project\[39mnode_modules\[4mplaywright[24m\lib\worker\testInfo.js:284:7[90m)[39m
    at [90mC:\playwright-project\[39mnode_modules\[4mplaywright[24m\lib\worker\workerMain.js:331:7
    at [90mC:\playwright-project\[39mnode_modules\[4mplaywright[24m\lib\worker\testInfo.js:286:11
    at TimeoutManager.withRunnable [90m(C:\playwright-project\[39mnode_modules\[4mplaywright[24m\lib\worker\timeoutManager.js:52:27[90m)[39m
    at TestInfoImpl._runAsStage [90m(C:\playwright-project\[39mnode_modules\[4mplaywright[24m\lib\worker\testInfo.js:284:7[90m)[39m
    at WorkerMain._runTest [90m(C:\playwright-project\[39mnode_modules\[4mplaywright[24m\lib\worker\workerMain.js:281:5[90m)[39m
    at WorkerMain.runTestGroup [90m(C:\playwright-project\[39mnode_modules\[4mplaywright[24m\lib\worker\workerMain.js:205:11[90m)[39m
    at process.&lt;anonymous&gt; [90m(C:\playwright-project\[39mnode_modules\[4mplaywright[24m\lib\common\process.js:95:22[90m)[39m

</system-err>
</testcase>
</testsuite>
<testsuite name="DateTest.spec.ts" timestamp="2025-01-10T07:49:57.224Z" hostname="chromium" tests="3" failures="0" skipped="0" time="104.176" errors="0">
<testcase name="1. error - dd/mm/aaaa (Fecha CA/ES) › Ejecución completa con reintentos" classname="DateTest.spec.ts" time="40.258">
<system-out>
Ejecución completa, intento 1 de 5
Ejecutando Booking, intento 1
Fecha de salida seleccionada: { year: [32m'2025'[39m, month: [32m'5'[39m, index: [33m5[39m, value: [33m13[39m }
Ajustando número de pasajeros
Successfully clicked the element: div.price-cabin:has-text("Economy")
Ejecutando fillPassengerAdult 1, intento 1
Ejecutando fillContact, intento 1
Ejecutando payWithCard, intento 1
Iframe encontrado.

</system-out>
</testcase>
<testcase name="2. mm/dd/aaaa (fecha EN) › Ejecución completa con reintentos" classname="DateTest.spec.ts" time="35.826">
<system-out>
Ejecución completa, intento 1 de 5
Ejecutando Booking, intento 1
Fecha de salida seleccionada: { year: [32m'2025'[39m, month: [32m'4'[39m, index: [33m9[39m, value: [33m22[39m }
Ajustando número de pasajeros
Successfully clicked the element: div.price-cabin:has-text("Economy")
Ejecutando fillPassengerAdult 1, intento 1
Ejecutando fillContact, intento 1
Ejecutando payWithCard, intento 1
Iframe encontrado.

</system-out>
</testcase>
<testcase name="3.  mm&gt;12 -&gt; NO ESTA BIEN  › Ejecución completa con reintentos" classname="DateTest.spec.ts" time="28.092">
<system-out>
Ejecución completa, intento 1 de 5
Ejecutando Booking, intento 1
Fecha de salida seleccionada: { year: [32m'2025'[39m, month: [32m'5'[39m, index: [33m10[39m, value: [33m24[39m }
Ajustando número de pasajeros
Successfully clicked the element: div.price-cabin:has-text("Economy")
Ejecutando fillPassengerAdult 1, intento 1
Ejecutando fillContact, intento 1
Ejecutando payWithCard, intento 1
Iframe encontrado.

</system-out>
</testcase>
</testsuite>
</testsuites>