<testsuites id="" name="" tests="59" failures="3" skipped="0" errors="0" time="922.994374">
<testsuite name="1TipsNoExtraNoSeat.spec.ts" timestamp="2025-01-23T07:48:29.623Z" hostname="chromium" tests="14" failures="1" skipped="0" time="1314.92" errors="0">
<testcase name="1. 1 Adt EcoLight - sin assitence › Ejecución completa con reintentos" classname="1TipsNoExtraNoSeat.spec.ts" time="72.741">
<system-out>
<![CDATA[Ejecución completa, intento 1 de 5
Ejecutando Booking, intento 1
Fecha de salida seleccionada: { year: [32m'2025'[39m, month: [32m'5'[39m, index: [33m12[39m, value: [33m29[39m }
Ajustando número de pasajeros
Successfully clicked the element: div.price-cabin:has-text("Economy")
Ejecutando fillPassengerAdult 1, intento 1
Ejecutando fillContact, intento 1
Ejecutando payWithCard, intento 1
Iframe encontrado.
Ejecutando payWithCard, intento 1
Ejecutando payWithCard, intento 2
Ejecutando payWithCard, intento 3
]]>
</system-out>
<system-err>
<![CDATA[Confirmation page validation failed: Flight Summary section not found on confirmation page
Intento 1 fallido en payWithCard: Error: Flight Summary section not found on confirmation page
    at validationConfirmPage [90m(C:\playwright-project\[39msrc\page-objects\confirmation.ts:29:19[90m)[39m
[90m    at runNextTicks (node:internal/process/task_queues:65:5)[39m
[90m    at processImmediate (node:internal/timers:459:9)[39m
[90m    at process.callbackTrampoline (node:internal/async_hooks:130:17)[39m
    at validationConfirmationPage [90m(C:\playwright-project\[39msrc\tests\1TipsNoExtraNoSeat.spec.ts:89:3[90m)[39m
    at runWithRetries [90m(C:\playwright-project\[39msrc\tests\1TipsNoExtraNoSeat.spec.ts:120:7[90m)[39m
    at executeTests [90m(C:\playwright-project\[39msrc\tests\1TipsNoExtraNoSeat.spec.ts:220:29[90m)[39m
    at [90mC:\playwright-project\[39msrc\tests\1TipsNoExtraNoSeat.spec.ts:271:30
    at [90mC:\playwright-project\[39mnode_modules\[4mplaywright[24m\lib\worker\workerMain.js:339:9
    at [90mC:\playwright-project\[39mnode_modules\[4mplaywright[24m\lib\worker\testInfo.js:286:11
    at TimeoutManager.withRunnable [90m(C:\playwright-project\[39mnode_modules\[4mplaywright[24m\lib\worker\timeoutManager.js:64:14[90m)[39m
    at TestInfoImpl._runAsStage [90m(C:\playwright-project\[39mnode_modules\[4mplaywright[24m\lib\worker\testInfo.js:284:7[90m)[39m
    at [90mC:\playwright-project\[39mnode_modules\[4mplaywright[24m\lib\worker\workerMain.js:331:7
    at [90mC:\playwright-project\[39mnode_modules\[4mplaywright[24m\lib\worker\testInfo.js:286:11
    at TimeoutManager.withRunnable [90m(C:\playwright-project\[39mnode_modules\[4mplaywright[24m\lib\worker\timeoutManager.js:52:27[90m)[39m
    at TestInfoImpl._runAsStage [90m(C:\playwright-project\[39mnode_modules\[4mplaywright[24m\lib\worker\testInfo.js:284:7[90m)[39m
    at WorkerMain._runTest [90m(C:\playwright-project\[39mnode_modules\[4mplaywright[24m\lib\worker\workerMain.js:281:5[90m)[39m
    at WorkerMain.runTestGroup [90m(C:\playwright-project\[39mnode_modules\[4mplaywright[24m\lib\worker\workerMain.js:205:11[90m)[39m
    at process.<anonymous> [90m(C:\playwright-project\[39mnode_modules\[4mplaywright[24m\lib\common\process.js:95:22[90m)[39m
Confirmation page validation failed: Not on confirmation page URL
Intento 2 fallido en payWithCard: Error: Not on confirmation page URL
    at validationConfirmPage [90m(C:\playwright-project\[39msrc\page-objects\confirmation.ts:36:19[90m)[39m
[90m    at runNextTicks (node:internal/process/task_queues:65:5)[39m
[90m    at processImmediate (node:internal/timers:459:9)[39m
[90m    at process.callbackTrampoline (node:internal/async_hooks:130:17)[39m
    at validationConfirmationPage [90m(C:\playwright-project\[39msrc\tests\1TipsNoExtraNoSeat.spec.ts:89:3[90m)[39m
    at runWithRetries [90m(C:\playwright-project\[39msrc\tests\1TipsNoExtraNoSeat.spec.ts:120:7[90m)[39m
    at executeTests [90m(C:\playwright-project\[39msrc\tests\1TipsNoExtraNoSeat.spec.ts:220:29[90m)[39m
    at [90mC:\playwright-project\[39msrc\tests\1TipsNoExtraNoSeat.spec.ts:271:30
    at [90mC:\playwright-project\[39mnode_modules\[4mplaywright[24m\lib\worker\workerMain.js:339:9
    at [90mC:\playwright-project\[39mnode_modules\[4mplaywright[24m\lib\worker\testInfo.js:286:11
    at TimeoutManager.withRunnable [90m(C:\playwright-project\[39mnode_modules\[4mplaywright[24m\lib\worker\timeoutManager.js:64:14[90m)[39m
    at TestInfoImpl._runAsStage [90m(C:\playwright-project\[39mnode_modules\[4mplaywright[24m\lib\worker\testInfo.js:284:7[90m)[39m
    at [90mC:\playwright-project\[39mnode_modules\[4mplaywright[24m\lib\worker\workerMain.js:331:7
    at [90mC:\playwright-project\[39mnode_modules\[4mplaywright[24m\lib\worker\testInfo.js:286:11
    at TimeoutManager.withRunnable [90m(C:\playwright-project\[39mnode_modules\[4mplaywright[24m\lib\worker\timeoutManager.js:52:27[90m)[39m
    at TestInfoImpl._runAsStage [90m(C:\playwright-project\[39mnode_modules\[4mplaywright[24m\lib\worker\testInfo.js:284:7[90m)[39m
    at WorkerMain._runTest [90m(C:\playwright-project\[39mnode_modules\[4mplaywright[24m\lib\worker\workerMain.js:281:5[90m)[39m
    at WorkerMain.runTestGroup [90m(C:\playwright-project\[39mnode_modules\[4mplaywright[24m\lib\worker\workerMain.js:205:11[90m)[39m
    at process.<anonymous> [90m(C:\playwright-project\[39mnode_modules\[4mplaywright[24m\lib\common\process.js:95:22[90m)[39m
]]>
</system-err>
</testcase>
<testcase name="2. Compra 2 Adulto (Diferente) Economy Light - Economy Light - Nombre con caracteres especiales - sin assitence - sin asiento - sin extras › Ejecución completa con reintentos" classname="1TipsNoExtraNoSeat.spec.ts" time="72.934">
<system-out>
<![CDATA[Ejecución completa, intento 1 de 5
Ejecutando Booking, intento 1
Fecha de salida seleccionada: { year: [32m'2025'[39m, month: [32m'6'[39m, index: [33m7[39m, value: [33m19[39m }
Ajustando número de pasajeros
Successfully clicked the element: div.price-cabin:has-text("Economy")
Ejecutando fillPassengerAdult 1, intento 1
Ejecutando fillPassengerAdult 2, intento 1
Ejecutando fillContact, intento 1
Ejecutando payWithCard, intento 1
Iframe encontrado.
Ejecutando payWithCard, intento 1
Ejecutando payWithCard, intento 2
Ejecutando payWithCard, intento 3
]]>
</system-out>
<system-err>
<![CDATA[Confirmation page validation failed: Flight Summary section not found on confirmation page
Intento 1 fallido en payWithCard: Error: Flight Summary section not found on confirmation page
    at validationConfirmPage [90m(C:\playwright-project\[39msrc\page-objects\confirmation.ts:29:19[90m)[39m
[90m    at runNextTicks (node:internal/process/task_queues:65:5)[39m
[90m    at processImmediate (node:internal/timers:459:9)[39m
[90m    at process.callbackTrampoline (node:internal/async_hooks:130:17)[39m
    at validationConfirmationPage [90m(C:\playwright-project\[39msrc\tests\1TipsNoExtraNoSeat.spec.ts:89:3[90m)[39m
    at runWithRetries [90m(C:\playwright-project\[39msrc\tests\1TipsNoExtraNoSeat.spec.ts:120:7[90m)[39m
    at executeTests [90m(C:\playwright-project\[39msrc\tests\1TipsNoExtraNoSeat.spec.ts:220:29[90m)[39m
    at [90mC:\playwright-project\[39msrc\tests\1TipsNoExtraNoSeat.spec.ts:311:30
    at [90mC:\playwright-project\[39mnode_modules\[4mplaywright[24m\lib\worker\workerMain.js:339:9
    at [90mC:\playwright-project\[39mnode_modules\[4mplaywright[24m\lib\worker\testInfo.js:286:11
    at TimeoutManager.withRunnable [90m(C:\playwright-project\[39mnode_modules\[4mplaywright[24m\lib\worker\timeoutManager.js:64:14[90m)[39m
    at TestInfoImpl._runAsStage [90m(C:\playwright-project\[39mnode_modules\[4mplaywright[24m\lib\worker\testInfo.js:284:7[90m)[39m
    at [90mC:\playwright-project\[39mnode_modules\[4mplaywright[24m\lib\worker\workerMain.js:331:7
    at [90mC:\playwright-project\[39mnode_modules\[4mplaywright[24m\lib\worker\testInfo.js:286:11
    at TimeoutManager.withRunnable [90m(C:\playwright-project\[39mnode_modules\[4mplaywright[24m\lib\worker\timeoutManager.js:52:27[90m)[39m
    at TestInfoImpl._runAsStage [90m(C:\playwright-project\[39mnode_modules\[4mplaywright[24m\lib\worker\testInfo.js:284:7[90m)[39m
    at WorkerMain._runTest [90m(C:\playwright-project\[39mnode_modules\[4mplaywright[24m\lib\worker\workerMain.js:281:5[90m)[39m
    at WorkerMain.runTestGroup [90m(C:\playwright-project\[39mnode_modules\[4mplaywright[24m\lib\worker\workerMain.js:205:11[90m)[39m
    at process.<anonymous> [90m(C:\playwright-project\[39mnode_modules\[4mplaywright[24m\lib\common\process.js:95:22[90m)[39m
Confirmation page validation failed: Not on confirmation page URL
Intento 2 fallido en payWithCard: Error: Not on confirmation page URL
    at validationConfirmPage [90m(C:\playwright-project\[39msrc\page-objects\confirmation.ts:36:19[90m)[39m
[90m    at runNextTicks (node:internal/process/task_queues:65:5)[39m
[90m    at processImmediate (node:internal/timers:459:9)[39m
[90m    at process.callbackTrampoline (node:internal/async_hooks:130:17)[39m
    at validationConfirmationPage [90m(C:\playwright-project\[39msrc\tests\1TipsNoExtraNoSeat.spec.ts:89:3[90m)[39m
    at runWithRetries [90m(C:\playwright-project\[39msrc\tests\1TipsNoExtraNoSeat.spec.ts:120:7[90m)[39m
    at executeTests [90m(C:\playwright-project\[39msrc\tests\1TipsNoExtraNoSeat.spec.ts:220:29[90m)[39m
    at [90mC:\playwright-project\[39msrc\tests\1TipsNoExtraNoSeat.spec.ts:311:30
    at [90mC:\playwright-project\[39mnode_modules\[4mplaywright[24m\lib\worker\workerMain.js:339:9
    at [90mC:\playwright-project\[39mnode_modules\[4mplaywright[24m\lib\worker\testInfo.js:286:11
    at TimeoutManager.withRunnable [90m(C:\playwright-project\[39mnode_modules\[4mplaywright[24m\lib\worker\timeoutManager.js:64:14[90m)[39m
    at TestInfoImpl._runAsStage [90m(C:\playwright-project\[39mnode_modules\[4mplaywright[24m\lib\worker\testInfo.js:284:7[90m)[39m
    at [90mC:\playwright-project\[39mnode_modules\[4mplaywright[24m\lib\worker\workerMain.js:331:7
    at [90mC:\playwright-project\[39mnode_modules\[4mplaywright[24m\lib\worker\testInfo.js:286:11
    at TimeoutManager.withRunnable [90m(C:\playwright-project\[39mnode_modules\[4mplaywright[24m\lib\worker\timeoutManager.js:52:27[90m)[39m
    at TestInfoImpl._runAsStage [90m(C:\playwright-project\[39mnode_modules\[4mplaywright[24m\lib\worker\testInfo.js:284:7[90m)[39m
    at WorkerMain._runTest [90m(C:\playwright-project\[39mnode_modules\[4mplaywright[24m\lib\worker\workerMain.js:281:5[90m)[39m
    at WorkerMain.runTestGroup [90m(C:\playwright-project\[39mnode_modules\[4mplaywright[24m\lib\worker\workerMain.js:205:11[90m)[39m
    at process.<anonymous> [90m(C:\playwright-project\[39mnode_modules\[4mplaywright[24m\lib\common\process.js:95:22[90m)[39m
]]>
</system-err>
</testcase>
<testcase name="3. Compra 2 Adulto (Diferente) Economy Light - Economy Light - Nombre con caracteres especiales - Con assitence TODAS - sin asiento - sin extras › Ejecución completa con reintentos" classname="1TipsNoExtraNoSeat.spec.ts" time="360.141">
<failure message="1TipsNoExtraNoSeat.spec.ts:345:9 Ejecución completa con reintentos" type="FAILURE">
<![CDATA[  [chromium] › 1TipsNoExtraNoSeat.spec.ts:345:9 › 3. Compra 2 Adulto (Diferente) Economy Light - Economy Light - Nombre con caracteres especiales - Con assitence TODAS - sin asiento - sin extras › Ejecución completa con reintentos 

    Test timeout of 360000ms exceeded.

    Error: browserContext.close: Target page, context or browser has been closed

      232 |   } finally {
      233 |     if (page) await page.close();
    > 234 |     if (context) await context.close();
          |                  ^
      235 |   }
      236 |
      237 |   return shouldContinueTests; // Return the status of the test execution
        at executeTests (C:\playwright-project\src\tests\1TipsNoExtraNoSeat.spec.ts:234:18)
        at C:\playwright-project\src\tests\1TipsNoExtraNoSeat.spec.ts:357:29

    attachment #1: screenshot (image/png) ──────────────────────────────────────────────────────────
    test-results\1TipsNoExtraNoSeat-3-Compr-37b7a-ión-completa-con-reintentos-chromium\test-failed-1.png
    ────────────────────────────────────────────────────────────────────────────────────────────────
]]>
</failure>
<system-out>
<![CDATA[Ejecución completa, intento 1 de 5
Ejecutando Booking, intento 1
Fecha de salida seleccionada: { year: [32m'2025'[39m, month: [32m'6'[39m, index: [33m5[39m, value: [33m14[39m }
Ajustando número de pasajeros
Successfully clicked the element: div.price-cabin:has-text("Economy")
Ejecutando fillPassengerAdult 1, intento 1
Ejecutando fillPassengerAdult 2, intento 1
Ejecutando fillContact, intento 1
Ejecutando payWithCard, intento 1
Ejecutando payWithCard, intento 2
Ejecutando payWithCard, intento 3
Ejecución completa, intento 2 de 5
Ejecutando Booking, intento 1
Fecha de salida seleccionada: { year: [32m'2025'[39m, month: [32m'6'[39m, index: [33m3[39m, value: [33m10[39m }
Ajustando número de pasajeros
Successfully clicked the element: div.price-cabin:has-text("Economy")
Ejecutando fillPassengerAdult 1, intento 1
Ejecutando fillPassengerAdult 2, intento 1
Ejecutando fillContact, intento 1
Ejecutando payWithCard, intento 1
Ejecutando payWithCard, intento 2
Ejecutando payWithCard, intento 3
]]>
</system-out>
<system-err>
<![CDATA[Error while handling iframe payment: page.waitForSelector: Timeout 60000ms exceeded.
Call log:
[2m  - waiting for locator('iframe[title="Iframe for expiry date"]') to be visible[22m

    at payWithCard [90m(C:\playwright-project\[39msrc\page-objects\paymentPage.ts:4:20[90m)[39m
    at payWithCardInformation [90m(C:\playwright-project\[39msrc\tests\1TipsNoExtraNoSeat.spec.ts:84:22[90m)[39m
    at fn [90m(C:\playwright-project\[39msrc\tests\1TipsNoExtraNoSeat.spec.ts:211:15[90m)[39m
    at runWithRetries [90m(C:\playwright-project\[39msrc\tests\1TipsNoExtraNoSeat.spec.ts:120:13[90m)[39m
    at executeTests [90m(C:\playwright-project\[39msrc\tests\1TipsNoExtraNoSeat.spec.ts:210:35[90m)[39m
    at [90mC:\playwright-project\[39msrc\tests\1TipsNoExtraNoSeat.spec.ts:357:29 {
  name: [32m'TimeoutError'[39m,
  [[32mSymbol(step)[39m]: {
    stepId: [32m'pw:api@88'[39m,
    location: {
      file: [32m'C:\\playwright-project\\src\\page-objects\\paymentPage.ts'[39m,
      line: [33m4[39m,
      column: [33m20[39m,
      function: [32m'payWithCard'[39m
    },
    category: [32m'pw:api'[39m,
    title: [32m'page.waitForSelector(iframe[title="Iframe for expiry date"])'[39m,
    apiName: [32m'page.waitForSelector'[39m,
    params: {
      selector: [32m'iframe[title="Iframe for expiry date"]'[39m,
      timeout: [33m60000[39m
    },
    boxedStack: [90mundefined[39m,
    steps: [],
    complete: [36m[Function: complete][39m,
    endWallTime: [33m1737618647819[39m,
    error: {
      message: [32m'TimeoutError: page.waitForSelector: Timeout 60000ms exceeded.\n'[39m +
        [32m'Call log:\n'[39m +
        [32m`\x1B[2m  - waiting for locator('iframe[title="Iframe for expiry date"]') to be visible\x1B[22m\n`[39m,
      stack: [32m'TimeoutError: page.waitForSelector: Timeout 60000ms exceeded.\n'[39m +
        [32m'Call log:\n'[39m +
        [32m`\x1B[2m  - waiting for locator('iframe[title="Iframe for expiry date"]') to be visible\x1B[22m\n`[39m +
        [32m'\n'[39m +
        [32m'    at payWithCard (C:\\playwright-project\\src\\page-objects\\paymentPage.ts:4:20)\n'[39m +
        [32m'    at payWithCardInformation (C:\\playwright-project\\src\\tests\\1TipsNoExtraNoSeat.spec.ts:84:22)\n'[39m +
        [32m'    at fn (C:\\playwright-project\\src\\tests\\1TipsNoExtraNoSeat.spec.ts:211:15)\n'[39m +
        [32m'    at runWithRetries (C:\\playwright-project\\src\\tests\\1TipsNoExtraNoSeat.spec.ts:120:13)\n'[39m +
        [32m'    at executeTests (C:\\playwright-project\\src\\tests\\1TipsNoExtraNoSeat.spec.ts:210:35)\n'[39m +
        [32m'    at C:\\playwright-project\\src\\tests\\1TipsNoExtraNoSeat.spec.ts:357:29'[39m,
      cause: [90mundefined[39m
    }
  }
}
Intento 1 fallido en payWithCard: page.waitForSelector: Timeout 60000ms exceeded.
Call log:
[2m  - waiting for locator('iframe[title="Iframe for expiry date"]') to be visible[22m

    at payWithCard [90m(C:\playwright-project\[39msrc\page-objects\paymentPage.ts:4:20[90m)[39m
    at payWithCardInformation [90m(C:\playwright-project\[39msrc\tests\1TipsNoExtraNoSeat.spec.ts:84:22[90m)[39m
    at fn [90m(C:\playwright-project\[39msrc\tests\1TipsNoExtraNoSeat.spec.ts:211:15[90m)[39m
    at runWithRetries [90m(C:\playwright-project\[39msrc\tests\1TipsNoExtraNoSeat.spec.ts:120:13[90m)[39m
    at executeTests [90m(C:\playwright-project\[39msrc\tests\1TipsNoExtraNoSeat.spec.ts:210:35[90m)[39m
    at [90mC:\playwright-project\[39msrc\tests\1TipsNoExtraNoSeat.spec.ts:357:29 {
  name: [32m'TimeoutError'[39m,
  [[32mSymbol(step)[39m]: {
    stepId: [32m'pw:api@88'[39m,
    location: {
      file: [32m'C:\\playwright-project\\src\\page-objects\\paymentPage.ts'[39m,
      line: [33m4[39m,
      column: [33m20[39m,
      function: [32m'payWithCard'[39m
    },
    category: [32m'pw:api'[39m,
    title: [32m'page.waitForSelector(iframe[title="Iframe for expiry date"])'[39m,
    apiName: [32m'page.waitForSelector'[39m,
    params: {
      selector: [32m'iframe[title="Iframe for expiry date"]'[39m,
      timeout: [33m60000[39m
    },
    boxedStack: [90mundefined[39m,
    steps: [],
    complete: [36m[Function: complete][39m,
    endWallTime: [33m1737618647819[39m,
    error: {
      message: [32m'TimeoutError: page.waitForSelector: Timeout 60000ms exceeded.\n'[39m +
        [32m'Call log:\n'[39m +
        [32m`\x1B[2m  - waiting for locator('iframe[title="Iframe for expiry date"]') to be visible\x1B[22m\n`[39m,
      stack: [32m'TimeoutError: page.waitForSelector: Timeout 60000ms exceeded.\n'[39m +
        [32m'Call log:\n'[39m +
        [32m`\x1B[2m  - waiting for locator('iframe[title="Iframe for expiry date"]') to be visible\x1B[22m\n`[39m +
        [32m'\n'[39m +
        [32m'    at payWithCard (C:\\playwright-project\\src\\page-objects\\paymentPage.ts:4:20)\n'[39m +
        [32m'    at payWithCardInformation (C:\\playwright-project\\src\\tests\\1TipsNoExtraNoSeat.spec.ts:84:22)\n'[39m +
        [32m'    at fn (C:\\playwright-project\\src\\tests\\1TipsNoExtraNoSeat.spec.ts:211:15)\n'[39m +
        [32m'    at runWithRetries (C:\\playwright-project\\src\\tests\\1TipsNoExtraNoSeat.spec.ts:120:13)\n'[39m +
        [32m'    at executeTests (C:\\playwright-project\\src\\tests\\1TipsNoExtraNoSeat.spec.ts:210:35)\n'[39m +
        [32m'    at C:\\playwright-project\\src\\tests\\1TipsNoExtraNoSeat.spec.ts:357:29'[39m,
      cause: [90mundefined[39m
    }
  }
}
Error while handling iframe payment: page.waitForSelector: Timeout 60000ms exceeded.
Call log:
[2m  - waiting for locator('iframe[title="Iframe for expiry date"]') to be visible[22m

    at payWithCard [90m(C:\playwright-project\[39msrc\page-objects\paymentPage.ts:4:20[90m)[39m
    at payWithCardInformation [90m(C:\playwright-project\[39msrc\tests\1TipsNoExtraNoSeat.spec.ts:84:22[90m)[39m
    at fn [90m(C:\playwright-project\[39msrc\tests\1TipsNoExtraNoSeat.spec.ts:211:15[90m)[39m
    at runWithRetries [90m(C:\playwright-project\[39msrc\tests\1TipsNoExtraNoSeat.spec.ts:120:13[90m)[39m
    at executeTests [90m(C:\playwright-project\[39msrc\tests\1TipsNoExtraNoSeat.spec.ts:210:29[90m)[39m
    at [90mC:\playwright-project\[39msrc\tests\1TipsNoExtraNoSeat.spec.ts:357:29 {
  name: [32m'TimeoutError'[39m,
  [[32mSymbol(step)[39m]: {
    stepId: [32m'pw:api@89'[39m,
    location: {
      file: [32m'C:\\playwright-project\\src\\page-objects\\paymentPage.ts'[39m,
      line: [33m4[39m,
      column: [33m20[39m,
      function: [32m'payWithCard'[39m
    },
    category: [32m'pw:api'[39m,
    title: [32m'page.waitForSelector(iframe[title="Iframe for expiry date"])'[39m,
    apiName: [32m'page.waitForSelector'[39m,
    params: {
      selector: [32m'iframe[title="Iframe for expiry date"]'[39m,
      timeout: [33m60000[39m
    },
    boxedStack: [90mundefined[39m,
    steps: [],
    complete: [36m[Function: complete][39m,
    endWallTime: [33m1737618707830[39m,
    error: {
      message: [32m'TimeoutError: page.waitForSelector: Timeout 60000ms exceeded.\n'[39m +
        [32m'Call log:\n'[39m +
        [32m`\x1B[2m  - waiting for locator('iframe[title="Iframe for expiry date"]') to be visible\x1B[22m\n`[39m,
      stack: [32m'TimeoutError: page.waitForSelector: Timeout 60000ms exceeded.\n'[39m +
        [32m'Call log:\n'[39m +
        [32m`\x1B[2m  - waiting for locator('iframe[title="Iframe for expiry date"]') to be visible\x1B[22m\n`[39m +
        [32m'\n'[39m +
        [32m'    at payWithCard (C:\\playwright-project\\src\\page-objects\\paymentPage.ts:4:20)\n'[39m +
        [32m'    at payWithCardInformation (C:\\playwright-project\\src\\tests\\1TipsNoExtraNoSeat.spec.ts:84:22)\n'[39m +
        [32m'    at fn (C:\\playwright-project\\src\\tests\\1TipsNoExtraNoSeat.spec.ts:211:15)\n'[39m +
        [32m'    at runWithRetries (C:\\playwright-project\\src\\tests\\1TipsNoExtraNoSeat.spec.ts:120:13)\n'[39m +
        [32m'    at executeTests (C:\\playwright-project\\src\\tests\\1TipsNoExtraNoSeat.spec.ts:210:29)\n'[39m +
        [32m'    at C:\\playwright-project\\src\\tests\\1TipsNoExtraNoSeat.spec.ts:357:29'[39m,
      cause: [90mundefined[39m
    }
  }
}
Intento 2 fallido en payWithCard: page.waitForSelector: Timeout 60000ms exceeded.
Call log:
[2m  - waiting for locator('iframe[title="Iframe for expiry date"]') to be visible[22m

    at payWithCard [90m(C:\playwright-project\[39msrc\page-objects\paymentPage.ts:4:20[90m)[39m
    at payWithCardInformation [90m(C:\playwright-project\[39msrc\tests\1TipsNoExtraNoSeat.spec.ts:84:22[90m)[39m
    at fn [90m(C:\playwright-project\[39msrc\tests\1TipsNoExtraNoSeat.spec.ts:211:15[90m)[39m
    at runWithRetries [90m(C:\playwright-project\[39msrc\tests\1TipsNoExtraNoSeat.spec.ts:120:13[90m)[39m
    at executeTests [90m(C:\playwright-project\[39msrc\tests\1TipsNoExtraNoSeat.spec.ts:210:29[90m)[39m
    at [90mC:\playwright-project\[39msrc\tests\1TipsNoExtraNoSeat.spec.ts:357:29 {
  name: [32m'TimeoutError'[39m,
  [[32mSymbol(step)[39m]: {
    stepId: [32m'pw:api@89'[39m,
    location: {
      file: [32m'C:\\playwright-project\\src\\page-objects\\paymentPage.ts'[39m,
      line: [33m4[39m,
      column: [33m20[39m,
      function: [32m'payWithCard'[39m
    },
    category: [32m'pw:api'[39m,
    title: [32m'page.waitForSelector(iframe[title="Iframe for expiry date"])'[39m,
    apiName: [32m'page.waitForSelector'[39m,
    params: {
      selector: [32m'iframe[title="Iframe for expiry date"]'[39m,
      timeout: [33m60000[39m
    },
    boxedStack: [90mundefined[39m,
    steps: [],
    complete: [36m[Function: complete][39m,
    endWallTime: [33m1737618707830[39m,
    error: {
      message: [32m'TimeoutError: page.waitForSelector: Timeout 60000ms exceeded.\n'[39m +
        [32m'Call log:\n'[39m +
        [32m`\x1B[2m  - waiting for locator('iframe[title="Iframe for expiry date"]') to be visible\x1B[22m\n`[39m,
      stack: [32m'TimeoutError: page.waitForSelector: Timeout 60000ms exceeded.\n'[39m +
        [32m'Call log:\n'[39m +
        [32m`\x1B[2m  - waiting for locator('iframe[title="Iframe for expiry date"]') to be visible\x1B[22m\n`[39m +
        [32m'\n'[39m +
        [32m'    at payWithCard (C:\\playwright-project\\src\\page-objects\\paymentPage.ts:4:20)\n'[39m +
        [32m'    at payWithCardInformation (C:\\playwright-project\\src\\tests\\1TipsNoExtraNoSeat.spec.ts:84:22)\n'[39m +
        [32m'    at fn (C:\\playwright-project\\src\\tests\\1TipsNoExtraNoSeat.spec.ts:211:15)\n'[39m +
        [32m'    at runWithRetries (C:\\playwright-project\\src\\tests\\1TipsNoExtraNoSeat.spec.ts:120:13)\n'[39m +
        [32m'    at executeTests (C:\\playwright-project\\src\\tests\\1TipsNoExtraNoSeat.spec.ts:210:29)\n'[39m +
        [32m'    at C:\\playwright-project\\src\\tests\\1TipsNoExtraNoSeat.spec.ts:357:29'[39m,
      cause: [90mundefined[39m
    }
  }
}
Error while handling iframe payment: page.waitForSelector: Timeout 60000ms exceeded.
Call log:
[2m  - waiting for locator('iframe[title="Iframe for expiry date"]') to be visible[22m

    at payWithCard [90m(C:\playwright-project\[39msrc\page-objects\paymentPage.ts:4:20[90m)[39m
    at payWithCardInformation [90m(C:\playwright-project\[39msrc\tests\1TipsNoExtraNoSeat.spec.ts:84:22[90m)[39m
    at fn [90m(C:\playwright-project\[39msrc\tests\1TipsNoExtraNoSeat.spec.ts:211:15[90m)[39m
    at runWithRetries [90m(C:\playwright-project\[39msrc\tests\1TipsNoExtraNoSeat.spec.ts:120:13[90m)[39m
    at executeTests [90m(C:\playwright-project\[39msrc\tests\1TipsNoExtraNoSeat.spec.ts:210:29[90m)[39m
    at [90mC:\playwright-project\[39msrc\tests\1TipsNoExtraNoSeat.spec.ts:357:29 {
  name: [32m'TimeoutError'[39m,
  [[32mSymbol(step)[39m]: {
    stepId: [32m'pw:api@90'[39m,
    location: {
      file: [32m'C:\\playwright-project\\src\\page-objects\\paymentPage.ts'[39m,
      line: [33m4[39m,
      column: [33m20[39m,
      function: [32m'payWithCard'[39m
    },
    category: [32m'pw:api'[39m,
    title: [32m'page.waitForSelector(iframe[title="Iframe for expiry date"])'[39m,
    apiName: [32m'page.waitForSelector'[39m,
    params: {
      selector: [32m'iframe[title="Iframe for expiry date"]'[39m,
      timeout: [33m60000[39m
    },
    boxedStack: [90mundefined[39m,
    steps: [],
    complete: [36m[Function: complete][39m,
    endWallTime: [33m1737618767850[39m,
    error: {
      message: [32m'TimeoutError: page.waitForSelector: Timeout 60000ms exceeded.\n'[39m +
        [32m'Call log:\n'[39m +
        [32m`\x1B[2m  - waiting for locator('iframe[title="Iframe for expiry date"]') to be visible\x1B[22m\n`[39m,
      stack: [32m'TimeoutError: page.waitForSelector: Timeout 60000ms exceeded.\n'[39m +
        [32m'Call log:\n'[39m +
        [32m`\x1B[2m  - waiting for locator('iframe[title="Iframe for expiry date"]') to be visible\x1B[22m\n`[39m +
        [32m'\n'[39m +
        [32m'    at payWithCard (C:\\playwright-project\\src\\page-objects\\paymentPage.ts:4:20)\n'[39m +
        [32m'    at payWithCardInformation (C:\\playwright-project\\src\\tests\\1TipsNoExtraNoSeat.spec.ts:84:22)\n'[39m +
        [32m'    at fn (C:\\playwright-project\\src\\tests\\1TipsNoExtraNoSeat.spec.ts:211:15)\n'[39m +
        [32m'    at runWithRetries (C:\\playwright-project\\src\\tests\\1TipsNoExtraNoSeat.spec.ts:120:13)\n'[39m +
        [32m'    at executeTests (C:\\playwright-project\\src\\tests\\1TipsNoExtraNoSeat.spec.ts:210:29)\n'[39m +
        [32m'    at C:\\playwright-project\\src\\tests\\1TipsNoExtraNoSeat.spec.ts:357:29'[39m,
      cause: [90mundefined[39m
    }
  }
}
Intento 3 fallido en payWithCard: page.waitForSelector: Timeout 60000ms exceeded.
Call log:
[2m  - waiting for locator('iframe[title="Iframe for expiry date"]') to be visible[22m

    at payWithCard [90m(C:\playwright-project\[39msrc\page-objects\paymentPage.ts:4:20[90m)[39m
    at payWithCardInformation [90m(C:\playwright-project\[39msrc\tests\1TipsNoExtraNoSeat.spec.ts:84:22[90m)[39m
    at fn [90m(C:\playwright-project\[39msrc\tests\1TipsNoExtraNoSeat.spec.ts:211:15[90m)[39m
    at runWithRetries [90m(C:\playwright-project\[39msrc\tests\1TipsNoExtraNoSeat.spec.ts:120:13[90m)[39m
    at executeTests [90m(C:\playwright-project\[39msrc\tests\1TipsNoExtraNoSeat.spec.ts:210:29[90m)[39m
    at [90mC:\playwright-project\[39msrc\tests\1TipsNoExtraNoSeat.spec.ts:357:29 {
  name: [32m'TimeoutError'[39m,
  [[32mSymbol(step)[39m]: {
    stepId: [32m'pw:api@90'[39m,
    location: {
      file: [32m'C:\\playwright-project\\src\\page-objects\\paymentPage.ts'[39m,
      line: [33m4[39m,
      column: [33m20[39m,
      function: [32m'payWithCard'[39m
    },
    category: [32m'pw:api'[39m,
    title: [32m'page.waitForSelector(iframe[title="Iframe for expiry date"])'[39m,
    apiName: [32m'page.waitForSelector'[39m,
    params: {
      selector: [32m'iframe[title="Iframe for expiry date"]'[39m,
      timeout: [33m60000[39m
    },
    boxedStack: [90mundefined[39m,
    steps: [],
    complete: [36m[Function: complete][39m,
    endWallTime: [33m1737618767850[39m,
    error: {
      message: [32m'TimeoutError: page.waitForSelector: Timeout 60000ms exceeded.\n'[39m +
        [32m'Call log:\n'[39m +
        [32m`\x1B[2m  - waiting for locator('iframe[title="Iframe for expiry date"]') to be visible\x1B[22m\n`[39m,
      stack: [32m'TimeoutError: page.waitForSelector: Timeout 60000ms exceeded.\n'[39m +
        [32m'Call log:\n'[39m +
        [32m`\x1B[2m  - waiting for locator('iframe[title="Iframe for expiry date"]') to be visible\x1B[22m\n`[39m +
        [32m'\n'[39m +
        [32m'    at payWithCard (C:\\playwright-project\\src\\page-objects\\paymentPage.ts:4:20)\n'[39m +
        [32m'    at payWithCardInformation (C:\\playwright-project\\src\\tests\\1TipsNoExtraNoSeat.spec.ts:84:22)\n'[39m +
        [32m'    at fn (C:\\playwright-project\\src\\tests\\1TipsNoExtraNoSeat.spec.ts:211:15)\n'[39m +
        [32m'    at runWithRetries (C:\\playwright-project\\src\\tests\\1TipsNoExtraNoSeat.spec.ts:120:13)\n'[39m +
        [32m'    at executeTests (C:\\playwright-project\\src\\tests\\1TipsNoExtraNoSeat.spec.ts:210:29)\n'[39m +
        [32m'    at C:\\playwright-project\\src\\tests\\1TipsNoExtraNoSeat.spec.ts:357:29'[39m,
      cause: [90mundefined[39m
    }
  }
}
Prueba payWithCard fallida después de 3 intentos.
Error while handling iframe payment: page.waitForSelector: Timeout 60000ms exceeded.
Call log:
[2m  - waiting for locator('iframe[title="Iframe for expiry date"]') to be visible[22m

    at payWithCard [90m(C:\playwright-project\[39msrc\page-objects\paymentPage.ts:4:20[90m)[39m
    at payWithCardInformation [90m(C:\playwright-project\[39msrc\tests\1TipsNoExtraNoSeat.spec.ts:84:22[90m)[39m
    at fn [90m(C:\playwright-project\[39msrc\tests\1TipsNoExtraNoSeat.spec.ts:211:15[90m)[39m
    at runWithRetries [90m(C:\playwright-project\[39msrc\tests\1TipsNoExtraNoSeat.spec.ts:120:13[90m)[39m
    at executeTests [90m(C:\playwright-project\[39msrc\tests\1TipsNoExtraNoSeat.spec.ts:210:35[90m)[39m
    at [90mC:\playwright-project\[39msrc\tests\1TipsNoExtraNoSeat.spec.ts:357:29 {
  name: [32m'TimeoutError'[39m,
  [[32mSymbol(step)[39m]: {
    stepId: [32m'pw:api@178'[39m,
    location: {
      file: [32m'C:\\playwright-project\\src\\page-objects\\paymentPage.ts'[39m,
      line: [33m4[39m,
      column: [33m20[39m,
      function: [32m'payWithCard'[39m
    },
    category: [32m'pw:api'[39m,
    title: [32m'page.waitForSelector(iframe[title="Iframe for expiry date"])'[39m,
    apiName: [32m'page.waitForSelector'[39m,
    params: {
      selector: [32m'iframe[title="Iframe for expiry date"]'[39m,
      timeout: [33m60000[39m
    },
    boxedStack: [90mundefined[39m,
    steps: [],
    complete: [36m[Function: complete][39m,
    endWallTime: [33m1737618863504[39m,
    error: {
      message: [32m'TimeoutError: page.waitForSelector: Timeout 60000ms exceeded.\n'[39m +
        [32m'Call log:\n'[39m +
        [32m`\x1B[2m  - waiting for locator('iframe[title="Iframe for expiry date"]') to be visible\x1B[22m\n`[39m,
      stack: [32m'TimeoutError: page.waitForSelector: Timeout 60000ms exceeded.\n'[39m +
        [32m'Call log:\n'[39m +
        [32m`\x1B[2m  - waiting for locator('iframe[title="Iframe for expiry date"]') to be visible\x1B[22m\n`[39m +
        [32m'\n'[39m +
        [32m'    at payWithCard (C:\\playwright-project\\src\\page-objects\\paymentPage.ts:4:20)\n'[39m +
        [32m'    at payWithCardInformation (C:\\playwright-project\\src\\tests\\1TipsNoExtraNoSeat.spec.ts:84:22)\n'[39m +
        [32m'    at fn (C:\\playwright-project\\src\\tests\\1TipsNoExtraNoSeat.spec.ts:211:15)\n'[39m +
        [32m'    at runWithRetries (C:\\playwright-project\\src\\tests\\1TipsNoExtraNoSeat.spec.ts:120:13)\n'[39m +
        [32m'    at executeTests (C:\\playwright-project\\src\\tests\\1TipsNoExtraNoSeat.spec.ts:210:35)\n'[39m +
        [32m'    at C:\\playwright-project\\src\\tests\\1TipsNoExtraNoSeat.spec.ts:357:29'[39m,
      cause: [90mundefined[39m
    }
  }
}
Intento 1 fallido en payWithCard: page.waitForSelector: Timeout 60000ms exceeded.
Call log:
[2m  - waiting for locator('iframe[title="Iframe for expiry date"]') to be visible[22m

    at payWithCard [90m(C:\playwright-project\[39msrc\page-objects\paymentPage.ts:4:20[90m)[39m
    at payWithCardInformation [90m(C:\playwright-project\[39msrc\tests\1TipsNoExtraNoSeat.spec.ts:84:22[90m)[39m
    at fn [90m(C:\playwright-project\[39msrc\tests\1TipsNoExtraNoSeat.spec.ts:211:15[90m)[39m
    at runWithRetries [90m(C:\playwright-project\[39msrc\tests\1TipsNoExtraNoSeat.spec.ts:120:13[90m)[39m
    at executeTests [90m(C:\playwright-project\[39msrc\tests\1TipsNoExtraNoSeat.spec.ts:210:35[90m)[39m
    at [90mC:\playwright-project\[39msrc\tests\1TipsNoExtraNoSeat.spec.ts:357:29 {
  name: [32m'TimeoutError'[39m,
  [[32mSymbol(step)[39m]: {
    stepId: [32m'pw:api@178'[39m,
    location: {
      file: [32m'C:\\playwright-project\\src\\page-objects\\paymentPage.ts'[39m,
      line: [33m4[39m,
      column: [33m20[39m,
      function: [32m'payWithCard'[39m
    },
    category: [32m'pw:api'[39m,
    title: [32m'page.waitForSelector(iframe[title="Iframe for expiry date"])'[39m,
    apiName: [32m'page.waitForSelector'[39m,
    params: {
      selector: [32m'iframe[title="Iframe for expiry date"]'[39m,
      timeout: [33m60000[39m
    },
    boxedStack: [90mundefined[39m,
    steps: [],
    complete: [36m[Function: complete][39m,
    endWallTime: [33m1737618863504[39m,
    error: {
      message: [32m'TimeoutError: page.waitForSelector: Timeout 60000ms exceeded.\n'[39m +
        [32m'Call log:\n'[39m +
        [32m`\x1B[2m  - waiting for locator('iframe[title="Iframe for expiry date"]') to be visible\x1B[22m\n`[39m,
      stack: [32m'TimeoutError: page.waitForSelector: Timeout 60000ms exceeded.\n'[39m +
        [32m'Call log:\n'[39m +
        [32m`\x1B[2m  - waiting for locator('iframe[title="Iframe for expiry date"]') to be visible\x1B[22m\n`[39m +
        [32m'\n'[39m +
        [32m'    at payWithCard (C:\\playwright-project\\src\\page-objects\\paymentPage.ts:4:20)\n'[39m +
        [32m'    at payWithCardInformation (C:\\playwright-project\\src\\tests\\1TipsNoExtraNoSeat.spec.ts:84:22)\n'[39m +
        [32m'    at fn (C:\\playwright-project\\src\\tests\\1TipsNoExtraNoSeat.spec.ts:211:15)\n'[39m +
        [32m'    at runWithRetries (C:\\playwright-project\\src\\tests\\1TipsNoExtraNoSeat.spec.ts:120:13)\n'[39m +
        [32m'    at executeTests (C:\\playwright-project\\src\\tests\\1TipsNoExtraNoSeat.spec.ts:210:35)\n'[39m +
        [32m'    at C:\\playwright-project\\src\\tests\\1TipsNoExtraNoSeat.spec.ts:357:29'[39m,
      cause: [90mundefined[39m
    }
  }
}
Error while handling iframe payment: page.waitForSelector: Test ended.
Call log:
[2m  - waiting for locator('iframe[title="Iframe for expiry date"]') to be visible[22m

    at payWithCard [90m(C:\playwright-project\[39msrc\page-objects\paymentPage.ts:4:20[90m)[39m
    at payWithCardInformation [90m(C:\playwright-project\[39msrc\tests\1TipsNoExtraNoSeat.spec.ts:84:22[90m)[39m
    at fn [90m(C:\playwright-project\[39msrc\tests\1TipsNoExtraNoSeat.spec.ts:211:15[90m)[39m
    at runWithRetries [90m(C:\playwright-project\[39msrc\tests\1TipsNoExtraNoSeat.spec.ts:120:13[90m)[39m
    at executeTests [90m(C:\playwright-project\[39msrc\tests\1TipsNoExtraNoSeat.spec.ts:210:29[90m)[39m
    at [90mC:\playwright-project\[39msrc\tests\1TipsNoExtraNoSeat.spec.ts:357:29
Intento 2 fallido en payWithCard: page.waitForSelector: Test ended.
Call log:
[2m  - waiting for locator('iframe[title="Iframe for expiry date"]') to be visible[22m

    at payWithCard [90m(C:\playwright-project\[39msrc\page-objects\paymentPage.ts:4:20[90m)[39m
    at payWithCardInformation [90m(C:\playwright-project\[39msrc\tests\1TipsNoExtraNoSeat.spec.ts:84:22[90m)[39m
    at fn [90m(C:\playwright-project\[39msrc\tests\1TipsNoExtraNoSeat.spec.ts:211:15[90m)[39m
    at runWithRetries [90m(C:\playwright-project\[39msrc\tests\1TipsNoExtraNoSeat.spec.ts:120:13[90m)[39m
    at executeTests [90m(C:\playwright-project\[39msrc\tests\1TipsNoExtraNoSeat.spec.ts:210:29[90m)[39m
    at [90mC:\playwright-project\[39msrc\tests\1TipsNoExtraNoSeat.spec.ts:357:29
Error while handling iframe payment: page.waitForSelector: Target page, context or browser has been closed
    at payWithCard [90m(C:\playwright-project\[39msrc\page-objects\paymentPage.ts:4:20[90m)[39m
    at payWithCardInformation [90m(C:\playwright-project\[39msrc\tests\1TipsNoExtraNoSeat.spec.ts:84:22[90m)[39m
    at fn [90m(C:\playwright-project\[39msrc\tests\1TipsNoExtraNoSeat.spec.ts:211:15[90m)[39m
    at runWithRetries [90m(C:\playwright-project\[39msrc\tests\1TipsNoExtraNoSeat.spec.ts:120:13[90m)[39m
    at executeTests [90m(C:\playwright-project\[39msrc\tests\1TipsNoExtraNoSeat.spec.ts:210:29[90m)[39m
    at [90mC:\playwright-project\[39msrc\tests\1TipsNoExtraNoSeat.spec.ts:357:29
Intento 3 fallido en payWithCard: page.waitForSelector: Target page, context or browser has been closed
    at payWithCard [90m(C:\playwright-project\[39msrc\page-objects\paymentPage.ts:4:20[90m)[39m
    at payWithCardInformation [90m(C:\playwright-project\[39msrc\tests\1TipsNoExtraNoSeat.spec.ts:84:22[90m)[39m
    at fn [90m(C:\playwright-project\[39msrc\tests\1TipsNoExtraNoSeat.spec.ts:211:15[90m)[39m
    at runWithRetries [90m(C:\playwright-project\[39msrc\tests\1TipsNoExtraNoSeat.spec.ts:120:13[90m)[39m
    at executeTests [90m(C:\playwright-project\[39msrc\tests\1TipsNoExtraNoSeat.spec.ts:210:29[90m)[39m
    at [90mC:\playwright-project\[39msrc\tests\1TipsNoExtraNoSeat.spec.ts:357:29
Error crítico durante la ejecución: page.screenshot: Target page, context or browser has been closed
    at runWithRetries [90m(C:\playwright-project\[39msrc\tests\1TipsNoExtraNoSeat.spec.ts:125:20[90m)[39m
    at executeTests [90m(C:\playwright-project\[39msrc\tests\1TipsNoExtraNoSeat.spec.ts:210:29[90m)[39m
    at [90mC:\playwright-project\[39msrc\tests\1TipsNoExtraNoSeat.spec.ts:357:29

Warning: attachment 1TipsNoExtraNoSeat-3-Compr-37b7a-ión-completa-con-reintentos-chromium\test-failed-1.png is missing]]>
</system-err>
</testcase>
<testcase name="4. Compra 1 Adulto - 1 niño - Economy Light - Economy Light - Nombre con caracteres especiales - sin asistencia - sin asiento - sin extras › Ejecución completa con reintentos" classname="1TipsNoExtraNoSeat.spec.ts" time="278.766">
<system-out>
<![CDATA[Ejecución completa, intento 1 de 5
Ejecutando Booking, intento 1
Fecha de salida seleccionada: { year: [32m'2025'[39m, month: [32m'5'[39m, index: [33m13[39m, value: [33m31[39m }
Ajustando número de pasajeros
Successfully clicked the element: div.price-cabin:has-text("Economy")
Ejecutando fillPassengerAdult 1, intento 1
Ejecutando fillPassengerChild 1, intento 1
Ejecutando fillContact, intento 1
Ejecutando payWithCard, intento 1
Ejecutando payWithCard, intento 2
Ejecutando payWithCard, intento 3
Ejecución completa, intento 2 de 5
Ejecutando Booking, intento 1
Fecha de salida seleccionada: { year: [32m'2025'[39m, month: [32m'6'[39m, index: [33m0[39m, value: [33m3[39m }
Ajustando número de pasajeros
Successfully clicked the element: div.price-cabin:has-text("Economy")
Ejecutando fillPassengerAdult 1, intento 1
Ejecutando fillPassengerChild 1, intento 1
Ejecutando fillContact, intento 1
Ejecutando payWithCard, intento 1
Iframe encontrado.
Ejecutando payWithCard, intento 1
Ejecutando payWithCard, intento 2
Ejecutando payWithCard, intento 3
]]>
</system-out>
<system-err>
<![CDATA[Error while handling iframe payment: page.waitForSelector: Timeout 60000ms exceeded.
Call log:
[2m  - waiting for locator('iframe[title="Iframe for expiry date"]') to be visible[22m

    at payWithCard [90m(C:\playwright-project\[39msrc\page-objects\paymentPage.ts:4:20[90m)[39m
    at payWithCardInformation [90m(C:\playwright-project\[39msrc\tests\1TipsNoExtraNoSeat.spec.ts:84:22[90m)[39m
    at fn [90m(C:\playwright-project\[39msrc\tests\1TipsNoExtraNoSeat.spec.ts:211:15[90m)[39m
    at runWithRetries [90m(C:\playwright-project\[39msrc\tests\1TipsNoExtraNoSeat.spec.ts:120:13[90m)[39m
    at executeTests [90m(C:\playwright-project\[39msrc\tests\1TipsNoExtraNoSeat.spec.ts:210:35[90m)[39m
    at [90mC:\playwright-project\[39msrc\tests\1TipsNoExtraNoSeat.spec.ts:403:30 {
  name: [32m'TimeoutError'[39m,
  [[32mSymbol(step)[39m]: {
    stepId: [32m'pw:api@67'[39m,
    location: {
      file: [32m'C:\\playwright-project\\src\\page-objects\\paymentPage.ts'[39m,
      line: [33m4[39m,
      column: [33m20[39m,
      function: [32m'payWithCard'[39m
    },
    category: [32m'pw:api'[39m,
    title: [32m'page.waitForSelector(iframe[title="Iframe for expiry date"])'[39m,
    apiName: [32m'page.waitForSelector'[39m,
    params: {
      selector: [32m'iframe[title="Iframe for expiry date"]'[39m,
      timeout: [33m60000[39m
    },
    boxedStack: [90mundefined[39m,
    steps: [],
    complete: [36m[Function: complete][39m,
    endWallTime: [33m1737618634426[39m,
    error: {
      message: [32m'TimeoutError: page.waitForSelector: Timeout 60000ms exceeded.\n'[39m +
        [32m'Call log:\n'[39m +
        [32m`\x1B[2m  - waiting for locator('iframe[title="Iframe for expiry date"]') to be visible\x1B[22m\n`[39m,
      stack: [32m'TimeoutError: page.waitForSelector: Timeout 60000ms exceeded.\n'[39m +
        [32m'Call log:\n'[39m +
        [32m`\x1B[2m  - waiting for locator('iframe[title="Iframe for expiry date"]') to be visible\x1B[22m\n`[39m +
        [32m'\n'[39m +
        [32m'    at payWithCard (C:\\playwright-project\\src\\page-objects\\paymentPage.ts:4:20)\n'[39m +
        [32m'    at payWithCardInformation (C:\\playwright-project\\src\\tests\\1TipsNoExtraNoSeat.spec.ts:84:22)\n'[39m +
        [32m'    at fn (C:\\playwright-project\\src\\tests\\1TipsNoExtraNoSeat.spec.ts:211:15)\n'[39m +
        [32m'    at runWithRetries (C:\\playwright-project\\src\\tests\\1TipsNoExtraNoSeat.spec.ts:120:13)\n'[39m +
        [32m'    at executeTests (C:\\playwright-project\\src\\tests\\1TipsNoExtraNoSeat.spec.ts:210:35)\n'[39m +
        [32m'    at C:\\playwright-project\\src\\tests\\1TipsNoExtraNoSeat.spec.ts:403:30'[39m,
      cause: [90mundefined[39m
    }
  }
}
Intento 1 fallido en payWithCard: page.waitForSelector: Timeout 60000ms exceeded.
Call log:
[2m  - waiting for locator('iframe[title="Iframe for expiry date"]') to be visible[22m

    at payWithCard [90m(C:\playwright-project\[39msrc\page-objects\paymentPage.ts:4:20[90m)[39m
    at payWithCardInformation [90m(C:\playwright-project\[39msrc\tests\1TipsNoExtraNoSeat.spec.ts:84:22[90m)[39m
    at fn [90m(C:\playwright-project\[39msrc\tests\1TipsNoExtraNoSeat.spec.ts:211:15[90m)[39m
    at runWithRetries [90m(C:\playwright-project\[39msrc\tests\1TipsNoExtraNoSeat.spec.ts:120:13[90m)[39m
    at executeTests [90m(C:\playwright-project\[39msrc\tests\1TipsNoExtraNoSeat.spec.ts:210:35[90m)[39m
    at [90mC:\playwright-project\[39msrc\tests\1TipsNoExtraNoSeat.spec.ts:403:30 {
  name: [32m'TimeoutError'[39m,
  [[32mSymbol(step)[39m]: {
    stepId: [32m'pw:api@67'[39m,
    location: {
      file: [32m'C:\\playwright-project\\src\\page-objects\\paymentPage.ts'[39m,
      line: [33m4[39m,
      column: [33m20[39m,
      function: [32m'payWithCard'[39m
    },
    category: [32m'pw:api'[39m,
    title: [32m'page.waitForSelector(iframe[title="Iframe for expiry date"])'[39m,
    apiName: [32m'page.waitForSelector'[39m,
    params: {
      selector: [32m'iframe[title="Iframe for expiry date"]'[39m,
      timeout: [33m60000[39m
    },
    boxedStack: [90mundefined[39m,
    steps: [],
    complete: [36m[Function: complete][39m,
    endWallTime: [33m1737618634426[39m,
    error: {
      message: [32m'TimeoutError: page.waitForSelector: Timeout 60000ms exceeded.\n'[39m +
        [32m'Call log:\n'[39m +
        [32m`\x1B[2m  - waiting for locator('iframe[title="Iframe for expiry date"]') to be visible\x1B[22m\n`[39m,
      stack: [32m'TimeoutError: page.waitForSelector: Timeout 60000ms exceeded.\n'[39m +
        [32m'Call log:\n'[39m +
        [32m`\x1B[2m  - waiting for locator('iframe[title="Iframe for expiry date"]') to be visible\x1B[22m\n`[39m +
        [32m'\n'[39m +
        [32m'    at payWithCard (C:\\playwright-project\\src\\page-objects\\paymentPage.ts:4:20)\n'[39m +
        [32m'    at payWithCardInformation (C:\\playwright-project\\src\\tests\\1TipsNoExtraNoSeat.spec.ts:84:22)\n'[39m +
        [32m'    at fn (C:\\playwright-project\\src\\tests\\1TipsNoExtraNoSeat.spec.ts:211:15)\n'[39m +
        [32m'    at runWithRetries (C:\\playwright-project\\src\\tests\\1TipsNoExtraNoSeat.spec.ts:120:13)\n'[39m +
        [32m'    at executeTests (C:\\playwright-project\\src\\tests\\1TipsNoExtraNoSeat.spec.ts:210:35)\n'[39m +
        [32m'    at C:\\playwright-project\\src\\tests\\1TipsNoExtraNoSeat.spec.ts:403:30'[39m,
      cause: [90mundefined[39m
    }
  }
}
Error while handling iframe payment: page.waitForSelector: Timeout 60000ms exceeded.
Call log:
[2m  - waiting for locator('iframe[title="Iframe for expiry date"]') to be visible[22m

    at payWithCard [90m(C:\playwright-project\[39msrc\page-objects\paymentPage.ts:4:20[90m)[39m
    at payWithCardInformation [90m(C:\playwright-project\[39msrc\tests\1TipsNoExtraNoSeat.spec.ts:84:22[90m)[39m
    at fn [90m(C:\playwright-project\[39msrc\tests\1TipsNoExtraNoSeat.spec.ts:211:15[90m)[39m
    at runWithRetries [90m(C:\playwright-project\[39msrc\tests\1TipsNoExtraNoSeat.spec.ts:120:13[90m)[39m
    at executeTests [90m(C:\playwright-project\[39msrc\tests\1TipsNoExtraNoSeat.spec.ts:210:29[90m)[39m
    at [90mC:\playwright-project\[39msrc\tests\1TipsNoExtraNoSeat.spec.ts:403:30 {
  name: [32m'TimeoutError'[39m,
  [[32mSymbol(step)[39m]: {
    stepId: [32m'pw:api@68'[39m,
    location: {
      file: [32m'C:\\playwright-project\\src\\page-objects\\paymentPage.ts'[39m,
      line: [33m4[39m,
      column: [33m20[39m,
      function: [32m'payWithCard'[39m
    },
    category: [32m'pw:api'[39m,
    title: [32m'page.waitForSelector(iframe[title="Iframe for expiry date"])'[39m,
    apiName: [32m'page.waitForSelector'[39m,
    params: {
      selector: [32m'iframe[title="Iframe for expiry date"]'[39m,
      timeout: [33m60000[39m
    },
    boxedStack: [90mundefined[39m,
    steps: [],
    complete: [36m[Function: complete][39m,
    endWallTime: [33m1737618694447[39m,
    error: {
      message: [32m'TimeoutError: page.waitForSelector: Timeout 60000ms exceeded.\n'[39m +
        [32m'Call log:\n'[39m +
        [32m`\x1B[2m  - waiting for locator('iframe[title="Iframe for expiry date"]') to be visible\x1B[22m\n`[39m,
      stack: [32m'TimeoutError: page.waitForSelector: Timeout 60000ms exceeded.\n'[39m +
        [32m'Call log:\n'[39m +
        [32m`\x1B[2m  - waiting for locator('iframe[title="Iframe for expiry date"]') to be visible\x1B[22m\n`[39m +
        [32m'\n'[39m +
        [32m'    at payWithCard (C:\\playwright-project\\src\\page-objects\\paymentPage.ts:4:20)\n'[39m +
        [32m'    at payWithCardInformation (C:\\playwright-project\\src\\tests\\1TipsNoExtraNoSeat.spec.ts:84:22)\n'[39m +
        [32m'    at fn (C:\\playwright-project\\src\\tests\\1TipsNoExtraNoSeat.spec.ts:211:15)\n'[39m +
        [32m'    at runWithRetries (C:\\playwright-project\\src\\tests\\1TipsNoExtraNoSeat.spec.ts:120:13)\n'[39m +
        [32m'    at executeTests (C:\\playwright-project\\src\\tests\\1TipsNoExtraNoSeat.spec.ts:210:29)\n'[39m +
        [32m'    at C:\\playwright-project\\src\\tests\\1TipsNoExtraNoSeat.spec.ts:403:30'[39m,
      cause: [90mundefined[39m
    }
  }
}
Intento 2 fallido en payWithCard: page.waitForSelector: Timeout 60000ms exceeded.
Call log:
[2m  - waiting for locator('iframe[title="Iframe for expiry date"]') to be visible[22m

    at payWithCard [90m(C:\playwright-project\[39msrc\page-objects\paymentPage.ts:4:20[90m)[39m
    at payWithCardInformation [90m(C:\playwright-project\[39msrc\tests\1TipsNoExtraNoSeat.spec.ts:84:22[90m)[39m
    at fn [90m(C:\playwright-project\[39msrc\tests\1TipsNoExtraNoSeat.spec.ts:211:15[90m)[39m
    at runWithRetries [90m(C:\playwright-project\[39msrc\tests\1TipsNoExtraNoSeat.spec.ts:120:13[90m)[39m
    at executeTests [90m(C:\playwright-project\[39msrc\tests\1TipsNoExtraNoSeat.spec.ts:210:29[90m)[39m
    at [90mC:\playwright-project\[39msrc\tests\1TipsNoExtraNoSeat.spec.ts:403:30 {
  name: [32m'TimeoutError'[39m,
  [[32mSymbol(step)[39m]: {
    stepId: [32m'pw:api@68'[39m,
    location: {
      file: [32m'C:\\playwright-project\\src\\page-objects\\paymentPage.ts'[39m,
      line: [33m4[39m,
      column: [33m20[39m,
      function: [32m'payWithCard'[39m
    },
    category: [32m'pw:api'[39m,
    title: [32m'page.waitForSelector(iframe[title="Iframe for expiry date"])'[39m,
    apiName: [32m'page.waitForSelector'[39m,
    params: {
      selector: [32m'iframe[title="Iframe for expiry date"]'[39m,
      timeout: [33m60000[39m
    },
    boxedStack: [90mundefined[39m,
    steps: [],
    complete: [36m[Function: complete][39m,
    endWallTime: [33m1737618694447[39m,
    error: {
      message: [32m'TimeoutError: page.waitForSelector: Timeout 60000ms exceeded.\n'[39m +
        [32m'Call log:\n'[39m +
        [32m`\x1B[2m  - waiting for locator('iframe[title="Iframe for expiry date"]') to be visible\x1B[22m\n`[39m,
      stack: [32m'TimeoutError: page.waitForSelector: Timeout 60000ms exceeded.\n'[39m +
        [32m'Call log:\n'[39m +
        [32m`\x1B[2m  - waiting for locator('iframe[title="Iframe for expiry date"]') to be visible\x1B[22m\n`[39m +
        [32m'\n'[39m +
        [32m'    at payWithCard (C:\\playwright-project\\src\\page-objects\\paymentPage.ts:4:20)\n'[39m +
        [32m'    at payWithCardInformation (C:\\playwright-project\\src\\tests\\1TipsNoExtraNoSeat.spec.ts:84:22)\n'[39m +
        [32m'    at fn (C:\\playwright-project\\src\\tests\\1TipsNoExtraNoSeat.spec.ts:211:15)\n'[39m +
        [32m'    at runWithRetries (C:\\playwright-project\\src\\tests\\1TipsNoExtraNoSeat.spec.ts:120:13)\n'[39m +
        [32m'    at executeTests (C:\\playwright-project\\src\\tests\\1TipsNoExtraNoSeat.spec.ts:210:29)\n'[39m +
        [32m'    at C:\\playwright-project\\src\\tests\\1TipsNoExtraNoSeat.spec.ts:403:30'[39m,
      cause: [90mundefined[39m
    }
  }
}
Error while handling iframe payment: page.waitForSelector: Timeout 60000ms exceeded.
Call log:
[2m  - waiting for locator('iframe[title="Iframe for expiry date"]') to be visible[22m

    at payWithCard [90m(C:\playwright-project\[39msrc\page-objects\paymentPage.ts:4:20[90m)[39m
    at payWithCardInformation [90m(C:\playwright-project\[39msrc\tests\1TipsNoExtraNoSeat.spec.ts:84:22[90m)[39m
    at fn [90m(C:\playwright-project\[39msrc\tests\1TipsNoExtraNoSeat.spec.ts:211:15[90m)[39m
    at runWithRetries [90m(C:\playwright-project\[39msrc\tests\1TipsNoExtraNoSeat.spec.ts:120:13[90m)[39m
    at executeTests [90m(C:\playwright-project\[39msrc\tests\1TipsNoExtraNoSeat.spec.ts:210:29[90m)[39m
    at [90mC:\playwright-project\[39msrc\tests\1TipsNoExtraNoSeat.spec.ts:403:30 {
  name: [32m'TimeoutError'[39m,
  [[32mSymbol(step)[39m]: {
    stepId: [32m'pw:api@69'[39m,
    location: {
      file: [32m'C:\\playwright-project\\src\\page-objects\\paymentPage.ts'[39m,
      line: [33m4[39m,
      column: [33m20[39m,
      function: [32m'payWithCard'[39m
    },
    category: [32m'pw:api'[39m,
    title: [32m'page.waitForSelector(iframe[title="Iframe for expiry date"])'[39m,
    apiName: [32m'page.waitForSelector'[39m,
    params: {
      selector: [32m'iframe[title="Iframe for expiry date"]'[39m,
      timeout: [33m60000[39m
    },
    boxedStack: [90mundefined[39m,
    steps: [],
    complete: [36m[Function: complete][39m,
    endWallTime: [33m1737618754464[39m,
    error: {
      message: [32m'TimeoutError: page.waitForSelector: Timeout 60000ms exceeded.\n'[39m +
        [32m'Call log:\n'[39m +
        [32m`\x1B[2m  - waiting for locator('iframe[title="Iframe for expiry date"]') to be visible\x1B[22m\n`[39m,
      stack: [32m'TimeoutError: page.waitForSelector: Timeout 60000ms exceeded.\n'[39m +
        [32m'Call log:\n'[39m +
        [32m`\x1B[2m  - waiting for locator('iframe[title="Iframe for expiry date"]') to be visible\x1B[22m\n`[39m +
        [32m'\n'[39m +
        [32m'    at payWithCard (C:\\playwright-project\\src\\page-objects\\paymentPage.ts:4:20)\n'[39m +
        [32m'    at payWithCardInformation (C:\\playwright-project\\src\\tests\\1TipsNoExtraNoSeat.spec.ts:84:22)\n'[39m +
        [32m'    at fn (C:\\playwright-project\\src\\tests\\1TipsNoExtraNoSeat.spec.ts:211:15)\n'[39m +
        [32m'    at runWithRetries (C:\\playwright-project\\src\\tests\\1TipsNoExtraNoSeat.spec.ts:120:13)\n'[39m +
        [32m'    at executeTests (C:\\playwright-project\\src\\tests\\1TipsNoExtraNoSeat.spec.ts:210:29)\n'[39m +
        [32m'    at C:\\playwright-project\\src\\tests\\1TipsNoExtraNoSeat.spec.ts:403:30'[39m,
      cause: [90mundefined[39m
    }
  }
}
Intento 3 fallido en payWithCard: page.waitForSelector: Timeout 60000ms exceeded.
Call log:
[2m  - waiting for locator('iframe[title="Iframe for expiry date"]') to be visible[22m

    at payWithCard [90m(C:\playwright-project\[39msrc\page-objects\paymentPage.ts:4:20[90m)[39m
    at payWithCardInformation [90m(C:\playwright-project\[39msrc\tests\1TipsNoExtraNoSeat.spec.ts:84:22[90m)[39m
    at fn [90m(C:\playwright-project\[39msrc\tests\1TipsNoExtraNoSeat.spec.ts:211:15[90m)[39m
    at runWithRetries [90m(C:\playwright-project\[39msrc\tests\1TipsNoExtraNoSeat.spec.ts:120:13[90m)[39m
    at executeTests [90m(C:\playwright-project\[39msrc\tests\1TipsNoExtraNoSeat.spec.ts:210:29[90m)[39m
    at [90mC:\playwright-project\[39msrc\tests\1TipsNoExtraNoSeat.spec.ts:403:30 {
  name: [32m'TimeoutError'[39m,
  [[32mSymbol(step)[39m]: {
    stepId: [32m'pw:api@69'[39m,
    location: {
      file: [32m'C:\\playwright-project\\src\\page-objects\\paymentPage.ts'[39m,
      line: [33m4[39m,
      column: [33m20[39m,
      function: [32m'payWithCard'[39m
    },
    category: [32m'pw:api'[39m,
    title: [32m'page.waitForSelector(iframe[title="Iframe for expiry date"])'[39m,
    apiName: [32m'page.waitForSelector'[39m,
    params: {
      selector: [32m'iframe[title="Iframe for expiry date"]'[39m,
      timeout: [33m60000[39m
    },
    boxedStack: [90mundefined[39m,
    steps: [],
    complete: [36m[Function: complete][39m,
    endWallTime: [33m1737618754464[39m,
    error: {
      message: [32m'TimeoutError: page.waitForSelector: Timeout 60000ms exceeded.\n'[39m +
        [32m'Call log:\n'[39m +
        [32m`\x1B[2m  - waiting for locator('iframe[title="Iframe for expiry date"]') to be visible\x1B[22m\n`[39m,
      stack: [32m'TimeoutError: page.waitForSelector: Timeout 60000ms exceeded.\n'[39m +
        [32m'Call log:\n'[39m +
        [32m`\x1B[2m  - waiting for locator('iframe[title="Iframe for expiry date"]') to be visible\x1B[22m\n`[39m +
        [32m'\n'[39m +
        [32m'    at payWithCard (C:\\playwright-project\\src\\page-objects\\paymentPage.ts:4:20)\n'[39m +
        [32m'    at payWithCardInformation (C:\\playwright-project\\src\\tests\\1TipsNoExtraNoSeat.spec.ts:84:22)\n'[39m +
        [32m'    at fn (C:\\playwright-project\\src\\tests\\1TipsNoExtraNoSeat.spec.ts:211:15)\n'[39m +
        [32m'    at runWithRetries (C:\\playwright-project\\src\\tests\\1TipsNoExtraNoSeat.spec.ts:120:13)\n'[39m +
        [32m'    at executeTests (C:\\playwright-project\\src\\tests\\1TipsNoExtraNoSeat.spec.ts:210:29)\n'[39m +
        [32m'    at C:\\playwright-project\\src\\tests\\1TipsNoExtraNoSeat.spec.ts:403:30'[39m,
      cause: [90mundefined[39m
    }
  }
}
Prueba payWithCard fallida después de 3 intentos.
Confirmation page validation failed: Flight Summary section not found on confirmation page
Intento 1 fallido en payWithCard: Error: Flight Summary section not found on confirmation page
    at validationConfirmPage [90m(C:\playwright-project\[39msrc\page-objects\confirmation.ts:29:19[90m)[39m
[90m    at runNextTicks (node:internal/process/task_queues:65:5)[39m
[90m    at processImmediate (node:internal/timers:459:9)[39m
[90m    at process.callbackTrampoline (node:internal/async_hooks:130:17)[39m
    at validationConfirmationPage [90m(C:\playwright-project\[39msrc\tests\1TipsNoExtraNoSeat.spec.ts:89:3[90m)[39m
    at runWithRetries [90m(C:\playwright-project\[39msrc\tests\1TipsNoExtraNoSeat.spec.ts:120:7[90m)[39m
    at executeTests [90m(C:\playwright-project\[39msrc\tests\1TipsNoExtraNoSeat.spec.ts:220:29[90m)[39m
    at [90mC:\playwright-project\[39msrc\tests\1TipsNoExtraNoSeat.spec.ts:403:30
    at [90mC:\playwright-project\[39mnode_modules\[4mplaywright[24m\lib\worker\workerMain.js:339:9
    at [90mC:\playwright-project\[39mnode_modules\[4mplaywright[24m\lib\worker\testInfo.js:286:11
    at TimeoutManager.withRunnable [90m(C:\playwright-project\[39mnode_modules\[4mplaywright[24m\lib\worker\timeoutManager.js:64:14[90m)[39m
    at TestInfoImpl._runAsStage [90m(C:\playwright-project\[39mnode_modules\[4mplaywright[24m\lib\worker\testInfo.js:284:7[90m)[39m
    at [90mC:\playwright-project\[39mnode_modules\[4mplaywright[24m\lib\worker\workerMain.js:331:7
    at [90mC:\playwright-project\[39mnode_modules\[4mplaywright[24m\lib\worker\testInfo.js:286:11
    at TimeoutManager.withRunnable [90m(C:\playwright-project\[39mnode_modules\[4mplaywright[24m\lib\worker\timeoutManager.js:52:27[90m)[39m
    at TestInfoImpl._runAsStage [90m(C:\playwright-project\[39mnode_modules\[4mplaywright[24m\lib\worker\testInfo.js:284:7[90m)[39m
    at WorkerMain._runTest [90m(C:\playwright-project\[39mnode_modules\[4mplaywright[24m\lib\worker\workerMain.js:281:5[90m)[39m
    at WorkerMain.runTestGroup [90m(C:\playwright-project\[39mnode_modules\[4mplaywright[24m\lib\worker\workerMain.js:205:11[90m)[39m
    at process.<anonymous> [90m(C:\playwright-project\[39mnode_modules\[4mplaywright[24m\lib\common\process.js:95:22[90m)[39m
Confirmation page validation failed: Not on confirmation page URL
Intento 2 fallido en payWithCard: Error: Not on confirmation page URL
    at validationConfirmPage [90m(C:\playwright-project\[39msrc\page-objects\confirmation.ts:36:19[90m)[39m
    at validationConfirmationPage [90m(C:\playwright-project\[39msrc\tests\1TipsNoExtraNoSeat.spec.ts:89:3[90m)[39m
    at runWithRetries [90m(C:\playwright-project\[39msrc\tests\1TipsNoExtraNoSeat.spec.ts:120:7[90m)[39m
    at executeTests [90m(C:\playwright-project\[39msrc\tests\1TipsNoExtraNoSeat.spec.ts:220:29[90m)[39m
    at [90mC:\playwright-project\[39msrc\tests\1TipsNoExtraNoSeat.spec.ts:403:30
    at [90mC:\playwright-project\[39mnode_modules\[4mplaywright[24m\lib\worker\workerMain.js:339:9
    at [90mC:\playwright-project\[39mnode_modules\[4mplaywright[24m\lib\worker\testInfo.js:286:11
    at TimeoutManager.withRunnable [90m(C:\playwright-project\[39mnode_modules\[4mplaywright[24m\lib\worker\timeoutManager.js:64:14[90m)[39m
    at TestInfoImpl._runAsStage [90m(C:\playwright-project\[39mnode_modules\[4mplaywright[24m\lib\worker\testInfo.js:284:7[90m)[39m
    at [90mC:\playwright-project\[39mnode_modules\[4mplaywright[24m\lib\worker\workerMain.js:331:7
    at [90mC:\playwright-project\[39mnode_modules\[4mplaywright[24m\lib\worker\testInfo.js:286:11
    at TimeoutManager.withRunnable [90m(C:\playwright-project\[39mnode_modules\[4mplaywright[24m\lib\worker\timeoutManager.js:52:27[90m)[39m
    at TestInfoImpl._runAsStage [90m(C:\playwright-project\[39mnode_modules\[4mplaywright[24m\lib\worker\testInfo.js:284:7[90m)[39m
    at WorkerMain._runTest [90m(C:\playwright-project\[39mnode_modules\[4mplaywright[24m\lib\worker\workerMain.js:281:5[90m)[39m
    at WorkerMain.runTestGroup [90m(C:\playwright-project\[39mnode_modules\[4mplaywright[24m\lib\worker\workerMain.js:205:11[90m)[39m
    at process.<anonymous> [90m(C:\playwright-project\[39mnode_modules\[4mplaywright[24m\lib\common\process.js:95:22[90m)[39m
]]>
</system-err>
</testcase>
<testcase name="5. Compra 1 Adulto - 1 niño - Economy Light - Economy Light - Nombre con caracteres especiales - con assitence - sin asiento - sin extras › Ejecución completa con reintentos" classname="1TipsNoExtraNoSeat.spec.ts" time="70.606">
<system-out>
<![CDATA[Ejecución completa, intento 1 de 5
Ejecutando Booking, intento 1
Fecha de salida seleccionada: { year: [32m'2025'[39m, month: [32m'6'[39m, index: [33m1[39m, value: [33m5[39m }
Ajustando número de pasajeros
Successfully clicked the element: div.price-cabin:has-text("Economy")
Ejecutando fillPassengerAdult 1, intento 1
Ejecutando fillPassengerChild 1, intento 1
Ejecutando fillContact, intento 1
Ejecutando payWithCard, intento 1
Iframe encontrado.
Ejecutando payWithCard, intento 1
Ejecutando payWithCard, intento 2
Ejecutando payWithCard, intento 3
]]>
</system-out>
<system-err>
<![CDATA[Confirmation page validation failed: Flight Summary section not found on confirmation page
Intento 1 fallido en payWithCard: Error: Flight Summary section not found on confirmation page
    at validationConfirmPage [90m(C:\playwright-project\[39msrc\page-objects\confirmation.ts:29:19[90m)[39m
[90m    at runNextTicks (node:internal/process/task_queues:65:5)[39m
[90m    at processImmediate (node:internal/timers:459:9)[39m
[90m    at process.callbackTrampoline (node:internal/async_hooks:130:17)[39m
    at validationConfirmationPage [90m(C:\playwright-project\[39msrc\tests\1TipsNoExtraNoSeat.spec.ts:89:3[90m)[39m
    at runWithRetries [90m(C:\playwright-project\[39msrc\tests\1TipsNoExtraNoSeat.spec.ts:120:7[90m)[39m
    at executeTests [90m(C:\playwright-project\[39msrc\tests\1TipsNoExtraNoSeat.spec.ts:220:29[90m)[39m
    at [90mC:\playwright-project\[39msrc\tests\1TipsNoExtraNoSeat.spec.ts:448:29
    at [90mC:\playwright-project\[39mnode_modules\[4mplaywright[24m\lib\worker\workerMain.js:339:9
    at [90mC:\playwright-project\[39mnode_modules\[4mplaywright[24m\lib\worker\testInfo.js:286:11
    at TimeoutManager.withRunnable [90m(C:\playwright-project\[39mnode_modules\[4mplaywright[24m\lib\worker\timeoutManager.js:64:14[90m)[39m
    at TestInfoImpl._runAsStage [90m(C:\playwright-project\[39mnode_modules\[4mplaywright[24m\lib\worker\testInfo.js:284:7[90m)[39m
    at [90mC:\playwright-project\[39mnode_modules\[4mplaywright[24m\lib\worker\workerMain.js:331:7
    at [90mC:\playwright-project\[39mnode_modules\[4mplaywright[24m\lib\worker\testInfo.js:286:11
    at TimeoutManager.withRunnable [90m(C:\playwright-project\[39mnode_modules\[4mplaywright[24m\lib\worker\timeoutManager.js:52:27[90m)[39m
    at TestInfoImpl._runAsStage [90m(C:\playwright-project\[39mnode_modules\[4mplaywright[24m\lib\worker\testInfo.js:284:7[90m)[39m
    at WorkerMain._runTest [90m(C:\playwright-project\[39mnode_modules\[4mplaywright[24m\lib\worker\workerMain.js:281:5[90m)[39m
    at WorkerMain.runTestGroup [90m(C:\playwright-project\[39mnode_modules\[4mplaywright[24m\lib\worker\workerMain.js:205:11[90m)[39m
    at process.<anonymous> [90m(C:\playwright-project\[39mnode_modules\[4mplaywright[24m\lib\common\process.js:95:22[90m)[39m
Confirmation page validation failed: Not on confirmation page URL
Intento 2 fallido en payWithCard: Error: Not on confirmation page URL
    at validationConfirmPage [90m(C:\playwright-project\[39msrc\page-objects\confirmation.ts:36:19[90m)[39m
    at validationConfirmationPage [90m(C:\playwright-project\[39msrc\tests\1TipsNoExtraNoSeat.spec.ts:89:3[90m)[39m
    at runWithRetries [90m(C:\playwright-project\[39msrc\tests\1TipsNoExtraNoSeat.spec.ts:120:7[90m)[39m
    at executeTests [90m(C:\playwright-project\[39msrc\tests\1TipsNoExtraNoSeat.spec.ts:220:29[90m)[39m
    at [90mC:\playwright-project\[39msrc\tests\1TipsNoExtraNoSeat.spec.ts:448:29
    at [90mC:\playwright-project\[39mnode_modules\[4mplaywright[24m\lib\worker\workerMain.js:339:9
    at [90mC:\playwright-project\[39mnode_modules\[4mplaywright[24m\lib\worker\testInfo.js:286:11
    at TimeoutManager.withRunnable [90m(C:\playwright-project\[39mnode_modules\[4mplaywright[24m\lib\worker\timeoutManager.js:64:14[90m)[39m
    at TestInfoImpl._runAsStage [90m(C:\playwright-project\[39mnode_modules\[4mplaywright[24m\lib\worker\testInfo.js:284:7[90m)[39m
    at [90mC:\playwright-project\[39mnode_modules\[4mplaywright[24m\lib\worker\workerMain.js:331:7
    at [90mC:\playwright-project\[39mnode_modules\[4mplaywright[24m\lib\worker\testInfo.js:286:11
    at TimeoutManager.withRunnable [90m(C:\playwright-project\[39mnode_modules\[4mplaywright[24m\lib\worker\timeoutManager.js:52:27[90m)[39m
    at TestInfoImpl._runAsStage [90m(C:\playwright-project\[39mnode_modules\[4mplaywright[24m\lib\worker\testInfo.js:284:7[90m)[39m
    at WorkerMain._runTest [90m(C:\playwright-project\[39mnode_modules\[4mplaywright[24m\lib\worker\workerMain.js:281:5[90m)[39m
    at WorkerMain.runTestGroup [90m(C:\playwright-project\[39mnode_modules\[4mplaywright[24m\lib\worker\workerMain.js:205:11[90m)[39m
    at process.<anonymous> [90m(C:\playwright-project\[39mnode_modules\[4mplaywright[24m\lib\common\process.js:95:22[90m)[39m
]]>
</system-err>
</testcase>
<testcase name="6. Compra 1 Adulto - 3 niño - Economy Light - Economy Light - Nombre con caracteres especiales - con assitence - sin asiento - sin extras › Ejecución completa con reintentos" classname="1TipsNoExtraNoSeat.spec.ts" time="96.297">
<system-out>
<![CDATA[Ejecución completa, intento 1 de 5
Ejecutando Booking, intento 1
Fecha de salida seleccionada: { year: [32m'2025'[39m, month: [32m'5'[39m, index: [33m12[39m, value: [33m29[39m }
Ajustando número de pasajeros
Successfully clicked the element: div.price-cabin:has-text("Economy")
Ejecutando fillPassengerAdult 1, intento 1
Ejecutando fillPassengerChild 1, intento 1
Ejecutando fillPassengerChild 2, intento 1
Ejecutando fillPassengerChild 3, intento 1
Ejecutando fillContact, intento 1
Ejecutando payWithCard, intento 1
Iframe encontrado.
Ejecutando payWithCard, intento 1
Ejecutando payWithCard, intento 2
Ejecutando payWithCard, intento 3
]]>
</system-out>
<system-err>
<![CDATA[Confirmation page validation failed: Flight Summary section not found on confirmation page
Intento 1 fallido en payWithCard: Error: Flight Summary section not found on confirmation page
    at validationConfirmPage [90m(C:\playwright-project\[39msrc\page-objects\confirmation.ts:29:19[90m)[39m
[90m    at runNextTicks (node:internal/process/task_queues:65:5)[39m
[90m    at processImmediate (node:internal/timers:459:9)[39m
[90m    at process.callbackTrampoline (node:internal/async_hooks:130:17)[39m
    at validationConfirmationPage [90m(C:\playwright-project\[39msrc\tests\1TipsNoExtraNoSeat.spec.ts:89:3[90m)[39m
    at runWithRetries [90m(C:\playwright-project\[39msrc\tests\1TipsNoExtraNoSeat.spec.ts:120:7[90m)[39m
    at executeTests [90m(C:\playwright-project\[39msrc\tests\1TipsNoExtraNoSeat.spec.ts:220:29[90m)[39m
    at [90mC:\playwright-project\[39msrc\tests\1TipsNoExtraNoSeat.spec.ts:494:30
    at [90mC:\playwright-project\[39mnode_modules\[4mplaywright[24m\lib\worker\workerMain.js:339:9
    at [90mC:\playwright-project\[39mnode_modules\[4mplaywright[24m\lib\worker\testInfo.js:286:11
    at TimeoutManager.withRunnable [90m(C:\playwright-project\[39mnode_modules\[4mplaywright[24m\lib\worker\timeoutManager.js:64:14[90m)[39m
    at TestInfoImpl._runAsStage [90m(C:\playwright-project\[39mnode_modules\[4mplaywright[24m\lib\worker\testInfo.js:284:7[90m)[39m
    at [90mC:\playwright-project\[39mnode_modules\[4mplaywright[24m\lib\worker\workerMain.js:331:7
    at [90mC:\playwright-project\[39mnode_modules\[4mplaywright[24m\lib\worker\testInfo.js:286:11
    at TimeoutManager.withRunnable [90m(C:\playwright-project\[39mnode_modules\[4mplaywright[24m\lib\worker\timeoutManager.js:52:27[90m)[39m
    at TestInfoImpl._runAsStage [90m(C:\playwright-project\[39mnode_modules\[4mplaywright[24m\lib\worker\testInfo.js:284:7[90m)[39m
    at WorkerMain._runTest [90m(C:\playwright-project\[39mnode_modules\[4mplaywright[24m\lib\worker\workerMain.js:281:5[90m)[39m
    at WorkerMain.runTestGroup [90m(C:\playwright-project\[39mnode_modules\[4mplaywright[24m\lib\worker\workerMain.js:205:11[90m)[39m
    at process.<anonymous> [90m(C:\playwright-project\[39mnode_modules\[4mplaywright[24m\lib\common\process.js:95:22[90m)[39m
Confirmation page validation failed: Not on confirmation page URL
Intento 2 fallido en payWithCard: Error: Not on confirmation page URL
    at validationConfirmPage [90m(C:\playwright-project\[39msrc\page-objects\confirmation.ts:36:19[90m)[39m
[90m    at runNextTicks (node:internal/process/task_queues:65:5)[39m
[90m    at processImmediate (node:internal/timers:459:9)[39m
[90m    at process.callbackTrampoline (node:internal/async_hooks:130:17)[39m
    at validationConfirmationPage [90m(C:\playwright-project\[39msrc\tests\1TipsNoExtraNoSeat.spec.ts:89:3[90m)[39m
    at runWithRetries [90m(C:\playwright-project\[39msrc\tests\1TipsNoExtraNoSeat.spec.ts:120:7[90m)[39m
    at executeTests [90m(C:\playwright-project\[39msrc\tests\1TipsNoExtraNoSeat.spec.ts:220:29[90m)[39m
    at [90mC:\playwright-project\[39msrc\tests\1TipsNoExtraNoSeat.spec.ts:494:30
    at [90mC:\playwright-project\[39mnode_modules\[4mplaywright[24m\lib\worker\workerMain.js:339:9
    at [90mC:\playwright-project\[39mnode_modules\[4mplaywright[24m\lib\worker\testInfo.js:286:11
    at TimeoutManager.withRunnable [90m(C:\playwright-project\[39mnode_modules\[4mplaywright[24m\lib\worker\timeoutManager.js:64:14[90m)[39m
    at TestInfoImpl._runAsStage [90m(C:\playwright-project\[39mnode_modules\[4mplaywright[24m\lib\worker\testInfo.js:284:7[90m)[39m
    at [90mC:\playwright-project\[39mnode_modules\[4mplaywright[24m\lib\worker\workerMain.js:331:7
    at [90mC:\playwright-project\[39mnode_modules\[4mplaywright[24m\lib\worker\testInfo.js:286:11
    at TimeoutManager.withRunnable [90m(C:\playwright-project\[39mnode_modules\[4mplaywright[24m\lib\worker\timeoutManager.js:52:27[90m)[39m
    at TestInfoImpl._runAsStage [90m(C:\playwright-project\[39mnode_modules\[4mplaywright[24m\lib\worker\testInfo.js:284:7[90m)[39m
    at WorkerMain._runTest [90m(C:\playwright-project\[39mnode_modules\[4mplaywright[24m\lib\worker\workerMain.js:281:5[90m)[39m
    at WorkerMain.runTestGroup [90m(C:\playwright-project\[39mnode_modules\[4mplaywright[24m\lib\worker\workerMain.js:205:11[90m)[39m
    at process.<anonymous> [90m(C:\playwright-project\[39mnode_modules\[4mplaywright[24m\lib\common\process.js:95:22[90m)[39m
]]>
</system-err>
</testcase>
<testcase name="7. Compra 1 Adulto - 1 infante - Economy Light- Nombre con caracteres especiales - sin asiento - sin extras › Ejecución completa con reintentos" classname="1TipsNoExtraNoSeat.spec.ts" time="52.035">
<system-out>
<![CDATA[Ejecución completa, intento 1 de 5
Ejecutando Booking, intento 1
Fecha de salida seleccionada: { year: [32m'2025'[39m, month: [32m'6'[39m, index: [33m7[39m, value: [33m19[39m }
Ajustando número de pasajeros
Successfully clicked the element: div.price-cabin:has-text("Economy")
Ejecutando fillPassengerAdult 1, intento 1
Ejecutando fillPassengerInfant 1, intento 1
Ejecutando fillContact, intento 1
Ejecutando payWithCard, intento 1
Iframe encontrado.
Ejecutando payWithCard, intento 1
Ejecutando payWithCard, intento 2
Ejecutando payWithCard, intento 3
]]>
</system-out>
<system-err>
<![CDATA[Error while filling passenger data: TypeError: Cannot read properties of undefined (reading 'length')
    at fillPassengerFor [90m(C:\playwright-project\[39msrc\page-objects\PassengerPage.ts:31:27[90m)[39m
    at fillPassengerInformation [90m(C:\playwright-project\[39msrc\tests\1TipsNoExtraNoSeat.spec.ts:75:5[90m)[39m
    at runWithRetries [90m(C:\playwright-project\[39msrc\tests\1TipsNoExtraNoSeat.spec.ts:120:7[90m)[39m
    at executeTests [90m(C:\playwright-project\[39msrc\tests\1TipsNoExtraNoSeat.spec.ts:178:29[90m)[39m
    at [90mC:\playwright-project\[39msrc\tests\1TipsNoExtraNoSeat.spec.ts:539:30
    at [90mC:\playwright-project\[39mnode_modules\[4mplaywright[24m\lib\worker\workerMain.js:339:9
    at [90mC:\playwright-project\[39mnode_modules\[4mplaywright[24m\lib\worker\testInfo.js:286:11
    at TimeoutManager.withRunnable [90m(C:\playwright-project\[39mnode_modules\[4mplaywright[24m\lib\worker\timeoutManager.js:64:14[90m)[39m
    at TestInfoImpl._runAsStage [90m(C:\playwright-project\[39mnode_modules\[4mplaywright[24m\lib\worker\testInfo.js:284:7[90m)[39m
    at [90mC:\playwright-project\[39mnode_modules\[4mplaywright[24m\lib\worker\workerMain.js:331:7
    at [90mC:\playwright-project\[39mnode_modules\[4mplaywright[24m\lib\worker\testInfo.js:286:11
    at TimeoutManager.withRunnable [90m(C:\playwright-project\[39mnode_modules\[4mplaywright[24m\lib\worker\timeoutManager.js:52:27[90m)[39m
    at TestInfoImpl._runAsStage [90m(C:\playwright-project\[39mnode_modules\[4mplaywright[24m\lib\worker\testInfo.js:284:7[90m)[39m
    at WorkerMain._runTest [90m(C:\playwright-project\[39mnode_modules\[4mplaywright[24m\lib\worker\workerMain.js:281:5[90m)[39m
    at WorkerMain.runTestGroup [90m(C:\playwright-project\[39mnode_modules\[4mplaywright[24m\lib\worker\workerMain.js:205:11[90m)[39m
    at process.<anonymous> [90m(C:\playwright-project\[39mnode_modules\[4mplaywright[24m\lib\common\process.js:95:22[90m)[39m
Confirmation page validation failed: Flight Summary section not found on confirmation page
Intento 1 fallido en payWithCard: Error: Flight Summary section not found on confirmation page
    at validationConfirmPage [90m(C:\playwright-project\[39msrc\page-objects\confirmation.ts:29:19[90m)[39m
[90m    at runNextTicks (node:internal/process/task_queues:65:5)[39m
[90m    at processImmediate (node:internal/timers:459:9)[39m
[90m    at process.callbackTrampoline (node:internal/async_hooks:130:17)[39m
    at validationConfirmationPage [90m(C:\playwright-project\[39msrc\tests\1TipsNoExtraNoSeat.spec.ts:89:3[90m)[39m
    at runWithRetries [90m(C:\playwright-project\[39msrc\tests\1TipsNoExtraNoSeat.spec.ts:120:7[90m)[39m
    at executeTests [90m(C:\playwright-project\[39msrc\tests\1TipsNoExtraNoSeat.spec.ts:220:29[90m)[39m
    at [90mC:\playwright-project\[39msrc\tests\1TipsNoExtraNoSeat.spec.ts:539:30
    at [90mC:\playwright-project\[39mnode_modules\[4mplaywright[24m\lib\worker\workerMain.js:339:9
    at [90mC:\playwright-project\[39mnode_modules\[4mplaywright[24m\lib\worker\testInfo.js:286:11
    at TimeoutManager.withRunnable [90m(C:\playwright-project\[39mnode_modules\[4mplaywright[24m\lib\worker\timeoutManager.js:64:14[90m)[39m
    at TestInfoImpl._runAsStage [90m(C:\playwright-project\[39mnode_modules\[4mplaywright[24m\lib\worker\testInfo.js:284:7[90m)[39m
    at [90mC:\playwright-project\[39mnode_modules\[4mplaywright[24m\lib\worker\workerMain.js:331:7
    at [90mC:\playwright-project\[39mnode_modules\[4mplaywright[24m\lib\worker\testInfo.js:286:11
    at TimeoutManager.withRunnable [90m(C:\playwright-project\[39mnode_modules\[4mplaywright[24m\lib\worker\timeoutManager.js:52:27[90m)[39m
    at TestInfoImpl._runAsStage [90m(C:\playwright-project\[39mnode_modules\[4mplaywright[24m\lib\worker\testInfo.js:284:7[90m)[39m
    at WorkerMain._runTest [90m(C:\playwright-project\[39mnode_modules\[4mplaywright[24m\lib\worker\workerMain.js:281:5[90m)[39m
    at WorkerMain.runTestGroup [90m(C:\playwright-project\[39mnode_modules\[4mplaywright[24m\lib\worker\workerMain.js:205:11[90m)[39m
    at process.<anonymous> [90m(C:\playwright-project\[39mnode_modules\[4mplaywright[24m\lib\common\process.js:95:22[90m)[39m
Confirmation page validation failed: Not on confirmation page URL
Intento 2 fallido en payWithCard: Error: Not on confirmation page URL
    at validationConfirmPage [90m(C:\playwright-project\[39msrc\page-objects\confirmation.ts:36:19[90m)[39m
    at validationConfirmationPage [90m(C:\playwright-project\[39msrc\tests\1TipsNoExtraNoSeat.spec.ts:89:3[90m)[39m
    at runWithRetries [90m(C:\playwright-project\[39msrc\tests\1TipsNoExtraNoSeat.spec.ts:120:7[90m)[39m
    at executeTests [90m(C:\playwright-project\[39msrc\tests\1TipsNoExtraNoSeat.spec.ts:220:29[90m)[39m
    at [90mC:\playwright-project\[39msrc\tests\1TipsNoExtraNoSeat.spec.ts:539:30
    at [90mC:\playwright-project\[39mnode_modules\[4mplaywright[24m\lib\worker\workerMain.js:339:9
    at [90mC:\playwright-project\[39mnode_modules\[4mplaywright[24m\lib\worker\testInfo.js:286:11
    at TimeoutManager.withRunnable [90m(C:\playwright-project\[39mnode_modules\[4mplaywright[24m\lib\worker\timeoutManager.js:64:14[90m)[39m
    at TestInfoImpl._runAsStage [90m(C:\playwright-project\[39mnode_modules\[4mplaywright[24m\lib\worker\testInfo.js:284:7[90m)[39m
    at [90mC:\playwright-project\[39mnode_modules\[4mplaywright[24m\lib\worker\workerMain.js:331:7
    at [90mC:\playwright-project\[39mnode_modules\[4mplaywright[24m\lib\worker\testInfo.js:286:11
    at TimeoutManager.withRunnable [90m(C:\playwright-project\[39mnode_modules\[4mplaywright[24m\lib\worker\timeoutManager.js:52:27[90m)[39m
    at TestInfoImpl._runAsStage [90m(C:\playwright-project\[39mnode_modules\[4mplaywright[24m\lib\worker\testInfo.js:284:7[90m)[39m
    at WorkerMain._runTest [90m(C:\playwright-project\[39mnode_modules\[4mplaywright[24m\lib\worker\workerMain.js:281:5[90m)[39m
    at WorkerMain.runTestGroup [90m(C:\playwright-project\[39mnode_modules\[4mplaywright[24m\lib\worker\workerMain.js:205:11[90m)[39m
    at process.<anonymous> [90m(C:\playwright-project\[39mnode_modules\[4mplaywright[24m\lib\common\process.js:95:22[90m)[39m
]]>
</system-err>
</testcase>
<testcase name="8. Compra 1 Adulto Economy Light - Nombre sin caracteres especiales - sin assitence - sin asiento - sin extras › Ejecución completa con reintentos" classname="1TipsNoExtraNoSeat.spec.ts" time="37.096">
<system-out>
<![CDATA[Ejecución completa, intento 1 de 5
Ejecutando Booking, intento 1
Fecha de salida seleccionada: { year: [32m'2025'[39m, month: [32m'6'[39m, index: [33m2[39m, value: [33m7[39m }
Ajustando número de pasajeros
Successfully clicked the element: div.price-cabin:has-text("Economy")
Ejecutando fillPassengerAdult 1, intento 1
Ejecutando fillContact, intento 1
Ejecutando payWithCard, intento 1
Iframe encontrado.
Ejecutando payWithCard, intento 1
Ejecutando payWithCard, intento 2
Ejecutando payWithCard, intento 3
]]>
</system-out>
<system-err>
<![CDATA[Confirmation page validation failed: Flight Summary section not found on confirmation page
Intento 1 fallido en payWithCard: Error: Flight Summary section not found on confirmation page
    at validationConfirmPage [90m(C:\playwright-project\[39msrc\page-objects\confirmation.ts:29:19[90m)[39m
[90m    at runNextTicks (node:internal/process/task_queues:65:5)[39m
[90m    at processImmediate (node:internal/timers:459:9)[39m
[90m    at process.callbackTrampoline (node:internal/async_hooks:130:17)[39m
    at validationConfirmationPage [90m(C:\playwright-project\[39msrc\tests\1TipsNoExtraNoSeat.spec.ts:89:3[90m)[39m
    at runWithRetries [90m(C:\playwright-project\[39msrc\tests\1TipsNoExtraNoSeat.spec.ts:120:7[90m)[39m
    at executeTests [90m(C:\playwright-project\[39msrc\tests\1TipsNoExtraNoSeat.spec.ts:220:29[90m)[39m
    at [90mC:\playwright-project\[39msrc\tests\1TipsNoExtraNoSeat.spec.ts:580:30
    at [90mC:\playwright-project\[39mnode_modules\[4mplaywright[24m\lib\worker\workerMain.js:339:9
    at [90mC:\playwright-project\[39mnode_modules\[4mplaywright[24m\lib\worker\testInfo.js:286:11
    at TimeoutManager.withRunnable [90m(C:\playwright-project\[39mnode_modules\[4mplaywright[24m\lib\worker\timeoutManager.js:64:14[90m)[39m
    at TestInfoImpl._runAsStage [90m(C:\playwright-project\[39mnode_modules\[4mplaywright[24m\lib\worker\testInfo.js:284:7[90m)[39m
    at [90mC:\playwright-project\[39mnode_modules\[4mplaywright[24m\lib\worker\workerMain.js:331:7
    at [90mC:\playwright-project\[39mnode_modules\[4mplaywright[24m\lib\worker\testInfo.js:286:11
    at TimeoutManager.withRunnable [90m(C:\playwright-project\[39mnode_modules\[4mplaywright[24m\lib\worker\timeoutManager.js:52:27[90m)[39m
    at TestInfoImpl._runAsStage [90m(C:\playwright-project\[39mnode_modules\[4mplaywright[24m\lib\worker\testInfo.js:284:7[90m)[39m
    at WorkerMain._runTest [90m(C:\playwright-project\[39mnode_modules\[4mplaywright[24m\lib\worker\workerMain.js:281:5[90m)[39m
    at WorkerMain.runTestGroup [90m(C:\playwright-project\[39mnode_modules\[4mplaywright[24m\lib\worker\workerMain.js:205:11[90m)[39m
    at process.<anonymous> [90m(C:\playwright-project\[39mnode_modules\[4mplaywright[24m\lib\common\process.js:95:22[90m)[39m
Confirmation page validation failed: Not on confirmation page URL
Intento 2 fallido en payWithCard: Error: Not on confirmation page URL
    at validationConfirmPage [90m(C:\playwright-project\[39msrc\page-objects\confirmation.ts:36:19[90m)[39m
    at validationConfirmationPage [90m(C:\playwright-project\[39msrc\tests\1TipsNoExtraNoSeat.spec.ts:89:3[90m)[39m
    at runWithRetries [90m(C:\playwright-project\[39msrc\tests\1TipsNoExtraNoSeat.spec.ts:120:7[90m)[39m
    at executeTests [90m(C:\playwright-project\[39msrc\tests\1TipsNoExtraNoSeat.spec.ts:220:29[90m)[39m
    at [90mC:\playwright-project\[39msrc\tests\1TipsNoExtraNoSeat.spec.ts:580:30
    at [90mC:\playwright-project\[39mnode_modules\[4mplaywright[24m\lib\worker\workerMain.js:339:9
    at [90mC:\playwright-project\[39mnode_modules\[4mplaywright[24m\lib\worker\testInfo.js:286:11
    at TimeoutManager.withRunnable [90m(C:\playwright-project\[39mnode_modules\[4mplaywright[24m\lib\worker\timeoutManager.js:64:14[90m)[39m
    at TestInfoImpl._runAsStage [90m(C:\playwright-project\[39mnode_modules\[4mplaywright[24m\lib\worker\testInfo.js:284:7[90m)[39m
    at [90mC:\playwright-project\[39mnode_modules\[4mplaywright[24m\lib\worker\workerMain.js:331:7
    at [90mC:\playwright-project\[39mnode_modules\[4mplaywright[24m\lib\worker\testInfo.js:286:11
    at TimeoutManager.withRunnable [90m(C:\playwright-project\[39mnode_modules\[4mplaywright[24m\lib\worker\timeoutManager.js:52:27[90m)[39m
    at TestInfoImpl._runAsStage [90m(C:\playwright-project\[39mnode_modules\[4mplaywright[24m\lib\worker\testInfo.js:284:7[90m)[39m
    at WorkerMain._runTest [90m(C:\playwright-project\[39mnode_modules\[4mplaywright[24m\lib\worker\workerMain.js:281:5[90m)[39m
    at WorkerMain.runTestGroup [90m(C:\playwright-project\[39mnode_modules\[4mplaywright[24m\lib\worker\workerMain.js:205:11[90m)[39m
    at process.<anonymous> [90m(C:\playwright-project\[39mnode_modules\[4mplaywright[24m\lib\common\process.js:95:22[90m)[39m
]]>
</system-err>
</testcase>
<testcase name="9. Compra 1 Adulto Economy Comfort - Nombre sin caracteres especiales - sin assitence - sin asiento - sin extras › Ejecución completa con reintentos" classname="1TipsNoExtraNoSeat.spec.ts" time="48.022">
<system-out>
<![CDATA[Ejecución completa, intento 1 de 5
Ejecutando Booking, intento 1
Fecha de salida seleccionada: { year: [32m'2025'[39m, month: [32m'6'[39m, index: [33m5[39m, value: [33m14[39m }
Ajustando número de pasajeros
Successfully clicked the element: div.price-cabin:has-text("Economy")
Ejecutando fillPassengerAdult 1, intento 1
Ejecutando fillContact, intento 1
Ejecutando payWithCard, intento 1
Iframe encontrado.
Ejecutando payWithCard, intento 1
Ejecutando payWithCard, intento 2
Ejecutando payWithCard, intento 3
]]>
</system-out>
<system-err>
<![CDATA[Confirmation page validation failed: Flight Summary section not found on confirmation page
Intento 1 fallido en payWithCard: Error: Flight Summary section not found on confirmation page
    at validationConfirmPage [90m(C:\playwright-project\[39msrc\page-objects\confirmation.ts:29:19[90m)[39m
[90m    at runNextTicks (node:internal/process/task_queues:65:5)[39m
[90m    at processImmediate (node:internal/timers:459:9)[39m
[90m    at process.callbackTrampoline (node:internal/async_hooks:130:17)[39m
    at validationConfirmationPage [90m(C:\playwright-project\[39msrc\tests\1TipsNoExtraNoSeat.spec.ts:89:3[90m)[39m
    at runWithRetries [90m(C:\playwright-project\[39msrc\tests\1TipsNoExtraNoSeat.spec.ts:120:7[90m)[39m
    at executeTests [90m(C:\playwright-project\[39msrc\tests\1TipsNoExtraNoSeat.spec.ts:220:29[90m)[39m
    at [90mC:\playwright-project\[39msrc\tests\1TipsNoExtraNoSeat.spec.ts:622:30
    at [90mC:\playwright-project\[39mnode_modules\[4mplaywright[24m\lib\worker\workerMain.js:339:9
    at [90mC:\playwright-project\[39mnode_modules\[4mplaywright[24m\lib\worker\testInfo.js:286:11
    at TimeoutManager.withRunnable [90m(C:\playwright-project\[39mnode_modules\[4mplaywright[24m\lib\worker\timeoutManager.js:64:14[90m)[39m
    at TestInfoImpl._runAsStage [90m(C:\playwright-project\[39mnode_modules\[4mplaywright[24m\lib\worker\testInfo.js:284:7[90m)[39m
    at [90mC:\playwright-project\[39mnode_modules\[4mplaywright[24m\lib\worker\workerMain.js:331:7
    at [90mC:\playwright-project\[39mnode_modules\[4mplaywright[24m\lib\worker\testInfo.js:286:11
    at TimeoutManager.withRunnable [90m(C:\playwright-project\[39mnode_modules\[4mplaywright[24m\lib\worker\timeoutManager.js:52:27[90m)[39m
    at TestInfoImpl._runAsStage [90m(C:\playwright-project\[39mnode_modules\[4mplaywright[24m\lib\worker\testInfo.js:284:7[90m)[39m
    at WorkerMain._runTest [90m(C:\playwright-project\[39mnode_modules\[4mplaywright[24m\lib\worker\workerMain.js:281:5[90m)[39m
    at WorkerMain.runTestGroup [90m(C:\playwright-project\[39mnode_modules\[4mplaywright[24m\lib\worker\workerMain.js:205:11[90m)[39m
    at process.<anonymous> [90m(C:\playwright-project\[39mnode_modules\[4mplaywright[24m\lib\common\process.js:95:22[90m)[39m
Confirmation page validation failed: Not on confirmation page URL
Intento 2 fallido en payWithCard: Error: Not on confirmation page URL
    at validationConfirmPage [90m(C:\playwright-project\[39msrc\page-objects\confirmation.ts:36:19[90m)[39m
    at validationConfirmationPage [90m(C:\playwright-project\[39msrc\tests\1TipsNoExtraNoSeat.spec.ts:89:3[90m)[39m
    at runWithRetries [90m(C:\playwright-project\[39msrc\tests\1TipsNoExtraNoSeat.spec.ts:120:7[90m)[39m
    at executeTests [90m(C:\playwright-project\[39msrc\tests\1TipsNoExtraNoSeat.spec.ts:220:29[90m)[39m
    at [90mC:\playwright-project\[39msrc\tests\1TipsNoExtraNoSeat.spec.ts:622:30
    at [90mC:\playwright-project\[39mnode_modules\[4mplaywright[24m\lib\worker\workerMain.js:339:9
    at [90mC:\playwright-project\[39mnode_modules\[4mplaywright[24m\lib\worker\testInfo.js:286:11
    at TimeoutManager.withRunnable [90m(C:\playwright-project\[39mnode_modules\[4mplaywright[24m\lib\worker\timeoutManager.js:64:14[90m)[39m
    at TestInfoImpl._runAsStage [90m(C:\playwright-project\[39mnode_modules\[4mplaywright[24m\lib\worker\testInfo.js:284:7[90m)[39m
    at [90mC:\playwright-project\[39mnode_modules\[4mplaywright[24m\lib\worker\workerMain.js:331:7
    at [90mC:\playwright-project\[39mnode_modules\[4mplaywright[24m\lib\worker\testInfo.js:286:11
    at TimeoutManager.withRunnable [90m(C:\playwright-project\[39mnode_modules\[4mplaywright[24m\lib\worker\timeoutManager.js:52:27[90m)[39m
    at TestInfoImpl._runAsStage [90m(C:\playwright-project\[39mnode_modules\[4mplaywright[24m\lib\worker\testInfo.js:284:7[90m)[39m
    at WorkerMain._runTest [90m(C:\playwright-project\[39mnode_modules\[4mplaywright[24m\lib\worker\workerMain.js:281:5[90m)[39m
    at WorkerMain.runTestGroup [90m(C:\playwright-project\[39mnode_modules\[4mplaywright[24m\lib\worker\workerMain.js:205:11[90m)[39m
    at process.<anonymous> [90m(C:\playwright-project\[39mnode_modules\[4mplaywright[24m\lib\common\process.js:95:22[90m)[39m
]]>
</system-err>
</testcase>
<testcase name="10. Compra 1 Adulto Economy Extra - Nombre sin caracteres especiales - sin assitence - sin asiento - sin extras › Ejecución completa con reintentos" classname="1TipsNoExtraNoSeat.spec.ts" time="38.619">
<system-out>
<![CDATA[Ejecución completa, intento 1 de 5
Ejecutando Booking, intento 1
Fecha de salida seleccionada: { year: [32m'2025'[39m, month: [32m'6'[39m, index: [33m1[39m, value: [33m5[39m }
Ajustando número de pasajeros
Successfully clicked the element: div.price-cabin:has-text("Economy")
Ejecutando fillPassengerAdult 1, intento 1
Ejecutando fillContact, intento 1
Ejecutando payWithCard, intento 1
Iframe encontrado.
Ejecutando payWithCard, intento 1
Ejecutando payWithCard, intento 2
Ejecutando payWithCard, intento 3
]]>
</system-out>
<system-err>
<![CDATA[Confirmation page validation failed: Flight Summary section not found on confirmation page
Intento 1 fallido en payWithCard: Error: Flight Summary section not found on confirmation page
    at validationConfirmPage [90m(C:\playwright-project\[39msrc\page-objects\confirmation.ts:29:19[90m)[39m
[90m    at runNextTicks (node:internal/process/task_queues:65:5)[39m
[90m    at processImmediate (node:internal/timers:459:9)[39m
[90m    at process.callbackTrampoline (node:internal/async_hooks:130:17)[39m
    at validationConfirmationPage [90m(C:\playwright-project\[39msrc\tests\1TipsNoExtraNoSeat.spec.ts:89:3[90m)[39m
    at runWithRetries [90m(C:\playwright-project\[39msrc\tests\1TipsNoExtraNoSeat.spec.ts:120:7[90m)[39m
    at executeTests [90m(C:\playwright-project\[39msrc\tests\1TipsNoExtraNoSeat.spec.ts:220:29[90m)[39m
    at [90mC:\playwright-project\[39msrc\tests\1TipsNoExtraNoSeat.spec.ts:665:30
    at [90mC:\playwright-project\[39mnode_modules\[4mplaywright[24m\lib\worker\workerMain.js:339:9
    at [90mC:\playwright-project\[39mnode_modules\[4mplaywright[24m\lib\worker\testInfo.js:286:11
    at TimeoutManager.withRunnable [90m(C:\playwright-project\[39mnode_modules\[4mplaywright[24m\lib\worker\timeoutManager.js:64:14[90m)[39m
    at TestInfoImpl._runAsStage [90m(C:\playwright-project\[39mnode_modules\[4mplaywright[24m\lib\worker\testInfo.js:284:7[90m)[39m
    at [90mC:\playwright-project\[39mnode_modules\[4mplaywright[24m\lib\worker\workerMain.js:331:7
    at [90mC:\playwright-project\[39mnode_modules\[4mplaywright[24m\lib\worker\testInfo.js:286:11
    at TimeoutManager.withRunnable [90m(C:\playwright-project\[39mnode_modules\[4mplaywright[24m\lib\worker\timeoutManager.js:52:27[90m)[39m
    at TestInfoImpl._runAsStage [90m(C:\playwright-project\[39mnode_modules\[4mplaywright[24m\lib\worker\testInfo.js:284:7[90m)[39m
    at WorkerMain._runTest [90m(C:\playwright-project\[39mnode_modules\[4mplaywright[24m\lib\worker\workerMain.js:281:5[90m)[39m
    at WorkerMain.runTestGroup [90m(C:\playwright-project\[39mnode_modules\[4mplaywright[24m\lib\worker\workerMain.js:205:11[90m)[39m
    at process.<anonymous> [90m(C:\playwright-project\[39mnode_modules\[4mplaywright[24m\lib\common\process.js:95:22[90m)[39m
Confirmation page validation failed: Not on confirmation page URL
Intento 2 fallido en payWithCard: Error: Not on confirmation page URL
    at validationConfirmPage [90m(C:\playwright-project\[39msrc\page-objects\confirmation.ts:36:19[90m)[39m
    at validationConfirmationPage [90m(C:\playwright-project\[39msrc\tests\1TipsNoExtraNoSeat.spec.ts:89:3[90m)[39m
    at runWithRetries [90m(C:\playwright-project\[39msrc\tests\1TipsNoExtraNoSeat.spec.ts:120:7[90m)[39m
    at executeTests [90m(C:\playwright-project\[39msrc\tests\1TipsNoExtraNoSeat.spec.ts:220:29[90m)[39m
    at [90mC:\playwright-project\[39msrc\tests\1TipsNoExtraNoSeat.spec.ts:665:30
    at [90mC:\playwright-project\[39mnode_modules\[4mplaywright[24m\lib\worker\workerMain.js:339:9
    at [90mC:\playwright-project\[39mnode_modules\[4mplaywright[24m\lib\worker\testInfo.js:286:11
    at TimeoutManager.withRunnable [90m(C:\playwright-project\[39mnode_modules\[4mplaywright[24m\lib\worker\timeoutManager.js:64:14[90m)[39m
    at TestInfoImpl._runAsStage [90m(C:\playwright-project\[39mnode_modules\[4mplaywright[24m\lib\worker\testInfo.js:284:7[90m)[39m
    at [90mC:\playwright-project\[39mnode_modules\[4mplaywright[24m\lib\worker\workerMain.js:331:7
    at [90mC:\playwright-project\[39mnode_modules\[4mplaywright[24m\lib\worker\testInfo.js:286:11
    at TimeoutManager.withRunnable [90m(C:\playwright-project\[39mnode_modules\[4mplaywright[24m\lib\worker\timeoutManager.js:52:27[90m)[39m
    at TestInfoImpl._runAsStage [90m(C:\playwright-project\[39mnode_modules\[4mplaywright[24m\lib\worker\testInfo.js:284:7[90m)[39m
    at WorkerMain._runTest [90m(C:\playwright-project\[39mnode_modules\[4mplaywright[24m\lib\worker\workerMain.js:281:5[90m)[39m
    at WorkerMain.runTestGroup [90m(C:\playwright-project\[39mnode_modules\[4mplaywright[24m\lib\worker\workerMain.js:205:11[90m)[39m
    at process.<anonymous> [90m(C:\playwright-project\[39mnode_modules\[4mplaywright[24m\lib\common\process.js:95:22[90m)[39m
]]>
</system-err>
</testcase>
<testcase name="11. Compra 1 Adulto Premium Light- Nombre sin caracteres especiales - sin assitence - sin asiento - sin extras › Ejecución completa con reintentos" classname="1TipsNoExtraNoSeat.spec.ts" time="69.353">
<system-out>
<![CDATA[Ejecución completa, intento 1 de 5
Ejecutando Booking, intento 1
Fecha de salida seleccionada: { year: [32m'2025'[39m, month: [32m'6'[39m, index: [33m5[39m, value: [33m14[39m }
Ajustando número de pasajeros
Successfully clicked the element: div.price-cabin:has-text("Premium")
Ejecutando fillPassengerAdult 1, intento 1
Ejecutando fillContact, intento 1
Ejecutando payWithCard, intento 1
Iframe encontrado.
Ejecutando payWithCard, intento 1
Ejecutando payWithCard, intento 2
Ejecutando payWithCard, intento 3
Ejecución completa, intento 2 de 5
Ejecutando Booking, intento 1
Fecha de salida seleccionada: { year: [32m'2025'[39m, month: [32m'5'[39m, index: [33m13[39m, value: [33m31[39m }
Ajustando número de pasajeros
Successfully clicked the element: div.price-cabin:has-text("Premium")
Ejecutando fillPassengerAdult 1, intento 1
Ejecutando fillContact, intento 1
Ejecutando payWithCard, intento 1
Iframe encontrado.
Ejecutando payWithCard, intento 1
Ejecutando payWithCard, intento 2
Ejecutando payWithCard, intento 3
]]>
</system-out>
<system-err>
<![CDATA[Confirmation page validation failed: Flight Summary section not found on confirmation page
Intento 1 fallido en payWithCard: Error: Flight Summary section not found on confirmation page
    at validationConfirmPage [90m(C:\playwright-project\[39msrc\page-objects\confirmation.ts:29:19[90m)[39m
    at validationConfirmationPage [90m(C:\playwright-project\[39msrc\tests\1TipsNoExtraNoSeat.spec.ts:89:3[90m)[39m
    at runWithRetries [90m(C:\playwright-project\[39msrc\tests\1TipsNoExtraNoSeat.spec.ts:120:7[90m)[39m
    at executeTests [90m(C:\playwright-project\[39msrc\tests\1TipsNoExtraNoSeat.spec.ts:220:29[90m)[39m
    at [90mC:\playwright-project\[39msrc\tests\1TipsNoExtraNoSeat.spec.ts:707:30
    at [90mC:\playwright-project\[39mnode_modules\[4mplaywright[24m\lib\worker\workerMain.js:339:9
    at [90mC:\playwright-project\[39mnode_modules\[4mplaywright[24m\lib\worker\testInfo.js:286:11
    at TimeoutManager.withRunnable [90m(C:\playwright-project\[39mnode_modules\[4mplaywright[24m\lib\worker\timeoutManager.js:64:14[90m)[39m
    at TestInfoImpl._runAsStage [90m(C:\playwright-project\[39mnode_modules\[4mplaywright[24m\lib\worker\testInfo.js:284:7[90m)[39m
    at [90mC:\playwright-project\[39mnode_modules\[4mplaywright[24m\lib\worker\workerMain.js:331:7
    at [90mC:\playwright-project\[39mnode_modules\[4mplaywright[24m\lib\worker\testInfo.js:286:11
    at TimeoutManager.withRunnable [90m(C:\playwright-project\[39mnode_modules\[4mplaywright[24m\lib\worker\timeoutManager.js:52:27[90m)[39m
    at TestInfoImpl._runAsStage [90m(C:\playwright-project\[39mnode_modules\[4mplaywright[24m\lib\worker\testInfo.js:284:7[90m)[39m
    at WorkerMain._runTest [90m(C:\playwright-project\[39mnode_modules\[4mplaywright[24m\lib\worker\workerMain.js:281:5[90m)[39m
    at WorkerMain.runTestGroup [90m(C:\playwright-project\[39mnode_modules\[4mplaywright[24m\lib\worker\workerMain.js:205:11[90m)[39m
    at process.<anonymous> [90m(C:\playwright-project\[39mnode_modules\[4mplaywright[24m\lib\common\process.js:95:22[90m)[39m
Confirmation page validation failed: Flight Summary section not found on confirmation page
Intento 2 fallido en payWithCard: Error: Flight Summary section not found on confirmation page
    at validationConfirmPage [90m(C:\playwright-project\[39msrc\page-objects\confirmation.ts:29:19[90m)[39m
    at validationConfirmationPage [90m(C:\playwright-project\[39msrc\tests\1TipsNoExtraNoSeat.spec.ts:89:3[90m)[39m
    at runWithRetries [90m(C:\playwright-project\[39msrc\tests\1TipsNoExtraNoSeat.spec.ts:120:7[90m)[39m
    at executeTests [90m(C:\playwright-project\[39msrc\tests\1TipsNoExtraNoSeat.spec.ts:220:29[90m)[39m
    at [90mC:\playwright-project\[39msrc\tests\1TipsNoExtraNoSeat.spec.ts:707:30
    at [90mC:\playwright-project\[39mnode_modules\[4mplaywright[24m\lib\worker\workerMain.js:339:9
    at [90mC:\playwright-project\[39mnode_modules\[4mplaywright[24m\lib\worker\testInfo.js:286:11
    at TimeoutManager.withRunnable [90m(C:\playwright-project\[39mnode_modules\[4mplaywright[24m\lib\worker\timeoutManager.js:64:14[90m)[39m
    at TestInfoImpl._runAsStage [90m(C:\playwright-project\[39mnode_modules\[4mplaywright[24m\lib\worker\testInfo.js:284:7[90m)[39m
    at [90mC:\playwright-project\[39mnode_modules\[4mplaywright[24m\lib\worker\workerMain.js:331:7
    at [90mC:\playwright-project\[39mnode_modules\[4mplaywright[24m\lib\worker\testInfo.js:286:11
    at TimeoutManager.withRunnable [90m(C:\playwright-project\[39mnode_modules\[4mplaywright[24m\lib\worker\timeoutManager.js:52:27[90m)[39m
    at TestInfoImpl._runAsStage [90m(C:\playwright-project\[39mnode_modules\[4mplaywright[24m\lib\worker\testInfo.js:284:7[90m)[39m
    at WorkerMain._runTest [90m(C:\playwright-project\[39mnode_modules\[4mplaywright[24m\lib\worker\workerMain.js:281:5[90m)[39m
    at WorkerMain.runTestGroup [90m(C:\playwright-project\[39mnode_modules\[4mplaywright[24m\lib\worker\workerMain.js:205:11[90m)[39m
    at process.<anonymous> [90m(C:\playwright-project\[39mnode_modules\[4mplaywright[24m\lib\common\process.js:95:22[90m)[39m
Confirmation page validation failed: Flight Summary section not found on confirmation page
Intento 3 fallido en payWithCard: Error: Flight Summary section not found on confirmation page
    at validationConfirmPage [90m(C:\playwright-project\[39msrc\page-objects\confirmation.ts:29:19[90m)[39m
    at validationConfirmationPage [90m(C:\playwright-project\[39msrc\tests\1TipsNoExtraNoSeat.spec.ts:89:3[90m)[39m
    at runWithRetries [90m(C:\playwright-project\[39msrc\tests\1TipsNoExtraNoSeat.spec.ts:120:7[90m)[39m
    at executeTests [90m(C:\playwright-project\[39msrc\tests\1TipsNoExtraNoSeat.spec.ts:220:29[90m)[39m
    at [90mC:\playwright-project\[39msrc\tests\1TipsNoExtraNoSeat.spec.ts:707:30
    at [90mC:\playwright-project\[39mnode_modules\[4mplaywright[24m\lib\worker\workerMain.js:339:9
    at [90mC:\playwright-project\[39mnode_modules\[4mplaywright[24m\lib\worker\testInfo.js:286:11
    at TimeoutManager.withRunnable [90m(C:\playwright-project\[39mnode_modules\[4mplaywright[24m\lib\worker\timeoutManager.js:64:14[90m)[39m
    at TestInfoImpl._runAsStage [90m(C:\playwright-project\[39mnode_modules\[4mplaywright[24m\lib\worker\testInfo.js:284:7[90m)[39m
    at [90mC:\playwright-project\[39mnode_modules\[4mplaywright[24m\lib\worker\workerMain.js:331:7
    at [90mC:\playwright-project\[39mnode_modules\[4mplaywright[24m\lib\worker\testInfo.js:286:11
    at TimeoutManager.withRunnable [90m(C:\playwright-project\[39mnode_modules\[4mplaywright[24m\lib\worker\timeoutManager.js:52:27[90m)[39m
    at TestInfoImpl._runAsStage [90m(C:\playwright-project\[39mnode_modules\[4mplaywright[24m\lib\worker\testInfo.js:284:7[90m)[39m
    at WorkerMain._runTest [90m(C:\playwright-project\[39mnode_modules\[4mplaywright[24m\lib\worker\workerMain.js:281:5[90m)[39m
    at WorkerMain.runTestGroup [90m(C:\playwright-project\[39mnode_modules\[4mplaywright[24m\lib\worker\workerMain.js:205:11[90m)[39m
    at process.<anonymous> [90m(C:\playwright-project\[39mnode_modules\[4mplaywright[24m\lib\common\process.js:95:22[90m)[39m
Prueba payWithCard fallida después de 3 intentos.
Confirmation page validation failed: Flight Summary section not found on confirmation page
Intento 1 fallido en payWithCard: Error: Flight Summary section not found on confirmation page
    at validationConfirmPage [90m(C:\playwright-project\[39msrc\page-objects\confirmation.ts:29:19[90m)[39m
[90m    at runNextTicks (node:internal/process/task_queues:65:5)[39m
[90m    at processImmediate (node:internal/timers:459:9)[39m
[90m    at process.callbackTrampoline (node:internal/async_hooks:130:17)[39m
    at validationConfirmationPage [90m(C:\playwright-project\[39msrc\tests\1TipsNoExtraNoSeat.spec.ts:89:3[90m)[39m
    at runWithRetries [90m(C:\playwright-project\[39msrc\tests\1TipsNoExtraNoSeat.spec.ts:120:7[90m)[39m
    at executeTests [90m(C:\playwright-project\[39msrc\tests\1TipsNoExtraNoSeat.spec.ts:220:29[90m)[39m
    at [90mC:\playwright-project\[39msrc\tests\1TipsNoExtraNoSeat.spec.ts:707:30
    at [90mC:\playwright-project\[39mnode_modules\[4mplaywright[24m\lib\worker\workerMain.js:339:9
    at [90mC:\playwright-project\[39mnode_modules\[4mplaywright[24m\lib\worker\testInfo.js:286:11
    at TimeoutManager.withRunnable [90m(C:\playwright-project\[39mnode_modules\[4mplaywright[24m\lib\worker\timeoutManager.js:64:14[90m)[39m
    at TestInfoImpl._runAsStage [90m(C:\playwright-project\[39mnode_modules\[4mplaywright[24m\lib\worker\testInfo.js:284:7[90m)[39m
    at [90mC:\playwright-project\[39mnode_modules\[4mplaywright[24m\lib\worker\workerMain.js:331:7
    at [90mC:\playwright-project\[39mnode_modules\[4mplaywright[24m\lib\worker\testInfo.js:286:11
    at TimeoutManager.withRunnable [90m(C:\playwright-project\[39mnode_modules\[4mplaywright[24m\lib\worker\timeoutManager.js:52:27[90m)[39m
    at TestInfoImpl._runAsStage [90m(C:\playwright-project\[39mnode_modules\[4mplaywright[24m\lib\worker\testInfo.js:284:7[90m)[39m
    at WorkerMain._runTest [90m(C:\playwright-project\[39mnode_modules\[4mplaywright[24m\lib\worker\workerMain.js:281:5[90m)[39m
    at WorkerMain.runTestGroup [90m(C:\playwright-project\[39mnode_modules\[4mplaywright[24m\lib\worker\workerMain.js:205:11[90m)[39m
    at process.<anonymous> [90m(C:\playwright-project\[39mnode_modules\[4mplaywright[24m\lib\common\process.js:95:22[90m)[39m
Confirmation page validation failed: Not on confirmation page URL
Intento 2 fallido en payWithCard: Error: Not on confirmation page URL
    at validationConfirmPage [90m(C:\playwright-project\[39msrc\page-objects\confirmation.ts:36:19[90m)[39m
[90m    at runNextTicks (node:internal/process/task_queues:65:5)[39m
[90m    at processImmediate (node:internal/timers:459:9)[39m
[90m    at process.callbackTrampoline (node:internal/async_hooks:130:17)[39m
    at validationConfirmationPage [90m(C:\playwright-project\[39msrc\tests\1TipsNoExtraNoSeat.spec.ts:89:3[90m)[39m
    at runWithRetries [90m(C:\playwright-project\[39msrc\tests\1TipsNoExtraNoSeat.spec.ts:120:7[90m)[39m
    at executeTests [90m(C:\playwright-project\[39msrc\tests\1TipsNoExtraNoSeat.spec.ts:220:29[90m)[39m
    at [90mC:\playwright-project\[39msrc\tests\1TipsNoExtraNoSeat.spec.ts:707:30
    at [90mC:\playwright-project\[39mnode_modules\[4mplaywright[24m\lib\worker\workerMain.js:339:9
    at [90mC:\playwright-project\[39mnode_modules\[4mplaywright[24m\lib\worker\testInfo.js:286:11
    at TimeoutManager.withRunnable [90m(C:\playwright-project\[39mnode_modules\[4mplaywright[24m\lib\worker\timeoutManager.js:64:14[90m)[39m
    at TestInfoImpl._runAsStage [90m(C:\playwright-project\[39mnode_modules\[4mplaywright[24m\lib\worker\testInfo.js:284:7[90m)[39m
    at [90mC:\playwright-project\[39mnode_modules\[4mplaywright[24m\lib\worker\workerMain.js:331:7
    at [90mC:\playwright-project\[39mnode_modules\[4mplaywright[24m\lib\worker\testInfo.js:286:11
    at TimeoutManager.withRunnable [90m(C:\playwright-project\[39mnode_modules\[4mplaywright[24m\lib\worker\timeoutManager.js:52:27[90m)[39m
    at TestInfoImpl._runAsStage [90m(C:\playwright-project\[39mnode_modules\[4mplaywright[24m\lib\worker\testInfo.js:284:7[90m)[39m
    at WorkerMain._runTest [90m(C:\playwright-project\[39mnode_modules\[4mplaywright[24m\lib\worker\workerMain.js:281:5[90m)[39m
    at WorkerMain.runTestGroup [90m(C:\playwright-project\[39mnode_modules\[4mplaywright[24m\lib\worker\workerMain.js:205:11[90m)[39m
    at process.<anonymous> [90m(C:\playwright-project\[39mnode_modules\[4mplaywright[24m\lib\common\process.js:95:22[90m)[39m
]]>
</system-err>
</testcase>
<testcase name="12. Compra 1 Adulto Premium Light - Nombre sin caracteres especiales - sin assitence - sin asiento - sin extras › Ejecución completa con reintentos" classname="1TipsNoExtraNoSeat.spec.ts" time="38.278">
<system-out>
<![CDATA[Ejecución completa, intento 1 de 5
Ejecutando Booking, intento 1
Fecha de salida seleccionada: { year: [32m'2025'[39m, month: [32m'6'[39m, index: [33m9[39m, value: [33m24[39m }
Ajustando número de pasajeros
Successfully clicked the element: div.price-cabin:has-text("Premium")
Ejecutando fillPassengerAdult 1, intento 1
Ejecutando fillContact, intento 1
Ejecutando payWithCard, intento 1
Iframe encontrado.
Ejecutando payWithCard, intento 1
Ejecutando payWithCard, intento 2
Ejecutando payWithCard, intento 3
]]>
</system-out>
<system-err>
<![CDATA[Confirmation page validation failed: Flight Summary section not found on confirmation page
Intento 1 fallido en payWithCard: Error: Flight Summary section not found on confirmation page
    at validationConfirmPage [90m(C:\playwright-project\[39msrc\page-objects\confirmation.ts:29:19[90m)[39m
[90m    at runNextTicks (node:internal/process/task_queues:65:5)[39m
[90m    at processImmediate (node:internal/timers:459:9)[39m
[90m    at process.callbackTrampoline (node:internal/async_hooks:130:17)[39m
    at validationConfirmationPage [90m(C:\playwright-project\[39msrc\tests\1TipsNoExtraNoSeat.spec.ts:89:3[90m)[39m
    at runWithRetries [90m(C:\playwright-project\[39msrc\tests\1TipsNoExtraNoSeat.spec.ts:120:7[90m)[39m
    at executeTests [90m(C:\playwright-project\[39msrc\tests\1TipsNoExtraNoSeat.spec.ts:220:29[90m)[39m
    at [90mC:\playwright-project\[39msrc\tests\1TipsNoExtraNoSeat.spec.ts:749:30
    at [90mC:\playwright-project\[39mnode_modules\[4mplaywright[24m\lib\worker\workerMain.js:339:9
    at [90mC:\playwright-project\[39mnode_modules\[4mplaywright[24m\lib\worker\testInfo.js:286:11
    at TimeoutManager.withRunnable [90m(C:\playwright-project\[39mnode_modules\[4mplaywright[24m\lib\worker\timeoutManager.js:64:14[90m)[39m
    at TestInfoImpl._runAsStage [90m(C:\playwright-project\[39mnode_modules\[4mplaywright[24m\lib\worker\testInfo.js:284:7[90m)[39m
    at [90mC:\playwright-project\[39mnode_modules\[4mplaywright[24m\lib\worker\workerMain.js:331:7
    at [90mC:\playwright-project\[39mnode_modules\[4mplaywright[24m\lib\worker\testInfo.js:286:11
    at TimeoutManager.withRunnable [90m(C:\playwright-project\[39mnode_modules\[4mplaywright[24m\lib\worker\timeoutManager.js:52:27[90m)[39m
    at TestInfoImpl._runAsStage [90m(C:\playwright-project\[39mnode_modules\[4mplaywright[24m\lib\worker\testInfo.js:284:7[90m)[39m
    at WorkerMain._runTest [90m(C:\playwright-project\[39mnode_modules\[4mplaywright[24m\lib\worker\workerMain.js:281:5[90m)[39m
    at WorkerMain.runTestGroup [90m(C:\playwright-project\[39mnode_modules\[4mplaywright[24m\lib\worker\workerMain.js:205:11[90m)[39m
    at process.<anonymous> [90m(C:\playwright-project\[39mnode_modules\[4mplaywright[24m\lib\common\process.js:95:22[90m)[39m
Confirmation page validation failed: Not on confirmation page URL
Intento 2 fallido en payWithCard: Error: Not on confirmation page URL
    at validationConfirmPage [90m(C:\playwright-project\[39msrc\page-objects\confirmation.ts:36:19[90m)[39m
    at validationConfirmationPage [90m(C:\playwright-project\[39msrc\tests\1TipsNoExtraNoSeat.spec.ts:89:3[90m)[39m
    at runWithRetries [90m(C:\playwright-project\[39msrc\tests\1TipsNoExtraNoSeat.spec.ts:120:7[90m)[39m
    at executeTests [90m(C:\playwright-project\[39msrc\tests\1TipsNoExtraNoSeat.spec.ts:220:29[90m)[39m
    at [90mC:\playwright-project\[39msrc\tests\1TipsNoExtraNoSeat.spec.ts:749:30
    at [90mC:\playwright-project\[39mnode_modules\[4mplaywright[24m\lib\worker\workerMain.js:339:9
    at [90mC:\playwright-project\[39mnode_modules\[4mplaywright[24m\lib\worker\testInfo.js:286:11
    at TimeoutManager.withRunnable [90m(C:\playwright-project\[39mnode_modules\[4mplaywright[24m\lib\worker\timeoutManager.js:64:14[90m)[39m
    at TestInfoImpl._runAsStage [90m(C:\playwright-project\[39mnode_modules\[4mplaywright[24m\lib\worker\testInfo.js:284:7[90m)[39m
    at [90mC:\playwright-project\[39mnode_modules\[4mplaywright[24m\lib\worker\workerMain.js:331:7
    at [90mC:\playwright-project\[39mnode_modules\[4mplaywright[24m\lib\worker\testInfo.js:286:11
    at TimeoutManager.withRunnable [90m(C:\playwright-project\[39mnode_modules\[4mplaywright[24m\lib\worker\timeoutManager.js:52:27[90m)[39m
    at TestInfoImpl._runAsStage [90m(C:\playwright-project\[39mnode_modules\[4mplaywright[24m\lib\worker\testInfo.js:284:7[90m)[39m
    at WorkerMain._runTest [90m(C:\playwright-project\[39mnode_modules\[4mplaywright[24m\lib\worker\workerMain.js:281:5[90m)[39m
    at WorkerMain.runTestGroup [90m(C:\playwright-project\[39mnode_modules\[4mplaywright[24m\lib\worker\workerMain.js:205:11[90m)[39m
    at process.<anonymous> [90m(C:\playwright-project\[39mnode_modules\[4mplaywright[24m\lib\common\process.js:95:22[90m)[39m
]]>
</system-err>
</testcase>
<testcase name="13. Compra 1 Adulto Premium Comfort - Nombre sin caracteres especiales - sin assitence - sin asiento - sin extras › Ejecución completa con reintentos" classname="1TipsNoExtraNoSeat.spec.ts" time="45.821">
<system-out>
<![CDATA[Ejecución completa, intento 1 de 5
Ejecutando Booking, intento 1
Fecha de salida seleccionada: { year: [32m'2025'[39m, month: [32m'6'[39m, index: [33m9[39m, value: [33m24[39m }
Ajustando número de pasajeros
Successfully clicked the element: div.price-cabin:has-text("Premium")
Ejecutando fillPassengerAdult 1, intento 1
Ejecutando fillContact, intento 1
Ejecutando payWithCard, intento 1
Iframe encontrado.
Ejecutando payWithCard, intento 1
Ejecutando payWithCard, intento 2
Ejecutando payWithCard, intento 3
]]>
</system-out>
<system-err>
<![CDATA[Confirmation page validation failed: Flight Summary section not found on confirmation page
Intento 1 fallido en payWithCard: Error: Flight Summary section not found on confirmation page
    at validationConfirmPage [90m(C:\playwright-project\[39msrc\page-objects\confirmation.ts:29:19[90m)[39m
[90m    at runNextTicks (node:internal/process/task_queues:65:5)[39m
[90m    at processImmediate (node:internal/timers:459:9)[39m
[90m    at process.callbackTrampoline (node:internal/async_hooks:130:17)[39m
    at validationConfirmationPage [90m(C:\playwright-project\[39msrc\tests\1TipsNoExtraNoSeat.spec.ts:89:3[90m)[39m
    at runWithRetries [90m(C:\playwright-project\[39msrc\tests\1TipsNoExtraNoSeat.spec.ts:120:7[90m)[39m
    at executeTests [90m(C:\playwright-project\[39msrc\tests\1TipsNoExtraNoSeat.spec.ts:220:29[90m)[39m
    at [90mC:\playwright-project\[39msrc\tests\1TipsNoExtraNoSeat.spec.ts:792:30
    at [90mC:\playwright-project\[39mnode_modules\[4mplaywright[24m\lib\worker\workerMain.js:339:9
    at [90mC:\playwright-project\[39mnode_modules\[4mplaywright[24m\lib\worker\testInfo.js:286:11
    at TimeoutManager.withRunnable [90m(C:\playwright-project\[39mnode_modules\[4mplaywright[24m\lib\worker\timeoutManager.js:64:14[90m)[39m
    at TestInfoImpl._runAsStage [90m(C:\playwright-project\[39mnode_modules\[4mplaywright[24m\lib\worker\testInfo.js:284:7[90m)[39m
    at [90mC:\playwright-project\[39mnode_modules\[4mplaywright[24m\lib\worker\workerMain.js:331:7
    at [90mC:\playwright-project\[39mnode_modules\[4mplaywright[24m\lib\worker\testInfo.js:286:11
    at TimeoutManager.withRunnable [90m(C:\playwright-project\[39mnode_modules\[4mplaywright[24m\lib\worker\timeoutManager.js:52:27[90m)[39m
    at TestInfoImpl._runAsStage [90m(C:\playwright-project\[39mnode_modules\[4mplaywright[24m\lib\worker\testInfo.js:284:7[90m)[39m
    at WorkerMain._runTest [90m(C:\playwright-project\[39mnode_modules\[4mplaywright[24m\lib\worker\workerMain.js:281:5[90m)[39m
    at WorkerMain.runTestGroup [90m(C:\playwright-project\[39mnode_modules\[4mplaywright[24m\lib\worker\workerMain.js:205:11[90m)[39m
    at process.<anonymous> [90m(C:\playwright-project\[39mnode_modules\[4mplaywright[24m\lib\common\process.js:95:22[90m)[39m
Confirmation page validation failed: Not on confirmation page URL
Intento 2 fallido en payWithCard: Error: Not on confirmation page URL
    at validationConfirmPage [90m(C:\playwright-project\[39msrc\page-objects\confirmation.ts:36:19[90m)[39m
    at validationConfirmationPage [90m(C:\playwright-project\[39msrc\tests\1TipsNoExtraNoSeat.spec.ts:89:3[90m)[39m
    at runWithRetries [90m(C:\playwright-project\[39msrc\tests\1TipsNoExtraNoSeat.spec.ts:120:7[90m)[39m
    at executeTests [90m(C:\playwright-project\[39msrc\tests\1TipsNoExtraNoSeat.spec.ts:220:29[90m)[39m
    at [90mC:\playwright-project\[39msrc\tests\1TipsNoExtraNoSeat.spec.ts:792:30
    at [90mC:\playwright-project\[39mnode_modules\[4mplaywright[24m\lib\worker\workerMain.js:339:9
    at [90mC:\playwright-project\[39mnode_modules\[4mplaywright[24m\lib\worker\testInfo.js:286:11
    at TimeoutManager.withRunnable [90m(C:\playwright-project\[39mnode_modules\[4mplaywright[24m\lib\worker\timeoutManager.js:64:14[90m)[39m
    at TestInfoImpl._runAsStage [90m(C:\playwright-project\[39mnode_modules\[4mplaywright[24m\lib\worker\testInfo.js:284:7[90m)[39m
    at [90mC:\playwright-project\[39mnode_modules\[4mplaywright[24m\lib\worker\workerMain.js:331:7
    at [90mC:\playwright-project\[39mnode_modules\[4mplaywright[24m\lib\worker\testInfo.js:286:11
    at TimeoutManager.withRunnable [90m(C:\playwright-project\[39mnode_modules\[4mplaywright[24m\lib\worker\timeoutManager.js:52:27[90m)[39m
    at TestInfoImpl._runAsStage [90m(C:\playwright-project\[39mnode_modules\[4mplaywright[24m\lib\worker\testInfo.js:284:7[90m)[39m
    at WorkerMain._runTest [90m(C:\playwright-project\[39mnode_modules\[4mplaywright[24m\lib\worker\workerMain.js:281:5[90m)[39m
    at WorkerMain.runTestGroup [90m(C:\playwright-project\[39mnode_modules\[4mplaywright[24m\lib\worker\workerMain.js:205:11[90m)[39m
    at process.<anonymous> [90m(C:\playwright-project\[39mnode_modules\[4mplaywright[24m\lib\common\process.js:95:22[90m)[39m
]]>
</system-err>
</testcase>
<testcase name="14. Compra 1 Adulto Premium Extra - Nombre sin caracteres especiales - sin assitence - sin asiento - sin extras › Ejecución completa con reintentos" classname="1TipsNoExtraNoSeat.spec.ts" time="34.211">
<system-out>
<![CDATA[Ejecución completa, intento 1 de 5
Ejecutando Booking, intento 1
Fecha de salida seleccionada: { year: [32m'2025'[39m, month: [32m'5'[39m, index: [33m11[39m, value: [33m27[39m }
Ajustando número de pasajeros
Successfully clicked the element: div.price-cabin:has-text("Premium")
Ejecutando fillPassengerAdult 1, intento 1
Ejecutando fillContact, intento 1
Ejecutando payWithCard, intento 1
Iframe encontrado.
Ejecutando payWithCard, intento 1
Ejecutando payWithCard, intento 2
Ejecutando payWithCard, intento 3
]]>
</system-out>
<system-err>
<![CDATA[Confirmation page validation failed: Flight Summary section not found on confirmation page
Intento 1 fallido en payWithCard: Error: Flight Summary section not found on confirmation page
    at validationConfirmPage [90m(C:\playwright-project\[39msrc\page-objects\confirmation.ts:29:19[90m)[39m
[90m    at runNextTicks (node:internal/process/task_queues:65:5)[39m
[90m    at processImmediate (node:internal/timers:459:9)[39m
[90m    at process.callbackTrampoline (node:internal/async_hooks:130:17)[39m
    at validationConfirmationPage [90m(C:\playwright-project\[39msrc\tests\1TipsNoExtraNoSeat.spec.ts:89:3[90m)[39m
    at runWithRetries [90m(C:\playwright-project\[39msrc\tests\1TipsNoExtraNoSeat.spec.ts:120:7[90m)[39m
    at executeTests [90m(C:\playwright-project\[39msrc\tests\1TipsNoExtraNoSeat.spec.ts:220:29[90m)[39m
    at [90mC:\playwright-project\[39msrc\tests\1TipsNoExtraNoSeat.spec.ts:835:30
    at [90mC:\playwright-project\[39mnode_modules\[4mplaywright[24m\lib\worker\workerMain.js:339:9
    at [90mC:\playwright-project\[39mnode_modules\[4mplaywright[24m\lib\worker\testInfo.js:286:11
    at TimeoutManager.withRunnable [90m(C:\playwright-project\[39mnode_modules\[4mplaywright[24m\lib\worker\timeoutManager.js:64:14[90m)[39m
    at TestInfoImpl._runAsStage [90m(C:\playwright-project\[39mnode_modules\[4mplaywright[24m\lib\worker\testInfo.js:284:7[90m)[39m
    at [90mC:\playwright-project\[39mnode_modules\[4mplaywright[24m\lib\worker\workerMain.js:331:7
    at [90mC:\playwright-project\[39mnode_modules\[4mplaywright[24m\lib\worker\testInfo.js:286:11
    at TimeoutManager.withRunnable [90m(C:\playwright-project\[39mnode_modules\[4mplaywright[24m\lib\worker\timeoutManager.js:52:27[90m)[39m
    at TestInfoImpl._runAsStage [90m(C:\playwright-project\[39mnode_modules\[4mplaywright[24m\lib\worker\testInfo.js:284:7[90m)[39m
    at WorkerMain._runTest [90m(C:\playwright-project\[39mnode_modules\[4mplaywright[24m\lib\worker\workerMain.js:281:5[90m)[39m
    at WorkerMain.runTestGroup [90m(C:\playwright-project\[39mnode_modules\[4mplaywright[24m\lib\worker\workerMain.js:205:11[90m)[39m
    at process.<anonymous> [90m(C:\playwright-project\[39mnode_modules\[4mplaywright[24m\lib\common\process.js:95:22[90m)[39m
Confirmation page validation failed: Not on confirmation page URL
Intento 2 fallido en payWithCard: Error: Not on confirmation page URL
    at validationConfirmPage [90m(C:\playwright-project\[39msrc\page-objects\confirmation.ts:36:19[90m)[39m
    at validationConfirmationPage [90m(C:\playwright-project\[39msrc\tests\1TipsNoExtraNoSeat.spec.ts:89:3[90m)[39m
    at runWithRetries [90m(C:\playwright-project\[39msrc\tests\1TipsNoExtraNoSeat.spec.ts:120:7[90m)[39m
    at executeTests [90m(C:\playwright-project\[39msrc\tests\1TipsNoExtraNoSeat.spec.ts:220:29[90m)[39m
    at [90mC:\playwright-project\[39msrc\tests\1TipsNoExtraNoSeat.spec.ts:835:30
    at [90mC:\playwright-project\[39mnode_modules\[4mplaywright[24m\lib\worker\workerMain.js:339:9
    at [90mC:\playwright-project\[39mnode_modules\[4mplaywright[24m\lib\worker\testInfo.js:286:11
    at TimeoutManager.withRunnable [90m(C:\playwright-project\[39mnode_modules\[4mplaywright[24m\lib\worker\timeoutManager.js:64:14[90m)[39m
    at TestInfoImpl._runAsStage [90m(C:\playwright-project\[39mnode_modules\[4mplaywright[24m\lib\worker\testInfo.js:284:7[90m)[39m
    at [90mC:\playwright-project\[39mnode_modules\[4mplaywright[24m\lib\worker\workerMain.js:331:7
    at [90mC:\playwright-project\[39mnode_modules\[4mplaywright[24m\lib\worker\testInfo.js:286:11
    at TimeoutManager.withRunnable [90m(C:\playwright-project\[39mnode_modules\[4mplaywright[24m\lib\worker\timeoutManager.js:52:27[90m)[39m
    at TestInfoImpl._runAsStage [90m(C:\playwright-project\[39mnode_modules\[4mplaywright[24m\lib\worker\testInfo.js:284:7[90m)[39m
    at WorkerMain._runTest [90m(C:\playwright-project\[39mnode_modules\[4mplaywright[24m\lib\worker\workerMain.js:281:5[90m)[39m
    at WorkerMain.runTestGroup [90m(C:\playwright-project\[39mnode_modules\[4mplaywright[24m\lib\worker\workerMain.js:205:11[90m)[39m
    at process.<anonymous> [90m(C:\playwright-project\[39mnode_modules\[4mplaywright[24m\lib\common\process.js:95:22[90m)[39m
]]>
</system-err>
</testcase>
</testsuite>
<testsuite name="2TipsNoExtraNoSeat.spec.ts" timestamp="2025-01-23T07:48:29.623Z" hostname="chromium" tests="41" failures="1" skipped="0" time="1990.346" errors="0">
<testcase name="1. Compra 2 adt (Diferente) Eco Light - Eco Light - sin assitence › Ejecución completa con reintentos" classname="2TipsNoExtraNoSeat.spec.ts" time="41.848">
<system-out>
<![CDATA[Ejecución completa, intento 1 de 5
Ejecutando Booking, intento 1
Fecha de salida seleccionada: { year: [32m'2025'[39m, month: [32m'6'[39m, index: [33m5[39m, value: [33m14[39m }
Fecha de regreso seleccionada: { year: [32m'2025'[39m, month: [32m'6'[39m, index: [33m6[39m, value: [33m17[39m }
Ajustando número de pasajeros
Successfully clicked the element: div.price-cabin:has-text("Economy")
Successfully clicked the element: div.price-cabin:has-text("Economy")
Ejecutando fillPassengerAdult 1, intento 1
Ejecutando fillPassengerAdult 2, intento 1
Ejecutando fillContact, intento 1
Ejecutando payWithCard, intento 1
Iframe encontrado.
Ejecutando payWithCard, intento 1
Ejecutando payWithCard, intento 2
Ejecutando payWithCard, intento 3
]]>
</system-out>
<system-err>
<![CDATA[Confirmation page validation failed: Flight Summary section not found on confirmation page
Intento 1 fallido en payWithCard: Error: Flight Summary section not found on confirmation page
    at validationConfirmPage [90m(C:\playwright-project\[39msrc\page-objects\confirmation.ts:29:19[90m)[39m
[90m    at runNextTicks (node:internal/process/task_queues:65:5)[39m
[90m    at processImmediate (node:internal/timers:459:9)[39m
[90m    at process.callbackTrampoline (node:internal/async_hooks:130:17)[39m
    at validationConfirmationPage [90m(C:\playwright-project\[39msrc\tests\2TipsNoExtraNoSeat.spec.ts:90:3[90m)[39m
    at runWithRetries [90m(C:\playwright-project\[39msrc\tests\2TipsNoExtraNoSeat.spec.ts:121:7[90m)[39m
    at executeTests [90m(C:\playwright-project\[39msrc\tests\2TipsNoExtraNoSeat.spec.ts:221:29[90m)[39m
    at [90mC:\playwright-project\[39msrc\tests\2TipsNoExtraNoSeat.spec.ts:270:30
    at [90mC:\playwright-project\[39mnode_modules\[4mplaywright[24m\lib\worker\workerMain.js:339:9
    at [90mC:\playwright-project\[39mnode_modules\[4mplaywright[24m\lib\worker\testInfo.js:286:11
    at TimeoutManager.withRunnable [90m(C:\playwright-project\[39mnode_modules\[4mplaywright[24m\lib\worker\timeoutManager.js:64:14[90m)[39m
    at TestInfoImpl._runAsStage [90m(C:\playwright-project\[39mnode_modules\[4mplaywright[24m\lib\worker\testInfo.js:284:7[90m)[39m
    at [90mC:\playwright-project\[39mnode_modules\[4mplaywright[24m\lib\worker\workerMain.js:331:7
    at [90mC:\playwright-project\[39mnode_modules\[4mplaywright[24m\lib\worker\testInfo.js:286:11
    at TimeoutManager.withRunnable [90m(C:\playwright-project\[39mnode_modules\[4mplaywright[24m\lib\worker\timeoutManager.js:52:27[90m)[39m
    at TestInfoImpl._runAsStage [90m(C:\playwright-project\[39mnode_modules\[4mplaywright[24m\lib\worker\testInfo.js:284:7[90m)[39m
    at WorkerMain._runTest [90m(C:\playwright-project\[39mnode_modules\[4mplaywright[24m\lib\worker\workerMain.js:281:5[90m)[39m
    at WorkerMain.runTestGroup [90m(C:\playwright-project\[39mnode_modules\[4mplaywright[24m\lib\worker\workerMain.js:205:11[90m)[39m
    at process.<anonymous> [90m(C:\playwright-project\[39mnode_modules\[4mplaywright[24m\lib\common\process.js:95:22[90m)[39m
Confirmation page validation failed: Not on confirmation page URL
Intento 2 fallido en payWithCard: Error: Not on confirmation page URL
    at validationConfirmPage [90m(C:\playwright-project\[39msrc\page-objects\confirmation.ts:36:19[90m)[39m
    at validationConfirmationPage [90m(C:\playwright-project\[39msrc\tests\2TipsNoExtraNoSeat.spec.ts:90:3[90m)[39m
    at runWithRetries [90m(C:\playwright-project\[39msrc\tests\2TipsNoExtraNoSeat.spec.ts:121:7[90m)[39m
    at executeTests [90m(C:\playwright-project\[39msrc\tests\2TipsNoExtraNoSeat.spec.ts:221:29[90m)[39m
    at [90mC:\playwright-project\[39msrc\tests\2TipsNoExtraNoSeat.spec.ts:270:30
    at [90mC:\playwright-project\[39mnode_modules\[4mplaywright[24m\lib\worker\workerMain.js:339:9
    at [90mC:\playwright-project\[39mnode_modules\[4mplaywright[24m\lib\worker\testInfo.js:286:11
    at TimeoutManager.withRunnable [90m(C:\playwright-project\[39mnode_modules\[4mplaywright[24m\lib\worker\timeoutManager.js:64:14[90m)[39m
    at TestInfoImpl._runAsStage [90m(C:\playwright-project\[39mnode_modules\[4mplaywright[24m\lib\worker\testInfo.js:284:7[90m)[39m
    at [90mC:\playwright-project\[39mnode_modules\[4mplaywright[24m\lib\worker\workerMain.js:331:7
    at [90mC:\playwright-project\[39mnode_modules\[4mplaywright[24m\lib\worker\testInfo.js:286:11
    at TimeoutManager.withRunnable [90m(C:\playwright-project\[39mnode_modules\[4mplaywright[24m\lib\worker\timeoutManager.js:52:27[90m)[39m
    at TestInfoImpl._runAsStage [90m(C:\playwright-project\[39mnode_modules\[4mplaywright[24m\lib\worker\testInfo.js:284:7[90m)[39m
    at WorkerMain._runTest [90m(C:\playwright-project\[39mnode_modules\[4mplaywright[24m\lib\worker\workerMain.js:281:5[90m)[39m
    at WorkerMain.runTestGroup [90m(C:\playwright-project\[39mnode_modules\[4mplaywright[24m\lib\worker\workerMain.js:205:11[90m)[39m
    at process.<anonymous> [90m(C:\playwright-project\[39mnode_modules\[4mplaywright[24m\lib\common\process.js:95:22[90m)[39m
]]>
</system-err>
</testcase>
<testcase name="2. Compra 2 adt (Diferente) Eco Light - EC - Con assitence TODAS › Ejecución completa con reintentos" classname="2TipsNoExtraNoSeat.spec.ts" time="360.122">
<failure message="2TipsNoExtraNoSeat.spec.ts:305:9 Ejecución completa con reintentos" type="FAILURE">
<![CDATA[  [chromium] › 2TipsNoExtraNoSeat.spec.ts:305:9 › 2. Compra 2 adt (Diferente) Eco Light - EC - Con assitence TODAS › Ejecución completa con reintentos 

    Test timeout of 360000ms exceeded.

    Error: browserContext.close: Target page, context or browser has been closed

      233 |   } finally {
      234 |     if (page) await page.close();
    > 235 |     if (context) await context.close();
          |                  ^
      236 |   }
      237 |
      238 |   return shouldContinueTests; // Return the status of the test execution
        at executeTests (C:\playwright-project\src\tests\2TipsNoExtraNoSeat.spec.ts:235:18)
        at C:\playwright-project\src\tests\2TipsNoExtraNoSeat.spec.ts:317:30

    attachment #1: screenshot (image/png) ──────────────────────────────────────────────────────────
    test-results\2TipsNoExtraNoSeat-2-Compr-460d0-ión-completa-con-reintentos-chromium\test-failed-1.png
    ────────────────────────────────────────────────────────────────────────────────────────────────
]]>
</failure>
<system-out>
<![CDATA[Ejecución completa, intento 1 de 5
Ejecutando Booking, intento 1
Fecha de salida seleccionada: { year: [32m'2025'[39m, month: [32m'6'[39m, index: [33m3[39m, value: [33m10[39m }
Fecha de regreso seleccionada: { year: [32m'2025'[39m, month: [32m'6'[39m, index: [33m4[39m, value: [33m12[39m }
Ajustando número de pasajeros
Successfully clicked the element: div.price-cabin:has-text("Economy")
Successfully clicked the element: div.price-cabin:has-text("Economy")
Ejecutando fillPassengerAdult 1, intento 1
Ejecutando fillPassengerAdult 2, intento 1
Ejecutando fillContact, intento 1
Ejecutando payWithCard, intento 1
Ejecutando payWithCard, intento 2
Ejecutando payWithCard, intento 3
Ejecución completa, intento 2 de 5
Ejecutando Booking, intento 1
Fecha de salida seleccionada: { year: [32m'2025'[39m, month: [32m'6'[39m, index: [33m4[39m, value: [33m12[39m }
Fecha de regreso seleccionada: { year: [32m'2025'[39m, month: [32m'6'[39m, index: [33m5[39m, value: [33m14[39m }
Ajustando número de pasajeros
Successfully clicked the element: div.price-cabin:has-text("Economy")
Successfully clicked the element: div.price-cabin:has-text("Economy")
Ejecutando fillPassengerAdult 1, intento 1
Ejecutando fillPassengerAdult 2, intento 1
Ejecutando fillContact, intento 1
Ejecutando payWithCard, intento 1
Ejecutando payWithCard, intento 2
Ejecutando payWithCard, intento 3
]]>
</system-out>
<system-err>
<![CDATA[Error while handling iframe payment: page.waitForSelector: Timeout 60000ms exceeded.
Call log:
[2m  - waiting for locator('iframe[title="Iframe for expiry date"]') to be visible[22m

    at payWithCard [90m(C:\playwright-project\[39msrc\page-objects\paymentPage.ts:4:20[90m)[39m
    at payWithCardInformation [90m(C:\playwright-project\[39msrc\tests\2TipsNoExtraNoSeat.spec.ts:84:22[90m)[39m
    at fn [90m(C:\playwright-project\[39msrc\tests\2TipsNoExtraNoSeat.spec.ts:212:15[90m)[39m
    at runWithRetries [90m(C:\playwright-project\[39msrc\tests\2TipsNoExtraNoSeat.spec.ts:121:13[90m)[39m
    at executeTests [90m(C:\playwright-project\[39msrc\tests\2TipsNoExtraNoSeat.spec.ts:211:35[90m)[39m
    at [90mC:\playwright-project\[39msrc\tests\2TipsNoExtraNoSeat.spec.ts:317:30 {
  name: [32m'TimeoutError'[39m,
  [[32mSymbol(step)[39m]: {
    stepId: [32m'pw:api@94'[39m,
    location: {
      file: [32m'C:\\playwright-project\\src\\page-objects\\paymentPage.ts'[39m,
      line: [33m4[39m,
      column: [33m20[39m,
      function: [32m'payWithCard'[39m
    },
    category: [32m'pw:api'[39m,
    title: [32m'page.waitForSelector(iframe[title="Iframe for expiry date"])'[39m,
    apiName: [32m'page.waitForSelector'[39m,
    params: {
      selector: [32m'iframe[title="Iframe for expiry date"]'[39m,
      timeout: [33m60000[39m
    },
    boxedStack: [90mundefined[39m,
    steps: [],
    complete: [36m[Function: complete][39m,
    endWallTime: [33m1737618794711[39m,
    error: {
      message: [32m'TimeoutError: page.waitForSelector: Timeout 60000ms exceeded.\n'[39m +
        [32m'Call log:\n'[39m +
        [32m`\x1B[2m  - waiting for locator('iframe[title="Iframe for expiry date"]') to be visible\x1B[22m\n`[39m,
      stack: [32m'TimeoutError: page.waitForSelector: Timeout 60000ms exceeded.\n'[39m +
        [32m'Call log:\n'[39m +
        [32m`\x1B[2m  - waiting for locator('iframe[title="Iframe for expiry date"]') to be visible\x1B[22m\n`[39m +
        [32m'\n'[39m +
        [32m'    at payWithCard (C:\\playwright-project\\src\\page-objects\\paymentPage.ts:4:20)\n'[39m +
        [32m'    at payWithCardInformation (C:\\playwright-project\\src\\tests\\2TipsNoExtraNoSeat.spec.ts:84:22)\n'[39m +
        [32m'    at fn (C:\\playwright-project\\src\\tests\\2TipsNoExtraNoSeat.spec.ts:212:15)\n'[39m +
        [32m'    at runWithRetries (C:\\playwright-project\\src\\tests\\2TipsNoExtraNoSeat.spec.ts:121:13)\n'[39m +
        [32m'    at executeTests (C:\\playwright-project\\src\\tests\\2TipsNoExtraNoSeat.spec.ts:211:35)\n'[39m +
        [32m'    at C:\\playwright-project\\src\\tests\\2TipsNoExtraNoSeat.spec.ts:317:30'[39m,
      cause: [90mundefined[39m
    }
  }
}
Intento 1 fallido en payWithCard: page.waitForSelector: Timeout 60000ms exceeded.
Call log:
[2m  - waiting for locator('iframe[title="Iframe for expiry date"]') to be visible[22m

    at payWithCard [90m(C:\playwright-project\[39msrc\page-objects\paymentPage.ts:4:20[90m)[39m
    at payWithCardInformation [90m(C:\playwright-project\[39msrc\tests\2TipsNoExtraNoSeat.spec.ts:84:22[90m)[39m
    at fn [90m(C:\playwright-project\[39msrc\tests\2TipsNoExtraNoSeat.spec.ts:212:15[90m)[39m
    at runWithRetries [90m(C:\playwright-project\[39msrc\tests\2TipsNoExtraNoSeat.spec.ts:121:13[90m)[39m
    at executeTests [90m(C:\playwright-project\[39msrc\tests\2TipsNoExtraNoSeat.spec.ts:211:35[90m)[39m
    at [90mC:\playwright-project\[39msrc\tests\2TipsNoExtraNoSeat.spec.ts:317:30 {
  name: [32m'TimeoutError'[39m,
  [[32mSymbol(step)[39m]: {
    stepId: [32m'pw:api@94'[39m,
    location: {
      file: [32m'C:\\playwright-project\\src\\page-objects\\paymentPage.ts'[39m,
      line: [33m4[39m,
      column: [33m20[39m,
      function: [32m'payWithCard'[39m
    },
    category: [32m'pw:api'[39m,
    title: [32m'page.waitForSelector(iframe[title="Iframe for expiry date"])'[39m,
    apiName: [32m'page.waitForSelector'[39m,
    params: {
      selector: [32m'iframe[title="Iframe for expiry date"]'[39m,
      timeout: [33m60000[39m
    },
    boxedStack: [90mundefined[39m,
    steps: [],
    complete: [36m[Function: complete][39m,
    endWallTime: [33m1737618794711[39m,
    error: {
      message: [32m'TimeoutError: page.waitForSelector: Timeout 60000ms exceeded.\n'[39m +
        [32m'Call log:\n'[39m +
        [32m`\x1B[2m  - waiting for locator('iframe[title="Iframe for expiry date"]') to be visible\x1B[22m\n`[39m,
      stack: [32m'TimeoutError: page.waitForSelector: Timeout 60000ms exceeded.\n'[39m +
        [32m'Call log:\n'[39m +
        [32m`\x1B[2m  - waiting for locator('iframe[title="Iframe for expiry date"]') to be visible\x1B[22m\n`[39m +
        [32m'\n'[39m +
        [32m'    at payWithCard (C:\\playwright-project\\src\\page-objects\\paymentPage.ts:4:20)\n'[39m +
        [32m'    at payWithCardInformation (C:\\playwright-project\\src\\tests\\2TipsNoExtraNoSeat.spec.ts:84:22)\n'[39m +
        [32m'    at fn (C:\\playwright-project\\src\\tests\\2TipsNoExtraNoSeat.spec.ts:212:15)\n'[39m +
        [32m'    at runWithRetries (C:\\playwright-project\\src\\tests\\2TipsNoExtraNoSeat.spec.ts:121:13)\n'[39m +
        [32m'    at executeTests (C:\\playwright-project\\src\\tests\\2TipsNoExtraNoSeat.spec.ts:211:35)\n'[39m +
        [32m'    at C:\\playwright-project\\src\\tests\\2TipsNoExtraNoSeat.spec.ts:317:30'[39m,
      cause: [90mundefined[39m
    }
  }
}
Error while handling iframe payment: page.waitForSelector: Timeout 60000ms exceeded.
Call log:
[2m  - waiting for locator('iframe[title="Iframe for expiry date"]') to be visible[22m

    at payWithCard [90m(C:\playwright-project\[39msrc\page-objects\paymentPage.ts:4:20[90m)[39m
    at payWithCardInformation [90m(C:\playwright-project\[39msrc\tests\2TipsNoExtraNoSeat.spec.ts:84:22[90m)[39m
    at fn [90m(C:\playwright-project\[39msrc\tests\2TipsNoExtraNoSeat.spec.ts:212:15[90m)[39m
    at runWithRetries [90m(C:\playwright-project\[39msrc\tests\2TipsNoExtraNoSeat.spec.ts:121:13[90m)[39m
    at executeTests [90m(C:\playwright-project\[39msrc\tests\2TipsNoExtraNoSeat.spec.ts:211:29[90m)[39m
    at [90mC:\playwright-project\[39msrc\tests\2TipsNoExtraNoSeat.spec.ts:317:30 {
  name: [32m'TimeoutError'[39m,
  [[32mSymbol(step)[39m]: {
    stepId: [32m'pw:api@95'[39m,
    location: {
      file: [32m'C:\\playwright-project\\src\\page-objects\\paymentPage.ts'[39m,
      line: [33m4[39m,
      column: [33m20[39m,
      function: [32m'payWithCard'[39m
    },
    category: [32m'pw:api'[39m,
    title: [32m'page.waitForSelector(iframe[title="Iframe for expiry date"])'[39m,
    apiName: [32m'page.waitForSelector'[39m,
    params: {
      selector: [32m'iframe[title="Iframe for expiry date"]'[39m,
      timeout: [33m60000[39m
    },
    boxedStack: [90mundefined[39m,
    steps: [],
    complete: [36m[Function: complete][39m,
    endWallTime: [33m1737618854726[39m,
    error: {
      message: [32m'TimeoutError: page.waitForSelector: Timeout 60000ms exceeded.\n'[39m +
        [32m'Call log:\n'[39m +
        [32m`\x1B[2m  - waiting for locator('iframe[title="Iframe for expiry date"]') to be visible\x1B[22m\n`[39m,
      stack: [32m'TimeoutError: page.waitForSelector: Timeout 60000ms exceeded.\n'[39m +
        [32m'Call log:\n'[39m +
        [32m`\x1B[2m  - waiting for locator('iframe[title="Iframe for expiry date"]') to be visible\x1B[22m\n`[39m +
        [32m'\n'[39m +
        [32m'    at payWithCard (C:\\playwright-project\\src\\page-objects\\paymentPage.ts:4:20)\n'[39m +
        [32m'    at payWithCardInformation (C:\\playwright-project\\src\\tests\\2TipsNoExtraNoSeat.spec.ts:84:22)\n'[39m +
        [32m'    at fn (C:\\playwright-project\\src\\tests\\2TipsNoExtraNoSeat.spec.ts:212:15)\n'[39m +
        [32m'    at runWithRetries (C:\\playwright-project\\src\\tests\\2TipsNoExtraNoSeat.spec.ts:121:13)\n'[39m +
        [32m'    at executeTests (C:\\playwright-project\\src\\tests\\2TipsNoExtraNoSeat.spec.ts:211:29)\n'[39m +
        [32m'    at C:\\playwright-project\\src\\tests\\2TipsNoExtraNoSeat.spec.ts:317:30'[39m,
      cause: [90mundefined[39m
    }
  }
}
Intento 2 fallido en payWithCard: page.waitForSelector: Timeout 60000ms exceeded.
Call log:
[2m  - waiting for locator('iframe[title="Iframe for expiry date"]') to be visible[22m

    at payWithCard [90m(C:\playwright-project\[39msrc\page-objects\paymentPage.ts:4:20[90m)[39m
    at payWithCardInformation [90m(C:\playwright-project\[39msrc\tests\2TipsNoExtraNoSeat.spec.ts:84:22[90m)[39m
    at fn [90m(C:\playwright-project\[39msrc\tests\2TipsNoExtraNoSeat.spec.ts:212:15[90m)[39m
    at runWithRetries [90m(C:\playwright-project\[39msrc\tests\2TipsNoExtraNoSeat.spec.ts:121:13[90m)[39m
    at executeTests [90m(C:\playwright-project\[39msrc\tests\2TipsNoExtraNoSeat.spec.ts:211:29[90m)[39m
    at [90mC:\playwright-project\[39msrc\tests\2TipsNoExtraNoSeat.spec.ts:317:30 {
  name: [32m'TimeoutError'[39m,
  [[32mSymbol(step)[39m]: {
    stepId: [32m'pw:api@95'[39m,
    location: {
      file: [32m'C:\\playwright-project\\src\\page-objects\\paymentPage.ts'[39m,
      line: [33m4[39m,
      column: [33m20[39m,
      function: [32m'payWithCard'[39m
    },
    category: [32m'pw:api'[39m,
    title: [32m'page.waitForSelector(iframe[title="Iframe for expiry date"])'[39m,
    apiName: [32m'page.waitForSelector'[39m,
    params: {
      selector: [32m'iframe[title="Iframe for expiry date"]'[39m,
      timeout: [33m60000[39m
    },
    boxedStack: [90mundefined[39m,
    steps: [],
    complete: [36m[Function: complete][39m,
    endWallTime: [33m1737618854726[39m,
    error: {
      message: [32m'TimeoutError: page.waitForSelector: Timeout 60000ms exceeded.\n'[39m +
        [32m'Call log:\n'[39m +
        [32m`\x1B[2m  - waiting for locator('iframe[title="Iframe for expiry date"]') to be visible\x1B[22m\n`[39m,
      stack: [32m'TimeoutError: page.waitForSelector: Timeout 60000ms exceeded.\n'[39m +
        [32m'Call log:\n'[39m +
        [32m`\x1B[2m  - waiting for locator('iframe[title="Iframe for expiry date"]') to be visible\x1B[22m\n`[39m +
        [32m'\n'[39m +
        [32m'    at payWithCard (C:\\playwright-project\\src\\page-objects\\paymentPage.ts:4:20)\n'[39m +
        [32m'    at payWithCardInformation (C:\\playwright-project\\src\\tests\\2TipsNoExtraNoSeat.spec.ts:84:22)\n'[39m +
        [32m'    at fn (C:\\playwright-project\\src\\tests\\2TipsNoExtraNoSeat.spec.ts:212:15)\n'[39m +
        [32m'    at runWithRetries (C:\\playwright-project\\src\\tests\\2TipsNoExtraNoSeat.spec.ts:121:13)\n'[39m +
        [32m'    at executeTests (C:\\playwright-project\\src\\tests\\2TipsNoExtraNoSeat.spec.ts:211:29)\n'[39m +
        [32m'    at C:\\playwright-project\\src\\tests\\2TipsNoExtraNoSeat.spec.ts:317:30'[39m,
      cause: [90mundefined[39m
    }
  }
}
Error while handling iframe payment: page.waitForSelector: Timeout 60000ms exceeded.
Call log:
[2m  - waiting for locator('iframe[title="Iframe for expiry date"]') to be visible[22m

    at payWithCard [90m(C:\playwright-project\[39msrc\page-objects\paymentPage.ts:4:20[90m)[39m
    at payWithCardInformation [90m(C:\playwright-project\[39msrc\tests\2TipsNoExtraNoSeat.spec.ts:84:22[90m)[39m
    at fn [90m(C:\playwright-project\[39msrc\tests\2TipsNoExtraNoSeat.spec.ts:212:15[90m)[39m
    at runWithRetries [90m(C:\playwright-project\[39msrc\tests\2TipsNoExtraNoSeat.spec.ts:121:13[90m)[39m
    at executeTests [90m(C:\playwright-project\[39msrc\tests\2TipsNoExtraNoSeat.spec.ts:211:29[90m)[39m
    at [90mC:\playwright-project\[39msrc\tests\2TipsNoExtraNoSeat.spec.ts:317:30 {
  name: [32m'TimeoutError'[39m,
  [[32mSymbol(step)[39m]: {
    stepId: [32m'pw:api@96'[39m,
    location: {
      file: [32m'C:\\playwright-project\\src\\page-objects\\paymentPage.ts'[39m,
      line: [33m4[39m,
      column: [33m20[39m,
      function: [32m'payWithCard'[39m
    },
    category: [32m'pw:api'[39m,
    title: [32m'page.waitForSelector(iframe[title="Iframe for expiry date"])'[39m,
    apiName: [32m'page.waitForSelector'[39m,
    params: {
      selector: [32m'iframe[title="Iframe for expiry date"]'[39m,
      timeout: [33m60000[39m
    },
    boxedStack: [90mundefined[39m,
    steps: [],
    complete: [36m[Function: complete][39m,
    endWallTime: [33m1737618914732[39m,
    error: {
      message: [32m'TimeoutError: page.waitForSelector: Timeout 60000ms exceeded.\n'[39m +
        [32m'Call log:\n'[39m +
        [32m`\x1B[2m  - waiting for locator('iframe[title="Iframe for expiry date"]') to be visible\x1B[22m\n`[39m,
      stack: [32m'TimeoutError: page.waitForSelector: Timeout 60000ms exceeded.\n'[39m +
        [32m'Call log:\n'[39m +
        [32m`\x1B[2m  - waiting for locator('iframe[title="Iframe for expiry date"]') to be visible\x1B[22m\n`[39m +
        [32m'\n'[39m +
        [32m'    at payWithCard (C:\\playwright-project\\src\\page-objects\\paymentPage.ts:4:20)\n'[39m +
        [32m'    at payWithCardInformation (C:\\playwright-project\\src\\tests\\2TipsNoExtraNoSeat.spec.ts:84:22)\n'[39m +
        [32m'    at fn (C:\\playwright-project\\src\\tests\\2TipsNoExtraNoSeat.spec.ts:212:15)\n'[39m +
        [32m'    at runWithRetries (C:\\playwright-project\\src\\tests\\2TipsNoExtraNoSeat.spec.ts:121:13)\n'[39m +
        [32m'    at executeTests (C:\\playwright-project\\src\\tests\\2TipsNoExtraNoSeat.spec.ts:211:29)\n'[39m +
        [32m'    at C:\\playwright-project\\src\\tests\\2TipsNoExtraNoSeat.spec.ts:317:30'[39m,
      cause: [90mundefined[39m
    }
  }
}
Intento 3 fallido en payWithCard: page.waitForSelector: Timeout 60000ms exceeded.
Call log:
[2m  - waiting for locator('iframe[title="Iframe for expiry date"]') to be visible[22m

    at payWithCard [90m(C:\playwright-project\[39msrc\page-objects\paymentPage.ts:4:20[90m)[39m
    at payWithCardInformation [90m(C:\playwright-project\[39msrc\tests\2TipsNoExtraNoSeat.spec.ts:84:22[90m)[39m
    at fn [90m(C:\playwright-project\[39msrc\tests\2TipsNoExtraNoSeat.spec.ts:212:15[90m)[39m
    at runWithRetries [90m(C:\playwright-project\[39msrc\tests\2TipsNoExtraNoSeat.spec.ts:121:13[90m)[39m
    at executeTests [90m(C:\playwright-project\[39msrc\tests\2TipsNoExtraNoSeat.spec.ts:211:29[90m)[39m
    at [90mC:\playwright-project\[39msrc\tests\2TipsNoExtraNoSeat.spec.ts:317:30 {
  name: [32m'TimeoutError'[39m,
  [[32mSymbol(step)[39m]: {
    stepId: [32m'pw:api@96'[39m,
    location: {
      file: [32m'C:\\playwright-project\\src\\page-objects\\paymentPage.ts'[39m,
      line: [33m4[39m,
      column: [33m20[39m,
      function: [32m'payWithCard'[39m
    },
    category: [32m'pw:api'[39m,
    title: [32m'page.waitForSelector(iframe[title="Iframe for expiry date"])'[39m,
    apiName: [32m'page.waitForSelector'[39m,
    params: {
      selector: [32m'iframe[title="Iframe for expiry date"]'[39m,
      timeout: [33m60000[39m
    },
    boxedStack: [90mundefined[39m,
    steps: [],
    complete: [36m[Function: complete][39m,
    endWallTime: [33m1737618914732[39m,
    error: {
      message: [32m'TimeoutError: page.waitForSelector: Timeout 60000ms exceeded.\n'[39m +
        [32m'Call log:\n'[39m +
        [32m`\x1B[2m  - waiting for locator('iframe[title="Iframe for expiry date"]') to be visible\x1B[22m\n`[39m,
      stack: [32m'TimeoutError: page.waitForSelector: Timeout 60000ms exceeded.\n'[39m +
        [32m'Call log:\n'[39m +
        [32m`\x1B[2m  - waiting for locator('iframe[title="Iframe for expiry date"]') to be visible\x1B[22m\n`[39m +
        [32m'\n'[39m +
        [32m'    at payWithCard (C:\\playwright-project\\src\\page-objects\\paymentPage.ts:4:20)\n'[39m +
        [32m'    at payWithCardInformation (C:\\playwright-project\\src\\tests\\2TipsNoExtraNoSeat.spec.ts:84:22)\n'[39m +
        [32m'    at fn (C:\\playwright-project\\src\\tests\\2TipsNoExtraNoSeat.spec.ts:212:15)\n'[39m +
        [32m'    at runWithRetries (C:\\playwright-project\\src\\tests\\2TipsNoExtraNoSeat.spec.ts:121:13)\n'[39m +
        [32m'    at executeTests (C:\\playwright-project\\src\\tests\\2TipsNoExtraNoSeat.spec.ts:211:29)\n'[39m +
        [32m'    at C:\\playwright-project\\src\\tests\\2TipsNoExtraNoSeat.spec.ts:317:30'[39m,
      cause: [90mundefined[39m
    }
  }
}
Prueba payWithCard fallida después de 3 intentos.
Error while handling iframe payment: page.waitForSelector: Timeout 60000ms exceeded.
Call log:
[2m  - waiting for locator('iframe[title="Iframe for expiry date"]') to be visible[22m

    at payWithCard [90m(C:\playwright-project\[39msrc\page-objects\paymentPage.ts:4:20[90m)[39m
    at payWithCardInformation [90m(C:\playwright-project\[39msrc\tests\2TipsNoExtraNoSeat.spec.ts:84:22[90m)[39m
    at fn [90m(C:\playwright-project\[39msrc\tests\2TipsNoExtraNoSeat.spec.ts:212:15[90m)[39m
    at runWithRetries [90m(C:\playwright-project\[39msrc\tests\2TipsNoExtraNoSeat.spec.ts:121:13[90m)[39m
    at executeTests [90m(C:\playwright-project\[39msrc\tests\2TipsNoExtraNoSeat.spec.ts:211:35[90m)[39m
    at [90mC:\playwright-project\[39msrc\tests\2TipsNoExtraNoSeat.spec.ts:317:30 {
  name: [32m'TimeoutError'[39m,
  [[32mSymbol(step)[39m]: {
    stepId: [32m'pw:api@192'[39m,
    location: {
      file: [32m'C:\\playwright-project\\src\\page-objects\\paymentPage.ts'[39m,
      line: [33m4[39m,
      column: [33m20[39m,
      function: [32m'payWithCard'[39m
    },
    category: [32m'pw:api'[39m,
    title: [32m'page.waitForSelector(iframe[title="Iframe for expiry date"])'[39m,
    apiName: [32m'page.waitForSelector'[39m,
    params: {
      selector: [32m'iframe[title="Iframe for expiry date"]'[39m,
      timeout: [33m60000[39m
    },
    boxedStack: [90mundefined[39m,
    steps: [],
    complete: [36m[Function: complete][39m,
    endWallTime: [33m1737619016463[39m,
    error: {
      message: [32m'TimeoutError: page.waitForSelector: Timeout 60000ms exceeded.\n'[39m +
        [32m'Call log:\n'[39m +
        [32m`\x1B[2m  - waiting for locator('iframe[title="Iframe for expiry date"]') to be visible\x1B[22m\n`[39m,
      stack: [32m'TimeoutError: page.waitForSelector: Timeout 60000ms exceeded.\n'[39m +
        [32m'Call log:\n'[39m +
        [32m`\x1B[2m  - waiting for locator('iframe[title="Iframe for expiry date"]') to be visible\x1B[22m\n`[39m +
        [32m'\n'[39m +
        [32m'    at payWithCard (C:\\playwright-project\\src\\page-objects\\paymentPage.ts:4:20)\n'[39m +
        [32m'    at payWithCardInformation (C:\\playwright-project\\src\\tests\\2TipsNoExtraNoSeat.spec.ts:84:22)\n'[39m +
        [32m'    at fn (C:\\playwright-project\\src\\tests\\2TipsNoExtraNoSeat.spec.ts:212:15)\n'[39m +
        [32m'    at runWithRetries (C:\\playwright-project\\src\\tests\\2TipsNoExtraNoSeat.spec.ts:121:13)\n'[39m +
        [32m'    at executeTests (C:\\playwright-project\\src\\tests\\2TipsNoExtraNoSeat.spec.ts:211:35)\n'[39m +
        [32m'    at C:\\playwright-project\\src\\tests\\2TipsNoExtraNoSeat.spec.ts:317:30'[39m,
      cause: [90mundefined[39m
    }
  }
}
Intento 1 fallido en payWithCard: page.waitForSelector: Timeout 60000ms exceeded.
Call log:
[2m  - waiting for locator('iframe[title="Iframe for expiry date"]') to be visible[22m

    at payWithCard [90m(C:\playwright-project\[39msrc\page-objects\paymentPage.ts:4:20[90m)[39m
    at payWithCardInformation [90m(C:\playwright-project\[39msrc\tests\2TipsNoExtraNoSeat.spec.ts:84:22[90m)[39m
    at fn [90m(C:\playwright-project\[39msrc\tests\2TipsNoExtraNoSeat.spec.ts:212:15[90m)[39m
    at runWithRetries [90m(C:\playwright-project\[39msrc\tests\2TipsNoExtraNoSeat.spec.ts:121:13[90m)[39m
    at executeTests [90m(C:\playwright-project\[39msrc\tests\2TipsNoExtraNoSeat.spec.ts:211:35[90m)[39m
    at [90mC:\playwright-project\[39msrc\tests\2TipsNoExtraNoSeat.spec.ts:317:30 {
  name: [32m'TimeoutError'[39m,
  [[32mSymbol(step)[39m]: {
    stepId: [32m'pw:api@192'[39m,
    location: {
      file: [32m'C:\\playwright-project\\src\\page-objects\\paymentPage.ts'[39m,
      line: [33m4[39m,
      column: [33m20[39m,
      function: [32m'payWithCard'[39m
    },
    category: [32m'pw:api'[39m,
    title: [32m'page.waitForSelector(iframe[title="Iframe for expiry date"])'[39m,
    apiName: [32m'page.waitForSelector'[39m,
    params: {
      selector: [32m'iframe[title="Iframe for expiry date"]'[39m,
      timeout: [33m60000[39m
    },
    boxedStack: [90mundefined[39m,
    steps: [],
    complete: [36m[Function: complete][39m,
    endWallTime: [33m1737619016463[39m,
    error: {
      message: [32m'TimeoutError: page.waitForSelector: Timeout 60000ms exceeded.\n'[39m +
        [32m'Call log:\n'[39m +
        [32m`\x1B[2m  - waiting for locator('iframe[title="Iframe for expiry date"]') to be visible\x1B[22m\n`[39m,
      stack: [32m'TimeoutError: page.waitForSelector: Timeout 60000ms exceeded.\n'[39m +
        [32m'Call log:\n'[39m +
        [32m`\x1B[2m  - waiting for locator('iframe[title="Iframe for expiry date"]') to be visible\x1B[22m\n`[39m +
        [32m'\n'[39m +
        [32m'    at payWithCard (C:\\playwright-project\\src\\page-objects\\paymentPage.ts:4:20)\n'[39m +
        [32m'    at payWithCardInformation (C:\\playwright-project\\src\\tests\\2TipsNoExtraNoSeat.spec.ts:84:22)\n'[39m +
        [32m'    at fn (C:\\playwright-project\\src\\tests\\2TipsNoExtraNoSeat.spec.ts:212:15)\n'[39m +
        [32m'    at runWithRetries (C:\\playwright-project\\src\\tests\\2TipsNoExtraNoSeat.spec.ts:121:13)\n'[39m +
        [32m'    at executeTests (C:\\playwright-project\\src\\tests\\2TipsNoExtraNoSeat.spec.ts:211:35)\n'[39m +
        [32m'    at C:\\playwright-project\\src\\tests\\2TipsNoExtraNoSeat.spec.ts:317:30'[39m,
      cause: [90mundefined[39m
    }
  }
}
Error while handling iframe payment: page.waitForSelector: Test ended.
Call log:
[2m  - waiting for locator('iframe[title="Iframe for expiry date"]') to be visible[22m

    at payWithCard [90m(C:\playwright-project\[39msrc\page-objects\paymentPage.ts:4:20[90m)[39m
    at payWithCardInformation [90m(C:\playwright-project\[39msrc\tests\2TipsNoExtraNoSeat.spec.ts:84:22[90m)[39m
    at fn [90m(C:\playwright-project\[39msrc\tests\2TipsNoExtraNoSeat.spec.ts:212:15[90m)[39m
    at runWithRetries [90m(C:\playwright-project\[39msrc\tests\2TipsNoExtraNoSeat.spec.ts:121:13[90m)[39m
    at executeTests [90m(C:\playwright-project\[39msrc\tests\2TipsNoExtraNoSeat.spec.ts:211:29[90m)[39m
    at [90mC:\playwright-project\[39msrc\tests\2TipsNoExtraNoSeat.spec.ts:317:30
Intento 2 fallido en payWithCard: page.waitForSelector: Test ended.
Call log:
[2m  - waiting for locator('iframe[title="Iframe for expiry date"]') to be visible[22m

    at payWithCard [90m(C:\playwright-project\[39msrc\page-objects\paymentPage.ts:4:20[90m)[39m
    at payWithCardInformation [90m(C:\playwright-project\[39msrc\tests\2TipsNoExtraNoSeat.spec.ts:84:22[90m)[39m
    at fn [90m(C:\playwright-project\[39msrc\tests\2TipsNoExtraNoSeat.spec.ts:212:15[90m)[39m
    at runWithRetries [90m(C:\playwright-project\[39msrc\tests\2TipsNoExtraNoSeat.spec.ts:121:13[90m)[39m
    at executeTests [90m(C:\playwright-project\[39msrc\tests\2TipsNoExtraNoSeat.spec.ts:211:29[90m)[39m
    at [90mC:\playwright-project\[39msrc\tests\2TipsNoExtraNoSeat.spec.ts:317:30
Error while handling iframe payment: page.waitForSelector: Target page, context or browser has been closed
    at payWithCard [90m(C:\playwright-project\[39msrc\page-objects\paymentPage.ts:4:20[90m)[39m
    at payWithCardInformation [90m(C:\playwright-project\[39msrc\tests\2TipsNoExtraNoSeat.spec.ts:84:22[90m)[39m
    at fn [90m(C:\playwright-project\[39msrc\tests\2TipsNoExtraNoSeat.spec.ts:212:15[90m)[39m
    at runWithRetries [90m(C:\playwright-project\[39msrc\tests\2TipsNoExtraNoSeat.spec.ts:121:13[90m)[39m
    at executeTests [90m(C:\playwright-project\[39msrc\tests\2TipsNoExtraNoSeat.spec.ts:211:29[90m)[39m
    at [90mC:\playwright-project\[39msrc\tests\2TipsNoExtraNoSeat.spec.ts:317:30
Intento 3 fallido en payWithCard: page.waitForSelector: Target page, context or browser has been closed
    at payWithCard [90m(C:\playwright-project\[39msrc\page-objects\paymentPage.ts:4:20[90m)[39m
    at payWithCardInformation [90m(C:\playwright-project\[39msrc\tests\2TipsNoExtraNoSeat.spec.ts:84:22[90m)[39m
    at fn [90m(C:\playwright-project\[39msrc\tests\2TipsNoExtraNoSeat.spec.ts:212:15[90m)[39m
    at runWithRetries [90m(C:\playwright-project\[39msrc\tests\2TipsNoExtraNoSeat.spec.ts:121:13[90m)[39m
    at executeTests [90m(C:\playwright-project\[39msrc\tests\2TipsNoExtraNoSeat.spec.ts:211:29[90m)[39m
    at [90mC:\playwright-project\[39msrc\tests\2TipsNoExtraNoSeat.spec.ts:317:30
Error crítico durante la ejecución: page.screenshot: Target page, context or browser has been closed
    at runWithRetries [90m(C:\playwright-project\[39msrc\tests\2TipsNoExtraNoSeat.spec.ts:126:20[90m)[39m
    at executeTests [90m(C:\playwright-project\[39msrc\tests\2TipsNoExtraNoSeat.spec.ts:211:29[90m)[39m
    at [90mC:\playwright-project\[39msrc\tests\2TipsNoExtraNoSeat.spec.ts:317:30

Warning: attachment 2TipsNoExtraNoSeat-2-Compr-460d0-ión-completa-con-reintentos-chromium\test-failed-1.png is missing]]>
</system-err>
</testcase>
<testcase name="3. Compra 1 adt - 1 chd - Eco Light - Eco Light - sin asistencia › Ejecución completa con reintentos" classname="2TipsNoExtraNoSeat.spec.ts" time="40.553">
<system-out>
<![CDATA[Ejecución completa, intento 1 de 5
Ejecutando Booking, intento 1
Fecha de salida seleccionada: { year: [32m'2025'[39m, month: [32m'5'[39m, index: [33m10[39m, value: [33m24[39m }
Fecha de regreso seleccionada: { year: [32m'2025'[39m, month: [32m'5'[39m, index: [33m11[39m, value: [33m27[39m }
Ajustando número de pasajeros
Successfully clicked the element: div.price-cabin:has-text("Economy")
Successfully clicked the element: div.price-cabin:has-text("Economy")
Ejecutando fillPassengerAdult 1, intento 1
Ejecutando fillPassengerChild 1, intento 1
Ejecutando fillContact, intento 1
Ejecutando payWithCard, intento 1
Iframe encontrado.
Ejecutando payWithCard, intento 1
Ejecutando payWithCard, intento 2
Ejecutando payWithCard, intento 3
]]>
</system-out>
<system-err>
<![CDATA[Confirmation page validation failed: Flight Summary section not found on confirmation page
Intento 1 fallido en payWithCard: Error: Flight Summary section not found on confirmation page
    at validationConfirmPage [90m(C:\playwright-project\[39msrc\page-objects\confirmation.ts:29:19[90m)[39m
[90m    at runNextTicks (node:internal/process/task_queues:65:5)[39m
[90m    at processImmediate (node:internal/timers:459:9)[39m
[90m    at process.callbackTrampoline (node:internal/async_hooks:130:17)[39m
    at validationConfirmationPage [90m(C:\playwright-project\[39msrc\tests\2TipsNoExtraNoSeat.spec.ts:90:3[90m)[39m
    at runWithRetries [90m(C:\playwright-project\[39msrc\tests\2TipsNoExtraNoSeat.spec.ts:121:7[90m)[39m
    at executeTests [90m(C:\playwright-project\[39msrc\tests\2TipsNoExtraNoSeat.spec.ts:221:29[90m)[39m
    at [90mC:\playwright-project\[39msrc\tests\2TipsNoExtraNoSeat.spec.ts:360:30
    at [90mC:\playwright-project\[39mnode_modules\[4mplaywright[24m\lib\worker\workerMain.js:339:9
    at [90mC:\playwright-project\[39mnode_modules\[4mplaywright[24m\lib\worker\testInfo.js:286:11
    at TimeoutManager.withRunnable [90m(C:\playwright-project\[39mnode_modules\[4mplaywright[24m\lib\worker\timeoutManager.js:64:14[90m)[39m
    at TestInfoImpl._runAsStage [90m(C:\playwright-project\[39mnode_modules\[4mplaywright[24m\lib\worker\testInfo.js:284:7[90m)[39m
    at [90mC:\playwright-project\[39mnode_modules\[4mplaywright[24m\lib\worker\workerMain.js:331:7
    at [90mC:\playwright-project\[39mnode_modules\[4mplaywright[24m\lib\worker\testInfo.js:286:11
    at TimeoutManager.withRunnable [90m(C:\playwright-project\[39mnode_modules\[4mplaywright[24m\lib\worker\timeoutManager.js:52:27[90m)[39m
    at TestInfoImpl._runAsStage [90m(C:\playwright-project\[39mnode_modules\[4mplaywright[24m\lib\worker\testInfo.js:284:7[90m)[39m
    at WorkerMain._runTest [90m(C:\playwright-project\[39mnode_modules\[4mplaywright[24m\lib\worker\workerMain.js:281:5[90m)[39m
    at WorkerMain.runTestGroup [90m(C:\playwright-project\[39mnode_modules\[4mplaywright[24m\lib\worker\workerMain.js:205:11[90m)[39m
    at process.<anonymous> [90m(C:\playwright-project\[39mnode_modules\[4mplaywright[24m\lib\common\process.js:95:22[90m)[39m
Confirmation page validation failed: Not on confirmation page URL
Intento 2 fallido en payWithCard: Error: Not on confirmation page URL
    at validationConfirmPage [90m(C:\playwright-project\[39msrc\page-objects\confirmation.ts:36:19[90m)[39m
    at validationConfirmationPage [90m(C:\playwright-project\[39msrc\tests\2TipsNoExtraNoSeat.spec.ts:90:3[90m)[39m
    at runWithRetries [90m(C:\playwright-project\[39msrc\tests\2TipsNoExtraNoSeat.spec.ts:121:7[90m)[39m
    at executeTests [90m(C:\playwright-project\[39msrc\tests\2TipsNoExtraNoSeat.spec.ts:221:29[90m)[39m
    at [90mC:\playwright-project\[39msrc\tests\2TipsNoExtraNoSeat.spec.ts:360:30
    at [90mC:\playwright-project\[39mnode_modules\[4mplaywright[24m\lib\worker\workerMain.js:339:9
    at [90mC:\playwright-project\[39mnode_modules\[4mplaywright[24m\lib\worker\testInfo.js:286:11
    at TimeoutManager.withRunnable [90m(C:\playwright-project\[39mnode_modules\[4mplaywright[24m\lib\worker\timeoutManager.js:64:14[90m)[39m
    at TestInfoImpl._runAsStage [90m(C:\playwright-project\[39mnode_modules\[4mplaywright[24m\lib\worker\testInfo.js:284:7[90m)[39m
    at [90mC:\playwright-project\[39mnode_modules\[4mplaywright[24m\lib\worker\workerMain.js:331:7
    at [90mC:\playwright-project\[39mnode_modules\[4mplaywright[24m\lib\worker\testInfo.js:286:11
    at TimeoutManager.withRunnable [90m(C:\playwright-project\[39mnode_modules\[4mplaywright[24m\lib\worker\timeoutManager.js:52:27[90m)[39m
    at TestInfoImpl._runAsStage [90m(C:\playwright-project\[39mnode_modules\[4mplaywright[24m\lib\worker\testInfo.js:284:7[90m)[39m
    at WorkerMain._runTest [90m(C:\playwright-project\[39mnode_modules\[4mplaywright[24m\lib\worker\workerMain.js:281:5[90m)[39m
    at WorkerMain.runTestGroup [90m(C:\playwright-project\[39mnode_modules\[4mplaywright[24m\lib\worker\workerMain.js:205:11[90m)[39m
    at process.<anonymous> [90m(C:\playwright-project\[39mnode_modules\[4mplaywright[24m\lib\common\process.js:95:22[90m)[39m
]]>
</system-err>
</testcase>
<testcase name="4. Compra 1 adt - 1 chd - Eco Light - Eco Light - con assitence › Ejecución completa con reintentos" classname="2TipsNoExtraNoSeat.spec.ts" time="43.601">
<system-out>
<![CDATA[Ejecución completa, intento 1 de 5
Ejecutando Booking, intento 1
Fecha de salida seleccionada: { year: [32m'2025'[39m, month: [32m'6'[39m, index: [33m3[39m, value: [33m10[39m }
Fecha de regreso seleccionada: { year: [32m'2025'[39m, month: [32m'6'[39m, index: [33m4[39m, value: [33m12[39m }
Ajustando número de pasajeros
Successfully clicked the element: div.price-cabin:has-text("Economy")
Successfully clicked the element: div.price-cabin:has-text("Economy")
Ejecutando fillPassengerAdult 1, intento 1
Ejecutando fillPassengerChild 1, intento 1
Ejecutando fillContact, intento 1
Ejecutando payWithCard, intento 1
Iframe encontrado.
Ejecutando payWithCard, intento 1
Ejecutando payWithCard, intento 2
Ejecutando payWithCard, intento 3
]]>
</system-out>
<system-err>
<![CDATA[Confirmation page validation failed: Flight Summary section not found on confirmation page
Intento 1 fallido en payWithCard: Error: Flight Summary section not found on confirmation page
    at validationConfirmPage [90m(C:\playwright-project\[39msrc\page-objects\confirmation.ts:29:19[90m)[39m
[90m    at runNextTicks (node:internal/process/task_queues:65:5)[39m
[90m    at processImmediate (node:internal/timers:459:9)[39m
[90m    at process.callbackTrampoline (node:internal/async_hooks:130:17)[39m
    at validationConfirmationPage [90m(C:\playwright-project\[39msrc\tests\2TipsNoExtraNoSeat.spec.ts:90:3[90m)[39m
    at runWithRetries [90m(C:\playwright-project\[39msrc\tests\2TipsNoExtraNoSeat.spec.ts:121:7[90m)[39m
    at executeTests [90m(C:\playwright-project\[39msrc\tests\2TipsNoExtraNoSeat.spec.ts:221:29[90m)[39m
    at [90mC:\playwright-project\[39msrc\tests\2TipsNoExtraNoSeat.spec.ts:405:30
    at [90mC:\playwright-project\[39mnode_modules\[4mplaywright[24m\lib\worker\workerMain.js:339:9
    at [90mC:\playwright-project\[39mnode_modules\[4mplaywright[24m\lib\worker\testInfo.js:286:11
    at TimeoutManager.withRunnable [90m(C:\playwright-project\[39mnode_modules\[4mplaywright[24m\lib\worker\timeoutManager.js:64:14[90m)[39m
    at TestInfoImpl._runAsStage [90m(C:\playwright-project\[39mnode_modules\[4mplaywright[24m\lib\worker\testInfo.js:284:7[90m)[39m
    at [90mC:\playwright-project\[39mnode_modules\[4mplaywright[24m\lib\worker\workerMain.js:331:7
    at [90mC:\playwright-project\[39mnode_modules\[4mplaywright[24m\lib\worker\testInfo.js:286:11
    at TimeoutManager.withRunnable [90m(C:\playwright-project\[39mnode_modules\[4mplaywright[24m\lib\worker\timeoutManager.js:52:27[90m)[39m
    at TestInfoImpl._runAsStage [90m(C:\playwright-project\[39mnode_modules\[4mplaywright[24m\lib\worker\testInfo.js:284:7[90m)[39m
    at WorkerMain._runTest [90m(C:\playwright-project\[39mnode_modules\[4mplaywright[24m\lib\worker\workerMain.js:281:5[90m)[39m
    at WorkerMain.runTestGroup [90m(C:\playwright-project\[39mnode_modules\[4mplaywright[24m\lib\worker\workerMain.js:205:11[90m)[39m
    at process.<anonymous> [90m(C:\playwright-project\[39mnode_modules\[4mplaywright[24m\lib\common\process.js:95:22[90m)[39m
Confirmation page validation failed: Not on confirmation page URL
Intento 2 fallido en payWithCard: Error: Not on confirmation page URL
    at validationConfirmPage [90m(C:\playwright-project\[39msrc\page-objects\confirmation.ts:36:19[90m)[39m
[90m    at runNextTicks (node:internal/process/task_queues:65:5)[39m
[90m    at processImmediate (node:internal/timers:459:9)[39m
[90m    at process.callbackTrampoline (node:internal/async_hooks:130:17)[39m
    at validationConfirmationPage [90m(C:\playwright-project\[39msrc\tests\2TipsNoExtraNoSeat.spec.ts:90:3[90m)[39m
    at runWithRetries [90m(C:\playwright-project\[39msrc\tests\2TipsNoExtraNoSeat.spec.ts:121:7[90m)[39m
    at executeTests [90m(C:\playwright-project\[39msrc\tests\2TipsNoExtraNoSeat.spec.ts:221:29[90m)[39m
    at [90mC:\playwright-project\[39msrc\tests\2TipsNoExtraNoSeat.spec.ts:405:30
    at [90mC:\playwright-project\[39mnode_modules\[4mplaywright[24m\lib\worker\workerMain.js:339:9
    at [90mC:\playwright-project\[39mnode_modules\[4mplaywright[24m\lib\worker\testInfo.js:286:11
    at TimeoutManager.withRunnable [90m(C:\playwright-project\[39mnode_modules\[4mplaywright[24m\lib\worker\timeoutManager.js:64:14[90m)[39m
    at TestInfoImpl._runAsStage [90m(C:\playwright-project\[39mnode_modules\[4mplaywright[24m\lib\worker\testInfo.js:284:7[90m)[39m
    at [90mC:\playwright-project\[39mnode_modules\[4mplaywright[24m\lib\worker\workerMain.js:331:7
    at [90mC:\playwright-project\[39mnode_modules\[4mplaywright[24m\lib\worker\testInfo.js:286:11
    at TimeoutManager.withRunnable [90m(C:\playwright-project\[39mnode_modules\[4mplaywright[24m\lib\worker\timeoutManager.js:52:27[90m)[39m
    at TestInfoImpl._runAsStage [90m(C:\playwright-project\[39mnode_modules\[4mplaywright[24m\lib\worker\testInfo.js:284:7[90m)[39m
    at WorkerMain._runTest [90m(C:\playwright-project\[39mnode_modules\[4mplaywright[24m\lib\worker\workerMain.js:281:5[90m)[39m
    at WorkerMain.runTestGroup [90m(C:\playwright-project\[39mnode_modules\[4mplaywright[24m\lib\worker\workerMain.js:205:11[90m)[39m
    at process.<anonymous> [90m(C:\playwright-project\[39mnode_modules\[4mplaywright[24m\lib\common\process.js:95:22[90m)[39m
]]>
</system-err>
</testcase>
<testcase name="5. Compra 1 adt - 3 chd - Eco Light - Eco Light - con assitence › Ejecución completa con reintentos" classname="2TipsNoExtraNoSeat.spec.ts" time="60.925">
<system-out>
<![CDATA[Ejecución completa, intento 1 de 5
Ejecutando Booking, intento 1
Fecha de salida seleccionada: { year: [32m'2025'[39m, month: [32m'6'[39m, index: [33m0[39m, value: [33m3[39m }
Fecha de regreso seleccionada: { year: [32m'2025'[39m, month: [32m'6'[39m, index: [33m1[39m, value: [33m5[39m }
Ajustando número de pasajeros
Successfully clicked the element: div.price-cabin:has-text("Economy")
Successfully clicked the element: div.price-cabin:has-text("Economy")
Ejecutando fillPassengerAdult 1, intento 1
Ejecutando fillPassengerChild 1, intento 1
Ejecutando fillPassengerChild 2, intento 1
Ejecutando fillPassengerChild 3, intento 1
Ejecutando fillContact, intento 1
Ejecutando payWithCard, intento 1
Iframe encontrado.
Ejecutando payWithCard, intento 1
Ejecutando payWithCard, intento 2
Ejecutando payWithCard, intento 3
]]>
</system-out>
<system-err>
<![CDATA[Confirmation page validation failed: Flight Summary section not found on confirmation page
Intento 1 fallido en payWithCard: Error: Flight Summary section not found on confirmation page
    at validationConfirmPage [90m(C:\playwright-project\[39msrc\page-objects\confirmation.ts:29:19[90m)[39m
[90m    at runNextTicks (node:internal/process/task_queues:65:5)[39m
[90m    at processImmediate (node:internal/timers:459:9)[39m
[90m    at process.callbackTrampoline (node:internal/async_hooks:130:17)[39m
    at validationConfirmationPage [90m(C:\playwright-project\[39msrc\tests\2TipsNoExtraNoSeat.spec.ts:90:3[90m)[39m
    at runWithRetries [90m(C:\playwright-project\[39msrc\tests\2TipsNoExtraNoSeat.spec.ts:121:7[90m)[39m
    at executeTests [90m(C:\playwright-project\[39msrc\tests\2TipsNoExtraNoSeat.spec.ts:221:29[90m)[39m
    at [90mC:\playwright-project\[39msrc\tests\2TipsNoExtraNoSeat.spec.ts:448:30
    at [90mC:\playwright-project\[39mnode_modules\[4mplaywright[24m\lib\worker\workerMain.js:339:9
    at [90mC:\playwright-project\[39mnode_modules\[4mplaywright[24m\lib\worker\testInfo.js:286:11
    at TimeoutManager.withRunnable [90m(C:\playwright-project\[39mnode_modules\[4mplaywright[24m\lib\worker\timeoutManager.js:64:14[90m)[39m
    at TestInfoImpl._runAsStage [90m(C:\playwright-project\[39mnode_modules\[4mplaywright[24m\lib\worker\testInfo.js:284:7[90m)[39m
    at [90mC:\playwright-project\[39mnode_modules\[4mplaywright[24m\lib\worker\workerMain.js:331:7
    at [90mC:\playwright-project\[39mnode_modules\[4mplaywright[24m\lib\worker\testInfo.js:286:11
    at TimeoutManager.withRunnable [90m(C:\playwright-project\[39mnode_modules\[4mplaywright[24m\lib\worker\timeoutManager.js:52:27[90m)[39m
    at TestInfoImpl._runAsStage [90m(C:\playwright-project\[39mnode_modules\[4mplaywright[24m\lib\worker\testInfo.js:284:7[90m)[39m
    at WorkerMain._runTest [90m(C:\playwright-project\[39mnode_modules\[4mplaywright[24m\lib\worker\workerMain.js:281:5[90m)[39m
    at WorkerMain.runTestGroup [90m(C:\playwright-project\[39mnode_modules\[4mplaywright[24m\lib\worker\workerMain.js:205:11[90m)[39m
    at process.<anonymous> [90m(C:\playwright-project\[39mnode_modules\[4mplaywright[24m\lib\common\process.js:95:22[90m)[39m
Confirmation page validation failed: Not on confirmation page URL
Intento 2 fallido en payWithCard: Error: Not on confirmation page URL
    at validationConfirmPage [90m(C:\playwright-project\[39msrc\page-objects\confirmation.ts:36:19[90m)[39m
    at validationConfirmationPage [90m(C:\playwright-project\[39msrc\tests\2TipsNoExtraNoSeat.spec.ts:90:3[90m)[39m
    at runWithRetries [90m(C:\playwright-project\[39msrc\tests\2TipsNoExtraNoSeat.spec.ts:121:7[90m)[39m
    at executeTests [90m(C:\playwright-project\[39msrc\tests\2TipsNoExtraNoSeat.spec.ts:221:29[90m)[39m
    at [90mC:\playwright-project\[39msrc\tests\2TipsNoExtraNoSeat.spec.ts:448:30
    at [90mC:\playwright-project\[39mnode_modules\[4mplaywright[24m\lib\worker\workerMain.js:339:9
    at [90mC:\playwright-project\[39mnode_modules\[4mplaywright[24m\lib\worker\testInfo.js:286:11
    at TimeoutManager.withRunnable [90m(C:\playwright-project\[39mnode_modules\[4mplaywright[24m\lib\worker\timeoutManager.js:64:14[90m)[39m
    at TestInfoImpl._runAsStage [90m(C:\playwright-project\[39mnode_modules\[4mplaywright[24m\lib\worker\testInfo.js:284:7[90m)[39m
    at [90mC:\playwright-project\[39mnode_modules\[4mplaywright[24m\lib\worker\workerMain.js:331:7
    at [90mC:\playwright-project\[39mnode_modules\[4mplaywright[24m\lib\worker\testInfo.js:286:11
    at TimeoutManager.withRunnable [90m(C:\playwright-project\[39mnode_modules\[4mplaywright[24m\lib\worker\timeoutManager.js:52:27[90m)[39m
    at TestInfoImpl._runAsStage [90m(C:\playwright-project\[39mnode_modules\[4mplaywright[24m\lib\worker\testInfo.js:284:7[90m)[39m
    at WorkerMain._runTest [90m(C:\playwright-project\[39mnode_modules\[4mplaywright[24m\lib\worker\workerMain.js:281:5[90m)[39m
    at WorkerMain.runTestGroup [90m(C:\playwright-project\[39mnode_modules\[4mplaywright[24m\lib\worker\workerMain.js:205:11[90m)[39m
    at process.<anonymous> [90m(C:\playwright-project\[39mnode_modules\[4mplaywright[24m\lib\common\process.js:95:22[90m)[39m
]]>
</system-err>
</testcase>
<testcase name="6. Compra 1 adt - 1 inl - Eco Light - Eco Light  › Ejecución completa con reintentos" classname="2TipsNoExtraNoSeat.spec.ts" time="51.551">
<system-out>
<![CDATA[Ejecución completa, intento 1 de 5
Ejecutando Booking, intento 1
Fecha de salida seleccionada: { year: [32m'2025'[39m, month: [32m'6'[39m, index: [33m3[39m, value: [33m10[39m }
Fecha de regreso seleccionada: { year: [32m'2025'[39m, month: [32m'6'[39m, index: [33m4[39m, value: [33m12[39m }
Ajustando número de pasajeros
Successfully clicked the element: div.price-cabin:has-text("Economy")
Successfully clicked the element: div.price-cabin:has-text("Economy")
Ejecutando fillPassengerAdult 1, intento 1
Ejecutando fillPassengerInfant 1, intento 1
Ejecutando fillContact, intento 1
Ejecutando payWithCard, intento 1
Iframe encontrado.
Ejecutando payWithCard, intento 1
Ejecutando payWithCard, intento 2
Ejecutando payWithCard, intento 3
]]>
</system-out>
<system-err>
<![CDATA[Error while filling passenger data: TypeError: Cannot read properties of undefined (reading 'length')
    at fillPassengerFor [90m(C:\playwright-project\[39msrc\page-objects\PassengerPage.ts:31:27[90m)[39m
    at fillPassengerInformation [90m(C:\playwright-project\[39msrc\tests\2TipsNoExtraNoSeat.spec.ts:75:5[90m)[39m
    at runWithRetries [90m(C:\playwright-project\[39msrc\tests\2TipsNoExtraNoSeat.spec.ts:121:7[90m)[39m
    at executeTests [90m(C:\playwright-project\[39msrc\tests\2TipsNoExtraNoSeat.spec.ts:179:29[90m)[39m
    at [90mC:\playwright-project\[39msrc\tests\2TipsNoExtraNoSeat.spec.ts:490:30
    at [90mC:\playwright-project\[39mnode_modules\[4mplaywright[24m\lib\worker\workerMain.js:339:9
    at [90mC:\playwright-project\[39mnode_modules\[4mplaywright[24m\lib\worker\testInfo.js:286:11
    at TimeoutManager.withRunnable [90m(C:\playwright-project\[39mnode_modules\[4mplaywright[24m\lib\worker\timeoutManager.js:64:14[90m)[39m
    at TestInfoImpl._runAsStage [90m(C:\playwright-project\[39mnode_modules\[4mplaywright[24m\lib\worker\testInfo.js:284:7[90m)[39m
    at [90mC:\playwright-project\[39mnode_modules\[4mplaywright[24m\lib\worker\workerMain.js:331:7
    at [90mC:\playwright-project\[39mnode_modules\[4mplaywright[24m\lib\worker\testInfo.js:286:11
    at TimeoutManager.withRunnable [90m(C:\playwright-project\[39mnode_modules\[4mplaywright[24m\lib\worker\timeoutManager.js:52:27[90m)[39m
    at TestInfoImpl._runAsStage [90m(C:\playwright-project\[39mnode_modules\[4mplaywright[24m\lib\worker\testInfo.js:284:7[90m)[39m
    at WorkerMain._runTest [90m(C:\playwright-project\[39mnode_modules\[4mplaywright[24m\lib\worker\workerMain.js:281:5[90m)[39m
    at WorkerMain.runTestGroup [90m(C:\playwright-project\[39mnode_modules\[4mplaywright[24m\lib\worker\workerMain.js:205:11[90m)[39m
    at process.<anonymous> [90m(C:\playwright-project\[39mnode_modules\[4mplaywright[24m\lib\common\process.js:95:22[90m)[39m
Confirmation page validation failed: Flight Summary section not found on confirmation page
Intento 1 fallido en payWithCard: Error: Flight Summary section not found on confirmation page
    at validationConfirmPage [90m(C:\playwright-project\[39msrc\page-objects\confirmation.ts:29:19[90m)[39m
[90m    at runNextTicks (node:internal/process/task_queues:65:5)[39m
[90m    at processImmediate (node:internal/timers:459:9)[39m
[90m    at process.callbackTrampoline (node:internal/async_hooks:130:17)[39m
    at validationConfirmationPage [90m(C:\playwright-project\[39msrc\tests\2TipsNoExtraNoSeat.spec.ts:90:3[90m)[39m
    at runWithRetries [90m(C:\playwright-project\[39msrc\tests\2TipsNoExtraNoSeat.spec.ts:121:7[90m)[39m
    at executeTests [90m(C:\playwright-project\[39msrc\tests\2TipsNoExtraNoSeat.spec.ts:221:29[90m)[39m
    at [90mC:\playwright-project\[39msrc\tests\2TipsNoExtraNoSeat.spec.ts:490:30
    at [90mC:\playwright-project\[39mnode_modules\[4mplaywright[24m\lib\worker\workerMain.js:339:9
    at [90mC:\playwright-project\[39mnode_modules\[4mplaywright[24m\lib\worker\testInfo.js:286:11
    at TimeoutManager.withRunnable [90m(C:\playwright-project\[39mnode_modules\[4mplaywright[24m\lib\worker\timeoutManager.js:64:14[90m)[39m
    at TestInfoImpl._runAsStage [90m(C:\playwright-project\[39mnode_modules\[4mplaywright[24m\lib\worker\testInfo.js:284:7[90m)[39m
    at [90mC:\playwright-project\[39mnode_modules\[4mplaywright[24m\lib\worker\workerMain.js:331:7
    at [90mC:\playwright-project\[39mnode_modules\[4mplaywright[24m\lib\worker\testInfo.js:286:11
    at TimeoutManager.withRunnable [90m(C:\playwright-project\[39mnode_modules\[4mplaywright[24m\lib\worker\timeoutManager.js:52:27[90m)[39m
    at TestInfoImpl._runAsStage [90m(C:\playwright-project\[39mnode_modules\[4mplaywright[24m\lib\worker\testInfo.js:284:7[90m)[39m
    at WorkerMain._runTest [90m(C:\playwright-project\[39mnode_modules\[4mplaywright[24m\lib\worker\workerMain.js:281:5[90m)[39m
    at WorkerMain.runTestGroup [90m(C:\playwright-project\[39mnode_modules\[4mplaywright[24m\lib\worker\workerMain.js:205:11[90m)[39m
    at process.<anonymous> [90m(C:\playwright-project\[39mnode_modules\[4mplaywright[24m\lib\common\process.js:95:22[90m)[39m
Confirmation page validation failed: Not on confirmation page URL
Intento 2 fallido en payWithCard: Error: Not on confirmation page URL
    at validationConfirmPage [90m(C:\playwright-project\[39msrc\page-objects\confirmation.ts:36:19[90m)[39m
    at validationConfirmationPage [90m(C:\playwright-project\[39msrc\tests\2TipsNoExtraNoSeat.spec.ts:90:3[90m)[39m
    at runWithRetries [90m(C:\playwright-project\[39msrc\tests\2TipsNoExtraNoSeat.spec.ts:121:7[90m)[39m
    at executeTests [90m(C:\playwright-project\[39msrc\tests\2TipsNoExtraNoSeat.spec.ts:221:29[90m)[39m
    at [90mC:\playwright-project\[39msrc\tests\2TipsNoExtraNoSeat.spec.ts:490:30
    at [90mC:\playwright-project\[39mnode_modules\[4mplaywright[24m\lib\worker\workerMain.js:339:9
    at [90mC:\playwright-project\[39mnode_modules\[4mplaywright[24m\lib\worker\testInfo.js:286:11
    at TimeoutManager.withRunnable [90m(C:\playwright-project\[39mnode_modules\[4mplaywright[24m\lib\worker\timeoutManager.js:64:14[90m)[39m
    at TestInfoImpl._runAsStage [90m(C:\playwright-project\[39mnode_modules\[4mplaywright[24m\lib\worker\testInfo.js:284:7[90m)[39m
    at [90mC:\playwright-project\[39mnode_modules\[4mplaywright[24m\lib\worker\workerMain.js:331:7
    at [90mC:\playwright-project\[39mnode_modules\[4mplaywright[24m\lib\worker\testInfo.js:286:11
    at TimeoutManager.withRunnable [90m(C:\playwright-project\[39mnode_modules\[4mplaywright[24m\lib\worker\timeoutManager.js:52:27[90m)[39m
    at TestInfoImpl._runAsStage [90m(C:\playwright-project\[39mnode_modules\[4mplaywright[24m\lib\worker\testInfo.js:284:7[90m)[39m
    at WorkerMain._runTest [90m(C:\playwright-project\[39mnode_modules\[4mplaywright[24m\lib\worker\workerMain.js:281:5[90m)[39m
    at WorkerMain.runTestGroup [90m(C:\playwright-project\[39mnode_modules\[4mplaywright[24m\lib\worker\workerMain.js:205:11[90m)[39m
    at process.<anonymous> [90m(C:\playwright-project\[39mnode_modules\[4mplaywright[24m\lib\common\process.js:95:22[90m)[39m
]]>
</system-err>
</testcase>
<testcase name="7. Compra 1 adt Eco Light - Eco Light  - sin assitence › Ejecución completa con reintentos" classname="2TipsNoExtraNoSeat.spec.ts" time="37.654">
<system-out>
<![CDATA[Ejecución completa, intento 1 de 5
Ejecutando Booking, intento 1
Fecha de salida seleccionada: { year: [32m'2025'[39m, month: [32m'6'[39m, index: [33m3[39m, value: [33m10[39m }
Fecha de regreso seleccionada: { year: [32m'2025'[39m, month: [32m'6'[39m, index: [33m4[39m, value: [33m12[39m }
Ajustando número de pasajeros
Successfully clicked the element: div.price-cabin:has-text("Economy")
Successfully clicked the element: div.price-cabin:has-text("Economy")
Ejecutando fillPassengerAdult 1, intento 1
Ejecutando fillContact, intento 1
Ejecutando payWithCard, intento 1
Iframe encontrado.
Ejecutando payWithCard, intento 1
Ejecutando payWithCard, intento 2
Ejecutando payWithCard, intento 3
]]>
</system-out>
<system-err>
<![CDATA[Confirmation page validation failed: Flight Summary section not found on confirmation page
Intento 1 fallido en payWithCard: Error: Flight Summary section not found on confirmation page
    at validationConfirmPage [90m(C:\playwright-project\[39msrc\page-objects\confirmation.ts:29:19[90m)[39m
[90m    at runNextTicks (node:internal/process/task_queues:65:5)[39m
[90m    at processImmediate (node:internal/timers:459:9)[39m
[90m    at process.callbackTrampoline (node:internal/async_hooks:130:17)[39m
    at validationConfirmationPage [90m(C:\playwright-project\[39msrc\tests\2TipsNoExtraNoSeat.spec.ts:90:3[90m)[39m
    at runWithRetries [90m(C:\playwright-project\[39msrc\tests\2TipsNoExtraNoSeat.spec.ts:121:7[90m)[39m
    at executeTests [90m(C:\playwright-project\[39msrc\tests\2TipsNoExtraNoSeat.spec.ts:221:29[90m)[39m
    at [90mC:\playwright-project\[39msrc\tests\2TipsNoExtraNoSeat.spec.ts:531:30
    at [90mC:\playwright-project\[39mnode_modules\[4mplaywright[24m\lib\worker\workerMain.js:339:9
    at [90mC:\playwright-project\[39mnode_modules\[4mplaywright[24m\lib\worker\testInfo.js:286:11
    at TimeoutManager.withRunnable [90m(C:\playwright-project\[39mnode_modules\[4mplaywright[24m\lib\worker\timeoutManager.js:64:14[90m)[39m
    at TestInfoImpl._runAsStage [90m(C:\playwright-project\[39mnode_modules\[4mplaywright[24m\lib\worker\testInfo.js:284:7[90m)[39m
    at [90mC:\playwright-project\[39mnode_modules\[4mplaywright[24m\lib\worker\workerMain.js:331:7
    at [90mC:\playwright-project\[39mnode_modules\[4mplaywright[24m\lib\worker\testInfo.js:286:11
    at TimeoutManager.withRunnable [90m(C:\playwright-project\[39mnode_modules\[4mplaywright[24m\lib\worker\timeoutManager.js:52:27[90m)[39m
    at TestInfoImpl._runAsStage [90m(C:\playwright-project\[39mnode_modules\[4mplaywright[24m\lib\worker\testInfo.js:284:7[90m)[39m
    at WorkerMain._runTest [90m(C:\playwright-project\[39mnode_modules\[4mplaywright[24m\lib\worker\workerMain.js:281:5[90m)[39m
    at WorkerMain.runTestGroup [90m(C:\playwright-project\[39mnode_modules\[4mplaywright[24m\lib\worker\workerMain.js:205:11[90m)[39m
    at process.<anonymous> [90m(C:\playwright-project\[39mnode_modules\[4mplaywright[24m\lib\common\process.js:95:22[90m)[39m
Confirmation page validation failed: Not on confirmation page URL
Intento 2 fallido en payWithCard: Error: Not on confirmation page URL
    at validationConfirmPage [90m(C:\playwright-project\[39msrc\page-objects\confirmation.ts:36:19[90m)[39m
    at validationConfirmationPage [90m(C:\playwright-project\[39msrc\tests\2TipsNoExtraNoSeat.spec.ts:90:3[90m)[39m
    at runWithRetries [90m(C:\playwright-project\[39msrc\tests\2TipsNoExtraNoSeat.spec.ts:121:7[90m)[39m
    at executeTests [90m(C:\playwright-project\[39msrc\tests\2TipsNoExtraNoSeat.spec.ts:221:29[90m)[39m
    at [90mC:\playwright-project\[39msrc\tests\2TipsNoExtraNoSeat.spec.ts:531:30
    at [90mC:\playwright-project\[39mnode_modules\[4mplaywright[24m\lib\worker\workerMain.js:339:9
    at [90mC:\playwright-project\[39mnode_modules\[4mplaywright[24m\lib\worker\testInfo.js:286:11
    at TimeoutManager.withRunnable [90m(C:\playwright-project\[39mnode_modules\[4mplaywright[24m\lib\worker\timeoutManager.js:64:14[90m)[39m
    at TestInfoImpl._runAsStage [90m(C:\playwright-project\[39mnode_modules\[4mplaywright[24m\lib\worker\testInfo.js:284:7[90m)[39m
    at [90mC:\playwright-project\[39mnode_modules\[4mplaywright[24m\lib\worker\workerMain.js:331:7
    at [90mC:\playwright-project\[39mnode_modules\[4mplaywright[24m\lib\worker\testInfo.js:286:11
    at TimeoutManager.withRunnable [90m(C:\playwright-project\[39mnode_modules\[4mplaywright[24m\lib\worker\timeoutManager.js:52:27[90m)[39m
    at TestInfoImpl._runAsStage [90m(C:\playwright-project\[39mnode_modules\[4mplaywright[24m\lib\worker\testInfo.js:284:7[90m)[39m
    at WorkerMain._runTest [90m(C:\playwright-project\[39mnode_modules\[4mplaywright[24m\lib\worker\workerMain.js:281:5[90m)[39m
    at WorkerMain.runTestGroup [90m(C:\playwright-project\[39mnode_modules\[4mplaywright[24m\lib\worker\workerMain.js:205:11[90m)[39m
    at process.<anonymous> [90m(C:\playwright-project\[39mnode_modules\[4mplaywright[24m\lib\common\process.js:95:22[90m)[39m
]]>
</system-err>
</testcase>
<testcase name="8. Compra 1 adt Eco Light - Eco COMFORT - sin assitence › Ejecución completa con reintentos" classname="2TipsNoExtraNoSeat.spec.ts" time="38.677">
<system-out>
<![CDATA[Ejecución completa, intento 1 de 5
Ejecutando Booking, intento 1
Fecha de salida seleccionada: { year: [32m'2025'[39m, month: [32m'6'[39m, index: [33m0[39m, value: [33m3[39m }
Fecha de regreso seleccionada: { year: [32m'2025'[39m, month: [32m'6'[39m, index: [33m1[39m, value: [33m5[39m }
Ajustando número de pasajeros
Successfully clicked the element: div.price-cabin:has-text("Economy")
Successfully clicked the element: div.price-cabin:has-text("Economy")
Ejecutando fillPassengerAdult 1, intento 1
Ejecutando fillContact, intento 1
Ejecutando payWithCard, intento 1
Iframe encontrado.
Ejecutando payWithCard, intento 1
Ejecutando payWithCard, intento 2
Ejecutando payWithCard, intento 3
]]>
</system-out>
<system-err>
<![CDATA[Confirmation page validation failed: Flight Summary section not found on confirmation page
Intento 1 fallido en payWithCard: Error: Flight Summary section not found on confirmation page
    at validationConfirmPage [90m(C:\playwright-project\[39msrc\page-objects\confirmation.ts:29:19[90m)[39m
[90m    at runNextTicks (node:internal/process/task_queues:65:5)[39m
[90m    at processImmediate (node:internal/timers:459:9)[39m
[90m    at process.callbackTrampoline (node:internal/async_hooks:130:17)[39m
    at validationConfirmationPage [90m(C:\playwright-project\[39msrc\tests\2TipsNoExtraNoSeat.spec.ts:90:3[90m)[39m
    at runWithRetries [90m(C:\playwright-project\[39msrc\tests\2TipsNoExtraNoSeat.spec.ts:121:7[90m)[39m
    at executeTests [90m(C:\playwright-project\[39msrc\tests\2TipsNoExtraNoSeat.spec.ts:221:29[90m)[39m
    at [90mC:\playwright-project\[39msrc\tests\2TipsNoExtraNoSeat.spec.ts:572:30
    at [90mC:\playwright-project\[39mnode_modules\[4mplaywright[24m\lib\worker\workerMain.js:339:9
    at [90mC:\playwright-project\[39mnode_modules\[4mplaywright[24m\lib\worker\testInfo.js:286:11
    at TimeoutManager.withRunnable [90m(C:\playwright-project\[39mnode_modules\[4mplaywright[24m\lib\worker\timeoutManager.js:64:14[90m)[39m
    at TestInfoImpl._runAsStage [90m(C:\playwright-project\[39mnode_modules\[4mplaywright[24m\lib\worker\testInfo.js:284:7[90m)[39m
    at [90mC:\playwright-project\[39mnode_modules\[4mplaywright[24m\lib\worker\workerMain.js:331:7
    at [90mC:\playwright-project\[39mnode_modules\[4mplaywright[24m\lib\worker\testInfo.js:286:11
    at TimeoutManager.withRunnable [90m(C:\playwright-project\[39mnode_modules\[4mplaywright[24m\lib\worker\timeoutManager.js:52:27[90m)[39m
    at TestInfoImpl._runAsStage [90m(C:\playwright-project\[39mnode_modules\[4mplaywright[24m\lib\worker\testInfo.js:284:7[90m)[39m
    at WorkerMain._runTest [90m(C:\playwright-project\[39mnode_modules\[4mplaywright[24m\lib\worker\workerMain.js:281:5[90m)[39m
    at WorkerMain.runTestGroup [90m(C:\playwright-project\[39mnode_modules\[4mplaywright[24m\lib\worker\workerMain.js:205:11[90m)[39m
    at process.<anonymous> [90m(C:\playwright-project\[39mnode_modules\[4mplaywright[24m\lib\common\process.js:95:22[90m)[39m
Confirmation page validation failed: Not on confirmation page URL
Intento 2 fallido en payWithCard: Error: Not on confirmation page URL
    at validationConfirmPage [90m(C:\playwright-project\[39msrc\page-objects\confirmation.ts:36:19[90m)[39m
    at validationConfirmationPage [90m(C:\playwright-project\[39msrc\tests\2TipsNoExtraNoSeat.spec.ts:90:3[90m)[39m
    at runWithRetries [90m(C:\playwright-project\[39msrc\tests\2TipsNoExtraNoSeat.spec.ts:121:7[90m)[39m
    at executeTests [90m(C:\playwright-project\[39msrc\tests\2TipsNoExtraNoSeat.spec.ts:221:29[90m)[39m
    at [90mC:\playwright-project\[39msrc\tests\2TipsNoExtraNoSeat.spec.ts:572:30
    at [90mC:\playwright-project\[39mnode_modules\[4mplaywright[24m\lib\worker\workerMain.js:339:9
    at [90mC:\playwright-project\[39mnode_modules\[4mplaywright[24m\lib\worker\testInfo.js:286:11
    at TimeoutManager.withRunnable [90m(C:\playwright-project\[39mnode_modules\[4mplaywright[24m\lib\worker\timeoutManager.js:64:14[90m)[39m
    at TestInfoImpl._runAsStage [90m(C:\playwright-project\[39mnode_modules\[4mplaywright[24m\lib\worker\testInfo.js:284:7[90m)[39m
    at [90mC:\playwright-project\[39mnode_modules\[4mplaywright[24m\lib\worker\workerMain.js:331:7
    at [90mC:\playwright-project\[39mnode_modules\[4mplaywright[24m\lib\worker\testInfo.js:286:11
    at TimeoutManager.withRunnable [90m(C:\playwright-project\[39mnode_modules\[4mplaywright[24m\lib\worker\timeoutManager.js:52:27[90m)[39m
    at TestInfoImpl._runAsStage [90m(C:\playwright-project\[39mnode_modules\[4mplaywright[24m\lib\worker\testInfo.js:284:7[90m)[39m
    at WorkerMain._runTest [90m(C:\playwright-project\[39mnode_modules\[4mplaywright[24m\lib\worker\workerMain.js:281:5[90m)[39m
    at WorkerMain.runTestGroup [90m(C:\playwright-project\[39mnode_modules\[4mplaywright[24m\lib\worker\workerMain.js:205:11[90m)[39m
    at process.<anonymous> [90m(C:\playwright-project\[39mnode_modules\[4mplaywright[24m\lib\common\process.js:95:22[90m)[39m
]]>
</system-err>
</testcase>
<testcase name="9. Compra 1 adt Eco Light - Eco Extra - sin assitence › Ejecución completa con reintentos" classname="2TipsNoExtraNoSeat.spec.ts" time="37.827">
<system-out>
<![CDATA[Ejecución completa, intento 1 de 5
Ejecutando Booking, intento 1
Fecha de salida seleccionada: { year: [32m'2025'[39m, month: [32m'6'[39m, index: [33m3[39m, value: [33m10[39m }
Fecha de regreso seleccionada: { year: [32m'2025'[39m, month: [32m'6'[39m, index: [33m4[39m, value: [33m12[39m }
Ajustando número de pasajeros
Successfully clicked the element: div.price-cabin:has-text("Economy")
Successfully clicked the element: div.price-cabin:has-text("Economy")
Ejecutando fillPassengerAdult 1, intento 1
Ejecutando fillContact, intento 1
Ejecutando payWithCard, intento 1
Iframe encontrado.
Ejecutando payWithCard, intento 1
Ejecutando payWithCard, intento 2
Ejecutando payWithCard, intento 3
]]>
</system-out>
<system-err>
<![CDATA[Confirmation page validation failed: Flight Summary section not found on confirmation page
Intento 1 fallido en payWithCard: Error: Flight Summary section not found on confirmation page
    at validationConfirmPage [90m(C:\playwright-project\[39msrc\page-objects\confirmation.ts:29:19[90m)[39m
[90m    at runNextTicks (node:internal/process/task_queues:65:5)[39m
[90m    at processImmediate (node:internal/timers:459:9)[39m
[90m    at process.callbackTrampoline (node:internal/async_hooks:130:17)[39m
    at validationConfirmationPage [90m(C:\playwright-project\[39msrc\tests\2TipsNoExtraNoSeat.spec.ts:90:3[90m)[39m
    at runWithRetries [90m(C:\playwright-project\[39msrc\tests\2TipsNoExtraNoSeat.spec.ts:121:7[90m)[39m
    at executeTests [90m(C:\playwright-project\[39msrc\tests\2TipsNoExtraNoSeat.spec.ts:221:29[90m)[39m
    at [90mC:\playwright-project\[39msrc\tests\2TipsNoExtraNoSeat.spec.ts:615:30
    at [90mC:\playwright-project\[39mnode_modules\[4mplaywright[24m\lib\worker\workerMain.js:339:9
    at [90mC:\playwright-project\[39mnode_modules\[4mplaywright[24m\lib\worker\testInfo.js:286:11
    at TimeoutManager.withRunnable [90m(C:\playwright-project\[39mnode_modules\[4mplaywright[24m\lib\worker\timeoutManager.js:64:14[90m)[39m
    at TestInfoImpl._runAsStage [90m(C:\playwright-project\[39mnode_modules\[4mplaywright[24m\lib\worker\testInfo.js:284:7[90m)[39m
    at [90mC:\playwright-project\[39mnode_modules\[4mplaywright[24m\lib\worker\workerMain.js:331:7
    at [90mC:\playwright-project\[39mnode_modules\[4mplaywright[24m\lib\worker\testInfo.js:286:11
    at TimeoutManager.withRunnable [90m(C:\playwright-project\[39mnode_modules\[4mplaywright[24m\lib\worker\timeoutManager.js:52:27[90m)[39m
    at TestInfoImpl._runAsStage [90m(C:\playwright-project\[39mnode_modules\[4mplaywright[24m\lib\worker\testInfo.js:284:7[90m)[39m
    at WorkerMain._runTest [90m(C:\playwright-project\[39mnode_modules\[4mplaywright[24m\lib\worker\workerMain.js:281:5[90m)[39m
    at WorkerMain.runTestGroup [90m(C:\playwright-project\[39mnode_modules\[4mplaywright[24m\lib\worker\workerMain.js:205:11[90m)[39m
    at process.<anonymous> [90m(C:\playwright-project\[39mnode_modules\[4mplaywright[24m\lib\common\process.js:95:22[90m)[39m
Confirmation page validation failed: Not on confirmation page URL
Intento 2 fallido en payWithCard: Error: Not on confirmation page URL
    at validationConfirmPage [90m(C:\playwright-project\[39msrc\page-objects\confirmation.ts:36:19[90m)[39m
    at validationConfirmationPage [90m(C:\playwright-project\[39msrc\tests\2TipsNoExtraNoSeat.spec.ts:90:3[90m)[39m
    at runWithRetries [90m(C:\playwright-project\[39msrc\tests\2TipsNoExtraNoSeat.spec.ts:121:7[90m)[39m
    at executeTests [90m(C:\playwright-project\[39msrc\tests\2TipsNoExtraNoSeat.spec.ts:221:29[90m)[39m
    at [90mC:\playwright-project\[39msrc\tests\2TipsNoExtraNoSeat.spec.ts:615:30
    at [90mC:\playwright-project\[39mnode_modules\[4mplaywright[24m\lib\worker\workerMain.js:339:9
    at [90mC:\playwright-project\[39mnode_modules\[4mplaywright[24m\lib\worker\testInfo.js:286:11
    at TimeoutManager.withRunnable [90m(C:\playwright-project\[39mnode_modules\[4mplaywright[24m\lib\worker\timeoutManager.js:64:14[90m)[39m
    at TestInfoImpl._runAsStage [90m(C:\playwright-project\[39mnode_modules\[4mplaywright[24m\lib\worker\testInfo.js:284:7[90m)[39m
    at [90mC:\playwright-project\[39mnode_modules\[4mplaywright[24m\lib\worker\workerMain.js:331:7
    at [90mC:\playwright-project\[39mnode_modules\[4mplaywright[24m\lib\worker\testInfo.js:286:11
    at TimeoutManager.withRunnable [90m(C:\playwright-project\[39mnode_modules\[4mplaywright[24m\lib\worker\timeoutManager.js:52:27[90m)[39m
    at TestInfoImpl._runAsStage [90m(C:\playwright-project\[39mnode_modules\[4mplaywright[24m\lib\worker\testInfo.js:284:7[90m)[39m
    at WorkerMain._runTest [90m(C:\playwright-project\[39mnode_modules\[4mplaywright[24m\lib\worker\workerMain.js:281:5[90m)[39m
    at WorkerMain.runTestGroup [90m(C:\playwright-project\[39mnode_modules\[4mplaywright[24m\lib\worker\workerMain.js:205:11[90m)[39m
    at process.<anonymous> [90m(C:\playwright-project\[39mnode_modules\[4mplaywright[24m\lib\common\process.js:95:22[90m)[39m
]]>
</system-err>
</testcase>
<testcase name="10. Compra 1 adt Eco Light -  PremLight - sin assitence › Ejecución completa con reintentos" classname="2TipsNoExtraNoSeat.spec.ts" time="36.999">
<system-out>
<![CDATA[Ejecución completa, intento 1 de 5
Ejecutando Booking, intento 1
Fecha de salida seleccionada: { year: [32m'2025'[39m, month: [32m'6'[39m, index: [33m1[39m, value: [33m5[39m }
Fecha de regreso seleccionada: { year: [32m'2025'[39m, month: [32m'6'[39m, index: [33m2[39m, value: [33m7[39m }
Ajustando número de pasajeros
Successfully clicked the element: div.price-cabin:has-text("Economy")
Successfully clicked the element: div.price-cabin:has-text("Premium")
Ejecutando fillPassengerAdult 1, intento 1
Ejecutando fillContact, intento 1
Ejecutando payWithCard, intento 1
Iframe encontrado.
Ejecutando payWithCard, intento 1
Ejecutando payWithCard, intento 2
Ejecutando payWithCard, intento 3
]]>
</system-out>
<system-err>
<![CDATA[Confirmation page validation failed: Flight Summary section not found on confirmation page
Intento 1 fallido en payWithCard: Error: Flight Summary section not found on confirmation page
    at validationConfirmPage [90m(C:\playwright-project\[39msrc\page-objects\confirmation.ts:29:19[90m)[39m
[90m    at runNextTicks (node:internal/process/task_queues:65:5)[39m
[90m    at processImmediate (node:internal/timers:459:9)[39m
[90m    at process.callbackTrampoline (node:internal/async_hooks:130:17)[39m
    at validationConfirmationPage [90m(C:\playwright-project\[39msrc\tests\2TipsNoExtraNoSeat.spec.ts:90:3[90m)[39m
    at runWithRetries [90m(C:\playwright-project\[39msrc\tests\2TipsNoExtraNoSeat.spec.ts:121:7[90m)[39m
    at executeTests [90m(C:\playwright-project\[39msrc\tests\2TipsNoExtraNoSeat.spec.ts:221:29[90m)[39m
    at [90mC:\playwright-project\[39msrc\tests\2TipsNoExtraNoSeat.spec.ts:657:30
    at [90mC:\playwright-project\[39mnode_modules\[4mplaywright[24m\lib\worker\workerMain.js:339:9
    at [90mC:\playwright-project\[39mnode_modules\[4mplaywright[24m\lib\worker\testInfo.js:286:11
    at TimeoutManager.withRunnable [90m(C:\playwright-project\[39mnode_modules\[4mplaywright[24m\lib\worker\timeoutManager.js:64:14[90m)[39m
    at TestInfoImpl._runAsStage [90m(C:\playwright-project\[39mnode_modules\[4mplaywright[24m\lib\worker\testInfo.js:284:7[90m)[39m
    at [90mC:\playwright-project\[39mnode_modules\[4mplaywright[24m\lib\worker\workerMain.js:331:7
    at [90mC:\playwright-project\[39mnode_modules\[4mplaywright[24m\lib\worker\testInfo.js:286:11
    at TimeoutManager.withRunnable [90m(C:\playwright-project\[39mnode_modules\[4mplaywright[24m\lib\worker\timeoutManager.js:52:27[90m)[39m
    at TestInfoImpl._runAsStage [90m(C:\playwright-project\[39mnode_modules\[4mplaywright[24m\lib\worker\testInfo.js:284:7[90m)[39m
    at WorkerMain._runTest [90m(C:\playwright-project\[39mnode_modules\[4mplaywright[24m\lib\worker\workerMain.js:281:5[90m)[39m
    at WorkerMain.runTestGroup [90m(C:\playwright-project\[39mnode_modules\[4mplaywright[24m\lib\worker\workerMain.js:205:11[90m)[39m
    at process.<anonymous> [90m(C:\playwright-project\[39mnode_modules\[4mplaywright[24m\lib\common\process.js:95:22[90m)[39m
Confirmation page validation failed: Not on confirmation page URL
Intento 2 fallido en payWithCard: Error: Not on confirmation page URL
    at validationConfirmPage [90m(C:\playwright-project\[39msrc\page-objects\confirmation.ts:36:19[90m)[39m
[90m    at runNextTicks (node:internal/process/task_queues:65:5)[39m
[90m    at processImmediate (node:internal/timers:459:9)[39m
[90m    at process.callbackTrampoline (node:internal/async_hooks:130:17)[39m
    at validationConfirmationPage [90m(C:\playwright-project\[39msrc\tests\2TipsNoExtraNoSeat.spec.ts:90:3[90m)[39m
    at runWithRetries [90m(C:\playwright-project\[39msrc\tests\2TipsNoExtraNoSeat.spec.ts:121:7[90m)[39m
    at executeTests [90m(C:\playwright-project\[39msrc\tests\2TipsNoExtraNoSeat.spec.ts:221:29[90m)[39m
    at [90mC:\playwright-project\[39msrc\tests\2TipsNoExtraNoSeat.spec.ts:657:30
    at [90mC:\playwright-project\[39mnode_modules\[4mplaywright[24m\lib\worker\workerMain.js:339:9
    at [90mC:\playwright-project\[39mnode_modules\[4mplaywright[24m\lib\worker\testInfo.js:286:11
    at TimeoutManager.withRunnable [90m(C:\playwright-project\[39mnode_modules\[4mplaywright[24m\lib\worker\timeoutManager.js:64:14[90m)[39m
    at TestInfoImpl._runAsStage [90m(C:\playwright-project\[39mnode_modules\[4mplaywright[24m\lib\worker\testInfo.js:284:7[90m)[39m
    at [90mC:\playwright-project\[39mnode_modules\[4mplaywright[24m\lib\worker\workerMain.js:331:7
    at [90mC:\playwright-project\[39mnode_modules\[4mplaywright[24m\lib\worker\testInfo.js:286:11
    at TimeoutManager.withRunnable [90m(C:\playwright-project\[39mnode_modules\[4mplaywright[24m\lib\worker\timeoutManager.js:52:27[90m)[39m
    at TestInfoImpl._runAsStage [90m(C:\playwright-project\[39mnode_modules\[4mplaywright[24m\lib\worker\testInfo.js:284:7[90m)[39m
    at WorkerMain._runTest [90m(C:\playwright-project\[39mnode_modules\[4mplaywright[24m\lib\worker\workerMain.js:281:5[90m)[39m
    at WorkerMain.runTestGroup [90m(C:\playwright-project\[39mnode_modules\[4mplaywright[24m\lib\worker\workerMain.js:205:11[90m)[39m
    at process.<anonymous> [90m(C:\playwright-project\[39mnode_modules\[4mplaywright[24m\lib\common\process.js:95:22[90m)[39m
]]>
</system-err>
</testcase>
<testcase name="11. Compra 1 adt Eco Light -  PremComfort - sin assitence › Ejecución completa con reintentos" classname="2TipsNoExtraNoSeat.spec.ts" time="36.157">
<system-out>
<![CDATA[Ejecución completa, intento 1 de 5
Ejecutando Booking, intento 1
Fecha de salida seleccionada: { year: [32m'2025'[39m, month: [32m'6'[39m, index: [33m0[39m, value: [33m3[39m }
Fecha de regreso seleccionada: { year: [32m'2025'[39m, month: [32m'6'[39m, index: [33m1[39m, value: [33m5[39m }
Ajustando número de pasajeros
Successfully clicked the element: div.price-cabin:has-text("Economy")
Successfully clicked the element: div.price-cabin:has-text("Premium")
Ejecutando fillPassengerAdult 1, intento 1
Ejecutando fillContact, intento 1
Ejecutando payWithCard, intento 1
Iframe encontrado.
Ejecutando payWithCard, intento 1
Ejecutando payWithCard, intento 2
Ejecutando payWithCard, intento 3
]]>
</system-out>
<system-err>
<![CDATA[Confirmation page validation failed: Flight Summary section not found on confirmation page
Intento 1 fallido en payWithCard: Error: Flight Summary section not found on confirmation page
    at validationConfirmPage [90m(C:\playwright-project\[39msrc\page-objects\confirmation.ts:29:19[90m)[39m
[90m    at runNextTicks (node:internal/process/task_queues:65:5)[39m
[90m    at processImmediate (node:internal/timers:459:9)[39m
[90m    at process.callbackTrampoline (node:internal/async_hooks:130:17)[39m
    at validationConfirmationPage [90m(C:\playwright-project\[39msrc\tests\2TipsNoExtraNoSeat.spec.ts:90:3[90m)[39m
    at runWithRetries [90m(C:\playwright-project\[39msrc\tests\2TipsNoExtraNoSeat.spec.ts:121:7[90m)[39m
    at executeTests [90m(C:\playwright-project\[39msrc\tests\2TipsNoExtraNoSeat.spec.ts:221:29[90m)[39m
    at [90mC:\playwright-project\[39msrc\tests\2TipsNoExtraNoSeat.spec.ts:699:30
    at [90mC:\playwright-project\[39mnode_modules\[4mplaywright[24m\lib\worker\workerMain.js:339:9
    at [90mC:\playwright-project\[39mnode_modules\[4mplaywright[24m\lib\worker\testInfo.js:286:11
    at TimeoutManager.withRunnable [90m(C:\playwright-project\[39mnode_modules\[4mplaywright[24m\lib\worker\timeoutManager.js:64:14[90m)[39m
    at TestInfoImpl._runAsStage [90m(C:\playwright-project\[39mnode_modules\[4mplaywright[24m\lib\worker\testInfo.js:284:7[90m)[39m
    at [90mC:\playwright-project\[39mnode_modules\[4mplaywright[24m\lib\worker\workerMain.js:331:7
    at [90mC:\playwright-project\[39mnode_modules\[4mplaywright[24m\lib\worker\testInfo.js:286:11
    at TimeoutManager.withRunnable [90m(C:\playwright-project\[39mnode_modules\[4mplaywright[24m\lib\worker\timeoutManager.js:52:27[90m)[39m
    at TestInfoImpl._runAsStage [90m(C:\playwright-project\[39mnode_modules\[4mplaywright[24m\lib\worker\testInfo.js:284:7[90m)[39m
    at WorkerMain._runTest [90m(C:\playwright-project\[39mnode_modules\[4mplaywright[24m\lib\worker\workerMain.js:281:5[90m)[39m
    at WorkerMain.runTestGroup [90m(C:\playwright-project\[39mnode_modules\[4mplaywright[24m\lib\worker\workerMain.js:205:11[90m)[39m
    at process.<anonymous> [90m(C:\playwright-project\[39mnode_modules\[4mplaywright[24m\lib\common\process.js:95:22[90m)[39m
Confirmation page validation failed: Not on confirmation page URL
Intento 2 fallido en payWithCard: Error: Not on confirmation page URL
    at validationConfirmPage [90m(C:\playwright-project\[39msrc\page-objects\confirmation.ts:36:19[90m)[39m
    at validationConfirmationPage [90m(C:\playwright-project\[39msrc\tests\2TipsNoExtraNoSeat.spec.ts:90:3[90m)[39m
    at runWithRetries [90m(C:\playwright-project\[39msrc\tests\2TipsNoExtraNoSeat.spec.ts:121:7[90m)[39m
    at executeTests [90m(C:\playwright-project\[39msrc\tests\2TipsNoExtraNoSeat.spec.ts:221:29[90m)[39m
    at [90mC:\playwright-project\[39msrc\tests\2TipsNoExtraNoSeat.spec.ts:699:30
    at [90mC:\playwright-project\[39mnode_modules\[4mplaywright[24m\lib\worker\workerMain.js:339:9
    at [90mC:\playwright-project\[39mnode_modules\[4mplaywright[24m\lib\worker\testInfo.js:286:11
    at TimeoutManager.withRunnable [90m(C:\playwright-project\[39mnode_modules\[4mplaywright[24m\lib\worker\timeoutManager.js:64:14[90m)[39m
    at TestInfoImpl._runAsStage [90m(C:\playwright-project\[39mnode_modules\[4mplaywright[24m\lib\worker\testInfo.js:284:7[90m)[39m
    at [90mC:\playwright-project\[39mnode_modules\[4mplaywright[24m\lib\worker\workerMain.js:331:7
    at [90mC:\playwright-project\[39mnode_modules\[4mplaywright[24m\lib\worker\testInfo.js:286:11
    at TimeoutManager.withRunnable [90m(C:\playwright-project\[39mnode_modules\[4mplaywright[24m\lib\worker\timeoutManager.js:52:27[90m)[39m
    at TestInfoImpl._runAsStage [90m(C:\playwright-project\[39mnode_modules\[4mplaywright[24m\lib\worker\testInfo.js:284:7[90m)[39m
    at WorkerMain._runTest [90m(C:\playwright-project\[39mnode_modules\[4mplaywright[24m\lib\worker\workerMain.js:281:5[90m)[39m
    at WorkerMain.runTestGroup [90m(C:\playwright-project\[39mnode_modules\[4mplaywright[24m\lib\worker\workerMain.js:205:11[90m)[39m
    at process.<anonymous> [90m(C:\playwright-project\[39mnode_modules\[4mplaywright[24m\lib\common\process.js:95:22[90m)[39m
]]>
</system-err>
</testcase>
<testcase name="12. Compra 1 adt Eco Light -  PremExtra - sin assitence › Ejecución completa con reintentos" classname="2TipsNoExtraNoSeat.spec.ts" time="41.363">
<system-out>
<![CDATA[Ejecución completa, intento 1 de 5
Ejecutando Booking, intento 1
Fecha de salida seleccionada: { year: [32m'2025'[39m, month: [32m'5'[39m, index: [33m12[39m, value: [33m29[39m }
Fecha de regreso seleccionada: { year: [32m'2025'[39m, month: [32m'5'[39m, index: [33m13[39m, value: [33m31[39m }
Ajustando número de pasajeros
Successfully clicked the element: div.price-cabin:has-text("Economy")
Successfully clicked the element: div.price-cabin:has-text("Premium")
Ejecutando fillPassengerAdult 1, intento 1
Ejecutando fillContact, intento 1
Ejecutando payWithCard, intento 1
Iframe encontrado.
Ejecutando payWithCard, intento 1
Ejecutando payWithCard, intento 2
Ejecutando payWithCard, intento 3
]]>
</system-out>
<system-err>
<![CDATA[Confirmation page validation failed: Flight Summary section not found on confirmation page
Intento 1 fallido en payWithCard: Error: Flight Summary section not found on confirmation page
    at validationConfirmPage [90m(C:\playwright-project\[39msrc\page-objects\confirmation.ts:29:19[90m)[39m
[90m    at runNextTicks (node:internal/process/task_queues:65:5)[39m
[90m    at processImmediate (node:internal/timers:459:9)[39m
[90m    at process.callbackTrampoline (node:internal/async_hooks:130:17)[39m
    at validationConfirmationPage [90m(C:\playwright-project\[39msrc\tests\2TipsNoExtraNoSeat.spec.ts:90:3[90m)[39m
    at runWithRetries [90m(C:\playwright-project\[39msrc\tests\2TipsNoExtraNoSeat.spec.ts:121:7[90m)[39m
    at executeTests [90m(C:\playwright-project\[39msrc\tests\2TipsNoExtraNoSeat.spec.ts:221:29[90m)[39m
    at [90mC:\playwright-project\[39msrc\tests\2TipsNoExtraNoSeat.spec.ts:742:30
    at [90mC:\playwright-project\[39mnode_modules\[4mplaywright[24m\lib\worker\workerMain.js:339:9
    at [90mC:\playwright-project\[39mnode_modules\[4mplaywright[24m\lib\worker\testInfo.js:286:11
    at TimeoutManager.withRunnable [90m(C:\playwright-project\[39mnode_modules\[4mplaywright[24m\lib\worker\timeoutManager.js:64:14[90m)[39m
    at TestInfoImpl._runAsStage [90m(C:\playwright-project\[39mnode_modules\[4mplaywright[24m\lib\worker\testInfo.js:284:7[90m)[39m
    at [90mC:\playwright-project\[39mnode_modules\[4mplaywright[24m\lib\worker\workerMain.js:331:7
    at [90mC:\playwright-project\[39mnode_modules\[4mplaywright[24m\lib\worker\testInfo.js:286:11
    at TimeoutManager.withRunnable [90m(C:\playwright-project\[39mnode_modules\[4mplaywright[24m\lib\worker\timeoutManager.js:52:27[90m)[39m
    at TestInfoImpl._runAsStage [90m(C:\playwright-project\[39mnode_modules\[4mplaywright[24m\lib\worker\testInfo.js:284:7[90m)[39m
    at WorkerMain._runTest [90m(C:\playwright-project\[39mnode_modules\[4mplaywright[24m\lib\worker\workerMain.js:281:5[90m)[39m
    at WorkerMain.runTestGroup [90m(C:\playwright-project\[39mnode_modules\[4mplaywright[24m\lib\worker\workerMain.js:205:11[90m)[39m
    at process.<anonymous> [90m(C:\playwright-project\[39mnode_modules\[4mplaywright[24m\lib\common\process.js:95:22[90m)[39m
Confirmation page validation failed: Not on confirmation page URL
Intento 2 fallido en payWithCard: Error: Not on confirmation page URL
    at validationConfirmPage [90m(C:\playwright-project\[39msrc\page-objects\confirmation.ts:36:19[90m)[39m
[90m    at runNextTicks (node:internal/process/task_queues:65:5)[39m
[90m    at processImmediate (node:internal/timers:459:9)[39m
[90m    at process.callbackTrampoline (node:internal/async_hooks:130:17)[39m
    at validationConfirmationPage [90m(C:\playwright-project\[39msrc\tests\2TipsNoExtraNoSeat.spec.ts:90:3[90m)[39m
    at runWithRetries [90m(C:\playwright-project\[39msrc\tests\2TipsNoExtraNoSeat.spec.ts:121:7[90m)[39m
    at executeTests [90m(C:\playwright-project\[39msrc\tests\2TipsNoExtraNoSeat.spec.ts:221:29[90m)[39m
    at [90mC:\playwright-project\[39msrc\tests\2TipsNoExtraNoSeat.spec.ts:742:30
    at [90mC:\playwright-project\[39mnode_modules\[4mplaywright[24m\lib\worker\workerMain.js:339:9
    at [90mC:\playwright-project\[39mnode_modules\[4mplaywright[24m\lib\worker\testInfo.js:286:11
    at TimeoutManager.withRunnable [90m(C:\playwright-project\[39mnode_modules\[4mplaywright[24m\lib\worker\timeoutManager.js:64:14[90m)[39m
    at TestInfoImpl._runAsStage [90m(C:\playwright-project\[39mnode_modules\[4mplaywright[24m\lib\worker\testInfo.js:284:7[90m)[39m
    at [90mC:\playwright-project\[39mnode_modules\[4mplaywright[24m\lib\worker\workerMain.js:331:7
    at [90mC:\playwright-project\[39mnode_modules\[4mplaywright[24m\lib\worker\testInfo.js:286:11
    at TimeoutManager.withRunnable [90m(C:\playwright-project\[39mnode_modules\[4mplaywright[24m\lib\worker\timeoutManager.js:52:27[90m)[39m
    at TestInfoImpl._runAsStage [90m(C:\playwright-project\[39mnode_modules\[4mplaywright[24m\lib\worker\testInfo.js:284:7[90m)[39m
    at WorkerMain._runTest [90m(C:\playwright-project\[39mnode_modules\[4mplaywright[24m\lib\worker\workerMain.js:281:5[90m)[39m
    at WorkerMain.runTestGroup [90m(C:\playwright-project\[39mnode_modules\[4mplaywright[24m\lib\worker\workerMain.js:205:11[90m)[39m
    at process.<anonymous> [90m(C:\playwright-project\[39mnode_modules\[4mplaywright[24m\lib\common\process.js:95:22[90m)[39m
]]>
</system-err>
</testcase>
<testcase name="13. Compra 1 adt Eco Comfort - Eco Comfort - sin assitence › Ejecución completa con reintentos" classname="2TipsNoExtraNoSeat.spec.ts" time="40.563">
<system-out>
<![CDATA[Ejecución completa, intento 1 de 5
Ejecutando Booking, intento 1
Fecha de salida seleccionada: { year: [32m'2025'[39m, month: [32m'6'[39m, index: [33m5[39m, value: [33m14[39m }
Fecha de regreso seleccionada: { year: [32m'2025'[39m, month: [32m'6'[39m, index: [33m6[39m, value: [33m17[39m }
Ajustando número de pasajeros
Successfully clicked the element: div.price-cabin:has-text("Economy")
Successfully clicked the element: div.price-cabin:has-text("Economy")
Ejecutando fillPassengerAdult 1, intento 1
Ejecutando fillContact, intento 1
Ejecutando payWithCard, intento 1
Iframe encontrado.
Ejecutando payWithCard, intento 1
Ejecutando payWithCard, intento 2
Ejecutando payWithCard, intento 3
]]>
</system-out>
<system-err>
<![CDATA[Confirmation page validation failed: Flight Summary section not found on confirmation page
Intento 1 fallido en payWithCard: Error: Flight Summary section not found on confirmation page
    at validationConfirmPage [90m(C:\playwright-project\[39msrc\page-objects\confirmation.ts:29:19[90m)[39m
[90m    at runNextTicks (node:internal/process/task_queues:65:5)[39m
[90m    at processImmediate (node:internal/timers:459:9)[39m
[90m    at process.callbackTrampoline (node:internal/async_hooks:130:17)[39m
    at validationConfirmationPage [90m(C:\playwright-project\[39msrc\tests\2TipsNoExtraNoSeat.spec.ts:90:3[90m)[39m
    at runWithRetries [90m(C:\playwright-project\[39msrc\tests\2TipsNoExtraNoSeat.spec.ts:121:7[90m)[39m
    at executeTests [90m(C:\playwright-project\[39msrc\tests\2TipsNoExtraNoSeat.spec.ts:221:29[90m)[39m
    at [90mC:\playwright-project\[39msrc\tests\2TipsNoExtraNoSeat.spec.ts:785:30
    at [90mC:\playwright-project\[39mnode_modules\[4mplaywright[24m\lib\worker\workerMain.js:339:9
    at [90mC:\playwright-project\[39mnode_modules\[4mplaywright[24m\lib\worker\testInfo.js:286:11
    at TimeoutManager.withRunnable [90m(C:\playwright-project\[39mnode_modules\[4mplaywright[24m\lib\worker\timeoutManager.js:64:14[90m)[39m
    at TestInfoImpl._runAsStage [90m(C:\playwright-project\[39mnode_modules\[4mplaywright[24m\lib\worker\testInfo.js:284:7[90m)[39m
    at [90mC:\playwright-project\[39mnode_modules\[4mplaywright[24m\lib\worker\workerMain.js:331:7
    at [90mC:\playwright-project\[39mnode_modules\[4mplaywright[24m\lib\worker\testInfo.js:286:11
    at TimeoutManager.withRunnable [90m(C:\playwright-project\[39mnode_modules\[4mplaywright[24m\lib\worker\timeoutManager.js:52:27[90m)[39m
    at TestInfoImpl._runAsStage [90m(C:\playwright-project\[39mnode_modules\[4mplaywright[24m\lib\worker\testInfo.js:284:7[90m)[39m
    at WorkerMain._runTest [90m(C:\playwright-project\[39mnode_modules\[4mplaywright[24m\lib\worker\workerMain.js:281:5[90m)[39m
    at WorkerMain.runTestGroup [90m(C:\playwright-project\[39mnode_modules\[4mplaywright[24m\lib\worker\workerMain.js:205:11[90m)[39m
    at process.<anonymous> [90m(C:\playwright-project\[39mnode_modules\[4mplaywright[24m\lib\common\process.js:95:22[90m)[39m
Confirmation page validation failed: Not on confirmation page URL
Intento 2 fallido en payWithCard: Error: Not on confirmation page URL
    at validationConfirmPage [90m(C:\playwright-project\[39msrc\page-objects\confirmation.ts:36:19[90m)[39m
[90m    at runNextTicks (node:internal/process/task_queues:65:5)[39m
[90m    at processImmediate (node:internal/timers:459:9)[39m
[90m    at process.callbackTrampoline (node:internal/async_hooks:130:17)[39m
    at validationConfirmationPage [90m(C:\playwright-project\[39msrc\tests\2TipsNoExtraNoSeat.spec.ts:90:3[90m)[39m
    at runWithRetries [90m(C:\playwright-project\[39msrc\tests\2TipsNoExtraNoSeat.spec.ts:121:7[90m)[39m
    at executeTests [90m(C:\playwright-project\[39msrc\tests\2TipsNoExtraNoSeat.spec.ts:221:29[90m)[39m
    at [90mC:\playwright-project\[39msrc\tests\2TipsNoExtraNoSeat.spec.ts:785:30
    at [90mC:\playwright-project\[39mnode_modules\[4mplaywright[24m\lib\worker\workerMain.js:339:9
    at [90mC:\playwright-project\[39mnode_modules\[4mplaywright[24m\lib\worker\testInfo.js:286:11
    at TimeoutManager.withRunnable [90m(C:\playwright-project\[39mnode_modules\[4mplaywright[24m\lib\worker\timeoutManager.js:64:14[90m)[39m
    at TestInfoImpl._runAsStage [90m(C:\playwright-project\[39mnode_modules\[4mplaywright[24m\lib\worker\testInfo.js:284:7[90m)[39m
    at [90mC:\playwright-project\[39mnode_modules\[4mplaywright[24m\lib\worker\workerMain.js:331:7
    at [90mC:\playwright-project\[39mnode_modules\[4mplaywright[24m\lib\worker\testInfo.js:286:11
    at TimeoutManager.withRunnable [90m(C:\playwright-project\[39mnode_modules\[4mplaywright[24m\lib\worker\timeoutManager.js:52:27[90m)[39m
    at TestInfoImpl._runAsStage [90m(C:\playwright-project\[39mnode_modules\[4mplaywright[24m\lib\worker\testInfo.js:284:7[90m)[39m
    at WorkerMain._runTest [90m(C:\playwright-project\[39mnode_modules\[4mplaywright[24m\lib\worker\workerMain.js:281:5[90m)[39m
    at WorkerMain.runTestGroup [90m(C:\playwright-project\[39mnode_modules\[4mplaywright[24m\lib\worker\workerMain.js:205:11[90m)[39m
    at process.<anonymous> [90m(C:\playwright-project\[39mnode_modules\[4mplaywright[24m\lib\common\process.js:95:22[90m)[39m
]]>
</system-err>
</testcase>
<testcase name="14. Compra 1 adt Eco Comfort - Eco Extra - sin assitence › Ejecución completa con reintentos" classname="2TipsNoExtraNoSeat.spec.ts" time="50.299">
<system-out>
<![CDATA[Ejecución completa, intento 1 de 5
Ejecutando Booking, intento 1
Fecha de salida seleccionada: { year: [32m'2025'[39m, month: [32m'6'[39m, index: [33m9[39m, value: [33m24[39m }
Fecha de regreso seleccionada: { year: [32m'2025'[39m, month: [32m'6'[39m, index: [33m10[39m, value: [33m26[39m }
Ajustando número de pasajeros
Successfully clicked the element: div.price-cabin:has-text("Economy")
Successfully clicked the element: div.price-cabin:has-text("Economy")
Ejecutando fillPassengerAdult 1, intento 1
Ejecutando fillContact, intento 1
Ejecutando payWithCard, intento 1
Iframe encontrado.
Ejecutando payWithCard, intento 1
Ejecutando payWithCard, intento 2
Ejecutando payWithCard, intento 3
]]>
</system-out>
<system-err>
<![CDATA[Confirmation page validation failed: Flight Summary section not found on confirmation page
Intento 1 fallido en payWithCard: Error: Flight Summary section not found on confirmation page
    at validationConfirmPage [90m(C:\playwright-project\[39msrc\page-objects\confirmation.ts:29:19[90m)[39m
[90m    at runNextTicks (node:internal/process/task_queues:65:5)[39m
[90m    at processImmediate (node:internal/timers:459:9)[39m
[90m    at process.callbackTrampoline (node:internal/async_hooks:130:17)[39m
    at validationConfirmationPage [90m(C:\playwright-project\[39msrc\tests\2TipsNoExtraNoSeat.spec.ts:90:3[90m)[39m
    at runWithRetries [90m(C:\playwright-project\[39msrc\tests\2TipsNoExtraNoSeat.spec.ts:121:7[90m)[39m
    at executeTests [90m(C:\playwright-project\[39msrc\tests\2TipsNoExtraNoSeat.spec.ts:221:29[90m)[39m
    at [90mC:\playwright-project\[39msrc\tests\2TipsNoExtraNoSeat.spec.ts:828:30
    at [90mC:\playwright-project\[39mnode_modules\[4mplaywright[24m\lib\worker\workerMain.js:339:9
    at [90mC:\playwright-project\[39mnode_modules\[4mplaywright[24m\lib\worker\testInfo.js:286:11
    at TimeoutManager.withRunnable [90m(C:\playwright-project\[39mnode_modules\[4mplaywright[24m\lib\worker\timeoutManager.js:64:14[90m)[39m
    at TestInfoImpl._runAsStage [90m(C:\playwright-project\[39mnode_modules\[4mplaywright[24m\lib\worker\testInfo.js:284:7[90m)[39m
    at [90mC:\playwright-project\[39mnode_modules\[4mplaywright[24m\lib\worker\workerMain.js:331:7
    at [90mC:\playwright-project\[39mnode_modules\[4mplaywright[24m\lib\worker\testInfo.js:286:11
    at TimeoutManager.withRunnable [90m(C:\playwright-project\[39mnode_modules\[4mplaywright[24m\lib\worker\timeoutManager.js:52:27[90m)[39m
    at TestInfoImpl._runAsStage [90m(C:\playwright-project\[39mnode_modules\[4mplaywright[24m\lib\worker\testInfo.js:284:7[90m)[39m
    at WorkerMain._runTest [90m(C:\playwright-project\[39mnode_modules\[4mplaywright[24m\lib\worker\workerMain.js:281:5[90m)[39m
    at WorkerMain.runTestGroup [90m(C:\playwright-project\[39mnode_modules\[4mplaywright[24m\lib\worker\workerMain.js:205:11[90m)[39m
    at process.<anonymous> [90m(C:\playwright-project\[39mnode_modules\[4mplaywright[24m\lib\common\process.js:95:22[90m)[39m
Confirmation page validation failed: Not on confirmation page URL
Intento 2 fallido en payWithCard: Error: Not on confirmation page URL
    at validationConfirmPage [90m(C:\playwright-project\[39msrc\page-objects\confirmation.ts:36:19[90m)[39m
    at validationConfirmationPage [90m(C:\playwright-project\[39msrc\tests\2TipsNoExtraNoSeat.spec.ts:90:3[90m)[39m
    at runWithRetries [90m(C:\playwright-project\[39msrc\tests\2TipsNoExtraNoSeat.spec.ts:121:7[90m)[39m
    at executeTests [90m(C:\playwright-project\[39msrc\tests\2TipsNoExtraNoSeat.spec.ts:221:29[90m)[39m
    at [90mC:\playwright-project\[39msrc\tests\2TipsNoExtraNoSeat.spec.ts:828:30
    at [90mC:\playwright-project\[39mnode_modules\[4mplaywright[24m\lib\worker\workerMain.js:339:9
    at [90mC:\playwright-project\[39mnode_modules\[4mplaywright[24m\lib\worker\testInfo.js:286:11
    at TimeoutManager.withRunnable [90m(C:\playwright-project\[39mnode_modules\[4mplaywright[24m\lib\worker\timeoutManager.js:64:14[90m)[39m
    at TestInfoImpl._runAsStage [90m(C:\playwright-project\[39mnode_modules\[4mplaywright[24m\lib\worker\testInfo.js:284:7[90m)[39m
    at [90mC:\playwright-project\[39mnode_modules\[4mplaywright[24m\lib\worker\workerMain.js:331:7
    at [90mC:\playwright-project\[39mnode_modules\[4mplaywright[24m\lib\worker\testInfo.js:286:11
    at TimeoutManager.withRunnable [90m(C:\playwright-project\[39mnode_modules\[4mplaywright[24m\lib\worker\timeoutManager.js:52:27[90m)[39m
    at TestInfoImpl._runAsStage [90m(C:\playwright-project\[39mnode_modules\[4mplaywright[24m\lib\worker\testInfo.js:284:7[90m)[39m
    at WorkerMain._runTest [90m(C:\playwright-project\[39mnode_modules\[4mplaywright[24m\lib\worker\workerMain.js:281:5[90m)[39m
    at WorkerMain.runTestGroup [90m(C:\playwright-project\[39mnode_modules\[4mplaywright[24m\lib\worker\workerMain.js:205:11[90m)[39m
    at process.<anonymous> [90m(C:\playwright-project\[39mnode_modules\[4mplaywright[24m\lib\common\process.js:95:22[90m)[39m
]]>
</system-err>
</testcase>
<testcase name="15. Compra 1 adt Eco Comfort - PremLight - sin assitence › Ejecución completa con reintentos" classname="2TipsNoExtraNoSeat.spec.ts" time="38.017">
<system-out>
<![CDATA[Ejecución completa, intento 1 de 5
Ejecutando Booking, intento 1
Fecha de salida seleccionada: { year: [32m'2025'[39m, month: [32m'6'[39m, index: [33m1[39m, value: [33m5[39m }
Fecha de regreso seleccionada: { year: [32m'2025'[39m, month: [32m'6'[39m, index: [33m2[39m, value: [33m7[39m }
Ajustando número de pasajeros
Successfully clicked the element: div.price-cabin:has-text("Economy")
Successfully clicked the element: div.price-cabin:has-text("Premium")
Ejecutando fillPassengerAdult 1, intento 1
Ejecutando fillContact, intento 1
Ejecutando payWithCard, intento 1
Iframe encontrado.
Ejecutando payWithCard, intento 1
Ejecutando payWithCard, intento 2
Ejecutando payWithCard, intento 3
]]>
</system-out>
<system-err>
<![CDATA[Confirmation page validation failed: Flight Summary section not found on confirmation page
Intento 1 fallido en payWithCard: Error: Flight Summary section not found on confirmation page
    at validationConfirmPage [90m(C:\playwright-project\[39msrc\page-objects\confirmation.ts:29:19[90m)[39m
[90m    at runNextTicks (node:internal/process/task_queues:65:5)[39m
[90m    at processImmediate (node:internal/timers:459:9)[39m
[90m    at process.callbackTrampoline (node:internal/async_hooks:130:17)[39m
    at validationConfirmationPage [90m(C:\playwright-project\[39msrc\tests\2TipsNoExtraNoSeat.spec.ts:90:3[90m)[39m
    at runWithRetries [90m(C:\playwright-project\[39msrc\tests\2TipsNoExtraNoSeat.spec.ts:121:7[90m)[39m
    at executeTests [90m(C:\playwright-project\[39msrc\tests\2TipsNoExtraNoSeat.spec.ts:221:29[90m)[39m
    at [90mC:\playwright-project\[39msrc\tests\2TipsNoExtraNoSeat.spec.ts:870:30
    at [90mC:\playwright-project\[39mnode_modules\[4mplaywright[24m\lib\worker\workerMain.js:339:9
    at [90mC:\playwright-project\[39mnode_modules\[4mplaywright[24m\lib\worker\testInfo.js:286:11
    at TimeoutManager.withRunnable [90m(C:\playwright-project\[39mnode_modules\[4mplaywright[24m\lib\worker\timeoutManager.js:64:14[90m)[39m
    at TestInfoImpl._runAsStage [90m(C:\playwright-project\[39mnode_modules\[4mplaywright[24m\lib\worker\testInfo.js:284:7[90m)[39m
    at [90mC:\playwright-project\[39mnode_modules\[4mplaywright[24m\lib\worker\workerMain.js:331:7
    at [90mC:\playwright-project\[39mnode_modules\[4mplaywright[24m\lib\worker\testInfo.js:286:11
    at TimeoutManager.withRunnable [90m(C:\playwright-project\[39mnode_modules\[4mplaywright[24m\lib\worker\timeoutManager.js:52:27[90m)[39m
    at TestInfoImpl._runAsStage [90m(C:\playwright-project\[39mnode_modules\[4mplaywright[24m\lib\worker\testInfo.js:284:7[90m)[39m
    at WorkerMain._runTest [90m(C:\playwright-project\[39mnode_modules\[4mplaywright[24m\lib\worker\workerMain.js:281:5[90m)[39m
    at WorkerMain.runTestGroup [90m(C:\playwright-project\[39mnode_modules\[4mplaywright[24m\lib\worker\workerMain.js:205:11[90m)[39m
    at process.<anonymous> [90m(C:\playwright-project\[39mnode_modules\[4mplaywright[24m\lib\common\process.js:95:22[90m)[39m
Confirmation page validation failed: Not on confirmation page URL
Intento 2 fallido en payWithCard: Error: Not on confirmation page URL
    at validationConfirmPage [90m(C:\playwright-project\[39msrc\page-objects\confirmation.ts:36:19[90m)[39m
    at validationConfirmationPage [90m(C:\playwright-project\[39msrc\tests\2TipsNoExtraNoSeat.spec.ts:90:3[90m)[39m
    at runWithRetries [90m(C:\playwright-project\[39msrc\tests\2TipsNoExtraNoSeat.spec.ts:121:7[90m)[39m
    at executeTests [90m(C:\playwright-project\[39msrc\tests\2TipsNoExtraNoSeat.spec.ts:221:29[90m)[39m
    at [90mC:\playwright-project\[39msrc\tests\2TipsNoExtraNoSeat.spec.ts:870:30
    at [90mC:\playwright-project\[39mnode_modules\[4mplaywright[24m\lib\worker\workerMain.js:339:9
    at [90mC:\playwright-project\[39mnode_modules\[4mplaywright[24m\lib\worker\testInfo.js:286:11
    at TimeoutManager.withRunnable [90m(C:\playwright-project\[39mnode_modules\[4mplaywright[24m\lib\worker\timeoutManager.js:64:14[90m)[39m
    at TestInfoImpl._runAsStage [90m(C:\playwright-project\[39mnode_modules\[4mplaywright[24m\lib\worker\testInfo.js:284:7[90m)[39m
    at [90mC:\playwright-project\[39mnode_modules\[4mplaywright[24m\lib\worker\workerMain.js:331:7
    at [90mC:\playwright-project\[39mnode_modules\[4mplaywright[24m\lib\worker\testInfo.js:286:11
    at TimeoutManager.withRunnable [90m(C:\playwright-project\[39mnode_modules\[4mplaywright[24m\lib\worker\timeoutManager.js:52:27[90m)[39m
    at TestInfoImpl._runAsStage [90m(C:\playwright-project\[39mnode_modules\[4mplaywright[24m\lib\worker\testInfo.js:284:7[90m)[39m
    at WorkerMain._runTest [90m(C:\playwright-project\[39mnode_modules\[4mplaywright[24m\lib\worker\workerMain.js:281:5[90m)[39m
    at WorkerMain.runTestGroup [90m(C:\playwright-project\[39mnode_modules\[4mplaywright[24m\lib\worker\workerMain.js:205:11[90m)[39m
    at process.<anonymous> [90m(C:\playwright-project\[39mnode_modules\[4mplaywright[24m\lib\common\process.js:95:22[90m)[39m
]]>
</system-err>
</testcase>
<testcase name="16. Compra 1 adt Eco Comfort - PremComfort - sin assitence › Ejecución completa con reintentos" classname="2TipsNoExtraNoSeat.spec.ts" time="47.232">
<system-out>
<![CDATA[Ejecución completa, intento 1 de 5
Ejecutando Booking, intento 1
Fecha de salida seleccionada: { year: [32m'2025'[39m, month: [32m'5'[39m, index: [33m11[39m, value: [33m27[39m }
Fecha de regreso seleccionada: { year: [32m'2025'[39m, month: [32m'5'[39m, index: [33m12[39m, value: [33m29[39m }
Ajustando número de pasajeros
Successfully clicked the element: div.price-cabin:has-text("Economy")
Successfully clicked the element: div.price-cabin:has-text("Premium")
Ejecutando fillPassengerAdult 1, intento 1
Ejecutando fillContact, intento 1
Ejecutando payWithCard, intento 1
Iframe encontrado.
Ejecutando payWithCard, intento 1
Ejecutando payWithCard, intento 2
Ejecutando payWithCard, intento 3
]]>
</system-out>
<system-err>
<![CDATA[Confirmation page validation failed: Flight Summary section not found on confirmation page
Intento 1 fallido en payWithCard: Error: Flight Summary section not found on confirmation page
    at validationConfirmPage [90m(C:\playwright-project\[39msrc\page-objects\confirmation.ts:29:19[90m)[39m
[90m    at runNextTicks (node:internal/process/task_queues:65:5)[39m
[90m    at processImmediate (node:internal/timers:459:9)[39m
[90m    at process.callbackTrampoline (node:internal/async_hooks:130:17)[39m
    at validationConfirmationPage [90m(C:\playwright-project\[39msrc\tests\2TipsNoExtraNoSeat.spec.ts:90:3[90m)[39m
    at runWithRetries [90m(C:\playwright-project\[39msrc\tests\2TipsNoExtraNoSeat.spec.ts:121:7[90m)[39m
    at executeTests [90m(C:\playwright-project\[39msrc\tests\2TipsNoExtraNoSeat.spec.ts:221:29[90m)[39m
    at [90mC:\playwright-project\[39msrc\tests\2TipsNoExtraNoSeat.spec.ts:912:30
    at [90mC:\playwright-project\[39mnode_modules\[4mplaywright[24m\lib\worker\workerMain.js:339:9
    at [90mC:\playwright-project\[39mnode_modules\[4mplaywright[24m\lib\worker\testInfo.js:286:11
    at TimeoutManager.withRunnable [90m(C:\playwright-project\[39mnode_modules\[4mplaywright[24m\lib\worker\timeoutManager.js:64:14[90m)[39m
    at TestInfoImpl._runAsStage [90m(C:\playwright-project\[39mnode_modules\[4mplaywright[24m\lib\worker\testInfo.js:284:7[90m)[39m
    at [90mC:\playwright-project\[39mnode_modules\[4mplaywright[24m\lib\worker\workerMain.js:331:7
    at [90mC:\playwright-project\[39mnode_modules\[4mplaywright[24m\lib\worker\testInfo.js:286:11
    at TimeoutManager.withRunnable [90m(C:\playwright-project\[39mnode_modules\[4mplaywright[24m\lib\worker\timeoutManager.js:52:27[90m)[39m
    at TestInfoImpl._runAsStage [90m(C:\playwright-project\[39mnode_modules\[4mplaywright[24m\lib\worker\testInfo.js:284:7[90m)[39m
    at WorkerMain._runTest [90m(C:\playwright-project\[39mnode_modules\[4mplaywright[24m\lib\worker\workerMain.js:281:5[90m)[39m
    at WorkerMain.runTestGroup [90m(C:\playwright-project\[39mnode_modules\[4mplaywright[24m\lib\worker\workerMain.js:205:11[90m)[39m
    at process.<anonymous> [90m(C:\playwright-project\[39mnode_modules\[4mplaywright[24m\lib\common\process.js:95:22[90m)[39m
Confirmation page validation failed: Not on confirmation page URL
Intento 2 fallido en payWithCard: Error: Not on confirmation page URL
    at validationConfirmPage [90m(C:\playwright-project\[39msrc\page-objects\confirmation.ts:36:19[90m)[39m
[90m    at runNextTicks (node:internal/process/task_queues:65:5)[39m
[90m    at processImmediate (node:internal/timers:459:9)[39m
[90m    at process.callbackTrampoline (node:internal/async_hooks:130:17)[39m
    at validationConfirmationPage [90m(C:\playwright-project\[39msrc\tests\2TipsNoExtraNoSeat.spec.ts:90:3[90m)[39m
    at runWithRetries [90m(C:\playwright-project\[39msrc\tests\2TipsNoExtraNoSeat.spec.ts:121:7[90m)[39m
    at executeTests [90m(C:\playwright-project\[39msrc\tests\2TipsNoExtraNoSeat.spec.ts:221:29[90m)[39m
    at [90mC:\playwright-project\[39msrc\tests\2TipsNoExtraNoSeat.spec.ts:912:30
    at [90mC:\playwright-project\[39mnode_modules\[4mplaywright[24m\lib\worker\workerMain.js:339:9
    at [90mC:\playwright-project\[39mnode_modules\[4mplaywright[24m\lib\worker\testInfo.js:286:11
    at TimeoutManager.withRunnable [90m(C:\playwright-project\[39mnode_modules\[4mplaywright[24m\lib\worker\timeoutManager.js:64:14[90m)[39m
    at TestInfoImpl._runAsStage [90m(C:\playwright-project\[39mnode_modules\[4mplaywright[24m\lib\worker\testInfo.js:284:7[90m)[39m
    at [90mC:\playwright-project\[39mnode_modules\[4mplaywright[24m\lib\worker\workerMain.js:331:7
    at [90mC:\playwright-project\[39mnode_modules\[4mplaywright[24m\lib\worker\testInfo.js:286:11
    at TimeoutManager.withRunnable [90m(C:\playwright-project\[39mnode_modules\[4mplaywright[24m\lib\worker\timeoutManager.js:52:27[90m)[39m
    at TestInfoImpl._runAsStage [90m(C:\playwright-project\[39mnode_modules\[4mplaywright[24m\lib\worker\testInfo.js:284:7[90m)[39m
    at WorkerMain._runTest [90m(C:\playwright-project\[39mnode_modules\[4mplaywright[24m\lib\worker\workerMain.js:281:5[90m)[39m
    at WorkerMain.runTestGroup [90m(C:\playwright-project\[39mnode_modules\[4mplaywright[24m\lib\worker\workerMain.js:205:11[90m)[39m
    at process.<anonymous> [90m(C:\playwright-project\[39mnode_modules\[4mplaywright[24m\lib\common\process.js:95:22[90m)[39m
]]>
</system-err>
</testcase>
<testcase name="17. Compra 1 adt Eco Comfort - PremExtra - sin assitence › Ejecución completa con reintentos" classname="2TipsNoExtraNoSeat.spec.ts" time="34.702">
<system-out>
<![CDATA[Ejecución completa, intento 1 de 5
Ejecutando Booking, intento 1
Fecha de salida seleccionada: { year: [32m'2025'[39m, month: [32m'6'[39m, index: [33m1[39m, value: [33m5[39m }
Fecha de regreso seleccionada: { year: [32m'2025'[39m, month: [32m'6'[39m, index: [33m2[39m, value: [33m7[39m }
Ajustando número de pasajeros
Successfully clicked the element: div.price-cabin:has-text("Economy")
Successfully clicked the element: div.price-cabin:has-text("Premium")
Ejecutando fillPassengerAdult 1, intento 1
Ejecutando fillContact, intento 1
Ejecutando payWithCard, intento 1
Iframe encontrado.
Ejecutando payWithCard, intento 1
Ejecutando payWithCard, intento 2
Ejecutando payWithCard, intento 3
]]>
</system-out>
<system-err>
<![CDATA[Confirmation page validation failed: Flight Summary section not found on confirmation page
Intento 1 fallido en payWithCard: Error: Flight Summary section not found on confirmation page
    at validationConfirmPage [90m(C:\playwright-project\[39msrc\page-objects\confirmation.ts:29:19[90m)[39m
[90m    at runNextTicks (node:internal/process/task_queues:65:5)[39m
[90m    at processImmediate (node:internal/timers:459:9)[39m
[90m    at process.callbackTrampoline (node:internal/async_hooks:130:17)[39m
    at validationConfirmationPage [90m(C:\playwright-project\[39msrc\tests\2TipsNoExtraNoSeat.spec.ts:90:3[90m)[39m
    at runWithRetries [90m(C:\playwright-project\[39msrc\tests\2TipsNoExtraNoSeat.spec.ts:121:7[90m)[39m
    at executeTests [90m(C:\playwright-project\[39msrc\tests\2TipsNoExtraNoSeat.spec.ts:221:29[90m)[39m
    at [90mC:\playwright-project\[39msrc\tests\2TipsNoExtraNoSeat.spec.ts:954:30
    at [90mC:\playwright-project\[39mnode_modules\[4mplaywright[24m\lib\worker\workerMain.js:339:9
    at [90mC:\playwright-project\[39mnode_modules\[4mplaywright[24m\lib\worker\testInfo.js:286:11
    at TimeoutManager.withRunnable [90m(C:\playwright-project\[39mnode_modules\[4mplaywright[24m\lib\worker\timeoutManager.js:64:14[90m)[39m
    at TestInfoImpl._runAsStage [90m(C:\playwright-project\[39mnode_modules\[4mplaywright[24m\lib\worker\testInfo.js:284:7[90m)[39m
    at [90mC:\playwright-project\[39mnode_modules\[4mplaywright[24m\lib\worker\workerMain.js:331:7
    at [90mC:\playwright-project\[39mnode_modules\[4mplaywright[24m\lib\worker\testInfo.js:286:11
    at TimeoutManager.withRunnable [90m(C:\playwright-project\[39mnode_modules\[4mplaywright[24m\lib\worker\timeoutManager.js:52:27[90m)[39m
    at TestInfoImpl._runAsStage [90m(C:\playwright-project\[39mnode_modules\[4mplaywright[24m\lib\worker\testInfo.js:284:7[90m)[39m
    at WorkerMain._runTest [90m(C:\playwright-project\[39mnode_modules\[4mplaywright[24m\lib\worker\workerMain.js:281:5[90m)[39m
    at WorkerMain.runTestGroup [90m(C:\playwright-project\[39mnode_modules\[4mplaywright[24m\lib\worker\workerMain.js:205:11[90m)[39m
    at process.<anonymous> [90m(C:\playwright-project\[39mnode_modules\[4mplaywright[24m\lib\common\process.js:95:22[90m)[39m
Confirmation page validation failed: Not on confirmation page URL
Intento 2 fallido en payWithCard: Error: Not on confirmation page URL
    at validationConfirmPage [90m(C:\playwright-project\[39msrc\page-objects\confirmation.ts:36:19[90m)[39m
    at validationConfirmationPage [90m(C:\playwright-project\[39msrc\tests\2TipsNoExtraNoSeat.spec.ts:90:3[90m)[39m
    at runWithRetries [90m(C:\playwright-project\[39msrc\tests\2TipsNoExtraNoSeat.spec.ts:121:7[90m)[39m
    at executeTests [90m(C:\playwright-project\[39msrc\tests\2TipsNoExtraNoSeat.spec.ts:221:29[90m)[39m
    at [90mC:\playwright-project\[39msrc\tests\2TipsNoExtraNoSeat.spec.ts:954:30
    at [90mC:\playwright-project\[39mnode_modules\[4mplaywright[24m\lib\worker\workerMain.js:339:9
    at [90mC:\playwright-project\[39mnode_modules\[4mplaywright[24m\lib\worker\testInfo.js:286:11
    at TimeoutManager.withRunnable [90m(C:\playwright-project\[39mnode_modules\[4mplaywright[24m\lib\worker\timeoutManager.js:64:14[90m)[39m
    at TestInfoImpl._runAsStage [90m(C:\playwright-project\[39mnode_modules\[4mplaywright[24m\lib\worker\testInfo.js:284:7[90m)[39m
    at [90mC:\playwright-project\[39mnode_modules\[4mplaywright[24m\lib\worker\workerMain.js:331:7
    at [90mC:\playwright-project\[39mnode_modules\[4mplaywright[24m\lib\worker\testInfo.js:286:11
    at TimeoutManager.withRunnable [90m(C:\playwright-project\[39mnode_modules\[4mplaywright[24m\lib\worker\timeoutManager.js:52:27[90m)[39m
    at TestInfoImpl._runAsStage [90m(C:\playwright-project\[39mnode_modules\[4mplaywright[24m\lib\worker\testInfo.js:284:7[90m)[39m
    at WorkerMain._runTest [90m(C:\playwright-project\[39mnode_modules\[4mplaywright[24m\lib\worker\workerMain.js:281:5[90m)[39m
    at WorkerMain.runTestGroup [90m(C:\playwright-project\[39mnode_modules\[4mplaywright[24m\lib\worker\workerMain.js:205:11[90m)[39m
    at process.<anonymous> [90m(C:\playwright-project\[39mnode_modules\[4mplaywright[24m\lib\common\process.js:95:22[90m)[39m
]]>
</system-err>
</testcase>
<testcase name="18. Compra 1 adt Eco Extra - Eco Light - sin assitence › Ejecución completa con reintentos" classname="2TipsNoExtraNoSeat.spec.ts" time="39.129">
<system-out>
<![CDATA[Ejecución completa, intento 1 de 5
Ejecutando Booking, intento 1
Fecha de salida seleccionada: { year: [32m'2025'[39m, month: [32m'6'[39m, index: [33m7[39m, value: [33m19[39m }
Fecha de regreso seleccionada: { year: [32m'2025'[39m, month: [32m'6'[39m, index: [33m8[39m, value: [33m21[39m }
Ajustando número de pasajeros
Successfully clicked the element: div.price-cabin:has-text("Economy")
Successfully clicked the element: div.price-cabin:has-text("Economy")
Ejecutando fillPassengerAdult 1, intento 1
Ejecutando fillContact, intento 1
Ejecutando payWithCard, intento 1
Iframe encontrado.
Ejecutando payWithCard, intento 1
Ejecutando payWithCard, intento 2
Ejecutando payWithCard, intento 3
]]>
</system-out>
<system-err>
<![CDATA[Confirmation page validation failed: Flight Summary section not found on confirmation page
Intento 1 fallido en payWithCard: Error: Flight Summary section not found on confirmation page
    at validationConfirmPage [90m(C:\playwright-project\[39msrc\page-objects\confirmation.ts:29:19[90m)[39m
[90m    at runNextTicks (node:internal/process/task_queues:65:5)[39m
[90m    at processImmediate (node:internal/timers:459:9)[39m
[90m    at process.callbackTrampoline (node:internal/async_hooks:130:17)[39m
    at validationConfirmationPage [90m(C:\playwright-project\[39msrc\tests\2TipsNoExtraNoSeat.spec.ts:90:3[90m)[39m
    at runWithRetries [90m(C:\playwright-project\[39msrc\tests\2TipsNoExtraNoSeat.spec.ts:121:7[90m)[39m
    at executeTests [90m(C:\playwright-project\[39msrc\tests\2TipsNoExtraNoSeat.spec.ts:221:29[90m)[39m
    at [90mC:\playwright-project\[39msrc\tests\2TipsNoExtraNoSeat.spec.ts:996:30
    at [90mC:\playwright-project\[39mnode_modules\[4mplaywright[24m\lib\worker\workerMain.js:339:9
    at [90mC:\playwright-project\[39mnode_modules\[4mplaywright[24m\lib\worker\testInfo.js:286:11
    at TimeoutManager.withRunnable [90m(C:\playwright-project\[39mnode_modules\[4mplaywright[24m\lib\worker\timeoutManager.js:64:14[90m)[39m
    at TestInfoImpl._runAsStage [90m(C:\playwright-project\[39mnode_modules\[4mplaywright[24m\lib\worker\testInfo.js:284:7[90m)[39m
    at [90mC:\playwright-project\[39mnode_modules\[4mplaywright[24m\lib\worker\workerMain.js:331:7
    at [90mC:\playwright-project\[39mnode_modules\[4mplaywright[24m\lib\worker\testInfo.js:286:11
    at TimeoutManager.withRunnable [90m(C:\playwright-project\[39mnode_modules\[4mplaywright[24m\lib\worker\timeoutManager.js:52:27[90m)[39m
    at TestInfoImpl._runAsStage [90m(C:\playwright-project\[39mnode_modules\[4mplaywright[24m\lib\worker\testInfo.js:284:7[90m)[39m
    at WorkerMain._runTest [90m(C:\playwright-project\[39mnode_modules\[4mplaywright[24m\lib\worker\workerMain.js:281:5[90m)[39m
    at WorkerMain.runTestGroup [90m(C:\playwright-project\[39mnode_modules\[4mplaywright[24m\lib\worker\workerMain.js:205:11[90m)[39m
    at process.<anonymous> [90m(C:\playwright-project\[39mnode_modules\[4mplaywright[24m\lib\common\process.js:95:22[90m)[39m
Confirmation page validation failed: Not on confirmation page URL
Intento 2 fallido en payWithCard: Error: Not on confirmation page URL
    at validationConfirmPage [90m(C:\playwright-project\[39msrc\page-objects\confirmation.ts:36:19[90m)[39m
    at validationConfirmationPage [90m(C:\playwright-project\[39msrc\tests\2TipsNoExtraNoSeat.spec.ts:90:3[90m)[39m
    at runWithRetries [90m(C:\playwright-project\[39msrc\tests\2TipsNoExtraNoSeat.spec.ts:121:7[90m)[39m
    at executeTests [90m(C:\playwright-project\[39msrc\tests\2TipsNoExtraNoSeat.spec.ts:221:29[90m)[39m
    at [90mC:\playwright-project\[39msrc\tests\2TipsNoExtraNoSeat.spec.ts:996:30
    at [90mC:\playwright-project\[39mnode_modules\[4mplaywright[24m\lib\worker\workerMain.js:339:9
    at [90mC:\playwright-project\[39mnode_modules\[4mplaywright[24m\lib\worker\testInfo.js:286:11
    at TimeoutManager.withRunnable [90m(C:\playwright-project\[39mnode_modules\[4mplaywright[24m\lib\worker\timeoutManager.js:64:14[90m)[39m
    at TestInfoImpl._runAsStage [90m(C:\playwright-project\[39mnode_modules\[4mplaywright[24m\lib\worker\testInfo.js:284:7[90m)[39m
    at [90mC:\playwright-project\[39mnode_modules\[4mplaywright[24m\lib\worker\workerMain.js:331:7
    at [90mC:\playwright-project\[39mnode_modules\[4mplaywright[24m\lib\worker\testInfo.js:286:11
    at TimeoutManager.withRunnable [90m(C:\playwright-project\[39mnode_modules\[4mplaywright[24m\lib\worker\timeoutManager.js:52:27[90m)[39m
    at TestInfoImpl._runAsStage [90m(C:\playwright-project\[39mnode_modules\[4mplaywright[24m\lib\worker\testInfo.js:284:7[90m)[39m
    at WorkerMain._runTest [90m(C:\playwright-project\[39mnode_modules\[4mplaywright[24m\lib\worker\workerMain.js:281:5[90m)[39m
    at WorkerMain.runTestGroup [90m(C:\playwright-project\[39mnode_modules\[4mplaywright[24m\lib\worker\workerMain.js:205:11[90m)[39m
    at process.<anonymous> [90m(C:\playwright-project\[39mnode_modules\[4mplaywright[24m\lib\common\process.js:95:22[90m)[39m
]]>
</system-err>
</testcase>
<testcase name="19. Compra 1 adt Eco Extra - Eco Comfort - sin assitence › Ejecución completa con reintentos" classname="2TipsNoExtraNoSeat.spec.ts" time="39.951">
<system-out>
<![CDATA[Ejecución completa, intento 1 de 5
Ejecutando Booking, intento 1
Fecha de salida seleccionada: { year: [32m'2025'[39m, month: [32m'6'[39m, index: [33m7[39m, value: [33m19[39m }
Fecha de regreso seleccionada: { year: [32m'2025'[39m, month: [32m'6'[39m, index: [33m8[39m, value: [33m21[39m }
Ajustando número de pasajeros
Successfully clicked the element: div.price-cabin:has-text("Economy")
Successfully clicked the element: div.price-cabin:has-text("Economy")
Ejecutando fillPassengerAdult 1, intento 1
Ejecutando fillContact, intento 1
Ejecutando payWithCard, intento 1
Iframe encontrado.
Ejecutando payWithCard, intento 1
Ejecutando payWithCard, intento 2
Ejecutando payWithCard, intento 3
]]>
</system-out>
<system-err>
<![CDATA[Confirmation page validation failed: Flight Summary section not found on confirmation page
Intento 1 fallido en payWithCard: Error: Flight Summary section not found on confirmation page
    at validationConfirmPage [90m(C:\playwright-project\[39msrc\page-objects\confirmation.ts:29:19[90m)[39m
[90m    at runNextTicks (node:internal/process/task_queues:65:5)[39m
[90m    at processImmediate (node:internal/timers:459:9)[39m
[90m    at process.callbackTrampoline (node:internal/async_hooks:130:17)[39m
    at validationConfirmationPage [90m(C:\playwright-project\[39msrc\tests\2TipsNoExtraNoSeat.spec.ts:90:3[90m)[39m
    at runWithRetries [90m(C:\playwright-project\[39msrc\tests\2TipsNoExtraNoSeat.spec.ts:121:7[90m)[39m
    at executeTests [90m(C:\playwright-project\[39msrc\tests\2TipsNoExtraNoSeat.spec.ts:221:29[90m)[39m
    at [90mC:\playwright-project\[39msrc\tests\2TipsNoExtraNoSeat.spec.ts:1038:30
    at [90mC:\playwright-project\[39mnode_modules\[4mplaywright[24m\lib\worker\workerMain.js:339:9
    at [90mC:\playwright-project\[39mnode_modules\[4mplaywright[24m\lib\worker\testInfo.js:286:11
    at TimeoutManager.withRunnable [90m(C:\playwright-project\[39mnode_modules\[4mplaywright[24m\lib\worker\timeoutManager.js:64:14[90m)[39m
    at TestInfoImpl._runAsStage [90m(C:\playwright-project\[39mnode_modules\[4mplaywright[24m\lib\worker\testInfo.js:284:7[90m)[39m
    at [90mC:\playwright-project\[39mnode_modules\[4mplaywright[24m\lib\worker\workerMain.js:331:7
    at [90mC:\playwright-project\[39mnode_modules\[4mplaywright[24m\lib\worker\testInfo.js:286:11
    at TimeoutManager.withRunnable [90m(C:\playwright-project\[39mnode_modules\[4mplaywright[24m\lib\worker\timeoutManager.js:52:27[90m)[39m
    at TestInfoImpl._runAsStage [90m(C:\playwright-project\[39mnode_modules\[4mplaywright[24m\lib\worker\testInfo.js:284:7[90m)[39m
    at WorkerMain._runTest [90m(C:\playwright-project\[39mnode_modules\[4mplaywright[24m\lib\worker\workerMain.js:281:5[90m)[39m
    at WorkerMain.runTestGroup [90m(C:\playwright-project\[39mnode_modules\[4mplaywright[24m\lib\worker\workerMain.js:205:11[90m)[39m
    at process.<anonymous> [90m(C:\playwright-project\[39mnode_modules\[4mplaywright[24m\lib\common\process.js:95:22[90m)[39m
Confirmation page validation failed: Not on confirmation page URL
Intento 2 fallido en payWithCard: Error: Not on confirmation page URL
    at validationConfirmPage [90m(C:\playwright-project\[39msrc\page-objects\confirmation.ts:36:19[90m)[39m
[90m    at runNextTicks (node:internal/process/task_queues:65:5)[39m
[90m    at processImmediate (node:internal/timers:459:9)[39m
[90m    at process.callbackTrampoline (node:internal/async_hooks:130:17)[39m
    at validationConfirmationPage [90m(C:\playwright-project\[39msrc\tests\2TipsNoExtraNoSeat.spec.ts:90:3[90m)[39m
    at runWithRetries [90m(C:\playwright-project\[39msrc\tests\2TipsNoExtraNoSeat.spec.ts:121:7[90m)[39m
    at executeTests [90m(C:\playwright-project\[39msrc\tests\2TipsNoExtraNoSeat.spec.ts:221:29[90m)[39m
    at [90mC:\playwright-project\[39msrc\tests\2TipsNoExtraNoSeat.spec.ts:1038:30
    at [90mC:\playwright-project\[39mnode_modules\[4mplaywright[24m\lib\worker\workerMain.js:339:9
    at [90mC:\playwright-project\[39mnode_modules\[4mplaywright[24m\lib\worker\testInfo.js:286:11
    at TimeoutManager.withRunnable [90m(C:\playwright-project\[39mnode_modules\[4mplaywright[24m\lib\worker\timeoutManager.js:64:14[90m)[39m
    at TestInfoImpl._runAsStage [90m(C:\playwright-project\[39mnode_modules\[4mplaywright[24m\lib\worker\testInfo.js:284:7[90m)[39m
    at [90mC:\playwright-project\[39mnode_modules\[4mplaywright[24m\lib\worker\workerMain.js:331:7
    at [90mC:\playwright-project\[39mnode_modules\[4mplaywright[24m\lib\worker\testInfo.js:286:11
    at TimeoutManager.withRunnable [90m(C:\playwright-project\[39mnode_modules\[4mplaywright[24m\lib\worker\timeoutManager.js:52:27[90m)[39m
    at TestInfoImpl._runAsStage [90m(C:\playwright-project\[39mnode_modules\[4mplaywright[24m\lib\worker\testInfo.js:284:7[90m)[39m
    at WorkerMain._runTest [90m(C:\playwright-project\[39mnode_modules\[4mplaywright[24m\lib\worker\workerMain.js:281:5[90m)[39m
    at WorkerMain.runTestGroup [90m(C:\playwright-project\[39mnode_modules\[4mplaywright[24m\lib\worker\workerMain.js:205:11[90m)[39m
    at process.<anonymous> [90m(C:\playwright-project\[39mnode_modules\[4mplaywright[24m\lib\common\process.js:95:22[90m)[39m
]]>
</system-err>
</testcase>
<testcase name="20. Compra 1 adt Eco Extra - Eco Extra - sin assitence › Ejecución completa con reintentos" classname="2TipsNoExtraNoSeat.spec.ts" time="36.919">
<system-out>
<![CDATA[Ejecución completa, intento 1 de 5
Ejecutando Booking, intento 1
Fecha de salida seleccionada: { year: [32m'2025'[39m, month: [32m'6'[39m, index: [33m0[39m, value: [33m3[39m }
Fecha de regreso seleccionada: { year: [32m'2025'[39m, month: [32m'6'[39m, index: [33m1[39m, value: [33m5[39m }
Ajustando número de pasajeros
Successfully clicked the element: div.price-cabin:has-text("Economy")
Successfully clicked the element: div.price-cabin:has-text("Economy")
Ejecutando fillPassengerAdult 1, intento 1
Ejecutando fillContact, intento 1
Ejecutando payWithCard, intento 1
Iframe encontrado.
Ejecutando payWithCard, intento 1
Ejecutando payWithCard, intento 2
Ejecutando payWithCard, intento 3
]]>
</system-out>
<system-err>
<![CDATA[Confirmation page validation failed: Flight Summary section not found on confirmation page
Intento 1 fallido en payWithCard: Error: Flight Summary section not found on confirmation page
    at validationConfirmPage [90m(C:\playwright-project\[39msrc\page-objects\confirmation.ts:29:19[90m)[39m
[90m    at runNextTicks (node:internal/process/task_queues:65:5)[39m
[90m    at processImmediate (node:internal/timers:459:9)[39m
[90m    at process.callbackTrampoline (node:internal/async_hooks:130:17)[39m
    at validationConfirmationPage [90m(C:\playwright-project\[39msrc\tests\2TipsNoExtraNoSeat.spec.ts:90:3[90m)[39m
    at runWithRetries [90m(C:\playwright-project\[39msrc\tests\2TipsNoExtraNoSeat.spec.ts:121:7[90m)[39m
    at executeTests [90m(C:\playwright-project\[39msrc\tests\2TipsNoExtraNoSeat.spec.ts:221:29[90m)[39m
    at [90mC:\playwright-project\[39msrc\tests\2TipsNoExtraNoSeat.spec.ts:1080:30
    at [90mC:\playwright-project\[39mnode_modules\[4mplaywright[24m\lib\worker\workerMain.js:339:9
    at [90mC:\playwright-project\[39mnode_modules\[4mplaywright[24m\lib\worker\testInfo.js:286:11
    at TimeoutManager.withRunnable [90m(C:\playwright-project\[39mnode_modules\[4mplaywright[24m\lib\worker\timeoutManager.js:64:14[90m)[39m
    at TestInfoImpl._runAsStage [90m(C:\playwright-project\[39mnode_modules\[4mplaywright[24m\lib\worker\testInfo.js:284:7[90m)[39m
    at [90mC:\playwright-project\[39mnode_modules\[4mplaywright[24m\lib\worker\workerMain.js:331:7
    at [90mC:\playwright-project\[39mnode_modules\[4mplaywright[24m\lib\worker\testInfo.js:286:11
    at TimeoutManager.withRunnable [90m(C:\playwright-project\[39mnode_modules\[4mplaywright[24m\lib\worker\timeoutManager.js:52:27[90m)[39m
    at TestInfoImpl._runAsStage [90m(C:\playwright-project\[39mnode_modules\[4mplaywright[24m\lib\worker\testInfo.js:284:7[90m)[39m
    at WorkerMain._runTest [90m(C:\playwright-project\[39mnode_modules\[4mplaywright[24m\lib\worker\workerMain.js:281:5[90m)[39m
    at WorkerMain.runTestGroup [90m(C:\playwright-project\[39mnode_modules\[4mplaywright[24m\lib\worker\workerMain.js:205:11[90m)[39m
    at process.<anonymous> [90m(C:\playwright-project\[39mnode_modules\[4mplaywright[24m\lib\common\process.js:95:22[90m)[39m
Confirmation page validation failed: Not on confirmation page URL
Intento 2 fallido en payWithCard: Error: Not on confirmation page URL
    at validationConfirmPage [90m(C:\playwright-project\[39msrc\page-objects\confirmation.ts:36:19[90m)[39m
    at validationConfirmationPage [90m(C:\playwright-project\[39msrc\tests\2TipsNoExtraNoSeat.spec.ts:90:3[90m)[39m
    at runWithRetries [90m(C:\playwright-project\[39msrc\tests\2TipsNoExtraNoSeat.spec.ts:121:7[90m)[39m
    at executeTests [90m(C:\playwright-project\[39msrc\tests\2TipsNoExtraNoSeat.spec.ts:221:29[90m)[39m
    at [90mC:\playwright-project\[39msrc\tests\2TipsNoExtraNoSeat.spec.ts:1080:30
    at [90mC:\playwright-project\[39mnode_modules\[4mplaywright[24m\lib\worker\workerMain.js:339:9
    at [90mC:\playwright-project\[39mnode_modules\[4mplaywright[24m\lib\worker\testInfo.js:286:11
    at TimeoutManager.withRunnable [90m(C:\playwright-project\[39mnode_modules\[4mplaywright[24m\lib\worker\timeoutManager.js:64:14[90m)[39m
    at TestInfoImpl._runAsStage [90m(C:\playwright-project\[39mnode_modules\[4mplaywright[24m\lib\worker\testInfo.js:284:7[90m)[39m
    at [90mC:\playwright-project\[39mnode_modules\[4mplaywright[24m\lib\worker\workerMain.js:331:7
    at [90mC:\playwright-project\[39mnode_modules\[4mplaywright[24m\lib\worker\testInfo.js:286:11
    at TimeoutManager.withRunnable [90m(C:\playwright-project\[39mnode_modules\[4mplaywright[24m\lib\worker\timeoutManager.js:52:27[90m)[39m
    at TestInfoImpl._runAsStage [90m(C:\playwright-project\[39mnode_modules\[4mplaywright[24m\lib\worker\testInfo.js:284:7[90m)[39m
    at WorkerMain._runTest [90m(C:\playwright-project\[39mnode_modules\[4mplaywright[24m\lib\worker\workerMain.js:281:5[90m)[39m
    at WorkerMain.runTestGroup [90m(C:\playwright-project\[39mnode_modules\[4mplaywright[24m\lib\worker\workerMain.js:205:11[90m)[39m
    at process.<anonymous> [90m(C:\playwright-project\[39mnode_modules\[4mplaywright[24m\lib\common\process.js:95:22[90m)[39m
]]>
</system-err>
</testcase>
<testcase name="21. Compra 1 adt Eco Extra - PremLight - sin assitence › Ejecución completa con reintentos" classname="2TipsNoExtraNoSeat.spec.ts" time="37.819">
<system-out>
<![CDATA[Ejecución completa, intento 1 de 5
Ejecutando Booking, intento 1
Fecha de salida seleccionada: { year: [32m'2025'[39m, month: [32m'6'[39m, index: [33m7[39m, value: [33m19[39m }
Fecha de regreso seleccionada: { year: [32m'2025'[39m, month: [32m'6'[39m, index: [33m8[39m, value: [33m21[39m }
Ajustando número de pasajeros
Successfully clicked the element: div.price-cabin:has-text("Economy")
Successfully clicked the element: div.price-cabin:has-text("Premium")
Ejecutando fillPassengerAdult 1, intento 1
Ejecutando fillContact, intento 1
Ejecutando payWithCard, intento 1
Iframe encontrado.
Ejecutando payWithCard, intento 1
Ejecutando payWithCard, intento 2
Ejecutando payWithCard, intento 3
]]>
</system-out>
<system-err>
<![CDATA[Confirmation page validation failed: Flight Summary section not found on confirmation page
Intento 1 fallido en payWithCard: Error: Flight Summary section not found on confirmation page
    at validationConfirmPage [90m(C:\playwright-project\[39msrc\page-objects\confirmation.ts:29:19[90m)[39m
[90m    at runNextTicks (node:internal/process/task_queues:65:5)[39m
[90m    at processImmediate (node:internal/timers:459:9)[39m
[90m    at process.callbackTrampoline (node:internal/async_hooks:130:17)[39m
    at validationConfirmationPage [90m(C:\playwright-project\[39msrc\tests\2TipsNoExtraNoSeat.spec.ts:90:3[90m)[39m
    at runWithRetries [90m(C:\playwright-project\[39msrc\tests\2TipsNoExtraNoSeat.spec.ts:121:7[90m)[39m
    at executeTests [90m(C:\playwright-project\[39msrc\tests\2TipsNoExtraNoSeat.spec.ts:221:29[90m)[39m
    at [90mC:\playwright-project\[39msrc\tests\2TipsNoExtraNoSeat.spec.ts:1122:30
    at [90mC:\playwright-project\[39mnode_modules\[4mplaywright[24m\lib\worker\workerMain.js:339:9
    at [90mC:\playwright-project\[39mnode_modules\[4mplaywright[24m\lib\worker\testInfo.js:286:11
    at TimeoutManager.withRunnable [90m(C:\playwright-project\[39mnode_modules\[4mplaywright[24m\lib\worker\timeoutManager.js:64:14[90m)[39m
    at TestInfoImpl._runAsStage [90m(C:\playwright-project\[39mnode_modules\[4mplaywright[24m\lib\worker\testInfo.js:284:7[90m)[39m
    at [90mC:\playwright-project\[39mnode_modules\[4mplaywright[24m\lib\worker\workerMain.js:331:7
    at [90mC:\playwright-project\[39mnode_modules\[4mplaywright[24m\lib\worker\testInfo.js:286:11
    at TimeoutManager.withRunnable [90m(C:\playwright-project\[39mnode_modules\[4mplaywright[24m\lib\worker\timeoutManager.js:52:27[90m)[39m
    at TestInfoImpl._runAsStage [90m(C:\playwright-project\[39mnode_modules\[4mplaywright[24m\lib\worker\testInfo.js:284:7[90m)[39m
    at WorkerMain._runTest [90m(C:\playwright-project\[39mnode_modules\[4mplaywright[24m\lib\worker\workerMain.js:281:5[90m)[39m
    at WorkerMain.runTestGroup [90m(C:\playwright-project\[39mnode_modules\[4mplaywright[24m\lib\worker\workerMain.js:205:11[90m)[39m
    at process.<anonymous> [90m(C:\playwright-project\[39mnode_modules\[4mplaywright[24m\lib\common\process.js:95:22[90m)[39m
Confirmation page validation failed: Not on confirmation page URL
Intento 2 fallido en payWithCard: Error: Not on confirmation page URL
    at validationConfirmPage [90m(C:\playwright-project\[39msrc\page-objects\confirmation.ts:36:19[90m)[39m
    at validationConfirmationPage [90m(C:\playwright-project\[39msrc\tests\2TipsNoExtraNoSeat.spec.ts:90:3[90m)[39m
    at runWithRetries [90m(C:\playwright-project\[39msrc\tests\2TipsNoExtraNoSeat.spec.ts:121:7[90m)[39m
    at executeTests [90m(C:\playwright-project\[39msrc\tests\2TipsNoExtraNoSeat.spec.ts:221:29[90m)[39m
    at [90mC:\playwright-project\[39msrc\tests\2TipsNoExtraNoSeat.spec.ts:1122:30
    at [90mC:\playwright-project\[39mnode_modules\[4mplaywright[24m\lib\worker\workerMain.js:339:9
    at [90mC:\playwright-project\[39mnode_modules\[4mplaywright[24m\lib\worker\testInfo.js:286:11
    at TimeoutManager.withRunnable [90m(C:\playwright-project\[39mnode_modules\[4mplaywright[24m\lib\worker\timeoutManager.js:64:14[90m)[39m
    at TestInfoImpl._runAsStage [90m(C:\playwright-project\[39mnode_modules\[4mplaywright[24m\lib\worker\testInfo.js:284:7[90m)[39m
    at [90mC:\playwright-project\[39mnode_modules\[4mplaywright[24m\lib\worker\workerMain.js:331:7
    at [90mC:\playwright-project\[39mnode_modules\[4mplaywright[24m\lib\worker\testInfo.js:286:11
    at TimeoutManager.withRunnable [90m(C:\playwright-project\[39mnode_modules\[4mplaywright[24m\lib\worker\timeoutManager.js:52:27[90m)[39m
    at TestInfoImpl._runAsStage [90m(C:\playwright-project\[39mnode_modules\[4mplaywright[24m\lib\worker\testInfo.js:284:7[90m)[39m
    at WorkerMain._runTest [90m(C:\playwright-project\[39mnode_modules\[4mplaywright[24m\lib\worker\workerMain.js:281:5[90m)[39m
    at WorkerMain.runTestGroup [90m(C:\playwright-project\[39mnode_modules\[4mplaywright[24m\lib\worker\workerMain.js:205:11[90m)[39m
    at process.<anonymous> [90m(C:\playwright-project\[39mnode_modules\[4mplaywright[24m\lib\common\process.js:95:22[90m)[39m
]]>
</system-err>
</testcase>
<testcase name="22. Compra 1 adt Eco Extra - PremComfort - sin assitence › Ejecución completa con reintentos" classname="2TipsNoExtraNoSeat.spec.ts" time="38.739">
<system-out>
<![CDATA[Ejecución completa, intento 1 de 5
Ejecutando Booking, intento 1
Fecha de salida seleccionada: { year: [32m'2025'[39m, month: [32m'6'[39m, index: [33m7[39m, value: [33m19[39m }
Fecha de regreso seleccionada: { year: [32m'2025'[39m, month: [32m'6'[39m, index: [33m8[39m, value: [33m21[39m }
Ajustando número de pasajeros
Successfully clicked the element: div.price-cabin:has-text("Economy")
Successfully clicked the element: div.price-cabin:has-text("Premium")
Ejecutando fillPassengerAdult 1, intento 1
Ejecutando fillContact, intento 1
Ejecutando payWithCard, intento 1
Iframe encontrado.
Ejecutando payWithCard, intento 1
Ejecutando payWithCard, intento 2
Ejecutando payWithCard, intento 3
]]>
</system-out>
<system-err>
<![CDATA[Confirmation page validation failed: Flight Summary section not found on confirmation page
Intento 1 fallido en payWithCard: Error: Flight Summary section not found on confirmation page
    at validationConfirmPage [90m(C:\playwright-project\[39msrc\page-objects\confirmation.ts:29:19[90m)[39m
[90m    at runNextTicks (node:internal/process/task_queues:65:5)[39m
[90m    at processImmediate (node:internal/timers:459:9)[39m
[90m    at process.callbackTrampoline (node:internal/async_hooks:130:17)[39m
    at validationConfirmationPage [90m(C:\playwright-project\[39msrc\tests\2TipsNoExtraNoSeat.spec.ts:90:3[90m)[39m
    at runWithRetries [90m(C:\playwright-project\[39msrc\tests\2TipsNoExtraNoSeat.spec.ts:121:7[90m)[39m
    at executeTests [90m(C:\playwright-project\[39msrc\tests\2TipsNoExtraNoSeat.spec.ts:221:29[90m)[39m
    at [90mC:\playwright-project\[39msrc\tests\2TipsNoExtraNoSeat.spec.ts:1165:30
    at [90mC:\playwright-project\[39mnode_modules\[4mplaywright[24m\lib\worker\workerMain.js:339:9
    at [90mC:\playwright-project\[39mnode_modules\[4mplaywright[24m\lib\worker\testInfo.js:286:11
    at TimeoutManager.withRunnable [90m(C:\playwright-project\[39mnode_modules\[4mplaywright[24m\lib\worker\timeoutManager.js:64:14[90m)[39m
    at TestInfoImpl._runAsStage [90m(C:\playwright-project\[39mnode_modules\[4mplaywright[24m\lib\worker\testInfo.js:284:7[90m)[39m
    at [90mC:\playwright-project\[39mnode_modules\[4mplaywright[24m\lib\worker\workerMain.js:331:7
    at [90mC:\playwright-project\[39mnode_modules\[4mplaywright[24m\lib\worker\testInfo.js:286:11
    at TimeoutManager.withRunnable [90m(C:\playwright-project\[39mnode_modules\[4mplaywright[24m\lib\worker\timeoutManager.js:52:27[90m)[39m
    at TestInfoImpl._runAsStage [90m(C:\playwright-project\[39mnode_modules\[4mplaywright[24m\lib\worker\testInfo.js:284:7[90m)[39m
    at WorkerMain._runTest [90m(C:\playwright-project\[39mnode_modules\[4mplaywright[24m\lib\worker\workerMain.js:281:5[90m)[39m
    at WorkerMain.runTestGroup [90m(C:\playwright-project\[39mnode_modules\[4mplaywright[24m\lib\worker\workerMain.js:205:11[90m)[39m
    at process.<anonymous> [90m(C:\playwright-project\[39mnode_modules\[4mplaywright[24m\lib\common\process.js:95:22[90m)[39m
Confirmation page validation failed: Not on confirmation page URL
Intento 2 fallido en payWithCard: Error: Not on confirmation page URL
    at validationConfirmPage [90m(C:\playwright-project\[39msrc\page-objects\confirmation.ts:36:19[90m)[39m
    at validationConfirmationPage [90m(C:\playwright-project\[39msrc\tests\2TipsNoExtraNoSeat.spec.ts:90:3[90m)[39m
    at runWithRetries [90m(C:\playwright-project\[39msrc\tests\2TipsNoExtraNoSeat.spec.ts:121:7[90m)[39m
    at executeTests [90m(C:\playwright-project\[39msrc\tests\2TipsNoExtraNoSeat.spec.ts:221:29[90m)[39m
    at [90mC:\playwright-project\[39msrc\tests\2TipsNoExtraNoSeat.spec.ts:1165:30
    at [90mC:\playwright-project\[39mnode_modules\[4mplaywright[24m\lib\worker\workerMain.js:339:9
    at [90mC:\playwright-project\[39mnode_modules\[4mplaywright[24m\lib\worker\testInfo.js:286:11
    at TimeoutManager.withRunnable [90m(C:\playwright-project\[39mnode_modules\[4mplaywright[24m\lib\worker\timeoutManager.js:64:14[90m)[39m
    at TestInfoImpl._runAsStage [90m(C:\playwright-project\[39mnode_modules\[4mplaywright[24m\lib\worker\testInfo.js:284:7[90m)[39m
    at [90mC:\playwright-project\[39mnode_modules\[4mplaywright[24m\lib\worker\workerMain.js:331:7
    at [90mC:\playwright-project\[39mnode_modules\[4mplaywright[24m\lib\worker\testInfo.js:286:11
    at TimeoutManager.withRunnable [90m(C:\playwright-project\[39mnode_modules\[4mplaywright[24m\lib\worker\timeoutManager.js:52:27[90m)[39m
    at TestInfoImpl._runAsStage [90m(C:\playwright-project\[39mnode_modules\[4mplaywright[24m\lib\worker\testInfo.js:284:7[90m)[39m
    at WorkerMain._runTest [90m(C:\playwright-project\[39mnode_modules\[4mplaywright[24m\lib\worker\workerMain.js:281:5[90m)[39m
    at WorkerMain.runTestGroup [90m(C:\playwright-project\[39mnode_modules\[4mplaywright[24m\lib\worker\workerMain.js:205:11[90m)[39m
    at process.<anonymous> [90m(C:\playwright-project\[39mnode_modules\[4mplaywright[24m\lib\common\process.js:95:22[90m)[39m
]]>
</system-err>
</testcase>
<testcase name="23. Compra 1 adt Eco Extra - PremExtra - sin assitence › Ejecución completa con reintentos" classname="2TipsNoExtraNoSeat.spec.ts" time="36.96">
<system-out>
<![CDATA[Ejecución completa, intento 1 de 5
Ejecutando Booking, intento 1
Fecha de salida seleccionada: { year: [32m'2025'[39m, month: [32m'6'[39m, index: [33m4[39m, value: [33m12[39m }
Fecha de regreso seleccionada: { year: [32m'2025'[39m, month: [32m'6'[39m, index: [33m5[39m, value: [33m14[39m }
Ajustando número de pasajeros
Successfully clicked the element: div.price-cabin:has-text("Economy")
Successfully clicked the element: div.price-cabin:has-text("Premium")
Ejecutando fillPassengerAdult 1, intento 1
Ejecutando fillContact, intento 1
Ejecutando payWithCard, intento 1
Iframe encontrado.
Ejecutando payWithCard, intento 1
Ejecutando payWithCard, intento 2
Ejecutando payWithCard, intento 3
]]>
</system-out>
<system-err>
<![CDATA[Confirmation page validation failed: Flight Summary section not found on confirmation page
Intento 1 fallido en payWithCard: Error: Flight Summary section not found on confirmation page
    at validationConfirmPage [90m(C:\playwright-project\[39msrc\page-objects\confirmation.ts:29:19[90m)[39m
[90m    at runNextTicks (node:internal/process/task_queues:65:5)[39m
[90m    at processImmediate (node:internal/timers:459:9)[39m
[90m    at process.callbackTrampoline (node:internal/async_hooks:130:17)[39m
    at validationConfirmationPage [90m(C:\playwright-project\[39msrc\tests\2TipsNoExtraNoSeat.spec.ts:90:3[90m)[39m
    at runWithRetries [90m(C:\playwright-project\[39msrc\tests\2TipsNoExtraNoSeat.spec.ts:121:7[90m)[39m
    at executeTests [90m(C:\playwright-project\[39msrc\tests\2TipsNoExtraNoSeat.spec.ts:221:29[90m)[39m
    at [90mC:\playwright-project\[39msrc\tests\2TipsNoExtraNoSeat.spec.ts:1208:30
    at [90mC:\playwright-project\[39mnode_modules\[4mplaywright[24m\lib\worker\workerMain.js:339:9
    at [90mC:\playwright-project\[39mnode_modules\[4mplaywright[24m\lib\worker\testInfo.js:286:11
    at TimeoutManager.withRunnable [90m(C:\playwright-project\[39mnode_modules\[4mplaywright[24m\lib\worker\timeoutManager.js:64:14[90m)[39m
    at TestInfoImpl._runAsStage [90m(C:\playwright-project\[39mnode_modules\[4mplaywright[24m\lib\worker\testInfo.js:284:7[90m)[39m
    at [90mC:\playwright-project\[39mnode_modules\[4mplaywright[24m\lib\worker\workerMain.js:331:7
    at [90mC:\playwright-project\[39mnode_modules\[4mplaywright[24m\lib\worker\testInfo.js:286:11
    at TimeoutManager.withRunnable [90m(C:\playwright-project\[39mnode_modules\[4mplaywright[24m\lib\worker\timeoutManager.js:52:27[90m)[39m
    at TestInfoImpl._runAsStage [90m(C:\playwright-project\[39mnode_modules\[4mplaywright[24m\lib\worker\testInfo.js:284:7[90m)[39m
    at WorkerMain._runTest [90m(C:\playwright-project\[39mnode_modules\[4mplaywright[24m\lib\worker\workerMain.js:281:5[90m)[39m
    at WorkerMain.runTestGroup [90m(C:\playwright-project\[39mnode_modules\[4mplaywright[24m\lib\worker\workerMain.js:205:11[90m)[39m
    at process.<anonymous> [90m(C:\playwright-project\[39mnode_modules\[4mplaywright[24m\lib\common\process.js:95:22[90m)[39m
Confirmation page validation failed: Not on confirmation page URL
Intento 2 fallido en payWithCard: Error: Not on confirmation page URL
    at validationConfirmPage [90m(C:\playwright-project\[39msrc\page-objects\confirmation.ts:36:19[90m)[39m
    at validationConfirmationPage [90m(C:\playwright-project\[39msrc\tests\2TipsNoExtraNoSeat.spec.ts:90:3[90m)[39m
    at runWithRetries [90m(C:\playwright-project\[39msrc\tests\2TipsNoExtraNoSeat.spec.ts:121:7[90m)[39m
    at executeTests [90m(C:\playwright-project\[39msrc\tests\2TipsNoExtraNoSeat.spec.ts:221:29[90m)[39m
    at [90mC:\playwright-project\[39msrc\tests\2TipsNoExtraNoSeat.spec.ts:1208:30
    at [90mC:\playwright-project\[39mnode_modules\[4mplaywright[24m\lib\worker\workerMain.js:339:9
    at [90mC:\playwright-project\[39mnode_modules\[4mplaywright[24m\lib\worker\testInfo.js:286:11
    at TimeoutManager.withRunnable [90m(C:\playwright-project\[39mnode_modules\[4mplaywright[24m\lib\worker\timeoutManager.js:64:14[90m)[39m
    at TestInfoImpl._runAsStage [90m(C:\playwright-project\[39mnode_modules\[4mplaywright[24m\lib\worker\testInfo.js:284:7[90m)[39m
    at [90mC:\playwright-project\[39mnode_modules\[4mplaywright[24m\lib\worker\workerMain.js:331:7
    at [90mC:\playwright-project\[39mnode_modules\[4mplaywright[24m\lib\worker\testInfo.js:286:11
    at TimeoutManager.withRunnable [90m(C:\playwright-project\[39mnode_modules\[4mplaywright[24m\lib\worker\timeoutManager.js:52:27[90m)[39m
    at TestInfoImpl._runAsStage [90m(C:\playwright-project\[39mnode_modules\[4mplaywright[24m\lib\worker\testInfo.js:284:7[90m)[39m
    at WorkerMain._runTest [90m(C:\playwright-project\[39mnode_modules\[4mplaywright[24m\lib\worker\workerMain.js:281:5[90m)[39m
    at WorkerMain.runTestGroup [90m(C:\playwright-project\[39mnode_modules\[4mplaywright[24m\lib\worker\workerMain.js:205:11[90m)[39m
    at process.<anonymous> [90m(C:\playwright-project\[39mnode_modules\[4mplaywright[24m\lib\common\process.js:95:22[90m)[39m
]]>
</system-err>
</testcase>
<testcase name="24. Compra 1 adt PremLight - Eco Light - sin assitence › Ejecución completa con reintentos" classname="2TipsNoExtraNoSeat.spec.ts" time="40.672">
<system-out>
<![CDATA[Ejecución completa, intento 1 de 5
Ejecutando Booking, intento 1
Fecha de salida seleccionada: { year: [32m'2025'[39m, month: [32m'6'[39m, index: [33m2[39m, value: [33m7[39m }
Fecha de regreso seleccionada: { year: [32m'2025'[39m, month: [32m'6'[39m, index: [33m3[39m, value: [33m10[39m }
Ajustando número de pasajeros
Successfully clicked the element: div.price-cabin:has-text("Premium")
Successfully clicked the element: div.price-cabin:has-text("Economy")
Ejecutando fillPassengerAdult 1, intento 1
Ejecutando fillContact, intento 1
Ejecutando payWithCard, intento 1
Iframe encontrado.
Ejecutando payWithCard, intento 1
Ejecutando payWithCard, intento 2
Ejecutando payWithCard, intento 3
]]>
</system-out>
<system-err>
<![CDATA[Confirmation page validation failed: Flight Summary section not found on confirmation page
Intento 1 fallido en payWithCard: Error: Flight Summary section not found on confirmation page
    at validationConfirmPage [90m(C:\playwright-project\[39msrc\page-objects\confirmation.ts:29:19[90m)[39m
[90m    at runNextTicks (node:internal/process/task_queues:65:5)[39m
[90m    at processImmediate (node:internal/timers:459:9)[39m
[90m    at process.callbackTrampoline (node:internal/async_hooks:130:17)[39m
    at validationConfirmationPage [90m(C:\playwright-project\[39msrc\tests\2TipsNoExtraNoSeat.spec.ts:90:3[90m)[39m
    at runWithRetries [90m(C:\playwright-project\[39msrc\tests\2TipsNoExtraNoSeat.spec.ts:121:7[90m)[39m
    at executeTests [90m(C:\playwright-project\[39msrc\tests\2TipsNoExtraNoSeat.spec.ts:221:29[90m)[39m
    at [90mC:\playwright-project\[39msrc\tests\2TipsNoExtraNoSeat.spec.ts:1250:30
    at [90mC:\playwright-project\[39mnode_modules\[4mplaywright[24m\lib\worker\workerMain.js:339:9
    at [90mC:\playwright-project\[39mnode_modules\[4mplaywright[24m\lib\worker\testInfo.js:286:11
    at TimeoutManager.withRunnable [90m(C:\playwright-project\[39mnode_modules\[4mplaywright[24m\lib\worker\timeoutManager.js:64:14[90m)[39m
    at TestInfoImpl._runAsStage [90m(C:\playwright-project\[39mnode_modules\[4mplaywright[24m\lib\worker\testInfo.js:284:7[90m)[39m
    at [90mC:\playwright-project\[39mnode_modules\[4mplaywright[24m\lib\worker\workerMain.js:331:7
    at [90mC:\playwright-project\[39mnode_modules\[4mplaywright[24m\lib\worker\testInfo.js:286:11
    at TimeoutManager.withRunnable [90m(C:\playwright-project\[39mnode_modules\[4mplaywright[24m\lib\worker\timeoutManager.js:52:27[90m)[39m
    at TestInfoImpl._runAsStage [90m(C:\playwright-project\[39mnode_modules\[4mplaywright[24m\lib\worker\testInfo.js:284:7[90m)[39m
    at WorkerMain._runTest [90m(C:\playwright-project\[39mnode_modules\[4mplaywright[24m\lib\worker\workerMain.js:281:5[90m)[39m
    at WorkerMain.runTestGroup [90m(C:\playwright-project\[39mnode_modules\[4mplaywright[24m\lib\worker\workerMain.js:205:11[90m)[39m
    at process.<anonymous> [90m(C:\playwright-project\[39mnode_modules\[4mplaywright[24m\lib\common\process.js:95:22[90m)[39m
Confirmation page validation failed: Not on confirmation page URL
Intento 2 fallido en payWithCard: Error: Not on confirmation page URL
    at validationConfirmPage [90m(C:\playwright-project\[39msrc\page-objects\confirmation.ts:36:19[90m)[39m
    at validationConfirmationPage [90m(C:\playwright-project\[39msrc\tests\2TipsNoExtraNoSeat.spec.ts:90:3[90m)[39m
    at runWithRetries [90m(C:\playwright-project\[39msrc\tests\2TipsNoExtraNoSeat.spec.ts:121:7[90m)[39m
    at executeTests [90m(C:\playwright-project\[39msrc\tests\2TipsNoExtraNoSeat.spec.ts:221:29[90m)[39m
    at [90mC:\playwright-project\[39msrc\tests\2TipsNoExtraNoSeat.spec.ts:1250:30
    at [90mC:\playwright-project\[39mnode_modules\[4mplaywright[24m\lib\worker\workerMain.js:339:9
    at [90mC:\playwright-project\[39mnode_modules\[4mplaywright[24m\lib\worker\testInfo.js:286:11
    at TimeoutManager.withRunnable [90m(C:\playwright-project\[39mnode_modules\[4mplaywright[24m\lib\worker\timeoutManager.js:64:14[90m)[39m
    at TestInfoImpl._runAsStage [90m(C:\playwright-project\[39mnode_modules\[4mplaywright[24m\lib\worker\testInfo.js:284:7[90m)[39m
    at [90mC:\playwright-project\[39mnode_modules\[4mplaywright[24m\lib\worker\workerMain.js:331:7
    at [90mC:\playwright-project\[39mnode_modules\[4mplaywright[24m\lib\worker\testInfo.js:286:11
    at TimeoutManager.withRunnable [90m(C:\playwright-project\[39mnode_modules\[4mplaywright[24m\lib\worker\timeoutManager.js:52:27[90m)[39m
    at TestInfoImpl._runAsStage [90m(C:\playwright-project\[39mnode_modules\[4mplaywright[24m\lib\worker\testInfo.js:284:7[90m)[39m
    at WorkerMain._runTest [90m(C:\playwright-project\[39mnode_modules\[4mplaywright[24m\lib\worker\workerMain.js:281:5[90m)[39m
    at WorkerMain.runTestGroup [90m(C:\playwright-project\[39mnode_modules\[4mplaywright[24m\lib\worker\workerMain.js:205:11[90m)[39m
    at process.<anonymous> [90m(C:\playwright-project\[39mnode_modules\[4mplaywright[24m\lib\common\process.js:95:22[90m)[39m
]]>
</system-err>
</testcase>
<testcase name="25. Compra 1 adt PremLight - Eco Comfort - sin assitence › Ejecución completa con reintentos" classname="2TipsNoExtraNoSeat.spec.ts" time="35.372">
<system-out>
<![CDATA[Ejecución completa, intento 1 de 5
Ejecutando Booking, intento 1
Fecha de salida seleccionada: { year: [32m'2025'[39m, month: [32m'6'[39m, index: [33m1[39m, value: [33m5[39m }
Fecha de regreso seleccionada: { year: [32m'2025'[39m, month: [32m'6'[39m, index: [33m2[39m, value: [33m7[39m }
Ajustando número de pasajeros
Successfully clicked the element: div.price-cabin:has-text("Premium")
Successfully clicked the element: div.price-cabin:has-text("Economy")
Ejecutando fillPassengerAdult 1, intento 1
Ejecutando fillContact, intento 1
Ejecutando payWithCard, intento 1
Iframe encontrado.
Ejecutando payWithCard, intento 1
Ejecutando payWithCard, intento 2
Ejecutando payWithCard, intento 3
]]>
</system-out>
<system-err>
<![CDATA[Confirmation page validation failed: Flight Summary section not found on confirmation page
Intento 1 fallido en payWithCard: Error: Flight Summary section not found on confirmation page
    at validationConfirmPage [90m(C:\playwright-project\[39msrc\page-objects\confirmation.ts:29:19[90m)[39m
[90m    at runNextTicks (node:internal/process/task_queues:65:5)[39m
[90m    at processImmediate (node:internal/timers:459:9)[39m
[90m    at process.callbackTrampoline (node:internal/async_hooks:130:17)[39m
    at validationConfirmationPage [90m(C:\playwright-project\[39msrc\tests\2TipsNoExtraNoSeat.spec.ts:90:3[90m)[39m
    at runWithRetries [90m(C:\playwright-project\[39msrc\tests\2TipsNoExtraNoSeat.spec.ts:121:7[90m)[39m
    at executeTests [90m(C:\playwright-project\[39msrc\tests\2TipsNoExtraNoSeat.spec.ts:221:29[90m)[39m
    at [90mC:\playwright-project\[39msrc\tests\2TipsNoExtraNoSeat.spec.ts:1292:30
    at [90mC:\playwright-project\[39mnode_modules\[4mplaywright[24m\lib\worker\workerMain.js:339:9
    at [90mC:\playwright-project\[39mnode_modules\[4mplaywright[24m\lib\worker\testInfo.js:286:11
    at TimeoutManager.withRunnable [90m(C:\playwright-project\[39mnode_modules\[4mplaywright[24m\lib\worker\timeoutManager.js:64:14[90m)[39m
    at TestInfoImpl._runAsStage [90m(C:\playwright-project\[39mnode_modules\[4mplaywright[24m\lib\worker\testInfo.js:284:7[90m)[39m
    at [90mC:\playwright-project\[39mnode_modules\[4mplaywright[24m\lib\worker\workerMain.js:331:7
    at [90mC:\playwright-project\[39mnode_modules\[4mplaywright[24m\lib\worker\testInfo.js:286:11
    at TimeoutManager.withRunnable [90m(C:\playwright-project\[39mnode_modules\[4mplaywright[24m\lib\worker\timeoutManager.js:52:27[90m)[39m
    at TestInfoImpl._runAsStage [90m(C:\playwright-project\[39mnode_modules\[4mplaywright[24m\lib\worker\testInfo.js:284:7[90m)[39m
    at WorkerMain._runTest [90m(C:\playwright-project\[39mnode_modules\[4mplaywright[24m\lib\worker\workerMain.js:281:5[90m)[39m
    at WorkerMain.runTestGroup [90m(C:\playwright-project\[39mnode_modules\[4mplaywright[24m\lib\worker\workerMain.js:205:11[90m)[39m
    at process.<anonymous> [90m(C:\playwright-project\[39mnode_modules\[4mplaywright[24m\lib\common\process.js:95:22[90m)[39m
Confirmation page validation failed: Not on confirmation page URL
Intento 2 fallido en payWithCard: Error: Not on confirmation page URL
    at validationConfirmPage [90m(C:\playwright-project\[39msrc\page-objects\confirmation.ts:36:19[90m)[39m
    at validationConfirmationPage [90m(C:\playwright-project\[39msrc\tests\2TipsNoExtraNoSeat.spec.ts:90:3[90m)[39m
    at runWithRetries [90m(C:\playwright-project\[39msrc\tests\2TipsNoExtraNoSeat.spec.ts:121:7[90m)[39m
    at executeTests [90m(C:\playwright-project\[39msrc\tests\2TipsNoExtraNoSeat.spec.ts:221:29[90m)[39m
    at [90mC:\playwright-project\[39msrc\tests\2TipsNoExtraNoSeat.spec.ts:1292:30
    at [90mC:\playwright-project\[39mnode_modules\[4mplaywright[24m\lib\worker\workerMain.js:339:9
    at [90mC:\playwright-project\[39mnode_modules\[4mplaywright[24m\lib\worker\testInfo.js:286:11
    at TimeoutManager.withRunnable [90m(C:\playwright-project\[39mnode_modules\[4mplaywright[24m\lib\worker\timeoutManager.js:64:14[90m)[39m
    at TestInfoImpl._runAsStage [90m(C:\playwright-project\[39mnode_modules\[4mplaywright[24m\lib\worker\testInfo.js:284:7[90m)[39m
    at [90mC:\playwright-project\[39mnode_modules\[4mplaywright[24m\lib\worker\workerMain.js:331:7
    at [90mC:\playwright-project\[39mnode_modules\[4mplaywright[24m\lib\worker\testInfo.js:286:11
    at TimeoutManager.withRunnable [90m(C:\playwright-project\[39mnode_modules\[4mplaywright[24m\lib\worker\timeoutManager.js:52:27[90m)[39m
    at TestInfoImpl._runAsStage [90m(C:\playwright-project\[39mnode_modules\[4mplaywright[24m\lib\worker\testInfo.js:284:7[90m)[39m
    at WorkerMain._runTest [90m(C:\playwright-project\[39mnode_modules\[4mplaywright[24m\lib\worker\workerMain.js:281:5[90m)[39m
    at WorkerMain.runTestGroup [90m(C:\playwright-project\[39mnode_modules\[4mplaywright[24m\lib\worker\workerMain.js:205:11[90m)[39m
    at process.<anonymous> [90m(C:\playwright-project\[39mnode_modules\[4mplaywright[24m\lib\common\process.js:95:22[90m)[39m
]]>
</system-err>
</testcase>
<testcase name="26. Compra 1 adt PremLight - Eco Extra - sin assitence › Ejecución completa con reintentos" classname="2TipsNoExtraNoSeat.spec.ts" time="28.491">
<system-out>
<![CDATA[Ejecución completa, intento 1 de 5
Ejecutando Booking, intento 1
Fecha de salida seleccionada: { year: [32m'2025'[39m, month: [32m'6'[39m, index: [33m4[39m, value: [33m12[39m }
Fecha de regreso seleccionada: { year: [32m'2025'[39m, month: [32m'6'[39m, index: [33m5[39m, value: [33m14[39m }
Ajustando número de pasajeros
Successfully clicked the element: div.price-cabin:has-text("Premium")
Successfully clicked the element: div.price-cabin:has-text("Economy")
Ejecutando fillPassengerAdult 1, intento 1
Ejecutando fillContact, intento 1
Ejecutando payWithCard, intento 1
Iframe encontrado.
Ejecutando payWithCard, intento 1
Ejecutando payWithCard, intento 2
Ejecutando payWithCard, intento 3
]]>
</system-out>
<system-err>
<![CDATA[Confirmation page validation failed: Flight Summary section not found on confirmation page
Intento 1 fallido en payWithCard: Error: Flight Summary section not found on confirmation page
    at validationConfirmPage [90m(C:\playwright-project\[39msrc\page-objects\confirmation.ts:29:19[90m)[39m
[90m    at runNextTicks (node:internal/process/task_queues:65:5)[39m
[90m    at processImmediate (node:internal/timers:459:9)[39m
[90m    at process.callbackTrampoline (node:internal/async_hooks:130:17)[39m
    at validationConfirmationPage [90m(C:\playwright-project\[39msrc\tests\2TipsNoExtraNoSeat.spec.ts:90:3[90m)[39m
    at runWithRetries [90m(C:\playwright-project\[39msrc\tests\2TipsNoExtraNoSeat.spec.ts:121:7[90m)[39m
    at executeTests [90m(C:\playwright-project\[39msrc\tests\2TipsNoExtraNoSeat.spec.ts:221:29[90m)[39m
    at [90mC:\playwright-project\[39msrc\tests\2TipsNoExtraNoSeat.spec.ts:1335:30
    at [90mC:\playwright-project\[39mnode_modules\[4mplaywright[24m\lib\worker\workerMain.js:339:9
    at [90mC:\playwright-project\[39mnode_modules\[4mplaywright[24m\lib\worker\testInfo.js:286:11
    at TimeoutManager.withRunnable [90m(C:\playwright-project\[39mnode_modules\[4mplaywright[24m\lib\worker\timeoutManager.js:64:14[90m)[39m
    at TestInfoImpl._runAsStage [90m(C:\playwright-project\[39mnode_modules\[4mplaywright[24m\lib\worker\testInfo.js:284:7[90m)[39m
    at [90mC:\playwright-project\[39mnode_modules\[4mplaywright[24m\lib\worker\workerMain.js:331:7
    at [90mC:\playwright-project\[39mnode_modules\[4mplaywright[24m\lib\worker\testInfo.js:286:11
    at TimeoutManager.withRunnable [90m(C:\playwright-project\[39mnode_modules\[4mplaywright[24m\lib\worker\timeoutManager.js:52:27[90m)[39m
    at TestInfoImpl._runAsStage [90m(C:\playwright-project\[39mnode_modules\[4mplaywright[24m\lib\worker\testInfo.js:284:7[90m)[39m
    at WorkerMain._runTest [90m(C:\playwright-project\[39mnode_modules\[4mplaywright[24m\lib\worker\workerMain.js:281:5[90m)[39m
    at WorkerMain.runTestGroup [90m(C:\playwright-project\[39mnode_modules\[4mplaywright[24m\lib\worker\workerMain.js:205:11[90m)[39m
    at process.<anonymous> [90m(C:\playwright-project\[39mnode_modules\[4mplaywright[24m\lib\common\process.js:95:22[90m)[39m
Confirmation page validation failed: Not on confirmation page URL
Intento 2 fallido en payWithCard: Error: Not on confirmation page URL
    at validationConfirmPage [90m(C:\playwright-project\[39msrc\page-objects\confirmation.ts:36:19[90m)[39m
    at validationConfirmationPage [90m(C:\playwright-project\[39msrc\tests\2TipsNoExtraNoSeat.spec.ts:90:3[90m)[39m
    at runWithRetries [90m(C:\playwright-project\[39msrc\tests\2TipsNoExtraNoSeat.spec.ts:121:7[90m)[39m
    at executeTests [90m(C:\playwright-project\[39msrc\tests\2TipsNoExtraNoSeat.spec.ts:221:29[90m)[39m
    at [90mC:\playwright-project\[39msrc\tests\2TipsNoExtraNoSeat.spec.ts:1335:30
    at [90mC:\playwright-project\[39mnode_modules\[4mplaywright[24m\lib\worker\workerMain.js:339:9
    at [90mC:\playwright-project\[39mnode_modules\[4mplaywright[24m\lib\worker\testInfo.js:286:11
    at TimeoutManager.withRunnable [90m(C:\playwright-project\[39mnode_modules\[4mplaywright[24m\lib\worker\timeoutManager.js:64:14[90m)[39m
    at TestInfoImpl._runAsStage [90m(C:\playwright-project\[39mnode_modules\[4mplaywright[24m\lib\worker\testInfo.js:284:7[90m)[39m
    at [90mC:\playwright-project\[39mnode_modules\[4mplaywright[24m\lib\worker\workerMain.js:331:7
    at [90mC:\playwright-project\[39mnode_modules\[4mplaywright[24m\lib\worker\testInfo.js:286:11
    at TimeoutManager.withRunnable [90m(C:\playwright-project\[39mnode_modules\[4mplaywright[24m\lib\worker\timeoutManager.js:52:27[90m)[39m
    at TestInfoImpl._runAsStage [90m(C:\playwright-project\[39mnode_modules\[4mplaywright[24m\lib\worker\testInfo.js:284:7[90m)[39m
    at WorkerMain._runTest [90m(C:\playwright-project\[39mnode_modules\[4mplaywright[24m\lib\worker\workerMain.js:281:5[90m)[39m
    at WorkerMain.runTestGroup [90m(C:\playwright-project\[39mnode_modules\[4mplaywright[24m\lib\worker\workerMain.js:205:11[90m)[39m
    at process.<anonymous> [90m(C:\playwright-project\[39mnode_modules\[4mplaywright[24m\lib\common\process.js:95:22[90m)[39m
]]>
</system-err>
</testcase>
<testcase name="27. Compra 1 adt PremLight - PremLight - sin assitence › Ejecución completa con reintentos" classname="2TipsNoExtraNoSeat.spec.ts" time="34.845">
<system-out>
<![CDATA[Ejecución completa, intento 1 de 5
Ejecutando Booking, intento 1
Fecha de salida seleccionada: { year: [32m'2025'[39m, month: [32m'6'[39m, index: [33m1[39m, value: [33m5[39m }
Fecha de regreso seleccionada: { year: [32m'2025'[39m, month: [32m'6'[39m, index: [33m2[39m, value: [33m7[39m }
Ajustando número de pasajeros
Successfully clicked the element: div.price-cabin:has-text("Premium")
Successfully clicked the element: div.price-cabin:has-text("Premium")
Ejecutando fillPassengerAdult 1, intento 1
Ejecutando fillContact, intento 1
Ejecutando payWithCard, intento 1
Iframe encontrado.
Ejecutando payWithCard, intento 1
Ejecutando payWithCard, intento 2
Ejecutando payWithCard, intento 3
]]>
</system-out>
<system-err>
<![CDATA[Confirmation page validation failed: Flight Summary section not found on confirmation page
Intento 1 fallido en payWithCard: Error: Flight Summary section not found on confirmation page
    at validationConfirmPage [90m(C:\playwright-project\[39msrc\page-objects\confirmation.ts:29:19[90m)[39m
[90m    at runNextTicks (node:internal/process/task_queues:65:5)[39m
[90m    at processImmediate (node:internal/timers:459:9)[39m
[90m    at process.callbackTrampoline (node:internal/async_hooks:130:17)[39m
    at validationConfirmationPage [90m(C:\playwright-project\[39msrc\tests\2TipsNoExtraNoSeat.spec.ts:90:3[90m)[39m
    at runWithRetries [90m(C:\playwright-project\[39msrc\tests\2TipsNoExtraNoSeat.spec.ts:121:7[90m)[39m
    at executeTests [90m(C:\playwright-project\[39msrc\tests\2TipsNoExtraNoSeat.spec.ts:221:29[90m)[39m
    at [90mC:\playwright-project\[39msrc\tests\2TipsNoExtraNoSeat.spec.ts:1378:30
    at [90mC:\playwright-project\[39mnode_modules\[4mplaywright[24m\lib\worker\workerMain.js:339:9
    at [90mC:\playwright-project\[39mnode_modules\[4mplaywright[24m\lib\worker\testInfo.js:286:11
    at TimeoutManager.withRunnable [90m(C:\playwright-project\[39mnode_modules\[4mplaywright[24m\lib\worker\timeoutManager.js:64:14[90m)[39m
    at TestInfoImpl._runAsStage [90m(C:\playwright-project\[39mnode_modules\[4mplaywright[24m\lib\worker\testInfo.js:284:7[90m)[39m
    at [90mC:\playwright-project\[39mnode_modules\[4mplaywright[24m\lib\worker\workerMain.js:331:7
    at [90mC:\playwright-project\[39mnode_modules\[4mplaywright[24m\lib\worker\testInfo.js:286:11
    at TimeoutManager.withRunnable [90m(C:\playwright-project\[39mnode_modules\[4mplaywright[24m\lib\worker\timeoutManager.js:52:27[90m)[39m
    at TestInfoImpl._runAsStage [90m(C:\playwright-project\[39mnode_modules\[4mplaywright[24m\lib\worker\testInfo.js:284:7[90m)[39m
    at WorkerMain._runTest [90m(C:\playwright-project\[39mnode_modules\[4mplaywright[24m\lib\worker\workerMain.js:281:5[90m)[39m
    at WorkerMain.runTestGroup [90m(C:\playwright-project\[39mnode_modules\[4mplaywright[24m\lib\worker\workerMain.js:205:11[90m)[39m
    at process.<anonymous> [90m(C:\playwright-project\[39mnode_modules\[4mplaywright[24m\lib\common\process.js:95:22[90m)[39m
Confirmation page validation failed: Not on confirmation page URL
Intento 2 fallido en payWithCard: Error: Not on confirmation page URL
    at validationConfirmPage [90m(C:\playwright-project\[39msrc\page-objects\confirmation.ts:36:19[90m)[39m
    at validationConfirmationPage [90m(C:\playwright-project\[39msrc\tests\2TipsNoExtraNoSeat.spec.ts:90:3[90m)[39m
    at runWithRetries [90m(C:\playwright-project\[39msrc\tests\2TipsNoExtraNoSeat.spec.ts:121:7[90m)[39m
    at executeTests [90m(C:\playwright-project\[39msrc\tests\2TipsNoExtraNoSeat.spec.ts:221:29[90m)[39m
    at [90mC:\playwright-project\[39msrc\tests\2TipsNoExtraNoSeat.spec.ts:1378:30
    at [90mC:\playwright-project\[39mnode_modules\[4mplaywright[24m\lib\worker\workerMain.js:339:9
    at [90mC:\playwright-project\[39mnode_modules\[4mplaywright[24m\lib\worker\testInfo.js:286:11
    at TimeoutManager.withRunnable [90m(C:\playwright-project\[39mnode_modules\[4mplaywright[24m\lib\worker\timeoutManager.js:64:14[90m)[39m
    at TestInfoImpl._runAsStage [90m(C:\playwright-project\[39mnode_modules\[4mplaywright[24m\lib\worker\testInfo.js:284:7[90m)[39m
    at [90mC:\playwright-project\[39mnode_modules\[4mplaywright[24m\lib\worker\workerMain.js:331:7
    at [90mC:\playwright-project\[39mnode_modules\[4mplaywright[24m\lib\worker\testInfo.js:286:11
    at TimeoutManager.withRunnable [90m(C:\playwright-project\[39mnode_modules\[4mplaywright[24m\lib\worker\timeoutManager.js:52:27[90m)[39m
    at TestInfoImpl._runAsStage [90m(C:\playwright-project\[39mnode_modules\[4mplaywright[24m\lib\worker\testInfo.js:284:7[90m)[39m
    at WorkerMain._runTest [90m(C:\playwright-project\[39mnode_modules\[4mplaywright[24m\lib\worker\workerMain.js:281:5[90m)[39m
    at WorkerMain.runTestGroup [90m(C:\playwright-project\[39mnode_modules\[4mplaywright[24m\lib\worker\workerMain.js:205:11[90m)[39m
    at process.<anonymous> [90m(C:\playwright-project\[39mnode_modules\[4mplaywright[24m\lib\common\process.js:95:22[90m)[39m
]]>
</system-err>
</testcase>
<testcase name="28. Compra 1 adt PremLight - PremComfort - sin assitence › Ejecución completa con reintentos" classname="2TipsNoExtraNoSeat.spec.ts" time="32.853">
<system-out>
<![CDATA[Ejecución completa, intento 1 de 5
Ejecutando Booking, intento 1
Fecha de salida seleccionada: { year: [32m'2025'[39m, month: [32m'5'[39m, index: [33m11[39m, value: [33m27[39m }
Fecha de regreso seleccionada: { year: [32m'2025'[39m, month: [32m'5'[39m, index: [33m12[39m, value: [33m29[39m }
Ajustando número de pasajeros
Successfully clicked the element: div.price-cabin:has-text("Premium")
Successfully clicked the element: div.price-cabin:has-text("Premium")
Ejecutando fillPassengerAdult 1, intento 1
Ejecutando fillContact, intento 1
Ejecutando payWithCard, intento 1
Iframe encontrado.
Ejecutando payWithCard, intento 1
Ejecutando payWithCard, intento 2
Ejecutando payWithCard, intento 3
]]>
</system-out>
<system-err>
<![CDATA[Confirmation page validation failed: Flight Summary section not found on confirmation page
Intento 1 fallido en payWithCard: Error: Flight Summary section not found on confirmation page
    at validationConfirmPage [90m(C:\playwright-project\[39msrc\page-objects\confirmation.ts:29:19[90m)[39m
[90m    at runNextTicks (node:internal/process/task_queues:65:5)[39m
[90m    at processImmediate (node:internal/timers:459:9)[39m
[90m    at process.callbackTrampoline (node:internal/async_hooks:130:17)[39m
    at validationConfirmationPage [90m(C:\playwright-project\[39msrc\tests\2TipsNoExtraNoSeat.spec.ts:90:3[90m)[39m
    at runWithRetries [90m(C:\playwright-project\[39msrc\tests\2TipsNoExtraNoSeat.spec.ts:121:7[90m)[39m
    at executeTests [90m(C:\playwright-project\[39msrc\tests\2TipsNoExtraNoSeat.spec.ts:221:29[90m)[39m
    at [90mC:\playwright-project\[39msrc\tests\2TipsNoExtraNoSeat.spec.ts:1421:30
    at [90mC:\playwright-project\[39mnode_modules\[4mplaywright[24m\lib\worker\workerMain.js:339:9
    at [90mC:\playwright-project\[39mnode_modules\[4mplaywright[24m\lib\worker\testInfo.js:286:11
    at TimeoutManager.withRunnable [90m(C:\playwright-project\[39mnode_modules\[4mplaywright[24m\lib\worker\timeoutManager.js:64:14[90m)[39m
    at TestInfoImpl._runAsStage [90m(C:\playwright-project\[39mnode_modules\[4mplaywright[24m\lib\worker\testInfo.js:284:7[90m)[39m
    at [90mC:\playwright-project\[39mnode_modules\[4mplaywright[24m\lib\worker\workerMain.js:331:7
    at [90mC:\playwright-project\[39mnode_modules\[4mplaywright[24m\lib\worker\testInfo.js:286:11
    at TimeoutManager.withRunnable [90m(C:\playwright-project\[39mnode_modules\[4mplaywright[24m\lib\worker\timeoutManager.js:52:27[90m)[39m
    at TestInfoImpl._runAsStage [90m(C:\playwright-project\[39mnode_modules\[4mplaywright[24m\lib\worker\testInfo.js:284:7[90m)[39m
    at WorkerMain._runTest [90m(C:\playwright-project\[39mnode_modules\[4mplaywright[24m\lib\worker\workerMain.js:281:5[90m)[39m
    at WorkerMain.runTestGroup [90m(C:\playwright-project\[39mnode_modules\[4mplaywright[24m\lib\worker\workerMain.js:205:11[90m)[39m
    at process.<anonymous> [90m(C:\playwright-project\[39mnode_modules\[4mplaywright[24m\lib\common\process.js:95:22[90m)[39m
Confirmation page validation failed: Not on confirmation page URL
Intento 2 fallido en payWithCard: Error: Not on confirmation page URL
    at validationConfirmPage [90m(C:\playwright-project\[39msrc\page-objects\confirmation.ts:36:19[90m)[39m
    at validationConfirmationPage [90m(C:\playwright-project\[39msrc\tests\2TipsNoExtraNoSeat.spec.ts:90:3[90m)[39m
    at runWithRetries [90m(C:\playwright-project\[39msrc\tests\2TipsNoExtraNoSeat.spec.ts:121:7[90m)[39m
    at executeTests [90m(C:\playwright-project\[39msrc\tests\2TipsNoExtraNoSeat.spec.ts:221:29[90m)[39m
    at [90mC:\playwright-project\[39msrc\tests\2TipsNoExtraNoSeat.spec.ts:1421:30
    at [90mC:\playwright-project\[39mnode_modules\[4mplaywright[24m\lib\worker\workerMain.js:339:9
    at [90mC:\playwright-project\[39mnode_modules\[4mplaywright[24m\lib\worker\testInfo.js:286:11
    at TimeoutManager.withRunnable [90m(C:\playwright-project\[39mnode_modules\[4mplaywright[24m\lib\worker\timeoutManager.js:64:14[90m)[39m
    at TestInfoImpl._runAsStage [90m(C:\playwright-project\[39mnode_modules\[4mplaywright[24m\lib\worker\testInfo.js:284:7[90m)[39m
    at [90mC:\playwright-project\[39mnode_modules\[4mplaywright[24m\lib\worker\workerMain.js:331:7
    at [90mC:\playwright-project\[39mnode_modules\[4mplaywright[24m\lib\worker\testInfo.js:286:11
    at TimeoutManager.withRunnable [90m(C:\playwright-project\[39mnode_modules\[4mplaywright[24m\lib\worker\timeoutManager.js:52:27[90m)[39m
    at TestInfoImpl._runAsStage [90m(C:\playwright-project\[39mnode_modules\[4mplaywright[24m\lib\worker\testInfo.js:284:7[90m)[39m
    at WorkerMain._runTest [90m(C:\playwright-project\[39mnode_modules\[4mplaywright[24m\lib\worker\workerMain.js:281:5[90m)[39m
    at WorkerMain.runTestGroup [90m(C:\playwright-project\[39mnode_modules\[4mplaywright[24m\lib\worker\workerMain.js:205:11[90m)[39m
    at process.<anonymous> [90m(C:\playwright-project\[39mnode_modules\[4mplaywright[24m\lib\common\process.js:95:22[90m)[39m
]]>
</system-err>
</testcase>
<testcase name="29. Compra 1 adt PremLight - PremExtra - sin assitence › Ejecución completa con reintentos" classname="2TipsNoExtraNoSeat.spec.ts" time="36.775">
<system-out>
<![CDATA[Ejecución completa, intento 1 de 5
Ejecutando Booking, intento 1
Fecha de salida seleccionada: { year: [32m'2025'[39m, month: [32m'6'[39m, index: [33m7[39m, value: [33m19[39m }
Fecha de regreso seleccionada: { year: [32m'2025'[39m, month: [32m'6'[39m, index: [33m8[39m, value: [33m21[39m }
Ajustando número de pasajeros
Successfully clicked the element: div.price-cabin:has-text("Premium")
Successfully clicked the element: div.price-cabin:has-text("Premium")
Ejecutando fillPassengerAdult 1, intento 1
Ejecutando fillContact, intento 1
Ejecutando payWithCard, intento 1
Iframe encontrado.
Ejecutando payWithCard, intento 1
Ejecutando payWithCard, intento 2
Ejecutando payWithCard, intento 3
]]>
</system-out>
<system-err>
<![CDATA[Confirmation page validation failed: Flight Summary section not found on confirmation page
Intento 1 fallido en payWithCard: Error: Flight Summary section not found on confirmation page
    at validationConfirmPage [90m(C:\playwright-project\[39msrc\page-objects\confirmation.ts:29:19[90m)[39m
[90m    at runNextTicks (node:internal/process/task_queues:65:5)[39m
[90m    at processImmediate (node:internal/timers:459:9)[39m
[90m    at process.callbackTrampoline (node:internal/async_hooks:130:17)[39m
    at validationConfirmationPage [90m(C:\playwright-project\[39msrc\tests\2TipsNoExtraNoSeat.spec.ts:90:3[90m)[39m
    at runWithRetries [90m(C:\playwright-project\[39msrc\tests\2TipsNoExtraNoSeat.spec.ts:121:7[90m)[39m
    at executeTests [90m(C:\playwright-project\[39msrc\tests\2TipsNoExtraNoSeat.spec.ts:221:29[90m)[39m
    at [90mC:\playwright-project\[39msrc\tests\2TipsNoExtraNoSeat.spec.ts:1464:30
    at [90mC:\playwright-project\[39mnode_modules\[4mplaywright[24m\lib\worker\workerMain.js:339:9
    at [90mC:\playwright-project\[39mnode_modules\[4mplaywright[24m\lib\worker\testInfo.js:286:11
    at TimeoutManager.withRunnable [90m(C:\playwright-project\[39mnode_modules\[4mplaywright[24m\lib\worker\timeoutManager.js:64:14[90m)[39m
    at TestInfoImpl._runAsStage [90m(C:\playwright-project\[39mnode_modules\[4mplaywright[24m\lib\worker\testInfo.js:284:7[90m)[39m
    at [90mC:\playwright-project\[39mnode_modules\[4mplaywright[24m\lib\worker\workerMain.js:331:7
    at [90mC:\playwright-project\[39mnode_modules\[4mplaywright[24m\lib\worker\testInfo.js:286:11
    at TimeoutManager.withRunnable [90m(C:\playwright-project\[39mnode_modules\[4mplaywright[24m\lib\worker\timeoutManager.js:52:27[90m)[39m
    at TestInfoImpl._runAsStage [90m(C:\playwright-project\[39mnode_modules\[4mplaywright[24m\lib\worker\testInfo.js:284:7[90m)[39m
    at WorkerMain._runTest [90m(C:\playwright-project\[39mnode_modules\[4mplaywright[24m\lib\worker\workerMain.js:281:5[90m)[39m
    at WorkerMain.runTestGroup [90m(C:\playwright-project\[39mnode_modules\[4mplaywright[24m\lib\worker\workerMain.js:205:11[90m)[39m
    at process.<anonymous> [90m(C:\playwright-project\[39mnode_modules\[4mplaywright[24m\lib\common\process.js:95:22[90m)[39m
Confirmation page validation failed: Not on confirmation page URL
Intento 2 fallido en payWithCard: Error: Not on confirmation page URL
    at validationConfirmPage [90m(C:\playwright-project\[39msrc\page-objects\confirmation.ts:36:19[90m)[39m
[90m    at runNextTicks (node:internal/process/task_queues:65:5)[39m
[90m    at processImmediate (node:internal/timers:459:9)[39m
[90m    at process.callbackTrampoline (node:internal/async_hooks:130:17)[39m
    at validationConfirmationPage [90m(C:\playwright-project\[39msrc\tests\2TipsNoExtraNoSeat.spec.ts:90:3[90m)[39m
    at runWithRetries [90m(C:\playwright-project\[39msrc\tests\2TipsNoExtraNoSeat.spec.ts:121:7[90m)[39m
    at executeTests [90m(C:\playwright-project\[39msrc\tests\2TipsNoExtraNoSeat.spec.ts:221:29[90m)[39m
    at [90mC:\playwright-project\[39msrc\tests\2TipsNoExtraNoSeat.spec.ts:1464:30
    at [90mC:\playwright-project\[39mnode_modules\[4mplaywright[24m\lib\worker\workerMain.js:339:9
    at [90mC:\playwright-project\[39mnode_modules\[4mplaywright[24m\lib\worker\testInfo.js:286:11
    at TimeoutManager.withRunnable [90m(C:\playwright-project\[39mnode_modules\[4mplaywright[24m\lib\worker\timeoutManager.js:64:14[90m)[39m
    at TestInfoImpl._runAsStage [90m(C:\playwright-project\[39mnode_modules\[4mplaywright[24m\lib\worker\testInfo.js:284:7[90m)[39m
    at [90mC:\playwright-project\[39mnode_modules\[4mplaywright[24m\lib\worker\workerMain.js:331:7
    at [90mC:\playwright-project\[39mnode_modules\[4mplaywright[24m\lib\worker\testInfo.js:286:11
    at TimeoutManager.withRunnable [90m(C:\playwright-project\[39mnode_modules\[4mplaywright[24m\lib\worker\timeoutManager.js:52:27[90m)[39m
    at TestInfoImpl._runAsStage [90m(C:\playwright-project\[39mnode_modules\[4mplaywright[24m\lib\worker\testInfo.js:284:7[90m)[39m
    at WorkerMain._runTest [90m(C:\playwright-project\[39mnode_modules\[4mplaywright[24m\lib\worker\workerMain.js:281:5[90m)[39m
    at WorkerMain.runTestGroup [90m(C:\playwright-project\[39mnode_modules\[4mplaywright[24m\lib\worker\workerMain.js:205:11[90m)[39m
    at process.<anonymous> [90m(C:\playwright-project\[39mnode_modules\[4mplaywright[24m\lib\common\process.js:95:22[90m)[39m
]]>
</system-err>
</testcase>
<testcase name="30. Compra 1 adt PremComfort - Eco Light - sin assitence › Ejecución completa con reintentos" classname="2TipsNoExtraNoSeat.spec.ts" time="33.479">
<system-out>
<![CDATA[Ejecución completa, intento 1 de 5
Ejecutando Booking, intento 1
Fecha de salida seleccionada: { year: [32m'2025'[39m, month: [32m'5'[39m, index: [33m11[39m, value: [33m27[39m }
Fecha de regreso seleccionada: { year: [32m'2025'[39m, month: [32m'5'[39m, index: [33m12[39m, value: [33m29[39m }
Ajustando número de pasajeros
Successfully clicked the element: div.price-cabin:has-text("Premium")
Successfully clicked the element: div.price-cabin:has-text("Economy")
Ejecutando fillPassengerAdult 1, intento 1
Ejecutando fillContact, intento 1
Ejecutando payWithCard, intento 1
Iframe encontrado.
Ejecutando payWithCard, intento 1
Ejecutando payWithCard, intento 2
Ejecutando payWithCard, intento 3
]]>
</system-out>
<system-err>
<![CDATA[Confirmation page validation failed: Flight Summary section not found on confirmation page
Intento 1 fallido en payWithCard: Error: Flight Summary section not found on confirmation page
    at validationConfirmPage [90m(C:\playwright-project\[39msrc\page-objects\confirmation.ts:29:19[90m)[39m
[90m    at runNextTicks (node:internal/process/task_queues:65:5)[39m
[90m    at processImmediate (node:internal/timers:459:9)[39m
[90m    at process.callbackTrampoline (node:internal/async_hooks:130:17)[39m
    at validationConfirmationPage [90m(C:\playwright-project\[39msrc\tests\2TipsNoExtraNoSeat.spec.ts:90:3[90m)[39m
    at runWithRetries [90m(C:\playwright-project\[39msrc\tests\2TipsNoExtraNoSeat.spec.ts:121:7[90m)[39m
    at executeTests [90m(C:\playwright-project\[39msrc\tests\2TipsNoExtraNoSeat.spec.ts:221:29[90m)[39m
    at [90mC:\playwright-project\[39msrc\tests\2TipsNoExtraNoSeat.spec.ts:1507:30
    at [90mC:\playwright-project\[39mnode_modules\[4mplaywright[24m\lib\worker\workerMain.js:339:9
    at [90mC:\playwright-project\[39mnode_modules\[4mplaywright[24m\lib\worker\testInfo.js:286:11
    at TimeoutManager.withRunnable [90m(C:\playwright-project\[39mnode_modules\[4mplaywright[24m\lib\worker\timeoutManager.js:64:14[90m)[39m
    at TestInfoImpl._runAsStage [90m(C:\playwright-project\[39mnode_modules\[4mplaywright[24m\lib\worker\testInfo.js:284:7[90m)[39m
    at [90mC:\playwright-project\[39mnode_modules\[4mplaywright[24m\lib\worker\workerMain.js:331:7
    at [90mC:\playwright-project\[39mnode_modules\[4mplaywright[24m\lib\worker\testInfo.js:286:11
    at TimeoutManager.withRunnable [90m(C:\playwright-project\[39mnode_modules\[4mplaywright[24m\lib\worker\timeoutManager.js:52:27[90m)[39m
    at TestInfoImpl._runAsStage [90m(C:\playwright-project\[39mnode_modules\[4mplaywright[24m\lib\worker\testInfo.js:284:7[90m)[39m
    at WorkerMain._runTest [90m(C:\playwright-project\[39mnode_modules\[4mplaywright[24m\lib\worker\workerMain.js:281:5[90m)[39m
    at WorkerMain.runTestGroup [90m(C:\playwright-project\[39mnode_modules\[4mplaywright[24m\lib\worker\workerMain.js:205:11[90m)[39m
    at process.<anonymous> [90m(C:\playwright-project\[39mnode_modules\[4mplaywright[24m\lib\common\process.js:95:22[90m)[39m
Confirmation page validation failed: Not on confirmation page URL
Intento 2 fallido en payWithCard: Error: Not on confirmation page URL
    at validationConfirmPage [90m(C:\playwright-project\[39msrc\page-objects\confirmation.ts:36:19[90m)[39m
    at validationConfirmationPage [90m(C:\playwright-project\[39msrc\tests\2TipsNoExtraNoSeat.spec.ts:90:3[90m)[39m
    at runWithRetries [90m(C:\playwright-project\[39msrc\tests\2TipsNoExtraNoSeat.spec.ts:121:7[90m)[39m
    at executeTests [90m(C:\playwright-project\[39msrc\tests\2TipsNoExtraNoSeat.spec.ts:221:29[90m)[39m
    at [90mC:\playwright-project\[39msrc\tests\2TipsNoExtraNoSeat.spec.ts:1507:30
    at [90mC:\playwright-project\[39mnode_modules\[4mplaywright[24m\lib\worker\workerMain.js:339:9
    at [90mC:\playwright-project\[39mnode_modules\[4mplaywright[24m\lib\worker\testInfo.js:286:11
    at TimeoutManager.withRunnable [90m(C:\playwright-project\[39mnode_modules\[4mplaywright[24m\lib\worker\timeoutManager.js:64:14[90m)[39m
    at TestInfoImpl._runAsStage [90m(C:\playwright-project\[39mnode_modules\[4mplaywright[24m\lib\worker\testInfo.js:284:7[90m)[39m
    at [90mC:\playwright-project\[39mnode_modules\[4mplaywright[24m\lib\worker\workerMain.js:331:7
    at [90mC:\playwright-project\[39mnode_modules\[4mplaywright[24m\lib\worker\testInfo.js:286:11
    at TimeoutManager.withRunnable [90m(C:\playwright-project\[39mnode_modules\[4mplaywright[24m\lib\worker\timeoutManager.js:52:27[90m)[39m
    at TestInfoImpl._runAsStage [90m(C:\playwright-project\[39mnode_modules\[4mplaywright[24m\lib\worker\testInfo.js:284:7[90m)[39m
    at WorkerMain._runTest [90m(C:\playwright-project\[39mnode_modules\[4mplaywright[24m\lib\worker\workerMain.js:281:5[90m)[39m
    at WorkerMain.runTestGroup [90m(C:\playwright-project\[39mnode_modules\[4mplaywright[24m\lib\worker\workerMain.js:205:11[90m)[39m
    at process.<anonymous> [90m(C:\playwright-project\[39mnode_modules\[4mplaywright[24m\lib\common\process.js:95:22[90m)[39m
]]>
</system-err>
</testcase>
<testcase name="31. Compra 1 adt PremComfort - Eco Comfort - sin assitence › Ejecución completa con reintentos" classname="2TipsNoExtraNoSeat.spec.ts" time="30.469">
<system-out>
<![CDATA[Ejecución completa, intento 1 de 5
Ejecutando Booking, intento 1
Fecha de salida seleccionada: { year: [32m'2025'[39m, month: [32m'6'[39m, index: [33m3[39m, value: [33m10[39m }
Fecha de regreso seleccionada: { year: [32m'2025'[39m, month: [32m'6'[39m, index: [33m4[39m, value: [33m12[39m }
Ajustando número de pasajeros
Successfully clicked the element: div.price-cabin:has-text("Premium")
Successfully clicked the element: div.price-cabin:has-text("Economy")
Ejecutando fillPassengerAdult 1, intento 1
Ejecutando fillContact, intento 1
Ejecutando payWithCard, intento 1
Iframe encontrado.
Ejecutando payWithCard, intento 1
Ejecutando payWithCard, intento 2
Ejecutando payWithCard, intento 3
]]>
</system-out>
<system-err>
<![CDATA[Confirmation page validation failed: Flight Summary section not found on confirmation page
Intento 1 fallido en payWithCard: Error: Flight Summary section not found on confirmation page
    at validationConfirmPage [90m(C:\playwright-project\[39msrc\page-objects\confirmation.ts:29:19[90m)[39m
[90m    at runNextTicks (node:internal/process/task_queues:65:5)[39m
[90m    at processImmediate (node:internal/timers:459:9)[39m
[90m    at process.callbackTrampoline (node:internal/async_hooks:130:17)[39m
    at validationConfirmationPage [90m(C:\playwright-project\[39msrc\tests\2TipsNoExtraNoSeat.spec.ts:90:3[90m)[39m
    at runWithRetries [90m(C:\playwright-project\[39msrc\tests\2TipsNoExtraNoSeat.spec.ts:121:7[90m)[39m
    at executeTests [90m(C:\playwright-project\[39msrc\tests\2TipsNoExtraNoSeat.spec.ts:221:29[90m)[39m
    at [90mC:\playwright-project\[39msrc\tests\2TipsNoExtraNoSeat.spec.ts:1549:30
    at [90mC:\playwright-project\[39mnode_modules\[4mplaywright[24m\lib\worker\workerMain.js:339:9
    at [90mC:\playwright-project\[39mnode_modules\[4mplaywright[24m\lib\worker\testInfo.js:286:11
    at TimeoutManager.withRunnable [90m(C:\playwright-project\[39mnode_modules\[4mplaywright[24m\lib\worker\timeoutManager.js:64:14[90m)[39m
    at TestInfoImpl._runAsStage [90m(C:\playwright-project\[39mnode_modules\[4mplaywright[24m\lib\worker\testInfo.js:284:7[90m)[39m
    at [90mC:\playwright-project\[39mnode_modules\[4mplaywright[24m\lib\worker\workerMain.js:331:7
    at [90mC:\playwright-project\[39mnode_modules\[4mplaywright[24m\lib\worker\testInfo.js:286:11
    at TimeoutManager.withRunnable [90m(C:\playwright-project\[39mnode_modules\[4mplaywright[24m\lib\worker\timeoutManager.js:52:27[90m)[39m
    at TestInfoImpl._runAsStage [90m(C:\playwright-project\[39mnode_modules\[4mplaywright[24m\lib\worker\testInfo.js:284:7[90m)[39m
    at WorkerMain._runTest [90m(C:\playwright-project\[39mnode_modules\[4mplaywright[24m\lib\worker\workerMain.js:281:5[90m)[39m
    at WorkerMain.runTestGroup [90m(C:\playwright-project\[39mnode_modules\[4mplaywright[24m\lib\worker\workerMain.js:205:11[90m)[39m
    at process.<anonymous> [90m(C:\playwright-project\[39mnode_modules\[4mplaywright[24m\lib\common\process.js:95:22[90m)[39m
Confirmation page validation failed: Not on confirmation page URL
Intento 2 fallido en payWithCard: Error: Not on confirmation page URL
    at validationConfirmPage [90m(C:\playwright-project\[39msrc\page-objects\confirmation.ts:36:19[90m)[39m
    at validationConfirmationPage [90m(C:\playwright-project\[39msrc\tests\2TipsNoExtraNoSeat.spec.ts:90:3[90m)[39m
    at runWithRetries [90m(C:\playwright-project\[39msrc\tests\2TipsNoExtraNoSeat.spec.ts:121:7[90m)[39m
    at executeTests [90m(C:\playwright-project\[39msrc\tests\2TipsNoExtraNoSeat.spec.ts:221:29[90m)[39m
    at [90mC:\playwright-project\[39msrc\tests\2TipsNoExtraNoSeat.spec.ts:1549:30
    at [90mC:\playwright-project\[39mnode_modules\[4mplaywright[24m\lib\worker\workerMain.js:339:9
    at [90mC:\playwright-project\[39mnode_modules\[4mplaywright[24m\lib\worker\testInfo.js:286:11
    at TimeoutManager.withRunnable [90m(C:\playwright-project\[39mnode_modules\[4mplaywright[24m\lib\worker\timeoutManager.js:64:14[90m)[39m
    at TestInfoImpl._runAsStage [90m(C:\playwright-project\[39mnode_modules\[4mplaywright[24m\lib\worker\testInfo.js:284:7[90m)[39m
    at [90mC:\playwright-project\[39mnode_modules\[4mplaywright[24m\lib\worker\workerMain.js:331:7
    at [90mC:\playwright-project\[39mnode_modules\[4mplaywright[24m\lib\worker\testInfo.js:286:11
    at TimeoutManager.withRunnable [90m(C:\playwright-project\[39mnode_modules\[4mplaywright[24m\lib\worker\timeoutManager.js:52:27[90m)[39m
    at TestInfoImpl._runAsStage [90m(C:\playwright-project\[39mnode_modules\[4mplaywright[24m\lib\worker\testInfo.js:284:7[90m)[39m
    at WorkerMain._runTest [90m(C:\playwright-project\[39mnode_modules\[4mplaywright[24m\lib\worker\workerMain.js:281:5[90m)[39m
    at WorkerMain.runTestGroup [90m(C:\playwright-project\[39mnode_modules\[4mplaywright[24m\lib\worker\workerMain.js:205:11[90m)[39m
    at process.<anonymous> [90m(C:\playwright-project\[39mnode_modules\[4mplaywright[24m\lib\common\process.js:95:22[90m)[39m
]]>
</system-err>
</testcase>
<testcase name="32. Compra 1 adt PremComfort - Eco Extra - sin assitence › Ejecución completa con reintentos" classname="2TipsNoExtraNoSeat.spec.ts" time="34.56">
<system-out>
<![CDATA[Ejecución completa, intento 1 de 5
Ejecutando Booking, intento 1
Fecha de salida seleccionada: { year: [32m'2025'[39m, month: [32m'5'[39m, index: [33m12[39m, value: [33m29[39m }
Fecha de regreso seleccionada: { year: [32m'2025'[39m, month: [32m'5'[39m, index: [33m13[39m, value: [33m31[39m }
Ajustando número de pasajeros
Successfully clicked the element: div.price-cabin:has-text("Premium")
Successfully clicked the element: div.price-cabin:has-text("Economy")
Ejecutando fillPassengerAdult 1, intento 1
Ejecutando fillContact, intento 1
Ejecutando payWithCard, intento 1
Iframe encontrado.
Ejecutando payWithCard, intento 1
Ejecutando payWithCard, intento 2
Ejecutando payWithCard, intento 3
]]>
</system-out>
<system-err>
<![CDATA[Confirmation page validation failed: Flight Summary section not found on confirmation page
Intento 1 fallido en payWithCard: Error: Flight Summary section not found on confirmation page
    at validationConfirmPage [90m(C:\playwright-project\[39msrc\page-objects\confirmation.ts:29:19[90m)[39m
[90m    at runNextTicks (node:internal/process/task_queues:65:5)[39m
[90m    at processImmediate (node:internal/timers:459:9)[39m
[90m    at process.callbackTrampoline (node:internal/async_hooks:130:17)[39m
    at validationConfirmationPage [90m(C:\playwright-project\[39msrc\tests\2TipsNoExtraNoSeat.spec.ts:90:3[90m)[39m
    at runWithRetries [90m(C:\playwright-project\[39msrc\tests\2TipsNoExtraNoSeat.spec.ts:121:7[90m)[39m
    at executeTests [90m(C:\playwright-project\[39msrc\tests\2TipsNoExtraNoSeat.spec.ts:221:29[90m)[39m
    at [90mC:\playwright-project\[39msrc\tests\2TipsNoExtraNoSeat.spec.ts:1592:30
    at [90mC:\playwright-project\[39mnode_modules\[4mplaywright[24m\lib\worker\workerMain.js:339:9
    at [90mC:\playwright-project\[39mnode_modules\[4mplaywright[24m\lib\worker\testInfo.js:286:11
    at TimeoutManager.withRunnable [90m(C:\playwright-project\[39mnode_modules\[4mplaywright[24m\lib\worker\timeoutManager.js:64:14[90m)[39m
    at TestInfoImpl._runAsStage [90m(C:\playwright-project\[39mnode_modules\[4mplaywright[24m\lib\worker\testInfo.js:284:7[90m)[39m
    at [90mC:\playwright-project\[39mnode_modules\[4mplaywright[24m\lib\worker\workerMain.js:331:7
    at [90mC:\playwright-project\[39mnode_modules\[4mplaywright[24m\lib\worker\testInfo.js:286:11
    at TimeoutManager.withRunnable [90m(C:\playwright-project\[39mnode_modules\[4mplaywright[24m\lib\worker\timeoutManager.js:52:27[90m)[39m
    at TestInfoImpl._runAsStage [90m(C:\playwright-project\[39mnode_modules\[4mplaywright[24m\lib\worker\testInfo.js:284:7[90m)[39m
    at WorkerMain._runTest [90m(C:\playwright-project\[39mnode_modules\[4mplaywright[24m\lib\worker\workerMain.js:281:5[90m)[39m
    at WorkerMain.runTestGroup [90m(C:\playwright-project\[39mnode_modules\[4mplaywright[24m\lib\worker\workerMain.js:205:11[90m)[39m
    at process.<anonymous> [90m(C:\playwright-project\[39mnode_modules\[4mplaywright[24m\lib\common\process.js:95:22[90m)[39m
Confirmation page validation failed: Not on confirmation page URL
Intento 2 fallido en payWithCard: Error: Not on confirmation page URL
    at validationConfirmPage [90m(C:\playwright-project\[39msrc\page-objects\confirmation.ts:36:19[90m)[39m
[90m    at runNextTicks (node:internal/process/task_queues:65:5)[39m
[90m    at processImmediate (node:internal/timers:459:9)[39m
[90m    at process.callbackTrampoline (node:internal/async_hooks:130:17)[39m
    at validationConfirmationPage [90m(C:\playwright-project\[39msrc\tests\2TipsNoExtraNoSeat.spec.ts:90:3[90m)[39m
    at runWithRetries [90m(C:\playwright-project\[39msrc\tests\2TipsNoExtraNoSeat.spec.ts:121:7[90m)[39m
    at executeTests [90m(C:\playwright-project\[39msrc\tests\2TipsNoExtraNoSeat.spec.ts:221:29[90m)[39m
    at [90mC:\playwright-project\[39msrc\tests\2TipsNoExtraNoSeat.spec.ts:1592:30
    at [90mC:\playwright-project\[39mnode_modules\[4mplaywright[24m\lib\worker\workerMain.js:339:9
    at [90mC:\playwright-project\[39mnode_modules\[4mplaywright[24m\lib\worker\testInfo.js:286:11
    at TimeoutManager.withRunnable [90m(C:\playwright-project\[39mnode_modules\[4mplaywright[24m\lib\worker\timeoutManager.js:64:14[90m)[39m
    at TestInfoImpl._runAsStage [90m(C:\playwright-project\[39mnode_modules\[4mplaywright[24m\lib\worker\testInfo.js:284:7[90m)[39m
    at [90mC:\playwright-project\[39mnode_modules\[4mplaywright[24m\lib\worker\workerMain.js:331:7
    at [90mC:\playwright-project\[39mnode_modules\[4mplaywright[24m\lib\worker\testInfo.js:286:11
    at TimeoutManager.withRunnable [90m(C:\playwright-project\[39mnode_modules\[4mplaywright[24m\lib\worker\timeoutManager.js:52:27[90m)[39m
    at TestInfoImpl._runAsStage [90m(C:\playwright-project\[39mnode_modules\[4mplaywright[24m\lib\worker\testInfo.js:284:7[90m)[39m
    at WorkerMain._runTest [90m(C:\playwright-project\[39mnode_modules\[4mplaywright[24m\lib\worker\workerMain.js:281:5[90m)[39m
    at WorkerMain.runTestGroup [90m(C:\playwright-project\[39mnode_modules\[4mplaywright[24m\lib\worker\workerMain.js:205:11[90m)[39m
    at process.<anonymous> [90m(C:\playwright-project\[39mnode_modules\[4mplaywright[24m\lib\common\process.js:95:22[90m)[39m
]]>
</system-err>
</testcase>
<testcase name="33. Compra 1 adt PremComfort - PremLight - sin assitence › Ejecución completa con reintentos" classname="2TipsNoExtraNoSeat.spec.ts" time="33.439">
<system-out>
<![CDATA[Ejecución completa, intento 1 de 5
Ejecutando Booking, intento 1
Fecha de salida seleccionada: { year: [32m'2025'[39m, month: [32m'6'[39m, index: [33m9[39m, value: [33m24[39m }
Fecha de regreso seleccionada: { year: [32m'2025'[39m, month: [32m'6'[39m, index: [33m10[39m, value: [33m26[39m }
Ajustando número de pasajeros
Successfully clicked the element: div.price-cabin:has-text("Premium")
Successfully clicked the element: div.price-cabin:has-text("Premium")
Ejecutando fillPassengerAdult 1, intento 1
Ejecutando fillContact, intento 1
Ejecutando payWithCard, intento 1
Iframe encontrado.
Ejecutando payWithCard, intento 1
Ejecutando payWithCard, intento 2
Ejecutando payWithCard, intento 3
]]>
</system-out>
<system-err>
<![CDATA[Confirmation page validation failed: Flight Summary section not found on confirmation page
Intento 1 fallido en payWithCard: Error: Flight Summary section not found on confirmation page
    at validationConfirmPage [90m(C:\playwright-project\[39msrc\page-objects\confirmation.ts:29:19[90m)[39m
[90m    at runNextTicks (node:internal/process/task_queues:65:5)[39m
[90m    at processImmediate (node:internal/timers:459:9)[39m
[90m    at process.callbackTrampoline (node:internal/async_hooks:130:17)[39m
    at validationConfirmationPage [90m(C:\playwright-project\[39msrc\tests\2TipsNoExtraNoSeat.spec.ts:90:3[90m)[39m
    at runWithRetries [90m(C:\playwright-project\[39msrc\tests\2TipsNoExtraNoSeat.spec.ts:121:7[90m)[39m
    at executeTests [90m(C:\playwright-project\[39msrc\tests\2TipsNoExtraNoSeat.spec.ts:221:29[90m)[39m
    at [90mC:\playwright-project\[39msrc\tests\2TipsNoExtraNoSeat.spec.ts:1635:30
    at [90mC:\playwright-project\[39mnode_modules\[4mplaywright[24m\lib\worker\workerMain.js:339:9
    at [90mC:\playwright-project\[39mnode_modules\[4mplaywright[24m\lib\worker\testInfo.js:286:11
    at TimeoutManager.withRunnable [90m(C:\playwright-project\[39mnode_modules\[4mplaywright[24m\lib\worker\timeoutManager.js:64:14[90m)[39m
    at TestInfoImpl._runAsStage [90m(C:\playwright-project\[39mnode_modules\[4mplaywright[24m\lib\worker\testInfo.js:284:7[90m)[39m
    at [90mC:\playwright-project\[39mnode_modules\[4mplaywright[24m\lib\worker\workerMain.js:331:7
    at [90mC:\playwright-project\[39mnode_modules\[4mplaywright[24m\lib\worker\testInfo.js:286:11
    at TimeoutManager.withRunnable [90m(C:\playwright-project\[39mnode_modules\[4mplaywright[24m\lib\worker\timeoutManager.js:52:27[90m)[39m
    at TestInfoImpl._runAsStage [90m(C:\playwright-project\[39mnode_modules\[4mplaywright[24m\lib\worker\testInfo.js:284:7[90m)[39m
    at WorkerMain._runTest [90m(C:\playwright-project\[39mnode_modules\[4mplaywright[24m\lib\worker\workerMain.js:281:5[90m)[39m
    at WorkerMain.runTestGroup [90m(C:\playwright-project\[39mnode_modules\[4mplaywright[24m\lib\worker\workerMain.js:205:11[90m)[39m
    at process.<anonymous> [90m(C:\playwright-project\[39mnode_modules\[4mplaywright[24m\lib\common\process.js:95:22[90m)[39m
Confirmation page validation failed: Not on confirmation page URL
Intento 2 fallido en payWithCard: Error: Not on confirmation page URL
    at validationConfirmPage [90m(C:\playwright-project\[39msrc\page-objects\confirmation.ts:36:19[90m)[39m
    at validationConfirmationPage [90m(C:\playwright-project\[39msrc\tests\2TipsNoExtraNoSeat.spec.ts:90:3[90m)[39m
    at runWithRetries [90m(C:\playwright-project\[39msrc\tests\2TipsNoExtraNoSeat.spec.ts:121:7[90m)[39m
    at executeTests [90m(C:\playwright-project\[39msrc\tests\2TipsNoExtraNoSeat.spec.ts:221:29[90m)[39m
    at [90mC:\playwright-project\[39msrc\tests\2TipsNoExtraNoSeat.spec.ts:1635:30
    at [90mC:\playwright-project\[39mnode_modules\[4mplaywright[24m\lib\worker\workerMain.js:339:9
    at [90mC:\playwright-project\[39mnode_modules\[4mplaywright[24m\lib\worker\testInfo.js:286:11
    at TimeoutManager.withRunnable [90m(C:\playwright-project\[39mnode_modules\[4mplaywright[24m\lib\worker\timeoutManager.js:64:14[90m)[39m
    at TestInfoImpl._runAsStage [90m(C:\playwright-project\[39mnode_modules\[4mplaywright[24m\lib\worker\testInfo.js:284:7[90m)[39m
    at [90mC:\playwright-project\[39mnode_modules\[4mplaywright[24m\lib\worker\workerMain.js:331:7
    at [90mC:\playwright-project\[39mnode_modules\[4mplaywright[24m\lib\worker\testInfo.js:286:11
    at TimeoutManager.withRunnable [90m(C:\playwright-project\[39mnode_modules\[4mplaywright[24m\lib\worker\timeoutManager.js:52:27[90m)[39m
    at TestInfoImpl._runAsStage [90m(C:\playwright-project\[39mnode_modules\[4mplaywright[24m\lib\worker\testInfo.js:284:7[90m)[39m
    at WorkerMain._runTest [90m(C:\playwright-project\[39mnode_modules\[4mplaywright[24m\lib\worker\workerMain.js:281:5[90m)[39m
    at WorkerMain.runTestGroup [90m(C:\playwright-project\[39mnode_modules\[4mplaywright[24m\lib\worker\workerMain.js:205:11[90m)[39m
    at process.<anonymous> [90m(C:\playwright-project\[39mnode_modules\[4mplaywright[24m\lib\common\process.js:95:22[90m)[39m
]]>
</system-err>
</testcase>
<testcase name="34. Compra 1 adt PremComfort - PremComfort - sin assitence › Ejecución completa con reintentos" classname="2TipsNoExtraNoSeat.spec.ts" time="43.058">
<system-out>
<![CDATA[Ejecución completa, intento 1 de 5
Ejecutando Booking, intento 1
Fecha de salida seleccionada: { year: [32m'2025'[39m, month: [32m'6'[39m, index: [33m4[39m, value: [33m12[39m }
Fecha de regreso seleccionada: { year: [32m'2025'[39m, month: [32m'6'[39m, index: [33m5[39m, value: [33m14[39m }
Ajustando número de pasajeros
Successfully clicked the element: div.price-cabin:has-text("Premium")
Successfully clicked the element: div.price-cabin:has-text("Premium")
Ejecutando fillPassengerAdult 1, intento 1
Ejecutando fillContact, intento 1
Ejecutando payWithCard, intento 1
Iframe encontrado.
Ejecutando payWithCard, intento 1
Ejecutando payWithCard, intento 2
Ejecutando payWithCard, intento 3
]]>
</system-out>
<system-err>
<![CDATA[Confirmation page validation failed: Flight Summary section not found on confirmation page
Intento 1 fallido en payWithCard: Error: Flight Summary section not found on confirmation page
    at validationConfirmPage [90m(C:\playwright-project\[39msrc\page-objects\confirmation.ts:29:19[90m)[39m
[90m    at runNextTicks (node:internal/process/task_queues:65:5)[39m
[90m    at processImmediate (node:internal/timers:459:9)[39m
[90m    at process.callbackTrampoline (node:internal/async_hooks:130:17)[39m
    at validationConfirmationPage [90m(C:\playwright-project\[39msrc\tests\2TipsNoExtraNoSeat.spec.ts:90:3[90m)[39m
    at runWithRetries [90m(C:\playwright-project\[39msrc\tests\2TipsNoExtraNoSeat.spec.ts:121:7[90m)[39m
    at executeTests [90m(C:\playwright-project\[39msrc\tests\2TipsNoExtraNoSeat.spec.ts:221:29[90m)[39m
    at [90mC:\playwright-project\[39msrc\tests\2TipsNoExtraNoSeat.spec.ts:1677:30
    at [90mC:\playwright-project\[39mnode_modules\[4mplaywright[24m\lib\worker\workerMain.js:339:9
    at [90mC:\playwright-project\[39mnode_modules\[4mplaywright[24m\lib\worker\testInfo.js:286:11
    at TimeoutManager.withRunnable [90m(C:\playwright-project\[39mnode_modules\[4mplaywright[24m\lib\worker\timeoutManager.js:64:14[90m)[39m
    at TestInfoImpl._runAsStage [90m(C:\playwright-project\[39mnode_modules\[4mplaywright[24m\lib\worker\testInfo.js:284:7[90m)[39m
    at [90mC:\playwright-project\[39mnode_modules\[4mplaywright[24m\lib\worker\workerMain.js:331:7
    at [90mC:\playwright-project\[39mnode_modules\[4mplaywright[24m\lib\worker\testInfo.js:286:11
    at TimeoutManager.withRunnable [90m(C:\playwright-project\[39mnode_modules\[4mplaywright[24m\lib\worker\timeoutManager.js:52:27[90m)[39m
    at TestInfoImpl._runAsStage [90m(C:\playwright-project\[39mnode_modules\[4mplaywright[24m\lib\worker\testInfo.js:284:7[90m)[39m
    at WorkerMain._runTest [90m(C:\playwright-project\[39mnode_modules\[4mplaywright[24m\lib\worker\workerMain.js:281:5[90m)[39m
    at WorkerMain.runTestGroup [90m(C:\playwright-project\[39mnode_modules\[4mplaywright[24m\lib\worker\workerMain.js:205:11[90m)[39m
    at process.<anonymous> [90m(C:\playwright-project\[39mnode_modules\[4mplaywright[24m\lib\common\process.js:95:22[90m)[39m
Confirmation page validation failed: Not on confirmation page URL
Intento 2 fallido en payWithCard: Error: Not on confirmation page URL
    at validationConfirmPage [90m(C:\playwright-project\[39msrc\page-objects\confirmation.ts:36:19[90m)[39m
    at validationConfirmationPage [90m(C:\playwright-project\[39msrc\tests\2TipsNoExtraNoSeat.spec.ts:90:3[90m)[39m
    at runWithRetries [90m(C:\playwright-project\[39msrc\tests\2TipsNoExtraNoSeat.spec.ts:121:7[90m)[39m
    at executeTests [90m(C:\playwright-project\[39msrc\tests\2TipsNoExtraNoSeat.spec.ts:221:29[90m)[39m
    at [90mC:\playwright-project\[39msrc\tests\2TipsNoExtraNoSeat.spec.ts:1677:30
    at [90mC:\playwright-project\[39mnode_modules\[4mplaywright[24m\lib\worker\workerMain.js:339:9
    at [90mC:\playwright-project\[39mnode_modules\[4mplaywright[24m\lib\worker\testInfo.js:286:11
    at TimeoutManager.withRunnable [90m(C:\playwright-project\[39mnode_modules\[4mplaywright[24m\lib\worker\timeoutManager.js:64:14[90m)[39m
    at TestInfoImpl._runAsStage [90m(C:\playwright-project\[39mnode_modules\[4mplaywright[24m\lib\worker\testInfo.js:284:7[90m)[39m
    at [90mC:\playwright-project\[39mnode_modules\[4mplaywright[24m\lib\worker\workerMain.js:331:7
    at [90mC:\playwright-project\[39mnode_modules\[4mplaywright[24m\lib\worker\testInfo.js:286:11
    at TimeoutManager.withRunnable [90m(C:\playwright-project\[39mnode_modules\[4mplaywright[24m\lib\worker\timeoutManager.js:52:27[90m)[39m
    at TestInfoImpl._runAsStage [90m(C:\playwright-project\[39mnode_modules\[4mplaywright[24m\lib\worker\testInfo.js:284:7[90m)[39m
    at WorkerMain._runTest [90m(C:\playwright-project\[39mnode_modules\[4mplaywright[24m\lib\worker\workerMain.js:281:5[90m)[39m
    at WorkerMain.runTestGroup [90m(C:\playwright-project\[39mnode_modules\[4mplaywright[24m\lib\worker\workerMain.js:205:11[90m)[39m
    at process.<anonymous> [90m(C:\playwright-project\[39mnode_modules\[4mplaywright[24m\lib\common\process.js:95:22[90m)[39m
]]>
</system-err>
</testcase>
<testcase name="35. Compra 1 adt PremComfort - PremExtra - sin assitence › Ejecución completa con reintentos" classname="2TipsNoExtraNoSeat.spec.ts" time="34.829">
<system-out>
<![CDATA[Ejecución completa, intento 1 de 5
Ejecutando Booking, intento 1
Fecha de salida seleccionada: { year: [32m'2025'[39m, month: [32m'6'[39m, index: [33m5[39m, value: [33m14[39m }
Fecha de regreso seleccionada: { year: [32m'2025'[39m, month: [32m'6'[39m, index: [33m6[39m, value: [33m17[39m }
Ajustando número de pasajeros
Successfully clicked the element: div.price-cabin:has-text("Premium")
Successfully clicked the element: div.price-cabin:has-text("Premium")
Ejecutando fillPassengerAdult 1, intento 1
Ejecutando fillContact, intento 1
Ejecutando payWithCard, intento 1
Iframe encontrado.
Ejecutando payWithCard, intento 1
Ejecutando payWithCard, intento 2
Ejecutando payWithCard, intento 3
]]>
</system-out>
<system-err>
<![CDATA[Confirmation page validation failed: Flight Summary section not found on confirmation page
Intento 1 fallido en payWithCard: Error: Flight Summary section not found on confirmation page
    at validationConfirmPage [90m(C:\playwright-project\[39msrc\page-objects\confirmation.ts:29:19[90m)[39m
[90m    at runNextTicks (node:internal/process/task_queues:65:5)[39m
[90m    at processImmediate (node:internal/timers:459:9)[39m
[90m    at process.callbackTrampoline (node:internal/async_hooks:130:17)[39m
    at validationConfirmationPage [90m(C:\playwright-project\[39msrc\tests\2TipsNoExtraNoSeat.spec.ts:90:3[90m)[39m
    at runWithRetries [90m(C:\playwright-project\[39msrc\tests\2TipsNoExtraNoSeat.spec.ts:121:7[90m)[39m
    at executeTests [90m(C:\playwright-project\[39msrc\tests\2TipsNoExtraNoSeat.spec.ts:221:29[90m)[39m
    at [90mC:\playwright-project\[39msrc\tests\2TipsNoExtraNoSeat.spec.ts:1720:30
    at [90mC:\playwright-project\[39mnode_modules\[4mplaywright[24m\lib\worker\workerMain.js:339:9
    at [90mC:\playwright-project\[39mnode_modules\[4mplaywright[24m\lib\worker\testInfo.js:286:11
    at TimeoutManager.withRunnable [90m(C:\playwright-project\[39mnode_modules\[4mplaywright[24m\lib\worker\timeoutManager.js:64:14[90m)[39m
    at TestInfoImpl._runAsStage [90m(C:\playwright-project\[39mnode_modules\[4mplaywright[24m\lib\worker\testInfo.js:284:7[90m)[39m
    at [90mC:\playwright-project\[39mnode_modules\[4mplaywright[24m\lib\worker\workerMain.js:331:7
    at [90mC:\playwright-project\[39mnode_modules\[4mplaywright[24m\lib\worker\testInfo.js:286:11
    at TimeoutManager.withRunnable [90m(C:\playwright-project\[39mnode_modules\[4mplaywright[24m\lib\worker\timeoutManager.js:52:27[90m)[39m
    at TestInfoImpl._runAsStage [90m(C:\playwright-project\[39mnode_modules\[4mplaywright[24m\lib\worker\testInfo.js:284:7[90m)[39m
    at WorkerMain._runTest [90m(C:\playwright-project\[39mnode_modules\[4mplaywright[24m\lib\worker\workerMain.js:281:5[90m)[39m
    at WorkerMain.runTestGroup [90m(C:\playwright-project\[39mnode_modules\[4mplaywright[24m\lib\worker\workerMain.js:205:11[90m)[39m
    at process.<anonymous> [90m(C:\playwright-project\[39mnode_modules\[4mplaywright[24m\lib\common\process.js:95:22[90m)[39m
Confirmation page validation failed: Not on confirmation page URL
Intento 2 fallido en payWithCard: Error: Not on confirmation page URL
    at validationConfirmPage [90m(C:\playwright-project\[39msrc\page-objects\confirmation.ts:36:19[90m)[39m
    at validationConfirmationPage [90m(C:\playwright-project\[39msrc\tests\2TipsNoExtraNoSeat.spec.ts:90:3[90m)[39m
    at runWithRetries [90m(C:\playwright-project\[39msrc\tests\2TipsNoExtraNoSeat.spec.ts:121:7[90m)[39m
    at executeTests [90m(C:\playwright-project\[39msrc\tests\2TipsNoExtraNoSeat.spec.ts:221:29[90m)[39m
    at [90mC:\playwright-project\[39msrc\tests\2TipsNoExtraNoSeat.spec.ts:1720:30
    at [90mC:\playwright-project\[39mnode_modules\[4mplaywright[24m\lib\worker\workerMain.js:339:9
    at [90mC:\playwright-project\[39mnode_modules\[4mplaywright[24m\lib\worker\testInfo.js:286:11
    at TimeoutManager.withRunnable [90m(C:\playwright-project\[39mnode_modules\[4mplaywright[24m\lib\worker\timeoutManager.js:64:14[90m)[39m
    at TestInfoImpl._runAsStage [90m(C:\playwright-project\[39mnode_modules\[4mplaywright[24m\lib\worker\testInfo.js:284:7[90m)[39m
    at [90mC:\playwright-project\[39mnode_modules\[4mplaywright[24m\lib\worker\workerMain.js:331:7
    at [90mC:\playwright-project\[39mnode_modules\[4mplaywright[24m\lib\worker\testInfo.js:286:11
    at TimeoutManager.withRunnable [90m(C:\playwright-project\[39mnode_modules\[4mplaywright[24m\lib\worker\timeoutManager.js:52:27[90m)[39m
    at TestInfoImpl._runAsStage [90m(C:\playwright-project\[39mnode_modules\[4mplaywright[24m\lib\worker\testInfo.js:284:7[90m)[39m
    at WorkerMain._runTest [90m(C:\playwright-project\[39mnode_modules\[4mplaywright[24m\lib\worker\workerMain.js:281:5[90m)[39m
    at WorkerMain.runTestGroup [90m(C:\playwright-project\[39mnode_modules\[4mplaywright[24m\lib\worker\workerMain.js:205:11[90m)[39m
    at process.<anonymous> [90m(C:\playwright-project\[39mnode_modules\[4mplaywright[24m\lib\common\process.js:95:22[90m)[39m
]]>
</system-err>
</testcase>
<testcase name="36. Compra 1 adt PremExtra - Eco Light - sin assitence › Ejecución completa con reintentos" classname="2TipsNoExtraNoSeat.spec.ts" time="33.899">
<system-out>
<![CDATA[Ejecución completa, intento 1 de 5
Ejecutando Booking, intento 1
Fecha de salida seleccionada: { year: [32m'2025'[39m, month: [32m'5'[39m, index: [33m11[39m, value: [33m27[39m }
Fecha de regreso seleccionada: { year: [32m'2025'[39m, month: [32m'5'[39m, index: [33m12[39m, value: [33m29[39m }
Ajustando número de pasajeros
Successfully clicked the element: div.price-cabin:has-text("Premium")
Successfully clicked the element: div.price-cabin:has-text("Economy")
Ejecutando fillPassengerAdult 1, intento 1
Ejecutando fillContact, intento 1
Ejecutando payWithCard, intento 1
Iframe encontrado.
Ejecutando payWithCard, intento 1
Ejecutando payWithCard, intento 2
Ejecutando payWithCard, intento 3
]]>
</system-out>
<system-err>
<![CDATA[Confirmation page validation failed: Flight Summary section not found on confirmation page
Intento 1 fallido en payWithCard: Error: Flight Summary section not found on confirmation page
    at validationConfirmPage [90m(C:\playwright-project\[39msrc\page-objects\confirmation.ts:29:19[90m)[39m
[90m    at runNextTicks (node:internal/process/task_queues:65:5)[39m
[90m    at processImmediate (node:internal/timers:459:9)[39m
[90m    at process.callbackTrampoline (node:internal/async_hooks:130:17)[39m
    at validationConfirmationPage [90m(C:\playwright-project\[39msrc\tests\2TipsNoExtraNoSeat.spec.ts:90:3[90m)[39m
    at runWithRetries [90m(C:\playwright-project\[39msrc\tests\2TipsNoExtraNoSeat.spec.ts:121:7[90m)[39m
    at executeTests [90m(C:\playwright-project\[39msrc\tests\2TipsNoExtraNoSeat.spec.ts:221:29[90m)[39m
    at [90mC:\playwright-project\[39msrc\tests\2TipsNoExtraNoSeat.spec.ts:1762:30
    at [90mC:\playwright-project\[39mnode_modules\[4mplaywright[24m\lib\worker\workerMain.js:339:9
    at [90mC:\playwright-project\[39mnode_modules\[4mplaywright[24m\lib\worker\testInfo.js:286:11
    at TimeoutManager.withRunnable [90m(C:\playwright-project\[39mnode_modules\[4mplaywright[24m\lib\worker\timeoutManager.js:64:14[90m)[39m
    at TestInfoImpl._runAsStage [90m(C:\playwright-project\[39mnode_modules\[4mplaywright[24m\lib\worker\testInfo.js:284:7[90m)[39m
    at [90mC:\playwright-project\[39mnode_modules\[4mplaywright[24m\lib\worker\workerMain.js:331:7
    at [90mC:\playwright-project\[39mnode_modules\[4mplaywright[24m\lib\worker\testInfo.js:286:11
    at TimeoutManager.withRunnable [90m(C:\playwright-project\[39mnode_modules\[4mplaywright[24m\lib\worker\timeoutManager.js:52:27[90m)[39m
    at TestInfoImpl._runAsStage [90m(C:\playwright-project\[39mnode_modules\[4mplaywright[24m\lib\worker\testInfo.js:284:7[90m)[39m
    at WorkerMain._runTest [90m(C:\playwright-project\[39mnode_modules\[4mplaywright[24m\lib\worker\workerMain.js:281:5[90m)[39m
    at WorkerMain.runTestGroup [90m(C:\playwright-project\[39mnode_modules\[4mplaywright[24m\lib\worker\workerMain.js:205:11[90m)[39m
    at process.<anonymous> [90m(C:\playwright-project\[39mnode_modules\[4mplaywright[24m\lib\common\process.js:95:22[90m)[39m
Confirmation page validation failed: Not on confirmation page URL
Intento 2 fallido en payWithCard: Error: Not on confirmation page URL
    at validationConfirmPage [90m(C:\playwright-project\[39msrc\page-objects\confirmation.ts:36:19[90m)[39m
    at validationConfirmationPage [90m(C:\playwright-project\[39msrc\tests\2TipsNoExtraNoSeat.spec.ts:90:3[90m)[39m
    at runWithRetries [90m(C:\playwright-project\[39msrc\tests\2TipsNoExtraNoSeat.spec.ts:121:7[90m)[39m
    at executeTests [90m(C:\playwright-project\[39msrc\tests\2TipsNoExtraNoSeat.spec.ts:221:29[90m)[39m
    at [90mC:\playwright-project\[39msrc\tests\2TipsNoExtraNoSeat.spec.ts:1762:30
    at [90mC:\playwright-project\[39mnode_modules\[4mplaywright[24m\lib\worker\workerMain.js:339:9
    at [90mC:\playwright-project\[39mnode_modules\[4mplaywright[24m\lib\worker\testInfo.js:286:11
    at TimeoutManager.withRunnable [90m(C:\playwright-project\[39mnode_modules\[4mplaywright[24m\lib\worker\timeoutManager.js:64:14[90m)[39m
    at TestInfoImpl._runAsStage [90m(C:\playwright-project\[39mnode_modules\[4mplaywright[24m\lib\worker\testInfo.js:284:7[90m)[39m
    at [90mC:\playwright-project\[39mnode_modules\[4mplaywright[24m\lib\worker\workerMain.js:331:7
    at [90mC:\playwright-project\[39mnode_modules\[4mplaywright[24m\lib\worker\testInfo.js:286:11
    at TimeoutManager.withRunnable [90m(C:\playwright-project\[39mnode_modules\[4mplaywright[24m\lib\worker\timeoutManager.js:52:27[90m)[39m
    at TestInfoImpl._runAsStage [90m(C:\playwright-project\[39mnode_modules\[4mplaywright[24m\lib\worker\testInfo.js:284:7[90m)[39m
    at WorkerMain._runTest [90m(C:\playwright-project\[39mnode_modules\[4mplaywright[24m\lib\worker\workerMain.js:281:5[90m)[39m
    at WorkerMain.runTestGroup [90m(C:\playwright-project\[39mnode_modules\[4mplaywright[24m\lib\worker\workerMain.js:205:11[90m)[39m
    at process.<anonymous> [90m(C:\playwright-project\[39mnode_modules\[4mplaywright[24m\lib\common\process.js:95:22[90m)[39m
]]>
</system-err>
</testcase>
<testcase name="37. Compra 1 adt PremExtra - Eco Comfort - sin assitence › Ejecución completa con reintentos" classname="2TipsNoExtraNoSeat.spec.ts" time="74.339">
<system-out>
<![CDATA[Ejecución completa, intento 1 de 5
Ejecutando Booking, intento 1
Fecha de salida seleccionada: { year: [32m'2025'[39m, month: [32m'6'[39m, index: [33m2[39m, value: [33m7[39m }
Fecha de regreso seleccionada: { year: [32m'2025'[39m, month: [32m'6'[39m, index: [33m3[39m, value: [33m10[39m }
Ajustando número de pasajeros
Successfully clicked the element: div.price-cabin:has-text("Premium")
Successfully clicked the element: div.price-cabin:has-text("Economy")
Ejecutando fillPassengerAdult 1, intento 1
Ejecutando fillContact, intento 1
Ejecutando payWithCard, intento 1
Iframe encontrado.
Ejecutando payWithCard, intento 1
Ejecutando payWithCard, intento 2
Ejecutando payWithCard, intento 3
Ejecución completa, intento 2 de 5
Ejecutando Booking, intento 1
Fecha de salida seleccionada: { year: [32m'2025'[39m, month: [32m'6'[39m, index: [33m5[39m, value: [33m14[39m }
Fecha de regreso seleccionada: { year: [32m'2025'[39m, month: [32m'6'[39m, index: [33m6[39m, value: [33m17[39m }
Ajustando número de pasajeros
Successfully clicked the element: div.price-cabin:has-text("Premium")
Successfully clicked the element: div.price-cabin:has-text("Economy")
Ejecutando fillPassengerAdult 1, intento 1
Ejecutando fillContact, intento 1
Ejecutando payWithCard, intento 1
Iframe encontrado.
Ejecutando payWithCard, intento 1
Ejecutando payWithCard, intento 2
Ejecutando payWithCard, intento 3
]]>
</system-out>
<system-err>
<![CDATA[Confirmation page validation failed: Flight Summary section not found on confirmation page
Intento 1 fallido en payWithCard: Error: Flight Summary section not found on confirmation page
    at validationConfirmPage [90m(C:\playwright-project\[39msrc\page-objects\confirmation.ts:29:19[90m)[39m
    at validationConfirmationPage [90m(C:\playwright-project\[39msrc\tests\2TipsNoExtraNoSeat.spec.ts:90:3[90m)[39m
    at runWithRetries [90m(C:\playwright-project\[39msrc\tests\2TipsNoExtraNoSeat.spec.ts:121:7[90m)[39m
    at executeTests [90m(C:\playwright-project\[39msrc\tests\2TipsNoExtraNoSeat.spec.ts:221:29[90m)[39m
    at [90mC:\playwright-project\[39msrc\tests\2TipsNoExtraNoSeat.spec.ts:1805:30
    at [90mC:\playwright-project\[39mnode_modules\[4mplaywright[24m\lib\worker\workerMain.js:339:9
    at [90mC:\playwright-project\[39mnode_modules\[4mplaywright[24m\lib\worker\testInfo.js:286:11
    at TimeoutManager.withRunnable [90m(C:\playwright-project\[39mnode_modules\[4mplaywright[24m\lib\worker\timeoutManager.js:64:14[90m)[39m
    at TestInfoImpl._runAsStage [90m(C:\playwright-project\[39mnode_modules\[4mplaywright[24m\lib\worker\testInfo.js:284:7[90m)[39m
    at [90mC:\playwright-project\[39mnode_modules\[4mplaywright[24m\lib\worker\workerMain.js:331:7
    at [90mC:\playwright-project\[39mnode_modules\[4mplaywright[24m\lib\worker\testInfo.js:286:11
    at TimeoutManager.withRunnable [90m(C:\playwright-project\[39mnode_modules\[4mplaywright[24m\lib\worker\timeoutManager.js:52:27[90m)[39m
    at TestInfoImpl._runAsStage [90m(C:\playwright-project\[39mnode_modules\[4mplaywright[24m\lib\worker\testInfo.js:284:7[90m)[39m
    at WorkerMain._runTest [90m(C:\playwright-project\[39mnode_modules\[4mplaywright[24m\lib\worker\workerMain.js:281:5[90m)[39m
    at WorkerMain.runTestGroup [90m(C:\playwright-project\[39mnode_modules\[4mplaywright[24m\lib\worker\workerMain.js:205:11[90m)[39m
    at process.<anonymous> [90m(C:\playwright-project\[39mnode_modules\[4mplaywright[24m\lib\common\process.js:95:22[90m)[39m
Confirmation page validation failed: Flight Summary section not found on confirmation page
Intento 2 fallido en payWithCard: Error: Flight Summary section not found on confirmation page
    at validationConfirmPage [90m(C:\playwright-project\[39msrc\page-objects\confirmation.ts:29:19[90m)[39m
    at validationConfirmationPage [90m(C:\playwright-project\[39msrc\tests\2TipsNoExtraNoSeat.spec.ts:90:3[90m)[39m
    at runWithRetries [90m(C:\playwright-project\[39msrc\tests\2TipsNoExtraNoSeat.spec.ts:121:7[90m)[39m
    at executeTests [90m(C:\playwright-project\[39msrc\tests\2TipsNoExtraNoSeat.spec.ts:221:29[90m)[39m
    at [90mC:\playwright-project\[39msrc\tests\2TipsNoExtraNoSeat.spec.ts:1805:30
    at [90mC:\playwright-project\[39mnode_modules\[4mplaywright[24m\lib\worker\workerMain.js:339:9
    at [90mC:\playwright-project\[39mnode_modules\[4mplaywright[24m\lib\worker\testInfo.js:286:11
    at TimeoutManager.withRunnable [90m(C:\playwright-project\[39mnode_modules\[4mplaywright[24m\lib\worker\timeoutManager.js:64:14[90m)[39m
    at TestInfoImpl._runAsStage [90m(C:\playwright-project\[39mnode_modules\[4mplaywright[24m\lib\worker\testInfo.js:284:7[90m)[39m
    at [90mC:\playwright-project\[39mnode_modules\[4mplaywright[24m\lib\worker\workerMain.js:331:7
    at [90mC:\playwright-project\[39mnode_modules\[4mplaywright[24m\lib\worker\testInfo.js:286:11
    at TimeoutManager.withRunnable [90m(C:\playwright-project\[39mnode_modules\[4mplaywright[24m\lib\worker\timeoutManager.js:52:27[90m)[39m
    at TestInfoImpl._runAsStage [90m(C:\playwright-project\[39mnode_modules\[4mplaywright[24m\lib\worker\testInfo.js:284:7[90m)[39m
    at WorkerMain._runTest [90m(C:\playwright-project\[39mnode_modules\[4mplaywright[24m\lib\worker\workerMain.js:281:5[90m)[39m
    at WorkerMain.runTestGroup [90m(C:\playwright-project\[39mnode_modules\[4mplaywright[24m\lib\worker\workerMain.js:205:11[90m)[39m
    at process.<anonymous> [90m(C:\playwright-project\[39mnode_modules\[4mplaywright[24m\lib\common\process.js:95:22[90m)[39m
Confirmation page validation failed: Flight Summary section not found on confirmation page
Intento 3 fallido en payWithCard: Error: Flight Summary section not found on confirmation page
    at validationConfirmPage [90m(C:\playwright-project\[39msrc\page-objects\confirmation.ts:29:19[90m)[39m
    at validationConfirmationPage [90m(C:\playwright-project\[39msrc\tests\2TipsNoExtraNoSeat.spec.ts:90:3[90m)[39m
    at runWithRetries [90m(C:\playwright-project\[39msrc\tests\2TipsNoExtraNoSeat.spec.ts:121:7[90m)[39m
    at executeTests [90m(C:\playwright-project\[39msrc\tests\2TipsNoExtraNoSeat.spec.ts:221:29[90m)[39m
    at [90mC:\playwright-project\[39msrc\tests\2TipsNoExtraNoSeat.spec.ts:1805:30
    at [90mC:\playwright-project\[39mnode_modules\[4mplaywright[24m\lib\worker\workerMain.js:339:9
    at [90mC:\playwright-project\[39mnode_modules\[4mplaywright[24m\lib\worker\testInfo.js:286:11
    at TimeoutManager.withRunnable [90m(C:\playwright-project\[39mnode_modules\[4mplaywright[24m\lib\worker\timeoutManager.js:64:14[90m)[39m
    at TestInfoImpl._runAsStage [90m(C:\playwright-project\[39mnode_modules\[4mplaywright[24m\lib\worker\testInfo.js:284:7[90m)[39m
    at [90mC:\playwright-project\[39mnode_modules\[4mplaywright[24m\lib\worker\workerMain.js:331:7
    at [90mC:\playwright-project\[39mnode_modules\[4mplaywright[24m\lib\worker\testInfo.js:286:11
    at TimeoutManager.withRunnable [90m(C:\playwright-project\[39mnode_modules\[4mplaywright[24m\lib\worker\timeoutManager.js:52:27[90m)[39m
    at TestInfoImpl._runAsStage [90m(C:\playwright-project\[39mnode_modules\[4mplaywright[24m\lib\worker\testInfo.js:284:7[90m)[39m
    at WorkerMain._runTest [90m(C:\playwright-project\[39mnode_modules\[4mplaywright[24m\lib\worker\workerMain.js:281:5[90m)[39m
    at WorkerMain.runTestGroup [90m(C:\playwright-project\[39mnode_modules\[4mplaywright[24m\lib\worker\workerMain.js:205:11[90m)[39m
    at process.<anonymous> [90m(C:\playwright-project\[39mnode_modules\[4mplaywright[24m\lib\common\process.js:95:22[90m)[39m
Prueba payWithCard fallida después de 3 intentos.
Confirmation page validation failed: Flight Summary section not found on confirmation page
Intento 1 fallido en payWithCard: Error: Flight Summary section not found on confirmation page
    at validationConfirmPage [90m(C:\playwright-project\[39msrc\page-objects\confirmation.ts:29:19[90m)[39m
[90m    at runNextTicks (node:internal/process/task_queues:65:5)[39m
[90m    at processImmediate (node:internal/timers:459:9)[39m
[90m    at process.callbackTrampoline (node:internal/async_hooks:130:17)[39m
    at validationConfirmationPage [90m(C:\playwright-project\[39msrc\tests\2TipsNoExtraNoSeat.spec.ts:90:3[90m)[39m
    at runWithRetries [90m(C:\playwright-project\[39msrc\tests\2TipsNoExtraNoSeat.spec.ts:121:7[90m)[39m
    at executeTests [90m(C:\playwright-project\[39msrc\tests\2TipsNoExtraNoSeat.spec.ts:221:29[90m)[39m
    at [90mC:\playwright-project\[39msrc\tests\2TipsNoExtraNoSeat.spec.ts:1805:30
    at [90mC:\playwright-project\[39mnode_modules\[4mplaywright[24m\lib\worker\workerMain.js:339:9
    at [90mC:\playwright-project\[39mnode_modules\[4mplaywright[24m\lib\worker\testInfo.js:286:11
    at TimeoutManager.withRunnable [90m(C:\playwright-project\[39mnode_modules\[4mplaywright[24m\lib\worker\timeoutManager.js:64:14[90m)[39m
    at TestInfoImpl._runAsStage [90m(C:\playwright-project\[39mnode_modules\[4mplaywright[24m\lib\worker\testInfo.js:284:7[90m)[39m
    at [90mC:\playwright-project\[39mnode_modules\[4mplaywright[24m\lib\worker\workerMain.js:331:7
    at [90mC:\playwright-project\[39mnode_modules\[4mplaywright[24m\lib\worker\testInfo.js:286:11
    at TimeoutManager.withRunnable [90m(C:\playwright-project\[39mnode_modules\[4mplaywright[24m\lib\worker\timeoutManager.js:52:27[90m)[39m
    at TestInfoImpl._runAsStage [90m(C:\playwright-project\[39mnode_modules\[4mplaywright[24m\lib\worker\testInfo.js:284:7[90m)[39m
    at WorkerMain._runTest [90m(C:\playwright-project\[39mnode_modules\[4mplaywright[24m\lib\worker\workerMain.js:281:5[90m)[39m
    at WorkerMain.runTestGroup [90m(C:\playwright-project\[39mnode_modules\[4mplaywright[24m\lib\worker\workerMain.js:205:11[90m)[39m
    at process.<anonymous> [90m(C:\playwright-project\[39mnode_modules\[4mplaywright[24m\lib\common\process.js:95:22[90m)[39m
Confirmation page validation failed: Not on confirmation page URL
Intento 2 fallido en payWithCard: Error: Not on confirmation page URL
    at validationConfirmPage [90m(C:\playwright-project\[39msrc\page-objects\confirmation.ts:36:19[90m)[39m
[90m    at runNextTicks (node:internal/process/task_queues:65:5)[39m
[90m    at processImmediate (node:internal/timers:459:9)[39m
[90m    at process.callbackTrampoline (node:internal/async_hooks:130:17)[39m
    at validationConfirmationPage [90m(C:\playwright-project\[39msrc\tests\2TipsNoExtraNoSeat.spec.ts:90:3[90m)[39m
    at runWithRetries [90m(C:\playwright-project\[39msrc\tests\2TipsNoExtraNoSeat.spec.ts:121:7[90m)[39m
    at executeTests [90m(C:\playwright-project\[39msrc\tests\2TipsNoExtraNoSeat.spec.ts:221:29[90m)[39m
    at [90mC:\playwright-project\[39msrc\tests\2TipsNoExtraNoSeat.spec.ts:1805:30
    at [90mC:\playwright-project\[39mnode_modules\[4mplaywright[24m\lib\worker\workerMain.js:339:9
    at [90mC:\playwright-project\[39mnode_modules\[4mplaywright[24m\lib\worker\testInfo.js:286:11
    at TimeoutManager.withRunnable [90m(C:\playwright-project\[39mnode_modules\[4mplaywright[24m\lib\worker\timeoutManager.js:64:14[90m)[39m
    at TestInfoImpl._runAsStage [90m(C:\playwright-project\[39mnode_modules\[4mplaywright[24m\lib\worker\testInfo.js:284:7[90m)[39m
    at [90mC:\playwright-project\[39mnode_modules\[4mplaywright[24m\lib\worker\workerMain.js:331:7
    at [90mC:\playwright-project\[39mnode_modules\[4mplaywright[24m\lib\worker\testInfo.js:286:11
    at TimeoutManager.withRunnable [90m(C:\playwright-project\[39mnode_modules\[4mplaywright[24m\lib\worker\timeoutManager.js:52:27[90m)[39m
    at TestInfoImpl._runAsStage [90m(C:\playwright-project\[39mnode_modules\[4mplaywright[24m\lib\worker\testInfo.js:284:7[90m)[39m
    at WorkerMain._runTest [90m(C:\playwright-project\[39mnode_modules\[4mplaywright[24m\lib\worker\workerMain.js:281:5[90m)[39m
    at WorkerMain.runTestGroup [90m(C:\playwright-project\[39mnode_modules\[4mplaywright[24m\lib\worker\workerMain.js:205:11[90m)[39m
    at process.<anonymous> [90m(C:\playwright-project\[39mnode_modules\[4mplaywright[24m\lib\common\process.js:95:22[90m)[39m
]]>
</system-err>
</testcase>
<testcase name="38. Compra 1 adt PremExtra - Eco Extra - sin assitence › Ejecución completa con reintentos" classname="2TipsNoExtraNoSeat.spec.ts" time="75.262">
<system-out>
<![CDATA[Ejecución completa, intento 1 de 5
Ejecutando Booking, intento 1
Fecha de salida seleccionada: { year: [32m'2025'[39m, month: [32m'5'[39m, index: [33m11[39m, value: [33m27[39m }
Fecha de regreso seleccionada: { year: [32m'2025'[39m, month: [32m'5'[39m, index: [33m12[39m, value: [33m29[39m }
Ajustando número de pasajeros
Successfully clicked the element: div.price-cabin:has-text("Premium")
Successfully clicked the element: div.price-cabin:has-text("Economy")
Ejecutando fillPassengerAdult 1, intento 1
Ejecutando fillContact, intento 1
Ejecutando payWithCard, intento 1
Iframe encontrado.
Ejecutando payWithCard, intento 1
Ejecutando payWithCard, intento 2
Ejecutando payWithCard, intento 3
Ejecución completa, intento 2 de 5
Ejecutando Booking, intento 1
Fecha de salida seleccionada: { year: [32m'2025'[39m, month: [32m'6'[39m, index: [33m5[39m, value: [33m14[39m }
Fecha de regreso seleccionada: { year: [32m'2025'[39m, month: [32m'6'[39m, index: [33m6[39m, value: [33m17[39m }
Ajustando número de pasajeros
Successfully clicked the element: div.price-cabin:has-text("Premium")
Successfully clicked the element: div.price-cabin:has-text("Economy")
Ejecutando fillPassengerAdult 1, intento 1
Ejecutando fillContact, intento 1
Ejecutando payWithCard, intento 1
Iframe encontrado.
Ejecutando payWithCard, intento 1
Ejecutando payWithCard, intento 2
Ejecutando payWithCard, intento 3
]]>
</system-out>
<system-err>
<![CDATA[Confirmation page validation failed: Flight Summary section not found on confirmation page
Intento 1 fallido en payWithCard: Error: Flight Summary section not found on confirmation page
    at validationConfirmPage [90m(C:\playwright-project\[39msrc\page-objects\confirmation.ts:29:19[90m)[39m
    at validationConfirmationPage [90m(C:\playwright-project\[39msrc\tests\2TipsNoExtraNoSeat.spec.ts:90:3[90m)[39m
    at runWithRetries [90m(C:\playwright-project\[39msrc\tests\2TipsNoExtraNoSeat.spec.ts:121:7[90m)[39m
    at executeTests [90m(C:\playwright-project\[39msrc\tests\2TipsNoExtraNoSeat.spec.ts:221:29[90m)[39m
    at [90mC:\playwright-project\[39msrc\tests\2TipsNoExtraNoSeat.spec.ts:1848:30
    at [90mC:\playwright-project\[39mnode_modules\[4mplaywright[24m\lib\worker\workerMain.js:339:9
    at [90mC:\playwright-project\[39mnode_modules\[4mplaywright[24m\lib\worker\testInfo.js:286:11
    at TimeoutManager.withRunnable [90m(C:\playwright-project\[39mnode_modules\[4mplaywright[24m\lib\worker\timeoutManager.js:64:14[90m)[39m
    at TestInfoImpl._runAsStage [90m(C:\playwright-project\[39mnode_modules\[4mplaywright[24m\lib\worker\testInfo.js:284:7[90m)[39m
    at [90mC:\playwright-project\[39mnode_modules\[4mplaywright[24m\lib\worker\workerMain.js:331:7
    at [90mC:\playwright-project\[39mnode_modules\[4mplaywright[24m\lib\worker\testInfo.js:286:11
    at TimeoutManager.withRunnable [90m(C:\playwright-project\[39mnode_modules\[4mplaywright[24m\lib\worker\timeoutManager.js:52:27[90m)[39m
    at TestInfoImpl._runAsStage [90m(C:\playwright-project\[39mnode_modules\[4mplaywright[24m\lib\worker\testInfo.js:284:7[90m)[39m
    at WorkerMain._runTest [90m(C:\playwright-project\[39mnode_modules\[4mplaywright[24m\lib\worker\workerMain.js:281:5[90m)[39m
    at WorkerMain.runTestGroup [90m(C:\playwright-project\[39mnode_modules\[4mplaywright[24m\lib\worker\workerMain.js:205:11[90m)[39m
    at process.<anonymous> [90m(C:\playwright-project\[39mnode_modules\[4mplaywright[24m\lib\common\process.js:95:22[90m)[39m
Confirmation page validation failed: Flight Summary section not found on confirmation page
Intento 2 fallido en payWithCard: Error: Flight Summary section not found on confirmation page
    at validationConfirmPage [90m(C:\playwright-project\[39msrc\page-objects\confirmation.ts:29:19[90m)[39m
    at validationConfirmationPage [90m(C:\playwright-project\[39msrc\tests\2TipsNoExtraNoSeat.spec.ts:90:3[90m)[39m
    at runWithRetries [90m(C:\playwright-project\[39msrc\tests\2TipsNoExtraNoSeat.spec.ts:121:7[90m)[39m
    at executeTests [90m(C:\playwright-project\[39msrc\tests\2TipsNoExtraNoSeat.spec.ts:221:29[90m)[39m
    at [90mC:\playwright-project\[39msrc\tests\2TipsNoExtraNoSeat.spec.ts:1848:30
    at [90mC:\playwright-project\[39mnode_modules\[4mplaywright[24m\lib\worker\workerMain.js:339:9
    at [90mC:\playwright-project\[39mnode_modules\[4mplaywright[24m\lib\worker\testInfo.js:286:11
    at TimeoutManager.withRunnable [90m(C:\playwright-project\[39mnode_modules\[4mplaywright[24m\lib\worker\timeoutManager.js:64:14[90m)[39m
    at TestInfoImpl._runAsStage [90m(C:\playwright-project\[39mnode_modules\[4mplaywright[24m\lib\worker\testInfo.js:284:7[90m)[39m
    at [90mC:\playwright-project\[39mnode_modules\[4mplaywright[24m\lib\worker\workerMain.js:331:7
    at [90mC:\playwright-project\[39mnode_modules\[4mplaywright[24m\lib\worker\testInfo.js:286:11
    at TimeoutManager.withRunnable [90m(C:\playwright-project\[39mnode_modules\[4mplaywright[24m\lib\worker\timeoutManager.js:52:27[90m)[39m
    at TestInfoImpl._runAsStage [90m(C:\playwright-project\[39mnode_modules\[4mplaywright[24m\lib\worker\testInfo.js:284:7[90m)[39m
    at WorkerMain._runTest [90m(C:\playwright-project\[39mnode_modules\[4mplaywright[24m\lib\worker\workerMain.js:281:5[90m)[39m
    at WorkerMain.runTestGroup [90m(C:\playwright-project\[39mnode_modules\[4mplaywright[24m\lib\worker\workerMain.js:205:11[90m)[39m
    at process.<anonymous> [90m(C:\playwright-project\[39mnode_modules\[4mplaywright[24m\lib\common\process.js:95:22[90m)[39m
Confirmation page validation failed: Flight Summary section not found on confirmation page
Intento 3 fallido en payWithCard: Error: Flight Summary section not found on confirmation page
    at validationConfirmPage [90m(C:\playwright-project\[39msrc\page-objects\confirmation.ts:29:19[90m)[39m
    at validationConfirmationPage [90m(C:\playwright-project\[39msrc\tests\2TipsNoExtraNoSeat.spec.ts:90:3[90m)[39m
    at runWithRetries [90m(C:\playwright-project\[39msrc\tests\2TipsNoExtraNoSeat.spec.ts:121:7[90m)[39m
    at executeTests [90m(C:\playwright-project\[39msrc\tests\2TipsNoExtraNoSeat.spec.ts:221:29[90m)[39m
    at [90mC:\playwright-project\[39msrc\tests\2TipsNoExtraNoSeat.spec.ts:1848:30
    at [90mC:\playwright-project\[39mnode_modules\[4mplaywright[24m\lib\worker\workerMain.js:339:9
    at [90mC:\playwright-project\[39mnode_modules\[4mplaywright[24m\lib\worker\testInfo.js:286:11
    at TimeoutManager.withRunnable [90m(C:\playwright-project\[39mnode_modules\[4mplaywright[24m\lib\worker\timeoutManager.js:64:14[90m)[39m
    at TestInfoImpl._runAsStage [90m(C:\playwright-project\[39mnode_modules\[4mplaywright[24m\lib\worker\testInfo.js:284:7[90m)[39m
    at [90mC:\playwright-project\[39mnode_modules\[4mplaywright[24m\lib\worker\workerMain.js:331:7
    at [90mC:\playwright-project\[39mnode_modules\[4mplaywright[24m\lib\worker\testInfo.js:286:11
    at TimeoutManager.withRunnable [90m(C:\playwright-project\[39mnode_modules\[4mplaywright[24m\lib\worker\timeoutManager.js:52:27[90m)[39m
    at TestInfoImpl._runAsStage [90m(C:\playwright-project\[39mnode_modules\[4mplaywright[24m\lib\worker\testInfo.js:284:7[90m)[39m
    at WorkerMain._runTest [90m(C:\playwright-project\[39mnode_modules\[4mplaywright[24m\lib\worker\workerMain.js:281:5[90m)[39m
    at WorkerMain.runTestGroup [90m(C:\playwright-project\[39mnode_modules\[4mplaywright[24m\lib\worker\workerMain.js:205:11[90m)[39m
    at process.<anonymous> [90m(C:\playwright-project\[39mnode_modules\[4mplaywright[24m\lib\common\process.js:95:22[90m)[39m
Prueba payWithCard fallida después de 3 intentos.
Confirmation page validation failed: Flight Summary section not found on confirmation page
Intento 1 fallido en payWithCard: Error: Flight Summary section not found on confirmation page
    at validationConfirmPage [90m(C:\playwright-project\[39msrc\page-objects\confirmation.ts:29:19[90m)[39m
[90m    at runNextTicks (node:internal/process/task_queues:65:5)[39m
[90m    at processImmediate (node:internal/timers:459:9)[39m
[90m    at process.callbackTrampoline (node:internal/async_hooks:130:17)[39m
    at validationConfirmationPage [90m(C:\playwright-project\[39msrc\tests\2TipsNoExtraNoSeat.spec.ts:90:3[90m)[39m
    at runWithRetries [90m(C:\playwright-project\[39msrc\tests\2TipsNoExtraNoSeat.spec.ts:121:7[90m)[39m
    at executeTests [90m(C:\playwright-project\[39msrc\tests\2TipsNoExtraNoSeat.spec.ts:221:29[90m)[39m
    at [90mC:\playwright-project\[39msrc\tests\2TipsNoExtraNoSeat.spec.ts:1848:30
    at [90mC:\playwright-project\[39mnode_modules\[4mplaywright[24m\lib\worker\workerMain.js:339:9
    at [90mC:\playwright-project\[39mnode_modules\[4mplaywright[24m\lib\worker\testInfo.js:286:11
    at TimeoutManager.withRunnable [90m(C:\playwright-project\[39mnode_modules\[4mplaywright[24m\lib\worker\timeoutManager.js:64:14[90m)[39m
    at TestInfoImpl._runAsStage [90m(C:\playwright-project\[39mnode_modules\[4mplaywright[24m\lib\worker\testInfo.js:284:7[90m)[39m
    at [90mC:\playwright-project\[39mnode_modules\[4mplaywright[24m\lib\worker\workerMain.js:331:7
    at [90mC:\playwright-project\[39mnode_modules\[4mplaywright[24m\lib\worker\testInfo.js:286:11
    at TimeoutManager.withRunnable [90m(C:\playwright-project\[39mnode_modules\[4mplaywright[24m\lib\worker\timeoutManager.js:52:27[90m)[39m
    at TestInfoImpl._runAsStage [90m(C:\playwright-project\[39mnode_modules\[4mplaywright[24m\lib\worker\testInfo.js:284:7[90m)[39m
    at WorkerMain._runTest [90m(C:\playwright-project\[39mnode_modules\[4mplaywright[24m\lib\worker\workerMain.js:281:5[90m)[39m
    at WorkerMain.runTestGroup [90m(C:\playwright-project\[39mnode_modules\[4mplaywright[24m\lib\worker\workerMain.js:205:11[90m)[39m
    at process.<anonymous> [90m(C:\playwright-project\[39mnode_modules\[4mplaywright[24m\lib\common\process.js:95:22[90m)[39m
Confirmation page validation failed: Not on confirmation page URL
Intento 2 fallido en payWithCard: Error: Not on confirmation page URL
    at validationConfirmPage [90m(C:\playwright-project\[39msrc\page-objects\confirmation.ts:36:19[90m)[39m
[90m    at runNextTicks (node:internal/process/task_queues:65:5)[39m
[90m    at processImmediate (node:internal/timers:459:9)[39m
[90m    at process.callbackTrampoline (node:internal/async_hooks:130:17)[39m
    at validationConfirmationPage [90m(C:\playwright-project\[39msrc\tests\2TipsNoExtraNoSeat.spec.ts:90:3[90m)[39m
    at runWithRetries [90m(C:\playwright-project\[39msrc\tests\2TipsNoExtraNoSeat.spec.ts:121:7[90m)[39m
    at executeTests [90m(C:\playwright-project\[39msrc\tests\2TipsNoExtraNoSeat.spec.ts:221:29[90m)[39m
    at [90mC:\playwright-project\[39msrc\tests\2TipsNoExtraNoSeat.spec.ts:1848:30
    at [90mC:\playwright-project\[39mnode_modules\[4mplaywright[24m\lib\worker\workerMain.js:339:9
    at [90mC:\playwright-project\[39mnode_modules\[4mplaywright[24m\lib\worker\testInfo.js:286:11
    at TimeoutManager.withRunnable [90m(C:\playwright-project\[39mnode_modules\[4mplaywright[24m\lib\worker\timeoutManager.js:64:14[90m)[39m
    at TestInfoImpl._runAsStage [90m(C:\playwright-project\[39mnode_modules\[4mplaywright[24m\lib\worker\testInfo.js:284:7[90m)[39m
    at [90mC:\playwright-project\[39mnode_modules\[4mplaywright[24m\lib\worker\workerMain.js:331:7
    at [90mC:\playwright-project\[39mnode_modules\[4mplaywright[24m\lib\worker\testInfo.js:286:11
    at TimeoutManager.withRunnable [90m(C:\playwright-project\[39mnode_modules\[4mplaywright[24m\lib\worker\timeoutManager.js:52:27[90m)[39m
    at TestInfoImpl._runAsStage [90m(C:\playwright-project\[39mnode_modules\[4mplaywright[24m\lib\worker\testInfo.js:284:7[90m)[39m
    at WorkerMain._runTest [90m(C:\playwright-project\[39mnode_modules\[4mplaywright[24m\lib\worker\workerMain.js:281:5[90m)[39m
    at WorkerMain.runTestGroup [90m(C:\playwright-project\[39mnode_modules\[4mplaywright[24m\lib\worker\workerMain.js:205:11[90m)[39m
    at process.<anonymous> [90m(C:\playwright-project\[39mnode_modules\[4mplaywright[24m\lib\common\process.js:95:22[90m)[39m
]]>
</system-err>
</testcase>
<testcase name="39. Compra 1 adt PremExtra - PremLight - sin assitence › Ejecución completa con reintentos" classname="2TipsNoExtraNoSeat.spec.ts" time="42.939">
<system-out>
<![CDATA[Ejecución completa, intento 1 de 5
Ejecutando Booking, intento 1
Fecha de salida seleccionada: { year: [32m'2025'[39m, month: [32m'6'[39m, index: [33m1[39m, value: [33m5[39m }
Fecha de regreso seleccionada: { year: [32m'2025'[39m, month: [32m'6'[39m, index: [33m2[39m, value: [33m7[39m }
Ajustando número de pasajeros
Successfully clicked the element: div.price-cabin:has-text("Premium")
Successfully clicked the element: div.price-cabin:has-text("Premium")
Ejecutando fillPassengerAdult 1, intento 1
Ejecutando fillContact, intento 1
Ejecutando payWithCard, intento 1
Iframe encontrado.
Ejecutando payWithCard, intento 1
Ejecutando payWithCard, intento 2
Ejecutando payWithCard, intento 3
]]>
</system-out>
<system-err>
<![CDATA[Confirmation page validation failed: Flight Summary section not found on confirmation page
Intento 1 fallido en payWithCard: Error: Flight Summary section not found on confirmation page
    at validationConfirmPage [90m(C:\playwright-project\[39msrc\page-objects\confirmation.ts:29:19[90m)[39m
[90m    at runNextTicks (node:internal/process/task_queues:65:5)[39m
[90m    at processImmediate (node:internal/timers:459:9)[39m
[90m    at process.callbackTrampoline (node:internal/async_hooks:130:17)[39m
    at validationConfirmationPage [90m(C:\playwright-project\[39msrc\tests\2TipsNoExtraNoSeat.spec.ts:90:3[90m)[39m
    at runWithRetries [90m(C:\playwright-project\[39msrc\tests\2TipsNoExtraNoSeat.spec.ts:121:7[90m)[39m
    at executeTests [90m(C:\playwright-project\[39msrc\tests\2TipsNoExtraNoSeat.spec.ts:221:29[90m)[39m
    at [90mC:\playwright-project\[39msrc\tests\2TipsNoExtraNoSeat.spec.ts:1891:30
    at [90mC:\playwright-project\[39mnode_modules\[4mplaywright[24m\lib\worker\workerMain.js:339:9
    at [90mC:\playwright-project\[39mnode_modules\[4mplaywright[24m\lib\worker\testInfo.js:286:11
    at TimeoutManager.withRunnable [90m(C:\playwright-project\[39mnode_modules\[4mplaywright[24m\lib\worker\timeoutManager.js:64:14[90m)[39m
    at TestInfoImpl._runAsStage [90m(C:\playwright-project\[39mnode_modules\[4mplaywright[24m\lib\worker\testInfo.js:284:7[90m)[39m
    at [90mC:\playwright-project\[39mnode_modules\[4mplaywright[24m\lib\worker\workerMain.js:331:7
    at [90mC:\playwright-project\[39mnode_modules\[4mplaywright[24m\lib\worker\testInfo.js:286:11
    at TimeoutManager.withRunnable [90m(C:\playwright-project\[39mnode_modules\[4mplaywright[24m\lib\worker\timeoutManager.js:52:27[90m)[39m
    at TestInfoImpl._runAsStage [90m(C:\playwright-project\[39mnode_modules\[4mplaywright[24m\lib\worker\testInfo.js:284:7[90m)[39m
    at WorkerMain._runTest [90m(C:\playwright-project\[39mnode_modules\[4mplaywright[24m\lib\worker\workerMain.js:281:5[90m)[39m
    at WorkerMain.runTestGroup [90m(C:\playwright-project\[39mnode_modules\[4mplaywright[24m\lib\worker\workerMain.js:205:11[90m)[39m
    at process.<anonymous> [90m(C:\playwright-project\[39mnode_modules\[4mplaywright[24m\lib\common\process.js:95:22[90m)[39m
Confirmation page validation failed: Not on confirmation page URL
Intento 2 fallido en payWithCard: Error: Not on confirmation page URL
    at validationConfirmPage [90m(C:\playwright-project\[39msrc\page-objects\confirmation.ts:36:19[90m)[39m
    at validationConfirmationPage [90m(C:\playwright-project\[39msrc\tests\2TipsNoExtraNoSeat.spec.ts:90:3[90m)[39m
    at runWithRetries [90m(C:\playwright-project\[39msrc\tests\2TipsNoExtraNoSeat.spec.ts:121:7[90m)[39m
    at executeTests [90m(C:\playwright-project\[39msrc\tests\2TipsNoExtraNoSeat.spec.ts:221:29[90m)[39m
    at [90mC:\playwright-project\[39msrc\tests\2TipsNoExtraNoSeat.spec.ts:1891:30
    at [90mC:\playwright-project\[39mnode_modules\[4mplaywright[24m\lib\worker\workerMain.js:339:9
    at [90mC:\playwright-project\[39mnode_modules\[4mplaywright[24m\lib\worker\testInfo.js:286:11
    at TimeoutManager.withRunnable [90m(C:\playwright-project\[39mnode_modules\[4mplaywright[24m\lib\worker\timeoutManager.js:64:14[90m)[39m
    at TestInfoImpl._runAsStage [90m(C:\playwright-project\[39mnode_modules\[4mplaywright[24m\lib\worker\testInfo.js:284:7[90m)[39m
    at [90mC:\playwright-project\[39mnode_modules\[4mplaywright[24m\lib\worker\workerMain.js:331:7
    at [90mC:\playwright-project\[39mnode_modules\[4mplaywright[24m\lib\worker\testInfo.js:286:11
    at TimeoutManager.withRunnable [90m(C:\playwright-project\[39mnode_modules\[4mplaywright[24m\lib\worker\timeoutManager.js:52:27[90m)[39m
    at TestInfoImpl._runAsStage [90m(C:\playwright-project\[39mnode_modules\[4mplaywright[24m\lib\worker\testInfo.js:284:7[90m)[39m
    at WorkerMain._runTest [90m(C:\playwright-project\[39mnode_modules\[4mplaywright[24m\lib\worker\workerMain.js:281:5[90m)[39m
    at WorkerMain.runTestGroup [90m(C:\playwright-project\[39mnode_modules\[4mplaywright[24m\lib\worker\workerMain.js:205:11[90m)[39m
    at process.<anonymous> [90m(C:\playwright-project\[39mnode_modules\[4mplaywright[24m\lib\common\process.js:95:22[90m)[39m
]]>
</system-err>
</testcase>
<testcase name="40. Compra 1 adt PremExtra - PremComfort - sin assitence › Ejecución completa con reintentos" classname="2TipsNoExtraNoSeat.spec.ts" time="42.565">
<system-out>
<![CDATA[Ejecución completa, intento 1 de 5
Ejecutando Booking, intento 1
Fecha de salida seleccionada: { year: [32m'2025'[39m, month: [32m'6'[39m, index: [33m0[39m, value: [33m3[39m }
Fecha de regreso seleccionada: { year: [32m'2025'[39m, month: [32m'6'[39m, index: [33m1[39m, value: [33m5[39m }
Ajustando número de pasajeros
Successfully clicked the element: div.price-cabin:has-text("Premium")
Successfully clicked the element: div.price-cabin:has-text("Premium")
Ejecutando fillPassengerAdult 1, intento 1
Ejecutando fillContact, intento 1
Ejecutando payWithCard, intento 1
Iframe encontrado.
Ejecutando payWithCard, intento 1
Ejecutando payWithCard, intento 2
Ejecutando payWithCard, intento 3
]]>
</system-out>
<system-err>
<![CDATA[Confirmation page validation failed: Flight Summary section not found on confirmation page
Intento 1 fallido en payWithCard: Error: Flight Summary section not found on confirmation page
    at validationConfirmPage [90m(C:\playwright-project\[39msrc\page-objects\confirmation.ts:29:19[90m)[39m
[90m    at runNextTicks (node:internal/process/task_queues:65:5)[39m
[90m    at processImmediate (node:internal/timers:459:9)[39m
[90m    at process.callbackTrampoline (node:internal/async_hooks:130:17)[39m
    at validationConfirmationPage [90m(C:\playwright-project\[39msrc\tests\2TipsNoExtraNoSeat.spec.ts:90:3[90m)[39m
    at runWithRetries [90m(C:\playwright-project\[39msrc\tests\2TipsNoExtraNoSeat.spec.ts:121:7[90m)[39m
    at executeTests [90m(C:\playwright-project\[39msrc\tests\2TipsNoExtraNoSeat.spec.ts:221:29[90m)[39m
    at [90mC:\playwright-project\[39msrc\tests\2TipsNoExtraNoSeat.spec.ts:1933:30
    at [90mC:\playwright-project\[39mnode_modules\[4mplaywright[24m\lib\worker\workerMain.js:339:9
    at [90mC:\playwright-project\[39mnode_modules\[4mplaywright[24m\lib\worker\testInfo.js:286:11
    at TimeoutManager.withRunnable [90m(C:\playwright-project\[39mnode_modules\[4mplaywright[24m\lib\worker\timeoutManager.js:64:14[90m)[39m
    at TestInfoImpl._runAsStage [90m(C:\playwright-project\[39mnode_modules\[4mplaywright[24m\lib\worker\testInfo.js:284:7[90m)[39m
    at [90mC:\playwright-project\[39mnode_modules\[4mplaywright[24m\lib\worker\workerMain.js:331:7
    at [90mC:\playwright-project\[39mnode_modules\[4mplaywright[24m\lib\worker\testInfo.js:286:11
    at TimeoutManager.withRunnable [90m(C:\playwright-project\[39mnode_modules\[4mplaywright[24m\lib\worker\timeoutManager.js:52:27[90m)[39m
    at TestInfoImpl._runAsStage [90m(C:\playwright-project\[39mnode_modules\[4mplaywright[24m\lib\worker\testInfo.js:284:7[90m)[39m
    at WorkerMain._runTest [90m(C:\playwright-project\[39mnode_modules\[4mplaywright[24m\lib\worker\workerMain.js:281:5[90m)[39m
    at WorkerMain.runTestGroup [90m(C:\playwright-project\[39mnode_modules\[4mplaywright[24m\lib\worker\workerMain.js:205:11[90m)[39m
    at process.<anonymous> [90m(C:\playwright-project\[39mnode_modules\[4mplaywright[24m\lib\common\process.js:95:22[90m)[39m
Confirmation page validation failed: Not on confirmation page URL
Intento 2 fallido en payWithCard: Error: Not on confirmation page URL
    at validationConfirmPage [90m(C:\playwright-project\[39msrc\page-objects\confirmation.ts:36:19[90m)[39m
    at validationConfirmationPage [90m(C:\playwright-project\[39msrc\tests\2TipsNoExtraNoSeat.spec.ts:90:3[90m)[39m
    at runWithRetries [90m(C:\playwright-project\[39msrc\tests\2TipsNoExtraNoSeat.spec.ts:121:7[90m)[39m
    at executeTests [90m(C:\playwright-project\[39msrc\tests\2TipsNoExtraNoSeat.spec.ts:221:29[90m)[39m
    at [90mC:\playwright-project\[39msrc\tests\2TipsNoExtraNoSeat.spec.ts:1933:30
    at [90mC:\playwright-project\[39mnode_modules\[4mplaywright[24m\lib\worker\workerMain.js:339:9
    at [90mC:\playwright-project\[39mnode_modules\[4mplaywright[24m\lib\worker\testInfo.js:286:11
    at TimeoutManager.withRunnable [90m(C:\playwright-project\[39mnode_modules\[4mplaywright[24m\lib\worker\timeoutManager.js:64:14[90m)[39m
    at TestInfoImpl._runAsStage [90m(C:\playwright-project\[39mnode_modules\[4mplaywright[24m\lib\worker\testInfo.js:284:7[90m)[39m
    at [90mC:\playwright-project\[39mnode_modules\[4mplaywright[24m\lib\worker\workerMain.js:331:7
    at [90mC:\playwright-project\[39mnode_modules\[4mplaywright[24m\lib\worker\testInfo.js:286:11
    at TimeoutManager.withRunnable [90m(C:\playwright-project\[39mnode_modules\[4mplaywright[24m\lib\worker\timeoutManager.js:52:27[90m)[39m
    at TestInfoImpl._runAsStage [90m(C:\playwright-project\[39mnode_modules\[4mplaywright[24m\lib\worker\testInfo.js:284:7[90m)[39m
    at WorkerMain._runTest [90m(C:\playwright-project\[39mnode_modules\[4mplaywright[24m\lib\worker\workerMain.js:281:5[90m)[39m
    at WorkerMain.runTestGroup [90m(C:\playwright-project\[39mnode_modules\[4mplaywright[24m\lib\worker\workerMain.js:205:11[90m)[39m
    at process.<anonymous> [90m(C:\playwright-project\[39mnode_modules\[4mplaywright[24m\lib\common\process.js:95:22[90m)[39m
]]>
</system-err>
</testcase>
<testcase name="41. Compra 1 adt PremExtra - PremExtra - sin assitence › Ejecución completa con reintentos" classname="2TipsNoExtraNoSeat.spec.ts" time="34.893">
<system-out>
<![CDATA[Ejecución completa, intento 1 de 5
Ejecutando Booking, intento 1
Fecha de salida seleccionada: { year: [32m'2025'[39m, month: [32m'6'[39m, index: [33m0[39m, value: [33m3[39m }
Fecha de regreso seleccionada: { year: [32m'2025'[39m, month: [32m'6'[39m, index: [33m1[39m, value: [33m5[39m }
Ajustando número de pasajeros
Successfully clicked the element: div.price-cabin:has-text("Premium")
Successfully clicked the element: div.price-cabin:has-text("Premium")
Ejecutando fillPassengerAdult 1, intento 1
Ejecutando fillContact, intento 1
Ejecutando payWithCard, intento 1
Iframe encontrado.
Ejecutando payWithCard, intento 1
Ejecutando payWithCard, intento 2
Ejecutando payWithCard, intento 3
]]>
</system-out>
<system-err>
<![CDATA[Confirmation page validation failed: Flight Summary section not found on confirmation page
Intento 1 fallido en payWithCard: Error: Flight Summary section not found on confirmation page
    at validationConfirmPage [90m(C:\playwright-project\[39msrc\page-objects\confirmation.ts:29:19[90m)[39m
[90m    at runNextTicks (node:internal/process/task_queues:65:5)[39m
[90m    at processImmediate (node:internal/timers:459:9)[39m
[90m    at process.callbackTrampoline (node:internal/async_hooks:130:17)[39m
    at validationConfirmationPage [90m(C:\playwright-project\[39msrc\tests\2TipsNoExtraNoSeat.spec.ts:90:3[90m)[39m
    at runWithRetries [90m(C:\playwright-project\[39msrc\tests\2TipsNoExtraNoSeat.spec.ts:121:7[90m)[39m
    at executeTests [90m(C:\playwright-project\[39msrc\tests\2TipsNoExtraNoSeat.spec.ts:221:29[90m)[39m
    at [90mC:\playwright-project\[39msrc\tests\2TipsNoExtraNoSeat.spec.ts:1975:30
    at [90mC:\playwright-project\[39mnode_modules\[4mplaywright[24m\lib\worker\workerMain.js:339:9
    at [90mC:\playwright-project\[39mnode_modules\[4mplaywright[24m\lib\worker\testInfo.js:286:11
    at TimeoutManager.withRunnable [90m(C:\playwright-project\[39mnode_modules\[4mplaywright[24m\lib\worker\timeoutManager.js:64:14[90m)[39m
    at TestInfoImpl._runAsStage [90m(C:\playwright-project\[39mnode_modules\[4mplaywright[24m\lib\worker\testInfo.js:284:7[90m)[39m
    at [90mC:\playwright-project\[39mnode_modules\[4mplaywright[24m\lib\worker\workerMain.js:331:7
    at [90mC:\playwright-project\[39mnode_modules\[4mplaywright[24m\lib\worker\testInfo.js:286:11
    at TimeoutManager.withRunnable [90m(C:\playwright-project\[39mnode_modules\[4mplaywright[24m\lib\worker\timeoutManager.js:52:27[90m)[39m
    at TestInfoImpl._runAsStage [90m(C:\playwright-project\[39mnode_modules\[4mplaywright[24m\lib\worker\testInfo.js:284:7[90m)[39m
    at WorkerMain._runTest [90m(C:\playwright-project\[39mnode_modules\[4mplaywright[24m\lib\worker\workerMain.js:281:5[90m)[39m
    at WorkerMain.runTestGroup [90m(C:\playwright-project\[39mnode_modules\[4mplaywright[24m\lib\worker\workerMain.js:205:11[90m)[39m
    at process.<anonymous> [90m(C:\playwright-project\[39mnode_modules\[4mplaywright[24m\lib\common\process.js:95:22[90m)[39m
Confirmation page validation failed: Not on confirmation page URL
Intento 2 fallido en payWithCard: Error: Not on confirmation page URL
    at validationConfirmPage [90m(C:\playwright-project\[39msrc\page-objects\confirmation.ts:36:19[90m)[39m
    at validationConfirmationPage [90m(C:\playwright-project\[39msrc\tests\2TipsNoExtraNoSeat.spec.ts:90:3[90m)[39m
    at runWithRetries [90m(C:\playwright-project\[39msrc\tests\2TipsNoExtraNoSeat.spec.ts:121:7[90m)[39m
    at executeTests [90m(C:\playwright-project\[39msrc\tests\2TipsNoExtraNoSeat.spec.ts:221:29[90m)[39m
    at [90mC:\playwright-project\[39msrc\tests\2TipsNoExtraNoSeat.spec.ts:1975:30
    at [90mC:\playwright-project\[39mnode_modules\[4mplaywright[24m\lib\worker\workerMain.js:339:9
    at [90mC:\playwright-project\[39mnode_modules\[4mplaywright[24m\lib\worker\testInfo.js:286:11
    at TimeoutManager.withRunnable [90m(C:\playwright-project\[39mnode_modules\[4mplaywright[24m\lib\worker\timeoutManager.js:64:14[90m)[39m
    at TestInfoImpl._runAsStage [90m(C:\playwright-project\[39mnode_modules\[4mplaywright[24m\lib\worker\testInfo.js:284:7[90m)[39m
    at [90mC:\playwright-project\[39mnode_modules\[4mplaywright[24m\lib\worker\workerMain.js:331:7
    at [90mC:\playwright-project\[39mnode_modules\[4mplaywright[24m\lib\worker\testInfo.js:286:11
    at TimeoutManager.withRunnable [90m(C:\playwright-project\[39mnode_modules\[4mplaywright[24m\lib\worker\timeoutManager.js:52:27[90m)[39m
    at TestInfoImpl._runAsStage [90m(C:\playwright-project\[39mnode_modules\[4mplaywright[24m\lib\worker\testInfo.js:284:7[90m)[39m
    at WorkerMain._runTest [90m(C:\playwright-project\[39mnode_modules\[4mplaywright[24m\lib\worker\workerMain.js:281:5[90m)[39m
    at WorkerMain.runTestGroup [90m(C:\playwright-project\[39mnode_modules\[4mplaywright[24m\lib\worker\workerMain.js:205:11[90m)[39m
    at process.<anonymous> [90m(C:\playwright-project\[39mnode_modules\[4mplaywright[24m\lib\common\process.js:95:22[90m)[39m
]]>
</system-err>
</testcase>
</testsuite>
<testsuite name="2TripExtraSeat.spec.ts" timestamp="2025-01-23T07:48:29.623Z" hostname="chromium" tests="1" failures="0" skipped="0" time="83.474" errors="0">
<testcase name="1 Adt EcoLight - sin assitence › Ejecución completa con reintentos" classname="2TripExtraSeat.spec.ts" time="83.474">
<system-out>
<![CDATA[Ejecución completa, intento 1 de 5
Ejecutando Booking, intento 1
Fecha de salida seleccionada: { year: [32m'2025'[39m, month: [32m'5'[39m, index: [33m11[39m, value: [33m27[39m }
Fecha de regreso seleccionada: { year: [32m'2025'[39m, month: [32m'5'[39m, index: [33m12[39m, value: [33m29[39m }
Ajustando número de pasajeros
Successfully clicked the element: div.price-cabin:has-text("Economy")
Successfully clicked the element: div.price-cabin:has-text("Economy")
Ejecutando fillPassengerAdult 1, intento 1
Ejecutando fillContact, intento 1
Ejecutando fillSeat, intento 1
No hay asientos disponibles para ida
Ejecutando fillSeat, intento 2
Asiento ida: 15A
Asiento vuelta: 8J
Ejecutando extraBaggage, intento 1
Ejecutando payWithCard, intento 1
Iframe encontrado.
Ejecutando payWithCard, intento 1
Ejecutando payWithCard, intento 2
Ejecutando payWithCard, intento 3
]]>
</system-out>
<system-err>
<![CDATA[Intento 1 fallido en fillSeat: elementHandle.click: Element is not attached to the DOM
Call log:
[2m  - attempting click action[22m
[2m    - waiting for element to be visible, enabled and stable[22m

    at selectSeat [90m(C:\playwright-project\[39msrc\tests\2TripExtraSeat.spec.ts:123:28[90m)[39m
    at selectSeatsAndContinue [90m(C:\playwright-project\[39msrc\tests\2TripExtraSeat.spec.ts:161:3[90m)[39m
    at runWithRetries [90m(C:\playwright-project\[39msrc\tests\2TripExtraSeat.spec.ts:228:7[90m)[39m
    at executeTests [90m(C:\playwright-project\[39msrc\tests\2TripExtraSeat.spec.ts:320:31[90m)[39m
    at [90mC:\playwright-project\[39msrc\tests\2TripExtraSeat.spec.ts:405:30 {
  name: [32m'Error'[39m,
  [[32mSymbol(step)[39m]: {
    stepId: [32m'pw:api@84'[39m,
    location: {
      file: [32m'C:\\playwright-project\\src\\tests\\2TripExtraSeat.spec.ts'[39m,
      line: [33m123[39m,
      column: [33m28[39m,
      function: [32m'selectSeat'[39m
    },
    category: [32m'pw:api'[39m,
    title: [32m'elementHandle.click'[39m,
    apiName: [32m'elementHandle.click'[39m,
    params: {},
    boxedStack: [90mundefined[39m,
    steps: [],
    complete: [36m[Function: complete][39m,
    endWallTime: [33m1737619096877[39m,
    error: {
      message: [32m'Error: elementHandle.click: Element is not attached to the DOM\n'[39m +
        [32m'Call log:\n'[39m +
        [32m'\x1B[2m  - attempting click action\x1B[22m\n'[39m +
        [32m'\x1B[2m    - waiting for element to be visible, enabled and stable\x1B[22m\n'[39m,
      stack: [32m'Error: elementHandle.click: Element is not attached to the DOM\n'[39m +
        [32m'Call log:\n'[39m +
        [32m'\x1B[2m  - attempting click action\x1B[22m\n'[39m +
        [32m'\x1B[2m    - waiting for element to be visible, enabled and stable\x1B[22m\n'[39m +
        [32m'\n'[39m +
        [32m'    at selectSeat (C:\\playwright-project\\src\\tests\\2TripExtraSeat.spec.ts:123:28)\n'[39m +
        [32m'    at selectSeatsAndContinue (C:\\playwright-project\\src\\tests\\2TripExtraSeat.spec.ts:161:3)\n'[39m +
        [32m'    at runWithRetries (C:\\playwright-project\\src\\tests\\2TripExtraSeat.spec.ts:228:7)\n'[39m +
        [32m'    at executeTests (C:\\playwright-project\\src\\tests\\2TripExtraSeat.spec.ts:320:31)\n'[39m +
        [32m'    at C:\\playwright-project\\src\\tests\\2TripExtraSeat.spec.ts:405:30'[39m,
      cause: [90mundefined[39m
    }
  }
}
Confirmation page validation failed: Flight Summary section not found on confirmation page
Intento 1 fallido en payWithCard: Error: Flight Summary section not found on confirmation page
    at validationConfirmPage [90m(C:\playwright-project\[39msrc\page-objects\confirmation.ts:29:19[90m)[39m
[90m    at runNextTicks (node:internal/process/task_queues:65:5)[39m
[90m    at processImmediate (node:internal/timers:459:9)[39m
[90m    at process.callbackTrampoline (node:internal/async_hooks:130:17)[39m
    at validationConfirmationPage [90m(C:\playwright-project\[39msrc\tests\2TripExtraSeat.spec.ts:197:3[90m)[39m
    at runWithRetries [90m(C:\playwright-project\[39msrc\tests\2TripExtraSeat.spec.ts:228:7[90m)[39m
    at executeTests [90m(C:\playwright-project\[39msrc\tests\2TripExtraSeat.spec.ts:353:27[90m)[39m
    at [90mC:\playwright-project\[39msrc\tests\2TripExtraSeat.spec.ts:405:30
    at [90mC:\playwright-project\[39mnode_modules\[4mplaywright[24m\lib\worker\workerMain.js:339:9
    at [90mC:\playwright-project\[39mnode_modules\[4mplaywright[24m\lib\worker\testInfo.js:286:11
    at TimeoutManager.withRunnable [90m(C:\playwright-project\[39mnode_modules\[4mplaywright[24m\lib\worker\timeoutManager.js:64:14[90m)[39m
    at TestInfoImpl._runAsStage [90m(C:\playwright-project\[39mnode_modules\[4mplaywright[24m\lib\worker\testInfo.js:284:7[90m)[39m
    at [90mC:\playwright-project\[39mnode_modules\[4mplaywright[24m\lib\worker\workerMain.js:331:7
    at [90mC:\playwright-project\[39mnode_modules\[4mplaywright[24m\lib\worker\testInfo.js:286:11
    at TimeoutManager.withRunnable [90m(C:\playwright-project\[39mnode_modules\[4mplaywright[24m\lib\worker\timeoutManager.js:52:27[90m)[39m
    at TestInfoImpl._runAsStage [90m(C:\playwright-project\[39mnode_modules\[4mplaywright[24m\lib\worker\testInfo.js:284:7[90m)[39m
    at WorkerMain._runTest [90m(C:\playwright-project\[39mnode_modules\[4mplaywright[24m\lib\worker\workerMain.js:281:5[90m)[39m
    at WorkerMain.runTestGroup [90m(C:\playwright-project\[39mnode_modules\[4mplaywright[24m\lib\worker\workerMain.js:205:11[90m)[39m
    at process.<anonymous> [90m(C:\playwright-project\[39mnode_modules\[4mplaywright[24m\lib\common\process.js:95:22[90m)[39m
Confirmation page validation failed: Not on confirmation page URL
Intento 2 fallido en payWithCard: Error: Not on confirmation page URL
    at validationConfirmPage [90m(C:\playwright-project\[39msrc\page-objects\confirmation.ts:36:19[90m)[39m
[90m    at runNextTicks (node:internal/process/task_queues:65:5)[39m
[90m    at processImmediate (node:internal/timers:459:9)[39m
[90m    at process.callbackTrampoline (node:internal/async_hooks:130:17)[39m
    at validationConfirmationPage [90m(C:\playwright-project\[39msrc\tests\2TripExtraSeat.spec.ts:197:3[90m)[39m
    at runWithRetries [90m(C:\playwright-project\[39msrc\tests\2TripExtraSeat.spec.ts:228:7[90m)[39m
    at executeTests [90m(C:\playwright-project\[39msrc\tests\2TripExtraSeat.spec.ts:353:27[90m)[39m
    at [90mC:\playwright-project\[39msrc\tests\2TripExtraSeat.spec.ts:405:30
    at [90mC:\playwright-project\[39mnode_modules\[4mplaywright[24m\lib\worker\workerMain.js:339:9
    at [90mC:\playwright-project\[39mnode_modules\[4mplaywright[24m\lib\worker\testInfo.js:286:11
    at TimeoutManager.withRunnable [90m(C:\playwright-project\[39mnode_modules\[4mplaywright[24m\lib\worker\timeoutManager.js:64:14[90m)[39m
    at TestInfoImpl._runAsStage [90m(C:\playwright-project\[39mnode_modules\[4mplaywright[24m\lib\worker\testInfo.js:284:7[90m)[39m
    at [90mC:\playwright-project\[39mnode_modules\[4mplaywright[24m\lib\worker\workerMain.js:331:7
    at [90mC:\playwright-project\[39mnode_modules\[4mplaywright[24m\lib\worker\testInfo.js:286:11
    at TimeoutManager.withRunnable [90m(C:\playwright-project\[39mnode_modules\[4mplaywright[24m\lib\worker\timeoutManager.js:52:27[90m)[39m
    at TestInfoImpl._runAsStage [90m(C:\playwright-project\[39mnode_modules\[4mplaywright[24m\lib\worker\testInfo.js:284:7[90m)[39m
    at WorkerMain._runTest [90m(C:\playwright-project\[39mnode_modules\[4mplaywright[24m\lib\worker\workerMain.js:281:5[90m)[39m
    at WorkerMain.runTestGroup [90m(C:\playwright-project\[39mnode_modules\[4mplaywright[24m\lib\worker\workerMain.js:205:11[90m)[39m
    at process.<anonymous> [90m(C:\playwright-project\[39mnode_modules\[4mplaywright[24m\lib\common\process.js:95:22[90m)[39m
]]>
</system-err>
</testcase>
</testsuite>
<testsuite name="DateTest.spec.ts" timestamp="2025-01-23T07:48:29.623Z" hostname="chromium" tests="3" failures="1" skipped="0" time="634.721" errors="0">
<testcase name="1. error - dd/mm/aaaa (Fecha CA/ES) › Ejecución completa con reintentos" classname="DateTest.spec.ts" time="360.089">
<failure message="DateTest.spec.ts:245:7 Ejecución completa con reintentos" type="FAILURE">
<![CDATA[  [chromium] › DateTest.spec.ts:245:7 › 1. error - dd/mm/aaaa (Fecha CA/ES) › Ejecución completa con reintentos 

    Test timeout of 360000ms exceeded.

    Error: browserContext.close: Test ended.
    Browser logs:

    <launching> C:\Users\SofiaMartínezLópez\AppData\Local\ms-playwright\chromium_headless_shell-1148\chrome-win\headless_shell.exe --disable-field-trial-config --disable-background-networking --disable-background-timer-throttling --disable-backgrounding-occluded-windows --disable-back-forward-cache --disable-breakpad --disable-client-side-phishing-detection --disable-component-extensions-with-background-pages --disable-component-update --no-default-browser-check --disable-default-apps --disable-dev-shm-usage --disable-extensions --disable-features=ImprovedCookieControls,LazyFrameLoading,GlobalMediaControls,DestroyProfileOnBrowserClose,MediaRouter,DialMediaRouteProvider,AcceptCHFrame,AutoExpandDetailsElement,CertificateTransparencyComponentUpdater,AvoidUnnecessaryBeforeUnloadCheckSync,Translate,HttpsUpgrades,PaintHolding,ThirdPartyStoragePartitioning,LensOverlay,PlzDedicatedWorker --allow-pre-commit-input --disable-hang-monitor --disable-ipc-flooding-protection --disable-popup-blocking --disable-prompt-on-repost --disable-renderer-backgrounding --force-color-profile=srgb --metrics-recording-only --no-first-run --enable-automation --password-store=basic --use-mock-keychain --no-service-autorun --export-tagged-pdf --disable-search-engine-choice-screen --unsafely-disable-devtools-self-xss-warnings --headless --hide-scrollbars --mute-audio --blink-settings=primaryHoverType=2,availableHoverTypes=2,primaryPointerType=4,availablePointerTypes=4 --no-sandbox --user-data-dir=C:\Users\SOFIAM~1\AppData\Local\Temp\playwright_chromiumdev_profile-2yVY6F --remote-debugging-pipe --no-startup-window
    <launched> pid=20432
    [pid=20432][err] [0123/084939.519:ERROR:gles2_cmd_decoder_passthrough.cc(1053)] [GroupMarkerNotSet(crbug.com/242999)!:A0C0BC0034190000]Automatic fallback to software WebGL has been deprecated. Please use the --enable-unsafe-swiftshader flag to opt in to lower security guarantees for trusted content.
    [pid=20432][err] [0123/084939.596:ERROR:gl_utils.cc(426)] [.WebGL-0x5f3409890600]GL Driver Message (OpenGL, Performance, GL_CLOSE_PATH_NV, High): GPU stall due to ReadPixels
    [pid=20432][err] [0123/084940.037:ERROR:gles2_cmd_decoder_passthrough.cc(1053)] [GroupMarkerNotSet(crbug.com/242999)!:A0C0BC0034190000]Automatic fallback to software WebGL has been deprecated. Please use the --enable-unsafe-swiftshader flag to opt in to lower security guarantees for trusted content.
    [pid=20432][err] [0123/084940.078:ERROR:gles2_cmd_decoder_passthrough.cc(1053)] [GroupMarkerNotSet(crbug.com/242999)!:A020BD0034190000]Automatic fallback to software WebGL has been deprecated. Please use the --enable-unsafe-swiftshader flag to opt in to lower security guarantees for trusted content.
    [pid=20432][err] [0123/084940.088:ERROR:gles2_cmd_decoder_passthrough.cc(1053)] [GroupMarkerNotSet(crbug.com/242999)!:A050BD0034190000]Automatic fallback to software WebGL has been deprecated. Please use the --enable-unsafe-swiftshader flag to opt in to lower security guarantees for trusted content.
    [pid=20432][err] [0123/084940.100:ERROR:gl_utils.cc(426)] [.WebGL-0x5f3407181500]GL Driver Message (OpenGL, Performance, GL_CLOSE_PATH_NV, High): GPU stall due to ReadPixels
    [pid=20432][err] [0123/084940.128:ERROR:gles2_cmd_decoder_passthrough.cc(1053)] [GroupMarkerNotSet(crbug.com/242999)!:A080C90034190000]Automatic fallback to software WebGL has been deprecated. Please use the --enable-unsafe-swiftshader flag to opt in to lower security guarantees for trusted content.
    [pid=20432][err] [0123/084940.138:ERROR:gles2_cmd_decoder_passthrough.cc(1053)] [GroupMarkerNotSet(crbug.com/242999)!:A0B0C90034190000]Automatic fallback to software WebGL has been deprecated. Please use the --enable-unsafe-swiftshader flag to opt in to lower security guarantees for trusted content.
    [pid=20432][err] [0123/084940.246:ERROR:web_contents_delegate.cc(283)] WebContentsDelegate::CheckMediaAccessPermission: Not supported.
    [pid=20432][err] [0123/084940.246:ERROR:web_contents_delegate.cc(283)] WebContentsDelegate::CheckMediaAccessPermission: Not supported.
    [pid=20432][err] [0123/085035.331:ERROR:gles2_cmd_decoder_passthrough.cc(1053)] [GroupMarkerNotSet(crbug.com/242999)!:A0C0BC0034190000]Automatic fallback to software WebGL has been deprecated. Please use the --enable-unsafe-swiftshader flag to opt in to lower security guarantees for trusted content.
    [pid=20432][err] [0123/085035.372:ERROR:gl_utils.cc(426)] [.WebGL-0x69dc0719c700]GL Driver Message (OpenGL, Performance, GL_CLOSE_PATH_NV, High): GPU stall due to ReadPixels
    [pid=20432][err] [0123/085036.164:ERROR:gles2_cmd_decoder_passthrough.cc(1053)] [GroupMarkerNotSet(crbug.com/242999)!:A020BD0034190000]Automatic fallback to software WebGL has been deprecated. Please use the --enable-unsafe-swiftshader flag to opt in to lower security guarantees for trusted content.
    [pid=20432][err] [0123/085036.217:ERROR:gles2_cmd_decoder_passthrough.cc(1053)] [GroupMarkerNotSet(crbug.com/242999)!:A050BD0034190000]Automatic fallback to software WebGL has been deprecated. Please use the --enable-unsafe-swiftshader flag to opt in to lower security guarantees for trusted content.
    [pid=20432][err] [0123/085036.227:ERROR:gles2_cmd_decoder_passthrough.cc(1053)] [GroupMarkerNotSet(crbug.com/242999)!:A080C90034190000]Automatic fallback to software WebGL has been deprecated. Please use the --enable-unsafe-swiftshader flag to opt in to lower security guarantees for trusted content.
    [pid=20432][err] [0123/085036.237:ERROR:gl_utils.cc(426)] [.WebGL-0x69dc0535e300]GL Driver Message (OpenGL, Performance, GL_CLOSE_PATH_NV, High): GPU stall due to ReadPixels (this message will no longer repeat)
    [pid=20432][err] [0123/085036.269:ERROR:gles2_cmd_decoder_passthrough.cc(1053)] [GroupMarkerNotSet(crbug.com/242999)!:A0B0C90034190000]Automatic fallback to software WebGL has been deprecated. Please use the --enable-unsafe-swiftshader flag to opt in to lower security guarantees for trusted content.
    [pid=20432][err] [0123/085036.278:ERROR:gles2_cmd_decoder_passthrough.cc(1053)] [GroupMarkerNotSet(crbug.com/242999)!:A0E0C90034190000]Automatic fallback to software WebGL has been deprecated. Please use the --enable-unsafe-swiftshader flag to opt in to lower security guarantees for trusted content.
    [pid=20432][err] [0123/085036.513:ERROR:web_contents_delegate.cc(283)] WebContentsDelegate::CheckMediaAccessPermission: Not supported.
    [pid=20432][err] [0123/085036.513:ERROR:web_contents_delegate.cc(283)] WebContentsDelegate::CheckMediaAccessPermission: Not supported.
    [pid=20432][err] [0123/085122.601:ERROR:gles2_cmd_decoder_passthrough.cc(1053)] [GroupMarkerNotSet(crbug.com/242999)!:A0C0BC0034190000]Automatic fallback to software WebGL has been deprecated. Please use the --enable-unsafe-swiftshader flag to opt in to lower security guarantees for trusted content.
    [pid=20432][err] [0123/085122.869:ERROR:gles2_cmd_decoder_passthrough.cc(1053)] [GroupMarkerNotSet(crbug.com/242999)!:A020BD0034190000]Automatic fallback to software WebGL has been deprecated. Please use the --enable-unsafe-swiftshader flag to opt in to lower security guarantees for trusted content.
    [pid=20432][err] [0123/085122.909:ERROR:gles2_cmd_decoder_passthrough.cc(1053)] [GroupMarkerNotSet(crbug.com/242999)!:A050BD0034190000]Automatic fallback to software WebGL has been deprecated. Please use the --enable-unsafe-swiftshader flag to opt in to lower security guarantees for trusted content.
    [pid=20432][err] [0123/085122.919:ERROR:gles2_cmd_decoder_passthrough.cc(1053)] [GroupMarkerNotSet(crbug.com/242999)!:A080C90034190000]Automatic fallback to software WebGL has been deprecated. Please use the --enable-unsafe-swiftshader flag to opt in to lower security guarantees for trusted content.
    [pid=20432][err] [0123/085122.954:ERROR:gles2_cmd_decoder_passthrough.cc(1053)] [GroupMarkerNotSet(crbug.com/242999)!:A0B0C90034190000]Automatic fallback to software WebGL has been deprecated. Please use the --enable-unsafe-swiftshader flag to opt in to lower security guarantees for trusted content.
    [pid=20432][err] [0123/085122.965:ERROR:gles2_cmd_decoder_passthrough.cc(1053)] [GroupMarkerNotSet(crbug.com/242999)!:A0E0C90034190000]Automatic fallback to software WebGL has been deprecated. Please use the --enable-unsafe-swiftshader flag to opt in to lower security guarantees for trusted content.
    [pid=20432][err] [0123/085123.066:ERROR:web_contents_delegate.cc(283)] WebContentsDelegate::CheckMediaAccessPermission: Not supported.
    [pid=20432][err] [0123/085123.066:ERROR:web_contents_delegate.cc(283)] WebContentsDelegate::CheckMediaAccessPermission: Not supported.
    [pid=20432][err] [0123/085203.031:ERROR:gles2_cmd_decoder_passthrough.cc(1053)] [GroupMarkerNotSet(crbug.com/242999)!:A0C0BC0034190000]Automatic fallback to software WebGL has been deprecated. Please use the --enable-unsafe-swiftshader flag to opt in to lower security guarantees for trusted content.
    [pid=20432][err] [0123/085203.463:ERROR:gles2_cmd_decoder_passthrough.cc(1053)] [GroupMarkerNotSet(crbug.com/242999)!:A0C0BC0034190000]Automatic fallback to software WebGL has been deprecated. Please use the --enable-unsafe-swiftshader flag to opt in to lower security guarantees for trusted content.
    [pid=20432][err] [0123/085203.498:ERROR:gles2_cmd_decoder_passthrough.cc(1053)] [GroupMarkerNotSet(crbug.com/242999)!:A020BD0034190000]Automatic fallback to software WebGL has been deprecated. Please use the --enable-unsafe-swiftshader flag to opt in to lower security guarantees for trusted content.
    [pid=20432][err] [0123/085203.507:ERROR:gles2_cmd_decoder_passthrough.cc(1053)] [GroupMarkerNotSet(crbug.com/242999)!:A050BD0034190000]Automatic fallback to software WebGL has been deprecated. Please use the --enable-unsafe-swiftshader flag to opt in to lower security guarantees for trusted content.
    [pid=20432][err] [0123/085203.533:ERROR:gles2_cmd_decoder_passthrough.cc(1053)] [GroupMarkerNotSet(crbug.com/242999)!:A080C90034190000]Automatic fallback to software WebGL has been deprecated. Please use the --enable-unsafe-swiftshader flag to opt in to lower security guarantees for trusted content.
    [pid=20432][err] [0123/085203.541:ERROR:gles2_cmd_decoder_passthrough.cc(1053)] [GroupMarkerNotSet(crbug.com/242999)!:A0B0C90034190000]Automatic fallback to software WebGL has been deprecated. Please use the --enable-unsafe-swiftshader flag to opt in to lower security guarantees for trusted content.
    [pid=20432][err] [0123/085203.622:ERROR:web_contents_delegate.cc(283)] WebContentsDelegate::CheckMediaAccessPermission: Not supported.
    [pid=20432][err] [0123/085203.622:ERROR:web_contents_delegate.cc(283)] WebContentsDelegate::CheckMediaAccessPermission: Not supported.
    [pid=20432][err] [0123/085229.078:ERROR:ssl_client_socket_impl.cc(878)] handshake failed; returned -1, SSL error code 1, net_error -101
    [pid=20432][err] [0123/085254.513:ERROR:gles2_cmd_decoder_passthrough.cc(1053)] [GroupMarkerNotSet(crbug.com/242999)!:A0C0BC0034190000]Automatic fallback to software WebGL has been deprecated. Please use the --enable-unsafe-swiftshader flag to opt in to lower security guarantees for trusted content.
    [pid=20432][err] [0123/085255.094:ERROR:gles2_cmd_decoder_passthrough.cc(1053)] [GroupMarkerNotSet(crbug.com/242999)!:A020BD0034190000]Automatic fallback to software WebGL has been deprecated. Please use the --enable-unsafe-swiftshader flag to opt in to lower security guarantees for trusted content.
    [pid=20432][err] [0123/085255.146:ERROR:gles2_cmd_decoder_passthrough.cc(1053)] [GroupMarkerNotSet(crbug.com/242999)!:A050BD0034190000]Automatic fallback to software WebGL has been deprecated. Please use the --enable-unsafe-swiftshader flag to opt in to lower security guarantees for trusted content.
    [pid=20432][err] [0123/085255.157:ERROR:gles2_cmd_decoder_passthrough.cc(1053)] [GroupMarkerNotSet(crbug.com/242999)!:A080C90034190000]Automatic fallback to software WebGL has been deprecated. Please use the --enable-unsafe-swiftshader flag to opt in to lower security guarantees for trusted content.
    [pid=20432][err] [0123/085255.205:ERROR:gles2_cmd_decoder_passthrough.cc(1053)] [GroupMarkerNotSet(crbug.com/242999)!:A0B0C90034190000]Automatic fallback to software WebGL has been deprecated. Please use the --enable-unsafe-swiftshader flag to opt in to lower security guarantees for trusted content.
    [pid=20432][err] [0123/085255.215:ERROR:gles2_cmd_decoder_passthrough.cc(1053)] [GroupMarkerNotSet(crbug.com/242999)!:A0E0C90034190000]Automatic fallback to software WebGL has been deprecated. Please use the --enable-unsafe-swiftshader flag to opt in to lower security guarantees for trusted content.
    [pid=20432][err] [0123/085255.415:ERROR:web_contents_delegate.cc(283)] WebContentsDelegate::CheckMediaAccessPermission: Not supported.
    [pid=20432][err] [0123/085255.415:ERROR:web_contents_delegate.cc(283)] WebContentsDelegate::CheckMediaAccessPermission: Not supported.
    [pid=20432][err] [0123/085332.977:ERROR:gles2_cmd_decoder_passthrough.cc(1053)] [GroupMarkerNotSet(crbug.com/242999)!:A0C0BC0034190000]Automatic fallback to software WebGL has been deprecated. Please use the --enable-unsafe-swiftshader flag to opt in to lower security guarantees for trusted content.
    [pid=20432][err] [0123/085333.377:ERROR:gles2_cmd_decoder_passthrough.cc(1053)] [GroupMarkerNotSet(crbug.com/242999)!:A020BD0034190000]Automatic fallback to software WebGL has been deprecated. Please use the --enable-unsafe-swiftshader flag to opt in to lower security guarantees for trusted content.
    [pid=20432][err] [0123/085333.428:ERROR:gles2_cmd_decoder_passthrough.cc(1053)] [GroupMarkerNotSet(crbug.com/242999)!:A050BD0034190000]Automatic fallback to software WebGL has been deprecated. Please use the --enable-unsafe-swiftshader flag to opt in to lower security guarantees for trusted content.
    [pid=20432][err] [0123/085333.438:ERROR:gles2_cmd_decoder_passthrough.cc(1053)] [GroupMarkerNotSet(crbug.com/242999)!:A080C90034190000]Automatic fallback to software WebGL has been deprecated. Please use the --enable-unsafe-swiftshader flag to opt in to lower security guarantees for trusted content.
    [pid=20432][err] [0123/085333.478:ERROR:gles2_cmd_decoder_passthrough.cc(1053)] [GroupMarkerNotSet(crbug.com/242999)!:A0B0C90034190000]Automatic fallback to software WebGL has been deprecated. Please use the --enable-unsafe-swiftshader flag to opt in to lower security guarantees for trusted content.
    [pid=20432][err] [0123/085333.489:ERROR:gles2_cmd_decoder_passthrough.cc(1053)] [GroupMarkerNotSet(crbug.com/242999)!:A0E0C90034190000]Automatic fallback to software WebGL has been deprecated. Please use the --enable-unsafe-swiftshader flag to opt in to lower security guarantees for trusted content.
    [pid=20432][err] [0123/085333.628:ERROR:web_contents_delegate.cc(283)] WebContentsDelegate::CheckMediaAccessPermission: Not supported.
    [pid=20432][err] [0123/085333.628:ERROR:web_contents_delegate.cc(283)] WebContentsDelegate::CheckMediaAccessPermission: Not supported.
    [pid=20432][err] [0123/085412.324:ERROR:gles2_cmd_decoder_passthrough.cc(1053)] [GroupMarkerNotSet(crbug.com/242999)!:A0C0BC0034190000]Automatic fallback to software WebGL has been deprecated. Please use the --enable-unsafe-swiftshader flag to opt in to lower security guarantees for trusted content.
    [pid=20432][err] [0123/085412.978:ERROR:gles2_cmd_decoder_passthrough.cc(1053)] [GroupMarkerNotSet(crbug.com/242999)!:A020BD0034190000]Automatic fallback to software WebGL has been deprecated. Please use the --enable-unsafe-swiftshader flag to opt in to lower security guarantees for trusted content.
    [pid=20432][err] [0123/085413.061:ERROR:gles2_cmd_decoder_passthrough.cc(1053)] [GroupMarkerNotSet(crbug.com/242999)!:A050BD0034190000]Automatic fallback to software WebGL has been deprecated. Please use the --enable-unsafe-swiftshader flag to opt in to lower security guarantees for trusted content.
    [pid=20432][err] [0123/085413.076:ERROR:gles2_cmd_decoder_passthrough.cc(1053)] [GroupMarkerNotSet(crbug.com/242999)!:A080C90034190000]Automatic fallback to software WebGL has been deprecated. Please use the --enable-unsafe-swiftshader flag to opt in to lower security guarantees for trusted content.
    [pid=20432][err] [0123/085413.123:ERROR:gles2_cmd_decoder_passthrough.cc(1053)] [GroupMarkerNotSet(crbug.com/242999)!:A0B0C90034190000]Automatic fallback to software WebGL has been deprecated. Please use the --enable-unsafe-swiftshader flag to opt in to lower security guarantees for trusted content.
    [pid=20432][err] [0123/085413.136:ERROR:gles2_cmd_decoder_passthrough.cc(1053)] [GroupMarkerNotSet(crbug.com/242999)!:A0E0C90034190000]Automatic fallback to software WebGL has been deprecated. Please use the --enable-unsafe-swiftshader flag to opt in to lower security guarantees for trusted content.
    [pid=20432][err] [0123/085413.295:ERROR:web_contents_delegate.cc(283)] WebContentsDelegate::CheckMediaAccessPermission: Not supported.
    [pid=20432][err] [0123/085413.296:ERROR:web_contents_delegate.cc(283)] WebContentsDelegate::CheckMediaAccessPermission: Not supported.
    [pid=20432][err] [0123/085424.055:ERROR:ssl_client_socket_impl.cc(878)] handshake failed; returned -1, SSL error code 1, net_error -101
    [pid=20432][err] [0123/085448.704:ERROR:gles2_cmd_decoder_passthrough.cc(1053)] [GroupMarkerNotSet(crbug.com/242999)!:A0C0BC0034190000]Automatic fallback to software WebGL has been deprecated. Please use the --enable-unsafe-swiftshader flag to opt in to lower security guarantees for trusted content.
    [pid=20432][err] [0123/085449.208:ERROR:gles2_cmd_decoder_passthrough.cc(1053)] [GroupMarkerNotSet(crbug.com/242999)!:A020BD0034190000]Automatic fallback to software WebGL has been deprecated. Please use the --enable-unsafe-swiftshader flag to opt in to lower security guarantees for trusted content.
    [pid=20432][err] [0123/085449.256:ERROR:gles2_cmd_decoder_passthrough.cc(1053)] [GroupMarkerNotSet(crbug.com/242999)!:A050BD0034190000]Automatic fallback to software WebGL has been deprecated. Please use the --enable-unsafe-swiftshader flag to opt in to lower security guarantees for trusted content.
    [pid=20432][err] [0123/085449.265:ERROR:gles2_cmd_decoder_passthrough.cc(1053)] [GroupMarkerNotSet(crbug.com/242999)!:A080C90034190000]Automatic fallback to software WebGL has been deprecated. Please use the --enable-unsafe-swiftshader flag to opt in to lower security guarantees for trusted content.
    [pid=20432][err] [0123/085449.301:ERROR:gles2_cmd_decoder_passthrough.cc(1053)] [GroupMarkerNotSet(crbug.com/242999)!:A0B0C90034190000]Automatic fallback to software WebGL has been deprecated. Please use the --enable-unsafe-swiftshader flag to opt in to lower security guarantees for trusted content.
    [pid=20432][err] [0123/085449.310:ERROR:gles2_cmd_decoder_passthrough.cc(1053)] [GroupMarkerNotSet(crbug.com/242999)!:A0E0C90034190000]Automatic fallback to software WebGL has been deprecated. Please use the --enable-unsafe-swiftshader flag to opt in to lower security guarantees for trusted content.
    [pid=20432][err] [0123/085449.474:ERROR:web_contents_delegate.cc(283)] WebContentsDelegate::CheckMediaAccessPermission: Not supported.
    [pid=20432][err] [0123/085449.475:ERROR:web_contents_delegate.cc(283)] WebContentsDelegate::CheckMediaAccessPermission: Not supported.
    [pid=20432][err] [0123/085526.259:ERROR:gles2_cmd_decoder_passthrough.cc(1053)] [GroupMarkerNotSet(crbug.com/242999)!:A0C0BC0034190000]Automatic fallback to software WebGL has been deprecated. Please use the --enable-unsafe-swiftshader flag to opt in to lower security guarantees for trusted content.
    [pid=20432][err] [0123/085526.734:ERROR:gles2_cmd_decoder_passthrough.cc(1053)] [GroupMarkerNotSet(crbug.com/242999)!:A020BD0034190000]Automatic fallback to software WebGL has been deprecated. Please use the --enable-unsafe-swiftshader flag to opt in to lower security guarantees for trusted content.
    [pid=20432][err] [0123/085526.785:ERROR:gles2_cmd_decoder_passthrough.cc(1053)] [GroupMarkerNotSet(crbug.com/242999)!:A050BD0034190000]Automatic fallback to software WebGL has been deprecated. Please use the --enable-unsafe-swiftshader flag to opt in to lower security guarantees for trusted content.
    [pid=20432][err] [0123/085526.797:ERROR:gles2_cmd_decoder_passthrough.cc(1053)] [GroupMarkerNotSet(crbug.com/242999)!:A080C90034190000]Automatic fallback to software WebGL has been deprecated. Please use the --enable-unsafe-swiftshader flag to opt in to lower security guarantees for trusted content.
    [pid=20432][err] [0123/085526.840:ERROR:gles2_cmd_decoder_passthrough.cc(1053)] [GroupMarkerNotSet(crbug.com/242999)!:A0B0C90034190000]Automatic fallback to software WebGL has been deprecated. Please use the --enable-unsafe-swiftshader flag to opt in to lower security guarantees for trusted content.
    [pid=20432][err] [0123/085526.851:ERROR:gles2_cmd_decoder_passthrough.cc(1053)] [GroupMarkerNotSet(crbug.com/242999)!:A0E0C90034190000]Automatic fallback to software WebGL has been deprecated. Please use the --enable-unsafe-swiftshader flag to opt in to lower security guarantees for trusted content.
    [pid=20432][err] [0123/085527.021:ERROR:web_contents_delegate.cc(283)] WebContentsDelegate::CheckMediaAccessPermission: Not supported.
    [pid=20432][err] [0123/085527.021:ERROR:web_contents_delegate.cc(283)] WebContentsDelegate::CheckMediaAccessPermission: Not supported.
    [pid=20432][err] [0123/085555.994:ERROR:gles2_cmd_decoder_passthrough.cc(1053)] [GroupMarkerNotSet(crbug.com/242999)!:A0F0BC0034190000]Automatic fallback to software WebGL has been deprecated. Please use the --enable-unsafe-swiftshader flag to opt in to lower security guarantees for trusted content.
    [pid=20432][err] [0123/085556.472:ERROR:gles2_cmd_decoder_passthrough.cc(1053)] [GroupMarkerNotSet(crbug.com/242999)!:A020BD0034190000]Automatic fallback to software WebGL has been deprecated. Please use the --enable-unsafe-swiftshader flag to opt in to lower security guarantees for trusted content.
    [pid=20432][err] [0123/085556.509:ERROR:gles2_cmd_decoder_passthrough.cc(1053)] [GroupMarkerNotSet(crbug.com/242999)!:A050BD0034190000]Automatic fallback to software WebGL has been deprecated. Please use the --enable-unsafe-swiftshader flag to opt in to lower security guarantees for trusted content.
    [pid=20432][err] [0123/085556.519:ERROR:gles2_cmd_decoder_passthrough.cc(1053)] [GroupMarkerNotSet(crbug.com/242999)!:A080C90034190000]Automatic fallback to software WebGL has been deprecated. Please use the --enable-unsafe-swiftshader flag to opt in to lower security guarantees for trusted content.
    [pid=20432][err] [0123/085556.553:ERROR:gles2_cmd_decoder_passthrough.cc(1053)] [GroupMarkerNotSet(crbug.com/242999)!:A0B0C90034190000]Automatic fallback to software WebGL has been deprecated. Please use the --enable-unsafe-swiftshader flag to opt in to lower security guarantees for trusted content.
    [pid=20432][err] [0123/085556.562:ERROR:gles2_cmd_decoder_passthrough.cc(1053)] [GroupMarkerNotSet(crbug.com/242999)!:A0E0C90034190000]Automatic fallback to software WebGL has been deprecated. Please use the --enable-unsafe-swiftshader flag to opt in to lower security guarantees for trusted content.
    [pid=20432][err] [0123/085556.643:ERROR:web_contents_delegate.cc(283)] WebContentsDelegate::CheckMediaAccessPermission: Not supported.
    [pid=20432][err] [0123/085556.643:ERROR:web_contents_delegate.cc(283)] WebContentsDelegate::CheckMediaAccessPermission: Not supported.
    [pid=20432][err] [0123/085603.636:ERROR:ssl_client_socket_impl.cc(878)] handshake failed; returned -1, SSL error code 1, net_error -101
    [pid=20432][err] [0123/085625.676:ERROR:gles2_cmd_decoder_passthrough.cc(1053)] [GroupMarkerNotSet(crbug.com/242999)!:A0C0BC0034190000]Automatic fallback to software WebGL has been deprecated. Please use the --enable-unsafe-swiftshader flag to opt in to lower security guarantees for trusted content.
    [pid=20432][err] [0123/085626.145:ERROR:gles2_cmd_decoder_passthrough.cc(1053)] [GroupMarkerNotSet(crbug.com/242999)!:A020BD0034190000]Automatic fallback to software WebGL has been deprecated. Please use the --enable-unsafe-swiftshader flag to opt in to lower security guarantees for trusted content.
    [pid=20432][err] [0123/085626.189:ERROR:gles2_cmd_decoder_passthrough.cc(1053)] [GroupMarkerNotSet(crbug.com/242999)!:A050BD0034190000]Automatic fallback to software WebGL has been deprecated. Please use the --enable-unsafe-swiftshader flag to opt in to lower security guarantees for trusted content.
    [pid=20432][err] [0123/085626.198:ERROR:gles2_cmd_decoder_passthrough.cc(1053)] [GroupMarkerNotSet(crbug.com/242999)!:A080C90034190000]Automatic fallback to software WebGL has been deprecated. Please use the --enable-unsafe-swiftshader flag to opt in to lower security guarantees for trusted content.
    [pid=20432][err] [0123/085626.232:ERROR:gles2_cmd_decoder_passthrough.cc(1053)] [GroupMarkerNotSet(crbug.com/242999)!:A0B0C90034190000]Automatic fallback to software WebGL has been deprecated. Please use the --enable-unsafe-swiftshader flag to opt in to lower security guarantees for trusted content.
    [pid=20432][err] [0123/085626.242:ERROR:gles2_cmd_decoder_passthrough.cc(1053)] [GroupMarkerNotSet(crbug.com/242999)!:A0E0C90034190000]Automatic fallback to software WebGL has been deprecated. Please use the --enable-unsafe-swiftshader flag to opt in to lower security guarantees for trusted content.
    [pid=20432][err] [0123/085626.350:ERROR:web_contents_delegate.cc(283)] WebContentsDelegate::CheckMediaAccessPermission: Not supported.
    [pid=20432][err] [0123/085626.350:ERROR:web_contents_delegate.cc(283)] WebContentsDelegate::CheckMediaAccessPermission: Not supported.
    [pid=20432][err] [0123/085659.464:ERROR:gles2_cmd_decoder_passthrough.cc(1053)] [GroupMarkerNotSet(crbug.com/242999)!:A0C0BC0034190000]Automatic fallback to software WebGL has been deprecated. Please use the --enable-unsafe-swiftshader flag to opt in to lower security guarantees for trusted content.
    [pid=20432][err] [0123/085659.922:ERROR:gles2_cmd_decoder_passthrough.cc(1053)] [GroupMarkerNotSet(crbug.com/242999)!:A0C0BC0034190000]Automatic fallback to software WebGL has been deprecated. Please use the --enable-unsafe-swiftshader flag to opt in to lower security guarantees for trusted content.
    [pid=20432][err] [0123/085659.959:ERROR:gles2_cmd_decoder_passthrough.cc(1053)] [GroupMarkerNotSet(crbug.com/242999)!:A020BD0034190000]Automatic fallback to software WebGL has been deprecated. Please use the --enable-unsafe-swiftshader flag to opt in to lower security guarantees for trusted content.
    [pid=20432][err] [0123/085659.968:ERROR:gles2_cmd_decoder_passthrough.cc(1053)] [GroupMarkerNotSet(crbug.com/242999)!:A050BD0034190000]Automatic fallback to software WebGL has been deprecated. Please use the --enable-unsafe-swiftshader flag to opt in to lower security guarantees for trusted content.
    [pid=20432][err] [0123/085700.001:ERROR:gles2_cmd_decoder_passthrough.cc(1053)] [GroupMarkerNotSet(crbug.com/242999)!:A080C90034190000]Automatic fallback to software WebGL has been deprecated. Please use the --enable-unsafe-swiftshader flag to opt in to lower security guarantees for trusted content.
    [pid=20432][err] [0123/085700.007:ERROR:gles2_cmd_decoder_passthrough.cc(1053)] [GroupMarkerNotSet(crbug.com/242999)!:A0B0C90034190000]Automatic fallback to software WebGL has been deprecated. Please use the --enable-unsafe-swiftshader flag to opt in to lower security guarantees for trusted content.
    [pid=20432][err] [0123/085700.084:ERROR:web_contents_delegate.cc(283)] WebContentsDelegate::CheckMediaAccessPermission: Not supported.
    [pid=20432][err] [0123/085700.084:ERROR:web_contents_delegate.cc(283)] WebContentsDelegate::CheckMediaAccessPermission: Not supported.
    [pid=20432][err] [0123/085742.332:ERROR:gles2_cmd_decoder_passthrough.cc(1053)] [GroupMarkerNotSet(crbug.com/242999)!:A0C0BC0034190000]Automatic fallback to software WebGL has been deprecated. Please use the --enable-unsafe-swiftshader flag to opt in to lower security guarantees for trusted content.
    [pid=20432][err] [0123/085742.941:ERROR:gles2_cmd_decoder_passthrough.cc(1053)] [GroupMarkerNotSet(crbug.com/242999)!:A0C0BC0034190000]Automatic fallback to software WebGL has been deprecated. Please use the --enable-unsafe-swiftshader flag to opt in to lower security guarantees for trusted content.
    [pid=20432][err] [0123/085742.989:ERROR:gles2_cmd_decoder_passthrough.cc(1053)] [GroupMarkerNotSet(crbug.com/242999)!:A020BD0034190000]Automatic fallback to software WebGL has been deprecated. Please use the --enable-unsafe-swiftshader flag to opt in to lower security guarantees for trusted content.
    [pid=20432][err] [0123/085743.000:ERROR:gles2_cmd_decoder_passthrough.cc(1053)] [GroupMarkerNotSet(crbug.com/242999)!:A050BD0034190000]Automatic fallback to software WebGL has been deprecated. Please use the --enable-unsafe-swiftshader flag to opt in to lower security guarantees for trusted content.
    [pid=20432][err] [0123/085743.038:ERROR:gles2_cmd_decoder_passthrough.cc(1053)] [GroupMarkerNotSet(crbug.com/242999)!:A080C90034190000]Automatic fallback to software WebGL has been deprecated. Please use the --enable-unsafe-swiftshader flag to opt in to lower security guarantees for trusted content.
    [pid=20432][err] [0123/085743.048:ERROR:gles2_cmd_decoder_passthrough.cc(1053)] [GroupMarkerNotSet(crbug.com/242999)!:A0B0C90034190000]Automatic fallback to software WebGL has been deprecated. Please use the --enable-unsafe-swiftshader flag to opt in to lower security guarantees for trusted content.
    [pid=20432][err] [0123/085743.176:ERROR:web_contents_delegate.cc(283)] WebContentsDelegate::CheckMediaAccessPermission: Not supported.
    [pid=20432][err] [0123/085743.177:ERROR:web_contents_delegate.cc(283)] WebContentsDelegate::CheckMediaAccessPermission: Not supported.
    [pid=20432] <gracefully close start>

      215 |   } finally {
      216 |     if (page) await page.close();
    > 217 |     if (context) await context.close();
          |                  ^
      218 |   }
      219 |
      220 |   return shouldContinueTests; // Return the status of the test execution
        at executeTests (C:\playwright-project\src\tests\DateTest.spec.ts:217:18)
        at C:\playwright-project\src\tests\DateTest.spec.ts:254:29

    attachment #1: screenshot (image/png) ──────────────────────────────────────────────────────────
    test-results\DateTest-1-error---dd-mm-a-7548a-ión-completa-con-reintentos-chromium\test-failed-1.png
    ────────────────────────────────────────────────────────────────────────────────────────────────
]]>
</failure>
<system-out>
<![CDATA[Ejecución completa, intento 1 de 5
Ejecutando Booking, intento 1
Fecha de salida seleccionada: { year: [32m'2025'[39m, month: [32m'6'[39m, index: [33m3[39m, value: [33m10[39m }
Ajustando número de pasajeros
Successfully clicked the element: div.price-cabin:has-text("Economy")
Ejecutando fillPassengerAdult 1, intento 1
Ejecutando fillContact, intento 1
Ejecutando payWithCard, intento 1
Ejecutando payWithCard, intento 2
Ejecutando payWithCard, intento 3
Ejecución completa, intento 2 de 5
Ejecutando Booking, intento 1
Fecha de salida seleccionada: { year: [32m'2025'[39m, month: [32m'6'[39m, index: [33m9[39m, value: [33m24[39m }
Ajustando número de pasajeros
Successfully clicked the element: div.price-cabin:has-text("Economy")
Ejecutando fillPassengerAdult 1, intento 1
Ejecutando fillContact, intento 1
Ejecutando payWithCard, intento 1
Ejecutando payWithCard, intento 2
Ejecutando payWithCard, intento 3
]]>
</system-out>
<system-err>
<![CDATA[Error while handling iframe payment: page.waitForSelector: Timeout 60000ms exceeded.
Call log:
[2m  - waiting for locator('iframe[title="Iframe for expiry date"]') to be visible[22m

    at payWithCard [90m(C:\playwright-project\[39msrc\page-objects\paymentPage.ts:4:20[90m)[39m
    at payWithCardInformation [90m(C:\playwright-project\[39msrc\tests\DateTest.spec.ts:82:22[90m)[39m
    at fn [90m(C:\playwright-project\[39msrc\tests\DateTest.spec.ts:204:17[90m)[39m
    at runWithRetries [90m(C:\playwright-project\[39msrc\tests\DateTest.spec.ts:113:13[90m)[39m
    at executeTests [90m(C:\playwright-project\[39msrc\tests\DateTest.spec.ts:203:37[90m)[39m
    at [90mC:\playwright-project\[39msrc\tests\DateTest.spec.ts:254:29 {
  name: [32m'TimeoutError'[39m,
  [[32mSymbol(step)[39m]: {
    stepId: [32m'pw:api@57'[39m,
    location: {
      file: [32m'C:\\playwright-project\\src\\page-objects\\paymentPage.ts'[39m,
      line: [33m4[39m,
      column: [33m20[39m,
      function: [32m'payWithCard'[39m
    },
    category: [32m'pw:api'[39m,
    title: [32m'page.waitForSelector(iframe[title="Iframe for expiry date"])'[39m,
    apiName: [32m'page.waitForSelector'[39m,
    params: {
      selector: [32m'iframe[title="Iframe for expiry date"]'[39m,
      timeout: [33m60000[39m
    },
    boxedStack: [90mundefined[39m,
    steps: [],
    complete: [36m[Function: complete][39m,
    endWallTime: [33m1737619152978[39m,
    error: {
      message: [32m'TimeoutError: page.waitForSelector: Timeout 60000ms exceeded.\n'[39m +
        [32m'Call log:\n'[39m +
        [32m`\x1B[2m  - waiting for locator('iframe[title="Iframe for expiry date"]') to be visible\x1B[22m\n`[39m,
      stack: [32m'TimeoutError: page.waitForSelector: Timeout 60000ms exceeded.\n'[39m +
        [32m'Call log:\n'[39m +
        [32m`\x1B[2m  - waiting for locator('iframe[title="Iframe for expiry date"]') to be visible\x1B[22m\n`[39m +
        [32m'\n'[39m +
        [32m'    at payWithCard (C:\\playwright-project\\src\\page-objects\\paymentPage.ts:4:20)\n'[39m +
        [32m'    at payWithCardInformation (C:\\playwright-project\\src\\tests\\DateTest.spec.ts:82:22)\n'[39m +
        [32m'    at fn (C:\\playwright-project\\src\\tests\\DateTest.spec.ts:204:17)\n'[39m +
        [32m'    at runWithRetries (C:\\playwright-project\\src\\tests\\DateTest.spec.ts:113:13)\n'[39m +
        [32m'    at executeTests (C:\\playwright-project\\src\\tests\\DateTest.spec.ts:203:37)\n'[39m +
        [32m'    at C:\\playwright-project\\src\\tests\\DateTest.spec.ts:254:29'[39m,
      cause: [90mundefined[39m
    }
  }
}
Intento 1 fallido en payWithCard: page.waitForSelector: Timeout 60000ms exceeded.
Call log:
[2m  - waiting for locator('iframe[title="Iframe for expiry date"]') to be visible[22m

    at payWithCard [90m(C:\playwright-project\[39msrc\page-objects\paymentPage.ts:4:20[90m)[39m
    at payWithCardInformation [90m(C:\playwright-project\[39msrc\tests\DateTest.spec.ts:82:22[90m)[39m
    at fn [90m(C:\playwright-project\[39msrc\tests\DateTest.spec.ts:204:17[90m)[39m
    at runWithRetries [90m(C:\playwright-project\[39msrc\tests\DateTest.spec.ts:113:13[90m)[39m
    at executeTests [90m(C:\playwright-project\[39msrc\tests\DateTest.spec.ts:203:37[90m)[39m
    at [90mC:\playwright-project\[39msrc\tests\DateTest.spec.ts:254:29 {
  name: [32m'TimeoutError'[39m,
  [[32mSymbol(step)[39m]: {
    stepId: [32m'pw:api@57'[39m,
    location: {
      file: [32m'C:\\playwright-project\\src\\page-objects\\paymentPage.ts'[39m,
      line: [33m4[39m,
      column: [33m20[39m,
      function: [32m'payWithCard'[39m
    },
    category: [32m'pw:api'[39m,
    title: [32m'page.waitForSelector(iframe[title="Iframe for expiry date"])'[39m,
    apiName: [32m'page.waitForSelector'[39m,
    params: {
      selector: [32m'iframe[title="Iframe for expiry date"]'[39m,
      timeout: [33m60000[39m
    },
    boxedStack: [90mundefined[39m,
    steps: [],
    complete: [36m[Function: complete][39m,
    endWallTime: [33m1737619152978[39m,
    error: {
      message: [32m'TimeoutError: page.waitForSelector: Timeout 60000ms exceeded.\n'[39m +
        [32m'Call log:\n'[39m +
        [32m`\x1B[2m  - waiting for locator('iframe[title="Iframe for expiry date"]') to be visible\x1B[22m\n`[39m,
      stack: [32m'TimeoutError: page.waitForSelector: Timeout 60000ms exceeded.\n'[39m +
        [32m'Call log:\n'[39m +
        [32m`\x1B[2m  - waiting for locator('iframe[title="Iframe for expiry date"]') to be visible\x1B[22m\n`[39m +
        [32m'\n'[39m +
        [32m'    at payWithCard (C:\\playwright-project\\src\\page-objects\\paymentPage.ts:4:20)\n'[39m +
        [32m'    at payWithCardInformation (C:\\playwright-project\\src\\tests\\DateTest.spec.ts:82:22)\n'[39m +
        [32m'    at fn (C:\\playwright-project\\src\\tests\\DateTest.spec.ts:204:17)\n'[39m +
        [32m'    at runWithRetries (C:\\playwright-project\\src\\tests\\DateTest.spec.ts:113:13)\n'[39m +
        [32m'    at executeTests (C:\\playwright-project\\src\\tests\\DateTest.spec.ts:203:37)\n'[39m +
        [32m'    at C:\\playwright-project\\src\\tests\\DateTest.spec.ts:254:29'[39m,
      cause: [90mundefined[39m
    }
  }
}
Error while handling iframe payment: page.waitForSelector: Timeout 60000ms exceeded.
Call log:
[2m  - waiting for locator('iframe[title="Iframe for expiry date"]') to be visible[22m

    at payWithCard [90m(C:\playwright-project\[39msrc\page-objects\paymentPage.ts:4:20[90m)[39m
    at payWithCardInformation [90m(C:\playwright-project\[39msrc\tests\DateTest.spec.ts:82:22[90m)[39m
    at fn [90m(C:\playwright-project\[39msrc\tests\DateTest.spec.ts:204:17[90m)[39m
    at runWithRetries [90m(C:\playwright-project\[39msrc\tests\DateTest.spec.ts:113:13[90m)[39m
    at executeTests [90m(C:\playwright-project\[39msrc\tests\DateTest.spec.ts:203:31[90m)[39m
    at [90mC:\playwright-project\[39msrc\tests\DateTest.spec.ts:254:29 {
  name: [32m'TimeoutError'[39m,
  [[32mSymbol(step)[39m]: {
    stepId: [32m'pw:api@58'[39m,
    location: {
      file: [32m'C:\\playwright-project\\src\\page-objects\\paymentPage.ts'[39m,
      line: [33m4[39m,
      column: [33m20[39m,
      function: [32m'payWithCard'[39m
    },
    category: [32m'pw:api'[39m,
    title: [32m'page.waitForSelector(iframe[title="Iframe for expiry date"])'[39m,
    apiName: [32m'page.waitForSelector'[39m,
    params: {
      selector: [32m'iframe[title="Iframe for expiry date"]'[39m,
      timeout: [33m60000[39m
    },
    boxedStack: [90mundefined[39m,
    steps: [],
    complete: [36m[Function: complete][39m,
    endWallTime: [33m1737619212998[39m,
    error: {
      message: [32m'TimeoutError: page.waitForSelector: Timeout 60000ms exceeded.\n'[39m +
        [32m'Call log:\n'[39m +
        [32m`\x1B[2m  - waiting for locator('iframe[title="Iframe for expiry date"]') to be visible\x1B[22m\n`[39m,
      stack: [32m'TimeoutError: page.waitForSelector: Timeout 60000ms exceeded.\n'[39m +
        [32m'Call log:\n'[39m +
        [32m`\x1B[2m  - waiting for locator('iframe[title="Iframe for expiry date"]') to be visible\x1B[22m\n`[39m +
        [32m'\n'[39m +
        [32m'    at payWithCard (C:\\playwright-project\\src\\page-objects\\paymentPage.ts:4:20)\n'[39m +
        [32m'    at payWithCardInformation (C:\\playwright-project\\src\\tests\\DateTest.spec.ts:82:22)\n'[39m +
        [32m'    at fn (C:\\playwright-project\\src\\tests\\DateTest.spec.ts:204:17)\n'[39m +
        [32m'    at runWithRetries (C:\\playwright-project\\src\\tests\\DateTest.spec.ts:113:13)\n'[39m +
        [32m'    at executeTests (C:\\playwright-project\\src\\tests\\DateTest.spec.ts:203:31)\n'[39m +
        [32m'    at C:\\playwright-project\\src\\tests\\DateTest.spec.ts:254:29'[39m,
      cause: [90mundefined[39m
    }
  }
}
Intento 2 fallido en payWithCard: page.waitForSelector: Timeout 60000ms exceeded.
Call log:
[2m  - waiting for locator('iframe[title="Iframe for expiry date"]') to be visible[22m

    at payWithCard [90m(C:\playwright-project\[39msrc\page-objects\paymentPage.ts:4:20[90m)[39m
    at payWithCardInformation [90m(C:\playwright-project\[39msrc\tests\DateTest.spec.ts:82:22[90m)[39m
    at fn [90m(C:\playwright-project\[39msrc\tests\DateTest.spec.ts:204:17[90m)[39m
    at runWithRetries [90m(C:\playwright-project\[39msrc\tests\DateTest.spec.ts:113:13[90m)[39m
    at executeTests [90m(C:\playwright-project\[39msrc\tests\DateTest.spec.ts:203:31[90m)[39m
    at [90mC:\playwright-project\[39msrc\tests\DateTest.spec.ts:254:29 {
  name: [32m'TimeoutError'[39m,
  [[32mSymbol(step)[39m]: {
    stepId: [32m'pw:api@58'[39m,
    location: {
      file: [32m'C:\\playwright-project\\src\\page-objects\\paymentPage.ts'[39m,
      line: [33m4[39m,
      column: [33m20[39m,
      function: [32m'payWithCard'[39m
    },
    category: [32m'pw:api'[39m,
    title: [32m'page.waitForSelector(iframe[title="Iframe for expiry date"])'[39m,
    apiName: [32m'page.waitForSelector'[39m,
    params: {
      selector: [32m'iframe[title="Iframe for expiry date"]'[39m,
      timeout: [33m60000[39m
    },
    boxedStack: [90mundefined[39m,
    steps: [],
    complete: [36m[Function: complete][39m,
    endWallTime: [33m1737619212998[39m,
    error: {
      message: [32m'TimeoutError: page.waitForSelector: Timeout 60000ms exceeded.\n'[39m +
        [32m'Call log:\n'[39m +
        [32m`\x1B[2m  - waiting for locator('iframe[title="Iframe for expiry date"]') to be visible\x1B[22m\n`[39m,
      stack: [32m'TimeoutError: page.waitForSelector: Timeout 60000ms exceeded.\n'[39m +
        [32m'Call log:\n'[39m +
        [32m`\x1B[2m  - waiting for locator('iframe[title="Iframe for expiry date"]') to be visible\x1B[22m\n`[39m +
        [32m'\n'[39m +
        [32m'    at payWithCard (C:\\playwright-project\\src\\page-objects\\paymentPage.ts:4:20)\n'[39m +
        [32m'    at payWithCardInformation (C:\\playwright-project\\src\\tests\\DateTest.spec.ts:82:22)\n'[39m +
        [32m'    at fn (C:\\playwright-project\\src\\tests\\DateTest.spec.ts:204:17)\n'[39m +
        [32m'    at runWithRetries (C:\\playwright-project\\src\\tests\\DateTest.spec.ts:113:13)\n'[39m +
        [32m'    at executeTests (C:\\playwright-project\\src\\tests\\DateTest.spec.ts:203:31)\n'[39m +
        [32m'    at C:\\playwright-project\\src\\tests\\DateTest.spec.ts:254:29'[39m,
      cause: [90mundefined[39m
    }
  }
}
Error while handling iframe payment: page.waitForSelector: Timeout 60000ms exceeded.
Call log:
[2m  - waiting for locator('iframe[title="Iframe for expiry date"]') to be visible[22m

    at payWithCard [90m(C:\playwright-project\[39msrc\page-objects\paymentPage.ts:4:20[90m)[39m
    at payWithCardInformation [90m(C:\playwright-project\[39msrc\tests\DateTest.spec.ts:82:22[90m)[39m
    at fn [90m(C:\playwright-project\[39msrc\tests\DateTest.spec.ts:204:17[90m)[39m
    at runWithRetries [90m(C:\playwright-project\[39msrc\tests\DateTest.spec.ts:113:13[90m)[39m
    at executeTests [90m(C:\playwright-project\[39msrc\tests\DateTest.spec.ts:203:31[90m)[39m
    at [90mC:\playwright-project\[39msrc\tests\DateTest.spec.ts:254:29 {
  name: [32m'TimeoutError'[39m,
  [[32mSymbol(step)[39m]: {
    stepId: [32m'pw:api@59'[39m,
    location: {
      file: [32m'C:\\playwright-project\\src\\page-objects\\paymentPage.ts'[39m,
      line: [33m4[39m,
      column: [33m20[39m,
      function: [32m'payWithCard'[39m
    },
    category: [32m'pw:api'[39m,
    title: [32m'page.waitForSelector(iframe[title="Iframe for expiry date"])'[39m,
    apiName: [32m'page.waitForSelector'[39m,
    params: {
      selector: [32m'iframe[title="Iframe for expiry date"]'[39m,
      timeout: [33m60000[39m
    },
    boxedStack: [90mundefined[39m,
    steps: [],
    complete: [36m[Function: complete][39m,
    endWallTime: [33m1737619273013[39m,
    error: {
      message: [32m'TimeoutError: page.waitForSelector: Timeout 60000ms exceeded.\n'[39m +
        [32m'Call log:\n'[39m +
        [32m`\x1B[2m  - waiting for locator('iframe[title="Iframe for expiry date"]') to be visible\x1B[22m\n`[39m,
      stack: [32m'TimeoutError: page.waitForSelector: Timeout 60000ms exceeded.\n'[39m +
        [32m'Call log:\n'[39m +
        [32m`\x1B[2m  - waiting for locator('iframe[title="Iframe for expiry date"]') to be visible\x1B[22m\n`[39m +
        [32m'\n'[39m +
        [32m'    at payWithCard (C:\\playwright-project\\src\\page-objects\\paymentPage.ts:4:20)\n'[39m +
        [32m'    at payWithCardInformation (C:\\playwright-project\\src\\tests\\DateTest.spec.ts:82:22)\n'[39m +
        [32m'    at fn (C:\\playwright-project\\src\\tests\\DateTest.spec.ts:204:17)\n'[39m +
        [32m'    at runWithRetries (C:\\playwright-project\\src\\tests\\DateTest.spec.ts:113:13)\n'[39m +
        [32m'    at executeTests (C:\\playwright-project\\src\\tests\\DateTest.spec.ts:203:31)\n'[39m +
        [32m'    at C:\\playwright-project\\src\\tests\\DateTest.spec.ts:254:29'[39m,
      cause: [90mundefined[39m
    }
  }
}
Intento 3 fallido en payWithCard: page.waitForSelector: Timeout 60000ms exceeded.
Call log:
[2m  - waiting for locator('iframe[title="Iframe for expiry date"]') to be visible[22m

    at payWithCard [90m(C:\playwright-project\[39msrc\page-objects\paymentPage.ts:4:20[90m)[39m
    at payWithCardInformation [90m(C:\playwright-project\[39msrc\tests\DateTest.spec.ts:82:22[90m)[39m
    at fn [90m(C:\playwright-project\[39msrc\tests\DateTest.spec.ts:204:17[90m)[39m
    at runWithRetries [90m(C:\playwright-project\[39msrc\tests\DateTest.spec.ts:113:13[90m)[39m
    at executeTests [90m(C:\playwright-project\[39msrc\tests\DateTest.spec.ts:203:31[90m)[39m
    at [90mC:\playwright-project\[39msrc\tests\DateTest.spec.ts:254:29 {
  name: [32m'TimeoutError'[39m,
  [[32mSymbol(step)[39m]: {
    stepId: [32m'pw:api@59'[39m,
    location: {
      file: [32m'C:\\playwright-project\\src\\page-objects\\paymentPage.ts'[39m,
      line: [33m4[39m,
      column: [33m20[39m,
      function: [32m'payWithCard'[39m
    },
    category: [32m'pw:api'[39m,
    title: [32m'page.waitForSelector(iframe[title="Iframe for expiry date"])'[39m,
    apiName: [32m'page.waitForSelector'[39m,
    params: {
      selector: [32m'iframe[title="Iframe for expiry date"]'[39m,
      timeout: [33m60000[39m
    },
    boxedStack: [90mundefined[39m,
    steps: [],
    complete: [36m[Function: complete][39m,
    endWallTime: [33m1737619273013[39m,
    error: {
      message: [32m'TimeoutError: page.waitForSelector: Timeout 60000ms exceeded.\n'[39m +
        [32m'Call log:\n'[39m +
        [32m`\x1B[2m  - waiting for locator('iframe[title="Iframe for expiry date"]') to be visible\x1B[22m\n`[39m,
      stack: [32m'TimeoutError: page.waitForSelector: Timeout 60000ms exceeded.\n'[39m +
        [32m'Call log:\n'[39m +
        [32m`\x1B[2m  - waiting for locator('iframe[title="Iframe for expiry date"]') to be visible\x1B[22m\n`[39m +
        [32m'\n'[39m +
        [32m'    at payWithCard (C:\\playwright-project\\src\\page-objects\\paymentPage.ts:4:20)\n'[39m +
        [32m'    at payWithCardInformation (C:\\playwright-project\\src\\tests\\DateTest.spec.ts:82:22)\n'[39m +
        [32m'    at fn (C:\\playwright-project\\src\\tests\\DateTest.spec.ts:204:17)\n'[39m +
        [32m'    at runWithRetries (C:\\playwright-project\\src\\tests\\DateTest.spec.ts:113:13)\n'[39m +
        [32m'    at executeTests (C:\\playwright-project\\src\\tests\\DateTest.spec.ts:203:31)\n'[39m +
        [32m'    at C:\\playwright-project\\src\\tests\\DateTest.spec.ts:254:29'[39m,
      cause: [90mundefined[39m
    }
  }
}
Prueba payWithCard fallida después de 3 intentos.
Error while handling iframe payment: page.waitForSelector: Timeout 60000ms exceeded.
Call log:
[2m  - waiting for locator('iframe[title="Iframe for expiry date"]') to be visible[22m

    at payWithCard [90m(C:\playwright-project\[39msrc\page-objects\paymentPage.ts:4:20[90m)[39m
    at payWithCardInformation [90m(C:\playwright-project\[39msrc\tests\DateTest.spec.ts:82:22[90m)[39m
    at fn [90m(C:\playwright-project\[39msrc\tests\DateTest.spec.ts:204:17[90m)[39m
    at runWithRetries [90m(C:\playwright-project\[39msrc\tests\DateTest.spec.ts:113:13[90m)[39m
    at executeTests [90m(C:\playwright-project\[39msrc\tests\DateTest.spec.ts:203:37[90m)[39m
    at [90mC:\playwright-project\[39msrc\tests\DateTest.spec.ts:254:29 {
  name: [32m'TimeoutError'[39m,
  [[32mSymbol(step)[39m]: {
    stepId: [32m'pw:api@118'[39m,
    location: {
      file: [32m'C:\\playwright-project\\src\\page-objects\\paymentPage.ts'[39m,
      line: [33m4[39m,
      column: [33m20[39m,
      function: [32m'payWithCard'[39m
    },
    category: [32m'pw:api'[39m,
    title: [32m'page.waitForSelector(iframe[title="Iframe for expiry date"])'[39m,
    apiName: [32m'page.waitForSelector'[39m,
    params: {
      selector: [32m'iframe[title="Iframe for expiry date"]'[39m,
      timeout: [33m60000[39m
    },
    boxedStack: [90mundefined[39m,
    steps: [],
    complete: [36m[Function: complete][39m,
    endWallTime: [33m1737619355090[39m,
    error: {
      message: [32m'TimeoutError: page.waitForSelector: Timeout 60000ms exceeded.\n'[39m +
        [32m'Call log:\n'[39m +
        [32m`\x1B[2m  - waiting for locator('iframe[title="Iframe for expiry date"]') to be visible\x1B[22m\n`[39m,
      stack: [32m'TimeoutError: page.waitForSelector: Timeout 60000ms exceeded.\n'[39m +
        [32m'Call log:\n'[39m +
        [32m`\x1B[2m  - waiting for locator('iframe[title="Iframe for expiry date"]') to be visible\x1B[22m\n`[39m +
        [32m'\n'[39m +
        [32m'    at payWithCard (C:\\playwright-project\\src\\page-objects\\paymentPage.ts:4:20)\n'[39m +
        [32m'    at payWithCardInformation (C:\\playwright-project\\src\\tests\\DateTest.spec.ts:82:22)\n'[39m +
        [32m'    at fn (C:\\playwright-project\\src\\tests\\DateTest.spec.ts:204:17)\n'[39m +
        [32m'    at runWithRetries (C:\\playwright-project\\src\\tests\\DateTest.spec.ts:113:13)\n'[39m +
        [32m'    at executeTests (C:\\playwright-project\\src\\tests\\DateTest.spec.ts:203:37)\n'[39m +
        [32m'    at C:\\playwright-project\\src\\tests\\DateTest.spec.ts:254:29'[39m,
      cause: [90mundefined[39m
    }
  }
}
Intento 1 fallido en payWithCard: page.waitForSelector: Timeout 60000ms exceeded.
Call log:
[2m  - waiting for locator('iframe[title="Iframe for expiry date"]') to be visible[22m

    at payWithCard [90m(C:\playwright-project\[39msrc\page-objects\paymentPage.ts:4:20[90m)[39m
    at payWithCardInformation [90m(C:\playwright-project\[39msrc\tests\DateTest.spec.ts:82:22[90m)[39m
    at fn [90m(C:\playwright-project\[39msrc\tests\DateTest.spec.ts:204:17[90m)[39m
    at runWithRetries [90m(C:\playwright-project\[39msrc\tests\DateTest.spec.ts:113:13[90m)[39m
    at executeTests [90m(C:\playwright-project\[39msrc\tests\DateTest.spec.ts:203:37[90m)[39m
    at [90mC:\playwright-project\[39msrc\tests\DateTest.spec.ts:254:29 {
  name: [32m'TimeoutError'[39m,
  [[32mSymbol(step)[39m]: {
    stepId: [32m'pw:api@118'[39m,
    location: {
      file: [32m'C:\\playwright-project\\src\\page-objects\\paymentPage.ts'[39m,
      line: [33m4[39m,
      column: [33m20[39m,
      function: [32m'payWithCard'[39m
    },
    category: [32m'pw:api'[39m,
    title: [32m'page.waitForSelector(iframe[title="Iframe for expiry date"])'[39m,
    apiName: [32m'page.waitForSelector'[39m,
    params: {
      selector: [32m'iframe[title="Iframe for expiry date"]'[39m,
      timeout: [33m60000[39m
    },
    boxedStack: [90mundefined[39m,
    steps: [],
    complete: [36m[Function: complete][39m,
    endWallTime: [33m1737619355090[39m,
    error: {
      message: [32m'TimeoutError: page.waitForSelector: Timeout 60000ms exceeded.\n'[39m +
        [32m'Call log:\n'[39m +
        [32m`\x1B[2m  - waiting for locator('iframe[title="Iframe for expiry date"]') to be visible\x1B[22m\n`[39m,
      stack: [32m'TimeoutError: page.waitForSelector: Timeout 60000ms exceeded.\n'[39m +
        [32m'Call log:\n'[39m +
        [32m`\x1B[2m  - waiting for locator('iframe[title="Iframe for expiry date"]') to be visible\x1B[22m\n`[39m +
        [32m'\n'[39m +
        [32m'    at payWithCard (C:\\playwright-project\\src\\page-objects\\paymentPage.ts:4:20)\n'[39m +
        [32m'    at payWithCardInformation (C:\\playwright-project\\src\\tests\\DateTest.spec.ts:82:22)\n'[39m +
        [32m'    at fn (C:\\playwright-project\\src\\tests\\DateTest.spec.ts:204:17)\n'[39m +
        [32m'    at runWithRetries (C:\\playwright-project\\src\\tests\\DateTest.spec.ts:113:13)\n'[39m +
        [32m'    at executeTests (C:\\playwright-project\\src\\tests\\DateTest.spec.ts:203:37)\n'[39m +
        [32m'    at C:\\playwright-project\\src\\tests\\DateTest.spec.ts:254:29'[39m,
      cause: [90mundefined[39m
    }
  }
}
Error while handling iframe payment: page.waitForSelector: Timeout 60000ms exceeded.
Call log:
[2m  - waiting for locator('iframe[title="Iframe for expiry date"]') to be visible[22m

    at payWithCard [90m(C:\playwright-project\[39msrc\page-objects\paymentPage.ts:4:20[90m)[39m
    at payWithCardInformation [90m(C:\playwright-project\[39msrc\tests\DateTest.spec.ts:82:22[90m)[39m
    at fn [90m(C:\playwright-project\[39msrc\tests\DateTest.spec.ts:204:17[90m)[39m
    at runWithRetries [90m(C:\playwright-project\[39msrc\tests\DateTest.spec.ts:113:13[90m)[39m
    at executeTests [90m(C:\playwright-project\[39msrc\tests\DateTest.spec.ts:203:31[90m)[39m
    at [90mC:\playwright-project\[39msrc\tests\DateTest.spec.ts:254:29 {
  name: [32m'TimeoutError'[39m,
  [[32mSymbol(step)[39m]: {
    stepId: [32m'pw:api@119'[39m,
    location: {
      file: [32m'C:\\playwright-project\\src\\page-objects\\paymentPage.ts'[39m,
      line: [33m4[39m,
      column: [33m20[39m,
      function: [32m'payWithCard'[39m
    },
    category: [32m'pw:api'[39m,
    title: [32m'page.waitForSelector(iframe[title="Iframe for expiry date"])'[39m,
    apiName: [32m'page.waitForSelector'[39m,
    params: {
      selector: [32m'iframe[title="Iframe for expiry date"]'[39m,
      timeout: [33m60000[39m
    },
    boxedStack: [90mundefined[39m,
    steps: [],
    complete: [36m[Function: complete][39m,
    endWallTime: [33m1737619415101[39m,
    error: {
      message: [32m'TimeoutError: page.waitForSelector: Timeout 60000ms exceeded.\n'[39m +
        [32m'Call log:\n'[39m +
        [32m`\x1B[2m  - waiting for locator('iframe[title="Iframe for expiry date"]') to be visible\x1B[22m\n`[39m,
      stack: [32m'TimeoutError: page.waitForSelector: Timeout 60000ms exceeded.\n'[39m +
        [32m'Call log:\n'[39m +
        [32m`\x1B[2m  - waiting for locator('iframe[title="Iframe for expiry date"]') to be visible\x1B[22m\n`[39m +
        [32m'\n'[39m +
        [32m'    at payWithCard (C:\\playwright-project\\src\\page-objects\\paymentPage.ts:4:20)\n'[39m +
        [32m'    at payWithCardInformation (C:\\playwright-project\\src\\tests\\DateTest.spec.ts:82:22)\n'[39m +
        [32m'    at fn (C:\\playwright-project\\src\\tests\\DateTest.spec.ts:204:17)\n'[39m +
        [32m'    at runWithRetries (C:\\playwright-project\\src\\tests\\DateTest.spec.ts:113:13)\n'[39m +
        [32m'    at executeTests (C:\\playwright-project\\src\\tests\\DateTest.spec.ts:203:31)\n'[39m +
        [32m'    at C:\\playwright-project\\src\\tests\\DateTest.spec.ts:254:29'[39m,
      cause: [90mundefined[39m
    }
  }
}
Intento 2 fallido en payWithCard: page.waitForSelector: Timeout 60000ms exceeded.
Call log:
[2m  - waiting for locator('iframe[title="Iframe for expiry date"]') to be visible[22m

    at payWithCard [90m(C:\playwright-project\[39msrc\page-objects\paymentPage.ts:4:20[90m)[39m
    at payWithCardInformation [90m(C:\playwright-project\[39msrc\tests\DateTest.spec.ts:82:22[90m)[39m
    at fn [90m(C:\playwright-project\[39msrc\tests\DateTest.spec.ts:204:17[90m)[39m
    at runWithRetries [90m(C:\playwright-project\[39msrc\tests\DateTest.spec.ts:113:13[90m)[39m
    at executeTests [90m(C:\playwright-project\[39msrc\tests\DateTest.spec.ts:203:31[90m)[39m
    at [90mC:\playwright-project\[39msrc\tests\DateTest.spec.ts:254:29 {
  name: [32m'TimeoutError'[39m,
  [[32mSymbol(step)[39m]: {
    stepId: [32m'pw:api@119'[39m,
    location: {
      file: [32m'C:\\playwright-project\\src\\page-objects\\paymentPage.ts'[39m,
      line: [33m4[39m,
      column: [33m20[39m,
      function: [32m'payWithCard'[39m
    },
    category: [32m'pw:api'[39m,
    title: [32m'page.waitForSelector(iframe[title="Iframe for expiry date"])'[39m,
    apiName: [32m'page.waitForSelector'[39m,
    params: {
      selector: [32m'iframe[title="Iframe for expiry date"]'[39m,
      timeout: [33m60000[39m
    },
    boxedStack: [90mundefined[39m,
    steps: [],
    complete: [36m[Function: complete][39m,
    endWallTime: [33m1737619415101[39m,
    error: {
      message: [32m'TimeoutError: page.waitForSelector: Timeout 60000ms exceeded.\n'[39m +
        [32m'Call log:\n'[39m +
        [32m`\x1B[2m  - waiting for locator('iframe[title="Iframe for expiry date"]') to be visible\x1B[22m\n`[39m,
      stack: [32m'TimeoutError: page.waitForSelector: Timeout 60000ms exceeded.\n'[39m +
        [32m'Call log:\n'[39m +
        [32m`\x1B[2m  - waiting for locator('iframe[title="Iframe for expiry date"]') to be visible\x1B[22m\n`[39m +
        [32m'\n'[39m +
        [32m'    at payWithCard (C:\\playwright-project\\src\\page-objects\\paymentPage.ts:4:20)\n'[39m +
        [32m'    at payWithCardInformation (C:\\playwright-project\\src\\tests\\DateTest.spec.ts:82:22)\n'[39m +
        [32m'    at fn (C:\\playwright-project\\src\\tests\\DateTest.spec.ts:204:17)\n'[39m +
        [32m'    at runWithRetries (C:\\playwright-project\\src\\tests\\DateTest.spec.ts:113:13)\n'[39m +
        [32m'    at executeTests (C:\\playwright-project\\src\\tests\\DateTest.spec.ts:203:31)\n'[39m +
        [32m'    at C:\\playwright-project\\src\\tests\\DateTest.spec.ts:254:29'[39m,
      cause: [90mundefined[39m
    }
  }
}
Error while handling iframe payment: page.waitForSelector: Test ended.
Call log:
[2m  - waiting for locator('iframe[title="Iframe for expiry date"]') to be visible[22m

    at payWithCard [90m(C:\playwright-project\[39msrc\page-objects\paymentPage.ts:4:20[90m)[39m
    at payWithCardInformation [90m(C:\playwright-project\[39msrc\tests\DateTest.spec.ts:82:22[90m)[39m
    at fn [90m(C:\playwright-project\[39msrc\tests\DateTest.spec.ts:204:17[90m)[39m
    at runWithRetries [90m(C:\playwright-project\[39msrc\tests\DateTest.spec.ts:113:13[90m)[39m
    at executeTests [90m(C:\playwright-project\[39msrc\tests\DateTest.spec.ts:203:31[90m)[39m
    at [90mC:\playwright-project\[39msrc\tests\DateTest.spec.ts:254:29
Intento 3 fallido en payWithCard: page.waitForSelector: Test ended.
Call log:
[2m  - waiting for locator('iframe[title="Iframe for expiry date"]') to be visible[22m

    at payWithCard [90m(C:\playwright-project\[39msrc\page-objects\paymentPage.ts:4:20[90m)[39m
    at payWithCardInformation [90m(C:\playwright-project\[39msrc\tests\DateTest.spec.ts:82:22[90m)[39m
    at fn [90m(C:\playwright-project\[39msrc\tests\DateTest.spec.ts:204:17[90m)[39m
    at runWithRetries [90m(C:\playwright-project\[39msrc\tests\DateTest.spec.ts:113:13[90m)[39m
    at executeTests [90m(C:\playwright-project\[39msrc\tests\DateTest.spec.ts:203:31[90m)[39m
    at [90mC:\playwright-project\[39msrc\tests\DateTest.spec.ts:254:29
Error crítico durante la ejecución: page.screenshot: Target page, context or browser has been closed
    at runWithRetries [90m(C:\playwright-project\[39msrc\tests\DateTest.spec.ts:118:20[90m)[39m
    at executeTests [90m(C:\playwright-project\[39msrc\tests\DateTest.spec.ts:203:31[90m)[39m
    at [90mC:\playwright-project\[39msrc\tests\DateTest.spec.ts:254:29

Warning: attachment DateTest-1-error---dd-mm-a-7548a-ión-completa-con-reintentos-chromium\test-failed-1.png is missing]]>
</system-err>
</testcase>
<testcase name="2. mm/dd/aaaa (fecha EN) › Ejecución completa con reintentos" classname="DateTest.spec.ts" time="239.101">
<system-out>
<![CDATA[Ejecución completa, intento 1 de 5
Ejecutando Booking, intento 1
Fecha de salida seleccionada: { year: [32m'2025'[39m, month: [32m'5'[39m, index: [33m12[39m, value: [33m29[39m }
Ajustando número de pasajeros
Successfully clicked the element: div.price-cabin:has-text("Economy")
Ejecutando fillPassengerAdult 1, intento 1
Ejecutando fillContact, intento 1
Ejecutando payWithCard, intento 1
Ejecutando payWithCard, intento 2
Ejecutando payWithCard, intento 3
Ejecución completa, intento 2 de 5
Ejecutando Booking, intento 1
Fecha de salida seleccionada: { year: [32m'2025'[39m, month: [32m'6'[39m, index: [33m0[39m, value: [33m3[39m }
Ajustando número de pasajeros
Successfully clicked the element: div.price-cabin:has-text("Economy")
Ejecutando fillPassengerAdult 1, intento 1
Ejecutando fillContact, intento 1
Ejecutando payWithCard, intento 1
Iframe encontrado.
]]>
</system-out>
<system-err>
<![CDATA[Error while handling iframe payment: page.waitForSelector: Timeout 60000ms exceeded.
Call log:
[2m  - waiting for locator('iframe[title="Iframe for expiry date"]') to be visible[22m
[2m    - waiting for" https://lv-fndoor-ecommerce-sbx-ghdubdbgdtcsane6.a01.azurefd.net/nwe/payment/?forcedCulture=en" navigation to finish...[22m
[2m    - navigated to "https://lv-fndoor-ecommerce-sbx-ghdubdbgdtcsane6.a01.azurefd.net/nwe/payment/?forcedCulture=en"[22m

    at payWithCard [90m(C:\playwright-project\[39msrc\page-objects\paymentPage.ts:4:20[90m)[39m
    at payWithCardInformation [90m(C:\playwright-project\[39msrc\tests\DateTest.spec.ts:82:22[90m)[39m
    at fn [90m(C:\playwright-project\[39msrc\tests\DateTest.spec.ts:204:17[90m)[39m
    at runWithRetries [90m(C:\playwright-project\[39msrc\tests\DateTest.spec.ts:113:13[90m)[39m
    at executeTests [90m(C:\playwright-project\[39msrc\tests\DateTest.spec.ts:203:37[90m)[39m
    at [90mC:\playwright-project\[39msrc\tests\DateTest.spec.ts:292:31 {
  name: [32m'TimeoutError'[39m,
  [[32mSymbol(step)[39m]: {
    stepId: [32m'pw:api@55'[39m,
    location: {
      file: [32m'C:\\playwright-project\\src\\page-objects\\paymentPage.ts'[39m,
      line: [33m4[39m,
      column: [33m20[39m,
      function: [32m'payWithCard'[39m
    },
    category: [32m'pw:api'[39m,
    title: [32m'page.waitForSelector(iframe[title="Iframe for expiry date"])'[39m,
    apiName: [32m'page.waitForSelector'[39m,
    params: {
      selector: [32m'iframe[title="Iframe for expiry date"]'[39m,
      timeout: [33m60000[39m
    },
    boxedStack: [90mundefined[39m,
    steps: [],
    complete: [36m[Function: complete][39m,
    endWallTime: [33m1737619155739[39m,
    error: {
      message: [32m'TimeoutError: page.waitForSelector: Timeout 60000ms exceeded.\n'[39m +
        [32m'Call log:\n'[39m +
        [32m`\x1B[2m  - waiting for locator('iframe[title="Iframe for expiry date"]') to be visible\x1B[22m\n`[39m +
        [32m'\x1B[2m    - waiting for" https://lv-fndoor-ecommerce-sbx-ghdubdbgdtcsane6.a01.azurefd.net/nwe/payment/?forcedCulture=en" navigation to finish...\x1B[22m\n'[39m +
        [32m'\x1B[2m    - navigated to "https://lv-fndoor-ecommerce-sbx-ghdubdbgdtcsane6.a01.azurefd.net/nwe/payment/?forcedCulture=en"\x1B[22m\n'[39m,
      stack: [32m'TimeoutError: page.waitForSelector: Timeout 60000ms exceeded.\n'[39m +
        [32m'Call log:\n'[39m +
        [32m`\x1B[2m  - waiting for locator('iframe[title="Iframe for expiry date"]') to be visible\x1B[22m\n`[39m +
        [32m'\x1B[2m    - waiting for" https://lv-fndoor-ecommerce-sbx-ghdubdbgdtcsane6.a01.azurefd.net/nwe/payment/?forcedCulture=en" navigation to finish...\x1B[22m\n'[39m +
        [32m'\x1B[2m    - navigated to "https://lv-fndoor-ecommerce-sbx-ghdubdbgdtcsane6.a01.azurefd.net/nwe/payment/?forcedCulture=en"\x1B[22m\n'[39m +
        [32m'\n'[39m +
        [32m'    at payWithCard (C:\\playwright-project\\src\\page-objects\\paymentPage.ts:4:20)\n'[39m +
        [32m'    at payWithCardInformation (C:\\playwright-project\\src\\tests\\DateTest.spec.ts:82:22)\n'[39m +
        [32m'    at fn (C:\\playwright-project\\src\\tests\\DateTest.spec.ts:204:17)\n'[39m +
        [32m'    at runWithRetries (C:\\playwright-project\\src\\tests\\DateTest.spec.ts:113:13)\n'[39m +
        [32m'    at executeTests (C:\\playwright-project\\src\\tests\\DateTest.spec.ts:203:37)\n'[39m +
        [32m'    at C:\\playwright-project\\src\\tests\\DateTest.spec.ts:292:31'[39m,
      cause: [90mundefined[39m
    }
  }
}
Intento 1 fallido en payWithCard: page.waitForSelector: Timeout 60000ms exceeded.
Call log:
[2m  - waiting for locator('iframe[title="Iframe for expiry date"]') to be visible[22m
[2m    - waiting for" https://lv-fndoor-ecommerce-sbx-ghdubdbgdtcsane6.a01.azurefd.net/nwe/payment/?forcedCulture=en" navigation to finish...[22m
[2m    - navigated to "https://lv-fndoor-ecommerce-sbx-ghdubdbgdtcsane6.a01.azurefd.net/nwe/payment/?forcedCulture=en"[22m

    at payWithCard [90m(C:\playwright-project\[39msrc\page-objects\paymentPage.ts:4:20[90m)[39m
    at payWithCardInformation [90m(C:\playwright-project\[39msrc\tests\DateTest.spec.ts:82:22[90m)[39m
    at fn [90m(C:\playwright-project\[39msrc\tests\DateTest.spec.ts:204:17[90m)[39m
    at runWithRetries [90m(C:\playwright-project\[39msrc\tests\DateTest.spec.ts:113:13[90m)[39m
    at executeTests [90m(C:\playwright-project\[39msrc\tests\DateTest.spec.ts:203:37[90m)[39m
    at [90mC:\playwright-project\[39msrc\tests\DateTest.spec.ts:292:31 {
  name: [32m'TimeoutError'[39m,
  [[32mSymbol(step)[39m]: {
    stepId: [32m'pw:api@55'[39m,
    location: {
      file: [32m'C:\\playwright-project\\src\\page-objects\\paymentPage.ts'[39m,
      line: [33m4[39m,
      column: [33m20[39m,
      function: [32m'payWithCard'[39m
    },
    category: [32m'pw:api'[39m,
    title: [32m'page.waitForSelector(iframe[title="Iframe for expiry date"])'[39m,
    apiName: [32m'page.waitForSelector'[39m,
    params: {
      selector: [32m'iframe[title="Iframe for expiry date"]'[39m,
      timeout: [33m60000[39m
    },
    boxedStack: [90mundefined[39m,
    steps: [],
    complete: [36m[Function: complete][39m,
    endWallTime: [33m1737619155739[39m,
    error: {
      message: [32m'TimeoutError: page.waitForSelector: Timeout 60000ms exceeded.\n'[39m +
        [32m'Call log:\n'[39m +
        [32m`\x1B[2m  - waiting for locator('iframe[title="Iframe for expiry date"]') to be visible\x1B[22m\n`[39m +
        [32m'\x1B[2m    - waiting for" https://lv-fndoor-ecommerce-sbx-ghdubdbgdtcsane6.a01.azurefd.net/nwe/payment/?forcedCulture=en" navigation to finish...\x1B[22m\n'[39m +
        [32m'\x1B[2m    - navigated to "https://lv-fndoor-ecommerce-sbx-ghdubdbgdtcsane6.a01.azurefd.net/nwe/payment/?forcedCulture=en"\x1B[22m\n'[39m,
      stack: [32m'TimeoutError: page.waitForSelector: Timeout 60000ms exceeded.\n'[39m +
        [32m'Call log:\n'[39m +
        [32m`\x1B[2m  - waiting for locator('iframe[title="Iframe for expiry date"]') to be visible\x1B[22m\n`[39m +
        [32m'\x1B[2m    - waiting for" https://lv-fndoor-ecommerce-sbx-ghdubdbgdtcsane6.a01.azurefd.net/nwe/payment/?forcedCulture=en" navigation to finish...\x1B[22m\n'[39m +
        [32m'\x1B[2m    - navigated to "https://lv-fndoor-ecommerce-sbx-ghdubdbgdtcsane6.a01.azurefd.net/nwe/payment/?forcedCulture=en"\x1B[22m\n'[39m +
        [32m'\n'[39m +
        [32m'    at payWithCard (C:\\playwright-project\\src\\page-objects\\paymentPage.ts:4:20)\n'[39m +
        [32m'    at payWithCardInformation (C:\\playwright-project\\src\\tests\\DateTest.spec.ts:82:22)\n'[39m +
        [32m'    at fn (C:\\playwright-project\\src\\tests\\DateTest.spec.ts:204:17)\n'[39m +
        [32m'    at runWithRetries (C:\\playwright-project\\src\\tests\\DateTest.spec.ts:113:13)\n'[39m +
        [32m'    at executeTests (C:\\playwright-project\\src\\tests\\DateTest.spec.ts:203:37)\n'[39m +
        [32m'    at C:\\playwright-project\\src\\tests\\DateTest.spec.ts:292:31'[39m,
      cause: [90mundefined[39m
    }
  }
}
Error while handling iframe payment: page.waitForSelector: Timeout 60000ms exceeded.
Call log:
[2m  - waiting for locator('iframe[title="Iframe for expiry date"]') to be visible[22m

    at payWithCard [90m(C:\playwright-project\[39msrc\page-objects\paymentPage.ts:4:20[90m)[39m
    at payWithCardInformation [90m(C:\playwright-project\[39msrc\tests\DateTest.spec.ts:82:22[90m)[39m
    at fn [90m(C:\playwright-project\[39msrc\tests\DateTest.spec.ts:204:17[90m)[39m
    at runWithRetries [90m(C:\playwright-project\[39msrc\tests\DateTest.spec.ts:113:13[90m)[39m
    at executeTests [90m(C:\playwright-project\[39msrc\tests\DateTest.spec.ts:203:31[90m)[39m
    at [90mC:\playwright-project\[39msrc\tests\DateTest.spec.ts:292:31 {
  name: [32m'TimeoutError'[39m,
  [[32mSymbol(step)[39m]: {
    stepId: [32m'pw:api@56'[39m,
    location: {
      file: [32m'C:\\playwright-project\\src\\page-objects\\paymentPage.ts'[39m,
      line: [33m4[39m,
      column: [33m20[39m,
      function: [32m'payWithCard'[39m
    },
    category: [32m'pw:api'[39m,
    title: [32m'page.waitForSelector(iframe[title="Iframe for expiry date"])'[39m,
    apiName: [32m'page.waitForSelector'[39m,
    params: {
      selector: [32m'iframe[title="Iframe for expiry date"]'[39m,
      timeout: [33m60000[39m
    },
    boxedStack: [90mundefined[39m,
    steps: [],
    complete: [36m[Function: complete][39m,
    endWallTime: [33m1737619215757[39m,
    error: {
      message: [32m'TimeoutError: page.waitForSelector: Timeout 60000ms exceeded.\n'[39m +
        [32m'Call log:\n'[39m +
        [32m`\x1B[2m  - waiting for locator('iframe[title="Iframe for expiry date"]') to be visible\x1B[22m\n`[39m,
      stack: [32m'TimeoutError: page.waitForSelector: Timeout 60000ms exceeded.\n'[39m +
        [32m'Call log:\n'[39m +
        [32m`\x1B[2m  - waiting for locator('iframe[title="Iframe for expiry date"]') to be visible\x1B[22m\n`[39m +
        [32m'\n'[39m +
        [32m'    at payWithCard (C:\\playwright-project\\src\\page-objects\\paymentPage.ts:4:20)\n'[39m +
        [32m'    at payWithCardInformation (C:\\playwright-project\\src\\tests\\DateTest.spec.ts:82:22)\n'[39m +
        [32m'    at fn (C:\\playwright-project\\src\\tests\\DateTest.spec.ts:204:17)\n'[39m +
        [32m'    at runWithRetries (C:\\playwright-project\\src\\tests\\DateTest.spec.ts:113:13)\n'[39m +
        [32m'    at executeTests (C:\\playwright-project\\src\\tests\\DateTest.spec.ts:203:31)\n'[39m +
        [32m'    at C:\\playwright-project\\src\\tests\\DateTest.spec.ts:292:31'[39m,
      cause: [90mundefined[39m
    }
  }
}
Intento 2 fallido en payWithCard: page.waitForSelector: Timeout 60000ms exceeded.
Call log:
[2m  - waiting for locator('iframe[title="Iframe for expiry date"]') to be visible[22m

    at payWithCard [90m(C:\playwright-project\[39msrc\page-objects\paymentPage.ts:4:20[90m)[39m
    at payWithCardInformation [90m(C:\playwright-project\[39msrc\tests\DateTest.spec.ts:82:22[90m)[39m
    at fn [90m(C:\playwright-project\[39msrc\tests\DateTest.spec.ts:204:17[90m)[39m
    at runWithRetries [90m(C:\playwright-project\[39msrc\tests\DateTest.spec.ts:113:13[90m)[39m
    at executeTests [90m(C:\playwright-project\[39msrc\tests\DateTest.spec.ts:203:31[90m)[39m
    at [90mC:\playwright-project\[39msrc\tests\DateTest.spec.ts:292:31 {
  name: [32m'TimeoutError'[39m,
  [[32mSymbol(step)[39m]: {
    stepId: [32m'pw:api@56'[39m,
    location: {
      file: [32m'C:\\playwright-project\\src\\page-objects\\paymentPage.ts'[39m,
      line: [33m4[39m,
      column: [33m20[39m,
      function: [32m'payWithCard'[39m
    },
    category: [32m'pw:api'[39m,
    title: [32m'page.waitForSelector(iframe[title="Iframe for expiry date"])'[39m,
    apiName: [32m'page.waitForSelector'[39m,
    params: {
      selector: [32m'iframe[title="Iframe for expiry date"]'[39m,
      timeout: [33m60000[39m
    },
    boxedStack: [90mundefined[39m,
    steps: [],
    complete: [36m[Function: complete][39m,
    endWallTime: [33m1737619215757[39m,
    error: {
      message: [32m'TimeoutError: page.waitForSelector: Timeout 60000ms exceeded.\n'[39m +
        [32m'Call log:\n'[39m +
        [32m`\x1B[2m  - waiting for locator('iframe[title="Iframe for expiry date"]') to be visible\x1B[22m\n`[39m,
      stack: [32m'TimeoutError: page.waitForSelector: Timeout 60000ms exceeded.\n'[39m +
        [32m'Call log:\n'[39m +
        [32m`\x1B[2m  - waiting for locator('iframe[title="Iframe for expiry date"]') to be visible\x1B[22m\n`[39m +
        [32m'\n'[39m +
        [32m'    at payWithCard (C:\\playwright-project\\src\\page-objects\\paymentPage.ts:4:20)\n'[39m +
        [32m'    at payWithCardInformation (C:\\playwright-project\\src\\tests\\DateTest.spec.ts:82:22)\n'[39m +
        [32m'    at fn (C:\\playwright-project\\src\\tests\\DateTest.spec.ts:204:17)\n'[39m +
        [32m'    at runWithRetries (C:\\playwright-project\\src\\tests\\DateTest.spec.ts:113:13)\n'[39m +
        [32m'    at executeTests (C:\\playwright-project\\src\\tests\\DateTest.spec.ts:203:31)\n'[39m +
        [32m'    at C:\\playwright-project\\src\\tests\\DateTest.spec.ts:292:31'[39m,
      cause: [90mundefined[39m
    }
  }
}
Error while handling iframe payment: page.waitForSelector: Timeout 60000ms exceeded.
Call log:
[2m  - waiting for locator('iframe[title="Iframe for expiry date"]') to be visible[22m

    at payWithCard [90m(C:\playwright-project\[39msrc\page-objects\paymentPage.ts:4:20[90m)[39m
    at payWithCardInformation [90m(C:\playwright-project\[39msrc\tests\DateTest.spec.ts:82:22[90m)[39m
    at fn [90m(C:\playwright-project\[39msrc\tests\DateTest.spec.ts:204:17[90m)[39m
    at runWithRetries [90m(C:\playwright-project\[39msrc\tests\DateTest.spec.ts:113:13[90m)[39m
    at executeTests [90m(C:\playwright-project\[39msrc\tests\DateTest.spec.ts:203:31[90m)[39m
    at [90mC:\playwright-project\[39msrc\tests\DateTest.spec.ts:292:31 {
  name: [32m'TimeoutError'[39m,
  [[32mSymbol(step)[39m]: {
    stepId: [32m'pw:api@57'[39m,
    location: {
      file: [32m'C:\\playwright-project\\src\\page-objects\\paymentPage.ts'[39m,
      line: [33m4[39m,
      column: [33m20[39m,
      function: [32m'payWithCard'[39m
    },
    category: [32m'pw:api'[39m,
    title: [32m'page.waitForSelector(iframe[title="Iframe for expiry date"])'[39m,
    apiName: [32m'page.waitForSelector'[39m,
    params: {
      selector: [32m'iframe[title="Iframe for expiry date"]'[39m,
      timeout: [33m60000[39m
    },
    boxedStack: [90mundefined[39m,
    steps: [],
    complete: [36m[Function: complete][39m,
    endWallTime: [33m1737619275774[39m,
    error: {
      message: [32m'TimeoutError: page.waitForSelector: Timeout 60000ms exceeded.\n'[39m +
        [32m'Call log:\n'[39m +
        [32m`\x1B[2m  - waiting for locator('iframe[title="Iframe for expiry date"]') to be visible\x1B[22m\n`[39m,
      stack: [32m'TimeoutError: page.waitForSelector: Timeout 60000ms exceeded.\n'[39m +
        [32m'Call log:\n'[39m +
        [32m`\x1B[2m  - waiting for locator('iframe[title="Iframe for expiry date"]') to be visible\x1B[22m\n`[39m +
        [32m'\n'[39m +
        [32m'    at payWithCard (C:\\playwright-project\\src\\page-objects\\paymentPage.ts:4:20)\n'[39m +
        [32m'    at payWithCardInformation (C:\\playwright-project\\src\\tests\\DateTest.spec.ts:82:22)\n'[39m +
        [32m'    at fn (C:\\playwright-project\\src\\tests\\DateTest.spec.ts:204:17)\n'[39m +
        [32m'    at runWithRetries (C:\\playwright-project\\src\\tests\\DateTest.spec.ts:113:13)\n'[39m +
        [32m'    at executeTests (C:\\playwright-project\\src\\tests\\DateTest.spec.ts:203:31)\n'[39m +
        [32m'    at C:\\playwright-project\\src\\tests\\DateTest.spec.ts:292:31'[39m,
      cause: [90mundefined[39m
    }
  }
}
Intento 3 fallido en payWithCard: page.waitForSelector: Timeout 60000ms exceeded.
Call log:
[2m  - waiting for locator('iframe[title="Iframe for expiry date"]') to be visible[22m

    at payWithCard [90m(C:\playwright-project\[39msrc\page-objects\paymentPage.ts:4:20[90m)[39m
    at payWithCardInformation [90m(C:\playwright-project\[39msrc\tests\DateTest.spec.ts:82:22[90m)[39m
    at fn [90m(C:\playwright-project\[39msrc\tests\DateTest.spec.ts:204:17[90m)[39m
    at runWithRetries [90m(C:\playwright-project\[39msrc\tests\DateTest.spec.ts:113:13[90m)[39m
    at executeTests [90m(C:\playwright-project\[39msrc\tests\DateTest.spec.ts:203:31[90m)[39m
    at [90mC:\playwright-project\[39msrc\tests\DateTest.spec.ts:292:31 {
  name: [32m'TimeoutError'[39m,
  [[32mSymbol(step)[39m]: {
    stepId: [32m'pw:api@57'[39m,
    location: {
      file: [32m'C:\\playwright-project\\src\\page-objects\\paymentPage.ts'[39m,
      line: [33m4[39m,
      column: [33m20[39m,
      function: [32m'payWithCard'[39m
    },
    category: [32m'pw:api'[39m,
    title: [32m'page.waitForSelector(iframe[title="Iframe for expiry date"])'[39m,
    apiName: [32m'page.waitForSelector'[39m,
    params: {
      selector: [32m'iframe[title="Iframe for expiry date"]'[39m,
      timeout: [33m60000[39m
    },
    boxedStack: [90mundefined[39m,
    steps: [],
    complete: [36m[Function: complete][39m,
    endWallTime: [33m1737619275774[39m,
    error: {
      message: [32m'TimeoutError: page.waitForSelector: Timeout 60000ms exceeded.\n'[39m +
        [32m'Call log:\n'[39m +
        [32m`\x1B[2m  - waiting for locator('iframe[title="Iframe for expiry date"]') to be visible\x1B[22m\n`[39m,
      stack: [32m'TimeoutError: page.waitForSelector: Timeout 60000ms exceeded.\n'[39m +
        [32m'Call log:\n'[39m +
        [32m`\x1B[2m  - waiting for locator('iframe[title="Iframe for expiry date"]') to be visible\x1B[22m\n`[39m +
        [32m'\n'[39m +
        [32m'    at payWithCard (C:\\playwright-project\\src\\page-objects\\paymentPage.ts:4:20)\n'[39m +
        [32m'    at payWithCardInformation (C:\\playwright-project\\src\\tests\\DateTest.spec.ts:82:22)\n'[39m +
        [32m'    at fn (C:\\playwright-project\\src\\tests\\DateTest.spec.ts:204:17)\n'[39m +
        [32m'    at runWithRetries (C:\\playwright-project\\src\\tests\\DateTest.spec.ts:113:13)\n'[39m +
        [32m'    at executeTests (C:\\playwright-project\\src\\tests\\DateTest.spec.ts:203:31)\n'[39m +
        [32m'    at C:\\playwright-project\\src\\tests\\DateTest.spec.ts:292:31'[39m,
      cause: [90mundefined[39m
    }
  }
}
Prueba payWithCard fallida después de 3 intentos.
]]>
</system-err>
</testcase>
<testcase name="3.  mm&gt;12 -&gt; NO ESTA BIEN  › Ejecución completa con reintentos" classname="DateTest.spec.ts" time="35.531">
<system-out>
<![CDATA[Ejecución completa, intento 1 de 5
Ejecutando Booking, intento 1
Fecha de salida seleccionada: { year: [32m'2025'[39m, month: [32m'6'[39m, index: [33m1[39m, value: [33m5[39m }
Ajustando número de pasajeros
Successfully clicked the element: div.price-cabin:has-text("Economy")
Ejecutando fillPassengerAdult 1, intento 1
Ejecutando fillContact, intento 1
Ejecutando payWithCard, intento 1
Iframe encontrado.
]]>
</system-out>
</testcase>
</testsuite>
</testsuites>