<?xml version='1.0' encoding='utf-8'?>
<testsuites id="" name="" tests="61" failures="7" skipped="0" errors="0" time="1629.1258289999998">
<testsuite name="1TipsNoExtraNoSeat.spec.ts" timestamp="2025-02-03T07:41:32.338Z" hostname="chromium" tests="14" failures="3" skipped="0" time="2147.247" errors="0">
<testcase name="1. 1 Adt EcoLight - sin assitence › Ejecución completa con reintentos" classname="1TipsNoExtraNoSeat.spec.ts" time="83.481">
<system-out>
Ejecución completa, intento 1 de 5
Ejecutando Booking, intento 1
Fecha de salida seleccionada: { year: [32m'2025'[39m, month: [32m'6'[39m, index: [33m2[39m, value: [33m7[39m }
Ajustando número de pasajeros
Successfully clicked the element: div.price-cabin:has-text("Economy")
Ejecutando fillPassengerAdult 1, intento 1
Ejecutando fillContact, intento 1
Ejecutando payWithCard, intento 1
Iframe encontrado.
Ejecutando payWithCard, intento 1
Ejecutando payWithCard, intento 2
Ejecutando payWithCard, intento 3
Successfully saved booking code M9WM3 to Excel

</system-out>
<system-err>
Confirmation page validation failed: Flight Summary section not found on confirmation page
Intento 1 fallido en payWithCard: Error [ValidationError]: Flight Summary section not found on confirmation page
    at validationConfirmPage [90m(C:\playwright-project\[39msrc\page-objects\confirmation.ts:86:27[90m)[39m
[90m    at runNextTicks (node:internal/process/task_queues:65:5)[39m
[90m    at processImmediate (node:internal/timers:459:9)[39m
[90m    at process.callbackTrampoline (node:internal/async_hooks:130:17)[39m
    at validationConfirmationPage [90m(C:\playwright-project\[39msrc\tests\1TipsNoExtraNoSeat.spec.ts:91:3[90m)[39m
    at runWithRetries [90m(C:\playwright-project\[39msrc\tests\1TipsNoExtraNoSeat.spec.ts:122:7[90m)[39m
    at executeTests [90m(C:\playwright-project\[39msrc\tests\1TipsNoExtraNoSeat.spec.ts:222:29[90m)[39m
    at [90mC:\playwright-project\[39msrc\tests\1TipsNoExtraNoSeat.spec.ts:273:30
    at [90mC:\playwright-project\[39mnode_modules\[4mplaywright[24m\lib\worker\workerMain.js:339:9
    at [90mC:\playwright-project\[39mnode_modules\[4mplaywright[24m\lib\worker\testInfo.js:286:11
    at TimeoutManager.withRunnable [90m(C:\playwright-project\[39mnode_modules\[4mplaywright[24m\lib\worker\timeoutManager.js:64:14[90m)[39m
    at TestInfoImpl._runAsStage [90m(C:\playwright-project\[39mnode_modules\[4mplaywright[24m\lib\worker\testInfo.js:284:7[90m)[39m
    at [90mC:\playwright-project\[39mnode_modules\[4mplaywright[24m\lib\worker\workerMain.js:331:7
    at [90mC:\playwright-project\[39mnode_modules\[4mplaywright[24m\lib\worker\testInfo.js:286:11
    at TimeoutManager.withRunnable [90m(C:\playwright-project\[39mnode_modules\[4mplaywright[24m\lib\worker\timeoutManager.js:52:27[90m)[39m
    at TestInfoImpl._runAsStage [90m(C:\playwright-project\[39mnode_modules\[4mplaywright[24m\lib\worker\testInfo.js:284:7[90m)[39m
    at WorkerMain._runTest [90m(C:\playwright-project\[39mnode_modules\[4mplaywright[24m\lib\worker\workerMain.js:281:5[90m)[39m
    at WorkerMain.runTestGroup [90m(C:\playwright-project\[39mnode_modules\[4mplaywright[24m\lib\worker\workerMain.js:205:11[90m)[39m
    at process.&lt;anonymous&gt; [90m(C:\playwright-project\[39mnode_modules\[4mplaywright[24m\lib\common\process.js:95:22[90m)[39m {
  fatal: [33mtrue[39m
}
Confirmation page validation failed: Not on confirmation page URL
Intento 2 fallido en payWithCard: Error [ValidationError]: Not on confirmation page URL
    at validationConfirmPage [90m(C:\playwright-project\[39msrc\page-objects\confirmation.ts:94:27[90m)[39m
    at validationConfirmationPage [90m(C:\playwright-project\[39msrc\tests\1TipsNoExtraNoSeat.spec.ts:91:3[90m)[39m
    at runWithRetries [90m(C:\playwright-project\[39msrc\tests\1TipsNoExtraNoSeat.spec.ts:122:7[90m)[39m
    at executeTests [90m(C:\playwright-project\[39msrc\tests\1TipsNoExtraNoSeat.spec.ts:222:29[90m)[39m
    at [90mC:\playwright-project\[39msrc\tests\1TipsNoExtraNoSeat.spec.ts:273:30
    at [90mC:\playwright-project\[39mnode_modules\[4mplaywright[24m\lib\worker\workerMain.js:339:9
    at [90mC:\playwright-project\[39mnode_modules\[4mplaywright[24m\lib\worker\testInfo.js:286:11
    at TimeoutManager.withRunnable [90m(C:\playwright-project\[39mnode_modules\[4mplaywright[24m\lib\worker\timeoutManager.js:64:14[90m)[39m
    at TestInfoImpl._runAsStage [90m(C:\playwright-project\[39mnode_modules\[4mplaywright[24m\lib\worker\testInfo.js:284:7[90m)[39m
    at [90mC:\playwright-project\[39mnode_modules\[4mplaywright[24m\lib\worker\workerMain.js:331:7
    at [90mC:\playwright-project\[39mnode_modules\[4mplaywright[24m\lib\worker\testInfo.js:286:11
    at TimeoutManager.withRunnable [90m(C:\playwright-project\[39mnode_modules\[4mplaywright[24m\lib\worker\timeoutManager.js:52:27[90m)[39m
    at TestInfoImpl._runAsStage [90m(C:\playwright-project\[39mnode_modules\[4mplaywright[24m\lib\worker\testInfo.js:284:7[90m)[39m
    at WorkerMain._runTest [90m(C:\playwright-project\[39mnode_modules\[4mplaywright[24m\lib\worker\workerMain.js:281:5[90m)[39m
    at WorkerMain.runTestGroup [90m(C:\playwright-project\[39mnode_modules\[4mplaywright[24m\lib\worker\workerMain.js:205:11[90m)[39m
    at process.&lt;anonymous&gt; [90m(C:\playwright-project\[39mnode_modules\[4mplaywright[24m\lib\common\process.js:95:22[90m)[39m {
  fatal: [33mtrue[39m
}

</system-err>
</testcase>
<testcase name="2. Compra 2 Adulto (Diferente) Economy Light - Economy Light - Nombre con caracteres especiales - sin assitence - sin asiento - sin extras › Ejecución completa con reintentos" classname="1TipsNoExtraNoSeat.spec.ts" time="103.073">
<system-out>
Ejecución completa, intento 1 de 5
Ejecutando Booking, intento 1
Fecha de salida seleccionada: { year: [32m'2025'[39m, month: [32m'6'[39m, index: [33m1[39m, value: [33m5[39m }
Ajustando número de pasajeros
Successfully clicked the element: div.price-cabin:has-text("Economy")
Ejecutando fillPassengerAdult 1, intento 1
Ejecutando fillPassengerAdult 2, intento 1
Ejecutando fillContact, intento 1
Ejecutando payWithCard, intento 1
Iframe encontrado.
Ejecutando payWithCard, intento 1
Ejecutando payWithCard, intento 2
Ejecutando payWithCard, intento 3
Successfully saved booking code M9WM6 to Excel

</system-out>
<system-err>
Confirmation page validation failed: Flight Summary section not found on confirmation page
Intento 1 fallido en payWithCard: Error [ValidationError]: Flight Summary section not found on confirmation page
    at validationConfirmPage [90m(C:\playwright-project\[39msrc\page-objects\confirmation.ts:86:27[90m)[39m
[90m    at runNextTicks (node:internal/process/task_queues:65:5)[39m
[90m    at processImmediate (node:internal/timers:459:9)[39m
[90m    at process.callbackTrampoline (node:internal/async_hooks:130:17)[39m
    at validationConfirmationPage [90m(C:\playwright-project\[39msrc\tests\1TipsNoExtraNoSeat.spec.ts:91:3[90m)[39m
    at runWithRetries [90m(C:\playwright-project\[39msrc\tests\1TipsNoExtraNoSeat.spec.ts:122:7[90m)[39m
    at executeTests [90m(C:\playwright-project\[39msrc\tests\1TipsNoExtraNoSeat.spec.ts:222:29[90m)[39m
    at [90mC:\playwright-project\[39msrc\tests\1TipsNoExtraNoSeat.spec.ts:313:30
    at [90mC:\playwright-project\[39mnode_modules\[4mplaywright[24m\lib\worker\workerMain.js:339:9
    at [90mC:\playwright-project\[39mnode_modules\[4mplaywright[24m\lib\worker\testInfo.js:286:11
    at TimeoutManager.withRunnable [90m(C:\playwright-project\[39mnode_modules\[4mplaywright[24m\lib\worker\timeoutManager.js:64:14[90m)[39m
    at TestInfoImpl._runAsStage [90m(C:\playwright-project\[39mnode_modules\[4mplaywright[24m\lib\worker\testInfo.js:284:7[90m)[39m
    at [90mC:\playwright-project\[39mnode_modules\[4mplaywright[24m\lib\worker\workerMain.js:331:7
    at [90mC:\playwright-project\[39mnode_modules\[4mplaywright[24m\lib\worker\testInfo.js:286:11
    at TimeoutManager.withRunnable [90m(C:\playwright-project\[39mnode_modules\[4mplaywright[24m\lib\worker\timeoutManager.js:52:27[90m)[39m
    at TestInfoImpl._runAsStage [90m(C:\playwright-project\[39mnode_modules\[4mplaywright[24m\lib\worker\testInfo.js:284:7[90m)[39m
    at WorkerMain._runTest [90m(C:\playwright-project\[39mnode_modules\[4mplaywright[24m\lib\worker\workerMain.js:281:5[90m)[39m
    at WorkerMain.runTestGroup [90m(C:\playwright-project\[39mnode_modules\[4mplaywright[24m\lib\worker\workerMain.js:205:11[90m)[39m
    at process.&lt;anonymous&gt; [90m(C:\playwright-project\[39mnode_modules\[4mplaywright[24m\lib\common\process.js:95:22[90m)[39m {
  fatal: [33mtrue[39m
}
Confirmation page validation failed: Not on confirmation page URL
Intento 2 fallido en payWithCard: Error [ValidationError]: Not on confirmation page URL
    at validationConfirmPage [90m(C:\playwright-project\[39msrc\page-objects\confirmation.ts:94:27[90m)[39m
    at validationConfirmationPage [90m(C:\playwright-project\[39msrc\tests\1TipsNoExtraNoSeat.spec.ts:91:3[90m)[39m
    at runWithRetries [90m(C:\playwright-project\[39msrc\tests\1TipsNoExtraNoSeat.spec.ts:122:7[90m)[39m
    at executeTests [90m(C:\playwright-project\[39msrc\tests\1TipsNoExtraNoSeat.spec.ts:222:29[90m)[39m
    at [90mC:\playwright-project\[39msrc\tests\1TipsNoExtraNoSeat.spec.ts:313:30
    at [90mC:\playwright-project\[39mnode_modules\[4mplaywright[24m\lib\worker\workerMain.js:339:9
    at [90mC:\playwright-project\[39mnode_modules\[4mplaywright[24m\lib\worker\testInfo.js:286:11
    at TimeoutManager.withRunnable [90m(C:\playwright-project\[39mnode_modules\[4mplaywright[24m\lib\worker\timeoutManager.js:64:14[90m)[39m
    at TestInfoImpl._runAsStage [90m(C:\playwright-project\[39mnode_modules\[4mplaywright[24m\lib\worker\testInfo.js:284:7[90m)[39m
    at [90mC:\playwright-project\[39mnode_modules\[4mplaywright[24m\lib\worker\workerMain.js:331:7
    at [90mC:\playwright-project\[39mnode_modules\[4mplaywright[24m\lib\worker\testInfo.js:286:11
    at TimeoutManager.withRunnable [90m(C:\playwright-project\[39mnode_modules\[4mplaywright[24m\lib\worker\timeoutManager.js:52:27[90m)[39m
    at TestInfoImpl._runAsStage [90m(C:\playwright-project\[39mnode_modules\[4mplaywright[24m\lib\worker\testInfo.js:284:7[90m)[39m
    at WorkerMain._runTest [90m(C:\playwright-project\[39mnode_modules\[4mplaywright[24m\lib\worker\workerMain.js:281:5[90m)[39m
    at WorkerMain.runTestGroup [90m(C:\playwright-project\[39mnode_modules\[4mplaywright[24m\lib\worker\workerMain.js:205:11[90m)[39m
    at process.&lt;anonymous&gt; [90m(C:\playwright-project\[39mnode_modules\[4mplaywright[24m\lib\common\process.js:95:22[90m)[39m {
  fatal: [33mtrue[39m
}

</system-err>
</testcase>
<testcase name="3. Compra 2 Adulto (Diferente) Economy Light - Economy Light - Nombre con caracteres especiales - Con assitence TODAS - sin asiento - sin extras › Ejecución completa con reintentos" classname="1TipsNoExtraNoSeat.spec.ts" time="360.139">
<failure message="1TipsNoExtraNoSeat.spec.ts:347:9 Ejecución completa con reintentos" type="FAILURE">
  [chromium] › 1TipsNoExtraNoSeat.spec.ts:347:9 › 3. Compra 2 Adulto (Diferente) Economy Light - Economy Light - Nombre con caracteres especiales - Con assitence TODAS - sin asiento - sin extras › Ejecución completa con reintentos 

    Test timeout of 360000ms exceeded.

    Error: browserContext.close: Target page, context or browser has been closed

      234 |   } finally {
      235 |     if (page) await page.close();
    &gt; 236 |     if (context) await context.close();
          |                  ^
      237 |   }
      238 |
      239 |   return shouldContinueTests; // Return the status of the test execution
        at executeTests (C:\playwright-project\src\tests\1TipsNoExtraNoSeat.spec.ts:236:18)
        at C:\playwright-project\src\tests\1TipsNoExtraNoSeat.spec.ts:359:29

    attachment #1: screenshot (image/png) ──────────────────────────────────────────────────────────
    test-results\1TipsNoExtraNoSeat-3-Compr-37b7a-ión-completa-con-reintentos-chromium\test-failed-1.png
    ────────────────────────────────────────────────────────────────────────────────────────────────

</failure>
<system-out>
Ejecución completa, intento 1 de 5
Ejecutando Booking, intento 1
Fecha de salida seleccionada: { year: [32m'2025'[39m, month: [32m'6'[39m, index: [33m4[39m, value: [33m12[39m }
Ajustando número de pasajeros
Successfully clicked the element: div.price-cabin:has-text("Economy")
Ejecutando fillPassengerAdult 1, intento 1
Ejecutando fillPassengerAdult 2, intento 1
Ejecutando fillContact, intento 1
Ejecutando payWithCard, intento 1
Ejecutando payWithCard, intento 2
Ejecutando payWithCard, intento 3
Ejecución completa, intento 2 de 5
Ejecutando Booking, intento 1
Fecha de salida seleccionada: { year: [32m'2025'[39m, month: [32m'6'[39m, index: [33m8[39m, value: [33m21[39m }
Ajustando número de pasajeros
Successfully clicked the element: div.price-cabin:has-text("Economy")
Ejecutando fillPassengerAdult 1, intento 1
Ejecutando fillPassengerAdult 2, intento 1
Ejecutando fillContact, intento 1
Ejecutando payWithCard, intento 1
Ejecutando payWithCard, intento 2
Ejecutando payWithCard, intento 3

</system-out>
<system-err>
Error while handling iframe payment: page.waitForSelector: Timeout 60000ms exceeded.
Call log:
[2m  - waiting for locator('iframe[title="Iframe for expiry date"]') to be visible[22m

    at payWithCard [90m(C:\playwright-project\[39msrc\page-objects\paymentPage.ts:4:20[90m)[39m
    at payWithCardInformation [90m(C:\playwright-project\[39msrc\tests\1TipsNoExtraNoSeat.spec.ts:86:22[90m)[39m
    at fn [90m(C:\playwright-project\[39msrc\tests\1TipsNoExtraNoSeat.spec.ts:213:15[90m)[39m
    at runWithRetries [90m(C:\playwright-project\[39msrc\tests\1TipsNoExtraNoSeat.spec.ts:122:13[90m)[39m
    at executeTests [90m(C:\playwright-project\[39msrc\tests\1TipsNoExtraNoSeat.spec.ts:212:35[90m)[39m
    at [90mC:\playwright-project\[39msrc\tests\1TipsNoExtraNoSeat.spec.ts:359:29 {
  name: [32m'TimeoutError'[39m,
  [[32mSymbol(step)[39m]: {
    stepId: [32m'pw:api@86'[39m,
    location: {
      file: [32m'C:\\playwright-project\\src\\page-objects\\paymentPage.ts'[39m,
      line: [33m4[39m,
      column: [33m20[39m,
      function: [32m'payWithCard'[39m
    },
    category: [32m'pw:api'[39m,
    title: [32m'page.waitForSelector(iframe[title="Iframe for expiry date"])'[39m,
    apiName: [32m'page.waitForSelector'[39m,
    params: {
      selector: [32m'iframe[title="Iframe for expiry date"]'[39m,
      timeout: [33m60000[39m
    },
    boxedStack: [90mundefined[39m,
    steps: [],
    complete: [36m[Function: complete][39m,
    endWallTime: [33m1738568662468[39m,
    error: {
      message: [32m'TimeoutError: page.waitForSelector: Timeout 60000ms exceeded.\n'[39m +
        [32m'Call log:\n'[39m +
        [32m`\x1B[2m  - waiting for locator('iframe[title="Iframe for expiry date"]') to be visible\x1B[22m\n`[39m,
      stack: [32m'TimeoutError: page.waitForSelector: Timeout 60000ms exceeded.\n'[39m +
        [32m'Call log:\n'[39m +
        [32m`\x1B[2m  - waiting for locator('iframe[title="Iframe for expiry date"]') to be visible\x1B[22m\n`[39m +
        [32m'\n'[39m +
        [32m'    at payWithCard (C:\\playwright-project\\src\\page-objects\\paymentPage.ts:4:20)\n'[39m +
        [32m'    at payWithCardInformation (C:\\playwright-project\\src\\tests\\1TipsNoExtraNoSeat.spec.ts:86:22)\n'[39m +
        [32m'    at fn (C:\\playwright-project\\src\\tests\\1TipsNoExtraNoSeat.spec.ts:213:15)\n'[39m +
        [32m'    at runWithRetries (C:\\playwright-project\\src\\tests\\1TipsNoExtraNoSeat.spec.ts:122:13)\n'[39m +
        [32m'    at executeTests (C:\\playwright-project\\src\\tests\\1TipsNoExtraNoSeat.spec.ts:212:35)\n'[39m +
        [32m'    at C:\\playwright-project\\src\\tests\\1TipsNoExtraNoSeat.spec.ts:359:29'[39m,
      cause: [90mundefined[39m
    }
  }
}
Intento 1 fallido en payWithCard: page.waitForSelector: Timeout 60000ms exceeded.
Call log:
[2m  - waiting for locator('iframe[title="Iframe for expiry date"]') to be visible[22m

    at payWithCard [90m(C:\playwright-project\[39msrc\page-objects\paymentPage.ts:4:20[90m)[39m
    at payWithCardInformation [90m(C:\playwright-project\[39msrc\tests\1TipsNoExtraNoSeat.spec.ts:86:22[90m)[39m
    at fn [90m(C:\playwright-project\[39msrc\tests\1TipsNoExtraNoSeat.spec.ts:213:15[90m)[39m
    at runWithRetries [90m(C:\playwright-project\[39msrc\tests\1TipsNoExtraNoSeat.spec.ts:122:13[90m)[39m
    at executeTests [90m(C:\playwright-project\[39msrc\tests\1TipsNoExtraNoSeat.spec.ts:212:35[90m)[39m
    at [90mC:\playwright-project\[39msrc\tests\1TipsNoExtraNoSeat.spec.ts:359:29 {
  name: [32m'TimeoutError'[39m,
  [[32mSymbol(step)[39m]: {
    stepId: [32m'pw:api@86'[39m,
    location: {
      file: [32m'C:\\playwright-project\\src\\page-objects\\paymentPage.ts'[39m,
      line: [33m4[39m,
      column: [33m20[39m,
      function: [32m'payWithCard'[39m
    },
    category: [32m'pw:api'[39m,
    title: [32m'page.waitForSelector(iframe[title="Iframe for expiry date"])'[39m,
    apiName: [32m'page.waitForSelector'[39m,
    params: {
      selector: [32m'iframe[title="Iframe for expiry date"]'[39m,
      timeout: [33m60000[39m
    },
    boxedStack: [90mundefined[39m,
    steps: [],
    complete: [36m[Function: complete][39m,
    endWallTime: [33m1738568662468[39m,
    error: {
      message: [32m'TimeoutError: page.waitForSelector: Timeout 60000ms exceeded.\n'[39m +
        [32m'Call log:\n'[39m +
        [32m`\x1B[2m  - waiting for locator('iframe[title="Iframe for expiry date"]') to be visible\x1B[22m\n`[39m,
      stack: [32m'TimeoutError: page.waitForSelector: Timeout 60000ms exceeded.\n'[39m +
        [32m'Call log:\n'[39m +
        [32m`\x1B[2m  - waiting for locator('iframe[title="Iframe for expiry date"]') to be visible\x1B[22m\n`[39m +
        [32m'\n'[39m +
        [32m'    at payWithCard (C:\\playwright-project\\src\\page-objects\\paymentPage.ts:4:20)\n'[39m +
        [32m'    at payWithCardInformation (C:\\playwright-project\\src\\tests\\1TipsNoExtraNoSeat.spec.ts:86:22)\n'[39m +
        [32m'    at fn (C:\\playwright-project\\src\\tests\\1TipsNoExtraNoSeat.spec.ts:213:15)\n'[39m +
        [32m'    at runWithRetries (C:\\playwright-project\\src\\tests\\1TipsNoExtraNoSeat.spec.ts:122:13)\n'[39m +
        [32m'    at executeTests (C:\\playwright-project\\src\\tests\\1TipsNoExtraNoSeat.spec.ts:212:35)\n'[39m +
        [32m'    at C:\\playwright-project\\src\\tests\\1TipsNoExtraNoSeat.spec.ts:359:29'[39m,
      cause: [90mundefined[39m
    }
  }
}
Error while handling iframe payment: page.waitForSelector: Timeout 60000ms exceeded.
Call log:
[2m  - waiting for locator('iframe[title="Iframe for expiry date"]') to be visible[22m

    at payWithCard [90m(C:\playwright-project\[39msrc\page-objects\paymentPage.ts:4:20[90m)[39m
    at payWithCardInformation [90m(C:\playwright-project\[39msrc\tests\1TipsNoExtraNoSeat.spec.ts:86:22[90m)[39m
    at fn [90m(C:\playwright-project\[39msrc\tests\1TipsNoExtraNoSeat.spec.ts:213:15[90m)[39m
    at runWithRetries [90m(C:\playwright-project\[39msrc\tests\1TipsNoExtraNoSeat.spec.ts:122:13[90m)[39m
    at executeTests [90m(C:\playwright-project\[39msrc\tests\1TipsNoExtraNoSeat.spec.ts:212:29[90m)[39m
    at [90mC:\playwright-project\[39msrc\tests\1TipsNoExtraNoSeat.spec.ts:359:29 {
  name: [32m'TimeoutError'[39m,
  [[32mSymbol(step)[39m]: {
    stepId: [32m'pw:api@87'[39m,
    location: {
      file: [32m'C:\\playwright-project\\src\\page-objects\\paymentPage.ts'[39m,
      line: [33m4[39m,
      column: [33m20[39m,
      function: [32m'payWithCard'[39m
    },
    category: [32m'pw:api'[39m,
    title: [32m'page.waitForSelector(iframe[title="Iframe for expiry date"])'[39m,
    apiName: [32m'page.waitForSelector'[39m,
    params: {
      selector: [32m'iframe[title="Iframe for expiry date"]'[39m,
      timeout: [33m60000[39m
    },
    boxedStack: [90mundefined[39m,
    steps: [],
    complete: [36m[Function: complete][39m,
    endWallTime: [33m1738568722495[39m,
    error: {
      message: [32m'TimeoutError: page.waitForSelector: Timeout 60000ms exceeded.\n'[39m +
        [32m'Call log:\n'[39m +
        [32m`\x1B[2m  - waiting for locator('iframe[title="Iframe for expiry date"]') to be visible\x1B[22m\n`[39m,
      stack: [32m'TimeoutError: page.waitForSelector: Timeout 60000ms exceeded.\n'[39m +
        [32m'Call log:\n'[39m +
        [32m`\x1B[2m  - waiting for locator('iframe[title="Iframe for expiry date"]') to be visible\x1B[22m\n`[39m +
        [32m'\n'[39m +
        [32m'    at payWithCard (C:\\playwright-project\\src\\page-objects\\paymentPage.ts:4:20)\n'[39m +
        [32m'    at payWithCardInformation (C:\\playwright-project\\src\\tests\\1TipsNoExtraNoSeat.spec.ts:86:22)\n'[39m +
        [32m'    at fn (C:\\playwright-project\\src\\tests\\1TipsNoExtraNoSeat.spec.ts:213:15)\n'[39m +
        [32m'    at runWithRetries (C:\\playwright-project\\src\\tests\\1TipsNoExtraNoSeat.spec.ts:122:13)\n'[39m +
        [32m'    at executeTests (C:\\playwright-project\\src\\tests\\1TipsNoExtraNoSeat.spec.ts:212:29)\n'[39m +
        [32m'    at C:\\playwright-project\\src\\tests\\1TipsNoExtraNoSeat.spec.ts:359:29'[39m,
      cause: [90mundefined[39m
    }
  }
}
Intento 2 fallido en payWithCard: page.waitForSelector: Timeout 60000ms exceeded.
Call log:
[2m  - waiting for locator('iframe[title="Iframe for expiry date"]') to be visible[22m

    at payWithCard [90m(C:\playwright-project\[39msrc\page-objects\paymentPage.ts:4:20[90m)[39m
    at payWithCardInformation [90m(C:\playwright-project\[39msrc\tests\1TipsNoExtraNoSeat.spec.ts:86:22[90m)[39m
    at fn [90m(C:\playwright-project\[39msrc\tests\1TipsNoExtraNoSeat.spec.ts:213:15[90m)[39m
    at runWithRetries [90m(C:\playwright-project\[39msrc\tests\1TipsNoExtraNoSeat.spec.ts:122:13[90m)[39m
    at executeTests [90m(C:\playwright-project\[39msrc\tests\1TipsNoExtraNoSeat.spec.ts:212:29[90m)[39m
    at [90mC:\playwright-project\[39msrc\tests\1TipsNoExtraNoSeat.spec.ts:359:29 {
  name: [32m'TimeoutError'[39m,
  [[32mSymbol(step)[39m]: {
    stepId: [32m'pw:api@87'[39m,
    location: {
      file: [32m'C:\\playwright-project\\src\\page-objects\\paymentPage.ts'[39m,
      line: [33m4[39m,
      column: [33m20[39m,
      function: [32m'payWithCard'[39m
    },
    category: [32m'pw:api'[39m,
    title: [32m'page.waitForSelector(iframe[title="Iframe for expiry date"])'[39m,
    apiName: [32m'page.waitForSelector'[39m,
    params: {
      selector: [32m'iframe[title="Iframe for expiry date"]'[39m,
      timeout: [33m60000[39m
    },
    boxedStack: [90mundefined[39m,
    steps: [],
    complete: [36m[Function: complete][39m,
    endWallTime: [33m1738568722495[39m,
    error: {
      message: [32m'TimeoutError: page.waitForSelector: Timeout 60000ms exceeded.\n'[39m +
        [32m'Call log:\n'[39m +
        [32m`\x1B[2m  - waiting for locator('iframe[title="Iframe for expiry date"]') to be visible\x1B[22m\n`[39m,
      stack: [32m'TimeoutError: page.waitForSelector: Timeout 60000ms exceeded.\n'[39m +
        [32m'Call log:\n'[39m +
        [32m`\x1B[2m  - waiting for locator('iframe[title="Iframe for expiry date"]') to be visible\x1B[22m\n`[39m +
        [32m'\n'[39m +
        [32m'    at payWithCard (C:\\playwright-project\\src\\page-objects\\paymentPage.ts:4:20)\n'[39m +
        [32m'    at payWithCardInformation (C:\\playwright-project\\src\\tests\\1TipsNoExtraNoSeat.spec.ts:86:22)\n'[39m +
        [32m'    at fn (C:\\playwright-project\\src\\tests\\1TipsNoExtraNoSeat.spec.ts:213:15)\n'[39m +
        [32m'    at runWithRetries (C:\\playwright-project\\src\\tests\\1TipsNoExtraNoSeat.spec.ts:122:13)\n'[39m +
        [32m'    at executeTests (C:\\playwright-project\\src\\tests\\1TipsNoExtraNoSeat.spec.ts:212:29)\n'[39m +
        [32m'    at C:\\playwright-project\\src\\tests\\1TipsNoExtraNoSeat.spec.ts:359:29'[39m,
      cause: [90mundefined[39m
    }
  }
}
Error while handling iframe payment: page.waitForSelector: Timeout 60000ms exceeded.
Call log:
[2m  - waiting for locator('iframe[title="Iframe for expiry date"]') to be visible[22m

    at payWithCard [90m(C:\playwright-project\[39msrc\page-objects\paymentPage.ts:4:20[90m)[39m
    at payWithCardInformation [90m(C:\playwright-project\[39msrc\tests\1TipsNoExtraNoSeat.spec.ts:86:22[90m)[39m
    at fn [90m(C:\playwright-project\[39msrc\tests\1TipsNoExtraNoSeat.spec.ts:213:15[90m)[39m
    at runWithRetries [90m(C:\playwright-project\[39msrc\tests\1TipsNoExtraNoSeat.spec.ts:122:13[90m)[39m
    at executeTests [90m(C:\playwright-project\[39msrc\tests\1TipsNoExtraNoSeat.spec.ts:212:29[90m)[39m
    at [90mC:\playwright-project\[39msrc\tests\1TipsNoExtraNoSeat.spec.ts:359:29 {
  name: [32m'TimeoutError'[39m,
  [[32mSymbol(step)[39m]: {
    stepId: [32m'pw:api@88'[39m,
    location: {
      file: [32m'C:\\playwright-project\\src\\page-objects\\paymentPage.ts'[39m,
      line: [33m4[39m,
      column: [33m20[39m,
      function: [32m'payWithCard'[39m
    },
    category: [32m'pw:api'[39m,
    title: [32m'page.waitForSelector(iframe[title="Iframe for expiry date"])'[39m,
    apiName: [32m'page.waitForSelector'[39m,
    params: {
      selector: [32m'iframe[title="Iframe for expiry date"]'[39m,
      timeout: [33m60000[39m
    },
    boxedStack: [90mundefined[39m,
    steps: [],
    complete: [36m[Function: complete][39m,
    endWallTime: [33m1738568782517[39m,
    error: {
      message: [32m'TimeoutError: page.waitForSelector: Timeout 60000ms exceeded.\n'[39m +
        [32m'Call log:\n'[39m +
        [32m`\x1B[2m  - waiting for locator('iframe[title="Iframe for expiry date"]') to be visible\x1B[22m\n`[39m,
      stack: [32m'TimeoutError: page.waitForSelector: Timeout 60000ms exceeded.\n'[39m +
        [32m'Call log:\n'[39m +
        [32m`\x1B[2m  - waiting for locator('iframe[title="Iframe for expiry date"]') to be visible\x1B[22m\n`[39m +
        [32m'\n'[39m +
        [32m'    at payWithCard (C:\\playwright-project\\src\\page-objects\\paymentPage.ts:4:20)\n'[39m +
        [32m'    at payWithCardInformation (C:\\playwright-project\\src\\tests\\1TipsNoExtraNoSeat.spec.ts:86:22)\n'[39m +
        [32m'    at fn (C:\\playwright-project\\src\\tests\\1TipsNoExtraNoSeat.spec.ts:213:15)\n'[39m +
        [32m'    at runWithRetries (C:\\playwright-project\\src\\tests\\1TipsNoExtraNoSeat.spec.ts:122:13)\n'[39m +
        [32m'    at executeTests (C:\\playwright-project\\src\\tests\\1TipsNoExtraNoSeat.spec.ts:212:29)\n'[39m +
        [32m'    at C:\\playwright-project\\src\\tests\\1TipsNoExtraNoSeat.spec.ts:359:29'[39m,
      cause: [90mundefined[39m
    }
  }
}
Intento 3 fallido en payWithCard: page.waitForSelector: Timeout 60000ms exceeded.
Call log:
[2m  - waiting for locator('iframe[title="Iframe for expiry date"]') to be visible[22m

    at payWithCard [90m(C:\playwright-project\[39msrc\page-objects\paymentPage.ts:4:20[90m)[39m
    at payWithCardInformation [90m(C:\playwright-project\[39msrc\tests\1TipsNoExtraNoSeat.spec.ts:86:22[90m)[39m
    at fn [90m(C:\playwright-project\[39msrc\tests\1TipsNoExtraNoSeat.spec.ts:213:15[90m)[39m
    at runWithRetries [90m(C:\playwright-project\[39msrc\tests\1TipsNoExtraNoSeat.spec.ts:122:13[90m)[39m
    at executeTests [90m(C:\playwright-project\[39msrc\tests\1TipsNoExtraNoSeat.spec.ts:212:29[90m)[39m
    at [90mC:\playwright-project\[39msrc\tests\1TipsNoExtraNoSeat.spec.ts:359:29 {
  name: [32m'TimeoutError'[39m,
  [[32mSymbol(step)[39m]: {
    stepId: [32m'pw:api@88'[39m,
    location: {
      file: [32m'C:\\playwright-project\\src\\page-objects\\paymentPage.ts'[39m,
      line: [33m4[39m,
      column: [33m20[39m,
      function: [32m'payWithCard'[39m
    },
    category: [32m'pw:api'[39m,
    title: [32m'page.waitForSelector(iframe[title="Iframe for expiry date"])'[39m,
    apiName: [32m'page.waitForSelector'[39m,
    params: {
      selector: [32m'iframe[title="Iframe for expiry date"]'[39m,
      timeout: [33m60000[39m
    },
    boxedStack: [90mundefined[39m,
    steps: [],
    complete: [36m[Function: complete][39m,
    endWallTime: [33m1738568782517[39m,
    error: {
      message: [32m'TimeoutError: page.waitForSelector: Timeout 60000ms exceeded.\n'[39m +
        [32m'Call log:\n'[39m +
        [32m`\x1B[2m  - waiting for locator('iframe[title="Iframe for expiry date"]') to be visible\x1B[22m\n`[39m,
      stack: [32m'TimeoutError: page.waitForSelector: Timeout 60000ms exceeded.\n'[39m +
        [32m'Call log:\n'[39m +
        [32m`\x1B[2m  - waiting for locator('iframe[title="Iframe for expiry date"]') to be visible\x1B[22m\n`[39m +
        [32m'\n'[39m +
        [32m'    at payWithCard (C:\\playwright-project\\src\\page-objects\\paymentPage.ts:4:20)\n'[39m +
        [32m'    at payWithCardInformation (C:\\playwright-project\\src\\tests\\1TipsNoExtraNoSeat.spec.ts:86:22)\n'[39m +
        [32m'    at fn (C:\\playwright-project\\src\\tests\\1TipsNoExtraNoSeat.spec.ts:213:15)\n'[39m +
        [32m'    at runWithRetries (C:\\playwright-project\\src\\tests\\1TipsNoExtraNoSeat.spec.ts:122:13)\n'[39m +
        [32m'    at executeTests (C:\\playwright-project\\src\\tests\\1TipsNoExtraNoSeat.spec.ts:212:29)\n'[39m +
        [32m'    at C:\\playwright-project\\src\\tests\\1TipsNoExtraNoSeat.spec.ts:359:29'[39m,
      cause: [90mundefined[39m
    }
  }
}
Prueba payWithCard fallida después de 3 intentos.
Error while handling iframe payment: page.waitForSelector: Test ended.
Call log:
[2m  - waiting for locator('iframe[title="Iframe for expiry date"]') to be visible[22m

    at payWithCard [90m(C:\playwright-project\[39msrc\page-objects\paymentPage.ts:4:20[90m)[39m
    at payWithCardInformation [90m(C:\playwright-project\[39msrc\tests\1TipsNoExtraNoSeat.spec.ts:86:22[90m)[39m
    at fn [90m(C:\playwright-project\[39msrc\tests\1TipsNoExtraNoSeat.spec.ts:213:15[90m)[39m
    at runWithRetries [90m(C:\playwright-project\[39msrc\tests\1TipsNoExtraNoSeat.spec.ts:122:13[90m)[39m
    at executeTests [90m(C:\playwright-project\[39msrc\tests\1TipsNoExtraNoSeat.spec.ts:212:35[90m)[39m
    at [90mC:\playwright-project\[39msrc\tests\1TipsNoExtraNoSeat.spec.ts:359:29
Intento 1 fallido en payWithCard: page.waitForSelector: Test ended.
Call log:
[2m  - waiting for locator('iframe[title="Iframe for expiry date"]') to be visible[22m

    at payWithCard [90m(C:\playwright-project\[39msrc\page-objects\paymentPage.ts:4:20[90m)[39m
    at payWithCardInformation [90m(C:\playwright-project\[39msrc\tests\1TipsNoExtraNoSeat.spec.ts:86:22[90m)[39m
    at fn [90m(C:\playwright-project\[39msrc\tests\1TipsNoExtraNoSeat.spec.ts:213:15[90m)[39m
    at runWithRetries [90m(C:\playwright-project\[39msrc\tests\1TipsNoExtraNoSeat.spec.ts:122:13[90m)[39m
    at executeTests [90m(C:\playwright-project\[39msrc\tests\1TipsNoExtraNoSeat.spec.ts:212:35[90m)[39m
    at [90mC:\playwright-project\[39msrc\tests\1TipsNoExtraNoSeat.spec.ts:359:29
Error while handling iframe payment: page.waitForSelector: Target page, context or browser has been closed
    at payWithCard [90m(C:\playwright-project\[39msrc\page-objects\paymentPage.ts:4:20[90m)[39m
    at payWithCardInformation [90m(C:\playwright-project\[39msrc\tests\1TipsNoExtraNoSeat.spec.ts:86:22[90m)[39m
    at fn [90m(C:\playwright-project\[39msrc\tests\1TipsNoExtraNoSeat.spec.ts:213:15[90m)[39m
    at runWithRetries [90m(C:\playwright-project\[39msrc\tests\1TipsNoExtraNoSeat.spec.ts:122:13[90m)[39m
    at executeTests [90m(C:\playwright-project\[39msrc\tests\1TipsNoExtraNoSeat.spec.ts:212:29[90m)[39m
    at [90mC:\playwright-project\[39msrc\tests\1TipsNoExtraNoSeat.spec.ts:359:29
Intento 2 fallido en payWithCard: page.waitForSelector: Target page, context or browser has been closed
    at payWithCard [90m(C:\playwright-project\[39msrc\page-objects\paymentPage.ts:4:20[90m)[39m
    at payWithCardInformation [90m(C:\playwright-project\[39msrc\tests\1TipsNoExtraNoSeat.spec.ts:86:22[90m)[39m
    at fn [90m(C:\playwright-project\[39msrc\tests\1TipsNoExtraNoSeat.spec.ts:213:15[90m)[39m
    at runWithRetries [90m(C:\playwright-project\[39msrc\tests\1TipsNoExtraNoSeat.spec.ts:122:13[90m)[39m
    at executeTests [90m(C:\playwright-project\[39msrc\tests\1TipsNoExtraNoSeat.spec.ts:212:29[90m)[39m
    at [90mC:\playwright-project\[39msrc\tests\1TipsNoExtraNoSeat.spec.ts:359:29
Error while handling iframe payment: page.waitForSelector: Target page, context or browser has been closed
    at payWithCard [90m(C:\playwright-project\[39msrc\page-objects\paymentPage.ts:4:20[90m)[39m
    at payWithCardInformation [90m(C:\playwright-project\[39msrc\tests\1TipsNoExtraNoSeat.spec.ts:86:22[90m)[39m
    at fn [90m(C:\playwright-project\[39msrc\tests\1TipsNoExtraNoSeat.spec.ts:213:15[90m)[39m
    at runWithRetries [90m(C:\playwright-project\[39msrc\tests\1TipsNoExtraNoSeat.spec.ts:122:13[90m)[39m
    at executeTests [90m(C:\playwright-project\[39msrc\tests\1TipsNoExtraNoSeat.spec.ts:212:29[90m)[39m
    at [90mC:\playwright-project\[39msrc\tests\1TipsNoExtraNoSeat.spec.ts:359:29
Intento 3 fallido en payWithCard: page.waitForSelector: Target page, context or browser has been closed
    at payWithCard [90m(C:\playwright-project\[39msrc\page-objects\paymentPage.ts:4:20[90m)[39m
    at payWithCardInformation [90m(C:\playwright-project\[39msrc\tests\1TipsNoExtraNoSeat.spec.ts:86:22[90m)[39m
    at fn [90m(C:\playwright-project\[39msrc\tests\1TipsNoExtraNoSeat.spec.ts:213:15[90m)[39m
    at runWithRetries [90m(C:\playwright-project\[39msrc\tests\1TipsNoExtraNoSeat.spec.ts:122:13[90m)[39m
    at executeTests [90m(C:\playwright-project\[39msrc\tests\1TipsNoExtraNoSeat.spec.ts:212:29[90m)[39m
    at [90mC:\playwright-project\[39msrc\tests\1TipsNoExtraNoSeat.spec.ts:359:29
Error crítico durante la ejecución: page.screenshot: Target page, context or browser has been closed
    at runWithRetries [90m(C:\playwright-project\[39msrc\tests\1TipsNoExtraNoSeat.spec.ts:127:20[90m)[39m
    at executeTests [90m(C:\playwright-project\[39msrc\tests\1TipsNoExtraNoSeat.spec.ts:212:29[90m)[39m
    at [90mC:\playwright-project\[39msrc\tests\1TipsNoExtraNoSeat.spec.ts:359:29

Warning: attachment 1TipsNoExtraNoSeat-3-Compr-37b7a-ión-completa-con-reintentos-chromium\test-failed-1.png is missing
</system-err>
</testcase>
<testcase name="4. Compra 1 Adulto - 1 niño - Economy Light - Economy Light - Nombre con caracteres especiales - sin asistencia - sin asiento - sin extras › Ejecución completa con reintentos" classname="1TipsNoExtraNoSeat.spec.ts" time="104.788">
<system-out>
Ejecución completa, intento 1 de 5
Ejecutando Booking, intento 1
Fecha de salida seleccionada: { year: [32m'2025'[39m, month: [32m'7'[39m, index: [33m2[39m, value: [33m3[39m }
Ajustando número de pasajeros
Successfully clicked the element: div.price-cabin:has-text("Economy")
Ejecutando fillPassengerAdult 1, intento 1
Ejecutando fillPassengerChild 1, intento 1
Ejecutando fillContact, intento 1
Ejecutando payWithCard, intento 1
Iframe encontrado.
Ejecutando payWithCard, intento 1
Ejecutando payWithCard, intento 2
Ejecutando payWithCard, intento 3
Successfully saved booking code M9WM9 to Excel

</system-out>
<system-err>
Confirmation page validation failed: Flight Summary section not found on confirmation page
Intento 1 fallido en payWithCard: Error [ValidationError]: Flight Summary section not found on confirmation page
    at validationConfirmPage [90m(C:\playwright-project\[39msrc\page-objects\confirmation.ts:86:27[90m)[39m
[90m    at runNextTicks (node:internal/process/task_queues:65:5)[39m
[90m    at processImmediate (node:internal/timers:459:9)[39m
[90m    at process.callbackTrampoline (node:internal/async_hooks:130:17)[39m
    at validationConfirmationPage [90m(C:\playwright-project\[39msrc\tests\1TipsNoExtraNoSeat.spec.ts:91:3[90m)[39m
    at runWithRetries [90m(C:\playwright-project\[39msrc\tests\1TipsNoExtraNoSeat.spec.ts:122:7[90m)[39m
    at executeTests [90m(C:\playwright-project\[39msrc\tests\1TipsNoExtraNoSeat.spec.ts:222:29[90m)[39m
    at [90mC:\playwright-project\[39msrc\tests\1TipsNoExtraNoSeat.spec.ts:405:30
    at [90mC:\playwright-project\[39mnode_modules\[4mplaywright[24m\lib\worker\workerMain.js:339:9
    at [90mC:\playwright-project\[39mnode_modules\[4mplaywright[24m\lib\worker\testInfo.js:286:11
    at TimeoutManager.withRunnable [90m(C:\playwright-project\[39mnode_modules\[4mplaywright[24m\lib\worker\timeoutManager.js:64:14[90m)[39m
    at TestInfoImpl._runAsStage [90m(C:\playwright-project\[39mnode_modules\[4mplaywright[24m\lib\worker\testInfo.js:284:7[90m)[39m
    at [90mC:\playwright-project\[39mnode_modules\[4mplaywright[24m\lib\worker\workerMain.js:331:7
    at [90mC:\playwright-project\[39mnode_modules\[4mplaywright[24m\lib\worker\testInfo.js:286:11
    at TimeoutManager.withRunnable [90m(C:\playwright-project\[39mnode_modules\[4mplaywright[24m\lib\worker\timeoutManager.js:52:27[90m)[39m
    at TestInfoImpl._runAsStage [90m(C:\playwright-project\[39mnode_modules\[4mplaywright[24m\lib\worker\testInfo.js:284:7[90m)[39m
    at WorkerMain._runTest [90m(C:\playwright-project\[39mnode_modules\[4mplaywright[24m\lib\worker\workerMain.js:281:5[90m)[39m
    at WorkerMain.runTestGroup [90m(C:\playwright-project\[39mnode_modules\[4mplaywright[24m\lib\worker\workerMain.js:205:11[90m)[39m
    at process.&lt;anonymous&gt; [90m(C:\playwright-project\[39mnode_modules\[4mplaywright[24m\lib\common\process.js:95:22[90m)[39m {
  fatal: [33mtrue[39m
}
Confirmation page validation failed: Not on confirmation page URL
Intento 2 fallido en payWithCard: Error [ValidationError]: Not on confirmation page URL
    at validationConfirmPage [90m(C:\playwright-project\[39msrc\page-objects\confirmation.ts:94:27[90m)[39m
[90m    at runNextTicks (node:internal/process/task_queues:65:5)[39m
[90m    at processImmediate (node:internal/timers:459:9)[39m
[90m    at process.callbackTrampoline (node:internal/async_hooks:130:17)[39m
    at validationConfirmationPage [90m(C:\playwright-project\[39msrc\tests\1TipsNoExtraNoSeat.spec.ts:91:3[90m)[39m
    at runWithRetries [90m(C:\playwright-project\[39msrc\tests\1TipsNoExtraNoSeat.spec.ts:122:7[90m)[39m
    at executeTests [90m(C:\playwright-project\[39msrc\tests\1TipsNoExtraNoSeat.spec.ts:222:29[90m)[39m
    at [90mC:\playwright-project\[39msrc\tests\1TipsNoExtraNoSeat.spec.ts:405:30
    at [90mC:\playwright-project\[39mnode_modules\[4mplaywright[24m\lib\worker\workerMain.js:339:9
    at [90mC:\playwright-project\[39mnode_modules\[4mplaywright[24m\lib\worker\testInfo.js:286:11
    at TimeoutManager.withRunnable [90m(C:\playwright-project\[39mnode_modules\[4mplaywright[24m\lib\worker\timeoutManager.js:64:14[90m)[39m
    at TestInfoImpl._runAsStage [90m(C:\playwright-project\[39mnode_modules\[4mplaywright[24m\lib\worker\testInfo.js:284:7[90m)[39m
    at [90mC:\playwright-project\[39mnode_modules\[4mplaywright[24m\lib\worker\workerMain.js:331:7
    at [90mC:\playwright-project\[39mnode_modules\[4mplaywright[24m\lib\worker\testInfo.js:286:11
    at TimeoutManager.withRunnable [90m(C:\playwright-project\[39mnode_modules\[4mplaywright[24m\lib\worker\timeoutManager.js:52:27[90m)[39m
    at TestInfoImpl._runAsStage [90m(C:\playwright-project\[39mnode_modules\[4mplaywright[24m\lib\worker\testInfo.js:284:7[90m)[39m
    at WorkerMain._runTest [90m(C:\playwright-project\[39mnode_modules\[4mplaywright[24m\lib\worker\workerMain.js:281:5[90m)[39m
    at WorkerMain.runTestGroup [90m(C:\playwright-project\[39mnode_modules\[4mplaywright[24m\lib\worker\workerMain.js:205:11[90m)[39m
    at process.&lt;anonymous&gt; [90m(C:\playwright-project\[39mnode_modules\[4mplaywright[24m\lib\common\process.js:95:22[90m)[39m {
  fatal: [33mtrue[39m
}

</system-err>
</testcase>
<testcase name="6. Compra 1 Adulto - 3 niño - Economy Light - Economy Light - Nombre con caracteres especiales - con assitence - sin asiento - sin extras › Ejecución completa con reintentos" classname="1TipsNoExtraNoSeat.spec.ts" time="125.143">
<system-out>
Ejecución completa, intento 1 de 5
Ejecutando Booking, intento 1
Fecha de salida seleccionada: { year: [32m'2025'[39m, month: [32m'7'[39m, index: [33m2[39m, value: [33m3[39m }
Ajustando número de pasajeros
Successfully clicked the element: div.price-cabin:has-text("Economy")
Ejecutando fillPassengerAdult 1, intento 1
Ejecutando fillPassengerChild 1, intento 1
Ejecutando fillPassengerChild 2, intento 1
Ejecutando fillPassengerChild 3, intento 1
Ejecutando fillContact, intento 1
Ejecutando payWithCard, intento 1
Iframe encontrado.
Ejecutando payWithCard, intento 1
Ejecutando payWithCard, intento 2
Ejecutando payWithCard, intento 3
Successfully saved booking code M9WMB to Excel

</system-out>
<system-err>
Confirmation page validation failed: Flight Summary section not found on confirmation page
Intento 1 fallido en payWithCard: Error [ValidationError]: Flight Summary section not found on confirmation page
    at validationConfirmPage [90m(C:\playwright-project\[39msrc\page-objects\confirmation.ts:86:27[90m)[39m
[90m    at runNextTicks (node:internal/process/task_queues:65:5)[39m
[90m    at processImmediate (node:internal/timers:459:9)[39m
[90m    at process.callbackTrampoline (node:internal/async_hooks:130:17)[39m
    at validationConfirmationPage [90m(C:\playwright-project\[39msrc\tests\1TipsNoExtraNoSeat.spec.ts:91:3[90m)[39m
    at runWithRetries [90m(C:\playwright-project\[39msrc\tests\1TipsNoExtraNoSeat.spec.ts:122:7[90m)[39m
    at executeTests [90m(C:\playwright-project\[39msrc\tests\1TipsNoExtraNoSeat.spec.ts:222:29[90m)[39m
    at [90mC:\playwright-project\[39msrc\tests\1TipsNoExtraNoSeat.spec.ts:496:30
    at [90mC:\playwright-project\[39mnode_modules\[4mplaywright[24m\lib\worker\workerMain.js:339:9
    at [90mC:\playwright-project\[39mnode_modules\[4mplaywright[24m\lib\worker\testInfo.js:286:11
    at TimeoutManager.withRunnable [90m(C:\playwright-project\[39mnode_modules\[4mplaywright[24m\lib\worker\timeoutManager.js:64:14[90m)[39m
    at TestInfoImpl._runAsStage [90m(C:\playwright-project\[39mnode_modules\[4mplaywright[24m\lib\worker\testInfo.js:284:7[90m)[39m
    at [90mC:\playwright-project\[39mnode_modules\[4mplaywright[24m\lib\worker\workerMain.js:331:7
    at [90mC:\playwright-project\[39mnode_modules\[4mplaywright[24m\lib\worker\testInfo.js:286:11
    at TimeoutManager.withRunnable [90m(C:\playwright-project\[39mnode_modules\[4mplaywright[24m\lib\worker\timeoutManager.js:52:27[90m)[39m
    at TestInfoImpl._runAsStage [90m(C:\playwright-project\[39mnode_modules\[4mplaywright[24m\lib\worker\testInfo.js:284:7[90m)[39m
    at WorkerMain._runTest [90m(C:\playwright-project\[39mnode_modules\[4mplaywright[24m\lib\worker\workerMain.js:281:5[90m)[39m
    at WorkerMain.runTestGroup [90m(C:\playwright-project\[39mnode_modules\[4mplaywright[24m\lib\worker\workerMain.js:205:11[90m)[39m
    at process.&lt;anonymous&gt; [90m(C:\playwright-project\[39mnode_modules\[4mplaywright[24m\lib\common\process.js:95:22[90m)[39m {
  fatal: [33mtrue[39m
}
Confirmation page validation failed: Not on confirmation page URL
Intento 2 fallido en payWithCard: Error [ValidationError]: Not on confirmation page URL
    at validationConfirmPage [90m(C:\playwright-project\[39msrc\page-objects\confirmation.ts:94:27[90m)[39m
    at validationConfirmationPage [90m(C:\playwright-project\[39msrc\tests\1TipsNoExtraNoSeat.spec.ts:91:3[90m)[39m
    at runWithRetries [90m(C:\playwright-project\[39msrc\tests\1TipsNoExtraNoSeat.spec.ts:122:7[90m)[39m
    at executeTests [90m(C:\playwright-project\[39msrc\tests\1TipsNoExtraNoSeat.spec.ts:222:29[90m)[39m
    at [90mC:\playwright-project\[39msrc\tests\1TipsNoExtraNoSeat.spec.ts:496:30
    at [90mC:\playwright-project\[39mnode_modules\[4mplaywright[24m\lib\worker\workerMain.js:339:9
    at [90mC:\playwright-project\[39mnode_modules\[4mplaywright[24m\lib\worker\testInfo.js:286:11
    at TimeoutManager.withRunnable [90m(C:\playwright-project\[39mnode_modules\[4mplaywright[24m\lib\worker\timeoutManager.js:64:14[90m)[39m
    at TestInfoImpl._runAsStage [90m(C:\playwright-project\[39mnode_modules\[4mplaywright[24m\lib\worker\testInfo.js:284:7[90m)[39m
    at [90mC:\playwright-project\[39mnode_modules\[4mplaywright[24m\lib\worker\workerMain.js:331:7
    at [90mC:\playwright-project\[39mnode_modules\[4mplaywright[24m\lib\worker\testInfo.js:286:11
    at TimeoutManager.withRunnable [90m(C:\playwright-project\[39mnode_modules\[4mplaywright[24m\lib\worker\timeoutManager.js:52:27[90m)[39m
    at TestInfoImpl._runAsStage [90m(C:\playwright-project\[39mnode_modules\[4mplaywright[24m\lib\worker\testInfo.js:284:7[90m)[39m
    at WorkerMain._runTest [90m(C:\playwright-project\[39mnode_modules\[4mplaywright[24m\lib\worker\workerMain.js:281:5[90m)[39m
    at WorkerMain.runTestGroup [90m(C:\playwright-project\[39mnode_modules\[4mplaywright[24m\lib\worker\workerMain.js:205:11[90m)[39m
    at process.&lt;anonymous&gt; [90m(C:\playwright-project\[39mnode_modules\[4mplaywright[24m\lib\common\process.js:95:22[90m)[39m {
  fatal: [33mtrue[39m
}

</system-err>
</testcase>
<testcase name="7. Compra 1 Adulto - 1 infante - Economy Light- Nombre con caracteres especiales - sin asiento - sin extras › Ejecución completa con reintentos" classname="1TipsNoExtraNoSeat.spec.ts" time="66.081">
<system-out>
Ejecución completa, intento 1 de 5
Ejecutando Booking, intento 1
Fecha de salida seleccionada: { year: [32m'2025'[39m, month: [32m'6'[39m, index: [33m3[39m, value: [33m10[39m }
Ajustando número de pasajeros
Successfully clicked the element: div.price-cabin:has-text("Economy")
Ejecutando fillPassengerAdult 1, intento 1
Ejecutando fillPassengerInfant 1, intento 1
Ejecutando fillContact, intento 1
Ejecutando payWithCard, intento 1
Iframe encontrado.
Ejecutando payWithCard, intento 1
Ejecutando payWithCard, intento 2
Ejecutando payWithCard, intento 3
Successfully saved booking code M9WMQ to Excel

</system-out>
<system-err>
Error while filling passenger data: TypeError: Cannot read properties of undefined (reading 'length')
    at fillPassengerFor [90m(C:\playwright-project\[39msrc\page-objects\PassengerPage.ts:31:27[90m)[39m
    at fillPassengerInformation [90m(C:\playwright-project\[39msrc\tests\1TipsNoExtraNoSeat.spec.ts:77:5[90m)[39m
    at runWithRetries [90m(C:\playwright-project\[39msrc\tests\1TipsNoExtraNoSeat.spec.ts:122:7[90m)[39m
    at executeTests [90m(C:\playwright-project\[39msrc\tests\1TipsNoExtraNoSeat.spec.ts:180:29[90m)[39m
    at [90mC:\playwright-project\[39msrc\tests\1TipsNoExtraNoSeat.spec.ts:541:30
    at [90mC:\playwright-project\[39mnode_modules\[4mplaywright[24m\lib\worker\workerMain.js:339:9
    at [90mC:\playwright-project\[39mnode_modules\[4mplaywright[24m\lib\worker\testInfo.js:286:11
    at TimeoutManager.withRunnable [90m(C:\playwright-project\[39mnode_modules\[4mplaywright[24m\lib\worker\timeoutManager.js:64:14[90m)[39m
    at TestInfoImpl._runAsStage [90m(C:\playwright-project\[39mnode_modules\[4mplaywright[24m\lib\worker\testInfo.js:284:7[90m)[39m
    at [90mC:\playwright-project\[39mnode_modules\[4mplaywright[24m\lib\worker\workerMain.js:331:7
    at [90mC:\playwright-project\[39mnode_modules\[4mplaywright[24m\lib\worker\testInfo.js:286:11
    at TimeoutManager.withRunnable [90m(C:\playwright-project\[39mnode_modules\[4mplaywright[24m\lib\worker\timeoutManager.js:52:27[90m)[39m
    at TestInfoImpl._runAsStage [90m(C:\playwright-project\[39mnode_modules\[4mplaywright[24m\lib\worker\testInfo.js:284:7[90m)[39m
    at WorkerMain._runTest [90m(C:\playwright-project\[39mnode_modules\[4mplaywright[24m\lib\worker\workerMain.js:281:5[90m)[39m
    at WorkerMain.runTestGroup [90m(C:\playwright-project\[39mnode_modules\[4mplaywright[24m\lib\worker\workerMain.js:205:11[90m)[39m
    at process.&lt;anonymous&gt; [90m(C:\playwright-project\[39mnode_modules\[4mplaywright[24m\lib\common\process.js:95:22[90m)[39m
Confirmation page validation failed: Flight Summary section not found on confirmation page
Intento 1 fallido en payWithCard: Error [ValidationError]: Flight Summary section not found on confirmation page
    at validationConfirmPage [90m(C:\playwright-project\[39msrc\page-objects\confirmation.ts:86:27[90m)[39m
[90m    at runNextTicks (node:internal/process/task_queues:65:5)[39m
[90m    at processImmediate (node:internal/timers:459:9)[39m
[90m    at process.callbackTrampoline (node:internal/async_hooks:130:17)[39m
    at validationConfirmationPage [90m(C:\playwright-project\[39msrc\tests\1TipsNoExtraNoSeat.spec.ts:91:3[90m)[39m
    at runWithRetries [90m(C:\playwright-project\[39msrc\tests\1TipsNoExtraNoSeat.spec.ts:122:7[90m)[39m
    at executeTests [90m(C:\playwright-project\[39msrc\tests\1TipsNoExtraNoSeat.spec.ts:222:29[90m)[39m
    at [90mC:\playwright-project\[39msrc\tests\1TipsNoExtraNoSeat.spec.ts:541:30
    at [90mC:\playwright-project\[39mnode_modules\[4mplaywright[24m\lib\worker\workerMain.js:339:9
    at [90mC:\playwright-project\[39mnode_modules\[4mplaywright[24m\lib\worker\testInfo.js:286:11
    at TimeoutManager.withRunnable [90m(C:\playwright-project\[39mnode_modules\[4mplaywright[24m\lib\worker\timeoutManager.js:64:14[90m)[39m
    at TestInfoImpl._runAsStage [90m(C:\playwright-project\[39mnode_modules\[4mplaywright[24m\lib\worker\testInfo.js:284:7[90m)[39m
    at [90mC:\playwright-project\[39mnode_modules\[4mplaywright[24m\lib\worker\workerMain.js:331:7
    at [90mC:\playwright-project\[39mnode_modules\[4mplaywright[24m\lib\worker\testInfo.js:286:11
    at TimeoutManager.withRunnable [90m(C:\playwright-project\[39mnode_modules\[4mplaywright[24m\lib\worker\timeoutManager.js:52:27[90m)[39m
    at TestInfoImpl._runAsStage [90m(C:\playwright-project\[39mnode_modules\[4mplaywright[24m\lib\worker\testInfo.js:284:7[90m)[39m
    at WorkerMain._runTest [90m(C:\playwright-project\[39mnode_modules\[4mplaywright[24m\lib\worker\workerMain.js:281:5[90m)[39m
    at WorkerMain.runTestGroup [90m(C:\playwright-project\[39mnode_modules\[4mplaywright[24m\lib\worker\workerMain.js:205:11[90m)[39m
    at process.&lt;anonymous&gt; [90m(C:\playwright-project\[39mnode_modules\[4mplaywright[24m\lib\common\process.js:95:22[90m)[39m {
  fatal: [33mtrue[39m
}
Confirmation page validation failed: Not on confirmation page URL
Intento 2 fallido en payWithCard: Error [ValidationError]: Not on confirmation page URL
    at validationConfirmPage [90m(C:\playwright-project\[39msrc\page-objects\confirmation.ts:94:27[90m)[39m
    at validationConfirmationPage [90m(C:\playwright-project\[39msrc\tests\1TipsNoExtraNoSeat.spec.ts:91:3[90m)[39m
    at runWithRetries [90m(C:\playwright-project\[39msrc\tests\1TipsNoExtraNoSeat.spec.ts:122:7[90m)[39m
    at executeTests [90m(C:\playwright-project\[39msrc\tests\1TipsNoExtraNoSeat.spec.ts:222:29[90m)[39m
    at [90mC:\playwright-project\[39msrc\tests\1TipsNoExtraNoSeat.spec.ts:541:30
    at [90mC:\playwright-project\[39mnode_modules\[4mplaywright[24m\lib\worker\workerMain.js:339:9
    at [90mC:\playwright-project\[39mnode_modules\[4mplaywright[24m\lib\worker\testInfo.js:286:11
    at TimeoutManager.withRunnable [90m(C:\playwright-project\[39mnode_modules\[4mplaywright[24m\lib\worker\timeoutManager.js:64:14[90m)[39m
    at TestInfoImpl._runAsStage [90m(C:\playwright-project\[39mnode_modules\[4mplaywright[24m\lib\worker\testInfo.js:284:7[90m)[39m
    at [90mC:\playwright-project\[39mnode_modules\[4mplaywright[24m\lib\worker\workerMain.js:331:7
    at [90mC:\playwright-project\[39mnode_modules\[4mplaywright[24m\lib\worker\testInfo.js:286:11
    at TimeoutManager.withRunnable [90m(C:\playwright-project\[39mnode_modules\[4mplaywright[24m\lib\worker\timeoutManager.js:52:27[90m)[39m
    at TestInfoImpl._runAsStage [90m(C:\playwright-project\[39mnode_modules\[4mplaywright[24m\lib\worker\testInfo.js:284:7[90m)[39m
    at WorkerMain._runTest [90m(C:\playwright-project\[39mnode_modules\[4mplaywright[24m\lib\worker\workerMain.js:281:5[90m)[39m
    at WorkerMain.runTestGroup [90m(C:\playwright-project\[39mnode_modules\[4mplaywright[24m\lib\worker\workerMain.js:205:11[90m)[39m
    at process.&lt;anonymous&gt; [90m(C:\playwright-project\[39mnode_modules\[4mplaywright[24m\lib\common\process.js:95:22[90m)[39m {
  fatal: [33mtrue[39m
}

</system-err>
</testcase>
<testcase name="8. Compra 1 Adulto Economy Light - Nombre sin caracteres especiales - sin assitence - sin asiento - sin extras › Ejecución completa con reintentos" classname="1TipsNoExtraNoSeat.spec.ts" time="211.802">
<system-out>
Ejecución completa, intento 1 de 5
Ejecutando Booking, intento 1
Fecha de salida seleccionada: { year: [32m'2025'[39m, month: [32m'7'[39m, index: [33m0[39m, value: [33m1[39m }
Ajustando número de pasajeros
Successfully clicked the element: div.price-cabin:has-text("Economy")
Ejecutando fillPassengerAdult 1, intento 1
Ejecutando fillContact, intento 1
Ejecutando payWithCard, intento 1
Iframe encontrado.
Ejecutando payWithCard, intento 1
Ejecutando payWithCard, intento 2
Ejecutando payWithCard, intento 3
Ejecución completa, intento 2 de 5
Ejecutando Booking, intento 1
Fecha de salida seleccionada: { year: [32m'2025'[39m, month: [32m'7'[39m, index: [33m0[39m, value: [33m1[39m }
Ajustando número de pasajeros
Successfully clicked the element: div.price-cabin:has-text("Economy")
Ejecutando fillPassengerAdult 1, intento 1
Ejecutando fillContact, intento 1
Ejecutando payWithCard, intento 1
Iframe encontrado.
Ejecutando payWithCard, intento 1
Ejecutando payWithCard, intento 2
Ejecutando payWithCard, intento 3
Ejecución completa, intento 3 de 5
Ejecutando Booking, intento 1
Fecha de salida seleccionada: { year: [32m'2025'[39m, month: [32m'6'[39m, index: [33m9[39m, value: [33m24[39m }
Ajustando número de pasajeros
Successfully clicked the element: div.price-cabin:has-text("Economy")
Ejecutando fillPassengerAdult 1, intento 1
Ejecutando fillContact, intento 1
Ejecutando payWithCard, intento 1
Iframe encontrado.
Ejecutando payWithCard, intento 1
Ejecutando payWithCard, intento 2
Ejecutando payWithCard, intento 3
Successfully saved booking code M9WNB to Excel

</system-out>
<system-err>
Confirmation page validation failed: Flight Summary section not found on confirmation page
Intento 1 fallido en payWithCard: Error [ValidationError]: Flight Summary section not found on confirmation page
    at validationConfirmPage [90m(C:\playwright-project\[39msrc\page-objects\confirmation.ts:86:27[90m)[39m
[90m    at runNextTicks (node:internal/process/task_queues:65:5)[39m
[90m    at processImmediate (node:internal/timers:459:9)[39m
[90m    at process.callbackTrampoline (node:internal/async_hooks:130:17)[39m
    at validationConfirmationPage [90m(C:\playwright-project\[39msrc\tests\1TipsNoExtraNoSeat.spec.ts:91:3[90m)[39m
    at runWithRetries [90m(C:\playwright-project\[39msrc\tests\1TipsNoExtraNoSeat.spec.ts:122:7[90m)[39m
    at executeTests [90m(C:\playwright-project\[39msrc\tests\1TipsNoExtraNoSeat.spec.ts:222:29[90m)[39m
    at [90mC:\playwright-project\[39msrc\tests\1TipsNoExtraNoSeat.spec.ts:582:30
    at [90mC:\playwright-project\[39mnode_modules\[4mplaywright[24m\lib\worker\workerMain.js:339:9
    at [90mC:\playwright-project\[39mnode_modules\[4mplaywright[24m\lib\worker\testInfo.js:286:11
    at TimeoutManager.withRunnable [90m(C:\playwright-project\[39mnode_modules\[4mplaywright[24m\lib\worker\timeoutManager.js:64:14[90m)[39m
    at TestInfoImpl._runAsStage [90m(C:\playwright-project\[39mnode_modules\[4mplaywright[24m\lib\worker\testInfo.js:284:7[90m)[39m
    at [90mC:\playwright-project\[39mnode_modules\[4mplaywright[24m\lib\worker\workerMain.js:331:7
    at [90mC:\playwright-project\[39mnode_modules\[4mplaywright[24m\lib\worker\testInfo.js:286:11
    at TimeoutManager.withRunnable [90m(C:\playwright-project\[39mnode_modules\[4mplaywright[24m\lib\worker\timeoutManager.js:52:27[90m)[39m
    at TestInfoImpl._runAsStage [90m(C:\playwright-project\[39mnode_modules\[4mplaywright[24m\lib\worker\testInfo.js:284:7[90m)[39m
    at WorkerMain._runTest [90m(C:\playwright-project\[39mnode_modules\[4mplaywright[24m\lib\worker\workerMain.js:281:5[90m)[39m
    at WorkerMain.runTestGroup [90m(C:\playwright-project\[39mnode_modules\[4mplaywright[24m\lib\worker\workerMain.js:205:11[90m)[39m
    at process.&lt;anonymous&gt; [90m(C:\playwright-project\[39mnode_modules\[4mplaywright[24m\lib\common\process.js:95:22[90m)[39m {
  fatal: [33mtrue[39m
}
Confirmation page validation failed: Flight Summary section not found on confirmation page
Intento 2 fallido en payWithCard: Error [ValidationError]: Flight Summary section not found on confirmation page
    at validationConfirmPage [90m(C:\playwright-project\[39msrc\page-objects\confirmation.ts:86:27[90m)[39m
    at validationConfirmationPage [90m(C:\playwright-project\[39msrc\tests\1TipsNoExtraNoSeat.spec.ts:91:3[90m)[39m
    at runWithRetries [90m(C:\playwright-project\[39msrc\tests\1TipsNoExtraNoSeat.spec.ts:122:7[90m)[39m
    at executeTests [90m(C:\playwright-project\[39msrc\tests\1TipsNoExtraNoSeat.spec.ts:222:29[90m)[39m
    at [90mC:\playwright-project\[39msrc\tests\1TipsNoExtraNoSeat.spec.ts:582:30
    at [90mC:\playwright-project\[39mnode_modules\[4mplaywright[24m\lib\worker\workerMain.js:339:9
    at [90mC:\playwright-project\[39mnode_modules\[4mplaywright[24m\lib\worker\testInfo.js:286:11
    at TimeoutManager.withRunnable [90m(C:\playwright-project\[39mnode_modules\[4mplaywright[24m\lib\worker\timeoutManager.js:64:14[90m)[39m
    at TestInfoImpl._runAsStage [90m(C:\playwright-project\[39mnode_modules\[4mplaywright[24m\lib\worker\testInfo.js:284:7[90m)[39m
    at [90mC:\playwright-project\[39mnode_modules\[4mplaywright[24m\lib\worker\workerMain.js:331:7
    at [90mC:\playwright-project\[39mnode_modules\[4mplaywright[24m\lib\worker\testInfo.js:286:11
    at TimeoutManager.withRunnable [90m(C:\playwright-project\[39mnode_modules\[4mplaywright[24m\lib\worker\timeoutManager.js:52:27[90m)[39m
    at TestInfoImpl._runAsStage [90m(C:\playwright-project\[39mnode_modules\[4mplaywright[24m\lib\worker\testInfo.js:284:7[90m)[39m
    at WorkerMain._runTest [90m(C:\playwright-project\[39mnode_modules\[4mplaywright[24m\lib\worker\workerMain.js:281:5[90m)[39m
    at WorkerMain.runTestGroup [90m(C:\playwright-project\[39mnode_modules\[4mplaywright[24m\lib\worker\workerMain.js:205:11[90m)[39m
    at process.&lt;anonymous&gt; [90m(C:\playwright-project\[39mnode_modules\[4mplaywright[24m\lib\common\process.js:95:22[90m)[39m {
  fatal: [33mtrue[39m
}
Confirmation page validation failed: Flight Summary section not found on confirmation page
Intento 3 fallido en payWithCard: Error [ValidationError]: Flight Summary section not found on confirmation page
    at validationConfirmPage [90m(C:\playwright-project\[39msrc\page-objects\confirmation.ts:86:27[90m)[39m
    at validationConfirmationPage [90m(C:\playwright-project\[39msrc\tests\1TipsNoExtraNoSeat.spec.ts:91:3[90m)[39m
    at runWithRetries [90m(C:\playwright-project\[39msrc\tests\1TipsNoExtraNoSeat.spec.ts:122:7[90m)[39m
    at executeTests [90m(C:\playwright-project\[39msrc\tests\1TipsNoExtraNoSeat.spec.ts:222:29[90m)[39m
    at [90mC:\playwright-project\[39msrc\tests\1TipsNoExtraNoSeat.spec.ts:582:30
    at [90mC:\playwright-project\[39mnode_modules\[4mplaywright[24m\lib\worker\workerMain.js:339:9
    at [90mC:\playwright-project\[39mnode_modules\[4mplaywright[24m\lib\worker\testInfo.js:286:11
    at TimeoutManager.withRunnable [90m(C:\playwright-project\[39mnode_modules\[4mplaywright[24m\lib\worker\timeoutManager.js:64:14[90m)[39m
    at TestInfoImpl._runAsStage [90m(C:\playwright-project\[39mnode_modules\[4mplaywright[24m\lib\worker\testInfo.js:284:7[90m)[39m
    at [90mC:\playwright-project\[39mnode_modules\[4mplaywright[24m\lib\worker\workerMain.js:331:7
    at [90mC:\playwright-project\[39mnode_modules\[4mplaywright[24m\lib\worker\testInfo.js:286:11
    at TimeoutManager.withRunnable [90m(C:\playwright-project\[39mnode_modules\[4mplaywright[24m\lib\worker\timeoutManager.js:52:27[90m)[39m
    at TestInfoImpl._runAsStage [90m(C:\playwright-project\[39mnode_modules\[4mplaywright[24m\lib\worker\testInfo.js:284:7[90m)[39m
    at WorkerMain._runTest [90m(C:\playwright-project\[39mnode_modules\[4mplaywright[24m\lib\worker\workerMain.js:281:5[90m)[39m
    at WorkerMain.runTestGroup [90m(C:\playwright-project\[39mnode_modules\[4mplaywright[24m\lib\worker\workerMain.js:205:11[90m)[39m
    at process.&lt;anonymous&gt; [90m(C:\playwright-project\[39mnode_modules\[4mplaywright[24m\lib\common\process.js:95:22[90m)[39m {
  fatal: [33mtrue[39m
}
Prueba payWithCard fallida después de 3 intentos.
Confirmation page validation failed: Flight Summary section not found on confirmation page
Intento 1 fallido en payWithCard: Error [ValidationError]: Flight Summary section not found on confirmation page
    at validationConfirmPage [90m(C:\playwright-project\[39msrc\page-objects\confirmation.ts:86:27[90m)[39m
    at validationConfirmationPage [90m(C:\playwright-project\[39msrc\tests\1TipsNoExtraNoSeat.spec.ts:91:3[90m)[39m
    at runWithRetries [90m(C:\playwright-project\[39msrc\tests\1TipsNoExtraNoSeat.spec.ts:122:7[90m)[39m
    at executeTests [90m(C:\playwright-project\[39msrc\tests\1TipsNoExtraNoSeat.spec.ts:222:29[90m)[39m
    at [90mC:\playwright-project\[39msrc\tests\1TipsNoExtraNoSeat.spec.ts:582:30
    at [90mC:\playwright-project\[39mnode_modules\[4mplaywright[24m\lib\worker\workerMain.js:339:9
    at [90mC:\playwright-project\[39mnode_modules\[4mplaywright[24m\lib\worker\testInfo.js:286:11
    at TimeoutManager.withRunnable [90m(C:\playwright-project\[39mnode_modules\[4mplaywright[24m\lib\worker\timeoutManager.js:64:14[90m)[39m
    at TestInfoImpl._runAsStage [90m(C:\playwright-project\[39mnode_modules\[4mplaywright[24m\lib\worker\testInfo.js:284:7[90m)[39m
    at [90mC:\playwright-project\[39mnode_modules\[4mplaywright[24m\lib\worker\workerMain.js:331:7
    at [90mC:\playwright-project\[39mnode_modules\[4mplaywright[24m\lib\worker\testInfo.js:286:11
    at TimeoutManager.withRunnable [90m(C:\playwright-project\[39mnode_modules\[4mplaywright[24m\lib\worker\timeoutManager.js:52:27[90m)[39m
    at TestInfoImpl._runAsStage [90m(C:\playwright-project\[39mnode_modules\[4mplaywright[24m\lib\worker\testInfo.js:284:7[90m)[39m
    at WorkerMain._runTest [90m(C:\playwright-project\[39mnode_modules\[4mplaywright[24m\lib\worker\workerMain.js:281:5[90m)[39m
    at WorkerMain.runTestGroup [90m(C:\playwright-project\[39mnode_modules\[4mplaywright[24m\lib\worker\workerMain.js:205:11[90m)[39m
    at process.&lt;anonymous&gt; [90m(C:\playwright-project\[39mnode_modules\[4mplaywright[24m\lib\common\process.js:95:22[90m)[39m {
  fatal: [33mtrue[39m
}
Confirmation page validation failed: Flight Summary section not found on confirmation page
Intento 2 fallido en payWithCard: Error [ValidationError]: Flight Summary section not found on confirmation page
    at validationConfirmPage [90m(C:\playwright-project\[39msrc\page-objects\confirmation.ts:86:27[90m)[39m
    at validationConfirmationPage [90m(C:\playwright-project\[39msrc\tests\1TipsNoExtraNoSeat.spec.ts:91:3[90m)[39m
    at runWithRetries [90m(C:\playwright-project\[39msrc\tests\1TipsNoExtraNoSeat.spec.ts:122:7[90m)[39m
    at executeTests [90m(C:\playwright-project\[39msrc\tests\1TipsNoExtraNoSeat.spec.ts:222:29[90m)[39m
    at [90mC:\playwright-project\[39msrc\tests\1TipsNoExtraNoSeat.spec.ts:582:30
    at [90mC:\playwright-project\[39mnode_modules\[4mplaywright[24m\lib\worker\workerMain.js:339:9
    at [90mC:\playwright-project\[39mnode_modules\[4mplaywright[24m\lib\worker\testInfo.js:286:11
    at TimeoutManager.withRunnable [90m(C:\playwright-project\[39mnode_modules\[4mplaywright[24m\lib\worker\timeoutManager.js:64:14[90m)[39m
    at TestInfoImpl._runAsStage [90m(C:\playwright-project\[39mnode_modules\[4mplaywright[24m\lib\worker\testInfo.js:284:7[90m)[39m
    at [90mC:\playwright-project\[39mnode_modules\[4mplaywright[24m\lib\worker\workerMain.js:331:7
    at [90mC:\playwright-project\[39mnode_modules\[4mplaywright[24m\lib\worker\testInfo.js:286:11
    at TimeoutManager.withRunnable [90m(C:\playwright-project\[39mnode_modules\[4mplaywright[24m\lib\worker\timeoutManager.js:52:27[90m)[39m
    at TestInfoImpl._runAsStage [90m(C:\playwright-project\[39mnode_modules\[4mplaywright[24m\lib\worker\testInfo.js:284:7[90m)[39m
    at WorkerMain._runTest [90m(C:\playwright-project\[39mnode_modules\[4mplaywright[24m\lib\worker\workerMain.js:281:5[90m)[39m
    at WorkerMain.runTestGroup [90m(C:\playwright-project\[39mnode_modules\[4mplaywright[24m\lib\worker\workerMain.js:205:11[90m)[39m
    at process.&lt;anonymous&gt; [90m(C:\playwright-project\[39mnode_modules\[4mplaywright[24m\lib\common\process.js:95:22[90m)[39m {
  fatal: [33mtrue[39m
}
Confirmation page validation failed: Flight Summary section not found on confirmation page
Intento 3 fallido en payWithCard: Error [ValidationError]: Flight Summary section not found on confirmation page
    at validationConfirmPage [90m(C:\playwright-project\[39msrc\page-objects\confirmation.ts:86:27[90m)[39m
    at validationConfirmationPage [90m(C:\playwright-project\[39msrc\tests\1TipsNoExtraNoSeat.spec.ts:91:3[90m)[39m
    at runWithRetries [90m(C:\playwright-project\[39msrc\tests\1TipsNoExtraNoSeat.spec.ts:122:7[90m)[39m
    at executeTests [90m(C:\playwright-project\[39msrc\tests\1TipsNoExtraNoSeat.spec.ts:222:29[90m)[39m
    at [90mC:\playwright-project\[39msrc\tests\1TipsNoExtraNoSeat.spec.ts:582:30
    at [90mC:\playwright-project\[39mnode_modules\[4mplaywright[24m\lib\worker\workerMain.js:339:9
    at [90mC:\playwright-project\[39mnode_modules\[4mplaywright[24m\lib\worker\testInfo.js:286:11
    at TimeoutManager.withRunnable [90m(C:\playwright-project\[39mnode_modules\[4mplaywright[24m\lib\worker\timeoutManager.js:64:14[90m)[39m
    at TestInfoImpl._runAsStage [90m(C:\playwright-project\[39mnode_modules\[4mplaywright[24m\lib\worker\testInfo.js:284:7[90m)[39m
    at [90mC:\playwright-project\[39mnode_modules\[4mplaywright[24m\lib\worker\workerMain.js:331:7
    at [90mC:\playwright-project\[39mnode_modules\[4mplaywright[24m\lib\worker\testInfo.js:286:11
    at TimeoutManager.withRunnable [90m(C:\playwright-project\[39mnode_modules\[4mplaywright[24m\lib\worker\timeoutManager.js:52:27[90m)[39m
    at TestInfoImpl._runAsStage [90m(C:\playwright-project\[39mnode_modules\[4mplaywright[24m\lib\worker\testInfo.js:284:7[90m)[39m
    at WorkerMain._runTest [90m(C:\playwright-project\[39mnode_modules\[4mplaywright[24m\lib\worker\workerMain.js:281:5[90m)[39m
    at WorkerMain.runTestGroup [90m(C:\playwright-project\[39mnode_modules\[4mplaywright[24m\lib\worker\workerMain.js:205:11[90m)[39m
    at process.&lt;anonymous&gt; [90m(C:\playwright-project\[39mnode_modules\[4mplaywright[24m\lib\common\process.js:95:22[90m)[39m {
  fatal: [33mtrue[39m
}
Prueba payWithCard fallida después de 3 intentos.
Confirmation page validation failed: Flight Summary section not found on confirmation page
Intento 1 fallido en payWithCard: Error [ValidationError]: Flight Summary section not found on confirmation page
    at validationConfirmPage [90m(C:\playwright-project\[39msrc\page-objects\confirmation.ts:86:27[90m)[39m
[90m    at runNextTicks (node:internal/process/task_queues:65:5)[39m
[90m    at processImmediate (node:internal/timers:459:9)[39m
[90m    at process.callbackTrampoline (node:internal/async_hooks:130:17)[39m
    at validationConfirmationPage [90m(C:\playwright-project\[39msrc\tests\1TipsNoExtraNoSeat.spec.ts:91:3[90m)[39m
    at runWithRetries [90m(C:\playwright-project\[39msrc\tests\1TipsNoExtraNoSeat.spec.ts:122:7[90m)[39m
    at executeTests [90m(C:\playwright-project\[39msrc\tests\1TipsNoExtraNoSeat.spec.ts:222:29[90m)[39m
    at [90mC:\playwright-project\[39msrc\tests\1TipsNoExtraNoSeat.spec.ts:582:30
    at [90mC:\playwright-project\[39mnode_modules\[4mplaywright[24m\lib\worker\workerMain.js:339:9
    at [90mC:\playwright-project\[39mnode_modules\[4mplaywright[24m\lib\worker\testInfo.js:286:11
    at TimeoutManager.withRunnable [90m(C:\playwright-project\[39mnode_modules\[4mplaywright[24m\lib\worker\timeoutManager.js:64:14[90m)[39m
    at TestInfoImpl._runAsStage [90m(C:\playwright-project\[39mnode_modules\[4mplaywright[24m\lib\worker\testInfo.js:284:7[90m)[39m
    at [90mC:\playwright-project\[39mnode_modules\[4mplaywright[24m\lib\worker\workerMain.js:331:7
    at [90mC:\playwright-project\[39mnode_modules\[4mplaywright[24m\lib\worker\testInfo.js:286:11
    at TimeoutManager.withRunnable [90m(C:\playwright-project\[39mnode_modules\[4mplaywright[24m\lib\worker\timeoutManager.js:52:27[90m)[39m
    at TestInfoImpl._runAsStage [90m(C:\playwright-project\[39mnode_modules\[4mplaywright[24m\lib\worker\testInfo.js:284:7[90m)[39m
    at WorkerMain._runTest [90m(C:\playwright-project\[39mnode_modules\[4mplaywright[24m\lib\worker\workerMain.js:281:5[90m)[39m
    at WorkerMain.runTestGroup [90m(C:\playwright-project\[39mnode_modules\[4mplaywright[24m\lib\worker\workerMain.js:205:11[90m)[39m
    at process.&lt;anonymous&gt; [90m(C:\playwright-project\[39mnode_modules\[4mplaywright[24m\lib\common\process.js:95:22[90m)[39m {
  fatal: [33mtrue[39m
}
Confirmation page validation failed: Not on confirmation page URL
Intento 2 fallido en payWithCard: Error [ValidationError]: Not on confirmation page URL
    at validationConfirmPage [90m(C:\playwright-project\[39msrc\page-objects\confirmation.ts:94:27[90m)[39m
    at validationConfirmationPage [90m(C:\playwright-project\[39msrc\tests\1TipsNoExtraNoSeat.spec.ts:91:3[90m)[39m
    at runWithRetries [90m(C:\playwright-project\[39msrc\tests\1TipsNoExtraNoSeat.spec.ts:122:7[90m)[39m
    at executeTests [90m(C:\playwright-project\[39msrc\tests\1TipsNoExtraNoSeat.spec.ts:222:29[90m)[39m
    at [90mC:\playwright-project\[39msrc\tests\1TipsNoExtraNoSeat.spec.ts:582:30
    at [90mC:\playwright-project\[39mnode_modules\[4mplaywright[24m\lib\worker\workerMain.js:339:9
    at [90mC:\playwright-project\[39mnode_modules\[4mplaywright[24m\lib\worker\testInfo.js:286:11
    at TimeoutManager.withRunnable [90m(C:\playwright-project\[39mnode_modules\[4mplaywright[24m\lib\worker\timeoutManager.js:64:14[90m)[39m
    at TestInfoImpl._runAsStage [90m(C:\playwright-project\[39mnode_modules\[4mplaywright[24m\lib\worker\testInfo.js:284:7[90m)[39m
    at [90mC:\playwright-project\[39mnode_modules\[4mplaywright[24m\lib\worker\workerMain.js:331:7
    at [90mC:\playwright-project\[39mnode_modules\[4mplaywright[24m\lib\worker\testInfo.js:286:11
    at TimeoutManager.withRunnable [90m(C:\playwright-project\[39mnode_modules\[4mplaywright[24m\lib\worker\timeoutManager.js:52:27[90m)[39m
    at TestInfoImpl._runAsStage [90m(C:\playwright-project\[39mnode_modules\[4mplaywright[24m\lib\worker\testInfo.js:284:7[90m)[39m
    at WorkerMain._runTest [90m(C:\playwright-project\[39mnode_modules\[4mplaywright[24m\lib\worker\workerMain.js:281:5[90m)[39m
    at WorkerMain.runTestGroup [90m(C:\playwright-project\[39mnode_modules\[4mplaywright[24m\lib\worker\workerMain.js:205:11[90m)[39m
    at process.&lt;anonymous&gt; [90m(C:\playwright-project\[39mnode_modules\[4mplaywright[24m\lib\common\process.js:95:22[90m)[39m {
  fatal: [33mtrue[39m
}

</system-err>
</testcase>
<testcase name="9. Compra 1 Adulto Economy Comfort - Nombre sin caracteres especiales - sin assitence - sin asiento - sin extras › Ejecución completa con reintentos" classname="1TipsNoExtraNoSeat.spec.ts" time="115.331">
<system-out>
Ejecución completa, intento 1 de 5
Ejecutando Booking, intento 1
Fecha de salida seleccionada: { year: [32m'2025'[39m, month: [32m'6'[39m, index: [33m5[39m, value: [33m14[39m }
Ajustando número de pasajeros
Successfully clicked the element: div.price-cabin:has-text("Economy")
Ejecutando fillPassengerAdult 1, intento 1
Ejecutando fillContact, intento 1
Ejecutando payWithCard, intento 1
Iframe encontrado.
Ejecutando payWithCard, intento 1
Ejecutando payWithCard, intento 2
Ejecutando payWithCard, intento 3
Ejecución completa, intento 2 de 5
Ejecutando Booking, intento 1
Fecha de salida seleccionada: { year: [32m'2025'[39m, month: [32m'6'[39m, index: [33m1[39m, value: [33m5[39m }
Ajustando número de pasajeros
Successfully clicked the element: div.price-cabin:has-text("Economy")
Ejecutando fillPassengerAdult 1, intento 1
Ejecutando fillContact, intento 1
Ejecutando payWithCard, intento 1
Iframe encontrado.
Ejecutando payWithCard, intento 1
Ejecutando payWithCard, intento 2
Ejecutando payWithCard, intento 3
Successfully saved booking code M9WMZ to Excel

</system-out>
<system-err>
Confirmation page validation failed: Flight Summary section not found on confirmation page
Intento 1 fallido en payWithCard: Error [ValidationError]: Flight Summary section not found on confirmation page
    at validationConfirmPage [90m(C:\playwright-project\[39msrc\page-objects\confirmation.ts:86:27[90m)[39m
[90m    at runNextTicks (node:internal/process/task_queues:65:5)[39m
[90m    at processImmediate (node:internal/timers:459:9)[39m
[90m    at process.callbackTrampoline (node:internal/async_hooks:130:17)[39m
    at validationConfirmationPage [90m(C:\playwright-project\[39msrc\tests\1TipsNoExtraNoSeat.spec.ts:91:3[90m)[39m
    at runWithRetries [90m(C:\playwright-project\[39msrc\tests\1TipsNoExtraNoSeat.spec.ts:122:7[90m)[39m
    at executeTests [90m(C:\playwright-project\[39msrc\tests\1TipsNoExtraNoSeat.spec.ts:222:29[90m)[39m
    at [90mC:\playwright-project\[39msrc\tests\1TipsNoExtraNoSeat.spec.ts:624:30
    at [90mC:\playwright-project\[39mnode_modules\[4mplaywright[24m\lib\worker\workerMain.js:339:9
    at [90mC:\playwright-project\[39mnode_modules\[4mplaywright[24m\lib\worker\testInfo.js:286:11
    at TimeoutManager.withRunnable [90m(C:\playwright-project\[39mnode_modules\[4mplaywright[24m\lib\worker\timeoutManager.js:64:14[90m)[39m
    at TestInfoImpl._runAsStage [90m(C:\playwright-project\[39mnode_modules\[4mplaywright[24m\lib\worker\testInfo.js:284:7[90m)[39m
    at [90mC:\playwright-project\[39mnode_modules\[4mplaywright[24m\lib\worker\workerMain.js:331:7
    at [90mC:\playwright-project\[39mnode_modules\[4mplaywright[24m\lib\worker\testInfo.js:286:11
    at TimeoutManager.withRunnable [90m(C:\playwright-project\[39mnode_modules\[4mplaywright[24m\lib\worker\timeoutManager.js:52:27[90m)[39m
    at TestInfoImpl._runAsStage [90m(C:\playwright-project\[39mnode_modules\[4mplaywright[24m\lib\worker\testInfo.js:284:7[90m)[39m
    at WorkerMain._runTest [90m(C:\playwright-project\[39mnode_modules\[4mplaywright[24m\lib\worker\workerMain.js:281:5[90m)[39m
    at WorkerMain.runTestGroup [90m(C:\playwright-project\[39mnode_modules\[4mplaywright[24m\lib\worker\workerMain.js:205:11[90m)[39m
    at process.&lt;anonymous&gt; [90m(C:\playwright-project\[39mnode_modules\[4mplaywright[24m\lib\common\process.js:95:22[90m)[39m {
  fatal: [33mtrue[39m
}
Confirmation page validation failed: Flight Summary section not found on confirmation page
Intento 2 fallido en payWithCard: Error [ValidationError]: Flight Summary section not found on confirmation page
    at validationConfirmPage [90m(C:\playwright-project\[39msrc\page-objects\confirmation.ts:86:27[90m)[39m
    at validationConfirmationPage [90m(C:\playwright-project\[39msrc\tests\1TipsNoExtraNoSeat.spec.ts:91:3[90m)[39m
    at runWithRetries [90m(C:\playwright-project\[39msrc\tests\1TipsNoExtraNoSeat.spec.ts:122:7[90m)[39m
    at executeTests [90m(C:\playwright-project\[39msrc\tests\1TipsNoExtraNoSeat.spec.ts:222:29[90m)[39m
    at [90mC:\playwright-project\[39msrc\tests\1TipsNoExtraNoSeat.spec.ts:624:30
    at [90mC:\playwright-project\[39mnode_modules\[4mplaywright[24m\lib\worker\workerMain.js:339:9
    at [90mC:\playwright-project\[39mnode_modules\[4mplaywright[24m\lib\worker\testInfo.js:286:11
    at TimeoutManager.withRunnable [90m(C:\playwright-project\[39mnode_modules\[4mplaywright[24m\lib\worker\timeoutManager.js:64:14[90m)[39m
    at TestInfoImpl._runAsStage [90m(C:\playwright-project\[39mnode_modules\[4mplaywright[24m\lib\worker\testInfo.js:284:7[90m)[39m
    at [90mC:\playwright-project\[39mnode_modules\[4mplaywright[24m\lib\worker\workerMain.js:331:7
    at [90mC:\playwright-project\[39mnode_modules\[4mplaywright[24m\lib\worker\testInfo.js:286:11
    at TimeoutManager.withRunnable [90m(C:\playwright-project\[39mnode_modules\[4mplaywright[24m\lib\worker\timeoutManager.js:52:27[90m)[39m
    at TestInfoImpl._runAsStage [90m(C:\playwright-project\[39mnode_modules\[4mplaywright[24m\lib\worker\testInfo.js:284:7[90m)[39m
    at WorkerMain._runTest [90m(C:\playwright-project\[39mnode_modules\[4mplaywright[24m\lib\worker\workerMain.js:281:5[90m)[39m
    at WorkerMain.runTestGroup [90m(C:\playwright-project\[39mnode_modules\[4mplaywright[24m\lib\worker\workerMain.js:205:11[90m)[39m
    at process.&lt;anonymous&gt; [90m(C:\playwright-project\[39mnode_modules\[4mplaywright[24m\lib\common\process.js:95:22[90m)[39m {
  fatal: [33mtrue[39m
}
Confirmation page validation failed: Flight Summary section not found on confirmation page
Intento 3 fallido en payWithCard: Error [ValidationError]: Flight Summary section not found on confirmation page
    at validationConfirmPage [90m(C:\playwright-project\[39msrc\page-objects\confirmation.ts:86:27[90m)[39m
    at validationConfirmationPage [90m(C:\playwright-project\[39msrc\tests\1TipsNoExtraNoSeat.spec.ts:91:3[90m)[39m
    at runWithRetries [90m(C:\playwright-project\[39msrc\tests\1TipsNoExtraNoSeat.spec.ts:122:7[90m)[39m
    at executeTests [90m(C:\playwright-project\[39msrc\tests\1TipsNoExtraNoSeat.spec.ts:222:29[90m)[39m
    at [90mC:\playwright-project\[39msrc\tests\1TipsNoExtraNoSeat.spec.ts:624:30
    at [90mC:\playwright-project\[39mnode_modules\[4mplaywright[24m\lib\worker\workerMain.js:339:9
    at [90mC:\playwright-project\[39mnode_modules\[4mplaywright[24m\lib\worker\testInfo.js:286:11
    at TimeoutManager.withRunnable [90m(C:\playwright-project\[39mnode_modules\[4mplaywright[24m\lib\worker\timeoutManager.js:64:14[90m)[39m
    at TestInfoImpl._runAsStage [90m(C:\playwright-project\[39mnode_modules\[4mplaywright[24m\lib\worker\testInfo.js:284:7[90m)[39m
    at [90mC:\playwright-project\[39mnode_modules\[4mplaywright[24m\lib\worker\workerMain.js:331:7
    at [90mC:\playwright-project\[39mnode_modules\[4mplaywright[24m\lib\worker\testInfo.js:286:11
    at TimeoutManager.withRunnable [90m(C:\playwright-project\[39mnode_modules\[4mplaywright[24m\lib\worker\timeoutManager.js:52:27[90m)[39m
    at TestInfoImpl._runAsStage [90m(C:\playwright-project\[39mnode_modules\[4mplaywright[24m\lib\worker\testInfo.js:284:7[90m)[39m
    at WorkerMain._runTest [90m(C:\playwright-project\[39mnode_modules\[4mplaywright[24m\lib\worker\workerMain.js:281:5[90m)[39m
    at WorkerMain.runTestGroup [90m(C:\playwright-project\[39mnode_modules\[4mplaywright[24m\lib\worker\workerMain.js:205:11[90m)[39m
    at process.&lt;anonymous&gt; [90m(C:\playwright-project\[39mnode_modules\[4mplaywright[24m\lib\common\process.js:95:22[90m)[39m {
  fatal: [33mtrue[39m
}
Prueba payWithCard fallida después de 3 intentos.
Confirmation page validation failed: Flight Summary section not found on confirmation page
Intento 1 fallido en payWithCard: Error [ValidationError]: Flight Summary section not found on confirmation page
    at validationConfirmPage [90m(C:\playwright-project\[39msrc\page-objects\confirmation.ts:86:27[90m)[39m
[90m    at runNextTicks (node:internal/process/task_queues:65:5)[39m
[90m    at processImmediate (node:internal/timers:459:9)[39m
[90m    at process.callbackTrampoline (node:internal/async_hooks:130:17)[39m
    at validationConfirmationPage [90m(C:\playwright-project\[39msrc\tests\1TipsNoExtraNoSeat.spec.ts:91:3[90m)[39m
    at runWithRetries [90m(C:\playwright-project\[39msrc\tests\1TipsNoExtraNoSeat.spec.ts:122:7[90m)[39m
    at executeTests [90m(C:\playwright-project\[39msrc\tests\1TipsNoExtraNoSeat.spec.ts:222:29[90m)[39m
    at [90mC:\playwright-project\[39msrc\tests\1TipsNoExtraNoSeat.spec.ts:624:30
    at [90mC:\playwright-project\[39mnode_modules\[4mplaywright[24m\lib\worker\workerMain.js:339:9
    at [90mC:\playwright-project\[39mnode_modules\[4mplaywright[24m\lib\worker\testInfo.js:286:11
    at TimeoutManager.withRunnable [90m(C:\playwright-project\[39mnode_modules\[4mplaywright[24m\lib\worker\timeoutManager.js:64:14[90m)[39m
    at TestInfoImpl._runAsStage [90m(C:\playwright-project\[39mnode_modules\[4mplaywright[24m\lib\worker\testInfo.js:284:7[90m)[39m
    at [90mC:\playwright-project\[39mnode_modules\[4mplaywright[24m\lib\worker\workerMain.js:331:7
    at [90mC:\playwright-project\[39mnode_modules\[4mplaywright[24m\lib\worker\testInfo.js:286:11
    at TimeoutManager.withRunnable [90m(C:\playwright-project\[39mnode_modules\[4mplaywright[24m\lib\worker\timeoutManager.js:52:27[90m)[39m
    at TestInfoImpl._runAsStage [90m(C:\playwright-project\[39mnode_modules\[4mplaywright[24m\lib\worker\testInfo.js:284:7[90m)[39m
    at WorkerMain._runTest [90m(C:\playwright-project\[39mnode_modules\[4mplaywright[24m\lib\worker\workerMain.js:281:5[90m)[39m
    at WorkerMain.runTestGroup [90m(C:\playwright-project\[39mnode_modules\[4mplaywright[24m\lib\worker\workerMain.js:205:11[90m)[39m
    at process.&lt;anonymous&gt; [90m(C:\playwright-project\[39mnode_modules\[4mplaywright[24m\lib\common\process.js:95:22[90m)[39m {
  fatal: [33mtrue[39m
}
Confirmation page validation failed: Not on confirmation page URL
Intento 2 fallido en payWithCard: Error [ValidationError]: Not on confirmation page URL
    at validationConfirmPage [90m(C:\playwright-project\[39msrc\page-objects\confirmation.ts:94:27[90m)[39m
    at validationConfirmationPage [90m(C:\playwright-project\[39msrc\tests\1TipsNoExtraNoSeat.spec.ts:91:3[90m)[39m
    at runWithRetries [90m(C:\playwright-project\[39msrc\tests\1TipsNoExtraNoSeat.spec.ts:122:7[90m)[39m
    at executeTests [90m(C:\playwright-project\[39msrc\tests\1TipsNoExtraNoSeat.spec.ts:222:29[90m)[39m
    at [90mC:\playwright-project\[39msrc\tests\1TipsNoExtraNoSeat.spec.ts:624:30
    at [90mC:\playwright-project\[39mnode_modules\[4mplaywright[24m\lib\worker\workerMain.js:339:9
    at [90mC:\playwright-project\[39mnode_modules\[4mplaywright[24m\lib\worker\testInfo.js:286:11
    at TimeoutManager.withRunnable [90m(C:\playwright-project\[39mnode_modules\[4mplaywright[24m\lib\worker\timeoutManager.js:64:14[90m)[39m
    at TestInfoImpl._runAsStage [90m(C:\playwright-project\[39mnode_modules\[4mplaywright[24m\lib\worker\testInfo.js:284:7[90m)[39m
    at [90mC:\playwright-project\[39mnode_modules\[4mplaywright[24m\lib\worker\workerMain.js:331:7
    at [90mC:\playwright-project\[39mnode_modules\[4mplaywright[24m\lib\worker\testInfo.js:286:11
    at TimeoutManager.withRunnable [90m(C:\playwright-project\[39mnode_modules\[4mplaywright[24m\lib\worker\timeoutManager.js:52:27[90m)[39m
    at TestInfoImpl._runAsStage [90m(C:\playwright-project\[39mnode_modules\[4mplaywright[24m\lib\worker\testInfo.js:284:7[90m)[39m
    at WorkerMain._runTest [90m(C:\playwright-project\[39mnode_modules\[4mplaywright[24m\lib\worker\workerMain.js:281:5[90m)[39m
    at WorkerMain.runTestGroup [90m(C:\playwright-project\[39mnode_modules\[4mplaywright[24m\lib\worker\workerMain.js:205:11[90m)[39m
    at process.&lt;anonymous&gt; [90m(C:\playwright-project\[39mnode_modules\[4mplaywright[24m\lib\common\process.js:95:22[90m)[39m {
  fatal: [33mtrue[39m
}

</system-err>
</testcase>
<testcase name="10. Compra 1 Adulto Economy Extra - Nombre sin caracteres especiales - sin assitence - sin asiento - sin extras › Ejecución completa con reintentos" classname="1TipsNoExtraNoSeat.spec.ts" time="76.59">
<system-out>
Ejecución completa, intento 1 de 5
Ejecutando Booking, intento 1
Fecha de salida seleccionada: { year: [32m'2025'[39m, month: [32m'6'[39m, index: [33m8[39m, value: [33m21[39m }
Ajustando número de pasajeros
Successfully clicked the element: div.price-cabin:has-text("Economy")
Ejecutando fillPassengerAdult 1, intento 1
Ejecutando fillContact, intento 1
Ejecutando payWithCard, intento 1
Iframe encontrado.
Ejecutando payWithCard, intento 1
Ejecutando payWithCard, intento 2
Ejecutando payWithCard, intento 3
Successfully saved booking code M9WMT to Excel

</system-out>
<system-err>
Confirmation page validation failed: Flight Summary section not found on confirmation page
Intento 1 fallido en payWithCard: Error [ValidationError]: Flight Summary section not found on confirmation page
    at validationConfirmPage [90m(C:\playwright-project\[39msrc\page-objects\confirmation.ts:86:27[90m)[39m
[90m    at runNextTicks (node:internal/process/task_queues:65:5)[39m
[90m    at processImmediate (node:internal/timers:459:9)[39m
[90m    at process.callbackTrampoline (node:internal/async_hooks:130:17)[39m
    at validationConfirmationPage [90m(C:\playwright-project\[39msrc\tests\1TipsNoExtraNoSeat.spec.ts:91:3[90m)[39m
    at runWithRetries [90m(C:\playwright-project\[39msrc\tests\1TipsNoExtraNoSeat.spec.ts:122:7[90m)[39m
    at executeTests [90m(C:\playwright-project\[39msrc\tests\1TipsNoExtraNoSeat.spec.ts:222:29[90m)[39m
    at [90mC:\playwright-project\[39msrc\tests\1TipsNoExtraNoSeat.spec.ts:667:30
    at [90mC:\playwright-project\[39mnode_modules\[4mplaywright[24m\lib\worker\workerMain.js:339:9
    at [90mC:\playwright-project\[39mnode_modules\[4mplaywright[24m\lib\worker\testInfo.js:286:11
    at TimeoutManager.withRunnable [90m(C:\playwright-project\[39mnode_modules\[4mplaywright[24m\lib\worker\timeoutManager.js:64:14[90m)[39m
    at TestInfoImpl._runAsStage [90m(C:\playwright-project\[39mnode_modules\[4mplaywright[24m\lib\worker\testInfo.js:284:7[90m)[39m
    at [90mC:\playwright-project\[39mnode_modules\[4mplaywright[24m\lib\worker\workerMain.js:331:7
    at [90mC:\playwright-project\[39mnode_modules\[4mplaywright[24m\lib\worker\testInfo.js:286:11
    at TimeoutManager.withRunnable [90m(C:\playwright-project\[39mnode_modules\[4mplaywright[24m\lib\worker\timeoutManager.js:52:27[90m)[39m
    at TestInfoImpl._runAsStage [90m(C:\playwright-project\[39mnode_modules\[4mplaywright[24m\lib\worker\testInfo.js:284:7[90m)[39m
    at WorkerMain._runTest [90m(C:\playwright-project\[39mnode_modules\[4mplaywright[24m\lib\worker\workerMain.js:281:5[90m)[39m
    at WorkerMain.runTestGroup [90m(C:\playwright-project\[39mnode_modules\[4mplaywright[24m\lib\worker\workerMain.js:205:11[90m)[39m
    at process.&lt;anonymous&gt; [90m(C:\playwright-project\[39mnode_modules\[4mplaywright[24m\lib\common\process.js:95:22[90m)[39m {
  fatal: [33mtrue[39m
}
Confirmation page validation failed: Not on confirmation page URL
Intento 2 fallido en payWithCard: Error [ValidationError]: Not on confirmation page URL
    at validationConfirmPage [90m(C:\playwright-project\[39msrc\page-objects\confirmation.ts:94:27[90m)[39m
    at validationConfirmationPage [90m(C:\playwright-project\[39msrc\tests\1TipsNoExtraNoSeat.spec.ts:91:3[90m)[39m
    at runWithRetries [90m(C:\playwright-project\[39msrc\tests\1TipsNoExtraNoSeat.spec.ts:122:7[90m)[39m
    at executeTests [90m(C:\playwright-project\[39msrc\tests\1TipsNoExtraNoSeat.spec.ts:222:29[90m)[39m
    at [90mC:\playwright-project\[39msrc\tests\1TipsNoExtraNoSeat.spec.ts:667:30
    at [90mC:\playwright-project\[39mnode_modules\[4mplaywright[24m\lib\worker\workerMain.js:339:9
    at [90mC:\playwright-project\[39mnode_modules\[4mplaywright[24m\lib\worker\testInfo.js:286:11
    at TimeoutManager.withRunnable [90m(C:\playwright-project\[39mnode_modules\[4mplaywright[24m\lib\worker\timeoutManager.js:64:14[90m)[39m
    at TestInfoImpl._runAsStage [90m(C:\playwright-project\[39mnode_modules\[4mplaywright[24m\lib\worker\testInfo.js:284:7[90m)[39m
    at [90mC:\playwright-project\[39mnode_modules\[4mplaywright[24m\lib\worker\workerMain.js:331:7
    at [90mC:\playwright-project\[39mnode_modules\[4mplaywright[24m\lib\worker\testInfo.js:286:11
    at TimeoutManager.withRunnable [90m(C:\playwright-project\[39mnode_modules\[4mplaywright[24m\lib\worker\timeoutManager.js:52:27[90m)[39m
    at TestInfoImpl._runAsStage [90m(C:\playwright-project\[39mnode_modules\[4mplaywright[24m\lib\worker\testInfo.js:284:7[90m)[39m
    at WorkerMain._runTest [90m(C:\playwright-project\[39mnode_modules\[4mplaywright[24m\lib\worker\workerMain.js:281:5[90m)[39m
    at WorkerMain.runTestGroup [90m(C:\playwright-project\[39mnode_modules\[4mplaywright[24m\lib\worker\workerMain.js:205:11[90m)[39m
    at process.&lt;anonymous&gt; [90m(C:\playwright-project\[39mnode_modules\[4mplaywright[24m\lib\common\process.js:95:22[90m)[39m {
  fatal: [33mtrue[39m
}

</system-err>
</testcase>
<testcase name="11. Compra 1 Adulto Premium Light- Nombre sin caracteres especiales - sin assitence - sin asiento - sin extras › Ejecución completa con reintentos" classname="1TipsNoExtraNoSeat.spec.ts" time="58.542">
<system-out>
Ejecución completa, intento 1 de 5
Ejecutando Booking, intento 1
Fecha de salida seleccionada: { year: [32m'2025'[39m, month: [32m'6'[39m, index: [33m3[39m, value: [33m10[39m }
Ajustando número de pasajeros
Successfully clicked the element: div.price-cabin:has-text("Premium")
Ejecutando fillPassengerAdult 1, intento 1
Ejecutando fillContact, intento 1
Ejecutando payWithCard, intento 1
Iframe encontrado.
Ejecutando payWithCard, intento 1
Ejecutando payWithCard, intento 2
Ejecutando payWithCard, intento 3
Successfully saved booking code M9WMX to Excel

</system-out>
<system-err>
Confirmation page validation failed: Flight Summary section not found on confirmation page
Intento 1 fallido en payWithCard: Error [ValidationError]: Flight Summary section not found on confirmation page
    at validationConfirmPage [90m(C:\playwright-project\[39msrc\page-objects\confirmation.ts:86:27[90m)[39m
[90m    at runNextTicks (node:internal/process/task_queues:65:5)[39m
[90m    at processImmediate (node:internal/timers:459:9)[39m
[90m    at process.callbackTrampoline (node:internal/async_hooks:130:17)[39m
    at validationConfirmationPage [90m(C:\playwright-project\[39msrc\tests\1TipsNoExtraNoSeat.spec.ts:91:3[90m)[39m
    at runWithRetries [90m(C:\playwright-project\[39msrc\tests\1TipsNoExtraNoSeat.spec.ts:122:7[90m)[39m
    at executeTests [90m(C:\playwright-project\[39msrc\tests\1TipsNoExtraNoSeat.spec.ts:222:29[90m)[39m
    at [90mC:\playwright-project\[39msrc\tests\1TipsNoExtraNoSeat.spec.ts:709:30
    at [90mC:\playwright-project\[39mnode_modules\[4mplaywright[24m\lib\worker\workerMain.js:339:9
    at [90mC:\playwright-project\[39mnode_modules\[4mplaywright[24m\lib\worker\testInfo.js:286:11
    at TimeoutManager.withRunnable [90m(C:\playwright-project\[39mnode_modules\[4mplaywright[24m\lib\worker\timeoutManager.js:64:14[90m)[39m
    at TestInfoImpl._runAsStage [90m(C:\playwright-project\[39mnode_modules\[4mplaywright[24m\lib\worker\testInfo.js:284:7[90m)[39m
    at [90mC:\playwright-project\[39mnode_modules\[4mplaywright[24m\lib\worker\workerMain.js:331:7
    at [90mC:\playwright-project\[39mnode_modules\[4mplaywright[24m\lib\worker\testInfo.js:286:11
    at TimeoutManager.withRunnable [90m(C:\playwright-project\[39mnode_modules\[4mplaywright[24m\lib\worker\timeoutManager.js:52:27[90m)[39m
    at TestInfoImpl._runAsStage [90m(C:\playwright-project\[39mnode_modules\[4mplaywright[24m\lib\worker\testInfo.js:284:7[90m)[39m
    at WorkerMain._runTest [90m(C:\playwright-project\[39mnode_modules\[4mplaywright[24m\lib\worker\workerMain.js:281:5[90m)[39m
    at WorkerMain.runTestGroup [90m(C:\playwright-project\[39mnode_modules\[4mplaywright[24m\lib\worker\workerMain.js:205:11[90m)[39m
    at process.&lt;anonymous&gt; [90m(C:\playwright-project\[39mnode_modules\[4mplaywright[24m\lib\common\process.js:95:22[90m)[39m {
  fatal: [33mtrue[39m
}
Confirmation page validation failed: Not on confirmation page URL
Intento 2 fallido en payWithCard: Error [ValidationError]: Not on confirmation page URL
    at validationConfirmPage [90m(C:\playwright-project\[39msrc\page-objects\confirmation.ts:94:27[90m)[39m
    at validationConfirmationPage [90m(C:\playwright-project\[39msrc\tests\1TipsNoExtraNoSeat.spec.ts:91:3[90m)[39m
    at runWithRetries [90m(C:\playwright-project\[39msrc\tests\1TipsNoExtraNoSeat.spec.ts:122:7[90m)[39m
    at executeTests [90m(C:\playwright-project\[39msrc\tests\1TipsNoExtraNoSeat.spec.ts:222:29[90m)[39m
    at [90mC:\playwright-project\[39msrc\tests\1TipsNoExtraNoSeat.spec.ts:709:30
    at [90mC:\playwright-project\[39mnode_modules\[4mplaywright[24m\lib\worker\workerMain.js:339:9
    at [90mC:\playwright-project\[39mnode_modules\[4mplaywright[24m\lib\worker\testInfo.js:286:11
    at TimeoutManager.withRunnable [90m(C:\playwright-project\[39mnode_modules\[4mplaywright[24m\lib\worker\timeoutManager.js:64:14[90m)[39m
    at TestInfoImpl._runAsStage [90m(C:\playwright-project\[39mnode_modules\[4mplaywright[24m\lib\worker\testInfo.js:284:7[90m)[39m
    at [90mC:\playwright-project\[39mnode_modules\[4mplaywright[24m\lib\worker\workerMain.js:331:7
    at [90mC:\playwright-project\[39mnode_modules\[4mplaywright[24m\lib\worker\testInfo.js:286:11
    at TimeoutManager.withRunnable [90m(C:\playwright-project\[39mnode_modules\[4mplaywright[24m\lib\worker\timeoutManager.js:52:27[90m)[39m
    at TestInfoImpl._runAsStage [90m(C:\playwright-project\[39mnode_modules\[4mplaywright[24m\lib\worker\testInfo.js:284:7[90m)[39m
    at WorkerMain._runTest [90m(C:\playwright-project\[39mnode_modules\[4mplaywright[24m\lib\worker\workerMain.js:281:5[90m)[39m
    at WorkerMain.runTestGroup [90m(C:\playwright-project\[39mnode_modules\[4mplaywright[24m\lib\worker\workerMain.js:205:11[90m)[39m
    at process.&lt;anonymous&gt; [90m(C:\playwright-project\[39mnode_modules\[4mplaywright[24m\lib\common\process.js:95:22[90m)[39m {
  fatal: [33mtrue[39m
}

</system-err>
</testcase>
<testcase name="12. Compra 1 Adulto Premium Light - Nombre sin caracteres especiales - sin assitence - sin asiento - sin extras › Ejecución completa con reintentos" classname="1TipsNoExtraNoSeat.spec.ts" time="60.16">
<system-out>
Ejecución completa, intento 1 de 5
Ejecutando Booking, intento 1
Fecha de salida seleccionada: { year: [32m'2025'[39m, month: [32m'6'[39m, index: [33m5[39m, value: [33m14[39m }
Ajustando número de pasajeros
Successfully clicked the element: div.price-cabin:has-text("Premium")
Ejecutando fillPassengerAdult 1, intento 1
Ejecutando fillContact, intento 1
Ejecutando payWithCard, intento 1
Iframe encontrado.
Ejecutando payWithCard, intento 1
Ejecutando payWithCard, intento 2
Ejecutando payWithCard, intento 3
Successfully saved booking code M9WN5 to Excel

</system-out>
<system-err>
Confirmation page validation failed: Flight Summary section not found on confirmation page
Intento 1 fallido en payWithCard: Error [ValidationError]: Flight Summary section not found on confirmation page
    at validationConfirmPage [90m(C:\playwright-project\[39msrc\page-objects\confirmation.ts:86:27[90m)[39m
[90m    at runNextTicks (node:internal/process/task_queues:65:5)[39m
[90m    at processImmediate (node:internal/timers:459:9)[39m
[90m    at process.callbackTrampoline (node:internal/async_hooks:130:17)[39m
    at validationConfirmationPage [90m(C:\playwright-project\[39msrc\tests\1TipsNoExtraNoSeat.spec.ts:91:3[90m)[39m
    at runWithRetries [90m(C:\playwright-project\[39msrc\tests\1TipsNoExtraNoSeat.spec.ts:122:7[90m)[39m
    at executeTests [90m(C:\playwright-project\[39msrc\tests\1TipsNoExtraNoSeat.spec.ts:222:29[90m)[39m
    at [90mC:\playwright-project\[39msrc\tests\1TipsNoExtraNoSeat.spec.ts:751:30
    at [90mC:\playwright-project\[39mnode_modules\[4mplaywright[24m\lib\worker\workerMain.js:339:9
    at [90mC:\playwright-project\[39mnode_modules\[4mplaywright[24m\lib\worker\testInfo.js:286:11
    at TimeoutManager.withRunnable [90m(C:\playwright-project\[39mnode_modules\[4mplaywright[24m\lib\worker\timeoutManager.js:64:14[90m)[39m
    at TestInfoImpl._runAsStage [90m(C:\playwright-project\[39mnode_modules\[4mplaywright[24m\lib\worker\testInfo.js:284:7[90m)[39m
    at [90mC:\playwright-project\[39mnode_modules\[4mplaywright[24m\lib\worker\workerMain.js:331:7
    at [90mC:\playwright-project\[39mnode_modules\[4mplaywright[24m\lib\worker\testInfo.js:286:11
    at TimeoutManager.withRunnable [90m(C:\playwright-project\[39mnode_modules\[4mplaywright[24m\lib\worker\timeoutManager.js:52:27[90m)[39m
    at TestInfoImpl._runAsStage [90m(C:\playwright-project\[39mnode_modules\[4mplaywright[24m\lib\worker\testInfo.js:284:7[90m)[39m
    at WorkerMain._runTest [90m(C:\playwright-project\[39mnode_modules\[4mplaywright[24m\lib\worker\workerMain.js:281:5[90m)[39m
    at WorkerMain.runTestGroup [90m(C:\playwright-project\[39mnode_modules\[4mplaywright[24m\lib\worker\workerMain.js:205:11[90m)[39m
    at process.&lt;anonymous&gt; [90m(C:\playwright-project\[39mnode_modules\[4mplaywright[24m\lib\common\process.js:95:22[90m)[39m {
  fatal: [33mtrue[39m
}
Confirmation page validation failed: Not on confirmation page URL
Intento 2 fallido en payWithCard: Error [ValidationError]: Not on confirmation page URL
    at validationConfirmPage [90m(C:\playwright-project\[39msrc\page-objects\confirmation.ts:94:27[90m)[39m
    at validationConfirmationPage [90m(C:\playwright-project\[39msrc\tests\1TipsNoExtraNoSeat.spec.ts:91:3[90m)[39m
    at runWithRetries [90m(C:\playwright-project\[39msrc\tests\1TipsNoExtraNoSeat.spec.ts:122:7[90m)[39m
    at executeTests [90m(C:\playwright-project\[39msrc\tests\1TipsNoExtraNoSeat.spec.ts:222:29[90m)[39m
    at [90mC:\playwright-project\[39msrc\tests\1TipsNoExtraNoSeat.spec.ts:751:30
    at [90mC:\playwright-project\[39mnode_modules\[4mplaywright[24m\lib\worker\workerMain.js:339:9
    at [90mC:\playwright-project\[39mnode_modules\[4mplaywright[24m\lib\worker\testInfo.js:286:11
    at TimeoutManager.withRunnable [90m(C:\playwright-project\[39mnode_modules\[4mplaywright[24m\lib\worker\timeoutManager.js:64:14[90m)[39m
    at TestInfoImpl._runAsStage [90m(C:\playwright-project\[39mnode_modules\[4mplaywright[24m\lib\worker\testInfo.js:284:7[90m)[39m
    at [90mC:\playwright-project\[39mnode_modules\[4mplaywright[24m\lib\worker\workerMain.js:331:7
    at [90mC:\playwright-project\[39mnode_modules\[4mplaywright[24m\lib\worker\testInfo.js:286:11
    at TimeoutManager.withRunnable [90m(C:\playwright-project\[39mnode_modules\[4mplaywright[24m\lib\worker\timeoutManager.js:52:27[90m)[39m
    at TestInfoImpl._runAsStage [90m(C:\playwright-project\[39mnode_modules\[4mplaywright[24m\lib\worker\testInfo.js:284:7[90m)[39m
    at WorkerMain._runTest [90m(C:\playwright-project\[39mnode_modules\[4mplaywright[24m\lib\worker\workerMain.js:281:5[90m)[39m
    at WorkerMain.runTestGroup [90m(C:\playwright-project\[39mnode_modules\[4mplaywright[24m\lib\worker\workerMain.js:205:11[90m)[39m
    at process.&lt;anonymous&gt; [90m(C:\playwright-project\[39mnode_modules\[4mplaywright[24m\lib\common\process.js:95:22[90m)[39m {
  fatal: [33mtrue[39m
}

</system-err>
</testcase>
<testcase name="13. Compra 1 Adulto Premium Comfort - Nombre sin caracteres especiales - sin assitence - sin asiento - sin extras › Ejecución completa con reintentos" classname="1TipsNoExtraNoSeat.spec.ts" time="61.627">
<system-out>
Ejecución completa, intento 1 de 5
Ejecutando Booking, intento 1
Fecha de salida seleccionada: { year: [32m'2025'[39m, month: [32m'6'[39m, index: [33m2[39m, value: [33m7[39m }
Ajustando número de pasajeros
Successfully clicked the element: div.price-cabin:has-text("Premium")
Ejecutando fillPassengerAdult 1, intento 1
Ejecutando fillContact, intento 1
Ejecutando payWithCard, intento 1
Iframe encontrado.
Ejecutando payWithCard, intento 1
Ejecutando payWithCard, intento 2
Ejecutando payWithCard, intento 3
Successfully saved booking code M9WN6 to Excel

</system-out>
<system-err>
Confirmation page validation failed: Flight Summary section not found on confirmation page
Intento 1 fallido en payWithCard: Error [ValidationError]: Flight Summary section not found on confirmation page
    at validationConfirmPage [90m(C:\playwright-project\[39msrc\page-objects\confirmation.ts:86:27[90m)[39m
[90m    at runNextTicks (node:internal/process/task_queues:65:5)[39m
[90m    at processImmediate (node:internal/timers:459:9)[39m
[90m    at process.callbackTrampoline (node:internal/async_hooks:130:17)[39m
    at validationConfirmationPage [90m(C:\playwright-project\[39msrc\tests\1TipsNoExtraNoSeat.spec.ts:91:3[90m)[39m
    at runWithRetries [90m(C:\playwright-project\[39msrc\tests\1TipsNoExtraNoSeat.spec.ts:122:7[90m)[39m
    at executeTests [90m(C:\playwright-project\[39msrc\tests\1TipsNoExtraNoSeat.spec.ts:222:29[90m)[39m
    at [90mC:\playwright-project\[39msrc\tests\1TipsNoExtraNoSeat.spec.ts:794:30
    at [90mC:\playwright-project\[39mnode_modules\[4mplaywright[24m\lib\worker\workerMain.js:339:9
    at [90mC:\playwright-project\[39mnode_modules\[4mplaywright[24m\lib\worker\testInfo.js:286:11
    at TimeoutManager.withRunnable [90m(C:\playwright-project\[39mnode_modules\[4mplaywright[24m\lib\worker\timeoutManager.js:64:14[90m)[39m
    at TestInfoImpl._runAsStage [90m(C:\playwright-project\[39mnode_modules\[4mplaywright[24m\lib\worker\testInfo.js:284:7[90m)[39m
    at [90mC:\playwright-project\[39mnode_modules\[4mplaywright[24m\lib\worker\workerMain.js:331:7
    at [90mC:\playwright-project\[39mnode_modules\[4mplaywright[24m\lib\worker\testInfo.js:286:11
    at TimeoutManager.withRunnable [90m(C:\playwright-project\[39mnode_modules\[4mplaywright[24m\lib\worker\timeoutManager.js:52:27[90m)[39m
    at TestInfoImpl._runAsStage [90m(C:\playwright-project\[39mnode_modules\[4mplaywright[24m\lib\worker\testInfo.js:284:7[90m)[39m
    at WorkerMain._runTest [90m(C:\playwright-project\[39mnode_modules\[4mplaywright[24m\lib\worker\workerMain.js:281:5[90m)[39m
    at WorkerMain.runTestGroup [90m(C:\playwright-project\[39mnode_modules\[4mplaywright[24m\lib\worker\workerMain.js:205:11[90m)[39m
    at process.&lt;anonymous&gt; [90m(C:\playwright-project\[39mnode_modules\[4mplaywright[24m\lib\common\process.js:95:22[90m)[39m {
  fatal: [33mtrue[39m
}
Confirmation page validation failed: Not on confirmation page URL
Intento 2 fallido en payWithCard: Error [ValidationError]: Not on confirmation page URL
    at validationConfirmPage [90m(C:\playwright-project\[39msrc\page-objects\confirmation.ts:94:27[90m)[39m
    at validationConfirmationPage [90m(C:\playwright-project\[39msrc\tests\1TipsNoExtraNoSeat.spec.ts:91:3[90m)[39m
    at runWithRetries [90m(C:\playwright-project\[39msrc\tests\1TipsNoExtraNoSeat.spec.ts:122:7[90m)[39m
    at executeTests [90m(C:\playwright-project\[39msrc\tests\1TipsNoExtraNoSeat.spec.ts:222:29[90m)[39m
    at [90mC:\playwright-project\[39msrc\tests\1TipsNoExtraNoSeat.spec.ts:794:30
    at [90mC:\playwright-project\[39mnode_modules\[4mplaywright[24m\lib\worker\workerMain.js:339:9
    at [90mC:\playwright-project\[39mnode_modules\[4mplaywright[24m\lib\worker\testInfo.js:286:11
    at TimeoutManager.withRunnable [90m(C:\playwright-project\[39mnode_modules\[4mplaywright[24m\lib\worker\timeoutManager.js:64:14[90m)[39m
    at TestInfoImpl._runAsStage [90m(C:\playwright-project\[39mnode_modules\[4mplaywright[24m\lib\worker\testInfo.js:284:7[90m)[39m
    at [90mC:\playwright-project\[39mnode_modules\[4mplaywright[24m\lib\worker\workerMain.js:331:7
    at [90mC:\playwright-project\[39mnode_modules\[4mplaywright[24m\lib\worker\testInfo.js:286:11
    at TimeoutManager.withRunnable [90m(C:\playwright-project\[39mnode_modules\[4mplaywright[24m\lib\worker\timeoutManager.js:52:27[90m)[39m
    at TestInfoImpl._runAsStage [90m(C:\playwright-project\[39mnode_modules\[4mplaywright[24m\lib\worker\testInfo.js:284:7[90m)[39m
    at WorkerMain._runTest [90m(C:\playwright-project\[39mnode_modules\[4mplaywright[24m\lib\worker\workerMain.js:281:5[90m)[39m
    at WorkerMain.runTestGroup [90m(C:\playwright-project\[39mnode_modules\[4mplaywright[24m\lib\worker\workerMain.js:205:11[90m)[39m
    at process.&lt;anonymous&gt; [90m(C:\playwright-project\[39mnode_modules\[4mplaywright[24m\lib\common\process.js:95:22[90m)[39m {
  fatal: [33mtrue[39m
}

</system-err>
</testcase>
<testcase name="5. Compra 1 Adulto - 1 niño - Economy Light - Economy Light - Nombre con caracteres especiales - con assitence - sin asiento - sin extras › Ejecución completa con reintentos" classname="1TipsNoExtraNoSeat.spec.ts" time="82.92">
<system-out>
Ejecución completa, intento 1 de 5
Ejecutando Booking, intento 1
Fecha de salida seleccionada: { year: [32m'2025'[39m, month: [32m'6'[39m, index: [33m2[39m, value: [33m7[39m }
Ajustando número de pasajeros
Successfully clicked the element: div.price-cabin:has-text("Economy")
Ejecutando fillPassengerAdult 1, intento 1
Ejecutando fillPassengerChild 1, intento 1
Ejecutando fillContact, intento 1
Ejecutando payWithCard, intento 1
Iframe encontrado.
Ejecutando payWithCard, intento 1
Ejecutando payWithCard, intento 2
Ejecutando payWithCard, intento 3
Successfully saved booking code M9XV2 to Excel

</system-out>
<system-err>
Confirmation page validation failed: Flight Summary section not found on confirmation page
Intento 1 fallido en payWithCard: Error [ValidationError]: Flight Summary section not found on confirmation page
    at validationConfirmPage [90m(C:\playwright-project\[39msrc\page-objects\confirmation.ts:86:27[90m)[39m
[90m    at runNextTicks (node:internal/process/task_queues:65:5)[39m
[90m    at processImmediate (node:internal/timers:459:9)[39m
[90m    at process.callbackTrampoline (node:internal/async_hooks:130:17)[39m
    at validationConfirmationPage [90m(C:\playwright-project\[39msrc\tests\1TipsNoExtraNoSeat.spec.ts:91:3[90m)[39m
    at runWithRetries [90m(C:\playwright-project\[39msrc\tests\1TipsNoExtraNoSeat.spec.ts:122:7[90m)[39m
    at executeTests [90m(C:\playwright-project\[39msrc\tests\1TipsNoExtraNoSeat.spec.ts:222:29[90m)[39m
    at [90mC:\playwright-project\[39msrc\tests\1TipsNoExtraNoSeat.spec.ts:450:29
    at [90mC:\playwright-project\[39mnode_modules\[4mplaywright[24m\lib\worker\workerMain.js:339:9
    at [90mC:\playwright-project\[39mnode_modules\[4mplaywright[24m\lib\worker\testInfo.js:286:11
    at TimeoutManager.withRunnable [90m(C:\playwright-project\[39mnode_modules\[4mplaywright[24m\lib\worker\timeoutManager.js:64:14[90m)[39m
    at TestInfoImpl._runAsStage [90m(C:\playwright-project\[39mnode_modules\[4mplaywright[24m\lib\worker\testInfo.js:284:7[90m)[39m
    at [90mC:\playwright-project\[39mnode_modules\[4mplaywright[24m\lib\worker\workerMain.js:331:7
    at [90mC:\playwright-project\[39mnode_modules\[4mplaywright[24m\lib\worker\testInfo.js:286:11
    at TimeoutManager.withRunnable [90m(C:\playwright-project\[39mnode_modules\[4mplaywright[24m\lib\worker\timeoutManager.js:52:27[90m)[39m
    at TestInfoImpl._runAsStage [90m(C:\playwright-project\[39mnode_modules\[4mplaywright[24m\lib\worker\testInfo.js:284:7[90m)[39m
    at WorkerMain._runTest [90m(C:\playwright-project\[39mnode_modules\[4mplaywright[24m\lib\worker\workerMain.js:281:5[90m)[39m
    at WorkerMain.runTestGroup [90m(C:\playwright-project\[39mnode_modules\[4mplaywright[24m\lib\worker\workerMain.js:205:11[90m)[39m
    at process.&lt;anonymous&gt; [90m(C:\playwright-project\[39mnode_modules\[4mplaywright[24m\lib\common\process.js:95:22[90m)[39m {
  fatal: [33mtrue[39m
}
Confirmation page validation failed: Not on confirmation page URL
Intento 2 fallido en payWithCard: Error [ValidationError]: Not on confirmation page URL
    at validationConfirmPage [90m(C:\playwright-project\[39msrc\page-objects\confirmation.ts:94:27[90m)[39m
    at validationConfirmationPage [90m(C:\playwright-project\[39msrc\tests\1TipsNoExtraNoSeat.spec.ts:91:3[90m)[39m
    at runWithRetries [90m(C:\playwright-project\[39msrc\tests\1TipsNoExtraNoSeat.spec.ts:122:7[90m)[39m
    at executeTests [90m(C:\playwright-project\[39msrc\tests\1TipsNoExtraNoSeat.spec.ts:222:29[90m)[39m
    at [90mC:\playwright-project\[39msrc\tests\1TipsNoExtraNoSeat.spec.ts:450:29
    at [90mC:\playwright-project\[39mnode_modules\[4mplaywright[24m\lib\worker\workerMain.js:339:9
    at [90mC:\playwright-project\[39mnode_modules\[4mplaywright[24m\lib\worker\testInfo.js:286:11
    at TimeoutManager.withRunnable [90m(C:\playwright-project\[39mnode_modules\[4mplaywright[24m\lib\worker\timeoutManager.js:64:14[90m)[39m
    at TestInfoImpl._runAsStage [90m(C:\playwright-project\[39mnode_modules\[4mplaywright[24m\lib\worker\testInfo.js:284:7[90m)[39m
    at [90mC:\playwright-project\[39mnode_modules\[4mplaywright[24m\lib\worker\workerMain.js:331:7
    at [90mC:\playwright-project\[39mnode_modules\[4mplaywright[24m\lib\worker\testInfo.js:286:11
    at TimeoutManager.withRunnable [90m(C:\playwright-project\[39mnode_modules\[4mplaywright[24m\lib\worker\timeoutManager.js:52:27[90m)[39m
    at TestInfoImpl._runAsStage [90m(C:\playwright-project\[39mnode_modules\[4mplaywright[24m\lib\worker\testInfo.js:284:7[90m)[39m
    at WorkerMain._runTest [90m(C:\playwright-project\[39mnode_modules\[4mplaywright[24m\lib\worker\workerMain.js:281:5[90m)[39m
    at WorkerMain.runTestGroup [90m(C:\playwright-project\[39mnode_modules\[4mplaywright[24m\lib\worker\workerMain.js:205:11[90m)[39m
    at process.&lt;anonymous&gt; [90m(C:\playwright-project\[39mnode_modules\[4mplaywright[24m\lib\common\process.js:95:22[90m)[39m {
  fatal: [33mtrue[39m
}

</system-err>
</testcase>
<testcase name="14. Compra 1 Adulto Premium Extra - Nombre sin caracteres especiales - sin assitence - sin asiento - sin extras › Ejecución completa con reintentos" classname="1TipsNoExtraNoSeat.spec.ts" time="39.779">
<system-out>
Ejecución completa, intento 1 de 5
Ejecutando Booking, intento 1
Fecha de salida seleccionada: { year: [32m'2025'[39m, month: [32m'6'[39m, index: [33m1[39m, value: [33m5[39m }
Ajustando número de pasajeros
Successfully clicked the element: div.price-cabin:has-text("Premium")
Ejecutando fillPassengerAdult 1, intento 1
Ejecutando fillContact, intento 1
Ejecutando payWithCard, intento 1
Iframe encontrado.
Ejecutando payWithCard, intento 1
Ejecutando payWithCard, intento 2
Ejecutando payWithCard, intento 3
Successfully saved booking code H90C3 to Excel

</system-out>
<system-err>
Confirmation page validation failed: Flight Summary section not found on confirmation page
Intento 1 fallido en payWithCard: Error [ValidationError]: Flight Summary section not found on confirmation page
    at validationConfirmPage [90m(C:\playwright-project\[39msrc\page-objects\confirmation.ts:86:27[90m)[39m
    at validationConfirmationPage [90m(C:\playwright-project\[39msrc\tests\1TipsNoExtraNoSeat.spec.ts:91:3[90m)[39m
    at runWithRetries [90m(C:\playwright-project\[39msrc\tests\1TipsNoExtraNoSeat.spec.ts:122:7[90m)[39m
    at executeTests [90m(C:\playwright-project\[39msrc\tests\1TipsNoExtraNoSeat.spec.ts:222:29[90m)[39m
    at [90mC:\playwright-project\[39msrc\tests\1TipsNoExtraNoSeat.spec.ts:837:30
    at [90mC:\playwright-project\[39mnode_modules\[4mplaywright[24m\lib\worker\workerMain.js:339:9
    at [90mC:\playwright-project\[39mnode_modules\[4mplaywright[24m\lib\worker\testInfo.js:286:11
    at TimeoutManager.withRunnable [90m(C:\playwright-project\[39mnode_modules\[4mplaywright[24m\lib\worker\timeoutManager.js:64:14[90m)[39m
    at TestInfoImpl._runAsStage [90m(C:\playwright-project\[39mnode_modules\[4mplaywright[24m\lib\worker\testInfo.js:284:7[90m)[39m
    at [90mC:\playwright-project\[39mnode_modules\[4mplaywright[24m\lib\worker\workerMain.js:331:7
    at [90mC:\playwright-project\[39mnode_modules\[4mplaywright[24m\lib\worker\testInfo.js:286:11
    at TimeoutManager.withRunnable [90m(C:\playwright-project\[39mnode_modules\[4mplaywright[24m\lib\worker\timeoutManager.js:52:27[90m)[39m
    at TestInfoImpl._runAsStage [90m(C:\playwright-project\[39mnode_modules\[4mplaywright[24m\lib\worker\testInfo.js:284:7[90m)[39m
    at WorkerMain._runTest [90m(C:\playwright-project\[39mnode_modules\[4mplaywright[24m\lib\worker\workerMain.js:281:5[90m)[39m
    at WorkerMain.runTestGroup [90m(C:\playwright-project\[39mnode_modules\[4mplaywright[24m\lib\worker\workerMain.js:205:11[90m)[39m
    at process.&lt;anonymous&gt; [90m(C:\playwright-project\[39mnode_modules\[4mplaywright[24m\lib\common\process.js:95:22[90m)[39m {
  fatal: [33mtrue[39m
}
Confirmation page validation failed: Not on confirmation page URL
Intento 2 fallido en payWithCard: Error [ValidationError]: Not on confirmation page URL
    at validationConfirmPage [90m(C:\playwright-project\[39msrc\page-objects\confirmation.ts:94:27[90m)[39m
    at validationConfirmationPage [90m(C:\playwright-project\[39msrc\tests\1TipsNoExtraNoSeat.spec.ts:91:3[90m)[39m
    at runWithRetries [90m(C:\playwright-project\[39msrc\tests\1TipsNoExtraNoSeat.spec.ts:122:7[90m)[39m
    at executeTests [90m(C:\playwright-project\[39msrc\tests\1TipsNoExtraNoSeat.spec.ts:222:29[90m)[39m
    at [90mC:\playwright-project\[39msrc\tests\1TipsNoExtraNoSeat.spec.ts:837:30
    at [90mC:\playwright-project\[39mnode_modules\[4mplaywright[24m\lib\worker\workerMain.js:339:9
    at [90mC:\playwright-project\[39mnode_modules\[4mplaywright[24m\lib\worker\testInfo.js:286:11
    at TimeoutManager.withRunnable [90m(C:\playwright-project\[39mnode_modules\[4mplaywright[24m\lib\worker\timeoutManager.js:64:14[90m)[39m
    at TestInfoImpl._runAsStage [90m(C:\playwright-project\[39mnode_modules\[4mplaywright[24m\lib\worker\testInfo.js:284:7[90m)[39m
    at [90mC:\playwright-project\[39mnode_modules\[4mplaywright[24m\lib\worker\workerMain.js:331:7
    at [90mC:\playwright-project\[39mnode_modules\[4mplaywright[24m\lib\worker\testInfo.js:286:11
    at TimeoutManager.withRunnable [90m(C:\playwright-project\[39mnode_modules\[4mplaywright[24m\lib\worker\timeoutManager.js:52:27[90m)[39m
    at TestInfoImpl._runAsStage [90m(C:\playwright-project\[39mnode_modules\[4mplaywright[24m\lib\worker\testInfo.js:284:7[90m)[39m
    at WorkerMain._runTest [90m(C:\playwright-project\[39mnode_modules\[4mplaywright[24m\lib\worker\workerMain.js:281:5[90m)[39m
    at WorkerMain.runTestGroup [90m(C:\playwright-project\[39mnode_modules\[4mplaywright[24m\lib\worker\workerMain.js:205:11[90m)[39m
    at process.&lt;anonymous&gt; [90m(C:\playwright-project\[39mnode_modules\[4mplaywright[24m\lib\common\process.js:95:22[90m)[39m {
  fatal: [33mtrue[39m
}

</system-err>
</testcase>
</testsuite>
<testsuite name="2TipsNoExtraNoSeat.spec.ts" timestamp="2025-02-03T07:41:32.338Z" hostname="chromium" tests="41" failures="3" skipped="0" time="5163.417" errors="0">
<testcase name="1. Compra 2 adt (Diferente) Eco Light - Eco Light - sin assitence › Ejecución completa con reintentos" classname="2TipsNoExtraNoSeat.spec.ts" time="79.345">
<system-out>
Ejecución completa, intento 1 de 5
Ejecutando Booking, intento 1
Fecha de salida seleccionada: { year: [32m'2025'[39m, month: [32m'7'[39m, index: [33m2[39m, value: [33m3[39m }
Fecha de regreso seleccionada: { year: [32m'2025'[39m, month: [32m'7'[39m, index: [33m3[39m, value: [33m5[39m }
Ajustando número de pasajeros
Successfully clicked the element: div.price-cabin:has-text("Economy")
Successfully clicked the element: div.price-cabin:has-text("Economy")
Ejecutando fillPassengerAdult 1, intento 1
Ejecutando fillPassengerAdult 2, intento 1
Ejecutando fillContact, intento 1
Ejecutando payWithCard, intento 1
Iframe encontrado.
Ejecutando payWithCard, intento 1
Ejecutando payWithCard, intento 2
Ejecutando payWithCard, intento 3
Successfully saved booking code M9WNG to Excel

</system-out>
<system-err>
Confirmation page validation failed: Flight Summary section not found on confirmation page
Intento 1 fallido en payWithCard: Error [ValidationError]: Flight Summary section not found on confirmation page
    at validationConfirmPage [90m(C:\playwright-project\[39msrc\page-objects\confirmation.ts:86:27[90m)[39m
[90m    at runNextTicks (node:internal/process/task_queues:65:5)[39m
[90m    at processImmediate (node:internal/timers:459:9)[39m
[90m    at process.callbackTrampoline (node:internal/async_hooks:130:17)[39m
    at validationConfirmationPage [90m(C:\playwright-project\[39msrc\tests\2TipsNoExtraNoSeat.spec.ts:90:3[90m)[39m
    at runWithRetries [90m(C:\playwright-project\[39msrc\tests\2TipsNoExtraNoSeat.spec.ts:121:7[90m)[39m
    at executeTests [90m(C:\playwright-project\[39msrc\tests\2TipsNoExtraNoSeat.spec.ts:221:29[90m)[39m
    at [90mC:\playwright-project\[39msrc\tests\2TipsNoExtraNoSeat.spec.ts:270:30
    at [90mC:\playwright-project\[39mnode_modules\[4mplaywright[24m\lib\worker\workerMain.js:339:9
    at [90mC:\playwright-project\[39mnode_modules\[4mplaywright[24m\lib\worker\testInfo.js:286:11
    at TimeoutManager.withRunnable [90m(C:\playwright-project\[39mnode_modules\[4mplaywright[24m\lib\worker\timeoutManager.js:64:14[90m)[39m
    at TestInfoImpl._runAsStage [90m(C:\playwright-project\[39mnode_modules\[4mplaywright[24m\lib\worker\testInfo.js:284:7[90m)[39m
    at [90mC:\playwright-project\[39mnode_modules\[4mplaywright[24m\lib\worker\workerMain.js:331:7
    at [90mC:\playwright-project\[39mnode_modules\[4mplaywright[24m\lib\worker\testInfo.js:286:11
    at TimeoutManager.withRunnable [90m(C:\playwright-project\[39mnode_modules\[4mplaywright[24m\lib\worker\timeoutManager.js:52:27[90m)[39m
    at TestInfoImpl._runAsStage [90m(C:\playwright-project\[39mnode_modules\[4mplaywright[24m\lib\worker\testInfo.js:284:7[90m)[39m
    at WorkerMain._runTest [90m(C:\playwright-project\[39mnode_modules\[4mplaywright[24m\lib\worker\workerMain.js:281:5[90m)[39m
    at WorkerMain.runTestGroup [90m(C:\playwright-project\[39mnode_modules\[4mplaywright[24m\lib\worker\workerMain.js:205:11[90m)[39m
    at process.&lt;anonymous&gt; [90m(C:\playwright-project\[39mnode_modules\[4mplaywright[24m\lib\common\process.js:95:22[90m)[39m {
  fatal: [33mtrue[39m
}
Confirmation page validation failed: Not on confirmation page URL
Intento 2 fallido en payWithCard: Error [ValidationError]: Not on confirmation page URL
    at validationConfirmPage [90m(C:\playwright-project\[39msrc\page-objects\confirmation.ts:94:27[90m)[39m
    at validationConfirmationPage [90m(C:\playwright-project\[39msrc\tests\2TipsNoExtraNoSeat.spec.ts:90:3[90m)[39m
    at runWithRetries [90m(C:\playwright-project\[39msrc\tests\2TipsNoExtraNoSeat.spec.ts:121:7[90m)[39m
    at executeTests [90m(C:\playwright-project\[39msrc\tests\2TipsNoExtraNoSeat.spec.ts:221:29[90m)[39m
    at [90mC:\playwright-project\[39msrc\tests\2TipsNoExtraNoSeat.spec.ts:270:30
    at [90mC:\playwright-project\[39mnode_modules\[4mplaywright[24m\lib\worker\workerMain.js:339:9
    at [90mC:\playwright-project\[39mnode_modules\[4mplaywright[24m\lib\worker\testInfo.js:286:11
    at TimeoutManager.withRunnable [90m(C:\playwright-project\[39mnode_modules\[4mplaywright[24m\lib\worker\timeoutManager.js:64:14[90m)[39m
    at TestInfoImpl._runAsStage [90m(C:\playwright-project\[39mnode_modules\[4mplaywright[24m\lib\worker\testInfo.js:284:7[90m)[39m
    at [90mC:\playwright-project\[39mnode_modules\[4mplaywright[24m\lib\worker\workerMain.js:331:7
    at [90mC:\playwright-project\[39mnode_modules\[4mplaywright[24m\lib\worker\testInfo.js:286:11
    at TimeoutManager.withRunnable [90m(C:\playwright-project\[39mnode_modules\[4mplaywright[24m\lib\worker\timeoutManager.js:52:27[90m)[39m
    at TestInfoImpl._runAsStage [90m(C:\playwright-project\[39mnode_modules\[4mplaywright[24m\lib\worker\testInfo.js:284:7[90m)[39m
    at WorkerMain._runTest [90m(C:\playwright-project\[39mnode_modules\[4mplaywright[24m\lib\worker\workerMain.js:281:5[90m)[39m
    at WorkerMain.runTestGroup [90m(C:\playwright-project\[39mnode_modules\[4mplaywright[24m\lib\worker\workerMain.js:205:11[90m)[39m
    at process.&lt;anonymous&gt; [90m(C:\playwright-project\[39mnode_modules\[4mplaywright[24m\lib\common\process.js:95:22[90m)[39m {
  fatal: [33mtrue[39m
}

</system-err>
</testcase>
<testcase name="2. Compra 2 adt (Diferente) Eco Light - EC - Con assitence TODAS › Ejecución completa con reintentos" classname="2TipsNoExtraNoSeat.spec.ts" time="360.174">
<failure message="2TipsNoExtraNoSeat.spec.ts:305:9 Ejecución completa con reintentos" type="FAILURE">
  [chromium] › 2TipsNoExtraNoSeat.spec.ts:305:9 › 2. Compra 2 adt (Diferente) Eco Light - EC - Con assitence TODAS › Ejecución completa con reintentos 

    Test timeout of 360000ms exceeded.

    Error: browserContext.close: Test ended.
    Browser logs:

    &lt;launching&gt; C:\Users\SofiaMartínezLópez\AppData\Local\ms-playwright\chromium_headless_shell-1148\chrome-win\headless_shell.exe --disable-field-trial-config --disable-background-networking --disable-background-timer-throttling --disable-backgrounding-occluded-windows --disable-back-forward-cache --disable-breakpad --disable-client-side-phishing-detection --disable-component-extensions-with-background-pages --disable-component-update --no-default-browser-check --disable-default-apps --disable-dev-shm-usage --disable-extensions --disable-features=ImprovedCookieControls,LazyFrameLoading,GlobalMediaControls,DestroyProfileOnBrowserClose,MediaRouter,DialMediaRouteProvider,AcceptCHFrame,AutoExpandDetailsElement,CertificateTransparencyComponentUpdater,AvoidUnnecessaryBeforeUnloadCheckSync,Translate,HttpsUpgrades,PaintHolding,ThirdPartyStoragePartitioning,LensOverlay,PlzDedicatedWorker --allow-pre-commit-input --disable-hang-monitor --disable-ipc-flooding-protection --disable-popup-blocking --disable-prompt-on-repost --disable-renderer-backgrounding --force-color-profile=srgb --metrics-recording-only --no-first-run --enable-automation --password-store=basic --use-mock-keychain --no-service-autorun --export-tagged-pdf --disable-search-engine-choice-screen --unsafely-disable-devtools-self-xss-warnings --headless --hide-scrollbars --mute-audio --blink-settings=primaryHoverType=2,availableHoverTypes=2,primaryPointerType=4,availablePointerTypes=4 --no-sandbox --user-data-dir=C:\Users\SOFIAM~1\AppData\Local\Temp\playwright_chromiumdev_profile-dzOIUz --remote-debugging-pipe --no-startup-window
    &lt;launched&gt; pid=10152
    [pid=10152][err] [0203/084312.800:ERROR:gles2_cmd_decoder_passthrough.cc(1053)] [GroupMarkerNotSet(crbug.com/242999)!:A040BE0044020000]Automatic fallback to software WebGL has been deprecated. Please use the --enable-unsafe-swiftshader flag to opt in to lower security guarantees for trusted content.
    [pid=10152][err] [0203/084312.889:ERROR:gl_utils.cc(426)] [.WebGL-0xe740b7e0000]GL Driver Message (OpenGL, Performance, GL_CLOSE_PATH_NV, High): GPU stall due to ReadPixels
    [pid=10152][err] [0203/084313.432:ERROR:gles2_cmd_decoder_passthrough.cc(1053)] [GroupMarkerNotSet(crbug.com/242999)!:A0D0BE0044020000]Automatic fallback to software WebGL has been deprecated. Please use the --enable-unsafe-swiftshader flag to opt in to lower security guarantees for trusted content.
    [pid=10152][err] [0203/084313.529:ERROR:gles2_cmd_decoder_passthrough.cc(1053)] [GroupMarkerNotSet(crbug.com/242999)!:A0A0BE0044020000]Automatic fallback to software WebGL has been deprecated. Please use the --enable-unsafe-swiftshader flag to opt in to lower security guarantees for trusted content.
    [pid=10152][err] [0203/084313.537:ERROR:gles2_cmd_decoder_passthrough.cc(1053)] [GroupMarkerNotSet(crbug.com/242999)!:A080CA0044020000]Automatic fallback to software WebGL has been deprecated. Please use the --enable-unsafe-swiftshader flag to opt in to lower security guarantees for trusted content.
    [pid=10152][err] [0203/084313.549:ERROR:gl_utils.cc(426)] [.WebGL-0xe740b7e3800]GL Driver Message (OpenGL, Performance, GL_CLOSE_PATH_NV, High): GPU stall due to ReadPixels
    [pid=10152][err] [0203/084313.577:ERROR:gles2_cmd_decoder_passthrough.cc(1053)] [GroupMarkerNotSet(crbug.com/242999)!:A0B0CA0044020000]Automatic fallback to software WebGL has been deprecated. Please use the --enable-unsafe-swiftshader flag to opt in to lower security guarantees for trusted content.
    [pid=10152][err] [0203/084313.586:ERROR:gles2_cmd_decoder_passthrough.cc(1053)] [GroupMarkerNotSet(crbug.com/242999)!:A0E0CA0044020000]Automatic fallback to software WebGL has been deprecated. Please use the --enable-unsafe-swiftshader flag to opt in to lower security guarantees for trusted content.
    [pid=10152][err] [0203/084313.841:ERROR:web_contents_delegate.cc(283)] WebContentsDelegate::CheckMediaAccessPermission: Not supported.
    [pid=10152][err] [0203/084313.841:ERROR:web_contents_delegate.cc(283)] WebContentsDelegate::CheckMediaAccessPermission: Not supported.
    [pid=10152][err] [0203/084419.249:ERROR:gles2_cmd_decoder_passthrough.cc(1053)] [GroupMarkerNotSet(crbug.com/242999)!:A070BE0044020000]Automatic fallback to software WebGL has been deprecated. Please use the --enable-unsafe-swiftshader flag to opt in to lower security guarantees for trusted content.
    [pid=10152][err] [0203/084419.299:ERROR:gl_utils.cc(426)] [.WebGL-0x110406461400]GL Driver Message (OpenGL, Performance, GL_CLOSE_PATH_NV, High): GPU stall due to ReadPixels
    [pid=10152][err] [0203/084420.037:ERROR:gles2_cmd_decoder_passthrough.cc(1053)] [GroupMarkerNotSet(crbug.com/242999)!:A0A0BE0044020000]Automatic fallback to software WebGL has been deprecated. Please use the --enable-unsafe-swiftshader flag to opt in to lower security guarantees for trusted content.
    [pid=10152][err] [0203/084420.161:ERROR:gles2_cmd_decoder_passthrough.cc(1053)] [GroupMarkerNotSet(crbug.com/242999)!:A0D0BE0044020000]Automatic fallback to software WebGL has been deprecated. Please use the --enable-unsafe-swiftshader flag to opt in to lower security guarantees for trusted content.
    [pid=10152][err] [0203/084420.172:ERROR:gles2_cmd_decoder_passthrough.cc(1053)] [GroupMarkerNotSet(crbug.com/242999)!:A080CA0044020000]Automatic fallback to software WebGL has been deprecated. Please use the --enable-unsafe-swiftshader flag to opt in to lower security guarantees for trusted content.
    [pid=10152][err] [0203/084420.184:ERROR:gl_utils.cc(426)] [.WebGL-0x110407726a00]GL Driver Message (OpenGL, Performance, GL_CLOSE_PATH_NV, High): GPU stall due to ReadPixels (this message will no longer repeat)
    [pid=10152][err] [0203/084420.219:ERROR:gles2_cmd_decoder_passthrough.cc(1053)] [GroupMarkerNotSet(crbug.com/242999)!:A0B0CA0044020000]Automatic fallback to software WebGL has been deprecated. Please use the --enable-unsafe-swiftshader flag to opt in to lower security guarantees for trusted content.
    [pid=10152][err] [0203/084420.229:ERROR:gles2_cmd_decoder_passthrough.cc(1053)] [GroupMarkerNotSet(crbug.com/242999)!:A0E0CA0044020000]Automatic fallback to software WebGL has been deprecated. Please use the --enable-unsafe-swiftshader flag to opt in to lower security guarantees for trusted content.
    [pid=10152][err] [0203/084421.102:ERROR:web_contents_delegate.cc(283)] WebContentsDelegate::CheckMediaAccessPermission: Not supported.
    [pid=10152][err] [0203/084421.104:ERROR:web_contents_delegate.cc(283)] WebContentsDelegate::CheckMediaAccessPermission: Not supported.
    [pid=10152][err] [0203/084517.837:ERROR:gles2_cmd_decoder_passthrough.cc(1053)] [GroupMarkerNotSet(crbug.com/242999)!:A040BE0044020000]Automatic fallback to software WebGL has been deprecated. Please use the --enable-unsafe-swiftshader flag to opt in to lower security guarantees for trusted content.
    [pid=10152][err] [0203/084518.544:ERROR:gles2_cmd_decoder_passthrough.cc(1053)] [GroupMarkerNotSet(crbug.com/242999)!:A0A0BE0044020000]Automatic fallback to software WebGL has been deprecated. Please use the --enable-unsafe-swiftshader flag to opt in to lower security guarantees for trusted content.
    [pid=10152][err] [0203/084518.661:ERROR:gles2_cmd_decoder_passthrough.cc(1053)] [GroupMarkerNotSet(crbug.com/242999)!:A0D0BE0044020000]Automatic fallback to software WebGL has been deprecated. Please use the --enable-unsafe-swiftshader flag to opt in to lower security guarantees for trusted content.
    [pid=10152][err] [0203/084518.672:ERROR:gles2_cmd_decoder_passthrough.cc(1053)] [GroupMarkerNotSet(crbug.com/242999)!:A080CA0044020000]Automatic fallback to software WebGL has been deprecated. Please use the --enable-unsafe-swiftshader flag to opt in to lower security guarantees for trusted content.
    [pid=10152][err] [0203/084518.714:ERROR:gles2_cmd_decoder_passthrough.cc(1053)] [GroupMarkerNotSet(crbug.com/242999)!:A0B0CA0044020000]Automatic fallback to software WebGL has been deprecated. Please use the --enable-unsafe-swiftshader flag to opt in to lower security guarantees for trusted content.
    [pid=10152][err] [0203/084518.723:ERROR:gles2_cmd_decoder_passthrough.cc(1053)] [GroupMarkerNotSet(crbug.com/242999)!:A0E0CA0044020000]Automatic fallback to software WebGL has been deprecated. Please use the --enable-unsafe-swiftshader flag to opt in to lower security guarantees for trusted content.
    [pid=10152][err] [0203/084519.373:ERROR:web_contents_delegate.cc(283)] WebContentsDelegate::CheckMediaAccessPermission: Not supported.
    [pid=10152][err] [0203/084519.374:ERROR:web_contents_delegate.cc(283)] WebContentsDelegate::CheckMediaAccessPermission: Not supported.
    [pid=10152][err] [0203/084620.250:ERROR:gles2_cmd_decoder_passthrough.cc(1053)] [GroupMarkerNotSet(crbug.com/242999)!:A040BE0044020000]Automatic fallback to software WebGL has been deprecated. Please use the --enable-unsafe-swiftshader flag to opt in to lower security guarantees for trusted content.
    [pid=10152][err] [0203/084620.905:ERROR:gles2_cmd_decoder_passthrough.cc(1053)] [GroupMarkerNotSet(crbug.com/242999)!:A0A0BE0044020000]Automatic fallback to software WebGL has been deprecated. Please use the --enable-unsafe-swiftshader flag to opt in to lower security guarantees for trusted content.
    [pid=10152][err] [0203/084620.993:ERROR:gles2_cmd_decoder_passthrough.cc(1053)] [GroupMarkerNotSet(crbug.com/242999)!:A0D0BE0044020000]Automatic fallback to software WebGL has been deprecated. Please use the --enable-unsafe-swiftshader flag to opt in to lower security guarantees for trusted content.
    [pid=10152][err] [0203/084621.001:ERROR:gles2_cmd_decoder_passthrough.cc(1053)] [GroupMarkerNotSet(crbug.com/242999)!:A080CA0044020000]Automatic fallback to software WebGL has been deprecated. Please use the --enable-unsafe-swiftshader flag to opt in to lower security guarantees for trusted content.
    [pid=10152][err] [0203/084621.041:ERROR:gles2_cmd_decoder_passthrough.cc(1053)] [GroupMarkerNotSet(crbug.com/242999)!:A0B0CA0044020000]Automatic fallback to software WebGL has been deprecated. Please use the --enable-unsafe-swiftshader flag to opt in to lower security guarantees for trusted content.
    [pid=10152][err] [0203/084621.049:ERROR:gles2_cmd_decoder_passthrough.cc(1053)] [GroupMarkerNotSet(crbug.com/242999)!:A0E0CA0044020000]Automatic fallback to software WebGL has been deprecated. Please use the --enable-unsafe-swiftshader flag to opt in to lower security guarantees for trusted content.
    [pid=10152][err] [0203/084621.709:ERROR:web_contents_delegate.cc(283)] WebContentsDelegate::CheckMediaAccessPermission: Not supported.
    [pid=10152][err] [0203/084621.709:ERROR:web_contents_delegate.cc(283)] WebContentsDelegate::CheckMediaAccessPermission: Not supported.
    [pid=10152] &lt;gracefully close start&gt;

      233 |   } finally {
      234 |     if (page) await page.close();
    &gt; 235 |     if (context) await context.close();
          |                  ^
      236 |   }
      237 |
      238 |   return shouldContinueTests; // Return the status of the test execution
        at executeTests (C:\playwright-project\src\tests\2TipsNoExtraNoSeat.spec.ts:235:18)
        at C:\playwright-project\src\tests\2TipsNoExtraNoSeat.spec.ts:317:30

    attachment #1: screenshot (image/png) ──────────────────────────────────────────────────────────
    test-results\2TipsNoExtraNoSeat-2-Compr-460d0-ión-completa-con-reintentos-chromium\test-failed-1.png
    ────────────────────────────────────────────────────────────────────────────────────────────────

</failure>
<system-out>
Ejecución completa, intento 1 de 5
Ejecutando Booking, intento 1
Fecha de salida seleccionada: { year: [32m'2025'[39m, month: [32m'7'[39m, index: [33m0[39m, value: [33m1[39m }
Fecha de regreso seleccionada: { year: [32m'2025'[39m, month: [32m'7'[39m, index: [33m1[39m, value: [33m2[39m }
Ajustando número de pasajeros
Successfully clicked the element: div.price-cabin:has-text("Economy")
Successfully clicked the element: div.price-cabin:has-text("Economy")
Ejecutando fillPassengerAdult 1, intento 1
Ejecutando fillPassengerAdult 2, intento 1
Ejecutando fillContact, intento 1
Ejecutando payWithCard, intento 1
Ejecutando payWithCard, intento 2
Ejecutando payWithCard, intento 3
Ejecución completa, intento 2 de 5
Ejecutando Booking, intento 1
Fecha de salida seleccionada: { year: [32m'2025'[39m, month: [32m'6'[39m, index: [33m1[39m, value: [33m5[39m }
Fecha de regreso seleccionada: { year: [32m'2025'[39m, month: [32m'6'[39m, index: [33m2[39m, value: [33m7[39m }
Ajustando número de pasajeros
Successfully clicked the element: div.price-cabin:has-text("Economy")
Successfully clicked the element: div.price-cabin:has-text("Economy")
Ejecutando fillPassengerAdult 1, intento 1
Ejecutando fillPassengerAdult 2, intento 1
Ejecutando fillContact, intento 1
Ejecutando payWithCard, intento 1
Ejecutando payWithCard, intento 2
Ejecutando payWithCard, intento 3

</system-out>
<system-err>
Error while handling iframe payment: page.waitForSelector: Timeout 60000ms exceeded.
Call log:
[2m  - waiting for locator('iframe[title="Iframe for expiry date"]') to be visible[22m

    at payWithCard [90m(C:\playwright-project\[39msrc\page-objects\paymentPage.ts:4:20[90m)[39m
    at payWithCardInformation [90m(C:\playwright-project\[39msrc\tests\2TipsNoExtraNoSeat.spec.ts:84:22[90m)[39m
    at fn [90m(C:\playwright-project\[39msrc\tests\2TipsNoExtraNoSeat.spec.ts:212:15[90m)[39m
    at runWithRetries [90m(C:\playwright-project\[39msrc\tests\2TipsNoExtraNoSeat.spec.ts:121:13[90m)[39m
    at executeTests [90m(C:\playwright-project\[39msrc\tests\2TipsNoExtraNoSeat.spec.ts:211:35[90m)[39m
    at [90mC:\playwright-project\[39msrc\tests\2TipsNoExtraNoSeat.spec.ts:317:30 {
  name: [32m'TimeoutError'[39m,
  [[32mSymbol(step)[39m]: {
    stepId: [32m'pw:api@94'[39m,
    location: {
      file: [32m'C:\\playwright-project\\src\\page-objects\\paymentPage.ts'[39m,
      line: [33m4[39m,
      column: [33m20[39m,
      function: [32m'payWithCard'[39m
    },
    category: [32m'pw:api'[39m,
    title: [32m'page.waitForSelector(iframe[title="Iframe for expiry date"])'[39m,
    apiName: [32m'page.waitForSelector'[39m,
    params: {
      selector: [32m'iframe[title="Iframe for expiry date"]'[39m,
      timeout: [33m60000[39m
    },
    boxedStack: [90mundefined[39m,
    steps: [],
    complete: [36m[Function: complete][39m,
    endWallTime: [33m1738568930130[39m,
    error: {
      message: [32m'TimeoutError: page.waitForSelector: Timeout 60000ms exceeded.\n'[39m +
        [32m'Call log:\n'[39m +
        [32m`\x1B[2m  - waiting for locator('iframe[title="Iframe for expiry date"]') to be visible\x1B[22m\n`[39m,
      stack: [32m'TimeoutError: page.waitForSelector: Timeout 60000ms exceeded.\n'[39m +
        [32m'Call log:\n'[39m +
        [32m`\x1B[2m  - waiting for locator('iframe[title="Iframe for expiry date"]') to be visible\x1B[22m\n`[39m +
        [32m'\n'[39m +
        [32m'    at payWithCard (C:\\playwright-project\\src\\page-objects\\paymentPage.ts:4:20)\n'[39m +
        [32m'    at payWithCardInformation (C:\\playwright-project\\src\\tests\\2TipsNoExtraNoSeat.spec.ts:84:22)\n'[39m +
        [32m'    at fn (C:\\playwright-project\\src\\tests\\2TipsNoExtraNoSeat.spec.ts:212:15)\n'[39m +
        [32m'    at runWithRetries (C:\\playwright-project\\src\\tests\\2TipsNoExtraNoSeat.spec.ts:121:13)\n'[39m +
        [32m'    at executeTests (C:\\playwright-project\\src\\tests\\2TipsNoExtraNoSeat.spec.ts:211:35)\n'[39m +
        [32m'    at C:\\playwright-project\\src\\tests\\2TipsNoExtraNoSeat.spec.ts:317:30'[39m,
      cause: [90mundefined[39m
    }
  }
}
Intento 1 fallido en payWithCard: page.waitForSelector: Timeout 60000ms exceeded.
Call log:
[2m  - waiting for locator('iframe[title="Iframe for expiry date"]') to be visible[22m

    at payWithCard [90m(C:\playwright-project\[39msrc\page-objects\paymentPage.ts:4:20[90m)[39m
    at payWithCardInformation [90m(C:\playwright-project\[39msrc\tests\2TipsNoExtraNoSeat.spec.ts:84:22[90m)[39m
    at fn [90m(C:\playwright-project\[39msrc\tests\2TipsNoExtraNoSeat.spec.ts:212:15[90m)[39m
    at runWithRetries [90m(C:\playwright-project\[39msrc\tests\2TipsNoExtraNoSeat.spec.ts:121:13[90m)[39m
    at executeTests [90m(C:\playwright-project\[39msrc\tests\2TipsNoExtraNoSeat.spec.ts:211:35[90m)[39m
    at [90mC:\playwright-project\[39msrc\tests\2TipsNoExtraNoSeat.spec.ts:317:30 {
  name: [32m'TimeoutError'[39m,
  [[32mSymbol(step)[39m]: {
    stepId: [32m'pw:api@94'[39m,
    location: {
      file: [32m'C:\\playwright-project\\src\\page-objects\\paymentPage.ts'[39m,
      line: [33m4[39m,
      column: [33m20[39m,
      function: [32m'payWithCard'[39m
    },
    category: [32m'pw:api'[39m,
    title: [32m'page.waitForSelector(iframe[title="Iframe for expiry date"])'[39m,
    apiName: [32m'page.waitForSelector'[39m,
    params: {
      selector: [32m'iframe[title="Iframe for expiry date"]'[39m,
      timeout: [33m60000[39m
    },
    boxedStack: [90mundefined[39m,
    steps: [],
    complete: [36m[Function: complete][39m,
    endWallTime: [33m1738568930130[39m,
    error: {
      message: [32m'TimeoutError: page.waitForSelector: Timeout 60000ms exceeded.\n'[39m +
        [32m'Call log:\n'[39m +
        [32m`\x1B[2m  - waiting for locator('iframe[title="Iframe for expiry date"]') to be visible\x1B[22m\n`[39m,
      stack: [32m'TimeoutError: page.waitForSelector: Timeout 60000ms exceeded.\n'[39m +
        [32m'Call log:\n'[39m +
        [32m`\x1B[2m  - waiting for locator('iframe[title="Iframe for expiry date"]') to be visible\x1B[22m\n`[39m +
        [32m'\n'[39m +
        [32m'    at payWithCard (C:\\playwright-project\\src\\page-objects\\paymentPage.ts:4:20)\n'[39m +
        [32m'    at payWithCardInformation (C:\\playwright-project\\src\\tests\\2TipsNoExtraNoSeat.spec.ts:84:22)\n'[39m +
        [32m'    at fn (C:\\playwright-project\\src\\tests\\2TipsNoExtraNoSeat.spec.ts:212:15)\n'[39m +
        [32m'    at runWithRetries (C:\\playwright-project\\src\\tests\\2TipsNoExtraNoSeat.spec.ts:121:13)\n'[39m +
        [32m'    at executeTests (C:\\playwright-project\\src\\tests\\2TipsNoExtraNoSeat.spec.ts:211:35)\n'[39m +
        [32m'    at C:\\playwright-project\\src\\tests\\2TipsNoExtraNoSeat.spec.ts:317:30'[39m,
      cause: [90mundefined[39m
    }
  }
}
Error while handling iframe payment: page.waitForSelector: Timeout 60000ms exceeded.
Call log:
[2m  - waiting for locator('iframe[title="Iframe for expiry date"]') to be visible[22m

    at payWithCard [90m(C:\playwright-project\[39msrc\page-objects\paymentPage.ts:4:20[90m)[39m
    at payWithCardInformation [90m(C:\playwright-project\[39msrc\tests\2TipsNoExtraNoSeat.spec.ts:84:22[90m)[39m
    at fn [90m(C:\playwright-project\[39msrc\tests\2TipsNoExtraNoSeat.spec.ts:212:15[90m)[39m
    at runWithRetries [90m(C:\playwright-project\[39msrc\tests\2TipsNoExtraNoSeat.spec.ts:121:13[90m)[39m
    at executeTests [90m(C:\playwright-project\[39msrc\tests\2TipsNoExtraNoSeat.spec.ts:211:29[90m)[39m
    at [90mC:\playwright-project\[39msrc\tests\2TipsNoExtraNoSeat.spec.ts:317:30 {
  name: [32m'TimeoutError'[39m,
  [[32mSymbol(step)[39m]: {
    stepId: [32m'pw:api@95'[39m,
    location: {
      file: [32m'C:\\playwright-project\\src\\page-objects\\paymentPage.ts'[39m,
      line: [33m4[39m,
      column: [33m20[39m,
      function: [32m'payWithCard'[39m
    },
    category: [32m'pw:api'[39m,
    title: [32m'page.waitForSelector(iframe[title="Iframe for expiry date"])'[39m,
    apiName: [32m'page.waitForSelector'[39m,
    params: {
      selector: [32m'iframe[title="Iframe for expiry date"]'[39m,
      timeout: [33m60000[39m
    },
    boxedStack: [90mundefined[39m,
    steps: [],
    complete: [36m[Function: complete][39m,
    endWallTime: [33m1738568990150[39m,
    error: {
      message: [32m'TimeoutError: page.waitForSelector: Timeout 60000ms exceeded.\n'[39m +
        [32m'Call log:\n'[39m +
        [32m`\x1B[2m  - waiting for locator('iframe[title="Iframe for expiry date"]') to be visible\x1B[22m\n`[39m,
      stack: [32m'TimeoutError: page.waitForSelector: Timeout 60000ms exceeded.\n'[39m +
        [32m'Call log:\n'[39m +
        [32m`\x1B[2m  - waiting for locator('iframe[title="Iframe for expiry date"]') to be visible\x1B[22m\n`[39m +
        [32m'\n'[39m +
        [32m'    at payWithCard (C:\\playwright-project\\src\\page-objects\\paymentPage.ts:4:20)\n'[39m +
        [32m'    at payWithCardInformation (C:\\playwright-project\\src\\tests\\2TipsNoExtraNoSeat.spec.ts:84:22)\n'[39m +
        [32m'    at fn (C:\\playwright-project\\src\\tests\\2TipsNoExtraNoSeat.spec.ts:212:15)\n'[39m +
        [32m'    at runWithRetries (C:\\playwright-project\\src\\tests\\2TipsNoExtraNoSeat.spec.ts:121:13)\n'[39m +
        [32m'    at executeTests (C:\\playwright-project\\src\\tests\\2TipsNoExtraNoSeat.spec.ts:211:29)\n'[39m +
        [32m'    at C:\\playwright-project\\src\\tests\\2TipsNoExtraNoSeat.spec.ts:317:30'[39m,
      cause: [90mundefined[39m
    }
  }
}
Intento 2 fallido en payWithCard: page.waitForSelector: Timeout 60000ms exceeded.
Call log:
[2m  - waiting for locator('iframe[title="Iframe for expiry date"]') to be visible[22m

    at payWithCard [90m(C:\playwright-project\[39msrc\page-objects\paymentPage.ts:4:20[90m)[39m
    at payWithCardInformation [90m(C:\playwright-project\[39msrc\tests\2TipsNoExtraNoSeat.spec.ts:84:22[90m)[39m
    at fn [90m(C:\playwright-project\[39msrc\tests\2TipsNoExtraNoSeat.spec.ts:212:15[90m)[39m
    at runWithRetries [90m(C:\playwright-project\[39msrc\tests\2TipsNoExtraNoSeat.spec.ts:121:13[90m)[39m
    at executeTests [90m(C:\playwright-project\[39msrc\tests\2TipsNoExtraNoSeat.spec.ts:211:29[90m)[39m
    at [90mC:\playwright-project\[39msrc\tests\2TipsNoExtraNoSeat.spec.ts:317:30 {
  name: [32m'TimeoutError'[39m,
  [[32mSymbol(step)[39m]: {
    stepId: [32m'pw:api@95'[39m,
    location: {
      file: [32m'C:\\playwright-project\\src\\page-objects\\paymentPage.ts'[39m,
      line: [33m4[39m,
      column: [33m20[39m,
      function: [32m'payWithCard'[39m
    },
    category: [32m'pw:api'[39m,
    title: [32m'page.waitForSelector(iframe[title="Iframe for expiry date"])'[39m,
    apiName: [32m'page.waitForSelector'[39m,
    params: {
      selector: [32m'iframe[title="Iframe for expiry date"]'[39m,
      timeout: [33m60000[39m
    },
    boxedStack: [90mundefined[39m,
    steps: [],
    complete: [36m[Function: complete][39m,
    endWallTime: [33m1738568990150[39m,
    error: {
      message: [32m'TimeoutError: page.waitForSelector: Timeout 60000ms exceeded.\n'[39m +
        [32m'Call log:\n'[39m +
        [32m`\x1B[2m  - waiting for locator('iframe[title="Iframe for expiry date"]') to be visible\x1B[22m\n`[39m,
      stack: [32m'TimeoutError: page.waitForSelector: Timeout 60000ms exceeded.\n'[39m +
        [32m'Call log:\n'[39m +
        [32m`\x1B[2m  - waiting for locator('iframe[title="Iframe for expiry date"]') to be visible\x1B[22m\n`[39m +
        [32m'\n'[39m +
        [32m'    at payWithCard (C:\\playwright-project\\src\\page-objects\\paymentPage.ts:4:20)\n'[39m +
        [32m'    at payWithCardInformation (C:\\playwright-project\\src\\tests\\2TipsNoExtraNoSeat.spec.ts:84:22)\n'[39m +
        [32m'    at fn (C:\\playwright-project\\src\\tests\\2TipsNoExtraNoSeat.spec.ts:212:15)\n'[39m +
        [32m'    at runWithRetries (C:\\playwright-project\\src\\tests\\2TipsNoExtraNoSeat.spec.ts:121:13)\n'[39m +
        [32m'    at executeTests (C:\\playwright-project\\src\\tests\\2TipsNoExtraNoSeat.spec.ts:211:29)\n'[39m +
        [32m'    at C:\\playwright-project\\src\\tests\\2TipsNoExtraNoSeat.spec.ts:317:30'[39m,
      cause: [90mundefined[39m
    }
  }
}
Error while handling iframe payment: page.waitForSelector: Timeout 60000ms exceeded.
Call log:
[2m  - waiting for locator('iframe[title="Iframe for expiry date"]') to be visible[22m

    at payWithCard [90m(C:\playwright-project\[39msrc\page-objects\paymentPage.ts:4:20[90m)[39m
    at payWithCardInformation [90m(C:\playwright-project\[39msrc\tests\2TipsNoExtraNoSeat.spec.ts:84:22[90m)[39m
    at fn [90m(C:\playwright-project\[39msrc\tests\2TipsNoExtraNoSeat.spec.ts:212:15[90m)[39m
    at runWithRetries [90m(C:\playwright-project\[39msrc\tests\2TipsNoExtraNoSeat.spec.ts:121:13[90m)[39m
    at executeTests [90m(C:\playwright-project\[39msrc\tests\2TipsNoExtraNoSeat.spec.ts:211:29[90m)[39m
    at [90mC:\playwright-project\[39msrc\tests\2TipsNoExtraNoSeat.spec.ts:317:30 {
  name: [32m'TimeoutError'[39m,
  [[32mSymbol(step)[39m]: {
    stepId: [32m'pw:api@96'[39m,
    location: {
      file: [32m'C:\\playwright-project\\src\\page-objects\\paymentPage.ts'[39m,
      line: [33m4[39m,
      column: [33m20[39m,
      function: [32m'payWithCard'[39m
    },
    category: [32m'pw:api'[39m,
    title: [32m'page.waitForSelector(iframe[title="Iframe for expiry date"])'[39m,
    apiName: [32m'page.waitForSelector'[39m,
    params: {
      selector: [32m'iframe[title="Iframe for expiry date"]'[39m,
      timeout: [33m60000[39m
    },
    boxedStack: [90mundefined[39m,
    steps: [],
    complete: [36m[Function: complete][39m,
    endWallTime: [33m1738569050159[39m,
    error: {
      message: [32m'TimeoutError: page.waitForSelector: Timeout 60000ms exceeded.\n'[39m +
        [32m'Call log:\n'[39m +
        [32m`\x1B[2m  - waiting for locator('iframe[title="Iframe for expiry date"]') to be visible\x1B[22m\n`[39m,
      stack: [32m'TimeoutError: page.waitForSelector: Timeout 60000ms exceeded.\n'[39m +
        [32m'Call log:\n'[39m +
        [32m`\x1B[2m  - waiting for locator('iframe[title="Iframe for expiry date"]') to be visible\x1B[22m\n`[39m +
        [32m'\n'[39m +
        [32m'    at payWithCard (C:\\playwright-project\\src\\page-objects\\paymentPage.ts:4:20)\n'[39m +
        [32m'    at payWithCardInformation (C:\\playwright-project\\src\\tests\\2TipsNoExtraNoSeat.spec.ts:84:22)\n'[39m +
        [32m'    at fn (C:\\playwright-project\\src\\tests\\2TipsNoExtraNoSeat.spec.ts:212:15)\n'[39m +
        [32m'    at runWithRetries (C:\\playwright-project\\src\\tests\\2TipsNoExtraNoSeat.spec.ts:121:13)\n'[39m +
        [32m'    at executeTests (C:\\playwright-project\\src\\tests\\2TipsNoExtraNoSeat.spec.ts:211:29)\n'[39m +
        [32m'    at C:\\playwright-project\\src\\tests\\2TipsNoExtraNoSeat.spec.ts:317:30'[39m,
      cause: [90mundefined[39m
    }
  }
}
Intento 3 fallido en payWithCard: page.waitForSelector: Timeout 60000ms exceeded.
Call log:
[2m  - waiting for locator('iframe[title="Iframe for expiry date"]') to be visible[22m

    at payWithCard [90m(C:\playwright-project\[39msrc\page-objects\paymentPage.ts:4:20[90m)[39m
    at payWithCardInformation [90m(C:\playwright-project\[39msrc\tests\2TipsNoExtraNoSeat.spec.ts:84:22[90m)[39m
    at fn [90m(C:\playwright-project\[39msrc\tests\2TipsNoExtraNoSeat.spec.ts:212:15[90m)[39m
    at runWithRetries [90m(C:\playwright-project\[39msrc\tests\2TipsNoExtraNoSeat.spec.ts:121:13[90m)[39m
    at executeTests [90m(C:\playwright-project\[39msrc\tests\2TipsNoExtraNoSeat.spec.ts:211:29[90m)[39m
    at [90mC:\playwright-project\[39msrc\tests\2TipsNoExtraNoSeat.spec.ts:317:30 {
  name: [32m'TimeoutError'[39m,
  [[32mSymbol(step)[39m]: {
    stepId: [32m'pw:api@96'[39m,
    location: {
      file: [32m'C:\\playwright-project\\src\\page-objects\\paymentPage.ts'[39m,
      line: [33m4[39m,
      column: [33m20[39m,
      function: [32m'payWithCard'[39m
    },
    category: [32m'pw:api'[39m,
    title: [32m'page.waitForSelector(iframe[title="Iframe for expiry date"])'[39m,
    apiName: [32m'page.waitForSelector'[39m,
    params: {
      selector: [32m'iframe[title="Iframe for expiry date"]'[39m,
      timeout: [33m60000[39m
    },
    boxedStack: [90mundefined[39m,
    steps: [],
    complete: [36m[Function: complete][39m,
    endWallTime: [33m1738569050159[39m,
    error: {
      message: [32m'TimeoutError: page.waitForSelector: Timeout 60000ms exceeded.\n'[39m +
        [32m'Call log:\n'[39m +
        [32m`\x1B[2m  - waiting for locator('iframe[title="Iframe for expiry date"]') to be visible\x1B[22m\n`[39m,
      stack: [32m'TimeoutError: page.waitForSelector: Timeout 60000ms exceeded.\n'[39m +
        [32m'Call log:\n'[39m +
        [32m`\x1B[2m  - waiting for locator('iframe[title="Iframe for expiry date"]') to be visible\x1B[22m\n`[39m +
        [32m'\n'[39m +
        [32m'    at payWithCard (C:\\playwright-project\\src\\page-objects\\paymentPage.ts:4:20)\n'[39m +
        [32m'    at payWithCardInformation (C:\\playwright-project\\src\\tests\\2TipsNoExtraNoSeat.spec.ts:84:22)\n'[39m +
        [32m'    at fn (C:\\playwright-project\\src\\tests\\2TipsNoExtraNoSeat.spec.ts:212:15)\n'[39m +
        [32m'    at runWithRetries (C:\\playwright-project\\src\\tests\\2TipsNoExtraNoSeat.spec.ts:121:13)\n'[39m +
        [32m'    at executeTests (C:\\playwright-project\\src\\tests\\2TipsNoExtraNoSeat.spec.ts:211:29)\n'[39m +
        [32m'    at C:\\playwright-project\\src\\tests\\2TipsNoExtraNoSeat.spec.ts:317:30'[39m,
      cause: [90mundefined[39m
    }
  }
}
Prueba payWithCard fallida después de 3 intentos.
Error while handling iframe payment: page.waitForSelector: Test ended.
Call log:
[2m  - waiting for locator('iframe[title="Iframe for expiry date"]') to be visible[22m

    at payWithCard [90m(C:\playwright-project\[39msrc\page-objects\paymentPage.ts:4:20[90m)[39m
    at payWithCardInformation [90m(C:\playwright-project\[39msrc\tests\2TipsNoExtraNoSeat.spec.ts:84:22[90m)[39m
    at fn [90m(C:\playwright-project\[39msrc\tests\2TipsNoExtraNoSeat.spec.ts:212:15[90m)[39m
    at runWithRetries [90m(C:\playwright-project\[39msrc\tests\2TipsNoExtraNoSeat.spec.ts:121:13[90m)[39m
    at executeTests [90m(C:\playwright-project\[39msrc\tests\2TipsNoExtraNoSeat.spec.ts:211:35[90m)[39m
    at [90mC:\playwright-project\[39msrc\tests\2TipsNoExtraNoSeat.spec.ts:317:30
Intento 1 fallido en payWithCard: page.waitForSelector: Test ended.
Call log:
[2m  - waiting for locator('iframe[title="Iframe for expiry date"]') to be visible[22m

    at payWithCard [90m(C:\playwright-project\[39msrc\page-objects\paymentPage.ts:4:20[90m)[39m
    at payWithCardInformation [90m(C:\playwright-project\[39msrc\tests\2TipsNoExtraNoSeat.spec.ts:84:22[90m)[39m
    at fn [90m(C:\playwright-project\[39msrc\tests\2TipsNoExtraNoSeat.spec.ts:212:15[90m)[39m
    at runWithRetries [90m(C:\playwright-project\[39msrc\tests\2TipsNoExtraNoSeat.spec.ts:121:13[90m)[39m
    at executeTests [90m(C:\playwright-project\[39msrc\tests\2TipsNoExtraNoSeat.spec.ts:211:35[90m)[39m
    at [90mC:\playwright-project\[39msrc\tests\2TipsNoExtraNoSeat.spec.ts:317:30
Error while handling iframe payment: page.waitForSelector: Target page, context or browser has been closed
    at payWithCard [90m(C:\playwright-project\[39msrc\page-objects\paymentPage.ts:4:20[90m)[39m
    at payWithCardInformation [90m(C:\playwright-project\[39msrc\tests\2TipsNoExtraNoSeat.spec.ts:84:22[90m)[39m
    at fn [90m(C:\playwright-project\[39msrc\tests\2TipsNoExtraNoSeat.spec.ts:212:15[90m)[39m
    at runWithRetries [90m(C:\playwright-project\[39msrc\tests\2TipsNoExtraNoSeat.spec.ts:121:13[90m)[39m
    at executeTests [90m(C:\playwright-project\[39msrc\tests\2TipsNoExtraNoSeat.spec.ts:211:29[90m)[39m
    at [90mC:\playwright-project\[39msrc\tests\2TipsNoExtraNoSeat.spec.ts:317:30
Intento 2 fallido en payWithCard: page.waitForSelector: Target page, context or browser has been closed
    at payWithCard [90m(C:\playwright-project\[39msrc\page-objects\paymentPage.ts:4:20[90m)[39m
    at payWithCardInformation [90m(C:\playwright-project\[39msrc\tests\2TipsNoExtraNoSeat.spec.ts:84:22[90m)[39m
    at fn [90m(C:\playwright-project\[39msrc\tests\2TipsNoExtraNoSeat.spec.ts:212:15[90m)[39m
    at runWithRetries [90m(C:\playwright-project\[39msrc\tests\2TipsNoExtraNoSeat.spec.ts:121:13[90m)[39m
    at executeTests [90m(C:\playwright-project\[39msrc\tests\2TipsNoExtraNoSeat.spec.ts:211:29[90m)[39m
    at [90mC:\playwright-project\[39msrc\tests\2TipsNoExtraNoSeat.spec.ts:317:30
Error while handling iframe payment: page.waitForSelector: Target page, context or browser has been closed
    at payWithCard [90m(C:\playwright-project\[39msrc\page-objects\paymentPage.ts:4:20[90m)[39m
    at payWithCardInformation [90m(C:\playwright-project\[39msrc\tests\2TipsNoExtraNoSeat.spec.ts:84:22[90m)[39m
    at fn [90m(C:\playwright-project\[39msrc\tests\2TipsNoExtraNoSeat.spec.ts:212:15[90m)[39m
    at runWithRetries [90m(C:\playwright-project\[39msrc\tests\2TipsNoExtraNoSeat.spec.ts:121:13[90m)[39m
    at executeTests [90m(C:\playwright-project\[39msrc\tests\2TipsNoExtraNoSeat.spec.ts:211:29[90m)[39m
    at [90mC:\playwright-project\[39msrc\tests\2TipsNoExtraNoSeat.spec.ts:317:30
Intento 3 fallido en payWithCard: page.waitForSelector: Target page, context or browser has been closed
    at payWithCard [90m(C:\playwright-project\[39msrc\page-objects\paymentPage.ts:4:20[90m)[39m
    at payWithCardInformation [90m(C:\playwright-project\[39msrc\tests\2TipsNoExtraNoSeat.spec.ts:84:22[90m)[39m
    at fn [90m(C:\playwright-project\[39msrc\tests\2TipsNoExtraNoSeat.spec.ts:212:15[90m)[39m
    at runWithRetries [90m(C:\playwright-project\[39msrc\tests\2TipsNoExtraNoSeat.spec.ts:121:13[90m)[39m
    at executeTests [90m(C:\playwright-project\[39msrc\tests\2TipsNoExtraNoSeat.spec.ts:211:29[90m)[39m
    at [90mC:\playwright-project\[39msrc\tests\2TipsNoExtraNoSeat.spec.ts:317:30
Error crítico durante la ejecución: page.screenshot: Target page, context or browser has been closed
    at runWithRetries [90m(C:\playwright-project\[39msrc\tests\2TipsNoExtraNoSeat.spec.ts:126:20[90m)[39m
    at executeTests [90m(C:\playwright-project\[39msrc\tests\2TipsNoExtraNoSeat.spec.ts:211:29[90m)[39m
    at [90mC:\playwright-project\[39msrc\tests\2TipsNoExtraNoSeat.spec.ts:317:30

Warning: attachment 2TipsNoExtraNoSeat-2-Compr-460d0-ión-completa-con-reintentos-chromium\test-failed-1.png is missing
</system-err>
</testcase>
<testcase name="3. Compra 1 adt - 1 chd - Eco Light - Eco Light - sin asistencia › Ejecución completa con reintentos" classname="2TipsNoExtraNoSeat.spec.ts" time="314.496">
<system-out>
Ejecución completa, intento 1 de 5
Ejecutando Booking, intento 1
Fecha de salida seleccionada: { year: [32m'2025'[39m, month: [32m'7'[39m, index: [33m0[39m, value: [33m1[39m }
Fecha de regreso seleccionada: { year: [32m'2025'[39m, month: [32m'7'[39m, index: [33m1[39m, value: [33m2[39m }
Ajustando número de pasajeros
Successfully clicked the element: div.price-cabin:has-text("Economy")
Successfully clicked the element: div.price-cabin:has-text("Economy")
Ejecutando fillPassengerAdult 1, intento 1
Ejecutando fillPassengerChild 1, intento 1
Ejecutando fillContact, intento 1
Ejecutando payWithCard, intento 1
Ejecutando payWithCard, intento 2
Ejecutando payWithCard, intento 3
Ejecución completa, intento 2 de 5
Ejecutando Booking, intento 1
Fecha de salida seleccionada: { year: [32m'2025'[39m, month: [32m'6'[39m, index: [33m3[39m, value: [33m10[39m }
Fecha de regreso seleccionada: { year: [32m'2025'[39m, month: [32m'6'[39m, index: [33m4[39m, value: [33m12[39m }
Ajustando número de pasajeros
Successfully clicked the element: div.price-cabin:has-text("Economy")
Successfully clicked the element: div.price-cabin:has-text("Economy")
Ejecutando fillPassengerAdult 1, intento 1
Ejecutando fillPassengerChild 1, intento 1
Ejecutando fillContact, intento 1
Ejecutando payWithCard, intento 1
Iframe encontrado.
Ejecutando payWithCard, intento 1
Ejecutando payWithCard, intento 2
Ejecutando payWithCard, intento 3
Successfully saved booking code M9WQL to Excel

</system-out>
<system-err>
Error while handling iframe payment: page.waitForSelector: Timeout 60000ms exceeded.
Call log:
[2m  - waiting for locator('iframe[title="Iframe for expiry date"]') to be visible[22m

    at payWithCard [90m(C:\playwright-project\[39msrc\page-objects\paymentPage.ts:4:20[90m)[39m
    at payWithCardInformation [90m(C:\playwright-project\[39msrc\tests\2TipsNoExtraNoSeat.spec.ts:84:22[90m)[39m
    at fn [90m(C:\playwright-project\[39msrc\tests\2TipsNoExtraNoSeat.spec.ts:212:15[90m)[39m
    at runWithRetries [90m(C:\playwright-project\[39msrc\tests\2TipsNoExtraNoSeat.spec.ts:121:13[90m)[39m
    at executeTests [90m(C:\playwright-project\[39msrc\tests\2TipsNoExtraNoSeat.spec.ts:211:35[90m)[39m
    at [90mC:\playwright-project\[39msrc\tests\2TipsNoExtraNoSeat.spec.ts:360:30 {
  name: [32m'TimeoutError'[39m,
  [[32mSymbol(step)[39m]: {
    stepId: [32m'pw:api@75'[39m,
    location: {
      file: [32m'C:\\playwright-project\\src\\page-objects\\paymentPage.ts'[39m,
      line: [33m4[39m,
      column: [33m20[39m,
      function: [32m'payWithCard'[39m
    },
    category: [32m'pw:api'[39m,
    title: [32m'page.waitForSelector(iframe[title="Iframe for expiry date"])'[39m,
    apiName: [32m'page.waitForSelector'[39m,
    params: {
      selector: [32m'iframe[title="Iframe for expiry date"]'[39m,
      timeout: [33m60000[39m
    },
    boxedStack: [90mundefined[39m,
    steps: [],
    complete: [36m[Function: complete][39m,
    endWallTime: [33m1738568954070[39m,
    error: {
      message: [32m'TimeoutError: page.waitForSelector: Timeout 60000ms exceeded.\n'[39m +
        [32m'Call log:\n'[39m +
        [32m`\x1B[2m  - waiting for locator('iframe[title="Iframe for expiry date"]') to be visible\x1B[22m\n`[39m,
      stack: [32m'TimeoutError: page.waitForSelector: Timeout 60000ms exceeded.\n'[39m +
        [32m'Call log:\n'[39m +
        [32m`\x1B[2m  - waiting for locator('iframe[title="Iframe for expiry date"]') to be visible\x1B[22m\n`[39m +
        [32m'\n'[39m +
        [32m'    at payWithCard (C:\\playwright-project\\src\\page-objects\\paymentPage.ts:4:20)\n'[39m +
        [32m'    at payWithCardInformation (C:\\playwright-project\\src\\tests\\2TipsNoExtraNoSeat.spec.ts:84:22)\n'[39m +
        [32m'    at fn (C:\\playwright-project\\src\\tests\\2TipsNoExtraNoSeat.spec.ts:212:15)\n'[39m +
        [32m'    at runWithRetries (C:\\playwright-project\\src\\tests\\2TipsNoExtraNoSeat.spec.ts:121:13)\n'[39m +
        [32m'    at executeTests (C:\\playwright-project\\src\\tests\\2TipsNoExtraNoSeat.spec.ts:211:35)\n'[39m +
        [32m'    at C:\\playwright-project\\src\\tests\\2TipsNoExtraNoSeat.spec.ts:360:30'[39m,
      cause: [90mundefined[39m
    }
  }
}
Intento 1 fallido en payWithCard: page.waitForSelector: Timeout 60000ms exceeded.
Call log:
[2m  - waiting for locator('iframe[title="Iframe for expiry date"]') to be visible[22m

    at payWithCard [90m(C:\playwright-project\[39msrc\page-objects\paymentPage.ts:4:20[90m)[39m
    at payWithCardInformation [90m(C:\playwright-project\[39msrc\tests\2TipsNoExtraNoSeat.spec.ts:84:22[90m)[39m
    at fn [90m(C:\playwright-project\[39msrc\tests\2TipsNoExtraNoSeat.spec.ts:212:15[90m)[39m
    at runWithRetries [90m(C:\playwright-project\[39msrc\tests\2TipsNoExtraNoSeat.spec.ts:121:13[90m)[39m
    at executeTests [90m(C:\playwright-project\[39msrc\tests\2TipsNoExtraNoSeat.spec.ts:211:35[90m)[39m
    at [90mC:\playwright-project\[39msrc\tests\2TipsNoExtraNoSeat.spec.ts:360:30 {
  name: [32m'TimeoutError'[39m,
  [[32mSymbol(step)[39m]: {
    stepId: [32m'pw:api@75'[39m,
    location: {
      file: [32m'C:\\playwright-project\\src\\page-objects\\paymentPage.ts'[39m,
      line: [33m4[39m,
      column: [33m20[39m,
      function: [32m'payWithCard'[39m
    },
    category: [32m'pw:api'[39m,
    title: [32m'page.waitForSelector(iframe[title="Iframe for expiry date"])'[39m,
    apiName: [32m'page.waitForSelector'[39m,
    params: {
      selector: [32m'iframe[title="Iframe for expiry date"]'[39m,
      timeout: [33m60000[39m
    },
    boxedStack: [90mundefined[39m,
    steps: [],
    complete: [36m[Function: complete][39m,
    endWallTime: [33m1738568954070[39m,
    error: {
      message: [32m'TimeoutError: page.waitForSelector: Timeout 60000ms exceeded.\n'[39m +
        [32m'Call log:\n'[39m +
        [32m`\x1B[2m  - waiting for locator('iframe[title="Iframe for expiry date"]') to be visible\x1B[22m\n`[39m,
      stack: [32m'TimeoutError: page.waitForSelector: Timeout 60000ms exceeded.\n'[39m +
        [32m'Call log:\n'[39m +
        [32m`\x1B[2m  - waiting for locator('iframe[title="Iframe for expiry date"]') to be visible\x1B[22m\n`[39m +
        [32m'\n'[39m +
        [32m'    at payWithCard (C:\\playwright-project\\src\\page-objects\\paymentPage.ts:4:20)\n'[39m +
        [32m'    at payWithCardInformation (C:\\playwright-project\\src\\tests\\2TipsNoExtraNoSeat.spec.ts:84:22)\n'[39m +
        [32m'    at fn (C:\\playwright-project\\src\\tests\\2TipsNoExtraNoSeat.spec.ts:212:15)\n'[39m +
        [32m'    at runWithRetries (C:\\playwright-project\\src\\tests\\2TipsNoExtraNoSeat.spec.ts:121:13)\n'[39m +
        [32m'    at executeTests (C:\\playwright-project\\src\\tests\\2TipsNoExtraNoSeat.spec.ts:211:35)\n'[39m +
        [32m'    at C:\\playwright-project\\src\\tests\\2TipsNoExtraNoSeat.spec.ts:360:30'[39m,
      cause: [90mundefined[39m
    }
  }
}
Error while handling iframe payment: page.waitForSelector: Timeout 60000ms exceeded.
Call log:
[2m  - waiting for locator('iframe[title="Iframe for expiry date"]') to be visible[22m

    at payWithCard [90m(C:\playwright-project\[39msrc\page-objects\paymentPage.ts:4:20[90m)[39m
    at payWithCardInformation [90m(C:\playwright-project\[39msrc\tests\2TipsNoExtraNoSeat.spec.ts:84:22[90m)[39m
    at fn [90m(C:\playwright-project\[39msrc\tests\2TipsNoExtraNoSeat.spec.ts:212:15[90m)[39m
    at runWithRetries [90m(C:\playwright-project\[39msrc\tests\2TipsNoExtraNoSeat.spec.ts:121:13[90m)[39m
    at executeTests [90m(C:\playwright-project\[39msrc\tests\2TipsNoExtraNoSeat.spec.ts:211:29[90m)[39m
    at [90mC:\playwright-project\[39msrc\tests\2TipsNoExtraNoSeat.spec.ts:360:30 {
  name: [32m'TimeoutError'[39m,
  [[32mSymbol(step)[39m]: {
    stepId: [32m'pw:api@76'[39m,
    location: {
      file: [32m'C:\\playwright-project\\src\\page-objects\\paymentPage.ts'[39m,
      line: [33m4[39m,
      column: [33m20[39m,
      function: [32m'payWithCard'[39m
    },
    category: [32m'pw:api'[39m,
    title: [32m'page.waitForSelector(iframe[title="Iframe for expiry date"])'[39m,
    apiName: [32m'page.waitForSelector'[39m,
    params: {
      selector: [32m'iframe[title="Iframe for expiry date"]'[39m,
      timeout: [33m60000[39m
    },
    boxedStack: [90mundefined[39m,
    steps: [],
    complete: [36m[Function: complete][39m,
    endWallTime: [33m1738569014101[39m,
    error: {
      message: [32m'TimeoutError: page.waitForSelector: Timeout 60000ms exceeded.\n'[39m +
        [32m'Call log:\n'[39m +
        [32m`\x1B[2m  - waiting for locator('iframe[title="Iframe for expiry date"]') to be visible\x1B[22m\n`[39m,
      stack: [32m'TimeoutError: page.waitForSelector: Timeout 60000ms exceeded.\n'[39m +
        [32m'Call log:\n'[39m +
        [32m`\x1B[2m  - waiting for locator('iframe[title="Iframe for expiry date"]') to be visible\x1B[22m\n`[39m +
        [32m'\n'[39m +
        [32m'    at payWithCard (C:\\playwright-project\\src\\page-objects\\paymentPage.ts:4:20)\n'[39m +
        [32m'    at payWithCardInformation (C:\\playwright-project\\src\\tests\\2TipsNoExtraNoSeat.spec.ts:84:22)\n'[39m +
        [32m'    at fn (C:\\playwright-project\\src\\tests\\2TipsNoExtraNoSeat.spec.ts:212:15)\n'[39m +
        [32m'    at runWithRetries (C:\\playwright-project\\src\\tests\\2TipsNoExtraNoSeat.spec.ts:121:13)\n'[39m +
        [32m'    at executeTests (C:\\playwright-project\\src\\tests\\2TipsNoExtraNoSeat.spec.ts:211:29)\n'[39m +
        [32m'    at C:\\playwright-project\\src\\tests\\2TipsNoExtraNoSeat.spec.ts:360:30'[39m,
      cause: [90mundefined[39m
    }
  }
}
Intento 2 fallido en payWithCard: page.waitForSelector: Timeout 60000ms exceeded.
Call log:
[2m  - waiting for locator('iframe[title="Iframe for expiry date"]') to be visible[22m

    at payWithCard [90m(C:\playwright-project\[39msrc\page-objects\paymentPage.ts:4:20[90m)[39m
    at payWithCardInformation [90m(C:\playwright-project\[39msrc\tests\2TipsNoExtraNoSeat.spec.ts:84:22[90m)[39m
    at fn [90m(C:\playwright-project\[39msrc\tests\2TipsNoExtraNoSeat.spec.ts:212:15[90m)[39m
    at runWithRetries [90m(C:\playwright-project\[39msrc\tests\2TipsNoExtraNoSeat.spec.ts:121:13[90m)[39m
    at executeTests [90m(C:\playwright-project\[39msrc\tests\2TipsNoExtraNoSeat.spec.ts:211:29[90m)[39m
    at [90mC:\playwright-project\[39msrc\tests\2TipsNoExtraNoSeat.spec.ts:360:30 {
  name: [32m'TimeoutError'[39m,
  [[32mSymbol(step)[39m]: {
    stepId: [32m'pw:api@76'[39m,
    location: {
      file: [32m'C:\\playwright-project\\src\\page-objects\\paymentPage.ts'[39m,
      line: [33m4[39m,
      column: [33m20[39m,
      function: [32m'payWithCard'[39m
    },
    category: [32m'pw:api'[39m,
    title: [32m'page.waitForSelector(iframe[title="Iframe for expiry date"])'[39m,
    apiName: [32m'page.waitForSelector'[39m,
    params: {
      selector: [32m'iframe[title="Iframe for expiry date"]'[39m,
      timeout: [33m60000[39m
    },
    boxedStack: [90mundefined[39m,
    steps: [],
    complete: [36m[Function: complete][39m,
    endWallTime: [33m1738569014101[39m,
    error: {
      message: [32m'TimeoutError: page.waitForSelector: Timeout 60000ms exceeded.\n'[39m +
        [32m'Call log:\n'[39m +
        [32m`\x1B[2m  - waiting for locator('iframe[title="Iframe for expiry date"]') to be visible\x1B[22m\n`[39m,
      stack: [32m'TimeoutError: page.waitForSelector: Timeout 60000ms exceeded.\n'[39m +
        [32m'Call log:\n'[39m +
        [32m`\x1B[2m  - waiting for locator('iframe[title="Iframe for expiry date"]') to be visible\x1B[22m\n`[39m +
        [32m'\n'[39m +
        [32m'    at payWithCard (C:\\playwright-project\\src\\page-objects\\paymentPage.ts:4:20)\n'[39m +
        [32m'    at payWithCardInformation (C:\\playwright-project\\src\\tests\\2TipsNoExtraNoSeat.spec.ts:84:22)\n'[39m +
        [32m'    at fn (C:\\playwright-project\\src\\tests\\2TipsNoExtraNoSeat.spec.ts:212:15)\n'[39m +
        [32m'    at runWithRetries (C:\\playwright-project\\src\\tests\\2TipsNoExtraNoSeat.spec.ts:121:13)\n'[39m +
        [32m'    at executeTests (C:\\playwright-project\\src\\tests\\2TipsNoExtraNoSeat.spec.ts:211:29)\n'[39m +
        [32m'    at C:\\playwright-project\\src\\tests\\2TipsNoExtraNoSeat.spec.ts:360:30'[39m,
      cause: [90mundefined[39m
    }
  }
}
Error while handling iframe payment: page.waitForSelector: Timeout 60000ms exceeded.
Call log:
[2m  - waiting for locator('iframe[title="Iframe for expiry date"]') to be visible[22m

    at payWithCard [90m(C:\playwright-project\[39msrc\page-objects\paymentPage.ts:4:20[90m)[39m
    at payWithCardInformation [90m(C:\playwright-project\[39msrc\tests\2TipsNoExtraNoSeat.spec.ts:84:22[90m)[39m
    at fn [90m(C:\playwright-project\[39msrc\tests\2TipsNoExtraNoSeat.spec.ts:212:15[90m)[39m
    at runWithRetries [90m(C:\playwright-project\[39msrc\tests\2TipsNoExtraNoSeat.spec.ts:121:13[90m)[39m
    at executeTests [90m(C:\playwright-project\[39msrc\tests\2TipsNoExtraNoSeat.spec.ts:211:29[90m)[39m
    at [90mC:\playwright-project\[39msrc\tests\2TipsNoExtraNoSeat.spec.ts:360:30 {
  name: [32m'TimeoutError'[39m,
  [[32mSymbol(step)[39m]: {
    stepId: [32m'pw:api@77'[39m,
    location: {
      file: [32m'C:\\playwright-project\\src\\page-objects\\paymentPage.ts'[39m,
      line: [33m4[39m,
      column: [33m20[39m,
      function: [32m'payWithCard'[39m
    },
    category: [32m'pw:api'[39m,
    title: [32m'page.waitForSelector(iframe[title="Iframe for expiry date"])'[39m,
    apiName: [32m'page.waitForSelector'[39m,
    params: {
      selector: [32m'iframe[title="Iframe for expiry date"]'[39m,
      timeout: [33m60000[39m
    },
    boxedStack: [90mundefined[39m,
    steps: [],
    complete: [36m[Function: complete][39m,
    endWallTime: [33m1738569074143[39m,
    error: {
      message: [32m'TimeoutError: page.waitForSelector: Timeout 60000ms exceeded.\n'[39m +
        [32m'Call log:\n'[39m +
        [32m`\x1B[2m  - waiting for locator('iframe[title="Iframe for expiry date"]') to be visible\x1B[22m\n`[39m,
      stack: [32m'TimeoutError: page.waitForSelector: Timeout 60000ms exceeded.\n'[39m +
        [32m'Call log:\n'[39m +
        [32m`\x1B[2m  - waiting for locator('iframe[title="Iframe for expiry date"]') to be visible\x1B[22m\n`[39m +
        [32m'\n'[39m +
        [32m'    at payWithCard (C:\\playwright-project\\src\\page-objects\\paymentPage.ts:4:20)\n'[39m +
        [32m'    at payWithCardInformation (C:\\playwright-project\\src\\tests\\2TipsNoExtraNoSeat.spec.ts:84:22)\n'[39m +
        [32m'    at fn (C:\\playwright-project\\src\\tests\\2TipsNoExtraNoSeat.spec.ts:212:15)\n'[39m +
        [32m'    at runWithRetries (C:\\playwright-project\\src\\tests\\2TipsNoExtraNoSeat.spec.ts:121:13)\n'[39m +
        [32m'    at executeTests (C:\\playwright-project\\src\\tests\\2TipsNoExtraNoSeat.spec.ts:211:29)\n'[39m +
        [32m'    at C:\\playwright-project\\src\\tests\\2TipsNoExtraNoSeat.spec.ts:360:30'[39m,
      cause: [90mundefined[39m
    }
  }
}
Intento 3 fallido en payWithCard: page.waitForSelector: Timeout 60000ms exceeded.
Call log:
[2m  - waiting for locator('iframe[title="Iframe for expiry date"]') to be visible[22m

    at payWithCard [90m(C:\playwright-project\[39msrc\page-objects\paymentPage.ts:4:20[90m)[39m
    at payWithCardInformation [90m(C:\playwright-project\[39msrc\tests\2TipsNoExtraNoSeat.spec.ts:84:22[90m)[39m
    at fn [90m(C:\playwright-project\[39msrc\tests\2TipsNoExtraNoSeat.spec.ts:212:15[90m)[39m
    at runWithRetries [90m(C:\playwright-project\[39msrc\tests\2TipsNoExtraNoSeat.spec.ts:121:13[90m)[39m
    at executeTests [90m(C:\playwright-project\[39msrc\tests\2TipsNoExtraNoSeat.spec.ts:211:29[90m)[39m
    at [90mC:\playwright-project\[39msrc\tests\2TipsNoExtraNoSeat.spec.ts:360:30 {
  name: [32m'TimeoutError'[39m,
  [[32mSymbol(step)[39m]: {
    stepId: [32m'pw:api@77'[39m,
    location: {
      file: [32m'C:\\playwright-project\\src\\page-objects\\paymentPage.ts'[39m,
      line: [33m4[39m,
      column: [33m20[39m,
      function: [32m'payWithCard'[39m
    },
    category: [32m'pw:api'[39m,
    title: [32m'page.waitForSelector(iframe[title="Iframe for expiry date"])'[39m,
    apiName: [32m'page.waitForSelector'[39m,
    params: {
      selector: [32m'iframe[title="Iframe for expiry date"]'[39m,
      timeout: [33m60000[39m
    },
    boxedStack: [90mundefined[39m,
    steps: [],
    complete: [36m[Function: complete][39m,
    endWallTime: [33m1738569074143[39m,
    error: {
      message: [32m'TimeoutError: page.waitForSelector: Timeout 60000ms exceeded.\n'[39m +
        [32m'Call log:\n'[39m +
        [32m`\x1B[2m  - waiting for locator('iframe[title="Iframe for expiry date"]') to be visible\x1B[22m\n`[39m,
      stack: [32m'TimeoutError: page.waitForSelector: Timeout 60000ms exceeded.\n'[39m +
        [32m'Call log:\n'[39m +
        [32m`\x1B[2m  - waiting for locator('iframe[title="Iframe for expiry date"]') to be visible\x1B[22m\n`[39m +
        [32m'\n'[39m +
        [32m'    at payWithCard (C:\\playwright-project\\src\\page-objects\\paymentPage.ts:4:20)\n'[39m +
        [32m'    at payWithCardInformation (C:\\playwright-project\\src\\tests\\2TipsNoExtraNoSeat.spec.ts:84:22)\n'[39m +
        [32m'    at fn (C:\\playwright-project\\src\\tests\\2TipsNoExtraNoSeat.spec.ts:212:15)\n'[39m +
        [32m'    at runWithRetries (C:\\playwright-project\\src\\tests\\2TipsNoExtraNoSeat.spec.ts:121:13)\n'[39m +
        [32m'    at executeTests (C:\\playwright-project\\src\\tests\\2TipsNoExtraNoSeat.spec.ts:211:29)\n'[39m +
        [32m'    at C:\\playwright-project\\src\\tests\\2TipsNoExtraNoSeat.spec.ts:360:30'[39m,
      cause: [90mundefined[39m
    }
  }
}
Prueba payWithCard fallida después de 3 intentos.
Confirmation page validation failed: Flight Summary section not found on confirmation page
Intento 1 fallido en payWithCard: Error [ValidationError]: Flight Summary section not found on confirmation page
    at validationConfirmPage [90m(C:\playwright-project\[39msrc\page-objects\confirmation.ts:86:27[90m)[39m
[90m    at runNextTicks (node:internal/process/task_queues:65:5)[39m
[90m    at processImmediate (node:internal/timers:459:9)[39m
[90m    at process.callbackTrampoline (node:internal/async_hooks:130:17)[39m
    at validationConfirmationPage [90m(C:\playwright-project\[39msrc\tests\2TipsNoExtraNoSeat.spec.ts:90:3[90m)[39m
    at runWithRetries [90m(C:\playwright-project\[39msrc\tests\2TipsNoExtraNoSeat.spec.ts:121:7[90m)[39m
    at executeTests [90m(C:\playwright-project\[39msrc\tests\2TipsNoExtraNoSeat.spec.ts:221:29[90m)[39m
    at [90mC:\playwright-project\[39msrc\tests\2TipsNoExtraNoSeat.spec.ts:360:30
    at [90mC:\playwright-project\[39mnode_modules\[4mplaywright[24m\lib\worker\workerMain.js:339:9
    at [90mC:\playwright-project\[39mnode_modules\[4mplaywright[24m\lib\worker\testInfo.js:286:11
    at TimeoutManager.withRunnable [90m(C:\playwright-project\[39mnode_modules\[4mplaywright[24m\lib\worker\timeoutManager.js:64:14[90m)[39m
    at TestInfoImpl._runAsStage [90m(C:\playwright-project\[39mnode_modules\[4mplaywright[24m\lib\worker\testInfo.js:284:7[90m)[39m
    at [90mC:\playwright-project\[39mnode_modules\[4mplaywright[24m\lib\worker\workerMain.js:331:7
    at [90mC:\playwright-project\[39mnode_modules\[4mplaywright[24m\lib\worker\testInfo.js:286:11
    at TimeoutManager.withRunnable [90m(C:\playwright-project\[39mnode_modules\[4mplaywright[24m\lib\worker\timeoutManager.js:52:27[90m)[39m
    at TestInfoImpl._runAsStage [90m(C:\playwright-project\[39mnode_modules\[4mplaywright[24m\lib\worker\testInfo.js:284:7[90m)[39m
    at WorkerMain._runTest [90m(C:\playwright-project\[39mnode_modules\[4mplaywright[24m\lib\worker\workerMain.js:281:5[90m)[39m
    at WorkerMain.runTestGroup [90m(C:\playwright-project\[39mnode_modules\[4mplaywright[24m\lib\worker\workerMain.js:205:11[90m)[39m
    at process.&lt;anonymous&gt; [90m(C:\playwright-project\[39mnode_modules\[4mplaywright[24m\lib\common\process.js:95:22[90m)[39m {
  fatal: [33mtrue[39m
}
Confirmation page validation failed: Not on confirmation page URL
Intento 2 fallido en payWithCard: Error [ValidationError]: Not on confirmation page URL
    at validationConfirmPage [90m(C:\playwright-project\[39msrc\page-objects\confirmation.ts:94:27[90m)[39m
    at validationConfirmationPage [90m(C:\playwright-project\[39msrc\tests\2TipsNoExtraNoSeat.spec.ts:90:3[90m)[39m
    at runWithRetries [90m(C:\playwright-project\[39msrc\tests\2TipsNoExtraNoSeat.spec.ts:121:7[90m)[39m
    at executeTests [90m(C:\playwright-project\[39msrc\tests\2TipsNoExtraNoSeat.spec.ts:221:29[90m)[39m
    at [90mC:\playwright-project\[39msrc\tests\2TipsNoExtraNoSeat.spec.ts:360:30
    at [90mC:\playwright-project\[39mnode_modules\[4mplaywright[24m\lib\worker\workerMain.js:339:9
    at [90mC:\playwright-project\[39mnode_modules\[4mplaywright[24m\lib\worker\testInfo.js:286:11
    at TimeoutManager.withRunnable [90m(C:\playwright-project\[39mnode_modules\[4mplaywright[24m\lib\worker\timeoutManager.js:64:14[90m)[39m
    at TestInfoImpl._runAsStage [90m(C:\playwright-project\[39mnode_modules\[4mplaywright[24m\lib\worker\testInfo.js:284:7[90m)[39m
    at [90mC:\playwright-project\[39mnode_modules\[4mplaywright[24m\lib\worker\workerMain.js:331:7
    at [90mC:\playwright-project\[39mnode_modules\[4mplaywright[24m\lib\worker\testInfo.js:286:11
    at TimeoutManager.withRunnable [90m(C:\playwright-project\[39mnode_modules\[4mplaywright[24m\lib\worker\timeoutManager.js:52:27[90m)[39m
    at TestInfoImpl._runAsStage [90m(C:\playwright-project\[39mnode_modules\[4mplaywright[24m\lib\worker\testInfo.js:284:7[90m)[39m
    at WorkerMain._runTest [90m(C:\playwright-project\[39mnode_modules\[4mplaywright[24m\lib\worker\workerMain.js:281:5[90m)[39m
    at WorkerMain.runTestGroup [90m(C:\playwright-project\[39mnode_modules\[4mplaywright[24m\lib\worker\workerMain.js:205:11[90m)[39m
    at process.&lt;anonymous&gt; [90m(C:\playwright-project\[39mnode_modules\[4mplaywright[24m\lib\common\process.js:95:22[90m)[39m {
  fatal: [33mtrue[39m
}

</system-err>
</testcase>
<testcase name="4. Compra 1 adt - 1 chd - Eco Light - Eco Light - con assitence › Ejecución completa con reintentos" classname="2TipsNoExtraNoSeat.spec.ts" time="75.225">
<system-out>
Ejecución completa, intento 1 de 5
Ejecutando Booking, intento 1
Fecha de salida seleccionada: { year: [32m'2025'[39m, month: [32m'6'[39m, index: [33m4[39m, value: [33m12[39m }
Fecha de regreso seleccionada: { year: [32m'2025'[39m, month: [32m'6'[39m, index: [33m5[39m, value: [33m14[39m }
Ajustando número de pasajeros
Successfully clicked the element: div.price-cabin:has-text("Economy")
Successfully clicked the element: div.price-cabin:has-text("Economy")
Ejecutando fillPassengerAdult 1, intento 1
Ejecutando fillPassengerChild 1, intento 1
Ejecutando fillContact, intento 1
Ejecutando payWithCard, intento 1
Iframe encontrado.
Ejecutando payWithCard, intento 1
Ejecutando payWithCard, intento 2
Ejecutando payWithCard, intento 3
Successfully saved booking code M9WNQ to Excel

</system-out>
<system-err>
Confirmation page validation failed: Flight Summary section not found on confirmation page
Intento 1 fallido en payWithCard: Error [ValidationError]: Flight Summary section not found on confirmation page
    at validationConfirmPage [90m(C:\playwright-project\[39msrc\page-objects\confirmation.ts:86:27[90m)[39m
[90m    at runNextTicks (node:internal/process/task_queues:65:5)[39m
[90m    at processImmediate (node:internal/timers:459:9)[39m
[90m    at process.callbackTrampoline (node:internal/async_hooks:130:17)[39m
    at validationConfirmationPage [90m(C:\playwright-project\[39msrc\tests\2TipsNoExtraNoSeat.spec.ts:90:3[90m)[39m
    at runWithRetries [90m(C:\playwright-project\[39msrc\tests\2TipsNoExtraNoSeat.spec.ts:121:7[90m)[39m
    at executeTests [90m(C:\playwright-project\[39msrc\tests\2TipsNoExtraNoSeat.spec.ts:221:29[90m)[39m
    at [90mC:\playwright-project\[39msrc\tests\2TipsNoExtraNoSeat.spec.ts:405:30
    at [90mC:\playwright-project\[39mnode_modules\[4mplaywright[24m\lib\worker\workerMain.js:339:9
    at [90mC:\playwright-project\[39mnode_modules\[4mplaywright[24m\lib\worker\testInfo.js:286:11
    at TimeoutManager.withRunnable [90m(C:\playwright-project\[39mnode_modules\[4mplaywright[24m\lib\worker\timeoutManager.js:64:14[90m)[39m
    at TestInfoImpl._runAsStage [90m(C:\playwright-project\[39mnode_modules\[4mplaywright[24m\lib\worker\testInfo.js:284:7[90m)[39m
    at [90mC:\playwright-project\[39mnode_modules\[4mplaywright[24m\lib\worker\workerMain.js:331:7
    at [90mC:\playwright-project\[39mnode_modules\[4mplaywright[24m\lib\worker\testInfo.js:286:11
    at TimeoutManager.withRunnable [90m(C:\playwright-project\[39mnode_modules\[4mplaywright[24m\lib\worker\timeoutManager.js:52:27[90m)[39m
    at TestInfoImpl._runAsStage [90m(C:\playwright-project\[39mnode_modules\[4mplaywright[24m\lib\worker\testInfo.js:284:7[90m)[39m
    at WorkerMain._runTest [90m(C:\playwright-project\[39mnode_modules\[4mplaywright[24m\lib\worker\workerMain.js:281:5[90m)[39m
    at WorkerMain.runTestGroup [90m(C:\playwright-project\[39mnode_modules\[4mplaywright[24m\lib\worker\workerMain.js:205:11[90m)[39m
    at process.&lt;anonymous&gt; [90m(C:\playwright-project\[39mnode_modules\[4mplaywright[24m\lib\common\process.js:95:22[90m)[39m {
  fatal: [33mtrue[39m
}
Confirmation page validation failed: Not on confirmation page URL
Intento 2 fallido en payWithCard: Error [ValidationError]: Not on confirmation page URL
    at validationConfirmPage [90m(C:\playwright-project\[39msrc\page-objects\confirmation.ts:94:27[90m)[39m
    at validationConfirmationPage [90m(C:\playwright-project\[39msrc\tests\2TipsNoExtraNoSeat.spec.ts:90:3[90m)[39m
    at runWithRetries [90m(C:\playwright-project\[39msrc\tests\2TipsNoExtraNoSeat.spec.ts:121:7[90m)[39m
    at executeTests [90m(C:\playwright-project\[39msrc\tests\2TipsNoExtraNoSeat.spec.ts:221:29[90m)[39m
    at [90mC:\playwright-project\[39msrc\tests\2TipsNoExtraNoSeat.spec.ts:405:30
    at [90mC:\playwright-project\[39mnode_modules\[4mplaywright[24m\lib\worker\workerMain.js:339:9
    at [90mC:\playwright-project\[39mnode_modules\[4mplaywright[24m\lib\worker\testInfo.js:286:11
    at TimeoutManager.withRunnable [90m(C:\playwright-project\[39mnode_modules\[4mplaywright[24m\lib\worker\timeoutManager.js:64:14[90m)[39m
    at TestInfoImpl._runAsStage [90m(C:\playwright-project\[39mnode_modules\[4mplaywright[24m\lib\worker\testInfo.js:284:7[90m)[39m
    at [90mC:\playwright-project\[39mnode_modules\[4mplaywright[24m\lib\worker\workerMain.js:331:7
    at [90mC:\playwright-project\[39mnode_modules\[4mplaywright[24m\lib\worker\testInfo.js:286:11
    at TimeoutManager.withRunnable [90m(C:\playwright-project\[39mnode_modules\[4mplaywright[24m\lib\worker\timeoutManager.js:52:27[90m)[39m
    at TestInfoImpl._runAsStage [90m(C:\playwright-project\[39mnode_modules\[4mplaywright[24m\lib\worker\testInfo.js:284:7[90m)[39m
    at WorkerMain._runTest [90m(C:\playwright-project\[39mnode_modules\[4mplaywright[24m\lib\worker\workerMain.js:281:5[90m)[39m
    at WorkerMain.runTestGroup [90m(C:\playwright-project\[39mnode_modules\[4mplaywright[24m\lib\worker\workerMain.js:205:11[90m)[39m
    at process.&lt;anonymous&gt; [90m(C:\playwright-project\[39mnode_modules\[4mplaywright[24m\lib\common\process.js:95:22[90m)[39m {
  fatal: [33mtrue[39m
}

</system-err>
</testcase>
<testcase name="5. Compra 1 adt - 3 chd - Eco Light - Eco Light - con assitence › Ejecución completa con reintentos" classname="2TipsNoExtraNoSeat.spec.ts" time="91.961">
<system-out>
Ejecución completa, intento 1 de 5
Ejecutando Booking, intento 1
Fecha de salida seleccionada: { year: [32m'2025'[39m, month: [32m'6'[39m, index: [33m6[39m, value: [33m17[39m }
Fecha de regreso seleccionada: { year: [32m'2025'[39m, month: [32m'6'[39m, index: [33m7[39m, value: [33m19[39m }
Ajustando número de pasajeros
Successfully clicked the element: div.price-cabin:has-text("Economy")
Successfully clicked the element: div.price-cabin:has-text("Economy")
Ejecutando fillPassengerAdult 1, intento 1
Ejecutando fillPassengerChild 1, intento 1
Ejecutando fillPassengerChild 2, intento 1
Ejecutando fillPassengerChild 3, intento 1
Ejecutando fillContact, intento 1
Ejecutando payWithCard, intento 1
Iframe encontrado.
Ejecutando payWithCard, intento 1
Ejecutando payWithCard, intento 2
Ejecutando payWithCard, intento 3
Successfully saved booking code M9WNZ to Excel

</system-out>
<system-err>
Confirmation page validation failed: Flight Summary section not found on confirmation page
Intento 1 fallido en payWithCard: Error [ValidationError]: Flight Summary section not found on confirmation page
    at validationConfirmPage [90m(C:\playwright-project\[39msrc\page-objects\confirmation.ts:86:27[90m)[39m
[90m    at runNextTicks (node:internal/process/task_queues:65:5)[39m
[90m    at processImmediate (node:internal/timers:459:9)[39m
[90m    at process.callbackTrampoline (node:internal/async_hooks:130:17)[39m
    at validationConfirmationPage [90m(C:\playwright-project\[39msrc\tests\2TipsNoExtraNoSeat.spec.ts:90:3[90m)[39m
    at runWithRetries [90m(C:\playwright-project\[39msrc\tests\2TipsNoExtraNoSeat.spec.ts:121:7[90m)[39m
    at executeTests [90m(C:\playwright-project\[39msrc\tests\2TipsNoExtraNoSeat.spec.ts:221:29[90m)[39m
    at [90mC:\playwright-project\[39msrc\tests\2TipsNoExtraNoSeat.spec.ts:448:30
    at [90mC:\playwright-project\[39mnode_modules\[4mplaywright[24m\lib\worker\workerMain.js:339:9
    at [90mC:\playwright-project\[39mnode_modules\[4mplaywright[24m\lib\worker\testInfo.js:286:11
    at TimeoutManager.withRunnable [90m(C:\playwright-project\[39mnode_modules\[4mplaywright[24m\lib\worker\timeoutManager.js:64:14[90m)[39m
    at TestInfoImpl._runAsStage [90m(C:\playwright-project\[39mnode_modules\[4mplaywright[24m\lib\worker\testInfo.js:284:7[90m)[39m
    at [90mC:\playwright-project\[39mnode_modules\[4mplaywright[24m\lib\worker\workerMain.js:331:7
    at [90mC:\playwright-project\[39mnode_modules\[4mplaywright[24m\lib\worker\testInfo.js:286:11
    at TimeoutManager.withRunnable [90m(C:\playwright-project\[39mnode_modules\[4mplaywright[24m\lib\worker\timeoutManager.js:52:27[90m)[39m
    at TestInfoImpl._runAsStage [90m(C:\playwright-project\[39mnode_modules\[4mplaywright[24m\lib\worker\testInfo.js:284:7[90m)[39m
    at WorkerMain._runTest [90m(C:\playwright-project\[39mnode_modules\[4mplaywright[24m\lib\worker\workerMain.js:281:5[90m)[39m
    at WorkerMain.runTestGroup [90m(C:\playwright-project\[39mnode_modules\[4mplaywright[24m\lib\worker\workerMain.js:205:11[90m)[39m
    at process.&lt;anonymous&gt; [90m(C:\playwright-project\[39mnode_modules\[4mplaywright[24m\lib\common\process.js:95:22[90m)[39m {
  fatal: [33mtrue[39m
}
Confirmation page validation failed: Not on confirmation page URL
Intento 2 fallido en payWithCard: Error [ValidationError]: Not on confirmation page URL
    at validationConfirmPage [90m(C:\playwright-project\[39msrc\page-objects\confirmation.ts:94:27[90m)[39m
    at validationConfirmationPage [90m(C:\playwright-project\[39msrc\tests\2TipsNoExtraNoSeat.spec.ts:90:3[90m)[39m
    at runWithRetries [90m(C:\playwright-project\[39msrc\tests\2TipsNoExtraNoSeat.spec.ts:121:7[90m)[39m
    at executeTests [90m(C:\playwright-project\[39msrc\tests\2TipsNoExtraNoSeat.spec.ts:221:29[90m)[39m
    at [90mC:\playwright-project\[39msrc\tests\2TipsNoExtraNoSeat.spec.ts:448:30
    at [90mC:\playwright-project\[39mnode_modules\[4mplaywright[24m\lib\worker\workerMain.js:339:9
    at [90mC:\playwright-project\[39mnode_modules\[4mplaywright[24m\lib\worker\testInfo.js:286:11
    at TimeoutManager.withRunnable [90m(C:\playwright-project\[39mnode_modules\[4mplaywright[24m\lib\worker\timeoutManager.js:64:14[90m)[39m
    at TestInfoImpl._runAsStage [90m(C:\playwright-project\[39mnode_modules\[4mplaywright[24m\lib\worker\testInfo.js:284:7[90m)[39m
    at [90mC:\playwright-project\[39mnode_modules\[4mplaywright[24m\lib\worker\workerMain.js:331:7
    at [90mC:\playwright-project\[39mnode_modules\[4mplaywright[24m\lib\worker\testInfo.js:286:11
    at TimeoutManager.withRunnable [90m(C:\playwright-project\[39mnode_modules\[4mplaywright[24m\lib\worker\timeoutManager.js:52:27[90m)[39m
    at TestInfoImpl._runAsStage [90m(C:\playwright-project\[39mnode_modules\[4mplaywright[24m\lib\worker\testInfo.js:284:7[90m)[39m
    at WorkerMain._runTest [90m(C:\playwright-project\[39mnode_modules\[4mplaywright[24m\lib\worker\workerMain.js:281:5[90m)[39m
    at WorkerMain.runTestGroup [90m(C:\playwright-project\[39mnode_modules\[4mplaywright[24m\lib\worker\workerMain.js:205:11[90m)[39m
    at process.&lt;anonymous&gt; [90m(C:\playwright-project\[39mnode_modules\[4mplaywright[24m\lib\common\process.js:95:22[90m)[39m {
  fatal: [33mtrue[39m
}

</system-err>
</testcase>
<testcase name="6. Compra 1 adt - 1 inl - Eco Light - Eco Light  › Ejecución completa con reintentos" classname="2TipsNoExtraNoSeat.spec.ts" time="77.965">
<system-out>
Ejecución completa, intento 1 de 5
Ejecutando Booking, intento 1
Fecha de salida seleccionada: { year: [32m'2025'[39m, month: [32m'6'[39m, index: [33m7[39m, value: [33m19[39m }
Fecha de regreso seleccionada: { year: [32m'2025'[39m, month: [32m'6'[39m, index: [33m8[39m, value: [33m21[39m }
Ajustando número de pasajeros
Successfully clicked the element: div.price-cabin:has-text("Economy")
Successfully clicked the element: div.price-cabin:has-text("Economy")
Ejecutando fillPassengerAdult 1, intento 1
Ejecutando fillPassengerInfant 1, intento 1
Ejecutando fillContact, intento 1
Ejecutando payWithCard, intento 1
Iframe encontrado.
Ejecutando payWithCard, intento 1
Ejecutando payWithCard, intento 2
Ejecutando payWithCard, intento 3
Successfully saved booking code M9WNV to Excel

</system-out>
<system-err>
Error while filling passenger data: TypeError: Cannot read properties of undefined (reading 'length')
    at fillPassengerFor [90m(C:\playwright-project\[39msrc\page-objects\PassengerPage.ts:31:27[90m)[39m
    at fillPassengerInformation [90m(C:\playwright-project\[39msrc\tests\2TipsNoExtraNoSeat.spec.ts:75:5[90m)[39m
    at runWithRetries [90m(C:\playwright-project\[39msrc\tests\2TipsNoExtraNoSeat.spec.ts:121:7[90m)[39m
    at executeTests [90m(C:\playwright-project\[39msrc\tests\2TipsNoExtraNoSeat.spec.ts:179:29[90m)[39m
    at [90mC:\playwright-project\[39msrc\tests\2TipsNoExtraNoSeat.spec.ts:490:30
    at [90mC:\playwright-project\[39mnode_modules\[4mplaywright[24m\lib\worker\workerMain.js:339:9
    at [90mC:\playwright-project\[39mnode_modules\[4mplaywright[24m\lib\worker\testInfo.js:286:11
    at TimeoutManager.withRunnable [90m(C:\playwright-project\[39mnode_modules\[4mplaywright[24m\lib\worker\timeoutManager.js:64:14[90m)[39m
    at TestInfoImpl._runAsStage [90m(C:\playwright-project\[39mnode_modules\[4mplaywright[24m\lib\worker\testInfo.js:284:7[90m)[39m
    at [90mC:\playwright-project\[39mnode_modules\[4mplaywright[24m\lib\worker\workerMain.js:331:7
    at [90mC:\playwright-project\[39mnode_modules\[4mplaywright[24m\lib\worker\testInfo.js:286:11
    at TimeoutManager.withRunnable [90m(C:\playwright-project\[39mnode_modules\[4mplaywright[24m\lib\worker\timeoutManager.js:52:27[90m)[39m
    at TestInfoImpl._runAsStage [90m(C:\playwright-project\[39mnode_modules\[4mplaywright[24m\lib\worker\testInfo.js:284:7[90m)[39m
    at WorkerMain._runTest [90m(C:\playwright-project\[39mnode_modules\[4mplaywright[24m\lib\worker\workerMain.js:281:5[90m)[39m
    at WorkerMain.runTestGroup [90m(C:\playwright-project\[39mnode_modules\[4mplaywright[24m\lib\worker\workerMain.js:205:11[90m)[39m
    at process.&lt;anonymous&gt; [90m(C:\playwright-project\[39mnode_modules\[4mplaywright[24m\lib\common\process.js:95:22[90m)[39m
Confirmation page validation failed: Flight Summary section not found on confirmation page
Intento 1 fallido en payWithCard: Error [ValidationError]: Flight Summary section not found on confirmation page
    at validationConfirmPage [90m(C:\playwright-project\[39msrc\page-objects\confirmation.ts:86:27[90m)[39m
[90m    at runNextTicks (node:internal/process/task_queues:65:5)[39m
[90m    at processImmediate (node:internal/timers:459:9)[39m
[90m    at process.callbackTrampoline (node:internal/async_hooks:130:17)[39m
    at validationConfirmationPage [90m(C:\playwright-project\[39msrc\tests\2TipsNoExtraNoSeat.spec.ts:90:3[90m)[39m
    at runWithRetries [90m(C:\playwright-project\[39msrc\tests\2TipsNoExtraNoSeat.spec.ts:121:7[90m)[39m
    at executeTests [90m(C:\playwright-project\[39msrc\tests\2TipsNoExtraNoSeat.spec.ts:221:29[90m)[39m
    at [90mC:\playwright-project\[39msrc\tests\2TipsNoExtraNoSeat.spec.ts:490:30
    at [90mC:\playwright-project\[39mnode_modules\[4mplaywright[24m\lib\worker\workerMain.js:339:9
    at [90mC:\playwright-project\[39mnode_modules\[4mplaywright[24m\lib\worker\testInfo.js:286:11
    at TimeoutManager.withRunnable [90m(C:\playwright-project\[39mnode_modules\[4mplaywright[24m\lib\worker\timeoutManager.js:64:14[90m)[39m
    at TestInfoImpl._runAsStage [90m(C:\playwright-project\[39mnode_modules\[4mplaywright[24m\lib\worker\testInfo.js:284:7[90m)[39m
    at [90mC:\playwright-project\[39mnode_modules\[4mplaywright[24m\lib\worker\workerMain.js:331:7
    at [90mC:\playwright-project\[39mnode_modules\[4mplaywright[24m\lib\worker\testInfo.js:286:11
    at TimeoutManager.withRunnable [90m(C:\playwright-project\[39mnode_modules\[4mplaywright[24m\lib\worker\timeoutManager.js:52:27[90m)[39m
    at TestInfoImpl._runAsStage [90m(C:\playwright-project\[39mnode_modules\[4mplaywright[24m\lib\worker\testInfo.js:284:7[90m)[39m
    at WorkerMain._runTest [90m(C:\playwright-project\[39mnode_modules\[4mplaywright[24m\lib\worker\workerMain.js:281:5[90m)[39m
    at WorkerMain.runTestGroup [90m(C:\playwright-project\[39mnode_modules\[4mplaywright[24m\lib\worker\workerMain.js:205:11[90m)[39m
    at process.&lt;anonymous&gt; [90m(C:\playwright-project\[39mnode_modules\[4mplaywright[24m\lib\common\process.js:95:22[90m)[39m {
  fatal: [33mtrue[39m
}
Confirmation page validation failed: Not on confirmation page URL
Intento 2 fallido en payWithCard: Error [ValidationError]: Not on confirmation page URL
    at validationConfirmPage [90m(C:\playwright-project\[39msrc\page-objects\confirmation.ts:94:27[90m)[39m
[90m    at runNextTicks (node:internal/process/task_queues:65:5)[39m
[90m    at processImmediate (node:internal/timers:459:9)[39m
[90m    at process.callbackTrampoline (node:internal/async_hooks:130:17)[39m
    at validationConfirmationPage [90m(C:\playwright-project\[39msrc\tests\2TipsNoExtraNoSeat.spec.ts:90:3[90m)[39m
    at runWithRetries [90m(C:\playwright-project\[39msrc\tests\2TipsNoExtraNoSeat.spec.ts:121:7[90m)[39m
    at executeTests [90m(C:\playwright-project\[39msrc\tests\2TipsNoExtraNoSeat.spec.ts:221:29[90m)[39m
    at [90mC:\playwright-project\[39msrc\tests\2TipsNoExtraNoSeat.spec.ts:490:30
    at [90mC:\playwright-project\[39mnode_modules\[4mplaywright[24m\lib\worker\workerMain.js:339:9
    at [90mC:\playwright-project\[39mnode_modules\[4mplaywright[24m\lib\worker\testInfo.js:286:11
    at TimeoutManager.withRunnable [90m(C:\playwright-project\[39mnode_modules\[4mplaywright[24m\lib\worker\timeoutManager.js:64:14[90m)[39m
    at TestInfoImpl._runAsStage [90m(C:\playwright-project\[39mnode_modules\[4mplaywright[24m\lib\worker\testInfo.js:284:7[90m)[39m
    at [90mC:\playwright-project\[39mnode_modules\[4mplaywright[24m\lib\worker\workerMain.js:331:7
    at [90mC:\playwright-project\[39mnode_modules\[4mplaywright[24m\lib\worker\testInfo.js:286:11
    at TimeoutManager.withRunnable [90m(C:\playwright-project\[39mnode_modules\[4mplaywright[24m\lib\worker\timeoutManager.js:52:27[90m)[39m
    at TestInfoImpl._runAsStage [90m(C:\playwright-project\[39mnode_modules\[4mplaywright[24m\lib\worker\testInfo.js:284:7[90m)[39m
    at WorkerMain._runTest [90m(C:\playwright-project\[39mnode_modules\[4mplaywright[24m\lib\worker\workerMain.js:281:5[90m)[39m
    at WorkerMain.runTestGroup [90m(C:\playwright-project\[39mnode_modules\[4mplaywright[24m\lib\worker\workerMain.js:205:11[90m)[39m
    at process.&lt;anonymous&gt; [90m(C:\playwright-project\[39mnode_modules\[4mplaywright[24m\lib\common\process.js:95:22[90m)[39m {
  fatal: [33mtrue[39m
}

</system-err>
</testcase>
<testcase name="7. Compra 1 adt Eco Light - Eco Light  - sin assitence › Ejecución completa con reintentos" classname="2TipsNoExtraNoSeat.spec.ts" time="60.124">
<system-out>
Ejecución completa, intento 1 de 5
Ejecutando Booking, intento 1
Fecha de salida seleccionada: { year: [32m'2025'[39m, month: [32m'6'[39m, index: [33m7[39m, value: [33m19[39m }
Fecha de regreso seleccionada: { year: [32m'2025'[39m, month: [32m'6'[39m, index: [33m8[39m, value: [33m21[39m }
Ajustando número de pasajeros
Successfully clicked the element: div.price-cabin:has-text("Economy")
Successfully clicked the element: div.price-cabin:has-text("Economy")
Ejecutando fillPassengerAdult 1, intento 1
Ejecutando fillContact, intento 1
Ejecutando payWithCard, intento 1
Iframe encontrado.
Ejecutando payWithCard, intento 1
Ejecutando payWithCard, intento 2
Ejecutando payWithCard, intento 3
Successfully saved booking code M9WNX to Excel

</system-out>
<system-err>
Confirmation page validation failed: Flight Summary section not found on confirmation page
Intento 1 fallido en payWithCard: Error [ValidationError]: Flight Summary section not found on confirmation page
    at validationConfirmPage [90m(C:\playwright-project\[39msrc\page-objects\confirmation.ts:86:27[90m)[39m
[90m    at runNextTicks (node:internal/process/task_queues:65:5)[39m
[90m    at processImmediate (node:internal/timers:459:9)[39m
[90m    at process.callbackTrampoline (node:internal/async_hooks:130:17)[39m
    at validationConfirmationPage [90m(C:\playwright-project\[39msrc\tests\2TipsNoExtraNoSeat.spec.ts:90:3[90m)[39m
    at runWithRetries [90m(C:\playwright-project\[39msrc\tests\2TipsNoExtraNoSeat.spec.ts:121:7[90m)[39m
    at executeTests [90m(C:\playwright-project\[39msrc\tests\2TipsNoExtraNoSeat.spec.ts:221:29[90m)[39m
    at [90mC:\playwright-project\[39msrc\tests\2TipsNoExtraNoSeat.spec.ts:531:30
    at [90mC:\playwright-project\[39mnode_modules\[4mplaywright[24m\lib\worker\workerMain.js:339:9
    at [90mC:\playwright-project\[39mnode_modules\[4mplaywright[24m\lib\worker\testInfo.js:286:11
    at TimeoutManager.withRunnable [90m(C:\playwright-project\[39mnode_modules\[4mplaywright[24m\lib\worker\timeoutManager.js:64:14[90m)[39m
    at TestInfoImpl._runAsStage [90m(C:\playwright-project\[39mnode_modules\[4mplaywright[24m\lib\worker\testInfo.js:284:7[90m)[39m
    at [90mC:\playwright-project\[39mnode_modules\[4mplaywright[24m\lib\worker\workerMain.js:331:7
    at [90mC:\playwright-project\[39mnode_modules\[4mplaywright[24m\lib\worker\testInfo.js:286:11
    at TimeoutManager.withRunnable [90m(C:\playwright-project\[39mnode_modules\[4mplaywright[24m\lib\worker\timeoutManager.js:52:27[90m)[39m
    at TestInfoImpl._runAsStage [90m(C:\playwright-project\[39mnode_modules\[4mplaywright[24m\lib\worker\testInfo.js:284:7[90m)[39m
    at WorkerMain._runTest [90m(C:\playwright-project\[39mnode_modules\[4mplaywright[24m\lib\worker\workerMain.js:281:5[90m)[39m
    at WorkerMain.runTestGroup [90m(C:\playwright-project\[39mnode_modules\[4mplaywright[24m\lib\worker\workerMain.js:205:11[90m)[39m
    at process.&lt;anonymous&gt; [90m(C:\playwright-project\[39mnode_modules\[4mplaywright[24m\lib\common\process.js:95:22[90m)[39m {
  fatal: [33mtrue[39m
}
Confirmation page validation failed: Not on confirmation page URL
Intento 2 fallido en payWithCard: Error [ValidationError]: Not on confirmation page URL
    at validationConfirmPage [90m(C:\playwright-project\[39msrc\page-objects\confirmation.ts:94:27[90m)[39m
    at validationConfirmationPage [90m(C:\playwright-project\[39msrc\tests\2TipsNoExtraNoSeat.spec.ts:90:3[90m)[39m
    at runWithRetries [90m(C:\playwright-project\[39msrc\tests\2TipsNoExtraNoSeat.spec.ts:121:7[90m)[39m
    at executeTests [90m(C:\playwright-project\[39msrc\tests\2TipsNoExtraNoSeat.spec.ts:221:29[90m)[39m
    at [90mC:\playwright-project\[39msrc\tests\2TipsNoExtraNoSeat.spec.ts:531:30
    at [90mC:\playwright-project\[39mnode_modules\[4mplaywright[24m\lib\worker\workerMain.js:339:9
    at [90mC:\playwright-project\[39mnode_modules\[4mplaywright[24m\lib\worker\testInfo.js:286:11
    at TimeoutManager.withRunnable [90m(C:\playwright-project\[39mnode_modules\[4mplaywright[24m\lib\worker\timeoutManager.js:64:14[90m)[39m
    at TestInfoImpl._runAsStage [90m(C:\playwright-project\[39mnode_modules\[4mplaywright[24m\lib\worker\testInfo.js:284:7[90m)[39m
    at [90mC:\playwright-project\[39mnode_modules\[4mplaywright[24m\lib\worker\workerMain.js:331:7
    at [90mC:\playwright-project\[39mnode_modules\[4mplaywright[24m\lib\worker\testInfo.js:286:11
    at TimeoutManager.withRunnable [90m(C:\playwright-project\[39mnode_modules\[4mplaywright[24m\lib\worker\timeoutManager.js:52:27[90m)[39m
    at TestInfoImpl._runAsStage [90m(C:\playwright-project\[39mnode_modules\[4mplaywright[24m\lib\worker\testInfo.js:284:7[90m)[39m
    at WorkerMain._runTest [90m(C:\playwright-project\[39mnode_modules\[4mplaywright[24m\lib\worker\workerMain.js:281:5[90m)[39m
    at WorkerMain.runTestGroup [90m(C:\playwright-project\[39mnode_modules\[4mplaywright[24m\lib\worker\workerMain.js:205:11[90m)[39m
    at process.&lt;anonymous&gt; [90m(C:\playwright-project\[39mnode_modules\[4mplaywright[24m\lib\common\process.js:95:22[90m)[39m {
  fatal: [33mtrue[39m
}

</system-err>
</testcase>
<testcase name="8. Compra 1 adt Eco Light - Eco COMFORT - sin assitence › Ejecución completa con reintentos" classname="2TipsNoExtraNoSeat.spec.ts" time="59.976">
<system-out>
Ejecución completa, intento 1 de 5
Ejecutando Booking, intento 1
Fecha de salida seleccionada: { year: [32m'2025'[39m, month: [32m'6'[39m, index: [33m6[39m, value: [33m17[39m }
Fecha de regreso seleccionada: { year: [32m'2025'[39m, month: [32m'6'[39m, index: [33m7[39m, value: [33m19[39m }
Ajustando número de pasajeros
Successfully clicked the element: div.price-cabin:has-text("Economy")
Successfully clicked the element: div.price-cabin:has-text("Economy")
Ejecutando fillPassengerAdult 1, intento 1
Ejecutando fillContact, intento 1
Ejecutando payWithCard, intento 1
Iframe encontrado.
Ejecutando payWithCard, intento 1
Ejecutando payWithCard, intento 2
Ejecutando payWithCard, intento 3
Successfully saved booking code M9WPF to Excel

</system-out>
<system-err>
Confirmation page validation failed: Flight Summary section not found on confirmation page
Intento 1 fallido en payWithCard: Error [ValidationError]: Flight Summary section not found on confirmation page
    at validationConfirmPage [90m(C:\playwright-project\[39msrc\page-objects\confirmation.ts:86:27[90m)[39m
[90m    at runNextTicks (node:internal/process/task_queues:65:5)[39m
[90m    at processImmediate (node:internal/timers:459:9)[39m
[90m    at process.callbackTrampoline (node:internal/async_hooks:130:17)[39m
    at validationConfirmationPage [90m(C:\playwright-project\[39msrc\tests\2TipsNoExtraNoSeat.spec.ts:90:3[90m)[39m
    at runWithRetries [90m(C:\playwright-project\[39msrc\tests\2TipsNoExtraNoSeat.spec.ts:121:7[90m)[39m
    at executeTests [90m(C:\playwright-project\[39msrc\tests\2TipsNoExtraNoSeat.spec.ts:221:29[90m)[39m
    at [90mC:\playwright-project\[39msrc\tests\2TipsNoExtraNoSeat.spec.ts:572:30
    at [90mC:\playwright-project\[39mnode_modules\[4mplaywright[24m\lib\worker\workerMain.js:339:9
    at [90mC:\playwright-project\[39mnode_modules\[4mplaywright[24m\lib\worker\testInfo.js:286:11
    at TimeoutManager.withRunnable [90m(C:\playwright-project\[39mnode_modules\[4mplaywright[24m\lib\worker\timeoutManager.js:64:14[90m)[39m
    at TestInfoImpl._runAsStage [90m(C:\playwright-project\[39mnode_modules\[4mplaywright[24m\lib\worker\testInfo.js:284:7[90m)[39m
    at [90mC:\playwright-project\[39mnode_modules\[4mplaywright[24m\lib\worker\workerMain.js:331:7
    at [90mC:\playwright-project\[39mnode_modules\[4mplaywright[24m\lib\worker\testInfo.js:286:11
    at TimeoutManager.withRunnable [90m(C:\playwright-project\[39mnode_modules\[4mplaywright[24m\lib\worker\timeoutManager.js:52:27[90m)[39m
    at TestInfoImpl._runAsStage [90m(C:\playwright-project\[39mnode_modules\[4mplaywright[24m\lib\worker\testInfo.js:284:7[90m)[39m
    at WorkerMain._runTest [90m(C:\playwright-project\[39mnode_modules\[4mplaywright[24m\lib\worker\workerMain.js:281:5[90m)[39m
    at WorkerMain.runTestGroup [90m(C:\playwright-project\[39mnode_modules\[4mplaywright[24m\lib\worker\workerMain.js:205:11[90m)[39m
    at process.&lt;anonymous&gt; [90m(C:\playwright-project\[39mnode_modules\[4mplaywright[24m\lib\common\process.js:95:22[90m)[39m {
  fatal: [33mtrue[39m
}
Confirmation page validation failed: Not on confirmation page URL
Intento 2 fallido en payWithCard: Error [ValidationError]: Not on confirmation page URL
    at validationConfirmPage [90m(C:\playwright-project\[39msrc\page-objects\confirmation.ts:94:27[90m)[39m
    at validationConfirmationPage [90m(C:\playwright-project\[39msrc\tests\2TipsNoExtraNoSeat.spec.ts:90:3[90m)[39m
    at runWithRetries [90m(C:\playwright-project\[39msrc\tests\2TipsNoExtraNoSeat.spec.ts:121:7[90m)[39m
    at executeTests [90m(C:\playwright-project\[39msrc\tests\2TipsNoExtraNoSeat.spec.ts:221:29[90m)[39m
    at [90mC:\playwright-project\[39msrc\tests\2TipsNoExtraNoSeat.spec.ts:572:30
    at [90mC:\playwright-project\[39mnode_modules\[4mplaywright[24m\lib\worker\workerMain.js:339:9
    at [90mC:\playwright-project\[39mnode_modules\[4mplaywright[24m\lib\worker\testInfo.js:286:11
    at TimeoutManager.withRunnable [90m(C:\playwright-project\[39mnode_modules\[4mplaywright[24m\lib\worker\timeoutManager.js:64:14[90m)[39m
    at TestInfoImpl._runAsStage [90m(C:\playwright-project\[39mnode_modules\[4mplaywright[24m\lib\worker\testInfo.js:284:7[90m)[39m
    at [90mC:\playwright-project\[39mnode_modules\[4mplaywright[24m\lib\worker\workerMain.js:331:7
    at [90mC:\playwright-project\[39mnode_modules\[4mplaywright[24m\lib\worker\testInfo.js:286:11
    at TimeoutManager.withRunnable [90m(C:\playwright-project\[39mnode_modules\[4mplaywright[24m\lib\worker\timeoutManager.js:52:27[90m)[39m
    at TestInfoImpl._runAsStage [90m(C:\playwright-project\[39mnode_modules\[4mplaywright[24m\lib\worker\testInfo.js:284:7[90m)[39m
    at WorkerMain._runTest [90m(C:\playwright-project\[39mnode_modules\[4mplaywright[24m\lib\worker\workerMain.js:281:5[90m)[39m
    at WorkerMain.runTestGroup [90m(C:\playwright-project\[39mnode_modules\[4mplaywright[24m\lib\worker\workerMain.js:205:11[90m)[39m
    at process.&lt;anonymous&gt; [90m(C:\playwright-project\[39mnode_modules\[4mplaywright[24m\lib\common\process.js:95:22[90m)[39m {
  fatal: [33mtrue[39m
}

</system-err>
</testcase>
<testcase name="9. Compra 1 adt Eco Light - Eco Extra - sin assitence › Ejecución completa con reintentos" classname="2TipsNoExtraNoSeat.spec.ts" time="57.772">
<system-out>
Ejecución completa, intento 1 de 5
Ejecutando Booking, intento 1
Fecha de salida seleccionada: { year: [32m'2025'[39m, month: [32m'6'[39m, index: [33m7[39m, value: [33m19[39m }
Fecha de regreso seleccionada: { year: [32m'2025'[39m, month: [32m'6'[39m, index: [33m8[39m, value: [33m21[39m }
Ajustando número de pasajeros
Successfully clicked the element: div.price-cabin:has-text("Economy")
Successfully clicked the element: div.price-cabin:has-text("Economy")
Ejecutando fillPassengerAdult 1, intento 1
Ejecutando fillContact, intento 1
Ejecutando payWithCard, intento 1
Iframe encontrado.
Ejecutando payWithCard, intento 1
Ejecutando payWithCard, intento 2
Ejecutando payWithCard, intento 3
Successfully saved booking code M9WPH to Excel

</system-out>
<system-err>
Confirmation page validation failed: Flight Summary section not found on confirmation page
Intento 1 fallido en payWithCard: Error [ValidationError]: Flight Summary section not found on confirmation page
    at validationConfirmPage [90m(C:\playwright-project\[39msrc\page-objects\confirmation.ts:86:27[90m)[39m
[90m    at runNextTicks (node:internal/process/task_queues:65:5)[39m
[90m    at processImmediate (node:internal/timers:459:9)[39m
[90m    at process.callbackTrampoline (node:internal/async_hooks:130:17)[39m
    at validationConfirmationPage [90m(C:\playwright-project\[39msrc\tests\2TipsNoExtraNoSeat.spec.ts:90:3[90m)[39m
    at runWithRetries [90m(C:\playwright-project\[39msrc\tests\2TipsNoExtraNoSeat.spec.ts:121:7[90m)[39m
    at executeTests [90m(C:\playwright-project\[39msrc\tests\2TipsNoExtraNoSeat.spec.ts:221:29[90m)[39m
    at [90mC:\playwright-project\[39msrc\tests\2TipsNoExtraNoSeat.spec.ts:615:30
    at [90mC:\playwright-project\[39mnode_modules\[4mplaywright[24m\lib\worker\workerMain.js:339:9
    at [90mC:\playwright-project\[39mnode_modules\[4mplaywright[24m\lib\worker\testInfo.js:286:11
    at TimeoutManager.withRunnable [90m(C:\playwright-project\[39mnode_modules\[4mplaywright[24m\lib\worker\timeoutManager.js:64:14[90m)[39m
    at TestInfoImpl._runAsStage [90m(C:\playwright-project\[39mnode_modules\[4mplaywright[24m\lib\worker\testInfo.js:284:7[90m)[39m
    at [90mC:\playwright-project\[39mnode_modules\[4mplaywright[24m\lib\worker\workerMain.js:331:7
    at [90mC:\playwright-project\[39mnode_modules\[4mplaywright[24m\lib\worker\testInfo.js:286:11
    at TimeoutManager.withRunnable [90m(C:\playwright-project\[39mnode_modules\[4mplaywright[24m\lib\worker\timeoutManager.js:52:27[90m)[39m
    at TestInfoImpl._runAsStage [90m(C:\playwright-project\[39mnode_modules\[4mplaywright[24m\lib\worker\testInfo.js:284:7[90m)[39m
    at WorkerMain._runTest [90m(C:\playwright-project\[39mnode_modules\[4mplaywright[24m\lib\worker\workerMain.js:281:5[90m)[39m
    at WorkerMain.runTestGroup [90m(C:\playwright-project\[39mnode_modules\[4mplaywright[24m\lib\worker\workerMain.js:205:11[90m)[39m
    at process.&lt;anonymous&gt; [90m(C:\playwright-project\[39mnode_modules\[4mplaywright[24m\lib\common\process.js:95:22[90m)[39m {
  fatal: [33mtrue[39m
}
Confirmation page validation failed: Not on confirmation page URL
Intento 2 fallido en payWithCard: Error [ValidationError]: Not on confirmation page URL
    at validationConfirmPage [90m(C:\playwright-project\[39msrc\page-objects\confirmation.ts:94:27[90m)[39m
    at validationConfirmationPage [90m(C:\playwright-project\[39msrc\tests\2TipsNoExtraNoSeat.spec.ts:90:3[90m)[39m
    at runWithRetries [90m(C:\playwright-project\[39msrc\tests\2TipsNoExtraNoSeat.spec.ts:121:7[90m)[39m
    at executeTests [90m(C:\playwright-project\[39msrc\tests\2TipsNoExtraNoSeat.spec.ts:221:29[90m)[39m
    at [90mC:\playwright-project\[39msrc\tests\2TipsNoExtraNoSeat.spec.ts:615:30
    at [90mC:\playwright-project\[39mnode_modules\[4mplaywright[24m\lib\worker\workerMain.js:339:9
    at [90mC:\playwright-project\[39mnode_modules\[4mplaywright[24m\lib\worker\testInfo.js:286:11
    at TimeoutManager.withRunnable [90m(C:\playwright-project\[39mnode_modules\[4mplaywright[24m\lib\worker\timeoutManager.js:64:14[90m)[39m
    at TestInfoImpl._runAsStage [90m(C:\playwright-project\[39mnode_modules\[4mplaywright[24m\lib\worker\testInfo.js:284:7[90m)[39m
    at [90mC:\playwright-project\[39mnode_modules\[4mplaywright[24m\lib\worker\workerMain.js:331:7
    at [90mC:\playwright-project\[39mnode_modules\[4mplaywright[24m\lib\worker\testInfo.js:286:11
    at TimeoutManager.withRunnable [90m(C:\playwright-project\[39mnode_modules\[4mplaywright[24m\lib\worker\timeoutManager.js:52:27[90m)[39m
    at TestInfoImpl._runAsStage [90m(C:\playwright-project\[39mnode_modules\[4mplaywright[24m\lib\worker\testInfo.js:284:7[90m)[39m
    at WorkerMain._runTest [90m(C:\playwright-project\[39mnode_modules\[4mplaywright[24m\lib\worker\workerMain.js:281:5[90m)[39m
    at WorkerMain.runTestGroup [90m(C:\playwright-project\[39mnode_modules\[4mplaywright[24m\lib\worker\workerMain.js:205:11[90m)[39m
    at process.&lt;anonymous&gt; [90m(C:\playwright-project\[39mnode_modules\[4mplaywright[24m\lib\common\process.js:95:22[90m)[39m {
  fatal: [33mtrue[39m
}

</system-err>
</testcase>
<testcase name="10. Compra 1 adt Eco Light -  PremLight - sin assitence › Ejecución completa con reintentos" classname="2TipsNoExtraNoSeat.spec.ts" time="63.308">
<system-out>
Ejecución completa, intento 1 de 5
Ejecutando Booking, intento 1
Fecha de salida seleccionada: { year: [32m'2025'[39m, month: [32m'6'[39m, index: [33m9[39m, value: [33m24[39m }
Fecha de regreso seleccionada: { year: [32m'2025'[39m, month: [32m'6'[39m, index: [33m10[39m, value: [33m26[39m }
Ajustando número de pasajeros
Successfully clicked the element: div.price-cabin:has-text("Economy")
Successfully clicked the element: div.price-cabin:has-text("Premium")
Ejecutando fillPassengerAdult 1, intento 1
Ejecutando fillContact, intento 1
Ejecutando payWithCard, intento 1
Iframe encontrado.
Ejecutando payWithCard, intento 1
Ejecutando payWithCard, intento 2
Ejecutando payWithCard, intento 3
Successfully saved booking code M9WPN to Excel

</system-out>
<system-err>
Confirmation page validation failed: Flight Summary section not found on confirmation page
Intento 1 fallido en payWithCard: Error [ValidationError]: Flight Summary section not found on confirmation page
    at validationConfirmPage [90m(C:\playwright-project\[39msrc\page-objects\confirmation.ts:86:27[90m)[39m
[90m    at runNextTicks (node:internal/process/task_queues:65:5)[39m
[90m    at processImmediate (node:internal/timers:459:9)[39m
[90m    at process.callbackTrampoline (node:internal/async_hooks:130:17)[39m
    at validationConfirmationPage [90m(C:\playwright-project\[39msrc\tests\2TipsNoExtraNoSeat.spec.ts:90:3[90m)[39m
    at runWithRetries [90m(C:\playwright-project\[39msrc\tests\2TipsNoExtraNoSeat.spec.ts:121:7[90m)[39m
    at executeTests [90m(C:\playwright-project\[39msrc\tests\2TipsNoExtraNoSeat.spec.ts:221:29[90m)[39m
    at [90mC:\playwright-project\[39msrc\tests\2TipsNoExtraNoSeat.spec.ts:657:30
    at [90mC:\playwright-project\[39mnode_modules\[4mplaywright[24m\lib\worker\workerMain.js:339:9
    at [90mC:\playwright-project\[39mnode_modules\[4mplaywright[24m\lib\worker\testInfo.js:286:11
    at TimeoutManager.withRunnable [90m(C:\playwright-project\[39mnode_modules\[4mplaywright[24m\lib\worker\timeoutManager.js:64:14[90m)[39m
    at TestInfoImpl._runAsStage [90m(C:\playwright-project\[39mnode_modules\[4mplaywright[24m\lib\worker\testInfo.js:284:7[90m)[39m
    at [90mC:\playwright-project\[39mnode_modules\[4mplaywright[24m\lib\worker\workerMain.js:331:7
    at [90mC:\playwright-project\[39mnode_modules\[4mplaywright[24m\lib\worker\testInfo.js:286:11
    at TimeoutManager.withRunnable [90m(C:\playwright-project\[39mnode_modules\[4mplaywright[24m\lib\worker\timeoutManager.js:52:27[90m)[39m
    at TestInfoImpl._runAsStage [90m(C:\playwright-project\[39mnode_modules\[4mplaywright[24m\lib\worker\testInfo.js:284:7[90m)[39m
    at WorkerMain._runTest [90m(C:\playwright-project\[39mnode_modules\[4mplaywright[24m\lib\worker\workerMain.js:281:5[90m)[39m
    at WorkerMain.runTestGroup [90m(C:\playwright-project\[39mnode_modules\[4mplaywright[24m\lib\worker\workerMain.js:205:11[90m)[39m
    at process.&lt;anonymous&gt; [90m(C:\playwright-project\[39mnode_modules\[4mplaywright[24m\lib\common\process.js:95:22[90m)[39m {
  fatal: [33mtrue[39m
}
Confirmation page validation failed: Not on confirmation page URL
Intento 2 fallido en payWithCard: Error [ValidationError]: Not on confirmation page URL
    at validationConfirmPage [90m(C:\playwright-project\[39msrc\page-objects\confirmation.ts:94:27[90m)[39m
    at validationConfirmationPage [90m(C:\playwright-project\[39msrc\tests\2TipsNoExtraNoSeat.spec.ts:90:3[90m)[39m
    at runWithRetries [90m(C:\playwright-project\[39msrc\tests\2TipsNoExtraNoSeat.spec.ts:121:7[90m)[39m
    at executeTests [90m(C:\playwright-project\[39msrc\tests\2TipsNoExtraNoSeat.spec.ts:221:29[90m)[39m
    at [90mC:\playwright-project\[39msrc\tests\2TipsNoExtraNoSeat.spec.ts:657:30
    at [90mC:\playwright-project\[39mnode_modules\[4mplaywright[24m\lib\worker\workerMain.js:339:9
    at [90mC:\playwright-project\[39mnode_modules\[4mplaywright[24m\lib\worker\testInfo.js:286:11
    at TimeoutManager.withRunnable [90m(C:\playwright-project\[39mnode_modules\[4mplaywright[24m\lib\worker\timeoutManager.js:64:14[90m)[39m
    at TestInfoImpl._runAsStage [90m(C:\playwright-project\[39mnode_modules\[4mplaywright[24m\lib\worker\testInfo.js:284:7[90m)[39m
    at [90mC:\playwright-project\[39mnode_modules\[4mplaywright[24m\lib\worker\workerMain.js:331:7
    at [90mC:\playwright-project\[39mnode_modules\[4mplaywright[24m\lib\worker\testInfo.js:286:11
    at TimeoutManager.withRunnable [90m(C:\playwright-project\[39mnode_modules\[4mplaywright[24m\lib\worker\timeoutManager.js:52:27[90m)[39m
    at TestInfoImpl._runAsStage [90m(C:\playwright-project\[39mnode_modules\[4mplaywright[24m\lib\worker\testInfo.js:284:7[90m)[39m
    at WorkerMain._runTest [90m(C:\playwright-project\[39mnode_modules\[4mplaywright[24m\lib\worker\workerMain.js:281:5[90m)[39m
    at WorkerMain.runTestGroup [90m(C:\playwright-project\[39mnode_modules\[4mplaywright[24m\lib\worker\workerMain.js:205:11[90m)[39m
    at process.&lt;anonymous&gt; [90m(C:\playwright-project\[39mnode_modules\[4mplaywright[24m\lib\common\process.js:95:22[90m)[39m {
  fatal: [33mtrue[39m
}

</system-err>
</testcase>
<testcase name="11. Compra 1 adt Eco Light -  PremComfort - sin assitence › Ejecución completa con reintentos" classname="2TipsNoExtraNoSeat.spec.ts" time="347.835">
<system-out>
Ejecución completa, intento 1 de 5
Ejecutando Booking, intento 1
Fecha de salida seleccionada: { year: [32m'2025'[39m, month: [32m'6'[39m, index: [33m10[39m, value: [33m26[39m }
Fecha de regreso seleccionada: { year: [32m'2025'[39m, month: [32m'6'[39m, index: [33m11[39m, value: [33m28[39m }
Ajustando número de pasajeros
Successfully clicked the element: div.price-cabin:has-text("Economy")
Successfully clicked the element: div.price-cabin:has-text("Premium")
Ejecutando fillPassengerAdult 1, intento 1
Ejecutando fillContact, intento 1
Ejecutando payWithCard, intento 1
Iframe encontrado.
Ejecutando payWithCard, intento 1
Ejecutando payWithCard, intento 2
Ejecutando payWithCard, intento 3
Ejecución completa, intento 2 de 5
Ejecutando Booking, intento 1
Fecha de salida seleccionada: { year: [32m'2025'[39m, month: [32m'7'[39m, index: [33m1[39m, value: [33m2[39m }
Fecha de regreso seleccionada: { year: [32m'2025'[39m, month: [32m'7'[39m, index: [33m2[39m, value: [33m3[39m }
Ajustando número de pasajeros
Successfully clicked the element: div.price-cabin:has-text("Economy")
Successfully clicked the element: div.price-cabin:has-text("Premium")
Ejecutando fillPassengerAdult 1, intento 1
Ejecutando fillContact, intento 1
Ejecutando payWithCard, intento 1
Ejecutando payWithCard, intento 2
Ejecutando payWithCard, intento 3
Ejecución completa, intento 3 de 5
Ejecutando Booking, intento 1
Fecha de salida seleccionada: { year: [32m'2025'[39m, month: [32m'6'[39m, index: [33m9[39m, value: [33m24[39m }
Fecha de regreso seleccionada: { year: [32m'2025'[39m, month: [32m'6'[39m, index: [33m10[39m, value: [33m26[39m }
Ajustando número de pasajeros
Successfully clicked the element: div.price-cabin:has-text("Economy")
Successfully clicked the element: div.price-cabin:has-text("Premium")
Ejecutando fillPassengerAdult 1, intento 1
Ejecutando fillContact, intento 1
Ejecutando payWithCard, intento 1
Iframe encontrado.
Ejecutando payWithCard, intento 1
Ejecutando payWithCard, intento 2
Ejecutando payWithCard, intento 3
Successfully saved booking code M9WS6 to Excel

</system-out>
<system-err>
Confirmation page validation failed: Flight Summary section not found on confirmation page
Intento 1 fallido en payWithCard: Error [ValidationError]: Flight Summary section not found on confirmation page
    at validationConfirmPage [90m(C:\playwright-project\[39msrc\page-objects\confirmation.ts:86:27[90m)[39m
    at validationConfirmationPage [90m(C:\playwright-project\[39msrc\tests\2TipsNoExtraNoSeat.spec.ts:90:3[90m)[39m
    at runWithRetries [90m(C:\playwright-project\[39msrc\tests\2TipsNoExtraNoSeat.spec.ts:121:7[90m)[39m
    at executeTests [90m(C:\playwright-project\[39msrc\tests\2TipsNoExtraNoSeat.spec.ts:221:29[90m)[39m
    at [90mC:\playwright-project\[39msrc\tests\2TipsNoExtraNoSeat.spec.ts:699:30
    at [90mC:\playwright-project\[39mnode_modules\[4mplaywright[24m\lib\worker\workerMain.js:339:9
    at [90mC:\playwright-project\[39mnode_modules\[4mplaywright[24m\lib\worker\testInfo.js:286:11
    at TimeoutManager.withRunnable [90m(C:\playwright-project\[39mnode_modules\[4mplaywright[24m\lib\worker\timeoutManager.js:64:14[90m)[39m
    at TestInfoImpl._runAsStage [90m(C:\playwright-project\[39mnode_modules\[4mplaywright[24m\lib\worker\testInfo.js:284:7[90m)[39m
    at [90mC:\playwright-project\[39mnode_modules\[4mplaywright[24m\lib\worker\workerMain.js:331:7
    at [90mC:\playwright-project\[39mnode_modules\[4mplaywright[24m\lib\worker\testInfo.js:286:11
    at TimeoutManager.withRunnable [90m(C:\playwright-project\[39mnode_modules\[4mplaywright[24m\lib\worker\timeoutManager.js:52:27[90m)[39m
    at TestInfoImpl._runAsStage [90m(C:\playwright-project\[39mnode_modules\[4mplaywright[24m\lib\worker\testInfo.js:284:7[90m)[39m
    at WorkerMain._runTest [90m(C:\playwright-project\[39mnode_modules\[4mplaywright[24m\lib\worker\workerMain.js:281:5[90m)[39m
    at WorkerMain.runTestGroup [90m(C:\playwright-project\[39mnode_modules\[4mplaywright[24m\lib\worker\workerMain.js:205:11[90m)[39m
    at process.&lt;anonymous&gt; [90m(C:\playwright-project\[39mnode_modules\[4mplaywright[24m\lib\common\process.js:95:22[90m)[39m {
  fatal: [33mtrue[39m
}
Confirmation page validation failed: Flight Summary section not found on confirmation page
Intento 2 fallido en payWithCard: Error [ValidationError]: Flight Summary section not found on confirmation page
    at validationConfirmPage [90m(C:\playwright-project\[39msrc\page-objects\confirmation.ts:86:27[90m)[39m
    at validationConfirmationPage [90m(C:\playwright-project\[39msrc\tests\2TipsNoExtraNoSeat.spec.ts:90:3[90m)[39m
    at runWithRetries [90m(C:\playwright-project\[39msrc\tests\2TipsNoExtraNoSeat.spec.ts:121:7[90m)[39m
    at executeTests [90m(C:\playwright-project\[39msrc\tests\2TipsNoExtraNoSeat.spec.ts:221:29[90m)[39m
    at [90mC:\playwright-project\[39msrc\tests\2TipsNoExtraNoSeat.spec.ts:699:30
    at [90mC:\playwright-project\[39mnode_modules\[4mplaywright[24m\lib\worker\workerMain.js:339:9
    at [90mC:\playwright-project\[39mnode_modules\[4mplaywright[24m\lib\worker\testInfo.js:286:11
    at TimeoutManager.withRunnable [90m(C:\playwright-project\[39mnode_modules\[4mplaywright[24m\lib\worker\timeoutManager.js:64:14[90m)[39m
    at TestInfoImpl._runAsStage [90m(C:\playwright-project\[39mnode_modules\[4mplaywright[24m\lib\worker\testInfo.js:284:7[90m)[39m
    at [90mC:\playwright-project\[39mnode_modules\[4mplaywright[24m\lib\worker\workerMain.js:331:7
    at [90mC:\playwright-project\[39mnode_modules\[4mplaywright[24m\lib\worker\testInfo.js:286:11
    at TimeoutManager.withRunnable [90m(C:\playwright-project\[39mnode_modules\[4mplaywright[24m\lib\worker\timeoutManager.js:52:27[90m)[39m
    at TestInfoImpl._runAsStage [90m(C:\playwright-project\[39mnode_modules\[4mplaywright[24m\lib\worker\testInfo.js:284:7[90m)[39m
    at WorkerMain._runTest [90m(C:\playwright-project\[39mnode_modules\[4mplaywright[24m\lib\worker\workerMain.js:281:5[90m)[39m
    at WorkerMain.runTestGroup [90m(C:\playwright-project\[39mnode_modules\[4mplaywright[24m\lib\worker\workerMain.js:205:11[90m)[39m
    at process.&lt;anonymous&gt; [90m(C:\playwright-project\[39mnode_modules\[4mplaywright[24m\lib\common\process.js:95:22[90m)[39m {
  fatal: [33mtrue[39m
}
Confirmation page validation failed: Flight Summary section not found on confirmation page
Intento 3 fallido en payWithCard: Error [ValidationError]: Flight Summary section not found on confirmation page
    at validationConfirmPage [90m(C:\playwright-project\[39msrc\page-objects\confirmation.ts:86:27[90m)[39m
    at validationConfirmationPage [90m(C:\playwright-project\[39msrc\tests\2TipsNoExtraNoSeat.spec.ts:90:3[90m)[39m
    at runWithRetries [90m(C:\playwright-project\[39msrc\tests\2TipsNoExtraNoSeat.spec.ts:121:7[90m)[39m
    at executeTests [90m(C:\playwright-project\[39msrc\tests\2TipsNoExtraNoSeat.spec.ts:221:29[90m)[39m
    at [90mC:\playwright-project\[39msrc\tests\2TipsNoExtraNoSeat.spec.ts:699:30
    at [90mC:\playwright-project\[39mnode_modules\[4mplaywright[24m\lib\worker\workerMain.js:339:9
    at [90mC:\playwright-project\[39mnode_modules\[4mplaywright[24m\lib\worker\testInfo.js:286:11
    at TimeoutManager.withRunnable [90m(C:\playwright-project\[39mnode_modules\[4mplaywright[24m\lib\worker\timeoutManager.js:64:14[90m)[39m
    at TestInfoImpl._runAsStage [90m(C:\playwright-project\[39mnode_modules\[4mplaywright[24m\lib\worker\testInfo.js:284:7[90m)[39m
    at [90mC:\playwright-project\[39mnode_modules\[4mplaywright[24m\lib\worker\workerMain.js:331:7
    at [90mC:\playwright-project\[39mnode_modules\[4mplaywright[24m\lib\worker\testInfo.js:286:11
    at TimeoutManager.withRunnable [90m(C:\playwright-project\[39mnode_modules\[4mplaywright[24m\lib\worker\timeoutManager.js:52:27[90m)[39m
    at TestInfoImpl._runAsStage [90m(C:\playwright-project\[39mnode_modules\[4mplaywright[24m\lib\worker\testInfo.js:284:7[90m)[39m
    at WorkerMain._runTest [90m(C:\playwright-project\[39mnode_modules\[4mplaywright[24m\lib\worker\workerMain.js:281:5[90m)[39m
    at WorkerMain.runTestGroup [90m(C:\playwright-project\[39mnode_modules\[4mplaywright[24m\lib\worker\workerMain.js:205:11[90m)[39m
    at process.&lt;anonymous&gt; [90m(C:\playwright-project\[39mnode_modules\[4mplaywright[24m\lib\common\process.js:95:22[90m)[39m {
  fatal: [33mtrue[39m
}
Prueba payWithCard fallida después de 3 intentos.
Error while handling iframe payment: page.waitForSelector: Timeout 60000ms exceeded.
Call log:
[2m  - waiting for locator('iframe[title="Iframe for expiry date"]') to be visible[22m

    at payWithCard [90m(C:\playwright-project\[39msrc\page-objects\paymentPage.ts:4:20[90m)[39m
    at payWithCardInformation [90m(C:\playwright-project\[39msrc\tests\2TipsNoExtraNoSeat.spec.ts:84:22[90m)[39m
    at fn [90m(C:\playwright-project\[39msrc\tests\2TipsNoExtraNoSeat.spec.ts:212:15[90m)[39m
    at runWithRetries [90m(C:\playwright-project\[39msrc\tests\2TipsNoExtraNoSeat.spec.ts:121:13[90m)[39m
    at executeTests [90m(C:\playwright-project\[39msrc\tests\2TipsNoExtraNoSeat.spec.ts:211:35[90m)[39m
    at [90mC:\playwright-project\[39msrc\tests\2TipsNoExtraNoSeat.spec.ts:699:30 {
  name: [32m'TimeoutError'[39m,
  [[32mSymbol(step)[39m]: {
    stepId: [32m'pw:api@141'[39m,
    location: {
      file: [32m'C:\\playwright-project\\src\\page-objects\\paymentPage.ts'[39m,
      line: [33m4[39m,
      column: [33m20[39m,
      function: [32m'payWithCard'[39m
    },
    category: [32m'pw:api'[39m,
    title: [32m'page.waitForSelector(iframe[title="Iframe for expiry date"])'[39m,
    apiName: [32m'page.waitForSelector'[39m,
    params: {
      selector: [32m'iframe[title="Iframe for expiry date"]'[39m,
      timeout: [33m60000[39m
    },
    boxedStack: [90mundefined[39m,
    steps: [],
    complete: [36m[Function: complete][39m,
    endWallTime: [33m1738569212200[39m,
    error: {
      message: [32m'TimeoutError: page.waitForSelector: Timeout 60000ms exceeded.\n'[39m +
        [32m'Call log:\n'[39m +
        [32m`\x1B[2m  - waiting for locator('iframe[title="Iframe for expiry date"]') to be visible\x1B[22m\n`[39m,
      stack: [32m'TimeoutError: page.waitForSelector: Timeout 60000ms exceeded.\n'[39m +
        [32m'Call log:\n'[39m +
        [32m`\x1B[2m  - waiting for locator('iframe[title="Iframe for expiry date"]') to be visible\x1B[22m\n`[39m +
        [32m'\n'[39m +
        [32m'    at payWithCard (C:\\playwright-project\\src\\page-objects\\paymentPage.ts:4:20)\n'[39m +
        [32m'    at payWithCardInformation (C:\\playwright-project\\src\\tests\\2TipsNoExtraNoSeat.spec.ts:84:22)\n'[39m +
        [32m'    at fn (C:\\playwright-project\\src\\tests\\2TipsNoExtraNoSeat.spec.ts:212:15)\n'[39m +
        [32m'    at runWithRetries (C:\\playwright-project\\src\\tests\\2TipsNoExtraNoSeat.spec.ts:121:13)\n'[39m +
        [32m'    at executeTests (C:\\playwright-project\\src\\tests\\2TipsNoExtraNoSeat.spec.ts:211:35)\n'[39m +
        [32m'    at C:\\playwright-project\\src\\tests\\2TipsNoExtraNoSeat.spec.ts:699:30'[39m,
      cause: [90mundefined[39m
    }
  }
}
Intento 1 fallido en payWithCard: page.waitForSelector: Timeout 60000ms exceeded.
Call log:
[2m  - waiting for locator('iframe[title="Iframe for expiry date"]') to be visible[22m

    at payWithCard [90m(C:\playwright-project\[39msrc\page-objects\paymentPage.ts:4:20[90m)[39m
    at payWithCardInformation [90m(C:\playwright-project\[39msrc\tests\2TipsNoExtraNoSeat.spec.ts:84:22[90m)[39m
    at fn [90m(C:\playwright-project\[39msrc\tests\2TipsNoExtraNoSeat.spec.ts:212:15[90m)[39m
    at runWithRetries [90m(C:\playwright-project\[39msrc\tests\2TipsNoExtraNoSeat.spec.ts:121:13[90m)[39m
    at executeTests [90m(C:\playwright-project\[39msrc\tests\2TipsNoExtraNoSeat.spec.ts:211:35[90m)[39m
    at [90mC:\playwright-project\[39msrc\tests\2TipsNoExtraNoSeat.spec.ts:699:30 {
  name: [32m'TimeoutError'[39m,
  [[32mSymbol(step)[39m]: {
    stepId: [32m'pw:api@141'[39m,
    location: {
      file: [32m'C:\\playwright-project\\src\\page-objects\\paymentPage.ts'[39m,
      line: [33m4[39m,
      column: [33m20[39m,
      function: [32m'payWithCard'[39m
    },
    category: [32m'pw:api'[39m,
    title: [32m'page.waitForSelector(iframe[title="Iframe for expiry date"])'[39m,
    apiName: [32m'page.waitForSelector'[39m,
    params: {
      selector: [32m'iframe[title="Iframe for expiry date"]'[39m,
      timeout: [33m60000[39m
    },
    boxedStack: [90mundefined[39m,
    steps: [],
    complete: [36m[Function: complete][39m,
    endWallTime: [33m1738569212200[39m,
    error: {
      message: [32m'TimeoutError: page.waitForSelector: Timeout 60000ms exceeded.\n'[39m +
        [32m'Call log:\n'[39m +
        [32m`\x1B[2m  - waiting for locator('iframe[title="Iframe for expiry date"]') to be visible\x1B[22m\n`[39m,
      stack: [32m'TimeoutError: page.waitForSelector: Timeout 60000ms exceeded.\n'[39m +
        [32m'Call log:\n'[39m +
        [32m`\x1B[2m  - waiting for locator('iframe[title="Iframe for expiry date"]') to be visible\x1B[22m\n`[39m +
        [32m'\n'[39m +
        [32m'    at payWithCard (C:\\playwright-project\\src\\page-objects\\paymentPage.ts:4:20)\n'[39m +
        [32m'    at payWithCardInformation (C:\\playwright-project\\src\\tests\\2TipsNoExtraNoSeat.spec.ts:84:22)\n'[39m +
        [32m'    at fn (C:\\playwright-project\\src\\tests\\2TipsNoExtraNoSeat.spec.ts:212:15)\n'[39m +
        [32m'    at runWithRetries (C:\\playwright-project\\src\\tests\\2TipsNoExtraNoSeat.spec.ts:121:13)\n'[39m +
        [32m'    at executeTests (C:\\playwright-project\\src\\tests\\2TipsNoExtraNoSeat.spec.ts:211:35)\n'[39m +
        [32m'    at C:\\playwright-project\\src\\tests\\2TipsNoExtraNoSeat.spec.ts:699:30'[39m,
      cause: [90mundefined[39m
    }
  }
}
Error while handling iframe payment: page.waitForSelector: Timeout 60000ms exceeded.
Call log:
[2m  - waiting for locator('iframe[title="Iframe for expiry date"]') to be visible[22m

    at payWithCard [90m(C:\playwright-project\[39msrc\page-objects\paymentPage.ts:4:20[90m)[39m
    at payWithCardInformation [90m(C:\playwright-project\[39msrc\tests\2TipsNoExtraNoSeat.spec.ts:84:22[90m)[39m
    at fn [90m(C:\playwright-project\[39msrc\tests\2TipsNoExtraNoSeat.spec.ts:212:15[90m)[39m
    at runWithRetries [90m(C:\playwright-project\[39msrc\tests\2TipsNoExtraNoSeat.spec.ts:121:13[90m)[39m
    at executeTests [90m(C:\playwright-project\[39msrc\tests\2TipsNoExtraNoSeat.spec.ts:211:29[90m)[39m
    at [90mC:\playwright-project\[39msrc\tests\2TipsNoExtraNoSeat.spec.ts:699:30 {
  name: [32m'TimeoutError'[39m,
  [[32mSymbol(step)[39m]: {
    stepId: [32m'pw:api@142'[39m,
    location: {
      file: [32m'C:\\playwright-project\\src\\page-objects\\paymentPage.ts'[39m,
      line: [33m4[39m,
      column: [33m20[39m,
      function: [32m'payWithCard'[39m
    },
    category: [32m'pw:api'[39m,
    title: [32m'page.waitForSelector(iframe[title="Iframe for expiry date"])'[39m,
    apiName: [32m'page.waitForSelector'[39m,
    params: {
      selector: [32m'iframe[title="Iframe for expiry date"]'[39m,
      timeout: [33m60000[39m
    },
    boxedStack: [90mundefined[39m,
    steps: [],
    complete: [36m[Function: complete][39m,
    endWallTime: [33m1738569272214[39m,
    error: {
      message: [32m'TimeoutError: page.waitForSelector: Timeout 60000ms exceeded.\n'[39m +
        [32m'Call log:\n'[39m +
        [32m`\x1B[2m  - waiting for locator('iframe[title="Iframe for expiry date"]') to be visible\x1B[22m\n`[39m,
      stack: [32m'TimeoutError: page.waitForSelector: Timeout 60000ms exceeded.\n'[39m +
        [32m'Call log:\n'[39m +
        [32m`\x1B[2m  - waiting for locator('iframe[title="Iframe for expiry date"]') to be visible\x1B[22m\n`[39m +
        [32m'\n'[39m +
        [32m'    at payWithCard (C:\\playwright-project\\src\\page-objects\\paymentPage.ts:4:20)\n'[39m +
        [32m'    at payWithCardInformation (C:\\playwright-project\\src\\tests\\2TipsNoExtraNoSeat.spec.ts:84:22)\n'[39m +
        [32m'    at fn (C:\\playwright-project\\src\\tests\\2TipsNoExtraNoSeat.spec.ts:212:15)\n'[39m +
        [32m'    at runWithRetries (C:\\playwright-project\\src\\tests\\2TipsNoExtraNoSeat.spec.ts:121:13)\n'[39m +
        [32m'    at executeTests (C:\\playwright-project\\src\\tests\\2TipsNoExtraNoSeat.spec.ts:211:29)\n'[39m +
        [32m'    at C:\\playwright-project\\src\\tests\\2TipsNoExtraNoSeat.spec.ts:699:30'[39m,
      cause: [90mundefined[39m
    }
  }
}
Intento 2 fallido en payWithCard: page.waitForSelector: Timeout 60000ms exceeded.
Call log:
[2m  - waiting for locator('iframe[title="Iframe for expiry date"]') to be visible[22m

    at payWithCard [90m(C:\playwright-project\[39msrc\page-objects\paymentPage.ts:4:20[90m)[39m
    at payWithCardInformation [90m(C:\playwright-project\[39msrc\tests\2TipsNoExtraNoSeat.spec.ts:84:22[90m)[39m
    at fn [90m(C:\playwright-project\[39msrc\tests\2TipsNoExtraNoSeat.spec.ts:212:15[90m)[39m
    at runWithRetries [90m(C:\playwright-project\[39msrc\tests\2TipsNoExtraNoSeat.spec.ts:121:13[90m)[39m
    at executeTests [90m(C:\playwright-project\[39msrc\tests\2TipsNoExtraNoSeat.spec.ts:211:29[90m)[39m
    at [90mC:\playwright-project\[39msrc\tests\2TipsNoExtraNoSeat.spec.ts:699:30 {
  name: [32m'TimeoutError'[39m,
  [[32mSymbol(step)[39m]: {
    stepId: [32m'pw:api@142'[39m,
    location: {
      file: [32m'C:\\playwright-project\\src\\page-objects\\paymentPage.ts'[39m,
      line: [33m4[39m,
      column: [33m20[39m,
      function: [32m'payWithCard'[39m
    },
    category: [32m'pw:api'[39m,
    title: [32m'page.waitForSelector(iframe[title="Iframe for expiry date"])'[39m,
    apiName: [32m'page.waitForSelector'[39m,
    params: {
      selector: [32m'iframe[title="Iframe for expiry date"]'[39m,
      timeout: [33m60000[39m
    },
    boxedStack: [90mundefined[39m,
    steps: [],
    complete: [36m[Function: complete][39m,
    endWallTime: [33m1738569272214[39m,
    error: {
      message: [32m'TimeoutError: page.waitForSelector: Timeout 60000ms exceeded.\n'[39m +
        [32m'Call log:\n'[39m +
        [32m`\x1B[2m  - waiting for locator('iframe[title="Iframe for expiry date"]') to be visible\x1B[22m\n`[39m,
      stack: [32m'TimeoutError: page.waitForSelector: Timeout 60000ms exceeded.\n'[39m +
        [32m'Call log:\n'[39m +
        [32m`\x1B[2m  - waiting for locator('iframe[title="Iframe for expiry date"]') to be visible\x1B[22m\n`[39m +
        [32m'\n'[39m +
        [32m'    at payWithCard (C:\\playwright-project\\src\\page-objects\\paymentPage.ts:4:20)\n'[39m +
        [32m'    at payWithCardInformation (C:\\playwright-project\\src\\tests\\2TipsNoExtraNoSeat.spec.ts:84:22)\n'[39m +
        [32m'    at fn (C:\\playwright-project\\src\\tests\\2TipsNoExtraNoSeat.spec.ts:212:15)\n'[39m +
        [32m'    at runWithRetries (C:\\playwright-project\\src\\tests\\2TipsNoExtraNoSeat.spec.ts:121:13)\n'[39m +
        [32m'    at executeTests (C:\\playwright-project\\src\\tests\\2TipsNoExtraNoSeat.spec.ts:211:29)\n'[39m +
        [32m'    at C:\\playwright-project\\src\\tests\\2TipsNoExtraNoSeat.spec.ts:699:30'[39m,
      cause: [90mundefined[39m
    }
  }
}
Error while handling iframe payment: page.waitForSelector: Timeout 60000ms exceeded.
Call log:
[2m  - waiting for locator('iframe[title="Iframe for expiry date"]') to be visible[22m

    at payWithCard [90m(C:\playwright-project\[39msrc\page-objects\paymentPage.ts:4:20[90m)[39m
    at payWithCardInformation [90m(C:\playwright-project\[39msrc\tests\2TipsNoExtraNoSeat.spec.ts:84:22[90m)[39m
    at fn [90m(C:\playwright-project\[39msrc\tests\2TipsNoExtraNoSeat.spec.ts:212:15[90m)[39m
    at runWithRetries [90m(C:\playwright-project\[39msrc\tests\2TipsNoExtraNoSeat.spec.ts:121:13[90m)[39m
    at executeTests [90m(C:\playwright-project\[39msrc\tests\2TipsNoExtraNoSeat.spec.ts:211:29[90m)[39m
    at [90mC:\playwright-project\[39msrc\tests\2TipsNoExtraNoSeat.spec.ts:699:30 {
  name: [32m'TimeoutError'[39m,
  [[32mSymbol(step)[39m]: {
    stepId: [32m'pw:api@143'[39m,
    location: {
      file: [32m'C:\\playwright-project\\src\\page-objects\\paymentPage.ts'[39m,
      line: [33m4[39m,
      column: [33m20[39m,
      function: [32m'payWithCard'[39m
    },
    category: [32m'pw:api'[39m,
    title: [32m'page.waitForSelector(iframe[title="Iframe for expiry date"])'[39m,
    apiName: [32m'page.waitForSelector'[39m,
    params: {
      selector: [32m'iframe[title="Iframe for expiry date"]'[39m,
      timeout: [33m60000[39m
    },
    boxedStack: [90mundefined[39m,
    steps: [],
    complete: [36m[Function: complete][39m,
    endWallTime: [33m1738569332242[39m,
    error: {
      message: [32m'TimeoutError: page.waitForSelector: Timeout 60000ms exceeded.\n'[39m +
        [32m'Call log:\n'[39m +
        [32m`\x1B[2m  - waiting for locator('iframe[title="Iframe for expiry date"]') to be visible\x1B[22m\n`[39m,
      stack: [32m'TimeoutError: page.waitForSelector: Timeout 60000ms exceeded.\n'[39m +
        [32m'Call log:\n'[39m +
        [32m`\x1B[2m  - waiting for locator('iframe[title="Iframe for expiry date"]') to be visible\x1B[22m\n`[39m +
        [32m'\n'[39m +
        [32m'    at payWithCard (C:\\playwright-project\\src\\page-objects\\paymentPage.ts:4:20)\n'[39m +
        [32m'    at payWithCardInformation (C:\\playwright-project\\src\\tests\\2TipsNoExtraNoSeat.spec.ts:84:22)\n'[39m +
        [32m'    at fn (C:\\playwright-project\\src\\tests\\2TipsNoExtraNoSeat.spec.ts:212:15)\n'[39m +
        [32m'    at runWithRetries (C:\\playwright-project\\src\\tests\\2TipsNoExtraNoSeat.spec.ts:121:13)\n'[39m +
        [32m'    at executeTests (C:\\playwright-project\\src\\tests\\2TipsNoExtraNoSeat.spec.ts:211:29)\n'[39m +
        [32m'    at C:\\playwright-project\\src\\tests\\2TipsNoExtraNoSeat.spec.ts:699:30'[39m,
      cause: [90mundefined[39m
    }
  }
}
Intento 3 fallido en payWithCard: page.waitForSelector: Timeout 60000ms exceeded.
Call log:
[2m  - waiting for locator('iframe[title="Iframe for expiry date"]') to be visible[22m

    at payWithCard [90m(C:\playwright-project\[39msrc\page-objects\paymentPage.ts:4:20[90m)[39m
    at payWithCardInformation [90m(C:\playwright-project\[39msrc\tests\2TipsNoExtraNoSeat.spec.ts:84:22[90m)[39m
    at fn [90m(C:\playwright-project\[39msrc\tests\2TipsNoExtraNoSeat.spec.ts:212:15[90m)[39m
    at runWithRetries [90m(C:\playwright-project\[39msrc\tests\2TipsNoExtraNoSeat.spec.ts:121:13[90m)[39m
    at executeTests [90m(C:\playwright-project\[39msrc\tests\2TipsNoExtraNoSeat.spec.ts:211:29[90m)[39m
    at [90mC:\playwright-project\[39msrc\tests\2TipsNoExtraNoSeat.spec.ts:699:30 {
  name: [32m'TimeoutError'[39m,
  [[32mSymbol(step)[39m]: {
    stepId: [32m'pw:api@143'[39m,
    location: {
      file: [32m'C:\\playwright-project\\src\\page-objects\\paymentPage.ts'[39m,
      line: [33m4[39m,
      column: [33m20[39m,
      function: [32m'payWithCard'[39m
    },
    category: [32m'pw:api'[39m,
    title: [32m'page.waitForSelector(iframe[title="Iframe for expiry date"])'[39m,
    apiName: [32m'page.waitForSelector'[39m,
    params: {
      selector: [32m'iframe[title="Iframe for expiry date"]'[39m,
      timeout: [33m60000[39m
    },
    boxedStack: [90mundefined[39m,
    steps: [],
    complete: [36m[Function: complete][39m,
    endWallTime: [33m1738569332242[39m,
    error: {
      message: [32m'TimeoutError: page.waitForSelector: Timeout 60000ms exceeded.\n'[39m +
        [32m'Call log:\n'[39m +
        [32m`\x1B[2m  - waiting for locator('iframe[title="Iframe for expiry date"]') to be visible\x1B[22m\n`[39m,
      stack: [32m'TimeoutError: page.waitForSelector: Timeout 60000ms exceeded.\n'[39m +
        [32m'Call log:\n'[39m +
        [32m`\x1B[2m  - waiting for locator('iframe[title="Iframe for expiry date"]') to be visible\x1B[22m\n`[39m +
        [32m'\n'[39m +
        [32m'    at payWithCard (C:\\playwright-project\\src\\page-objects\\paymentPage.ts:4:20)\n'[39m +
        [32m'    at payWithCardInformation (C:\\playwright-project\\src\\tests\\2TipsNoExtraNoSeat.spec.ts:84:22)\n'[39m +
        [32m'    at fn (C:\\playwright-project\\src\\tests\\2TipsNoExtraNoSeat.spec.ts:212:15)\n'[39m +
        [32m'    at runWithRetries (C:\\playwright-project\\src\\tests\\2TipsNoExtraNoSeat.spec.ts:121:13)\n'[39m +
        [32m'    at executeTests (C:\\playwright-project\\src\\tests\\2TipsNoExtraNoSeat.spec.ts:211:29)\n'[39m +
        [32m'    at C:\\playwright-project\\src\\tests\\2TipsNoExtraNoSeat.spec.ts:699:30'[39m,
      cause: [90mundefined[39m
    }
  }
}
Prueba payWithCard fallida después de 3 intentos.
Confirmation page validation failed: Flight Summary section not found on confirmation page
Intento 1 fallido en payWithCard: Error [ValidationError]: Flight Summary section not found on confirmation page
    at validationConfirmPage [90m(C:\playwright-project\[39msrc\page-objects\confirmation.ts:86:27[90m)[39m
[90m    at runNextTicks (node:internal/process/task_queues:65:5)[39m
[90m    at processImmediate (node:internal/timers:459:9)[39m
[90m    at process.callbackTrampoline (node:internal/async_hooks:130:17)[39m
    at validationConfirmationPage [90m(C:\playwright-project\[39msrc\tests\2TipsNoExtraNoSeat.spec.ts:90:3[90m)[39m
    at runWithRetries [90m(C:\playwright-project\[39msrc\tests\2TipsNoExtraNoSeat.spec.ts:121:7[90m)[39m
    at executeTests [90m(C:\playwright-project\[39msrc\tests\2TipsNoExtraNoSeat.spec.ts:221:29[90m)[39m
    at [90mC:\playwright-project\[39msrc\tests\2TipsNoExtraNoSeat.spec.ts:699:30
    at [90mC:\playwright-project\[39mnode_modules\[4mplaywright[24m\lib\worker\workerMain.js:339:9
    at [90mC:\playwright-project\[39mnode_modules\[4mplaywright[24m\lib\worker\testInfo.js:286:11
    at TimeoutManager.withRunnable [90m(C:\playwright-project\[39mnode_modules\[4mplaywright[24m\lib\worker\timeoutManager.js:64:14[90m)[39m
    at TestInfoImpl._runAsStage [90m(C:\playwright-project\[39mnode_modules\[4mplaywright[24m\lib\worker\testInfo.js:284:7[90m)[39m
    at [90mC:\playwright-project\[39mnode_modules\[4mplaywright[24m\lib\worker\workerMain.js:331:7
    at [90mC:\playwright-project\[39mnode_modules\[4mplaywright[24m\lib\worker\testInfo.js:286:11
    at TimeoutManager.withRunnable [90m(C:\playwright-project\[39mnode_modules\[4mplaywright[24m\lib\worker\timeoutManager.js:52:27[90m)[39m
    at TestInfoImpl._runAsStage [90m(C:\playwright-project\[39mnode_modules\[4mplaywright[24m\lib\worker\testInfo.js:284:7[90m)[39m
    at WorkerMain._runTest [90m(C:\playwright-project\[39mnode_modules\[4mplaywright[24m\lib\worker\workerMain.js:281:5[90m)[39m
    at WorkerMain.runTestGroup [90m(C:\playwright-project\[39mnode_modules\[4mplaywright[24m\lib\worker\workerMain.js:205:11[90m)[39m
    at process.&lt;anonymous&gt; [90m(C:\playwright-project\[39mnode_modules\[4mplaywright[24m\lib\common\process.js:95:22[90m)[39m {
  fatal: [33mtrue[39m
}
Confirmation page validation failed: Not on confirmation page URL
Intento 2 fallido en payWithCard: Error [ValidationError]: Not on confirmation page URL
    at validationConfirmPage [90m(C:\playwright-project\[39msrc\page-objects\confirmation.ts:94:27[90m)[39m
    at validationConfirmationPage [90m(C:\playwright-project\[39msrc\tests\2TipsNoExtraNoSeat.spec.ts:90:3[90m)[39m
    at runWithRetries [90m(C:\playwright-project\[39msrc\tests\2TipsNoExtraNoSeat.spec.ts:121:7[90m)[39m
    at executeTests [90m(C:\playwright-project\[39msrc\tests\2TipsNoExtraNoSeat.spec.ts:221:29[90m)[39m
    at [90mC:\playwright-project\[39msrc\tests\2TipsNoExtraNoSeat.spec.ts:699:30
    at [90mC:\playwright-project\[39mnode_modules\[4mplaywright[24m\lib\worker\workerMain.js:339:9
    at [90mC:\playwright-project\[39mnode_modules\[4mplaywright[24m\lib\worker\testInfo.js:286:11
    at TimeoutManager.withRunnable [90m(C:\playwright-project\[39mnode_modules\[4mplaywright[24m\lib\worker\timeoutManager.js:64:14[90m)[39m
    at TestInfoImpl._runAsStage [90m(C:\playwright-project\[39mnode_modules\[4mplaywright[24m\lib\worker\testInfo.js:284:7[90m)[39m
    at [90mC:\playwright-project\[39mnode_modules\[4mplaywright[24m\lib\worker\workerMain.js:331:7
    at [90mC:\playwright-project\[39mnode_modules\[4mplaywright[24m\lib\worker\testInfo.js:286:11
    at TimeoutManager.withRunnable [90m(C:\playwright-project\[39mnode_modules\[4mplaywright[24m\lib\worker\timeoutManager.js:52:27[90m)[39m
    at TestInfoImpl._runAsStage [90m(C:\playwright-project\[39mnode_modules\[4mplaywright[24m\lib\worker\testInfo.js:284:7[90m)[39m
    at WorkerMain._runTest [90m(C:\playwright-project\[39mnode_modules\[4mplaywright[24m\lib\worker\workerMain.js:281:5[90m)[39m
    at WorkerMain.runTestGroup [90m(C:\playwright-project\[39mnode_modules\[4mplaywright[24m\lib\worker\workerMain.js:205:11[90m)[39m
    at process.&lt;anonymous&gt; [90m(C:\playwright-project\[39mnode_modules\[4mplaywright[24m\lib\common\process.js:95:22[90m)[39m {
  fatal: [33mtrue[39m
}

</system-err>
</testcase>
<testcase name="12. Compra 1 adt Eco Light -  PremExtra - sin assitence › Ejecución completa con reintentos" classname="2TipsNoExtraNoSeat.spec.ts" time="63.929">
<system-out>
Ejecución completa, intento 1 de 5
Ejecutando Booking, intento 1
Fecha de salida seleccionada: { year: [32m'2025'[39m, month: [32m'6'[39m, index: [33m3[39m, value: [33m10[39m }
Fecha de regreso seleccionada: { year: [32m'2025'[39m, month: [32m'6'[39m, index: [33m4[39m, value: [33m12[39m }
Ajustando número de pasajeros
Successfully clicked the element: div.price-cabin:has-text("Economy")
Successfully clicked the element: div.price-cabin:has-text("Premium")
Ejecutando fillPassengerAdult 1, intento 1
Ejecutando fillContact, intento 1
Ejecutando payWithCard, intento 1
Iframe encontrado.
Ejecutando payWithCard, intento 1
Ejecutando payWithCard, intento 2
Ejecutando payWithCard, intento 3
Successfully saved booking code M9WPZ to Excel

</system-out>
<system-err>
Confirmation page validation failed: Flight Summary section not found on confirmation page
Intento 1 fallido en payWithCard: Error [ValidationError]: Flight Summary section not found on confirmation page
    at validationConfirmPage [90m(C:\playwright-project\[39msrc\page-objects\confirmation.ts:86:27[90m)[39m
[90m    at runNextTicks (node:internal/process/task_queues:65:5)[39m
[90m    at processImmediate (node:internal/timers:459:9)[39m
[90m    at process.callbackTrampoline (node:internal/async_hooks:130:17)[39m
    at validationConfirmationPage [90m(C:\playwright-project\[39msrc\tests\2TipsNoExtraNoSeat.spec.ts:90:3[90m)[39m
    at runWithRetries [90m(C:\playwright-project\[39msrc\tests\2TipsNoExtraNoSeat.spec.ts:121:7[90m)[39m
    at executeTests [90m(C:\playwright-project\[39msrc\tests\2TipsNoExtraNoSeat.spec.ts:221:29[90m)[39m
    at [90mC:\playwright-project\[39msrc\tests\2TipsNoExtraNoSeat.spec.ts:742:30
    at [90mC:\playwright-project\[39mnode_modules\[4mplaywright[24m\lib\worker\workerMain.js:339:9
    at [90mC:\playwright-project\[39mnode_modules\[4mplaywright[24m\lib\worker\testInfo.js:286:11
    at TimeoutManager.withRunnable [90m(C:\playwright-project\[39mnode_modules\[4mplaywright[24m\lib\worker\timeoutManager.js:64:14[90m)[39m
    at TestInfoImpl._runAsStage [90m(C:\playwright-project\[39mnode_modules\[4mplaywright[24m\lib\worker\testInfo.js:284:7[90m)[39m
    at [90mC:\playwright-project\[39mnode_modules\[4mplaywright[24m\lib\worker\workerMain.js:331:7
    at [90mC:\playwright-project\[39mnode_modules\[4mplaywright[24m\lib\worker\testInfo.js:286:11
    at TimeoutManager.withRunnable [90m(C:\playwright-project\[39mnode_modules\[4mplaywright[24m\lib\worker\timeoutManager.js:52:27[90m)[39m
    at TestInfoImpl._runAsStage [90m(C:\playwright-project\[39mnode_modules\[4mplaywright[24m\lib\worker\testInfo.js:284:7[90m)[39m
    at WorkerMain._runTest [90m(C:\playwright-project\[39mnode_modules\[4mplaywright[24m\lib\worker\workerMain.js:281:5[90m)[39m
    at WorkerMain.runTestGroup [90m(C:\playwright-project\[39mnode_modules\[4mplaywright[24m\lib\worker\workerMain.js:205:11[90m)[39m
    at process.&lt;anonymous&gt; [90m(C:\playwright-project\[39mnode_modules\[4mplaywright[24m\lib\common\process.js:95:22[90m)[39m {
  fatal: [33mtrue[39m
}
Confirmation page validation failed: Not on confirmation page URL
Intento 2 fallido en payWithCard: Error [ValidationError]: Not on confirmation page URL
    at validationConfirmPage [90m(C:\playwright-project\[39msrc\page-objects\confirmation.ts:94:27[90m)[39m
    at validationConfirmationPage [90m(C:\playwright-project\[39msrc\tests\2TipsNoExtraNoSeat.spec.ts:90:3[90m)[39m
    at runWithRetries [90m(C:\playwright-project\[39msrc\tests\2TipsNoExtraNoSeat.spec.ts:121:7[90m)[39m
    at executeTests [90m(C:\playwright-project\[39msrc\tests\2TipsNoExtraNoSeat.spec.ts:221:29[90m)[39m
    at [90mC:\playwright-project\[39msrc\tests\2TipsNoExtraNoSeat.spec.ts:742:30
    at [90mC:\playwright-project\[39mnode_modules\[4mplaywright[24m\lib\worker\workerMain.js:339:9
    at [90mC:\playwright-project\[39mnode_modules\[4mplaywright[24m\lib\worker\testInfo.js:286:11
    at TimeoutManager.withRunnable [90m(C:\playwright-project\[39mnode_modules\[4mplaywright[24m\lib\worker\timeoutManager.js:64:14[90m)[39m
    at TestInfoImpl._runAsStage [90m(C:\playwright-project\[39mnode_modules\[4mplaywright[24m\lib\worker\testInfo.js:284:7[90m)[39m
    at [90mC:\playwright-project\[39mnode_modules\[4mplaywright[24m\lib\worker\workerMain.js:331:7
    at [90mC:\playwright-project\[39mnode_modules\[4mplaywright[24m\lib\worker\testInfo.js:286:11
    at TimeoutManager.withRunnable [90m(C:\playwright-project\[39mnode_modules\[4mplaywright[24m\lib\worker\timeoutManager.js:52:27[90m)[39m
    at TestInfoImpl._runAsStage [90m(C:\playwright-project\[39mnode_modules\[4mplaywright[24m\lib\worker\testInfo.js:284:7[90m)[39m
    at WorkerMain._runTest [90m(C:\playwright-project\[39mnode_modules\[4mplaywright[24m\lib\worker\workerMain.js:281:5[90m)[39m
    at WorkerMain.runTestGroup [90m(C:\playwright-project\[39mnode_modules\[4mplaywright[24m\lib\worker\workerMain.js:205:11[90m)[39m
    at process.&lt;anonymous&gt; [90m(C:\playwright-project\[39mnode_modules\[4mplaywright[24m\lib\common\process.js:95:22[90m)[39m {
  fatal: [33mtrue[39m
}

</system-err>
</testcase>
<testcase name="13. Compra 1 adt Eco Comfort - Eco Comfort - sin assitence › Ejecución completa con reintentos" classname="2TipsNoExtraNoSeat.spec.ts" time="287.846">
<system-out>
Ejecución completa, intento 1 de 5
Ejecutando Booking, intento 1
Fecha de salida seleccionada: { year: [32m'2025'[39m, month: [32m'7'[39m, index: [33m0[39m, value: [33m1[39m }
Fecha de regreso seleccionada: { year: [32m'2025'[39m, month: [32m'7'[39m, index: [33m1[39m, value: [33m2[39m }
Ajustando número de pasajeros
Successfully clicked the element: div.price-cabin:has-text("Economy")
Successfully clicked the element: div.price-cabin:has-text("Economy")
Ejecutando fillPassengerAdult 1, intento 1
Ejecutando fillContact, intento 1
Ejecutando payWithCard, intento 1
Ejecutando payWithCard, intento 2
Ejecutando payWithCard, intento 3
Ejecución completa, intento 2 de 5
Ejecutando Booking, intento 1
Fecha de salida seleccionada: { year: [32m'2025'[39m, month: [32m'6'[39m, index: [33m1[39m, value: [33m5[39m }
Fecha de regreso seleccionada: { year: [32m'2025'[39m, month: [32m'6'[39m, index: [33m2[39m, value: [33m7[39m }
Ajustando número de pasajeros
Successfully clicked the element: div.price-cabin:has-text("Economy")
Successfully clicked the element: div.price-cabin:has-text("Economy")
Ejecutando fillPassengerAdult 1, intento 1
Ejecutando fillContact, intento 1
Ejecutando payWithCard, intento 1
Iframe encontrado.
Ejecutando payWithCard, intento 1
Ejecutando payWithCard, intento 2
Ejecutando payWithCard, intento 3
Successfully saved booking code M9WRL to Excel

</system-out>
<system-err>
Error while handling iframe payment: page.waitForSelector: Timeout 60000ms exceeded.
Call log:
[2m  - waiting for locator('iframe[title="Iframe for expiry date"]') to be visible[22m

    at payWithCard [90m(C:\playwright-project\[39msrc\page-objects\paymentPage.ts:4:20[90m)[39m
    at payWithCardInformation [90m(C:\playwright-project\[39msrc\tests\2TipsNoExtraNoSeat.spec.ts:84:22[90m)[39m
    at fn [90m(C:\playwright-project\[39msrc\tests\2TipsNoExtraNoSeat.spec.ts:212:15[90m)[39m
    at runWithRetries [90m(C:\playwright-project\[39msrc\tests\2TipsNoExtraNoSeat.spec.ts:121:13[90m)[39m
    at executeTests [90m(C:\playwright-project\[39msrc\tests\2TipsNoExtraNoSeat.spec.ts:211:35[90m)[39m
    at [90mC:\playwright-project\[39msrc\tests\2TipsNoExtraNoSeat.spec.ts:785:30 {
  name: [32m'TimeoutError'[39m,
  [[32mSymbol(step)[39m]: {
    stepId: [32m'pw:api@65'[39m,
    location: {
      file: [32m'C:\\playwright-project\\src\\page-objects\\paymentPage.ts'[39m,
      line: [33m4[39m,
      column: [33m20[39m,
      function: [32m'payWithCard'[39m
    },
    category: [32m'pw:api'[39m,
    title: [32m'page.waitForSelector(iframe[title="Iframe for expiry date"])'[39m,
    apiName: [32m'page.waitForSelector'[39m,
    params: {
      selector: [32m'iframe[title="Iframe for expiry date"]'[39m,
      timeout: [33m60000[39m
    },
    boxedStack: [90mundefined[39m,
    steps: [],
    complete: [36m[Function: complete][39m,
    endWallTime: [33m1738569170396[39m,
    error: {
      message: [32m'TimeoutError: page.waitForSelector: Timeout 60000ms exceeded.\n'[39m +
        [32m'Call log:\n'[39m +
        [32m`\x1B[2m  - waiting for locator('iframe[title="Iframe for expiry date"]') to be visible\x1B[22m\n`[39m,
      stack: [32m'TimeoutError: page.waitForSelector: Timeout 60000ms exceeded.\n'[39m +
        [32m'Call log:\n'[39m +
        [32m`\x1B[2m  - waiting for locator('iframe[title="Iframe for expiry date"]') to be visible\x1B[22m\n`[39m +
        [32m'\n'[39m +
        [32m'    at payWithCard (C:\\playwright-project\\src\\page-objects\\paymentPage.ts:4:20)\n'[39m +
        [32m'    at payWithCardInformation (C:\\playwright-project\\src\\tests\\2TipsNoExtraNoSeat.spec.ts:84:22)\n'[39m +
        [32m'    at fn (C:\\playwright-project\\src\\tests\\2TipsNoExtraNoSeat.spec.ts:212:15)\n'[39m +
        [32m'    at runWithRetries (C:\\playwright-project\\src\\tests\\2TipsNoExtraNoSeat.spec.ts:121:13)\n'[39m +
        [32m'    at executeTests (C:\\playwright-project\\src\\tests\\2TipsNoExtraNoSeat.spec.ts:211:35)\n'[39m +
        [32m'    at C:\\playwright-project\\src\\tests\\2TipsNoExtraNoSeat.spec.ts:785:30'[39m,
      cause: [90mundefined[39m
    }
  }
}
Intento 1 fallido en payWithCard: page.waitForSelector: Timeout 60000ms exceeded.
Call log:
[2m  - waiting for locator('iframe[title="Iframe for expiry date"]') to be visible[22m

    at payWithCard [90m(C:\playwright-project\[39msrc\page-objects\paymentPage.ts:4:20[90m)[39m
    at payWithCardInformation [90m(C:\playwright-project\[39msrc\tests\2TipsNoExtraNoSeat.spec.ts:84:22[90m)[39m
    at fn [90m(C:\playwright-project\[39msrc\tests\2TipsNoExtraNoSeat.spec.ts:212:15[90m)[39m
    at runWithRetries [90m(C:\playwright-project\[39msrc\tests\2TipsNoExtraNoSeat.spec.ts:121:13[90m)[39m
    at executeTests [90m(C:\playwright-project\[39msrc\tests\2TipsNoExtraNoSeat.spec.ts:211:35[90m)[39m
    at [90mC:\playwright-project\[39msrc\tests\2TipsNoExtraNoSeat.spec.ts:785:30 {
  name: [32m'TimeoutError'[39m,
  [[32mSymbol(step)[39m]: {
    stepId: [32m'pw:api@65'[39m,
    location: {
      file: [32m'C:\\playwright-project\\src\\page-objects\\paymentPage.ts'[39m,
      line: [33m4[39m,
      column: [33m20[39m,
      function: [32m'payWithCard'[39m
    },
    category: [32m'pw:api'[39m,
    title: [32m'page.waitForSelector(iframe[title="Iframe for expiry date"])'[39m,
    apiName: [32m'page.waitForSelector'[39m,
    params: {
      selector: [32m'iframe[title="Iframe for expiry date"]'[39m,
      timeout: [33m60000[39m
    },
    boxedStack: [90mundefined[39m,
    steps: [],
    complete: [36m[Function: complete][39m,
    endWallTime: [33m1738569170396[39m,
    error: {
      message: [32m'TimeoutError: page.waitForSelector: Timeout 60000ms exceeded.\n'[39m +
        [32m'Call log:\n'[39m +
        [32m`\x1B[2m  - waiting for locator('iframe[title="Iframe for expiry date"]') to be visible\x1B[22m\n`[39m,
      stack: [32m'TimeoutError: page.waitForSelector: Timeout 60000ms exceeded.\n'[39m +
        [32m'Call log:\n'[39m +
        [32m`\x1B[2m  - waiting for locator('iframe[title="Iframe for expiry date"]') to be visible\x1B[22m\n`[39m +
        [32m'\n'[39m +
        [32m'    at payWithCard (C:\\playwright-project\\src\\page-objects\\paymentPage.ts:4:20)\n'[39m +
        [32m'    at payWithCardInformation (C:\\playwright-project\\src\\tests\\2TipsNoExtraNoSeat.spec.ts:84:22)\n'[39m +
        [32m'    at fn (C:\\playwright-project\\src\\tests\\2TipsNoExtraNoSeat.spec.ts:212:15)\n'[39m +
        [32m'    at runWithRetries (C:\\playwright-project\\src\\tests\\2TipsNoExtraNoSeat.spec.ts:121:13)\n'[39m +
        [32m'    at executeTests (C:\\playwright-project\\src\\tests\\2TipsNoExtraNoSeat.spec.ts:211:35)\n'[39m +
        [32m'    at C:\\playwright-project\\src\\tests\\2TipsNoExtraNoSeat.spec.ts:785:30'[39m,
      cause: [90mundefined[39m
    }
  }
}
Error while handling iframe payment: page.waitForSelector: Timeout 60000ms exceeded.
Call log:
[2m  - waiting for locator('iframe[title="Iframe for expiry date"]') to be visible[22m

    at payWithCard [90m(C:\playwright-project\[39msrc\page-objects\paymentPage.ts:4:20[90m)[39m
    at payWithCardInformation [90m(C:\playwright-project\[39msrc\tests\2TipsNoExtraNoSeat.spec.ts:84:22[90m)[39m
    at fn [90m(C:\playwright-project\[39msrc\tests\2TipsNoExtraNoSeat.spec.ts:212:15[90m)[39m
    at runWithRetries [90m(C:\playwright-project\[39msrc\tests\2TipsNoExtraNoSeat.spec.ts:121:13[90m)[39m
    at executeTests [90m(C:\playwright-project\[39msrc\tests\2TipsNoExtraNoSeat.spec.ts:211:29[90m)[39m
    at [90mC:\playwright-project\[39msrc\tests\2TipsNoExtraNoSeat.spec.ts:785:30 {
  name: [32m'TimeoutError'[39m,
  [[32mSymbol(step)[39m]: {
    stepId: [32m'pw:api@66'[39m,
    location: {
      file: [32m'C:\\playwright-project\\src\\page-objects\\paymentPage.ts'[39m,
      line: [33m4[39m,
      column: [33m20[39m,
      function: [32m'payWithCard'[39m
    },
    category: [32m'pw:api'[39m,
    title: [32m'page.waitForSelector(iframe[title="Iframe for expiry date"])'[39m,
    apiName: [32m'page.waitForSelector'[39m,
    params: {
      selector: [32m'iframe[title="Iframe for expiry date"]'[39m,
      timeout: [33m60000[39m
    },
    boxedStack: [90mundefined[39m,
    steps: [],
    complete: [36m[Function: complete][39m,
    endWallTime: [33m1738569230423[39m,
    error: {
      message: [32m'TimeoutError: page.waitForSelector: Timeout 60000ms exceeded.\n'[39m +
        [32m'Call log:\n'[39m +
        [32m`\x1B[2m  - waiting for locator('iframe[title="Iframe for expiry date"]') to be visible\x1B[22m\n`[39m,
      stack: [32m'TimeoutError: page.waitForSelector: Timeout 60000ms exceeded.\n'[39m +
        [32m'Call log:\n'[39m +
        [32m`\x1B[2m  - waiting for locator('iframe[title="Iframe for expiry date"]') to be visible\x1B[22m\n`[39m +
        [32m'\n'[39m +
        [32m'    at payWithCard (C:\\playwright-project\\src\\page-objects\\paymentPage.ts:4:20)\n'[39m +
        [32m'    at payWithCardInformation (C:\\playwright-project\\src\\tests\\2TipsNoExtraNoSeat.spec.ts:84:22)\n'[39m +
        [32m'    at fn (C:\\playwright-project\\src\\tests\\2TipsNoExtraNoSeat.spec.ts:212:15)\n'[39m +
        [32m'    at runWithRetries (C:\\playwright-project\\src\\tests\\2TipsNoExtraNoSeat.spec.ts:121:13)\n'[39m +
        [32m'    at executeTests (C:\\playwright-project\\src\\tests\\2TipsNoExtraNoSeat.spec.ts:211:29)\n'[39m +
        [32m'    at C:\\playwright-project\\src\\tests\\2TipsNoExtraNoSeat.spec.ts:785:30'[39m,
      cause: [90mundefined[39m
    }
  }
}
Intento 2 fallido en payWithCard: page.waitForSelector: Timeout 60000ms exceeded.
Call log:
[2m  - waiting for locator('iframe[title="Iframe for expiry date"]') to be visible[22m

    at payWithCard [90m(C:\playwright-project\[39msrc\page-objects\paymentPage.ts:4:20[90m)[39m
    at payWithCardInformation [90m(C:\playwright-project\[39msrc\tests\2TipsNoExtraNoSeat.spec.ts:84:22[90m)[39m
    at fn [90m(C:\playwright-project\[39msrc\tests\2TipsNoExtraNoSeat.spec.ts:212:15[90m)[39m
    at runWithRetries [90m(C:\playwright-project\[39msrc\tests\2TipsNoExtraNoSeat.spec.ts:121:13[90m)[39m
    at executeTests [90m(C:\playwright-project\[39msrc\tests\2TipsNoExtraNoSeat.spec.ts:211:29[90m)[39m
    at [90mC:\playwright-project\[39msrc\tests\2TipsNoExtraNoSeat.spec.ts:785:30 {
  name: [32m'TimeoutError'[39m,
  [[32mSymbol(step)[39m]: {
    stepId: [32m'pw:api@66'[39m,
    location: {
      file: [32m'C:\\playwright-project\\src\\page-objects\\paymentPage.ts'[39m,
      line: [33m4[39m,
      column: [33m20[39m,
      function: [32m'payWithCard'[39m
    },
    category: [32m'pw:api'[39m,
    title: [32m'page.waitForSelector(iframe[title="Iframe for expiry date"])'[39m,
    apiName: [32m'page.waitForSelector'[39m,
    params: {
      selector: [32m'iframe[title="Iframe for expiry date"]'[39m,
      timeout: [33m60000[39m
    },
    boxedStack: [90mundefined[39m,
    steps: [],
    complete: [36m[Function: complete][39m,
    endWallTime: [33m1738569230423[39m,
    error: {
      message: [32m'TimeoutError: page.waitForSelector: Timeout 60000ms exceeded.\n'[39m +
        [32m'Call log:\n'[39m +
        [32m`\x1B[2m  - waiting for locator('iframe[title="Iframe for expiry date"]') to be visible\x1B[22m\n`[39m,
      stack: [32m'TimeoutError: page.waitForSelector: Timeout 60000ms exceeded.\n'[39m +
        [32m'Call log:\n'[39m +
        [32m`\x1B[2m  - waiting for locator('iframe[title="Iframe for expiry date"]') to be visible\x1B[22m\n`[39m +
        [32m'\n'[39m +
        [32m'    at payWithCard (C:\\playwright-project\\src\\page-objects\\paymentPage.ts:4:20)\n'[39m +
        [32m'    at payWithCardInformation (C:\\playwright-project\\src\\tests\\2TipsNoExtraNoSeat.spec.ts:84:22)\n'[39m +
        [32m'    at fn (C:\\playwright-project\\src\\tests\\2TipsNoExtraNoSeat.spec.ts:212:15)\n'[39m +
        [32m'    at runWithRetries (C:\\playwright-project\\src\\tests\\2TipsNoExtraNoSeat.spec.ts:121:13)\n'[39m +
        [32m'    at executeTests (C:\\playwright-project\\src\\tests\\2TipsNoExtraNoSeat.spec.ts:211:29)\n'[39m +
        [32m'    at C:\\playwright-project\\src\\tests\\2TipsNoExtraNoSeat.spec.ts:785:30'[39m,
      cause: [90mundefined[39m
    }
  }
}
Error while handling iframe payment: page.waitForSelector: Timeout 60000ms exceeded.
Call log:
[2m  - waiting for locator('iframe[title="Iframe for expiry date"]') to be visible[22m

    at payWithCard [90m(C:\playwright-project\[39msrc\page-objects\paymentPage.ts:4:20[90m)[39m
    at payWithCardInformation [90m(C:\playwright-project\[39msrc\tests\2TipsNoExtraNoSeat.spec.ts:84:22[90m)[39m
    at fn [90m(C:\playwright-project\[39msrc\tests\2TipsNoExtraNoSeat.spec.ts:212:15[90m)[39m
    at runWithRetries [90m(C:\playwright-project\[39msrc\tests\2TipsNoExtraNoSeat.spec.ts:121:13[90m)[39m
    at executeTests [90m(C:\playwright-project\[39msrc\tests\2TipsNoExtraNoSeat.spec.ts:211:29[90m)[39m
    at [90mC:\playwright-project\[39msrc\tests\2TipsNoExtraNoSeat.spec.ts:785:30 {
  name: [32m'TimeoutError'[39m,
  [[32mSymbol(step)[39m]: {
    stepId: [32m'pw:api@67'[39m,
    location: {
      file: [32m'C:\\playwright-project\\src\\page-objects\\paymentPage.ts'[39m,
      line: [33m4[39m,
      column: [33m20[39m,
      function: [32m'payWithCard'[39m
    },
    category: [32m'pw:api'[39m,
    title: [32m'page.waitForSelector(iframe[title="Iframe for expiry date"])'[39m,
    apiName: [32m'page.waitForSelector'[39m,
    params: {
      selector: [32m'iframe[title="Iframe for expiry date"]'[39m,
      timeout: [33m60000[39m
    },
    boxedStack: [90mundefined[39m,
    steps: [],
    complete: [36m[Function: complete][39m,
    endWallTime: [33m1738569290439[39m,
    error: {
      message: [32m'TimeoutError: page.waitForSelector: Timeout 60000ms exceeded.\n'[39m +
        [32m'Call log:\n'[39m +
        [32m`\x1B[2m  - waiting for locator('iframe[title="Iframe for expiry date"]') to be visible\x1B[22m\n`[39m,
      stack: [32m'TimeoutError: page.waitForSelector: Timeout 60000ms exceeded.\n'[39m +
        [32m'Call log:\n'[39m +
        [32m`\x1B[2m  - waiting for locator('iframe[title="Iframe for expiry date"]') to be visible\x1B[22m\n`[39m +
        [32m'\n'[39m +
        [32m'    at payWithCard (C:\\playwright-project\\src\\page-objects\\paymentPage.ts:4:20)\n'[39m +
        [32m'    at payWithCardInformation (C:\\playwright-project\\src\\tests\\2TipsNoExtraNoSeat.spec.ts:84:22)\n'[39m +
        [32m'    at fn (C:\\playwright-project\\src\\tests\\2TipsNoExtraNoSeat.spec.ts:212:15)\n'[39m +
        [32m'    at runWithRetries (C:\\playwright-project\\src\\tests\\2TipsNoExtraNoSeat.spec.ts:121:13)\n'[39m +
        [32m'    at executeTests (C:\\playwright-project\\src\\tests\\2TipsNoExtraNoSeat.spec.ts:211:29)\n'[39m +
        [32m'    at C:\\playwright-project\\src\\tests\\2TipsNoExtraNoSeat.spec.ts:785:30'[39m,
      cause: [90mundefined[39m
    }
  }
}
Intento 3 fallido en payWithCard: page.waitForSelector: Timeout 60000ms exceeded.
Call log:
[2m  - waiting for locator('iframe[title="Iframe for expiry date"]') to be visible[22m

    at payWithCard [90m(C:\playwright-project\[39msrc\page-objects\paymentPage.ts:4:20[90m)[39m
    at payWithCardInformation [90m(C:\playwright-project\[39msrc\tests\2TipsNoExtraNoSeat.spec.ts:84:22[90m)[39m
    at fn [90m(C:\playwright-project\[39msrc\tests\2TipsNoExtraNoSeat.spec.ts:212:15[90m)[39m
    at runWithRetries [90m(C:\playwright-project\[39msrc\tests\2TipsNoExtraNoSeat.spec.ts:121:13[90m)[39m
    at executeTests [90m(C:\playwright-project\[39msrc\tests\2TipsNoExtraNoSeat.spec.ts:211:29[90m)[39m
    at [90mC:\playwright-project\[39msrc\tests\2TipsNoExtraNoSeat.spec.ts:785:30 {
  name: [32m'TimeoutError'[39m,
  [[32mSymbol(step)[39m]: {
    stepId: [32m'pw:api@67'[39m,
    location: {
      file: [32m'C:\\playwright-project\\src\\page-objects\\paymentPage.ts'[39m,
      line: [33m4[39m,
      column: [33m20[39m,
      function: [32m'payWithCard'[39m
    },
    category: [32m'pw:api'[39m,
    title: [32m'page.waitForSelector(iframe[title="Iframe for expiry date"])'[39m,
    apiName: [32m'page.waitForSelector'[39m,
    params: {
      selector: [32m'iframe[title="Iframe for expiry date"]'[39m,
      timeout: [33m60000[39m
    },
    boxedStack: [90mundefined[39m,
    steps: [],
    complete: [36m[Function: complete][39m,
    endWallTime: [33m1738569290439[39m,
    error: {
      message: [32m'TimeoutError: page.waitForSelector: Timeout 60000ms exceeded.\n'[39m +
        [32m'Call log:\n'[39m +
        [32m`\x1B[2m  - waiting for locator('iframe[title="Iframe for expiry date"]') to be visible\x1B[22m\n`[39m,
      stack: [32m'TimeoutError: page.waitForSelector: Timeout 60000ms exceeded.\n'[39m +
        [32m'Call log:\n'[39m +
        [32m`\x1B[2m  - waiting for locator('iframe[title="Iframe for expiry date"]') to be visible\x1B[22m\n`[39m +
        [32m'\n'[39m +
        [32m'    at payWithCard (C:\\playwright-project\\src\\page-objects\\paymentPage.ts:4:20)\n'[39m +
        [32m'    at payWithCardInformation (C:\\playwright-project\\src\\tests\\2TipsNoExtraNoSeat.spec.ts:84:22)\n'[39m +
        [32m'    at fn (C:\\playwright-project\\src\\tests\\2TipsNoExtraNoSeat.spec.ts:212:15)\n'[39m +
        [32m'    at runWithRetries (C:\\playwright-project\\src\\tests\\2TipsNoExtraNoSeat.spec.ts:121:13)\n'[39m +
        [32m'    at executeTests (C:\\playwright-project\\src\\tests\\2TipsNoExtraNoSeat.spec.ts:211:29)\n'[39m +
        [32m'    at C:\\playwright-project\\src\\tests\\2TipsNoExtraNoSeat.spec.ts:785:30'[39m,
      cause: [90mundefined[39m
    }
  }
}
Prueba payWithCard fallida después de 3 intentos.
Confirmation page validation failed: Flight Summary section not found on confirmation page
Intento 1 fallido en payWithCard: Error [ValidationError]: Flight Summary section not found on confirmation page
    at validationConfirmPage [90m(C:\playwright-project\[39msrc\page-objects\confirmation.ts:86:27[90m)[39m
[90m    at runNextTicks (node:internal/process/task_queues:65:5)[39m
[90m    at processImmediate (node:internal/timers:459:9)[39m
[90m    at process.callbackTrampoline (node:internal/async_hooks:130:17)[39m
    at validationConfirmationPage [90m(C:\playwright-project\[39msrc\tests\2TipsNoExtraNoSeat.spec.ts:90:3[90m)[39m
    at runWithRetries [90m(C:\playwright-project\[39msrc\tests\2TipsNoExtraNoSeat.spec.ts:121:7[90m)[39m
    at executeTests [90m(C:\playwright-project\[39msrc\tests\2TipsNoExtraNoSeat.spec.ts:221:29[90m)[39m
    at [90mC:\playwright-project\[39msrc\tests\2TipsNoExtraNoSeat.spec.ts:785:30
    at [90mC:\playwright-project\[39mnode_modules\[4mplaywright[24m\lib\worker\workerMain.js:339:9
    at [90mC:\playwright-project\[39mnode_modules\[4mplaywright[24m\lib\worker\testInfo.js:286:11
    at TimeoutManager.withRunnable [90m(C:\playwright-project\[39mnode_modules\[4mplaywright[24m\lib\worker\timeoutManager.js:64:14[90m)[39m
    at TestInfoImpl._runAsStage [90m(C:\playwright-project\[39mnode_modules\[4mplaywright[24m\lib\worker\testInfo.js:284:7[90m)[39m
    at [90mC:\playwright-project\[39mnode_modules\[4mplaywright[24m\lib\worker\workerMain.js:331:7
    at [90mC:\playwright-project\[39mnode_modules\[4mplaywright[24m\lib\worker\testInfo.js:286:11
    at TimeoutManager.withRunnable [90m(C:\playwright-project\[39mnode_modules\[4mplaywright[24m\lib\worker\timeoutManager.js:52:27[90m)[39m
    at TestInfoImpl._runAsStage [90m(C:\playwright-project\[39mnode_modules\[4mplaywright[24m\lib\worker\testInfo.js:284:7[90m)[39m
    at WorkerMain._runTest [90m(C:\playwright-project\[39mnode_modules\[4mplaywright[24m\lib\worker\workerMain.js:281:5[90m)[39m
    at WorkerMain.runTestGroup [90m(C:\playwright-project\[39mnode_modules\[4mplaywright[24m\lib\worker\workerMain.js:205:11[90m)[39m
    at process.&lt;anonymous&gt; [90m(C:\playwright-project\[39mnode_modules\[4mplaywright[24m\lib\common\process.js:95:22[90m)[39m {
  fatal: [33mtrue[39m
}
Confirmation page validation failed: Not on confirmation page URL
Intento 2 fallido en payWithCard: Error [ValidationError]: Not on confirmation page URL
    at validationConfirmPage [90m(C:\playwright-project\[39msrc\page-objects\confirmation.ts:94:27[90m)[39m
    at validationConfirmationPage [90m(C:\playwright-project\[39msrc\tests\2TipsNoExtraNoSeat.spec.ts:90:3[90m)[39m
    at runWithRetries [90m(C:\playwright-project\[39msrc\tests\2TipsNoExtraNoSeat.spec.ts:121:7[90m)[39m
    at executeTests [90m(C:\playwright-project\[39msrc\tests\2TipsNoExtraNoSeat.spec.ts:221:29[90m)[39m
    at [90mC:\playwright-project\[39msrc\tests\2TipsNoExtraNoSeat.spec.ts:785:30
    at [90mC:\playwright-project\[39mnode_modules\[4mplaywright[24m\lib\worker\workerMain.js:339:9
    at [90mC:\playwright-project\[39mnode_modules\[4mplaywright[24m\lib\worker\testInfo.js:286:11
    at TimeoutManager.withRunnable [90m(C:\playwright-project\[39mnode_modules\[4mplaywright[24m\lib\worker\timeoutManager.js:64:14[90m)[39m
    at TestInfoImpl._runAsStage [90m(C:\playwright-project\[39mnode_modules\[4mplaywright[24m\lib\worker\testInfo.js:284:7[90m)[39m
    at [90mC:\playwright-project\[39mnode_modules\[4mplaywright[24m\lib\worker\workerMain.js:331:7
    at [90mC:\playwright-project\[39mnode_modules\[4mplaywright[24m\lib\worker\testInfo.js:286:11
    at TimeoutManager.withRunnable [90m(C:\playwright-project\[39mnode_modules\[4mplaywright[24m\lib\worker\timeoutManager.js:52:27[90m)[39m
    at TestInfoImpl._runAsStage [90m(C:\playwright-project\[39mnode_modules\[4mplaywright[24m\lib\worker\testInfo.js:284:7[90m)[39m
    at WorkerMain._runTest [90m(C:\playwright-project\[39mnode_modules\[4mplaywright[24m\lib\worker\workerMain.js:281:5[90m)[39m
    at WorkerMain.runTestGroup [90m(C:\playwright-project\[39mnode_modules\[4mplaywright[24m\lib\worker\workerMain.js:205:11[90m)[39m
    at process.&lt;anonymous&gt; [90m(C:\playwright-project\[39mnode_modules\[4mplaywright[24m\lib\common\process.js:95:22[90m)[39m {
  fatal: [33mtrue[39m
}

</system-err>
</testcase>
<testcase name="14. Compra 1 adt Eco Comfort - Eco Extra - sin assitence › Ejecución completa con reintentos" classname="2TipsNoExtraNoSeat.spec.ts" time="72.031">
<system-out>
Ejecución completa, intento 1 de 5
Ejecutando Booking, intento 1
Fecha de salida seleccionada: { year: [32m'2025'[39m, month: [32m'6'[39m, index: [33m6[39m, value: [33m17[39m }
Fecha de regreso seleccionada: { year: [32m'2025'[39m, month: [32m'6'[39m, index: [33m7[39m, value: [33m19[39m }
Ajustando número de pasajeros
Successfully clicked the element: div.price-cabin:has-text("Economy")
Successfully clicked the element: div.price-cabin:has-text("Economy")
Ejecutando fillPassengerAdult 1, intento 1
Ejecutando fillContact, intento 1
Ejecutando payWithCard, intento 1
Iframe encontrado.
Ejecutando payWithCard, intento 1
Ejecutando payWithCard, intento 2
Ejecutando payWithCard, intento 3
Successfully saved booking code M9WQR to Excel

</system-out>
<system-err>
Confirmation page validation failed: Flight Summary section not found on confirmation page
Intento 1 fallido en payWithCard: Error [ValidationError]: Flight Summary section not found on confirmation page
    at validationConfirmPage [90m(C:\playwright-project\[39msrc\page-objects\confirmation.ts:86:27[90m)[39m
[90m    at runNextTicks (node:internal/process/task_queues:65:5)[39m
[90m    at processImmediate (node:internal/timers:459:9)[39m
[90m    at process.callbackTrampoline (node:internal/async_hooks:130:17)[39m
    at validationConfirmationPage [90m(C:\playwright-project\[39msrc\tests\2TipsNoExtraNoSeat.spec.ts:90:3[90m)[39m
    at runWithRetries [90m(C:\playwright-project\[39msrc\tests\2TipsNoExtraNoSeat.spec.ts:121:7[90m)[39m
    at executeTests [90m(C:\playwright-project\[39msrc\tests\2TipsNoExtraNoSeat.spec.ts:221:29[90m)[39m
    at [90mC:\playwright-project\[39msrc\tests\2TipsNoExtraNoSeat.spec.ts:828:30
    at [90mC:\playwright-project\[39mnode_modules\[4mplaywright[24m\lib\worker\workerMain.js:339:9
    at [90mC:\playwright-project\[39mnode_modules\[4mplaywright[24m\lib\worker\testInfo.js:286:11
    at TimeoutManager.withRunnable [90m(C:\playwright-project\[39mnode_modules\[4mplaywright[24m\lib\worker\timeoutManager.js:64:14[90m)[39m
    at TestInfoImpl._runAsStage [90m(C:\playwright-project\[39mnode_modules\[4mplaywright[24m\lib\worker\testInfo.js:284:7[90m)[39m
    at [90mC:\playwright-project\[39mnode_modules\[4mplaywright[24m\lib\worker\workerMain.js:331:7
    at [90mC:\playwright-project\[39mnode_modules\[4mplaywright[24m\lib\worker\testInfo.js:286:11
    at TimeoutManager.withRunnable [90m(C:\playwright-project\[39mnode_modules\[4mplaywright[24m\lib\worker\timeoutManager.js:52:27[90m)[39m
    at TestInfoImpl._runAsStage [90m(C:\playwright-project\[39mnode_modules\[4mplaywright[24m\lib\worker\testInfo.js:284:7[90m)[39m
    at WorkerMain._runTest [90m(C:\playwright-project\[39mnode_modules\[4mplaywright[24m\lib\worker\workerMain.js:281:5[90m)[39m
    at WorkerMain.runTestGroup [90m(C:\playwright-project\[39mnode_modules\[4mplaywright[24m\lib\worker\workerMain.js:205:11[90m)[39m
    at process.&lt;anonymous&gt; [90m(C:\playwright-project\[39mnode_modules\[4mplaywright[24m\lib\common\process.js:95:22[90m)[39m {
  fatal: [33mtrue[39m
}
Confirmation page validation failed: Not on confirmation page URL
Intento 2 fallido en payWithCard: Error [ValidationError]: Not on confirmation page URL
    at validationConfirmPage [90m(C:\playwright-project\[39msrc\page-objects\confirmation.ts:94:27[90m)[39m
    at validationConfirmationPage [90m(C:\playwright-project\[39msrc\tests\2TipsNoExtraNoSeat.spec.ts:90:3[90m)[39m
    at runWithRetries [90m(C:\playwright-project\[39msrc\tests\2TipsNoExtraNoSeat.spec.ts:121:7[90m)[39m
    at executeTests [90m(C:\playwright-project\[39msrc\tests\2TipsNoExtraNoSeat.spec.ts:221:29[90m)[39m
    at [90mC:\playwright-project\[39msrc\tests\2TipsNoExtraNoSeat.spec.ts:828:30
    at [90mC:\playwright-project\[39mnode_modules\[4mplaywright[24m\lib\worker\workerMain.js:339:9
    at [90mC:\playwright-project\[39mnode_modules\[4mplaywright[24m\lib\worker\testInfo.js:286:11
    at TimeoutManager.withRunnable [90m(C:\playwright-project\[39mnode_modules\[4mplaywright[24m\lib\worker\timeoutManager.js:64:14[90m)[39m
    at TestInfoImpl._runAsStage [90m(C:\playwright-project\[39mnode_modules\[4mplaywright[24m\lib\worker\testInfo.js:284:7[90m)[39m
    at [90mC:\playwright-project\[39mnode_modules\[4mplaywright[24m\lib\worker\workerMain.js:331:7
    at [90mC:\playwright-project\[39mnode_modules\[4mplaywright[24m\lib\worker\testInfo.js:286:11
    at TimeoutManager.withRunnable [90m(C:\playwright-project\[39mnode_modules\[4mplaywright[24m\lib\worker\timeoutManager.js:52:27[90m)[39m
    at TestInfoImpl._runAsStage [90m(C:\playwright-project\[39mnode_modules\[4mplaywright[24m\lib\worker\testInfo.js:284:7[90m)[39m
    at WorkerMain._runTest [90m(C:\playwright-project\[39mnode_modules\[4mplaywright[24m\lib\worker\workerMain.js:281:5[90m)[39m
    at WorkerMain.runTestGroup [90m(C:\playwright-project\[39mnode_modules\[4mplaywright[24m\lib\worker\workerMain.js:205:11[90m)[39m
    at process.&lt;anonymous&gt; [90m(C:\playwright-project\[39mnode_modules\[4mplaywright[24m\lib\common\process.js:95:22[90m)[39m {
  fatal: [33mtrue[39m
}

</system-err>
</testcase>
<testcase name="15. Compra 1 adt Eco Comfort - PremLight - sin assitence › Ejecución completa con reintentos" classname="2TipsNoExtraNoSeat.spec.ts" time="78.347">
<system-out>
Ejecución completa, intento 1 de 5
Ejecutando Booking, intento 1
Fecha de salida seleccionada: { year: [32m'2025'[39m, month: [32m'6'[39m, index: [33m1[39m, value: [33m5[39m }
Fecha de regreso seleccionada: { year: [32m'2025'[39m, month: [32m'6'[39m, index: [33m2[39m, value: [33m7[39m }
Ajustando número de pasajeros
Successfully clicked the element: div.price-cabin:has-text("Economy")
Successfully clicked the element: div.price-cabin:has-text("Premium")
Ejecutando fillPassengerAdult 1, intento 1
Ejecutando fillContact, intento 1
Ejecutando payWithCard, intento 1
Iframe encontrado.
Ejecutando payWithCard, intento 1
Ejecutando payWithCard, intento 2
Ejecutando payWithCard, intento 3
Successfully saved booking code M9WQN to Excel

</system-out>
<system-err>
Confirmation page validation failed: Flight Summary section not found on confirmation page
Intento 1 fallido en payWithCard: Error [ValidationError]: Flight Summary section not found on confirmation page
    at validationConfirmPage [90m(C:\playwright-project\[39msrc\page-objects\confirmation.ts:86:27[90m)[39m
[90m    at runNextTicks (node:internal/process/task_queues:65:5)[39m
[90m    at processImmediate (node:internal/timers:459:9)[39m
[90m    at process.callbackTrampoline (node:internal/async_hooks:130:17)[39m
    at validationConfirmationPage [90m(C:\playwright-project\[39msrc\tests\2TipsNoExtraNoSeat.spec.ts:90:3[90m)[39m
    at runWithRetries [90m(C:\playwright-project\[39msrc\tests\2TipsNoExtraNoSeat.spec.ts:121:7[90m)[39m
    at executeTests [90m(C:\playwright-project\[39msrc\tests\2TipsNoExtraNoSeat.spec.ts:221:29[90m)[39m
    at [90mC:\playwright-project\[39msrc\tests\2TipsNoExtraNoSeat.spec.ts:870:30
    at [90mC:\playwright-project\[39mnode_modules\[4mplaywright[24m\lib\worker\workerMain.js:339:9
    at [90mC:\playwright-project\[39mnode_modules\[4mplaywright[24m\lib\worker\testInfo.js:286:11
    at TimeoutManager.withRunnable [90m(C:\playwright-project\[39mnode_modules\[4mplaywright[24m\lib\worker\timeoutManager.js:64:14[90m)[39m
    at TestInfoImpl._runAsStage [90m(C:\playwright-project\[39mnode_modules\[4mplaywright[24m\lib\worker\testInfo.js:284:7[90m)[39m
    at [90mC:\playwright-project\[39mnode_modules\[4mplaywright[24m\lib\worker\workerMain.js:331:7
    at [90mC:\playwright-project\[39mnode_modules\[4mplaywright[24m\lib\worker\testInfo.js:286:11
    at TimeoutManager.withRunnable [90m(C:\playwright-project\[39mnode_modules\[4mplaywright[24m\lib\worker\timeoutManager.js:52:27[90m)[39m
    at TestInfoImpl._runAsStage [90m(C:\playwright-project\[39mnode_modules\[4mplaywright[24m\lib\worker\testInfo.js:284:7[90m)[39m
    at WorkerMain._runTest [90m(C:\playwright-project\[39mnode_modules\[4mplaywright[24m\lib\worker\workerMain.js:281:5[90m)[39m
    at WorkerMain.runTestGroup [90m(C:\playwright-project\[39mnode_modules\[4mplaywright[24m\lib\worker\workerMain.js:205:11[90m)[39m
    at process.&lt;anonymous&gt; [90m(C:\playwright-project\[39mnode_modules\[4mplaywright[24m\lib\common\process.js:95:22[90m)[39m {
  fatal: [33mtrue[39m
}
Confirmation page validation failed: Not on confirmation page URL
Intento 2 fallido en payWithCard: Error [ValidationError]: Not on confirmation page URL
    at validationConfirmPage [90m(C:\playwright-project\[39msrc\page-objects\confirmation.ts:94:27[90m)[39m
    at validationConfirmationPage [90m(C:\playwright-project\[39msrc\tests\2TipsNoExtraNoSeat.spec.ts:90:3[90m)[39m
    at runWithRetries [90m(C:\playwright-project\[39msrc\tests\2TipsNoExtraNoSeat.spec.ts:121:7[90m)[39m
    at executeTests [90m(C:\playwright-project\[39msrc\tests\2TipsNoExtraNoSeat.spec.ts:221:29[90m)[39m
    at [90mC:\playwright-project\[39msrc\tests\2TipsNoExtraNoSeat.spec.ts:870:30
    at [90mC:\playwright-project\[39mnode_modules\[4mplaywright[24m\lib\worker\workerMain.js:339:9
    at [90mC:\playwright-project\[39mnode_modules\[4mplaywright[24m\lib\worker\testInfo.js:286:11
    at TimeoutManager.withRunnable [90m(C:\playwright-project\[39mnode_modules\[4mplaywright[24m\lib\worker\timeoutManager.js:64:14[90m)[39m
    at TestInfoImpl._runAsStage [90m(C:\playwright-project\[39mnode_modules\[4mplaywright[24m\lib\worker\testInfo.js:284:7[90m)[39m
    at [90mC:\playwright-project\[39mnode_modules\[4mplaywright[24m\lib\worker\workerMain.js:331:7
    at [90mC:\playwright-project\[39mnode_modules\[4mplaywright[24m\lib\worker\testInfo.js:286:11
    at TimeoutManager.withRunnable [90m(C:\playwright-project\[39mnode_modules\[4mplaywright[24m\lib\worker\timeoutManager.js:52:27[90m)[39m
    at TestInfoImpl._runAsStage [90m(C:\playwright-project\[39mnode_modules\[4mplaywright[24m\lib\worker\testInfo.js:284:7[90m)[39m
    at WorkerMain._runTest [90m(C:\playwright-project\[39mnode_modules\[4mplaywright[24m\lib\worker\workerMain.js:281:5[90m)[39m
    at WorkerMain.runTestGroup [90m(C:\playwright-project\[39mnode_modules\[4mplaywright[24m\lib\worker\workerMain.js:205:11[90m)[39m
    at process.&lt;anonymous&gt; [90m(C:\playwright-project\[39mnode_modules\[4mplaywright[24m\lib\common\process.js:95:22[90m)[39m {
  fatal: [33mtrue[39m
}

</system-err>
</testcase>
<testcase name="16. Compra 1 adt Eco Comfort - PremComfort - sin assitence › Ejecución completa con reintentos" classname="2TipsNoExtraNoSeat.spec.ts" time="78.145">
<system-out>
Ejecución completa, intento 1 de 5
Ejecutando Booking, intento 1
Fecha de salida seleccionada: { year: [32m'2025'[39m, month: [32m'6'[39m, index: [33m4[39m, value: [33m12[39m }
Fecha de regreso seleccionada: { year: [32m'2025'[39m, month: [32m'6'[39m, index: [33m5[39m, value: [33m14[39m }
Ajustando número de pasajeros
Successfully clicked the element: div.price-cabin:has-text("Economy")
Successfully clicked the element: div.price-cabin:has-text("Premium")
Ejecutando fillPassengerAdult 1, intento 1
Ejecutando fillContact, intento 1
Ejecutando payWithCard, intento 1
Iframe encontrado.
Ejecutando payWithCard, intento 1
Ejecutando payWithCard, intento 2
Ejecutando payWithCard, intento 3
Successfully saved booking code M9WQX to Excel

</system-out>
<system-err>
Confirmation page validation failed: Flight Summary section not found on confirmation page
Intento 1 fallido en payWithCard: Error [ValidationError]: Flight Summary section not found on confirmation page
    at validationConfirmPage [90m(C:\playwright-project\[39msrc\page-objects\confirmation.ts:86:27[90m)[39m
[90m    at runNextTicks (node:internal/process/task_queues:65:5)[39m
[90m    at processImmediate (node:internal/timers:459:9)[39m
[90m    at process.callbackTrampoline (node:internal/async_hooks:130:17)[39m
    at validationConfirmationPage [90m(C:\playwright-project\[39msrc\tests\2TipsNoExtraNoSeat.spec.ts:90:3[90m)[39m
    at runWithRetries [90m(C:\playwright-project\[39msrc\tests\2TipsNoExtraNoSeat.spec.ts:121:7[90m)[39m
    at executeTests [90m(C:\playwright-project\[39msrc\tests\2TipsNoExtraNoSeat.spec.ts:221:29[90m)[39m
    at [90mC:\playwright-project\[39msrc\tests\2TipsNoExtraNoSeat.spec.ts:912:30
    at [90mC:\playwright-project\[39mnode_modules\[4mplaywright[24m\lib\worker\workerMain.js:339:9
    at [90mC:\playwright-project\[39mnode_modules\[4mplaywright[24m\lib\worker\testInfo.js:286:11
    at TimeoutManager.withRunnable [90m(C:\playwright-project\[39mnode_modules\[4mplaywright[24m\lib\worker\timeoutManager.js:64:14[90m)[39m
    at TestInfoImpl._runAsStage [90m(C:\playwright-project\[39mnode_modules\[4mplaywright[24m\lib\worker\testInfo.js:284:7[90m)[39m
    at [90mC:\playwright-project\[39mnode_modules\[4mplaywright[24m\lib\worker\workerMain.js:331:7
    at [90mC:\playwright-project\[39mnode_modules\[4mplaywright[24m\lib\worker\testInfo.js:286:11
    at TimeoutManager.withRunnable [90m(C:\playwright-project\[39mnode_modules\[4mplaywright[24m\lib\worker\timeoutManager.js:52:27[90m)[39m
    at TestInfoImpl._runAsStage [90m(C:\playwright-project\[39mnode_modules\[4mplaywright[24m\lib\worker\testInfo.js:284:7[90m)[39m
    at WorkerMain._runTest [90m(C:\playwright-project\[39mnode_modules\[4mplaywright[24m\lib\worker\workerMain.js:281:5[90m)[39m
    at WorkerMain.runTestGroup [90m(C:\playwright-project\[39mnode_modules\[4mplaywright[24m\lib\worker\workerMain.js:205:11[90m)[39m
    at process.&lt;anonymous&gt; [90m(C:\playwright-project\[39mnode_modules\[4mplaywright[24m\lib\common\process.js:95:22[90m)[39m {
  fatal: [33mtrue[39m
}
Confirmation page validation failed: Not on confirmation page URL
Intento 2 fallido en payWithCard: Error [ValidationError]: Not on confirmation page URL
    at validationConfirmPage [90m(C:\playwright-project\[39msrc\page-objects\confirmation.ts:94:27[90m)[39m
    at validationConfirmationPage [90m(C:\playwright-project\[39msrc\tests\2TipsNoExtraNoSeat.spec.ts:90:3[90m)[39m
    at runWithRetries [90m(C:\playwright-project\[39msrc\tests\2TipsNoExtraNoSeat.spec.ts:121:7[90m)[39m
    at executeTests [90m(C:\playwright-project\[39msrc\tests\2TipsNoExtraNoSeat.spec.ts:221:29[90m)[39m
    at [90mC:\playwright-project\[39msrc\tests\2TipsNoExtraNoSeat.spec.ts:912:30
    at [90mC:\playwright-project\[39mnode_modules\[4mplaywright[24m\lib\worker\workerMain.js:339:9
    at [90mC:\playwright-project\[39mnode_modules\[4mplaywright[24m\lib\worker\testInfo.js:286:11
    at TimeoutManager.withRunnable [90m(C:\playwright-project\[39mnode_modules\[4mplaywright[24m\lib\worker\timeoutManager.js:64:14[90m)[39m
    at TestInfoImpl._runAsStage [90m(C:\playwright-project\[39mnode_modules\[4mplaywright[24m\lib\worker\testInfo.js:284:7[90m)[39m
    at [90mC:\playwright-project\[39mnode_modules\[4mplaywright[24m\lib\worker\workerMain.js:331:7
    at [90mC:\playwright-project\[39mnode_modules\[4mplaywright[24m\lib\worker\testInfo.js:286:11
    at TimeoutManager.withRunnable [90m(C:\playwright-project\[39mnode_modules\[4mplaywright[24m\lib\worker\timeoutManager.js:52:27[90m)[39m
    at TestInfoImpl._runAsStage [90m(C:\playwright-project\[39mnode_modules\[4mplaywright[24m\lib\worker\testInfo.js:284:7[90m)[39m
    at WorkerMain._runTest [90m(C:\playwright-project\[39mnode_modules\[4mplaywright[24m\lib\worker\workerMain.js:281:5[90m)[39m
    at WorkerMain.runTestGroup [90m(C:\playwright-project\[39mnode_modules\[4mplaywright[24m\lib\worker\workerMain.js:205:11[90m)[39m
    at process.&lt;anonymous&gt; [90m(C:\playwright-project\[39mnode_modules\[4mplaywright[24m\lib\common\process.js:95:22[90m)[39m {
  fatal: [33mtrue[39m
}

</system-err>
</testcase>
<testcase name="17. Compra 1 adt Eco Comfort - PremExtra - sin assitence › Ejecución completa con reintentos" classname="2TipsNoExtraNoSeat.spec.ts" time="69.477">
<system-out>
Ejecución completa, intento 1 de 5
Ejecutando Booking, intento 1
Fecha de salida seleccionada: { year: [32m'2025'[39m, month: [32m'6'[39m, index: [33m2[39m, value: [33m7[39m }
Fecha de regreso seleccionada: { year: [32m'2025'[39m, month: [32m'6'[39m, index: [33m3[39m, value: [33m10[39m }
Ajustando número de pasajeros
Successfully clicked the element: div.price-cabin:has-text("Economy")
Successfully clicked the element: div.price-cabin:has-text("Premium")
Ejecutando fillPassengerAdult 1, intento 1
Ejecutando fillContact, intento 1
Ejecutando payWithCard, intento 1
Iframe encontrado.
Ejecutando payWithCard, intento 1
Ejecutando payWithCard, intento 2
Ejecutando payWithCard, intento 3
Successfully saved booking code M9WQW to Excel

</system-out>
<system-err>
Confirmation page validation failed: Flight Summary section not found on confirmation page
Intento 1 fallido en payWithCard: Error [ValidationError]: Flight Summary section not found on confirmation page
    at validationConfirmPage [90m(C:\playwright-project\[39msrc\page-objects\confirmation.ts:86:27[90m)[39m
[90m    at runNextTicks (node:internal/process/task_queues:65:5)[39m
[90m    at processImmediate (node:internal/timers:459:9)[39m
[90m    at process.callbackTrampoline (node:internal/async_hooks:130:17)[39m
    at validationConfirmationPage [90m(C:\playwright-project\[39msrc\tests\2TipsNoExtraNoSeat.spec.ts:90:3[90m)[39m
    at runWithRetries [90m(C:\playwright-project\[39msrc\tests\2TipsNoExtraNoSeat.spec.ts:121:7[90m)[39m
    at executeTests [90m(C:\playwright-project\[39msrc\tests\2TipsNoExtraNoSeat.spec.ts:221:29[90m)[39m
    at [90mC:\playwright-project\[39msrc\tests\2TipsNoExtraNoSeat.spec.ts:954:30
    at [90mC:\playwright-project\[39mnode_modules\[4mplaywright[24m\lib\worker\workerMain.js:339:9
    at [90mC:\playwright-project\[39mnode_modules\[4mplaywright[24m\lib\worker\testInfo.js:286:11
    at TimeoutManager.withRunnable [90m(C:\playwright-project\[39mnode_modules\[4mplaywright[24m\lib\worker\timeoutManager.js:64:14[90m)[39m
    at TestInfoImpl._runAsStage [90m(C:\playwright-project\[39mnode_modules\[4mplaywright[24m\lib\worker\testInfo.js:284:7[90m)[39m
    at [90mC:\playwright-project\[39mnode_modules\[4mplaywright[24m\lib\worker\workerMain.js:331:7
    at [90mC:\playwright-project\[39mnode_modules\[4mplaywright[24m\lib\worker\testInfo.js:286:11
    at TimeoutManager.withRunnable [90m(C:\playwright-project\[39mnode_modules\[4mplaywright[24m\lib\worker\timeoutManager.js:52:27[90m)[39m
    at TestInfoImpl._runAsStage [90m(C:\playwright-project\[39mnode_modules\[4mplaywright[24m\lib\worker\testInfo.js:284:7[90m)[39m
    at WorkerMain._runTest [90m(C:\playwright-project\[39mnode_modules\[4mplaywright[24m\lib\worker\workerMain.js:281:5[90m)[39m
    at WorkerMain.runTestGroup [90m(C:\playwright-project\[39mnode_modules\[4mplaywright[24m\lib\worker\workerMain.js:205:11[90m)[39m
    at process.&lt;anonymous&gt; [90m(C:\playwright-project\[39mnode_modules\[4mplaywright[24m\lib\common\process.js:95:22[90m)[39m {
  fatal: [33mtrue[39m
}
Confirmation page validation failed: Not on confirmation page URL
Intento 2 fallido en payWithCard: Error [ValidationError]: Not on confirmation page URL
    at validationConfirmPage [90m(C:\playwright-project\[39msrc\page-objects\confirmation.ts:94:27[90m)[39m
    at validationConfirmationPage [90m(C:\playwright-project\[39msrc\tests\2TipsNoExtraNoSeat.spec.ts:90:3[90m)[39m
    at runWithRetries [90m(C:\playwright-project\[39msrc\tests\2TipsNoExtraNoSeat.spec.ts:121:7[90m)[39m
    at executeTests [90m(C:\playwright-project\[39msrc\tests\2TipsNoExtraNoSeat.spec.ts:221:29[90m)[39m
    at [90mC:\playwright-project\[39msrc\tests\2TipsNoExtraNoSeat.spec.ts:954:30
    at [90mC:\playwright-project\[39mnode_modules\[4mplaywright[24m\lib\worker\workerMain.js:339:9
    at [90mC:\playwright-project\[39mnode_modules\[4mplaywright[24m\lib\worker\testInfo.js:286:11
    at TimeoutManager.withRunnable [90m(C:\playwright-project\[39mnode_modules\[4mplaywright[24m\lib\worker\timeoutManager.js:64:14[90m)[39m
    at TestInfoImpl._runAsStage [90m(C:\playwright-project\[39mnode_modules\[4mplaywright[24m\lib\worker\testInfo.js:284:7[90m)[39m
    at [90mC:\playwright-project\[39mnode_modules\[4mplaywright[24m\lib\worker\workerMain.js:331:7
    at [90mC:\playwright-project\[39mnode_modules\[4mplaywright[24m\lib\worker\testInfo.js:286:11
    at TimeoutManager.withRunnable [90m(C:\playwright-project\[39mnode_modules\[4mplaywright[24m\lib\worker\timeoutManager.js:52:27[90m)[39m
    at TestInfoImpl._runAsStage [90m(C:\playwright-project\[39mnode_modules\[4mplaywright[24m\lib\worker\testInfo.js:284:7[90m)[39m
    at WorkerMain._runTest [90m(C:\playwright-project\[39mnode_modules\[4mplaywright[24m\lib\worker\workerMain.js:281:5[90m)[39m
    at WorkerMain.runTestGroup [90m(C:\playwright-project\[39mnode_modules\[4mplaywright[24m\lib\worker\workerMain.js:205:11[90m)[39m
    at process.&lt;anonymous&gt; [90m(C:\playwright-project\[39mnode_modules\[4mplaywright[24m\lib\common\process.js:95:22[90m)[39m {
  fatal: [33mtrue[39m
}

</system-err>
</testcase>
<testcase name="18. Compra 1 adt Eco Extra - Eco Light - sin assitence › Ejecución completa con reintentos" classname="2TipsNoExtraNoSeat.spec.ts" time="189.255">
<system-out>
Ejecución completa, intento 1 de 5
Ejecutando Booking, intento 1
Fecha de salida seleccionada: { year: [32m'2025'[39m, month: [32m'6'[39m, index: [33m2[39m, value: [33m7[39m }
Fecha de regreso seleccionada: { year: [32m'2025'[39m, month: [32m'6'[39m, index: [33m3[39m, value: [33m10[39m }
Ajustando número de pasajeros
Successfully clicked the element: div.price-cabin:has-text("Economy")
Successfully clicked the element: div.price-cabin:has-text("Economy")
Ejecutando fillPassengerAdult 1, intento 1
Ejecutando fillContact, intento 1
Ejecutando payWithCard, intento 1
Iframe encontrado.
Ejecutando payWithCard, intento 1
Ejecutando payWithCard, intento 2
Ejecutando payWithCard, intento 3
Ejecución completa, intento 2 de 5
Ejecutando Booking, intento 1
Fecha de salida seleccionada: { year: [32m'2025'[39m, month: [32m'6'[39m, index: [33m3[39m, value: [33m10[39m }
Fecha de regreso seleccionada: { year: [32m'2025'[39m, month: [32m'6'[39m, index: [33m4[39m, value: [33m12[39m }
Ajustando número de pasajeros
Successfully clicked the element: div.price-cabin:has-text("Economy")
Successfully clicked the element: div.price-cabin:has-text("Economy")
Ejecutando fillPassengerAdult 1, intento 1
Ejecutando fillContact, intento 1
Ejecutando payWithCard, intento 1
Iframe encontrado.
Ejecutando payWithCard, intento 1
Ejecutando payWithCard, intento 2
Ejecutando payWithCard, intento 3
Ejecución completa, intento 3 de 5
Ejecutando Booking, intento 1
Fecha de salida seleccionada: { year: [32m'2025'[39m, month: [32m'6'[39m, index: [33m10[39m, value: [33m26[39m }
Fecha de regreso seleccionada: { year: [32m'2025'[39m, month: [32m'6'[39m, index: [33m11[39m, value: [33m28[39m }
Ajustando número de pasajeros
Successfully clicked the element: div.price-cabin:has-text("Economy")
Successfully clicked the element: div.price-cabin:has-text("Economy")
Ejecutando fillPassengerAdult 1, intento 1
Ejecutando fillContact, intento 1
Ejecutando payWithCard, intento 1
Iframe encontrado.
Ejecutando payWithCard, intento 1
Ejecutando payWithCard, intento 2
Ejecutando payWithCard, intento 3
Successfully saved booking code M9WRS to Excel

</system-out>
<system-err>
Confirmation page validation failed: Flight Summary section not found on confirmation page
Intento 1 fallido en payWithCard: Error [ValidationError]: Flight Summary section not found on confirmation page
    at validationConfirmPage [90m(C:\playwright-project\[39msrc\page-objects\confirmation.ts:86:27[90m)[39m
    at validationConfirmationPage [90m(C:\playwright-project\[39msrc\tests\2TipsNoExtraNoSeat.spec.ts:90:3[90m)[39m
    at runWithRetries [90m(C:\playwright-project\[39msrc\tests\2TipsNoExtraNoSeat.spec.ts:121:7[90m)[39m
    at executeTests [90m(C:\playwright-project\[39msrc\tests\2TipsNoExtraNoSeat.spec.ts:221:29[90m)[39m
    at [90mC:\playwright-project\[39msrc\tests\2TipsNoExtraNoSeat.spec.ts:996:30
    at [90mC:\playwright-project\[39mnode_modules\[4mplaywright[24m\lib\worker\workerMain.js:339:9
    at [90mC:\playwright-project\[39mnode_modules\[4mplaywright[24m\lib\worker\testInfo.js:286:11
    at TimeoutManager.withRunnable [90m(C:\playwright-project\[39mnode_modules\[4mplaywright[24m\lib\worker\timeoutManager.js:64:14[90m)[39m
    at TestInfoImpl._runAsStage [90m(C:\playwright-project\[39mnode_modules\[4mplaywright[24m\lib\worker\testInfo.js:284:7[90m)[39m
    at [90mC:\playwright-project\[39mnode_modules\[4mplaywright[24m\lib\worker\workerMain.js:331:7
    at [90mC:\playwright-project\[39mnode_modules\[4mplaywright[24m\lib\worker\testInfo.js:286:11
    at TimeoutManager.withRunnable [90m(C:\playwright-project\[39mnode_modules\[4mplaywright[24m\lib\worker\timeoutManager.js:52:27[90m)[39m
    at TestInfoImpl._runAsStage [90m(C:\playwright-project\[39mnode_modules\[4mplaywright[24m\lib\worker\testInfo.js:284:7[90m)[39m
    at WorkerMain._runTest [90m(C:\playwright-project\[39mnode_modules\[4mplaywright[24m\lib\worker\workerMain.js:281:5[90m)[39m
    at WorkerMain.runTestGroup [90m(C:\playwright-project\[39mnode_modules\[4mplaywright[24m\lib\worker\workerMain.js:205:11[90m)[39m
    at process.&lt;anonymous&gt; [90m(C:\playwright-project\[39mnode_modules\[4mplaywright[24m\lib\common\process.js:95:22[90m)[39m {
  fatal: [33mtrue[39m
}
Confirmation page validation failed: Flight Summary section not found on confirmation page
Intento 2 fallido en payWithCard: Error [ValidationError]: Flight Summary section not found on confirmation page
    at validationConfirmPage [90m(C:\playwright-project\[39msrc\page-objects\confirmation.ts:86:27[90m)[39m
    at validationConfirmationPage [90m(C:\playwright-project\[39msrc\tests\2TipsNoExtraNoSeat.spec.ts:90:3[90m)[39m
    at runWithRetries [90m(C:\playwright-project\[39msrc\tests\2TipsNoExtraNoSeat.spec.ts:121:7[90m)[39m
    at executeTests [90m(C:\playwright-project\[39msrc\tests\2TipsNoExtraNoSeat.spec.ts:221:29[90m)[39m
    at [90mC:\playwright-project\[39msrc\tests\2TipsNoExtraNoSeat.spec.ts:996:30
    at [90mC:\playwright-project\[39mnode_modules\[4mplaywright[24m\lib\worker\workerMain.js:339:9
    at [90mC:\playwright-project\[39mnode_modules\[4mplaywright[24m\lib\worker\testInfo.js:286:11
    at TimeoutManager.withRunnable [90m(C:\playwright-project\[39mnode_modules\[4mplaywright[24m\lib\worker\timeoutManager.js:64:14[90m)[39m
    at TestInfoImpl._runAsStage [90m(C:\playwright-project\[39mnode_modules\[4mplaywright[24m\lib\worker\testInfo.js:284:7[90m)[39m
    at [90mC:\playwright-project\[39mnode_modules\[4mplaywright[24m\lib\worker\workerMain.js:331:7
    at [90mC:\playwright-project\[39mnode_modules\[4mplaywright[24m\lib\worker\testInfo.js:286:11
    at TimeoutManager.withRunnable [90m(C:\playwright-project\[39mnode_modules\[4mplaywright[24m\lib\worker\timeoutManager.js:52:27[90m)[39m
    at TestInfoImpl._runAsStage [90m(C:\playwright-project\[39mnode_modules\[4mplaywright[24m\lib\worker\testInfo.js:284:7[90m)[39m
    at WorkerMain._runTest [90m(C:\playwright-project\[39mnode_modules\[4mplaywright[24m\lib\worker\workerMain.js:281:5[90m)[39m
    at WorkerMain.runTestGroup [90m(C:\playwright-project\[39mnode_modules\[4mplaywright[24m\lib\worker\workerMain.js:205:11[90m)[39m
    at process.&lt;anonymous&gt; [90m(C:\playwright-project\[39mnode_modules\[4mplaywright[24m\lib\common\process.js:95:22[90m)[39m {
  fatal: [33mtrue[39m
}
Confirmation page validation failed: Flight Summary section not found on confirmation page
Intento 3 fallido en payWithCard: Error [ValidationError]: Flight Summary section not found on confirmation page
    at validationConfirmPage [90m(C:\playwright-project\[39msrc\page-objects\confirmation.ts:86:27[90m)[39m
    at validationConfirmationPage [90m(C:\playwright-project\[39msrc\tests\2TipsNoExtraNoSeat.spec.ts:90:3[90m)[39m
    at runWithRetries [90m(C:\playwright-project\[39msrc\tests\2TipsNoExtraNoSeat.spec.ts:121:7[90m)[39m
    at executeTests [90m(C:\playwright-project\[39msrc\tests\2TipsNoExtraNoSeat.spec.ts:221:29[90m)[39m
    at [90mC:\playwright-project\[39msrc\tests\2TipsNoExtraNoSeat.spec.ts:996:30
    at [90mC:\playwright-project\[39mnode_modules\[4mplaywright[24m\lib\worker\workerMain.js:339:9
    at [90mC:\playwright-project\[39mnode_modules\[4mplaywright[24m\lib\worker\testInfo.js:286:11
    at TimeoutManager.withRunnable [90m(C:\playwright-project\[39mnode_modules\[4mplaywright[24m\lib\worker\timeoutManager.js:64:14[90m)[39m
    at TestInfoImpl._runAsStage [90m(C:\playwright-project\[39mnode_modules\[4mplaywright[24m\lib\worker\testInfo.js:284:7[90m)[39m
    at [90mC:\playwright-project\[39mnode_modules\[4mplaywright[24m\lib\worker\workerMain.js:331:7
    at [90mC:\playwright-project\[39mnode_modules\[4mplaywright[24m\lib\worker\testInfo.js:286:11
    at TimeoutManager.withRunnable [90m(C:\playwright-project\[39mnode_modules\[4mplaywright[24m\lib\worker\timeoutManager.js:52:27[90m)[39m
    at TestInfoImpl._runAsStage [90m(C:\playwright-project\[39mnode_modules\[4mplaywright[24m\lib\worker\testInfo.js:284:7[90m)[39m
    at WorkerMain._runTest [90m(C:\playwright-project\[39mnode_modules\[4mplaywright[24m\lib\worker\workerMain.js:281:5[90m)[39m
    at WorkerMain.runTestGroup [90m(C:\playwright-project\[39mnode_modules\[4mplaywright[24m\lib\worker\workerMain.js:205:11[90m)[39m
    at process.&lt;anonymous&gt; [90m(C:\playwright-project\[39mnode_modules\[4mplaywright[24m\lib\common\process.js:95:22[90m)[39m {
  fatal: [33mtrue[39m
}
Prueba payWithCard fallida después de 3 intentos.
Confirmation page validation failed: Flight Summary section not found on confirmation page
Intento 1 fallido en payWithCard: Error [ValidationError]: Flight Summary section not found on confirmation page
    at validationConfirmPage [90m(C:\playwright-project\[39msrc\page-objects\confirmation.ts:86:27[90m)[39m
    at validationConfirmationPage [90m(C:\playwright-project\[39msrc\tests\2TipsNoExtraNoSeat.spec.ts:90:3[90m)[39m
    at runWithRetries [90m(C:\playwright-project\[39msrc\tests\2TipsNoExtraNoSeat.spec.ts:121:7[90m)[39m
    at executeTests [90m(C:\playwright-project\[39msrc\tests\2TipsNoExtraNoSeat.spec.ts:221:29[90m)[39m
    at [90mC:\playwright-project\[39msrc\tests\2TipsNoExtraNoSeat.spec.ts:996:30
    at [90mC:\playwright-project\[39mnode_modules\[4mplaywright[24m\lib\worker\workerMain.js:339:9
    at [90mC:\playwright-project\[39mnode_modules\[4mplaywright[24m\lib\worker\testInfo.js:286:11
    at TimeoutManager.withRunnable [90m(C:\playwright-project\[39mnode_modules\[4mplaywright[24m\lib\worker\timeoutManager.js:64:14[90m)[39m
    at TestInfoImpl._runAsStage [90m(C:\playwright-project\[39mnode_modules\[4mplaywright[24m\lib\worker\testInfo.js:284:7[90m)[39m
    at [90mC:\playwright-project\[39mnode_modules\[4mplaywright[24m\lib\worker\workerMain.js:331:7
    at [90mC:\playwright-project\[39mnode_modules\[4mplaywright[24m\lib\worker\testInfo.js:286:11
    at TimeoutManager.withRunnable [90m(C:\playwright-project\[39mnode_modules\[4mplaywright[24m\lib\worker\timeoutManager.js:52:27[90m)[39m
    at TestInfoImpl._runAsStage [90m(C:\playwright-project\[39mnode_modules\[4mplaywright[24m\lib\worker\testInfo.js:284:7[90m)[39m
    at WorkerMain._runTest [90m(C:\playwright-project\[39mnode_modules\[4mplaywright[24m\lib\worker\workerMain.js:281:5[90m)[39m
    at WorkerMain.runTestGroup [90m(C:\playwright-project\[39mnode_modules\[4mplaywright[24m\lib\worker\workerMain.js:205:11[90m)[39m
    at process.&lt;anonymous&gt; [90m(C:\playwright-project\[39mnode_modules\[4mplaywright[24m\lib\common\process.js:95:22[90m)[39m {
  fatal: [33mtrue[39m
}
Confirmation page validation failed: Flight Summary section not found on confirmation page
Intento 2 fallido en payWithCard: Error [ValidationError]: Flight Summary section not found on confirmation page
    at validationConfirmPage [90m(C:\playwright-project\[39msrc\page-objects\confirmation.ts:86:27[90m)[39m
    at validationConfirmationPage [90m(C:\playwright-project\[39msrc\tests\2TipsNoExtraNoSeat.spec.ts:90:3[90m)[39m
    at runWithRetries [90m(C:\playwright-project\[39msrc\tests\2TipsNoExtraNoSeat.spec.ts:121:7[90m)[39m
    at executeTests [90m(C:\playwright-project\[39msrc\tests\2TipsNoExtraNoSeat.spec.ts:221:29[90m)[39m
    at [90mC:\playwright-project\[39msrc\tests\2TipsNoExtraNoSeat.spec.ts:996:30
    at [90mC:\playwright-project\[39mnode_modules\[4mplaywright[24m\lib\worker\workerMain.js:339:9
    at [90mC:\playwright-project\[39mnode_modules\[4mplaywright[24m\lib\worker\testInfo.js:286:11
    at TimeoutManager.withRunnable [90m(C:\playwright-project\[39mnode_modules\[4mplaywright[24m\lib\worker\timeoutManager.js:64:14[90m)[39m
    at TestInfoImpl._runAsStage [90m(C:\playwright-project\[39mnode_modules\[4mplaywright[24m\lib\worker\testInfo.js:284:7[90m)[39m
    at [90mC:\playwright-project\[39mnode_modules\[4mplaywright[24m\lib\worker\workerMain.js:331:7
    at [90mC:\playwright-project\[39mnode_modules\[4mplaywright[24m\lib\worker\testInfo.js:286:11
    at TimeoutManager.withRunnable [90m(C:\playwright-project\[39mnode_modules\[4mplaywright[24m\lib\worker\timeoutManager.js:52:27[90m)[39m
    at TestInfoImpl._runAsStage [90m(C:\playwright-project\[39mnode_modules\[4mplaywright[24m\lib\worker\testInfo.js:284:7[90m)[39m
    at WorkerMain._runTest [90m(C:\playwright-project\[39mnode_modules\[4mplaywright[24m\lib\worker\workerMain.js:281:5[90m)[39m
    at WorkerMain.runTestGroup [90m(C:\playwright-project\[39mnode_modules\[4mplaywright[24m\lib\worker\workerMain.js:205:11[90m)[39m
    at process.&lt;anonymous&gt; [90m(C:\playwright-project\[39mnode_modules\[4mplaywright[24m\lib\common\process.js:95:22[90m)[39m {
  fatal: [33mtrue[39m
}
Confirmation page validation failed: Flight Summary section not found on confirmation page
Intento 3 fallido en payWithCard: Error [ValidationError]: Flight Summary section not found on confirmation page
    at validationConfirmPage [90m(C:\playwright-project\[39msrc\page-objects\confirmation.ts:86:27[90m)[39m
    at validationConfirmationPage [90m(C:\playwright-project\[39msrc\tests\2TipsNoExtraNoSeat.spec.ts:90:3[90m)[39m
    at runWithRetries [90m(C:\playwright-project\[39msrc\tests\2TipsNoExtraNoSeat.spec.ts:121:7[90m)[39m
    at executeTests [90m(C:\playwright-project\[39msrc\tests\2TipsNoExtraNoSeat.spec.ts:221:29[90m)[39m
    at [90mC:\playwright-project\[39msrc\tests\2TipsNoExtraNoSeat.spec.ts:996:30
    at [90mC:\playwright-project\[39mnode_modules\[4mplaywright[24m\lib\worker\workerMain.js:339:9
    at [90mC:\playwright-project\[39mnode_modules\[4mplaywright[24m\lib\worker\testInfo.js:286:11
    at TimeoutManager.withRunnable [90m(C:\playwright-project\[39mnode_modules\[4mplaywright[24m\lib\worker\timeoutManager.js:64:14[90m)[39m
    at TestInfoImpl._runAsStage [90m(C:\playwright-project\[39mnode_modules\[4mplaywright[24m\lib\worker\testInfo.js:284:7[90m)[39m
    at [90mC:\playwright-project\[39mnode_modules\[4mplaywright[24m\lib\worker\workerMain.js:331:7
    at [90mC:\playwright-project\[39mnode_modules\[4mplaywright[24m\lib\worker\testInfo.js:286:11
    at TimeoutManager.withRunnable [90m(C:\playwright-project\[39mnode_modules\[4mplaywright[24m\lib\worker\timeoutManager.js:52:27[90m)[39m
    at TestInfoImpl._runAsStage [90m(C:\playwright-project\[39mnode_modules\[4mplaywright[24m\lib\worker\testInfo.js:284:7[90m)[39m
    at WorkerMain._runTest [90m(C:\playwright-project\[39mnode_modules\[4mplaywright[24m\lib\worker\workerMain.js:281:5[90m)[39m
    at WorkerMain.runTestGroup [90m(C:\playwright-project\[39mnode_modules\[4mplaywright[24m\lib\worker\workerMain.js:205:11[90m)[39m
    at process.&lt;anonymous&gt; [90m(C:\playwright-project\[39mnode_modules\[4mplaywright[24m\lib\common\process.js:95:22[90m)[39m {
  fatal: [33mtrue[39m
}
Prueba payWithCard fallida después de 3 intentos.
Confirmation page validation failed: Flight Summary section not found on confirmation page
Intento 1 fallido en payWithCard: Error [ValidationError]: Flight Summary section not found on confirmation page
    at validationConfirmPage [90m(C:\playwright-project\[39msrc\page-objects\confirmation.ts:86:27[90m)[39m
[90m    at runNextTicks (node:internal/process/task_queues:65:5)[39m
[90m    at processImmediate (node:internal/timers:459:9)[39m
[90m    at process.callbackTrampoline (node:internal/async_hooks:130:17)[39m
    at validationConfirmationPage [90m(C:\playwright-project\[39msrc\tests\2TipsNoExtraNoSeat.spec.ts:90:3[90m)[39m
    at runWithRetries [90m(C:\playwright-project\[39msrc\tests\2TipsNoExtraNoSeat.spec.ts:121:7[90m)[39m
    at executeTests [90m(C:\playwright-project\[39msrc\tests\2TipsNoExtraNoSeat.spec.ts:221:29[90m)[39m
    at [90mC:\playwright-project\[39msrc\tests\2TipsNoExtraNoSeat.spec.ts:996:30
    at [90mC:\playwright-project\[39mnode_modules\[4mplaywright[24m\lib\worker\workerMain.js:339:9
    at [90mC:\playwright-project\[39mnode_modules\[4mplaywright[24m\lib\worker\testInfo.js:286:11
    at TimeoutManager.withRunnable [90m(C:\playwright-project\[39mnode_modules\[4mplaywright[24m\lib\worker\timeoutManager.js:64:14[90m)[39m
    at TestInfoImpl._runAsStage [90m(C:\playwright-project\[39mnode_modules\[4mplaywright[24m\lib\worker\testInfo.js:284:7[90m)[39m
    at [90mC:\playwright-project\[39mnode_modules\[4mplaywright[24m\lib\worker\workerMain.js:331:7
    at [90mC:\playwright-project\[39mnode_modules\[4mplaywright[24m\lib\worker\testInfo.js:286:11
    at TimeoutManager.withRunnable [90m(C:\playwright-project\[39mnode_modules\[4mplaywright[24m\lib\worker\timeoutManager.js:52:27[90m)[39m
    at TestInfoImpl._runAsStage [90m(C:\playwright-project\[39mnode_modules\[4mplaywright[24m\lib\worker\testInfo.js:284:7[90m)[39m
    at WorkerMain._runTest [90m(C:\playwright-project\[39mnode_modules\[4mplaywright[24m\lib\worker\workerMain.js:281:5[90m)[39m
    at WorkerMain.runTestGroup [90m(C:\playwright-project\[39mnode_modules\[4mplaywright[24m\lib\worker\workerMain.js:205:11[90m)[39m
    at process.&lt;anonymous&gt; [90m(C:\playwright-project\[39mnode_modules\[4mplaywright[24m\lib\common\process.js:95:22[90m)[39m {
  fatal: [33mtrue[39m
}
Confirmation page validation failed: Not on confirmation page URL
Intento 2 fallido en payWithCard: Error [ValidationError]: Not on confirmation page URL
    at validationConfirmPage [90m(C:\playwright-project\[39msrc\page-objects\confirmation.ts:94:27[90m)[39m
    at validationConfirmationPage [90m(C:\playwright-project\[39msrc\tests\2TipsNoExtraNoSeat.spec.ts:90:3[90m)[39m
    at runWithRetries [90m(C:\playwright-project\[39msrc\tests\2TipsNoExtraNoSeat.spec.ts:121:7[90m)[39m
    at executeTests [90m(C:\playwright-project\[39msrc\tests\2TipsNoExtraNoSeat.spec.ts:221:29[90m)[39m
    at [90mC:\playwright-project\[39msrc\tests\2TipsNoExtraNoSeat.spec.ts:996:30
    at [90mC:\playwright-project\[39mnode_modules\[4mplaywright[24m\lib\worker\workerMain.js:339:9
    at [90mC:\playwright-project\[39mnode_modules\[4mplaywright[24m\lib\worker\testInfo.js:286:11
    at TimeoutManager.withRunnable [90m(C:\playwright-project\[39mnode_modules\[4mplaywright[24m\lib\worker\timeoutManager.js:64:14[90m)[39m
    at TestInfoImpl._runAsStage [90m(C:\playwright-project\[39mnode_modules\[4mplaywright[24m\lib\worker\testInfo.js:284:7[90m)[39m
    at [90mC:\playwright-project\[39mnode_modules\[4mplaywright[24m\lib\worker\workerMain.js:331:7
    at [90mC:\playwright-project\[39mnode_modules\[4mplaywright[24m\lib\worker\testInfo.js:286:11
    at TimeoutManager.withRunnable [90m(C:\playwright-project\[39mnode_modules\[4mplaywright[24m\lib\worker\timeoutManager.js:52:27[90m)[39m
    at TestInfoImpl._runAsStage [90m(C:\playwright-project\[39mnode_modules\[4mplaywright[24m\lib\worker\testInfo.js:284:7[90m)[39m
    at WorkerMain._runTest [90m(C:\playwright-project\[39mnode_modules\[4mplaywright[24m\lib\worker\workerMain.js:281:5[90m)[39m
    at WorkerMain.runTestGroup [90m(C:\playwright-project\[39mnode_modules\[4mplaywright[24m\lib\worker\workerMain.js:205:11[90m)[39m
    at process.&lt;anonymous&gt; [90m(C:\playwright-project\[39mnode_modules\[4mplaywright[24m\lib\common\process.js:95:22[90m)[39m {
  fatal: [33mtrue[39m
}

</system-err>
</testcase>
<testcase name="19. Compra 1 adt Eco Extra - Eco Comfort - sin assitence › Ejecución completa con reintentos" classname="2TipsNoExtraNoSeat.spec.ts" time="57.509">
<system-out>
Ejecución completa, intento 1 de 5
Ejecutando Booking, intento 1
Fecha de salida seleccionada: { year: [32m'2025'[39m, month: [32m'6'[39m, index: [33m8[39m, value: [33m21[39m }
Fecha de regreso seleccionada: { year: [32m'2025'[39m, month: [32m'6'[39m, index: [33m9[39m, value: [33m24[39m }
Ajustando número de pasajeros
Successfully clicked the element: div.price-cabin:has-text("Economy")
Successfully clicked the element: div.price-cabin:has-text("Economy")
Ejecutando fillPassengerAdult 1, intento 1
Ejecutando fillContact, intento 1
Ejecutando payWithCard, intento 1
Iframe encontrado.
Ejecutando payWithCard, intento 1
Ejecutando payWithCard, intento 2
Ejecutando payWithCard, intento 3
Successfully saved booking code M9WR2 to Excel

</system-out>
<system-err>
Confirmation page validation failed: Flight Summary section not found on confirmation page
Intento 1 fallido en payWithCard: Error [ValidationError]: Flight Summary section not found on confirmation page
    at validationConfirmPage [90m(C:\playwright-project\[39msrc\page-objects\confirmation.ts:86:27[90m)[39m
[90m    at runNextTicks (node:internal/process/task_queues:65:5)[39m
[90m    at processImmediate (node:internal/timers:459:9)[39m
[90m    at process.callbackTrampoline (node:internal/async_hooks:130:17)[39m
    at validationConfirmationPage [90m(C:\playwright-project\[39msrc\tests\2TipsNoExtraNoSeat.spec.ts:90:3[90m)[39m
    at runWithRetries [90m(C:\playwright-project\[39msrc\tests\2TipsNoExtraNoSeat.spec.ts:121:7[90m)[39m
    at executeTests [90m(C:\playwright-project\[39msrc\tests\2TipsNoExtraNoSeat.spec.ts:221:29[90m)[39m
    at [90mC:\playwright-project\[39msrc\tests\2TipsNoExtraNoSeat.spec.ts:1038:30
    at [90mC:\playwright-project\[39mnode_modules\[4mplaywright[24m\lib\worker\workerMain.js:339:9
    at [90mC:\playwright-project\[39mnode_modules\[4mplaywright[24m\lib\worker\testInfo.js:286:11
    at TimeoutManager.withRunnable [90m(C:\playwright-project\[39mnode_modules\[4mplaywright[24m\lib\worker\timeoutManager.js:64:14[90m)[39m
    at TestInfoImpl._runAsStage [90m(C:\playwright-project\[39mnode_modules\[4mplaywright[24m\lib\worker\testInfo.js:284:7[90m)[39m
    at [90mC:\playwright-project\[39mnode_modules\[4mplaywright[24m\lib\worker\workerMain.js:331:7
    at [90mC:\playwright-project\[39mnode_modules\[4mplaywright[24m\lib\worker\testInfo.js:286:11
    at TimeoutManager.withRunnable [90m(C:\playwright-project\[39mnode_modules\[4mplaywright[24m\lib\worker\timeoutManager.js:52:27[90m)[39m
    at TestInfoImpl._runAsStage [90m(C:\playwright-project\[39mnode_modules\[4mplaywright[24m\lib\worker\testInfo.js:284:7[90m)[39m
    at WorkerMain._runTest [90m(C:\playwright-project\[39mnode_modules\[4mplaywright[24m\lib\worker\workerMain.js:281:5[90m)[39m
    at WorkerMain.runTestGroup [90m(C:\playwright-project\[39mnode_modules\[4mplaywright[24m\lib\worker\workerMain.js:205:11[90m)[39m
    at process.&lt;anonymous&gt; [90m(C:\playwright-project\[39mnode_modules\[4mplaywright[24m\lib\common\process.js:95:22[90m)[39m {
  fatal: [33mtrue[39m
}
Confirmation page validation failed: Not on confirmation page URL
Intento 2 fallido en payWithCard: Error [ValidationError]: Not on confirmation page URL
    at validationConfirmPage [90m(C:\playwright-project\[39msrc\page-objects\confirmation.ts:94:27[90m)[39m
[90m    at runNextTicks (node:internal/process/task_queues:65:5)[39m
[90m    at processImmediate (node:internal/timers:459:9)[39m
[90m    at process.callbackTrampoline (node:internal/async_hooks:130:17)[39m
    at validationConfirmationPage [90m(C:\playwright-project\[39msrc\tests\2TipsNoExtraNoSeat.spec.ts:90:3[90m)[39m
    at runWithRetries [90m(C:\playwright-project\[39msrc\tests\2TipsNoExtraNoSeat.spec.ts:121:7[90m)[39m
    at executeTests [90m(C:\playwright-project\[39msrc\tests\2TipsNoExtraNoSeat.spec.ts:221:29[90m)[39m
    at [90mC:\playwright-project\[39msrc\tests\2TipsNoExtraNoSeat.spec.ts:1038:30
    at [90mC:\playwright-project\[39mnode_modules\[4mplaywright[24m\lib\worker\workerMain.js:339:9
    at [90mC:\playwright-project\[39mnode_modules\[4mplaywright[24m\lib\worker\testInfo.js:286:11
    at TimeoutManager.withRunnable [90m(C:\playwright-project\[39mnode_modules\[4mplaywright[24m\lib\worker\timeoutManager.js:64:14[90m)[39m
    at TestInfoImpl._runAsStage [90m(C:\playwright-project\[39mnode_modules\[4mplaywright[24m\lib\worker\testInfo.js:284:7[90m)[39m
    at [90mC:\playwright-project\[39mnode_modules\[4mplaywright[24m\lib\worker\workerMain.js:331:7
    at [90mC:\playwright-project\[39mnode_modules\[4mplaywright[24m\lib\worker\testInfo.js:286:11
    at TimeoutManager.withRunnable [90m(C:\playwright-project\[39mnode_modules\[4mplaywright[24m\lib\worker\timeoutManager.js:52:27[90m)[39m
    at TestInfoImpl._runAsStage [90m(C:\playwright-project\[39mnode_modules\[4mplaywright[24m\lib\worker\testInfo.js:284:7[90m)[39m
    at WorkerMain._runTest [90m(C:\playwright-project\[39mnode_modules\[4mplaywright[24m\lib\worker\workerMain.js:281:5[90m)[39m
    at WorkerMain.runTestGroup [90m(C:\playwright-project\[39mnode_modules\[4mplaywright[24m\lib\worker\workerMain.js:205:11[90m)[39m
    at process.&lt;anonymous&gt; [90m(C:\playwright-project\[39mnode_modules\[4mplaywright[24m\lib\common\process.js:95:22[90m)[39m {
  fatal: [33mtrue[39m
}

</system-err>
</testcase>
<testcase name="20. Compra 1 adt Eco Extra - Eco Extra - sin assitence › Ejecución completa con reintentos" classname="2TipsNoExtraNoSeat.spec.ts" time="76.697">
<system-out>
Ejecución completa, intento 1 de 5
Ejecutando Booking, intento 1
Fecha de salida seleccionada: { year: [32m'2025'[39m, month: [32m'6'[39m, index: [33m10[39m, value: [33m26[39m }
Fecha de regreso seleccionada: { year: [32m'2025'[39m, month: [32m'6'[39m, index: [33m11[39m, value: [33m28[39m }
Ajustando número de pasajeros
Successfully clicked the element: div.price-cabin:has-text("Economy")
Successfully clicked the element: div.price-cabin:has-text("Economy")
Ejecutando fillPassengerAdult 1, intento 1
Ejecutando fillContact, intento 1
Ejecutando payWithCard, intento 1
Iframe encontrado.
Ejecutando payWithCard, intento 1
Ejecutando payWithCard, intento 2
Ejecutando payWithCard, intento 3
Successfully saved booking code M9WRB to Excel

</system-out>
<system-err>
Confirmation page validation failed: Flight Summary section not found on confirmation page
Intento 1 fallido en payWithCard: Error [ValidationError]: Flight Summary section not found on confirmation page
    at validationConfirmPage [90m(C:\playwright-project\[39msrc\page-objects\confirmation.ts:86:27[90m)[39m
[90m    at runNextTicks (node:internal/process/task_queues:65:5)[39m
[90m    at processImmediate (node:internal/timers:459:9)[39m
[90m    at process.callbackTrampoline (node:internal/async_hooks:130:17)[39m
    at validationConfirmationPage [90m(C:\playwright-project\[39msrc\tests\2TipsNoExtraNoSeat.spec.ts:90:3[90m)[39m
    at runWithRetries [90m(C:\playwright-project\[39msrc\tests\2TipsNoExtraNoSeat.spec.ts:121:7[90m)[39m
    at executeTests [90m(C:\playwright-project\[39msrc\tests\2TipsNoExtraNoSeat.spec.ts:221:29[90m)[39m
    at [90mC:\playwright-project\[39msrc\tests\2TipsNoExtraNoSeat.spec.ts:1080:30
    at [90mC:\playwright-project\[39mnode_modules\[4mplaywright[24m\lib\worker\workerMain.js:339:9
    at [90mC:\playwright-project\[39mnode_modules\[4mplaywright[24m\lib\worker\testInfo.js:286:11
    at TimeoutManager.withRunnable [90m(C:\playwright-project\[39mnode_modules\[4mplaywright[24m\lib\worker\timeoutManager.js:64:14[90m)[39m
    at TestInfoImpl._runAsStage [90m(C:\playwright-project\[39mnode_modules\[4mplaywright[24m\lib\worker\testInfo.js:284:7[90m)[39m
    at [90mC:\playwright-project\[39mnode_modules\[4mplaywright[24m\lib\worker\workerMain.js:331:7
    at [90mC:\playwright-project\[39mnode_modules\[4mplaywright[24m\lib\worker\testInfo.js:286:11
    at TimeoutManager.withRunnable [90m(C:\playwright-project\[39mnode_modules\[4mplaywright[24m\lib\worker\timeoutManager.js:52:27[90m)[39m
    at TestInfoImpl._runAsStage [90m(C:\playwright-project\[39mnode_modules\[4mplaywright[24m\lib\worker\testInfo.js:284:7[90m)[39m
    at WorkerMain._runTest [90m(C:\playwright-project\[39mnode_modules\[4mplaywright[24m\lib\worker\workerMain.js:281:5[90m)[39m
    at WorkerMain.runTestGroup [90m(C:\playwright-project\[39mnode_modules\[4mplaywright[24m\lib\worker\workerMain.js:205:11[90m)[39m
    at process.&lt;anonymous&gt; [90m(C:\playwright-project\[39mnode_modules\[4mplaywright[24m\lib\common\process.js:95:22[90m)[39m {
  fatal: [33mtrue[39m
}
Confirmation page validation failed: Not on confirmation page URL
Intento 2 fallido en payWithCard: Error [ValidationError]: Not on confirmation page URL
    at validationConfirmPage [90m(C:\playwright-project\[39msrc\page-objects\confirmation.ts:94:27[90m)[39m
    at validationConfirmationPage [90m(C:\playwright-project\[39msrc\tests\2TipsNoExtraNoSeat.spec.ts:90:3[90m)[39m
    at runWithRetries [90m(C:\playwright-project\[39msrc\tests\2TipsNoExtraNoSeat.spec.ts:121:7[90m)[39m
    at executeTests [90m(C:\playwright-project\[39msrc\tests\2TipsNoExtraNoSeat.spec.ts:221:29[90m)[39m
    at [90mC:\playwright-project\[39msrc\tests\2TipsNoExtraNoSeat.spec.ts:1080:30
    at [90mC:\playwright-project\[39mnode_modules\[4mplaywright[24m\lib\worker\workerMain.js:339:9
    at [90mC:\playwright-project\[39mnode_modules\[4mplaywright[24m\lib\worker\testInfo.js:286:11
    at TimeoutManager.withRunnable [90m(C:\playwright-project\[39mnode_modules\[4mplaywright[24m\lib\worker\timeoutManager.js:64:14[90m)[39m
    at TestInfoImpl._runAsStage [90m(C:\playwright-project\[39mnode_modules\[4mplaywright[24m\lib\worker\testInfo.js:284:7[90m)[39m
    at [90mC:\playwright-project\[39mnode_modules\[4mplaywright[24m\lib\worker\workerMain.js:331:7
    at [90mC:\playwright-project\[39mnode_modules\[4mplaywright[24m\lib\worker\testInfo.js:286:11
    at TimeoutManager.withRunnable [90m(C:\playwright-project\[39mnode_modules\[4mplaywright[24m\lib\worker\timeoutManager.js:52:27[90m)[39m
    at TestInfoImpl._runAsStage [90m(C:\playwright-project\[39mnode_modules\[4mplaywright[24m\lib\worker\testInfo.js:284:7[90m)[39m
    at WorkerMain._runTest [90m(C:\playwright-project\[39mnode_modules\[4mplaywright[24m\lib\worker\workerMain.js:281:5[90m)[39m
    at WorkerMain.runTestGroup [90m(C:\playwright-project\[39mnode_modules\[4mplaywright[24m\lib\worker\workerMain.js:205:11[90m)[39m
    at process.&lt;anonymous&gt; [90m(C:\playwright-project\[39mnode_modules\[4mplaywright[24m\lib\common\process.js:95:22[90m)[39m {
  fatal: [33mtrue[39m
}

</system-err>
</testcase>
<testcase name="21. Compra 1 adt Eco Extra - PremLight - sin assitence › Ejecución completa con reintentos" classname="2TipsNoExtraNoSeat.spec.ts" time="61.766">
<system-out>
Ejecución completa, intento 1 de 5
Ejecutando Booking, intento 1
Fecha de salida seleccionada: { year: [32m'2025'[39m, month: [32m'6'[39m, index: [33m2[39m, value: [33m7[39m }
Fecha de regreso seleccionada: { year: [32m'2025'[39m, month: [32m'6'[39m, index: [33m3[39m, value: [33m10[39m }
Ajustando número de pasajeros
Successfully clicked the element: div.price-cabin:has-text("Economy")
Successfully clicked the element: div.price-cabin:has-text("Premium")
Ejecutando fillPassengerAdult 1, intento 1
Ejecutando fillContact, intento 1
Ejecutando payWithCard, intento 1
Iframe encontrado.
Ejecutando payWithCard, intento 1
Ejecutando payWithCard, intento 2
Ejecutando payWithCard, intento 3
Successfully saved booking code M9WR9 to Excel

</system-out>
<system-err>
Confirmation page validation failed: Flight Summary section not found on confirmation page
Intento 1 fallido en payWithCard: Error [ValidationError]: Flight Summary section not found on confirmation page
    at validationConfirmPage [90m(C:\playwright-project\[39msrc\page-objects\confirmation.ts:86:27[90m)[39m
[90m    at runNextTicks (node:internal/process/task_queues:65:5)[39m
[90m    at processImmediate (node:internal/timers:459:9)[39m
[90m    at process.callbackTrampoline (node:internal/async_hooks:130:17)[39m
    at validationConfirmationPage [90m(C:\playwright-project\[39msrc\tests\2TipsNoExtraNoSeat.spec.ts:90:3[90m)[39m
    at runWithRetries [90m(C:\playwright-project\[39msrc\tests\2TipsNoExtraNoSeat.spec.ts:121:7[90m)[39m
    at executeTests [90m(C:\playwright-project\[39msrc\tests\2TipsNoExtraNoSeat.spec.ts:221:29[90m)[39m
    at [90mC:\playwright-project\[39msrc\tests\2TipsNoExtraNoSeat.spec.ts:1122:30
    at [90mC:\playwright-project\[39mnode_modules\[4mplaywright[24m\lib\worker\workerMain.js:339:9
    at [90mC:\playwright-project\[39mnode_modules\[4mplaywright[24m\lib\worker\testInfo.js:286:11
    at TimeoutManager.withRunnable [90m(C:\playwright-project\[39mnode_modules\[4mplaywright[24m\lib\worker\timeoutManager.js:64:14[90m)[39m
    at TestInfoImpl._runAsStage [90m(C:\playwright-project\[39mnode_modules\[4mplaywright[24m\lib\worker\testInfo.js:284:7[90m)[39m
    at [90mC:\playwright-project\[39mnode_modules\[4mplaywright[24m\lib\worker\workerMain.js:331:7
    at [90mC:\playwright-project\[39mnode_modules\[4mplaywright[24m\lib\worker\testInfo.js:286:11
    at TimeoutManager.withRunnable [90m(C:\playwright-project\[39mnode_modules\[4mplaywright[24m\lib\worker\timeoutManager.js:52:27[90m)[39m
    at TestInfoImpl._runAsStage [90m(C:\playwright-project\[39mnode_modules\[4mplaywright[24m\lib\worker\testInfo.js:284:7[90m)[39m
    at WorkerMain._runTest [90m(C:\playwright-project\[39mnode_modules\[4mplaywright[24m\lib\worker\workerMain.js:281:5[90m)[39m
    at WorkerMain.runTestGroup [90m(C:\playwright-project\[39mnode_modules\[4mplaywright[24m\lib\worker\workerMain.js:205:11[90m)[39m
    at process.&lt;anonymous&gt; [90m(C:\playwright-project\[39mnode_modules\[4mplaywright[24m\lib\common\process.js:95:22[90m)[39m {
  fatal: [33mtrue[39m
}
Confirmation page validation failed: Not on confirmation page URL
Intento 2 fallido en payWithCard: Error [ValidationError]: Not on confirmation page URL
    at validationConfirmPage [90m(C:\playwright-project\[39msrc\page-objects\confirmation.ts:94:27[90m)[39m
    at validationConfirmationPage [90m(C:\playwright-project\[39msrc\tests\2TipsNoExtraNoSeat.spec.ts:90:3[90m)[39m
    at runWithRetries [90m(C:\playwright-project\[39msrc\tests\2TipsNoExtraNoSeat.spec.ts:121:7[90m)[39m
    at executeTests [90m(C:\playwright-project\[39msrc\tests\2TipsNoExtraNoSeat.spec.ts:221:29[90m)[39m
    at [90mC:\playwright-project\[39msrc\tests\2TipsNoExtraNoSeat.spec.ts:1122:30
    at [90mC:\playwright-project\[39mnode_modules\[4mplaywright[24m\lib\worker\workerMain.js:339:9
    at [90mC:\playwright-project\[39mnode_modules\[4mplaywright[24m\lib\worker\testInfo.js:286:11
    at TimeoutManager.withRunnable [90m(C:\playwright-project\[39mnode_modules\[4mplaywright[24m\lib\worker\timeoutManager.js:64:14[90m)[39m
    at TestInfoImpl._runAsStage [90m(C:\playwright-project\[39mnode_modules\[4mplaywright[24m\lib\worker\testInfo.js:284:7[90m)[39m
    at [90mC:\playwright-project\[39mnode_modules\[4mplaywright[24m\lib\worker\workerMain.js:331:7
    at [90mC:\playwright-project\[39mnode_modules\[4mplaywright[24m\lib\worker\testInfo.js:286:11
    at TimeoutManager.withRunnable [90m(C:\playwright-project\[39mnode_modules\[4mplaywright[24m\lib\worker\timeoutManager.js:52:27[90m)[39m
    at TestInfoImpl._runAsStage [90m(C:\playwright-project\[39mnode_modules\[4mplaywright[24m\lib\worker\testInfo.js:284:7[90m)[39m
    at WorkerMain._runTest [90m(C:\playwright-project\[39mnode_modules\[4mplaywright[24m\lib\worker\workerMain.js:281:5[90m)[39m
    at WorkerMain.runTestGroup [90m(C:\playwright-project\[39mnode_modules\[4mplaywright[24m\lib\worker\workerMain.js:205:11[90m)[39m
    at process.&lt;anonymous&gt; [90m(C:\playwright-project\[39mnode_modules\[4mplaywright[24m\lib\common\process.js:95:22[90m)[39m {
  fatal: [33mtrue[39m
}

</system-err>
</testcase>
<testcase name="22. Compra 1 adt Eco Extra - PremComfort - sin assitence › Ejecución completa con reintentos" classname="2TipsNoExtraNoSeat.spec.ts" time="64.047">
<system-out>
Ejecución completa, intento 1 de 5
Ejecutando Booking, intento 1
Fecha de salida seleccionada: { year: [32m'2025'[39m, month: [32m'6'[39m, index: [33m8[39m, value: [33m21[39m }
Fecha de regreso seleccionada: { year: [32m'2025'[39m, month: [32m'6'[39m, index: [33m9[39m, value: [33m24[39m }
Ajustando número de pasajeros
Successfully clicked the element: div.price-cabin:has-text("Economy")
Successfully clicked the element: div.price-cabin:has-text("Premium")
Ejecutando fillPassengerAdult 1, intento 1
Ejecutando fillContact, intento 1
Ejecutando payWithCard, intento 1
Iframe encontrado.
Ejecutando payWithCard, intento 1
Ejecutando payWithCard, intento 2
Ejecutando payWithCard, intento 3
Successfully saved booking code M9WRF to Excel

</system-out>
<system-err>
Confirmation page validation failed: Flight Summary section not found on confirmation page
Intento 1 fallido en payWithCard: Error [ValidationError]: Flight Summary section not found on confirmation page
    at validationConfirmPage [90m(C:\playwright-project\[39msrc\page-objects\confirmation.ts:86:27[90m)[39m
[90m    at runNextTicks (node:internal/process/task_queues:65:5)[39m
[90m    at processImmediate (node:internal/timers:459:9)[39m
[90m    at process.callbackTrampoline (node:internal/async_hooks:130:17)[39m
    at validationConfirmationPage [90m(C:\playwright-project\[39msrc\tests\2TipsNoExtraNoSeat.spec.ts:90:3[90m)[39m
    at runWithRetries [90m(C:\playwright-project\[39msrc\tests\2TipsNoExtraNoSeat.spec.ts:121:7[90m)[39m
    at executeTests [90m(C:\playwright-project\[39msrc\tests\2TipsNoExtraNoSeat.spec.ts:221:29[90m)[39m
    at [90mC:\playwright-project\[39msrc\tests\2TipsNoExtraNoSeat.spec.ts:1165:30
    at [90mC:\playwright-project\[39mnode_modules\[4mplaywright[24m\lib\worker\workerMain.js:339:9
    at [90mC:\playwright-project\[39mnode_modules\[4mplaywright[24m\lib\worker\testInfo.js:286:11
    at TimeoutManager.withRunnable [90m(C:\playwright-project\[39mnode_modules\[4mplaywright[24m\lib\worker\timeoutManager.js:64:14[90m)[39m
    at TestInfoImpl._runAsStage [90m(C:\playwright-project\[39mnode_modules\[4mplaywright[24m\lib\worker\testInfo.js:284:7[90m)[39m
    at [90mC:\playwright-project\[39mnode_modules\[4mplaywright[24m\lib\worker\workerMain.js:331:7
    at [90mC:\playwright-project\[39mnode_modules\[4mplaywright[24m\lib\worker\testInfo.js:286:11
    at TimeoutManager.withRunnable [90m(C:\playwright-project\[39mnode_modules\[4mplaywright[24m\lib\worker\timeoutManager.js:52:27[90m)[39m
    at TestInfoImpl._runAsStage [90m(C:\playwright-project\[39mnode_modules\[4mplaywright[24m\lib\worker\testInfo.js:284:7[90m)[39m
    at WorkerMain._runTest [90m(C:\playwright-project\[39mnode_modules\[4mplaywright[24m\lib\worker\workerMain.js:281:5[90m)[39m
    at WorkerMain.runTestGroup [90m(C:\playwright-project\[39mnode_modules\[4mplaywright[24m\lib\worker\workerMain.js:205:11[90m)[39m
    at process.&lt;anonymous&gt; [90m(C:\playwright-project\[39mnode_modules\[4mplaywright[24m\lib\common\process.js:95:22[90m)[39m {
  fatal: [33mtrue[39m
}
Confirmation page validation failed: Not on confirmation page URL
Intento 2 fallido en payWithCard: Error [ValidationError]: Not on confirmation page URL
    at validationConfirmPage [90m(C:\playwright-project\[39msrc\page-objects\confirmation.ts:94:27[90m)[39m
[90m    at runNextTicks (node:internal/process/task_queues:65:5)[39m
[90m    at processImmediate (node:internal/timers:459:9)[39m
[90m    at process.callbackTrampoline (node:internal/async_hooks:130:17)[39m
    at validationConfirmationPage [90m(C:\playwright-project\[39msrc\tests\2TipsNoExtraNoSeat.spec.ts:90:3[90m)[39m
    at runWithRetries [90m(C:\playwright-project\[39msrc\tests\2TipsNoExtraNoSeat.spec.ts:121:7[90m)[39m
    at executeTests [90m(C:\playwright-project\[39msrc\tests\2TipsNoExtraNoSeat.spec.ts:221:29[90m)[39m
    at [90mC:\playwright-project\[39msrc\tests\2TipsNoExtraNoSeat.spec.ts:1165:30
    at [90mC:\playwright-project\[39mnode_modules\[4mplaywright[24m\lib\worker\workerMain.js:339:9
    at [90mC:\playwright-project\[39mnode_modules\[4mplaywright[24m\lib\worker\testInfo.js:286:11
    at TimeoutManager.withRunnable [90m(C:\playwright-project\[39mnode_modules\[4mplaywright[24m\lib\worker\timeoutManager.js:64:14[90m)[39m
    at TestInfoImpl._runAsStage [90m(C:\playwright-project\[39mnode_modules\[4mplaywright[24m\lib\worker\testInfo.js:284:7[90m)[39m
    at [90mC:\playwright-project\[39mnode_modules\[4mplaywright[24m\lib\worker\workerMain.js:331:7
    at [90mC:\playwright-project\[39mnode_modules\[4mplaywright[24m\lib\worker\testInfo.js:286:11
    at TimeoutManager.withRunnable [90m(C:\playwright-project\[39mnode_modules\[4mplaywright[24m\lib\worker\timeoutManager.js:52:27[90m)[39m
    at TestInfoImpl._runAsStage [90m(C:\playwright-project\[39mnode_modules\[4mplaywright[24m\lib\worker\testInfo.js:284:7[90m)[39m
    at WorkerMain._runTest [90m(C:\playwright-project\[39mnode_modules\[4mplaywright[24m\lib\worker\workerMain.js:281:5[90m)[39m
    at WorkerMain.runTestGroup [90m(C:\playwright-project\[39mnode_modules\[4mplaywright[24m\lib\worker\workerMain.js:205:11[90m)[39m
    at process.&lt;anonymous&gt; [90m(C:\playwright-project\[39mnode_modules\[4mplaywright[24m\lib\common\process.js:95:22[90m)[39m {
  fatal: [33mtrue[39m
}

</system-err>
</testcase>
<testcase name="23. Compra 1 adt Eco Extra - PremExtra - sin assitence › Ejecución completa con reintentos" classname="2TipsNoExtraNoSeat.spec.ts" time="62.531">
<system-out>
Ejecución completa, intento 1 de 5
Ejecutando Booking, intento 1
Fecha de salida seleccionada: { year: [32m'2025'[39m, month: [32m'6'[39m, index: [33m9[39m, value: [33m24[39m }
Fecha de regreso seleccionada: { year: [32m'2025'[39m, month: [32m'6'[39m, index: [33m10[39m, value: [33m26[39m }
Ajustando número de pasajeros
Successfully clicked the element: div.price-cabin:has-text("Economy")
Successfully clicked the element: div.price-cabin:has-text("Premium")
Ejecutando fillPassengerAdult 1, intento 1
Ejecutando fillContact, intento 1
Ejecutando payWithCard, intento 1
Iframe encontrado.
Ejecutando payWithCard, intento 1
Ejecutando payWithCard, intento 2
Ejecutando payWithCard, intento 3
Successfully saved booking code M9WRG to Excel

</system-out>
<system-err>
Confirmation page validation failed: Flight Summary section not found on confirmation page
Intento 1 fallido en payWithCard: Error [ValidationError]: Flight Summary section not found on confirmation page
    at validationConfirmPage [90m(C:\playwright-project\[39msrc\page-objects\confirmation.ts:86:27[90m)[39m
[90m    at runNextTicks (node:internal/process/task_queues:65:5)[39m
[90m    at processImmediate (node:internal/timers:459:9)[39m
[90m    at process.callbackTrampoline (node:internal/async_hooks:130:17)[39m
    at validationConfirmationPage [90m(C:\playwright-project\[39msrc\tests\2TipsNoExtraNoSeat.spec.ts:90:3[90m)[39m
    at runWithRetries [90m(C:\playwright-project\[39msrc\tests\2TipsNoExtraNoSeat.spec.ts:121:7[90m)[39m
    at executeTests [90m(C:\playwright-project\[39msrc\tests\2TipsNoExtraNoSeat.spec.ts:221:29[90m)[39m
    at [90mC:\playwright-project\[39msrc\tests\2TipsNoExtraNoSeat.spec.ts:1208:30
    at [90mC:\playwright-project\[39mnode_modules\[4mplaywright[24m\lib\worker\workerMain.js:339:9
    at [90mC:\playwright-project\[39mnode_modules\[4mplaywright[24m\lib\worker\testInfo.js:286:11
    at TimeoutManager.withRunnable [90m(C:\playwright-project\[39mnode_modules\[4mplaywright[24m\lib\worker\timeoutManager.js:64:14[90m)[39m
    at TestInfoImpl._runAsStage [90m(C:\playwright-project\[39mnode_modules\[4mplaywright[24m\lib\worker\testInfo.js:284:7[90m)[39m
    at [90mC:\playwright-project\[39mnode_modules\[4mplaywright[24m\lib\worker\workerMain.js:331:7
    at [90mC:\playwright-project\[39mnode_modules\[4mplaywright[24m\lib\worker\testInfo.js:286:11
    at TimeoutManager.withRunnable [90m(C:\playwright-project\[39mnode_modules\[4mplaywright[24m\lib\worker\timeoutManager.js:52:27[90m)[39m
    at TestInfoImpl._runAsStage [90m(C:\playwright-project\[39mnode_modules\[4mplaywright[24m\lib\worker\testInfo.js:284:7[90m)[39m
    at WorkerMain._runTest [90m(C:\playwright-project\[39mnode_modules\[4mplaywright[24m\lib\worker\workerMain.js:281:5[90m)[39m
    at WorkerMain.runTestGroup [90m(C:\playwright-project\[39mnode_modules\[4mplaywright[24m\lib\worker\workerMain.js:205:11[90m)[39m
    at process.&lt;anonymous&gt; [90m(C:\playwright-project\[39mnode_modules\[4mplaywright[24m\lib\common\process.js:95:22[90m)[39m {
  fatal: [33mtrue[39m
}
Confirmation page validation failed: Not on confirmation page URL
Intento 2 fallido en payWithCard: Error [ValidationError]: Not on confirmation page URL
    at validationConfirmPage [90m(C:\playwright-project\[39msrc\page-objects\confirmation.ts:94:27[90m)[39m
    at validationConfirmationPage [90m(C:\playwright-project\[39msrc\tests\2TipsNoExtraNoSeat.spec.ts:90:3[90m)[39m
    at runWithRetries [90m(C:\playwright-project\[39msrc\tests\2TipsNoExtraNoSeat.spec.ts:121:7[90m)[39m
    at executeTests [90m(C:\playwright-project\[39msrc\tests\2TipsNoExtraNoSeat.spec.ts:221:29[90m)[39m
    at [90mC:\playwright-project\[39msrc\tests\2TipsNoExtraNoSeat.spec.ts:1208:30
    at [90mC:\playwright-project\[39mnode_modules\[4mplaywright[24m\lib\worker\workerMain.js:339:9
    at [90mC:\playwright-project\[39mnode_modules\[4mplaywright[24m\lib\worker\testInfo.js:286:11
    at TimeoutManager.withRunnable [90m(C:\playwright-project\[39mnode_modules\[4mplaywright[24m\lib\worker\timeoutManager.js:64:14[90m)[39m
    at TestInfoImpl._runAsStage [90m(C:\playwright-project\[39mnode_modules\[4mplaywright[24m\lib\worker\testInfo.js:284:7[90m)[39m
    at [90mC:\playwright-project\[39mnode_modules\[4mplaywright[24m\lib\worker\workerMain.js:331:7
    at [90mC:\playwright-project\[39mnode_modules\[4mplaywright[24m\lib\worker\testInfo.js:286:11
    at TimeoutManager.withRunnable [90m(C:\playwright-project\[39mnode_modules\[4mplaywright[24m\lib\worker\timeoutManager.js:52:27[90m)[39m
    at TestInfoImpl._runAsStage [90m(C:\playwright-project\[39mnode_modules\[4mplaywright[24m\lib\worker\testInfo.js:284:7[90m)[39m
    at WorkerMain._runTest [90m(C:\playwright-project\[39mnode_modules\[4mplaywright[24m\lib\worker\workerMain.js:281:5[90m)[39m
    at WorkerMain.runTestGroup [90m(C:\playwright-project\[39mnode_modules\[4mplaywright[24m\lib\worker\workerMain.js:205:11[90m)[39m
    at process.&lt;anonymous&gt; [90m(C:\playwright-project\[39mnode_modules\[4mplaywright[24m\lib\common\process.js:95:22[90m)[39m {
  fatal: [33mtrue[39m
}

</system-err>
</testcase>
<testcase name="24. Compra 1 adt PremLight - Eco Light - sin assitence › Ejecución completa con reintentos" classname="2TipsNoExtraNoSeat.spec.ts" time="80.171">
<system-out>
Ejecución completa, intento 1 de 5
Ejecutando Booking, intento 1
Fecha de salida seleccionada: { year: [32m'2025'[39m, month: [32m'6'[39m, index: [33m5[39m, value: [33m14[39m }
Fecha de regreso seleccionada: { year: [32m'2025'[39m, month: [32m'6'[39m, index: [33m6[39m, value: [33m17[39m }
Ajustando número de pasajeros
Successfully clicked the element: div.price-cabin:has-text("Premium")
Successfully clicked the element: div.price-cabin:has-text("Economy")
Ejecutando fillPassengerAdult 1, intento 1
Ejecutando fillContact, intento 1
Ejecutando payWithCard, intento 1
Iframe encontrado.
Ejecutando payWithCard, intento 1
Ejecutando payWithCard, intento 2
Ejecutando payWithCard, intento 3
Successfully saved booking code M9WRM to Excel

</system-out>
<system-err>
Confirmation page validation failed: Flight Summary section not found on confirmation page
Intento 1 fallido en payWithCard: Error [ValidationError]: Flight Summary section not found on confirmation page
    at validationConfirmPage [90m(C:\playwright-project\[39msrc\page-objects\confirmation.ts:86:27[90m)[39m
[90m    at runNextTicks (node:internal/process/task_queues:65:5)[39m
[90m    at processImmediate (node:internal/timers:459:9)[39m
[90m    at process.callbackTrampoline (node:internal/async_hooks:130:17)[39m
    at validationConfirmationPage [90m(C:\playwright-project\[39msrc\tests\2TipsNoExtraNoSeat.spec.ts:90:3[90m)[39m
    at runWithRetries [90m(C:\playwright-project\[39msrc\tests\2TipsNoExtraNoSeat.spec.ts:121:7[90m)[39m
    at executeTests [90m(C:\playwright-project\[39msrc\tests\2TipsNoExtraNoSeat.spec.ts:221:29[90m)[39m
    at [90mC:\playwright-project\[39msrc\tests\2TipsNoExtraNoSeat.spec.ts:1250:30
    at [90mC:\playwright-project\[39mnode_modules\[4mplaywright[24m\lib\worker\workerMain.js:339:9
    at [90mC:\playwright-project\[39mnode_modules\[4mplaywright[24m\lib\worker\testInfo.js:286:11
    at TimeoutManager.withRunnable [90m(C:\playwright-project\[39mnode_modules\[4mplaywright[24m\lib\worker\timeoutManager.js:64:14[90m)[39m
    at TestInfoImpl._runAsStage [90m(C:\playwright-project\[39mnode_modules\[4mplaywright[24m\lib\worker\testInfo.js:284:7[90m)[39m
    at [90mC:\playwright-project\[39mnode_modules\[4mplaywright[24m\lib\worker\workerMain.js:331:7
    at [90mC:\playwright-project\[39mnode_modules\[4mplaywright[24m\lib\worker\testInfo.js:286:11
    at TimeoutManager.withRunnable [90m(C:\playwright-project\[39mnode_modules\[4mplaywright[24m\lib\worker\timeoutManager.js:52:27[90m)[39m
    at TestInfoImpl._runAsStage [90m(C:\playwright-project\[39mnode_modules\[4mplaywright[24m\lib\worker\testInfo.js:284:7[90m)[39m
    at WorkerMain._runTest [90m(C:\playwright-project\[39mnode_modules\[4mplaywright[24m\lib\worker\workerMain.js:281:5[90m)[39m
    at WorkerMain.runTestGroup [90m(C:\playwright-project\[39mnode_modules\[4mplaywright[24m\lib\worker\workerMain.js:205:11[90m)[39m
    at process.&lt;anonymous&gt; [90m(C:\playwright-project\[39mnode_modules\[4mplaywright[24m\lib\common\process.js:95:22[90m)[39m {
  fatal: [33mtrue[39m
}
Confirmation page validation failed: Not on confirmation page URL
Intento 2 fallido en payWithCard: Error [ValidationError]: Not on confirmation page URL
    at validationConfirmPage [90m(C:\playwright-project\[39msrc\page-objects\confirmation.ts:94:27[90m)[39m
    at validationConfirmationPage [90m(C:\playwright-project\[39msrc\tests\2TipsNoExtraNoSeat.spec.ts:90:3[90m)[39m
    at runWithRetries [90m(C:\playwright-project\[39msrc\tests\2TipsNoExtraNoSeat.spec.ts:121:7[90m)[39m
    at executeTests [90m(C:\playwright-project\[39msrc\tests\2TipsNoExtraNoSeat.spec.ts:221:29[90m)[39m
    at [90mC:\playwright-project\[39msrc\tests\2TipsNoExtraNoSeat.spec.ts:1250:30
    at [90mC:\playwright-project\[39mnode_modules\[4mplaywright[24m\lib\worker\workerMain.js:339:9
    at [90mC:\playwright-project\[39mnode_modules\[4mplaywright[24m\lib\worker\testInfo.js:286:11
    at TimeoutManager.withRunnable [90m(C:\playwright-project\[39mnode_modules\[4mplaywright[24m\lib\worker\timeoutManager.js:64:14[90m)[39m
    at TestInfoImpl._runAsStage [90m(C:\playwright-project\[39mnode_modules\[4mplaywright[24m\lib\worker\testInfo.js:284:7[90m)[39m
    at [90mC:\playwright-project\[39mnode_modules\[4mplaywright[24m\lib\worker\workerMain.js:331:7
    at [90mC:\playwright-project\[39mnode_modules\[4mplaywright[24m\lib\worker\testInfo.js:286:11
    at TimeoutManager.withRunnable [90m(C:\playwright-project\[39mnode_modules\[4mplaywright[24m\lib\worker\timeoutManager.js:52:27[90m)[39m
    at TestInfoImpl._runAsStage [90m(C:\playwright-project\[39mnode_modules\[4mplaywright[24m\lib\worker\testInfo.js:284:7[90m)[39m
    at WorkerMain._runTest [90m(C:\playwright-project\[39mnode_modules\[4mplaywright[24m\lib\worker\workerMain.js:281:5[90m)[39m
    at WorkerMain.runTestGroup [90m(C:\playwright-project\[39mnode_modules\[4mplaywright[24m\lib\worker\workerMain.js:205:11[90m)[39m
    at process.&lt;anonymous&gt; [90m(C:\playwright-project\[39mnode_modules\[4mplaywright[24m\lib\common\process.js:95:22[90m)[39m {
  fatal: [33mtrue[39m
}

</system-err>
</testcase>
<testcase name="25. Compra 1 adt PremLight - Eco Comfort - sin assitence › Ejecución completa con reintentos" classname="2TipsNoExtraNoSeat.spec.ts" time="130.072">
<system-out>
Ejecución completa, intento 1 de 5
Ejecutando Booking, intento 1
Fecha de salida seleccionada: { year: [32m'2025'[39m, month: [32m'6'[39m, index: [33m3[39m, value: [33m10[39m }
Fecha de regreso seleccionada: { year: [32m'2025'[39m, month: [32m'6'[39m, index: [33m4[39m, value: [33m12[39m }
Ajustando número de pasajeros
Successfully clicked the element: div.price-cabin:has-text("Premium")
Successfully clicked the element: div.price-cabin:has-text("Economy")
Ejecutando fillPassengerAdult 1, intento 1
Ejecutando fillContact, intento 1
Ejecutando payWithCard, intento 1
Iframe encontrado.
Ejecutando payWithCard, intento 1
Ejecutando payWithCard, intento 2
Ejecutando payWithCard, intento 3
Ejecución completa, intento 2 de 5
Ejecutando Booking, intento 1
Fecha de salida seleccionada: { year: [32m'2025'[39m, month: [32m'6'[39m, index: [33m9[39m, value: [33m24[39m }
Fecha de regreso seleccionada: { year: [32m'2025'[39m, month: [32m'6'[39m, index: [33m10[39m, value: [33m26[39m }
Ajustando número de pasajeros
Successfully clicked the element: div.price-cabin:has-text("Premium")
Successfully clicked the element: div.price-cabin:has-text("Economy")
Ejecutando fillPassengerAdult 1, intento 1
Ejecutando fillContact, intento 1
Ejecutando payWithCard, intento 1
Iframe encontrado.
Ejecutando payWithCard, intento 1
Ejecutando payWithCard, intento 2
Ejecutando payWithCard, intento 3
Successfully saved booking code M9WSK to Excel

</system-out>
<system-err>
Confirmation page validation failed: Flight Summary section not found on confirmation page
Intento 1 fallido en payWithCard: Error [ValidationError]: Flight Summary section not found on confirmation page
    at validationConfirmPage [90m(C:\playwright-project\[39msrc\page-objects\confirmation.ts:86:27[90m)[39m
    at validationConfirmationPage [90m(C:\playwright-project\[39msrc\tests\2TipsNoExtraNoSeat.spec.ts:90:3[90m)[39m
    at runWithRetries [90m(C:\playwright-project\[39msrc\tests\2TipsNoExtraNoSeat.spec.ts:121:7[90m)[39m
    at executeTests [90m(C:\playwright-project\[39msrc\tests\2TipsNoExtraNoSeat.spec.ts:221:29[90m)[39m
    at [90mC:\playwright-project\[39msrc\tests\2TipsNoExtraNoSeat.spec.ts:1292:30
    at [90mC:\playwright-project\[39mnode_modules\[4mplaywright[24m\lib\worker\workerMain.js:339:9
    at [90mC:\playwright-project\[39mnode_modules\[4mplaywright[24m\lib\worker\testInfo.js:286:11
    at TimeoutManager.withRunnable [90m(C:\playwright-project\[39mnode_modules\[4mplaywright[24m\lib\worker\timeoutManager.js:64:14[90m)[39m
    at TestInfoImpl._runAsStage [90m(C:\playwright-project\[39mnode_modules\[4mplaywright[24m\lib\worker\testInfo.js:284:7[90m)[39m
    at [90mC:\playwright-project\[39mnode_modules\[4mplaywright[24m\lib\worker\workerMain.js:331:7
    at [90mC:\playwright-project\[39mnode_modules\[4mplaywright[24m\lib\worker\testInfo.js:286:11
    at TimeoutManager.withRunnable [90m(C:\playwright-project\[39mnode_modules\[4mplaywright[24m\lib\worker\timeoutManager.js:52:27[90m)[39m
    at TestInfoImpl._runAsStage [90m(C:\playwright-project\[39mnode_modules\[4mplaywright[24m\lib\worker\testInfo.js:284:7[90m)[39m
    at WorkerMain._runTest [90m(C:\playwright-project\[39mnode_modules\[4mplaywright[24m\lib\worker\workerMain.js:281:5[90m)[39m
    at WorkerMain.runTestGroup [90m(C:\playwright-project\[39mnode_modules\[4mplaywright[24m\lib\worker\workerMain.js:205:11[90m)[39m
    at process.&lt;anonymous&gt; [90m(C:\playwright-project\[39mnode_modules\[4mplaywright[24m\lib\common\process.js:95:22[90m)[39m {
  fatal: [33mtrue[39m
}
Confirmation page validation failed: Flight Summary section not found on confirmation page
Intento 2 fallido en payWithCard: Error [ValidationError]: Flight Summary section not found on confirmation page
    at validationConfirmPage [90m(C:\playwright-project\[39msrc\page-objects\confirmation.ts:86:27[90m)[39m
    at validationConfirmationPage [90m(C:\playwright-project\[39msrc\tests\2TipsNoExtraNoSeat.spec.ts:90:3[90m)[39m
    at runWithRetries [90m(C:\playwright-project\[39msrc\tests\2TipsNoExtraNoSeat.spec.ts:121:7[90m)[39m
    at executeTests [90m(C:\playwright-project\[39msrc\tests\2TipsNoExtraNoSeat.spec.ts:221:29[90m)[39m
    at [90mC:\playwright-project\[39msrc\tests\2TipsNoExtraNoSeat.spec.ts:1292:30
    at [90mC:\playwright-project\[39mnode_modules\[4mplaywright[24m\lib\worker\workerMain.js:339:9
    at [90mC:\playwright-project\[39mnode_modules\[4mplaywright[24m\lib\worker\testInfo.js:286:11
    at TimeoutManager.withRunnable [90m(C:\playwright-project\[39mnode_modules\[4mplaywright[24m\lib\worker\timeoutManager.js:64:14[90m)[39m
    at TestInfoImpl._runAsStage [90m(C:\playwright-project\[39mnode_modules\[4mplaywright[24m\lib\worker\testInfo.js:284:7[90m)[39m
    at [90mC:\playwright-project\[39mnode_modules\[4mplaywright[24m\lib\worker\workerMain.js:331:7
    at [90mC:\playwright-project\[39mnode_modules\[4mplaywright[24m\lib\worker\testInfo.js:286:11
    at TimeoutManager.withRunnable [90m(C:\playwright-project\[39mnode_modules\[4mplaywright[24m\lib\worker\timeoutManager.js:52:27[90m)[39m
    at TestInfoImpl._runAsStage [90m(C:\playwright-project\[39mnode_modules\[4mplaywright[24m\lib\worker\testInfo.js:284:7[90m)[39m
    at WorkerMain._runTest [90m(C:\playwright-project\[39mnode_modules\[4mplaywright[24m\lib\worker\workerMain.js:281:5[90m)[39m
    at WorkerMain.runTestGroup [90m(C:\playwright-project\[39mnode_modules\[4mplaywright[24m\lib\worker\workerMain.js:205:11[90m)[39m
    at process.&lt;anonymous&gt; [90m(C:\playwright-project\[39mnode_modules\[4mplaywright[24m\lib\common\process.js:95:22[90m)[39m {
  fatal: [33mtrue[39m
}
Confirmation page validation failed: Flight Summary section not found on confirmation page
Intento 3 fallido en payWithCard: Error [ValidationError]: Flight Summary section not found on confirmation page
    at validationConfirmPage [90m(C:\playwright-project\[39msrc\page-objects\confirmation.ts:86:27[90m)[39m
    at validationConfirmationPage [90m(C:\playwright-project\[39msrc\tests\2TipsNoExtraNoSeat.spec.ts:90:3[90m)[39m
    at runWithRetries [90m(C:\playwright-project\[39msrc\tests\2TipsNoExtraNoSeat.spec.ts:121:7[90m)[39m
    at executeTests [90m(C:\playwright-project\[39msrc\tests\2TipsNoExtraNoSeat.spec.ts:221:29[90m)[39m
    at [90mC:\playwright-project\[39msrc\tests\2TipsNoExtraNoSeat.spec.ts:1292:30
    at [90mC:\playwright-project\[39mnode_modules\[4mplaywright[24m\lib\worker\workerMain.js:339:9
    at [90mC:\playwright-project\[39mnode_modules\[4mplaywright[24m\lib\worker\testInfo.js:286:11
    at TimeoutManager.withRunnable [90m(C:\playwright-project\[39mnode_modules\[4mplaywright[24m\lib\worker\timeoutManager.js:64:14[90m)[39m
    at TestInfoImpl._runAsStage [90m(C:\playwright-project\[39mnode_modules\[4mplaywright[24m\lib\worker\testInfo.js:284:7[90m)[39m
    at [90mC:\playwright-project\[39mnode_modules\[4mplaywright[24m\lib\worker\workerMain.js:331:7
    at [90mC:\playwright-project\[39mnode_modules\[4mplaywright[24m\lib\worker\testInfo.js:286:11
    at TimeoutManager.withRunnable [90m(C:\playwright-project\[39mnode_modules\[4mplaywright[24m\lib\worker\timeoutManager.js:52:27[90m)[39m
    at TestInfoImpl._runAsStage [90m(C:\playwright-project\[39mnode_modules\[4mplaywright[24m\lib\worker\testInfo.js:284:7[90m)[39m
    at WorkerMain._runTest [90m(C:\playwright-project\[39mnode_modules\[4mplaywright[24m\lib\worker\workerMain.js:281:5[90m)[39m
    at WorkerMain.runTestGroup [90m(C:\playwright-project\[39mnode_modules\[4mplaywright[24m\lib\worker\workerMain.js:205:11[90m)[39m
    at process.&lt;anonymous&gt; [90m(C:\playwright-project\[39mnode_modules\[4mplaywright[24m\lib\common\process.js:95:22[90m)[39m {
  fatal: [33mtrue[39m
}
Prueba payWithCard fallida después de 3 intentos.
Confirmation page validation failed: Flight Summary section not found on confirmation page
Intento 1 fallido en payWithCard: Error [ValidationError]: Flight Summary section not found on confirmation page
    at validationConfirmPage [90m(C:\playwright-project\[39msrc\page-objects\confirmation.ts:86:27[90m)[39m
[90m    at runNextTicks (node:internal/process/task_queues:65:5)[39m
[90m    at processImmediate (node:internal/timers:459:9)[39m
[90m    at process.callbackTrampoline (node:internal/async_hooks:130:17)[39m
    at validationConfirmationPage [90m(C:\playwright-project\[39msrc\tests\2TipsNoExtraNoSeat.spec.ts:90:3[90m)[39m
    at runWithRetries [90m(C:\playwright-project\[39msrc\tests\2TipsNoExtraNoSeat.spec.ts:121:7[90m)[39m
    at executeTests [90m(C:\playwright-project\[39msrc\tests\2TipsNoExtraNoSeat.spec.ts:221:29[90m)[39m
    at [90mC:\playwright-project\[39msrc\tests\2TipsNoExtraNoSeat.spec.ts:1292:30
    at [90mC:\playwright-project\[39mnode_modules\[4mplaywright[24m\lib\worker\workerMain.js:339:9
    at [90mC:\playwright-project\[39mnode_modules\[4mplaywright[24m\lib\worker\testInfo.js:286:11
    at TimeoutManager.withRunnable [90m(C:\playwright-project\[39mnode_modules\[4mplaywright[24m\lib\worker\timeoutManager.js:64:14[90m)[39m
    at TestInfoImpl._runAsStage [90m(C:\playwright-project\[39mnode_modules\[4mplaywright[24m\lib\worker\testInfo.js:284:7[90m)[39m
    at [90mC:\playwright-project\[39mnode_modules\[4mplaywright[24m\lib\worker\workerMain.js:331:7
    at [90mC:\playwright-project\[39mnode_modules\[4mplaywright[24m\lib\worker\testInfo.js:286:11
    at TimeoutManager.withRunnable [90m(C:\playwright-project\[39mnode_modules\[4mplaywright[24m\lib\worker\timeoutManager.js:52:27[90m)[39m
    at TestInfoImpl._runAsStage [90m(C:\playwright-project\[39mnode_modules\[4mplaywright[24m\lib\worker\testInfo.js:284:7[90m)[39m
    at WorkerMain._runTest [90m(C:\playwright-project\[39mnode_modules\[4mplaywright[24m\lib\worker\workerMain.js:281:5[90m)[39m
    at WorkerMain.runTestGroup [90m(C:\playwright-project\[39mnode_modules\[4mplaywright[24m\lib\worker\workerMain.js:205:11[90m)[39m
    at process.&lt;anonymous&gt; [90m(C:\playwright-project\[39mnode_modules\[4mplaywright[24m\lib\common\process.js:95:22[90m)[39m {
  fatal: [33mtrue[39m
}
Confirmation page validation failed: Not on confirmation page URL
Intento 2 fallido en payWithCard: Error [ValidationError]: Not on confirmation page URL
    at validationConfirmPage [90m(C:\playwright-project\[39msrc\page-objects\confirmation.ts:94:27[90m)[39m
    at validationConfirmationPage [90m(C:\playwright-project\[39msrc\tests\2TipsNoExtraNoSeat.spec.ts:90:3[90m)[39m
    at runWithRetries [90m(C:\playwright-project\[39msrc\tests\2TipsNoExtraNoSeat.spec.ts:121:7[90m)[39m
    at executeTests [90m(C:\playwright-project\[39msrc\tests\2TipsNoExtraNoSeat.spec.ts:221:29[90m)[39m
    at [90mC:\playwright-project\[39msrc\tests\2TipsNoExtraNoSeat.spec.ts:1292:30
    at [90mC:\playwright-project\[39mnode_modules\[4mplaywright[24m\lib\worker\workerMain.js:339:9
    at [90mC:\playwright-project\[39mnode_modules\[4mplaywright[24m\lib\worker\testInfo.js:286:11
    at TimeoutManager.withRunnable [90m(C:\playwright-project\[39mnode_modules\[4mplaywright[24m\lib\worker\timeoutManager.js:64:14[90m)[39m
    at TestInfoImpl._runAsStage [90m(C:\playwright-project\[39mnode_modules\[4mplaywright[24m\lib\worker\testInfo.js:284:7[90m)[39m
    at [90mC:\playwright-project\[39mnode_modules\[4mplaywright[24m\lib\worker\workerMain.js:331:7
    at [90mC:\playwright-project\[39mnode_modules\[4mplaywright[24m\lib\worker\testInfo.js:286:11
    at TimeoutManager.withRunnable [90m(C:\playwright-project\[39mnode_modules\[4mplaywright[24m\lib\worker\timeoutManager.js:52:27[90m)[39m
    at TestInfoImpl._runAsStage [90m(C:\playwright-project\[39mnode_modules\[4mplaywright[24m\lib\worker\testInfo.js:284:7[90m)[39m
    at WorkerMain._runTest [90m(C:\playwright-project\[39mnode_modules\[4mplaywright[24m\lib\worker\workerMain.js:281:5[90m)[39m
    at WorkerMain.runTestGroup [90m(C:\playwright-project\[39mnode_modules\[4mplaywright[24m\lib\worker\workerMain.js:205:11[90m)[39m
    at process.&lt;anonymous&gt; [90m(C:\playwright-project\[39mnode_modules\[4mplaywright[24m\lib\common\process.js:95:22[90m)[39m {
  fatal: [33mtrue[39m
}

</system-err>
</testcase>
<testcase name="26. Compra 1 adt PremLight - Eco Extra - sin assitence › Ejecución completa con reintentos" classname="2TipsNoExtraNoSeat.spec.ts" time="58.49">
<system-out>
Ejecución completa, intento 1 de 5
Ejecutando Booking, intento 1
Fecha de salida seleccionada: { year: [32m'2025'[39m, month: [32m'6'[39m, index: [33m6[39m, value: [33m17[39m }
Fecha de regreso seleccionada: { year: [32m'2025'[39m, month: [32m'6'[39m, index: [33m7[39m, value: [33m19[39m }
Ajustando número de pasajeros
Successfully clicked the element: div.price-cabin:has-text("Premium")
Successfully clicked the element: div.price-cabin:has-text("Economy")
Ejecutando fillPassengerAdult 1, intento 1
Ejecutando fillContact, intento 1
Ejecutando payWithCard, intento 1
Iframe encontrado.
Ejecutando payWithCard, intento 1
Ejecutando payWithCard, intento 2
Ejecutando payWithCard, intento 3
Successfully saved booking code M9WS7 to Excel

</system-out>
<system-err>
Confirmation page validation failed: Flight Summary section not found on confirmation page
Intento 1 fallido en payWithCard: Error [ValidationError]: Flight Summary section not found on confirmation page
    at validationConfirmPage [90m(C:\playwright-project\[39msrc\page-objects\confirmation.ts:86:27[90m)[39m
[90m    at runNextTicks (node:internal/process/task_queues:65:5)[39m
[90m    at processImmediate (node:internal/timers:459:9)[39m
[90m    at process.callbackTrampoline (node:internal/async_hooks:130:17)[39m
    at validationConfirmationPage [90m(C:\playwright-project\[39msrc\tests\2TipsNoExtraNoSeat.spec.ts:90:3[90m)[39m
    at runWithRetries [90m(C:\playwright-project\[39msrc\tests\2TipsNoExtraNoSeat.spec.ts:121:7[90m)[39m
    at executeTests [90m(C:\playwright-project\[39msrc\tests\2TipsNoExtraNoSeat.spec.ts:221:29[90m)[39m
    at [90mC:\playwright-project\[39msrc\tests\2TipsNoExtraNoSeat.spec.ts:1335:30
    at [90mC:\playwright-project\[39mnode_modules\[4mplaywright[24m\lib\worker\workerMain.js:339:9
    at [90mC:\playwright-project\[39mnode_modules\[4mplaywright[24m\lib\worker\testInfo.js:286:11
    at TimeoutManager.withRunnable [90m(C:\playwright-project\[39mnode_modules\[4mplaywright[24m\lib\worker\timeoutManager.js:64:14[90m)[39m
    at TestInfoImpl._runAsStage [90m(C:\playwright-project\[39mnode_modules\[4mplaywright[24m\lib\worker\testInfo.js:284:7[90m)[39m
    at [90mC:\playwright-project\[39mnode_modules\[4mplaywright[24m\lib\worker\workerMain.js:331:7
    at [90mC:\playwright-project\[39mnode_modules\[4mplaywright[24m\lib\worker\testInfo.js:286:11
    at TimeoutManager.withRunnable [90m(C:\playwright-project\[39mnode_modules\[4mplaywright[24m\lib\worker\timeoutManager.js:52:27[90m)[39m
    at TestInfoImpl._runAsStage [90m(C:\playwright-project\[39mnode_modules\[4mplaywright[24m\lib\worker\testInfo.js:284:7[90m)[39m
    at WorkerMain._runTest [90m(C:\playwright-project\[39mnode_modules\[4mplaywright[24m\lib\worker\workerMain.js:281:5[90m)[39m
    at WorkerMain.runTestGroup [90m(C:\playwright-project\[39mnode_modules\[4mplaywright[24m\lib\worker\workerMain.js:205:11[90m)[39m
    at process.&lt;anonymous&gt; [90m(C:\playwright-project\[39mnode_modules\[4mplaywright[24m\lib\common\process.js:95:22[90m)[39m {
  fatal: [33mtrue[39m
}
Confirmation page validation failed: Not on confirmation page URL
Intento 2 fallido en payWithCard: Error [ValidationError]: Not on confirmation page URL
    at validationConfirmPage [90m(C:\playwright-project\[39msrc\page-objects\confirmation.ts:94:27[90m)[39m
    at validationConfirmationPage [90m(C:\playwright-project\[39msrc\tests\2TipsNoExtraNoSeat.spec.ts:90:3[90m)[39m
    at runWithRetries [90m(C:\playwright-project\[39msrc\tests\2TipsNoExtraNoSeat.spec.ts:121:7[90m)[39m
    at executeTests [90m(C:\playwright-project\[39msrc\tests\2TipsNoExtraNoSeat.spec.ts:221:29[90m)[39m
    at [90mC:\playwright-project\[39msrc\tests\2TipsNoExtraNoSeat.spec.ts:1335:30
    at [90mC:\playwright-project\[39mnode_modules\[4mplaywright[24m\lib\worker\workerMain.js:339:9
    at [90mC:\playwright-project\[39mnode_modules\[4mplaywright[24m\lib\worker\testInfo.js:286:11
    at TimeoutManager.withRunnable [90m(C:\playwright-project\[39mnode_modules\[4mplaywright[24m\lib\worker\timeoutManager.js:64:14[90m)[39m
    at TestInfoImpl._runAsStage [90m(C:\playwright-project\[39mnode_modules\[4mplaywright[24m\lib\worker\testInfo.js:284:7[90m)[39m
    at [90mC:\playwright-project\[39mnode_modules\[4mplaywright[24m\lib\worker\workerMain.js:331:7
    at [90mC:\playwright-project\[39mnode_modules\[4mplaywright[24m\lib\worker\testInfo.js:286:11
    at TimeoutManager.withRunnable [90m(C:\playwright-project\[39mnode_modules\[4mplaywright[24m\lib\worker\timeoutManager.js:52:27[90m)[39m
    at TestInfoImpl._runAsStage [90m(C:\playwright-project\[39mnode_modules\[4mplaywright[24m\lib\worker\testInfo.js:284:7[90m)[39m
    at WorkerMain._runTest [90m(C:\playwright-project\[39mnode_modules\[4mplaywright[24m\lib\worker\workerMain.js:281:5[90m)[39m
    at WorkerMain.runTestGroup [90m(C:\playwright-project\[39mnode_modules\[4mplaywright[24m\lib\worker\workerMain.js:205:11[90m)[39m
    at process.&lt;anonymous&gt; [90m(C:\playwright-project\[39mnode_modules\[4mplaywright[24m\lib\common\process.js:95:22[90m)[39m {
  fatal: [33mtrue[39m
}

</system-err>
</testcase>
<testcase name="27. Compra 1 adt PremLight - PremLight - sin assitence › Ejecución completa con reintentos" classname="2TipsNoExtraNoSeat.spec.ts" time="61.667">
<system-out>
Ejecución completa, intento 1 de 5
Ejecutando Booking, intento 1
Fecha de salida seleccionada: { year: [32m'2025'[39m, month: [32m'6'[39m, index: [33m5[39m, value: [33m14[39m }
Fecha de regreso seleccionada: { year: [32m'2025'[39m, month: [32m'6'[39m, index: [33m6[39m, value: [33m17[39m }
Ajustando número de pasajeros
Successfully clicked the element: div.price-cabin:has-text("Premium")
Successfully clicked the element: div.price-cabin:has-text("Premium")
Ejecutando fillPassengerAdult 1, intento 1
Ejecutando fillContact, intento 1
Ejecutando payWithCard, intento 1
Iframe encontrado.
Ejecutando payWithCard, intento 1
Ejecutando payWithCard, intento 2
Ejecutando payWithCard, intento 3
Successfully saved booking code M9WSC to Excel

</system-out>
<system-err>
Confirmation page validation failed: Flight Summary section not found on confirmation page
Intento 1 fallido en payWithCard: Error [ValidationError]: Flight Summary section not found on confirmation page
    at validationConfirmPage [90m(C:\playwright-project\[39msrc\page-objects\confirmation.ts:86:27[90m)[39m
[90m    at runNextTicks (node:internal/process/task_queues:65:5)[39m
[90m    at processImmediate (node:internal/timers:459:9)[39m
[90m    at process.callbackTrampoline (node:internal/async_hooks:130:17)[39m
    at validationConfirmationPage [90m(C:\playwright-project\[39msrc\tests\2TipsNoExtraNoSeat.spec.ts:90:3[90m)[39m
    at runWithRetries [90m(C:\playwright-project\[39msrc\tests\2TipsNoExtraNoSeat.spec.ts:121:7[90m)[39m
    at executeTests [90m(C:\playwright-project\[39msrc\tests\2TipsNoExtraNoSeat.spec.ts:221:29[90m)[39m
    at [90mC:\playwright-project\[39msrc\tests\2TipsNoExtraNoSeat.spec.ts:1378:30
    at [90mC:\playwright-project\[39mnode_modules\[4mplaywright[24m\lib\worker\workerMain.js:339:9
    at [90mC:\playwright-project\[39mnode_modules\[4mplaywright[24m\lib\worker\testInfo.js:286:11
    at TimeoutManager.withRunnable [90m(C:\playwright-project\[39mnode_modules\[4mplaywright[24m\lib\worker\timeoutManager.js:64:14[90m)[39m
    at TestInfoImpl._runAsStage [90m(C:\playwright-project\[39mnode_modules\[4mplaywright[24m\lib\worker\testInfo.js:284:7[90m)[39m
    at [90mC:\playwright-project\[39mnode_modules\[4mplaywright[24m\lib\worker\workerMain.js:331:7
    at [90mC:\playwright-project\[39mnode_modules\[4mplaywright[24m\lib\worker\testInfo.js:286:11
    at TimeoutManager.withRunnable [90m(C:\playwright-project\[39mnode_modules\[4mplaywright[24m\lib\worker\timeoutManager.js:52:27[90m)[39m
    at TestInfoImpl._runAsStage [90m(C:\playwright-project\[39mnode_modules\[4mplaywright[24m\lib\worker\testInfo.js:284:7[90m)[39m
    at WorkerMain._runTest [90m(C:\playwright-project\[39mnode_modules\[4mplaywright[24m\lib\worker\workerMain.js:281:5[90m)[39m
    at WorkerMain.runTestGroup [90m(C:\playwright-project\[39mnode_modules\[4mplaywright[24m\lib\worker\workerMain.js:205:11[90m)[39m
    at process.&lt;anonymous&gt; [90m(C:\playwright-project\[39mnode_modules\[4mplaywright[24m\lib\common\process.js:95:22[90m)[39m {
  fatal: [33mtrue[39m
}
Confirmation page validation failed: Not on confirmation page URL
Intento 2 fallido en payWithCard: Error [ValidationError]: Not on confirmation page URL
    at validationConfirmPage [90m(C:\playwright-project\[39msrc\page-objects\confirmation.ts:94:27[90m)[39m
    at validationConfirmationPage [90m(C:\playwright-project\[39msrc\tests\2TipsNoExtraNoSeat.spec.ts:90:3[90m)[39m
    at runWithRetries [90m(C:\playwright-project\[39msrc\tests\2TipsNoExtraNoSeat.spec.ts:121:7[90m)[39m
    at executeTests [90m(C:\playwright-project\[39msrc\tests\2TipsNoExtraNoSeat.spec.ts:221:29[90m)[39m
    at [90mC:\playwright-project\[39msrc\tests\2TipsNoExtraNoSeat.spec.ts:1378:30
    at [90mC:\playwright-project\[39mnode_modules\[4mplaywright[24m\lib\worker\workerMain.js:339:9
    at [90mC:\playwright-project\[39mnode_modules\[4mplaywright[24m\lib\worker\testInfo.js:286:11
    at TimeoutManager.withRunnable [90m(C:\playwright-project\[39mnode_modules\[4mplaywright[24m\lib\worker\timeoutManager.js:64:14[90m)[39m
    at TestInfoImpl._runAsStage [90m(C:\playwright-project\[39mnode_modules\[4mplaywright[24m\lib\worker\testInfo.js:284:7[90m)[39m
    at [90mC:\playwright-project\[39mnode_modules\[4mplaywright[24m\lib\worker\workerMain.js:331:7
    at [90mC:\playwright-project\[39mnode_modules\[4mplaywright[24m\lib\worker\testInfo.js:286:11
    at TimeoutManager.withRunnable [90m(C:\playwright-project\[39mnode_modules\[4mplaywright[24m\lib\worker\timeoutManager.js:52:27[90m)[39m
    at TestInfoImpl._runAsStage [90m(C:\playwright-project\[39mnode_modules\[4mplaywright[24m\lib\worker\testInfo.js:284:7[90m)[39m
    at WorkerMain._runTest [90m(C:\playwright-project\[39mnode_modules\[4mplaywright[24m\lib\worker\workerMain.js:281:5[90m)[39m
    at WorkerMain.runTestGroup [90m(C:\playwright-project\[39mnode_modules\[4mplaywright[24m\lib\worker\workerMain.js:205:11[90m)[39m
    at process.&lt;anonymous&gt; [90m(C:\playwright-project\[39mnode_modules\[4mplaywright[24m\lib\common\process.js:95:22[90m)[39m {
  fatal: [33mtrue[39m
}

</system-err>
</testcase>
<testcase name="28. Compra 1 adt PremLight - PremComfort - sin assitence › Ejecución completa con reintentos" classname="2TipsNoExtraNoSeat.spec.ts" time="105.973">
<system-out>
Ejecución completa, intento 1 de 5
Ejecutando Booking, intento 1
Ejecutando Booking, intento 2
Ejecutando Booking, intento 3
Fecha de salida seleccionada: { year: [32m'2025'[39m, month: [32m'6'[39m, index: [33m1[39m, value: [33m5[39m }
Fecha de regreso seleccionada: { year: [32m'2025'[39m, month: [32m'6'[39m, index: [33m2[39m, value: [33m7[39m }
Ajustando número de pasajeros
Successfully clicked the element: div.price-cabin:has-text("Premium")
Successfully clicked the element: div.price-cabin:has-text("Premium")
Ejecutando fillPassengerAdult 1, intento 1
Ejecutando fillContact, intento 1
Ejecutando payWithCard, intento 1
Iframe encontrado.
Ejecutando payWithCard, intento 1
Ejecutando payWithCard, intento 2
Ejecutando payWithCard, intento 3
Successfully saved booking code M9WSR to Excel

</system-out>
<system-err>
Error al gestionar el flujo de ida y vuelta: locator.click: Error: strict mode violation: getByLabel('Choose Tuesday, July 1st,') resolved to 2 elements:
    1) &lt;div title="" tabindex="-1" role="option" aria-disabled="false" aria-selected="false" aria-label="Choose Tuesday, July 1st, 2025" class="react-datepicker__day react-datepicker__day react-datepicker__day--001 react-datepicker__day--outside-month"&gt;&lt;/div&gt; aka getByLabel('Month June,').getByLabel('Choose Tuesday, July 1st,')
    2) &lt;div title="" tabindex="-1" role="option" aria-disabled="false" aria-selected="false" aria-label="Choose Tuesday, July 1st, 2025" class="react-datepicker__day react-datepicker__day react-datepicker__day--001"&gt;…&lt;/div&gt; aka getByLabel('Month July,').getByLabel('Choose Tuesday, July 1st,')

Call log:
[2m  - waiting for getByLabel('Choose Tuesday, July 1st,')[22m

Intento 1 fallido en Booking: locator.click: Error: strict mode violation: getByLabel('Choose Tuesday, July 1st,') resolved to 2 elements:
    1) &lt;div title="" tabindex="-1" role="option" aria-disabled="false" aria-selected="false" aria-label="Choose Tuesday, July 1st, 2025" class="react-datepicker__day react-datepicker__day react-datepicker__day--001 react-datepicker__day--outside-month"&gt;&lt;/div&gt; aka getByLabel('Month June,').getByLabel('Choose Tuesday, July 1st,')
    2) &lt;div title="" tabindex="-1" role="option" aria-disabled="false" aria-selected="false" aria-label="Choose Tuesday, July 1st, 2025" class="react-datepicker__day react-datepicker__day react-datepicker__day--001"&gt;…&lt;/div&gt; aka getByLabel('Month July,').getByLabel('Choose Tuesday, July 1st,')

Call log:
[2m  - waiting for getByLabel('Choose Tuesday, July 1st,')[22m

    at selectRoundTripDates [90m(C:\playwright-project\[39msrc\page-objects\searchPage.ts:127:57[90m)[39m
    at chooseDate [90m(C:\playwright-project\[39msrc\tests\2TipsNoExtraNoSeat.spec.ts:56:3[90m)[39m
    at global [90m(C:\playwright-project\[39msrc\tests\2TipsNoExtraNoSeat.spec.ts:108:3[90m)[39m
    at runWithRetries [90m(C:\playwright-project\[39msrc\tests\2TipsNoExtraNoSeat.spec.ts:121:7[90m)[39m
    at executeTests [90m(C:\playwright-project\[39msrc\tests\2TipsNoExtraNoSeat.spec.ts:143:27[90m)[39m
    at [90mC:\playwright-project\[39msrc\tests\2TipsNoExtraNoSeat.spec.ts:1421:30 {
  [[32mSymbol(step)[39m]: {
    stepId: [32m'pw:api@36'[39m,
    location: {
      file: [32m'C:\\playwright-project\\src\\page-objects\\searchPage.ts'[39m,
      line: [33m127[39m,
      column: [33m57[39m,
      function: [32m'selectRoundTripDates'[39m
    },
    category: [32m'pw:api'[39m,
    title: [32m"locator.getByLabel('Choose Tuesday, July 1st,').click"[39m,
    apiName: [32m'locator.click'[39m,
    params: {
      selector: [32m'internal:label="Choose Tuesday, July 1st,"i'[39m,
      strict: [33mtrue[39m
    },
    boxedStack: [90mundefined[39m,
    steps: [],
    complete: [36m[Function: complete][39m,
    endWallTime: [33m1738569393988[39m,
    error: {
      message: [32m"Error: locator.click: Error: strict mode violation: getByLabel('Choose Tuesday, July 1st,') resolved to 2 elements:\n"[39m +
        [32m`    1) &lt;div title="" tabindex="-1" role="option" aria-disabled="false" aria-selected="false" aria-label="Choose Tuesday, July 1st, 2025" class="react-datepicker__day react-datepicker__day react-datepicker__day--001 react-datepicker__day--outside-month"&gt;&lt;/div&gt; aka getByLabel('Month June,').getByLabel('Choose Tuesday, July 1st,')\n`[39m +
        [32m`    2) &lt;div title="" tabindex="-1" role="option" aria-disabled="false" aria-selected="false" aria-label="Choose Tuesday, July 1st, 2025" class="react-datepicker__day react-datepicker__day react-datepicker__day--001"&gt;…&lt;/div&gt; aka getByLabel('Month July,').getByLabel('Choose Tuesday, July 1st,')\n`[39m +
        [32m'\n'[39m +
        [32m'Call log:\n'[39m +
        [32m"\x1B[2m  - waiting for getByLabel('Choose Tuesday, July 1st,')\x1B[22m\n"[39m,
      stack: [32m"Error: locator.click: Error: strict mode violation: getByLabel('Choose Tuesday, July 1st,') resolved to 2 elements:\n"[39m +
        [32m`    1) &lt;div title="" tabindex="-1" role="option" aria-disabled="false" aria-selected="false" aria-label="Choose Tuesday, July 1st, 2025" class="react-datepicker__day react-datepicker__day react-datepicker__day--001 react-datepicker__day--outside-month"&gt;&lt;/div&gt; aka getByLabel('Month June,').getByLabel('Choose Tuesday, July 1st,')\n`[39m +
        [32m`    2) &lt;div title="" tabindex="-1" role="option" aria-disabled="false" aria-selected="false" aria-label="Choose Tuesday, July 1st, 2025" class="react-datepicker__day react-datepicker__day react-datepicker__day--001"&gt;…&lt;/div&gt; aka getByLabel('Month July,').getByLabel('Choose Tuesday, July 1st,')\n`[39m +
        [32m'\n'[39m +
        [32m'Call log:\n'[39m +
        [32m"\x1B[2m  - waiting for getByLabel('Choose Tuesday, July 1st,')\x1B[22m\n"[39m +
        [32m'\n'[39m +
        [32m'    at selectRoundTripDates (C:\\playwright-project\\src\\page-objects\\searchPage.ts:127:57)\n'[39m +
        [32m'    at chooseDate (C:\\playwright-project\\src\\tests\\2TipsNoExtraNoSeat.spec.ts:56:3)\n'[39m +
        [32m'    at global (C:\\playwright-project\\src\\tests\\2TipsNoExtraNoSeat.spec.ts:108:3)\n'[39m +
        [32m'    at runWithRetries (C:\\playwright-project\\src\\tests\\2TipsNoExtraNoSeat.spec.ts:121:7)\n'[39m +
        [32m'    at executeTests (C:\\playwright-project\\src\\tests\\2TipsNoExtraNoSeat.spec.ts:143:27)\n'[39m +
        [32m'    at C:\\playwright-project\\src\\tests\\2TipsNoExtraNoSeat.spec.ts:1421:30'[39m,
      cause: [90mundefined[39m
    }
  }
}
Error al gestionar el flujo de ida y vuelta: locator.click: Error: strict mode violation: getByLabel('Choose Tuesday, July 1st,') resolved to 2 elements:
    1) &lt;div title="" tabindex="-1" role="option" aria-disabled="false" aria-selected="false" aria-label="Choose Tuesday, July 1st, 2025" class="react-datepicker__day react-datepicker__day react-datepicker__day--001 react-datepicker__day--outside-month"&gt;&lt;/div&gt; aka getByLabel('Month June,').getByLabel('Choose Tuesday, July 1st,')
    2) &lt;div title="" tabindex="-1" role="option" aria-disabled="false" aria-selected="false" aria-label="Choose Tuesday, July 1st, 2025" class="react-datepicker__day react-datepicker__day react-datepicker__day--001"&gt;…&lt;/div&gt; aka getByLabel('Month July,').getByLabel('Choose Tuesday, July 1st,')

Call log:
[2m  - waiting for getByLabel('Choose Tuesday, July 1st,')[22m

Intento 2 fallido en Booking: locator.click: Error: strict mode violation: getByLabel('Choose Tuesday, July 1st,') resolved to 2 elements:
    1) &lt;div title="" tabindex="-1" role="option" aria-disabled="false" aria-selected="false" aria-label="Choose Tuesday, July 1st, 2025" class="react-datepicker__day react-datepicker__day react-datepicker__day--001 react-datepicker__day--outside-month"&gt;&lt;/div&gt; aka getByLabel('Month June,').getByLabel('Choose Tuesday, July 1st,')
    2) &lt;div title="" tabindex="-1" role="option" aria-disabled="false" aria-selected="false" aria-label="Choose Tuesday, July 1st, 2025" class="react-datepicker__day react-datepicker__day react-datepicker__day--001"&gt;…&lt;/div&gt; aka getByLabel('Month July,').getByLabel('Choose Tuesday, July 1st,')

Call log:
[2m  - waiting for getByLabel('Choose Tuesday, July 1st,')[22m

    at selectRoundTripDates [90m(C:\playwright-project\[39msrc\page-objects\searchPage.ts:127:57[90m)[39m
    at chooseDate [90m(C:\playwright-project\[39msrc\tests\2TipsNoExtraNoSeat.spec.ts:56:3[90m)[39m
    at global [90m(C:\playwright-project\[39msrc\tests\2TipsNoExtraNoSeat.spec.ts:108:3[90m)[39m
    at runWithRetries [90m(C:\playwright-project\[39msrc\tests\2TipsNoExtraNoSeat.spec.ts:121:7[90m)[39m
    at executeTests [90m(C:\playwright-project\[39msrc\tests\2TipsNoExtraNoSeat.spec.ts:143:27[90m)[39m
    at [90mC:\playwright-project\[39msrc\tests\2TipsNoExtraNoSeat.spec.ts:1421:30 {
  [[32mSymbol(step)[39m]: {
    stepId: [32m'pw:api@67'[39m,
    location: {
      file: [32m'C:\\playwright-project\\src\\page-objects\\searchPage.ts'[39m,
      line: [33m127[39m,
      column: [33m57[39m,
      function: [32m'selectRoundTripDates'[39m
    },
    category: [32m'pw:api'[39m,
    title: [32m"locator.getByLabel('Choose Tuesday, July 1st,').click"[39m,
    apiName: [32m'locator.click'[39m,
    params: {
      selector: [32m'internal:label="Choose Tuesday, July 1st,"i'[39m,
      strict: [33mtrue[39m
    },
    boxedStack: [90mundefined[39m,
    steps: [],
    complete: [36m[Function: complete][39m,
    endWallTime: [33m1738569411668[39m,
    error: {
      message: [32m"Error: locator.click: Error: strict mode violation: getByLabel('Choose Tuesday, July 1st,') resolved to 2 elements:\n"[39m +
        [32m`    1) &lt;div title="" tabindex="-1" role="option" aria-disabled="false" aria-selected="false" aria-label="Choose Tuesday, July 1st, 2025" class="react-datepicker__day react-datepicker__day react-datepicker__day--001 react-datepicker__day--outside-month"&gt;&lt;/div&gt; aka getByLabel('Month June,').getByLabel('Choose Tuesday, July 1st,')\n`[39m +
        [32m`    2) &lt;div title="" tabindex="-1" role="option" aria-disabled="false" aria-selected="false" aria-label="Choose Tuesday, July 1st, 2025" class="react-datepicker__day react-datepicker__day react-datepicker__day--001"&gt;…&lt;/div&gt; aka getByLabel('Month July,').getByLabel('Choose Tuesday, July 1st,')\n`[39m +
        [32m'\n'[39m +
        [32m'Call log:\n'[39m +
        [32m"\x1B[2m  - waiting for getByLabel('Choose Tuesday, July 1st,')\x1B[22m\n"[39m,
      stack: [32m"Error: locator.click: Error: strict mode violation: getByLabel('Choose Tuesday, July 1st,') resolved to 2 elements:\n"[39m +
        [32m`    1) &lt;div title="" tabindex="-1" role="option" aria-disabled="false" aria-selected="false" aria-label="Choose Tuesday, July 1st, 2025" class="react-datepicker__day react-datepicker__day react-datepicker__day--001 react-datepicker__day--outside-month"&gt;&lt;/div&gt; aka getByLabel('Month June,').getByLabel('Choose Tuesday, July 1st,')\n`[39m +
        [32m`    2) &lt;div title="" tabindex="-1" role="option" aria-disabled="false" aria-selected="false" aria-label="Choose Tuesday, July 1st, 2025" class="react-datepicker__day react-datepicker__day react-datepicker__day--001"&gt;…&lt;/div&gt; aka getByLabel('Month July,').getByLabel('Choose Tuesday, July 1st,')\n`[39m +
        [32m'\n'[39m +
        [32m'Call log:\n'[39m +
        [32m"\x1B[2m  - waiting for getByLabel('Choose Tuesday, July 1st,')\x1B[22m\n"[39m +
        [32m'\n'[39m +
        [32m'    at selectRoundTripDates (C:\\playwright-project\\src\\page-objects\\searchPage.ts:127:57)\n'[39m +
        [32m'    at chooseDate (C:\\playwright-project\\src\\tests\\2TipsNoExtraNoSeat.spec.ts:56:3)\n'[39m +
        [32m'    at global (C:\\playwright-project\\src\\tests\\2TipsNoExtraNoSeat.spec.ts:108:3)\n'[39m +
        [32m'    at runWithRetries (C:\\playwright-project\\src\\tests\\2TipsNoExtraNoSeat.spec.ts:121:7)\n'[39m +
        [32m'    at executeTests (C:\\playwright-project\\src\\tests\\2TipsNoExtraNoSeat.spec.ts:143:27)\n'[39m +
        [32m'    at C:\\playwright-project\\src\\tests\\2TipsNoExtraNoSeat.spec.ts:1421:30'[39m,
      cause: [90mundefined[39m
    }
  }
}
Confirmation page validation failed: Flight Summary section not found on confirmation page
Intento 1 fallido en payWithCard: Error [ValidationError]: Flight Summary section not found on confirmation page
    at validationConfirmPage [90m(C:\playwright-project\[39msrc\page-objects\confirmation.ts:86:27[90m)[39m
[90m    at runNextTicks (node:internal/process/task_queues:65:5)[39m
[90m    at processImmediate (node:internal/timers:459:9)[39m
[90m    at process.callbackTrampoline (node:internal/async_hooks:130:17)[39m
    at validationConfirmationPage [90m(C:\playwright-project\[39msrc\tests\2TipsNoExtraNoSeat.spec.ts:90:3[90m)[39m
    at runWithRetries [90m(C:\playwright-project\[39msrc\tests\2TipsNoExtraNoSeat.spec.ts:121:7[90m)[39m
    at executeTests [90m(C:\playwright-project\[39msrc\tests\2TipsNoExtraNoSeat.spec.ts:221:29[90m)[39m
    at [90mC:\playwright-project\[39msrc\tests\2TipsNoExtraNoSeat.spec.ts:1421:30
    at [90mC:\playwright-project\[39mnode_modules\[4mplaywright[24m\lib\worker\workerMain.js:339:9
    at [90mC:\playwright-project\[39mnode_modules\[4mplaywright[24m\lib\worker\testInfo.js:286:11
    at TimeoutManager.withRunnable [90m(C:\playwright-project\[39mnode_modules\[4mplaywright[24m\lib\worker\timeoutManager.js:64:14[90m)[39m
    at TestInfoImpl._runAsStage [90m(C:\playwright-project\[39mnode_modules\[4mplaywright[24m\lib\worker\testInfo.js:284:7[90m)[39m
    at [90mC:\playwright-project\[39mnode_modules\[4mplaywright[24m\lib\worker\workerMain.js:331:7
    at [90mC:\playwright-project\[39mnode_modules\[4mplaywright[24m\lib\worker\testInfo.js:286:11
    at TimeoutManager.withRunnable [90m(C:\playwright-project\[39mnode_modules\[4mplaywright[24m\lib\worker\timeoutManager.js:52:27[90m)[39m
    at TestInfoImpl._runAsStage [90m(C:\playwright-project\[39mnode_modules\[4mplaywright[24m\lib\worker\testInfo.js:284:7[90m)[39m
    at WorkerMain._runTest [90m(C:\playwright-project\[39mnode_modules\[4mplaywright[24m\lib\worker\workerMain.js:281:5[90m)[39m
    at WorkerMain.runTestGroup [90m(C:\playwright-project\[39mnode_modules\[4mplaywright[24m\lib\worker\workerMain.js:205:11[90m)[39m
    at process.&lt;anonymous&gt; [90m(C:\playwright-project\[39mnode_modules\[4mplaywright[24m\lib\common\process.js:95:22[90m)[39m {
  fatal: [33mtrue[39m
}
Confirmation page validation failed: Not on confirmation page URL
Intento 2 fallido en payWithCard: Error [ValidationError]: Not on confirmation page URL
    at validationConfirmPage [90m(C:\playwright-project\[39msrc\page-objects\confirmation.ts:94:27[90m)[39m
    at validationConfirmationPage [90m(C:\playwright-project\[39msrc\tests\2TipsNoExtraNoSeat.spec.ts:90:3[90m)[39m
    at runWithRetries [90m(C:\playwright-project\[39msrc\tests\2TipsNoExtraNoSeat.spec.ts:121:7[90m)[39m
    at executeTests [90m(C:\playwright-project\[39msrc\tests\2TipsNoExtraNoSeat.spec.ts:221:29[90m)[39m
    at [90mC:\playwright-project\[39msrc\tests\2TipsNoExtraNoSeat.spec.ts:1421:30
    at [90mC:\playwright-project\[39mnode_modules\[4mplaywright[24m\lib\worker\workerMain.js:339:9
    at [90mC:\playwright-project\[39mnode_modules\[4mplaywright[24m\lib\worker\testInfo.js:286:11
    at TimeoutManager.withRunnable [90m(C:\playwright-project\[39mnode_modules\[4mplaywright[24m\lib\worker\timeoutManager.js:64:14[90m)[39m
    at TestInfoImpl._runAsStage [90m(C:\playwright-project\[39mnode_modules\[4mplaywright[24m\lib\worker\testInfo.js:284:7[90m)[39m
    at [90mC:\playwright-project\[39mnode_modules\[4mplaywright[24m\lib\worker\workerMain.js:331:7
    at [90mC:\playwright-project\[39mnode_modules\[4mplaywright[24m\lib\worker\testInfo.js:286:11
    at TimeoutManager.withRunnable [90m(C:\playwright-project\[39mnode_modules\[4mplaywright[24m\lib\worker\timeoutManager.js:52:27[90m)[39m
    at TestInfoImpl._runAsStage [90m(C:\playwright-project\[39mnode_modules\[4mplaywright[24m\lib\worker\testInfo.js:284:7[90m)[39m
    at WorkerMain._runTest [90m(C:\playwright-project\[39mnode_modules\[4mplaywright[24m\lib\worker\workerMain.js:281:5[90m)[39m
    at WorkerMain.runTestGroup [90m(C:\playwright-project\[39mnode_modules\[4mplaywright[24m\lib\worker\workerMain.js:205:11[90m)[39m
    at process.&lt;anonymous&gt; [90m(C:\playwright-project\[39mnode_modules\[4mplaywright[24m\lib\common\process.js:95:22[90m)[39m {
  fatal: [33mtrue[39m
}

</system-err>
</testcase>
<testcase name="30. Compra 1 adt PremComfort - Eco Light - sin assitence › Ejecución completa con reintentos" classname="2TipsNoExtraNoSeat.spec.ts" time="62.888">
<system-out>
Ejecución completa, intento 1 de 5
Ejecutando Booking, intento 1
Fecha de salida seleccionada: { year: [32m'2025'[39m, month: [32m'6'[39m, index: [33m2[39m, value: [33m7[39m }
Fecha de regreso seleccionada: { year: [32m'2025'[39m, month: [32m'6'[39m, index: [33m3[39m, value: [33m10[39m }
Ajustando número de pasajeros
Successfully clicked the element: div.price-cabin:has-text("Premium")
Successfully clicked the element: div.price-cabin:has-text("Economy")
Ejecutando fillPassengerAdult 1, intento 1
Ejecutando fillContact, intento 1
Ejecutando payWithCard, intento 1
Iframe encontrado.
Ejecutando payWithCard, intento 1
Ejecutando payWithCard, intento 2
Ejecutando payWithCard, intento 3
Successfully saved booking code M9WSM to Excel

</system-out>
<system-err>
Confirmation page validation failed: Flight Summary section not found on confirmation page
Intento 1 fallido en payWithCard: Error [ValidationError]: Flight Summary section not found on confirmation page
    at validationConfirmPage [90m(C:\playwright-project\[39msrc\page-objects\confirmation.ts:86:27[90m)[39m
[90m    at runNextTicks (node:internal/process/task_queues:65:5)[39m
[90m    at processImmediate (node:internal/timers:459:9)[39m
[90m    at process.callbackTrampoline (node:internal/async_hooks:130:17)[39m
    at validationConfirmationPage [90m(C:\playwright-project\[39msrc\tests\2TipsNoExtraNoSeat.spec.ts:90:3[90m)[39m
    at runWithRetries [90m(C:\playwright-project\[39msrc\tests\2TipsNoExtraNoSeat.spec.ts:121:7[90m)[39m
    at executeTests [90m(C:\playwright-project\[39msrc\tests\2TipsNoExtraNoSeat.spec.ts:221:29[90m)[39m
    at [90mC:\playwright-project\[39msrc\tests\2TipsNoExtraNoSeat.spec.ts:1507:30
    at [90mC:\playwright-project\[39mnode_modules\[4mplaywright[24m\lib\worker\workerMain.js:339:9
    at [90mC:\playwright-project\[39mnode_modules\[4mplaywright[24m\lib\worker\testInfo.js:286:11
    at TimeoutManager.withRunnable [90m(C:\playwright-project\[39mnode_modules\[4mplaywright[24m\lib\worker\timeoutManager.js:64:14[90m)[39m
    at TestInfoImpl._runAsStage [90m(C:\playwright-project\[39mnode_modules\[4mplaywright[24m\lib\worker\testInfo.js:284:7[90m)[39m
    at [90mC:\playwright-project\[39mnode_modules\[4mplaywright[24m\lib\worker\workerMain.js:331:7
    at [90mC:\playwright-project\[39mnode_modules\[4mplaywright[24m\lib\worker\testInfo.js:286:11
    at TimeoutManager.withRunnable [90m(C:\playwright-project\[39mnode_modules\[4mplaywright[24m\lib\worker\timeoutManager.js:52:27[90m)[39m
    at TestInfoImpl._runAsStage [90m(C:\playwright-project\[39mnode_modules\[4mplaywright[24m\lib\worker\testInfo.js:284:7[90m)[39m
    at WorkerMain._runTest [90m(C:\playwright-project\[39mnode_modules\[4mplaywright[24m\lib\worker\workerMain.js:281:5[90m)[39m
    at WorkerMain.runTestGroup [90m(C:\playwright-project\[39mnode_modules\[4mplaywright[24m\lib\worker\workerMain.js:205:11[90m)[39m
    at process.&lt;anonymous&gt; [90m(C:\playwright-project\[39mnode_modules\[4mplaywright[24m\lib\common\process.js:95:22[90m)[39m {
  fatal: [33mtrue[39m
}
Confirmation page validation failed: Not on confirmation page URL
Intento 2 fallido en payWithCard: Error [ValidationError]: Not on confirmation page URL
    at validationConfirmPage [90m(C:\playwright-project\[39msrc\page-objects\confirmation.ts:94:27[90m)[39m
    at validationConfirmationPage [90m(C:\playwright-project\[39msrc\tests\2TipsNoExtraNoSeat.spec.ts:90:3[90m)[39m
    at runWithRetries [90m(C:\playwright-project\[39msrc\tests\2TipsNoExtraNoSeat.spec.ts:121:7[90m)[39m
    at executeTests [90m(C:\playwright-project\[39msrc\tests\2TipsNoExtraNoSeat.spec.ts:221:29[90m)[39m
    at [90mC:\playwright-project\[39msrc\tests\2TipsNoExtraNoSeat.spec.ts:1507:30
    at [90mC:\playwright-project\[39mnode_modules\[4mplaywright[24m\lib\worker\workerMain.js:339:9
    at [90mC:\playwright-project\[39mnode_modules\[4mplaywright[24m\lib\worker\testInfo.js:286:11
    at TimeoutManager.withRunnable [90m(C:\playwright-project\[39mnode_modules\[4mplaywright[24m\lib\worker\timeoutManager.js:64:14[90m)[39m
    at TestInfoImpl._runAsStage [90m(C:\playwright-project\[39mnode_modules\[4mplaywright[24m\lib\worker\testInfo.js:284:7[90m)[39m
    at [90mC:\playwright-project\[39mnode_modules\[4mplaywright[24m\lib\worker\workerMain.js:331:7
    at [90mC:\playwright-project\[39mnode_modules\[4mplaywright[24m\lib\worker\testInfo.js:286:11
    at TimeoutManager.withRunnable [90m(C:\playwright-project\[39mnode_modules\[4mplaywright[24m\lib\worker\timeoutManager.js:52:27[90m)[39m
    at TestInfoImpl._runAsStage [90m(C:\playwright-project\[39mnode_modules\[4mplaywright[24m\lib\worker\testInfo.js:284:7[90m)[39m
    at WorkerMain._runTest [90m(C:\playwright-project\[39mnode_modules\[4mplaywright[24m\lib\worker\workerMain.js:281:5[90m)[39m
    at WorkerMain.runTestGroup [90m(C:\playwright-project\[39mnode_modules\[4mplaywright[24m\lib\worker\workerMain.js:205:11[90m)[39m
    at process.&lt;anonymous&gt; [90m(C:\playwright-project\[39mnode_modules\[4mplaywright[24m\lib\common\process.js:95:22[90m)[39m {
  fatal: [33mtrue[39m
}

</system-err>
</testcase>
<testcase name="31. Compra 1 adt PremComfort - Eco Comfort - sin assitence › Ejecución completa con reintentos" classname="2TipsNoExtraNoSeat.spec.ts" time="68.22">
<system-out>
Ejecución completa, intento 1 de 5
Ejecutando Booking, intento 1
Fecha de salida seleccionada: { year: [32m'2025'[39m, month: [32m'6'[39m, index: [33m8[39m, value: [33m21[39m }
Fecha de regreso seleccionada: { year: [32m'2025'[39m, month: [32m'6'[39m, index: [33m9[39m, value: [33m24[39m }
Ajustando número de pasajeros
Successfully clicked the element: div.price-cabin:has-text("Premium")
Successfully clicked the element: div.price-cabin:has-text("Economy")
Ejecutando fillPassengerAdult 1, intento 1
Ejecutando fillContact, intento 1
Ejecutando payWithCard, intento 1
Iframe encontrado.
Ejecutando payWithCard, intento 1
Ejecutando payWithCard, intento 2
Ejecutando payWithCard, intento 3
Successfully saved booking code M9WSN to Excel

</system-out>
<system-err>
Confirmation page validation failed: Flight Summary section not found on confirmation page
Intento 1 fallido en payWithCard: Error [ValidationError]: Flight Summary section not found on confirmation page
    at validationConfirmPage [90m(C:\playwright-project\[39msrc\page-objects\confirmation.ts:86:27[90m)[39m
[90m    at runNextTicks (node:internal/process/task_queues:65:5)[39m
[90m    at processImmediate (node:internal/timers:459:9)[39m
[90m    at process.callbackTrampoline (node:internal/async_hooks:130:17)[39m
    at validationConfirmationPage [90m(C:\playwright-project\[39msrc\tests\2TipsNoExtraNoSeat.spec.ts:90:3[90m)[39m
    at runWithRetries [90m(C:\playwright-project\[39msrc\tests\2TipsNoExtraNoSeat.spec.ts:121:7[90m)[39m
    at executeTests [90m(C:\playwright-project\[39msrc\tests\2TipsNoExtraNoSeat.spec.ts:221:29[90m)[39m
    at [90mC:\playwright-project\[39msrc\tests\2TipsNoExtraNoSeat.spec.ts:1549:30
    at [90mC:\playwright-project\[39mnode_modules\[4mplaywright[24m\lib\worker\workerMain.js:339:9
    at [90mC:\playwright-project\[39mnode_modules\[4mplaywright[24m\lib\worker\testInfo.js:286:11
    at TimeoutManager.withRunnable [90m(C:\playwright-project\[39mnode_modules\[4mplaywright[24m\lib\worker\timeoutManager.js:64:14[90m)[39m
    at TestInfoImpl._runAsStage [90m(C:\playwright-project\[39mnode_modules\[4mplaywright[24m\lib\worker\testInfo.js:284:7[90m)[39m
    at [90mC:\playwright-project\[39mnode_modules\[4mplaywright[24m\lib\worker\workerMain.js:331:7
    at [90mC:\playwright-project\[39mnode_modules\[4mplaywright[24m\lib\worker\testInfo.js:286:11
    at TimeoutManager.withRunnable [90m(C:\playwright-project\[39mnode_modules\[4mplaywright[24m\lib\worker\timeoutManager.js:52:27[90m)[39m
    at TestInfoImpl._runAsStage [90m(C:\playwright-project\[39mnode_modules\[4mplaywright[24m\lib\worker\testInfo.js:284:7[90m)[39m
    at WorkerMain._runTest [90m(C:\playwright-project\[39mnode_modules\[4mplaywright[24m\lib\worker\workerMain.js:281:5[90m)[39m
    at WorkerMain.runTestGroup [90m(C:\playwright-project\[39mnode_modules\[4mplaywright[24m\lib\worker\workerMain.js:205:11[90m)[39m
    at process.&lt;anonymous&gt; [90m(C:\playwright-project\[39mnode_modules\[4mplaywright[24m\lib\common\process.js:95:22[90m)[39m {
  fatal: [33mtrue[39m
}
Confirmation page validation failed: Not on confirmation page URL
Intento 2 fallido en payWithCard: Error [ValidationError]: Not on confirmation page URL
    at validationConfirmPage [90m(C:\playwright-project\[39msrc\page-objects\confirmation.ts:94:27[90m)[39m
[90m    at runNextTicks (node:internal/process/task_queues:65:5)[39m
[90m    at processImmediate (node:internal/timers:459:9)[39m
[90m    at process.callbackTrampoline (node:internal/async_hooks:130:17)[39m
    at validationConfirmationPage [90m(C:\playwright-project\[39msrc\tests\2TipsNoExtraNoSeat.spec.ts:90:3[90m)[39m
    at runWithRetries [90m(C:\playwright-project\[39msrc\tests\2TipsNoExtraNoSeat.spec.ts:121:7[90m)[39m
    at executeTests [90m(C:\playwright-project\[39msrc\tests\2TipsNoExtraNoSeat.spec.ts:221:29[90m)[39m
    at [90mC:\playwright-project\[39msrc\tests\2TipsNoExtraNoSeat.spec.ts:1549:30
    at [90mC:\playwright-project\[39mnode_modules\[4mplaywright[24m\lib\worker\workerMain.js:339:9
    at [90mC:\playwright-project\[39mnode_modules\[4mplaywright[24m\lib\worker\testInfo.js:286:11
    at TimeoutManager.withRunnable [90m(C:\playwright-project\[39mnode_modules\[4mplaywright[24m\lib\worker\timeoutManager.js:64:14[90m)[39m
    at TestInfoImpl._runAsStage [90m(C:\playwright-project\[39mnode_modules\[4mplaywright[24m\lib\worker\testInfo.js:284:7[90m)[39m
    at [90mC:\playwright-project\[39mnode_modules\[4mplaywright[24m\lib\worker\workerMain.js:331:7
    at [90mC:\playwright-project\[39mnode_modules\[4mplaywright[24m\lib\worker\testInfo.js:286:11
    at TimeoutManager.withRunnable [90m(C:\playwright-project\[39mnode_modules\[4mplaywright[24m\lib\worker\timeoutManager.js:52:27[90m)[39m
    at TestInfoImpl._runAsStage [90m(C:\playwright-project\[39mnode_modules\[4mplaywright[24m\lib\worker\testInfo.js:284:7[90m)[39m
    at WorkerMain._runTest [90m(C:\playwright-project\[39mnode_modules\[4mplaywright[24m\lib\worker\workerMain.js:281:5[90m)[39m
    at WorkerMain.runTestGroup [90m(C:\playwright-project\[39mnode_modules\[4mplaywright[24m\lib\worker\workerMain.js:205:11[90m)[39m
    at process.&lt;anonymous&gt; [90m(C:\playwright-project\[39mnode_modules\[4mplaywright[24m\lib\common\process.js:95:22[90m)[39m {
  fatal: [33mtrue[39m
}

</system-err>
</testcase>
<testcase name="32. Compra 1 adt PremComfort - Eco Extra - sin assitence › Ejecución completa con reintentos" classname="2TipsNoExtraNoSeat.spec.ts" time="83.454">
<system-out>
Ejecución completa, intento 1 de 5
Ejecutando Booking, intento 1
Ejecutando Booking, intento 2
Fecha de salida seleccionada: { year: [32m'2025'[39m, month: [32m'6'[39m, index: [33m7[39m, value: [33m19[39m }
Fecha de regreso seleccionada: { year: [32m'2025'[39m, month: [32m'6'[39m, index: [33m8[39m, value: [33m21[39m }
Ajustando número de pasajeros
Successfully clicked the element: div.price-cabin:has-text("Premium")
Successfully clicked the element: div.price-cabin:has-text("Economy")
Ejecutando fillPassengerAdult 1, intento 1
Ejecutando fillContact, intento 1
Ejecutando payWithCard, intento 1
Iframe encontrado.
Ejecutando payWithCard, intento 1
Ejecutando payWithCard, intento 2
Ejecutando payWithCard, intento 3
Successfully saved booking code M9WST to Excel

</system-out>
<system-err>
Error al gestionar el flujo de ida y vuelta: locator.click: Error: strict mode violation: getByLabel('Choose Tuesday, July 1st,') resolved to 2 elements:
    1) &lt;div title="" tabindex="-1" role="option" aria-disabled="false" aria-selected="false" aria-label="Choose Tuesday, July 1st, 2025" class="react-datepicker__day react-datepicker__day react-datepicker__day--001 react-datepicker__day--outside-month"&gt;&lt;/div&gt; aka getByLabel('Month June,').getByLabel('Choose Tuesday, July 1st,')
    2) &lt;div title="" tabindex="-1" role="option" aria-disabled="false" aria-selected="false" aria-label="Choose Tuesday, July 1st, 2025" class="react-datepicker__day react-datepicker__day react-datepicker__day--001"&gt;…&lt;/div&gt; aka getByLabel('Month July,').getByLabel('Choose Tuesday, July 1st,')

Call log:
[2m  - waiting for getByLabel('Choose Tuesday, July 1st,')[22m

Intento 1 fallido en Booking: locator.click: Error: strict mode violation: getByLabel('Choose Tuesday, July 1st,') resolved to 2 elements:
    1) &lt;div title="" tabindex="-1" role="option" aria-disabled="false" aria-selected="false" aria-label="Choose Tuesday, July 1st, 2025" class="react-datepicker__day react-datepicker__day react-datepicker__day--001 react-datepicker__day--outside-month"&gt;&lt;/div&gt; aka getByLabel('Month June,').getByLabel('Choose Tuesday, July 1st,')
    2) &lt;div title="" tabindex="-1" role="option" aria-disabled="false" aria-selected="false" aria-label="Choose Tuesday, July 1st, 2025" class="react-datepicker__day react-datepicker__day react-datepicker__day--001"&gt;…&lt;/div&gt; aka getByLabel('Month July,').getByLabel('Choose Tuesday, July 1st,')

Call log:
[2m  - waiting for getByLabel('Choose Tuesday, July 1st,')[22m

    at selectRoundTripDates [90m(C:\playwright-project\[39msrc\page-objects\searchPage.ts:127:57[90m)[39m
    at chooseDate [90m(C:\playwright-project\[39msrc\tests\2TipsNoExtraNoSeat.spec.ts:56:3[90m)[39m
    at global [90m(C:\playwright-project\[39msrc\tests\2TipsNoExtraNoSeat.spec.ts:108:3[90m)[39m
    at runWithRetries [90m(C:\playwright-project\[39msrc\tests\2TipsNoExtraNoSeat.spec.ts:121:7[90m)[39m
    at executeTests [90m(C:\playwright-project\[39msrc\tests\2TipsNoExtraNoSeat.spec.ts:143:27[90m)[39m
    at [90mC:\playwright-project\[39msrc\tests\2TipsNoExtraNoSeat.spec.ts:1592:30 {
  [[32mSymbol(step)[39m]: {
    stepId: [32m'pw:api@36'[39m,
    location: {
      file: [32m'C:\\playwright-project\\src\\page-objects\\searchPage.ts'[39m,
      line: [33m127[39m,
      column: [33m57[39m,
      function: [32m'selectRoundTripDates'[39m
    },
    category: [32m'pw:api'[39m,
    title: [32m"locator.getByLabel('Choose Tuesday, July 1st,').click"[39m,
    apiName: [32m'locator.click'[39m,
    params: {
      selector: [32m'internal:label="Choose Tuesday, July 1st,"i'[39m,
      strict: [33mtrue[39m
    },
    boxedStack: [90mundefined[39m,
    steps: [],
    complete: [36m[Function: complete][39m,
    endWallTime: [33m1738569442370[39m,
    error: {
      message: [32m"Error: locator.click: Error: strict mode violation: getByLabel('Choose Tuesday, July 1st,') resolved to 2 elements:\n"[39m +
        [32m`    1) &lt;div title="" tabindex="-1" role="option" aria-disabled="false" aria-selected="false" aria-label="Choose Tuesday, July 1st, 2025" class="react-datepicker__day react-datepicker__day react-datepicker__day--001 react-datepicker__day--outside-month"&gt;&lt;/div&gt; aka getByLabel('Month June,').getByLabel('Choose Tuesday, July 1st,')\n`[39m +
        [32m`    2) &lt;div title="" tabindex="-1" role="option" aria-disabled="false" aria-selected="false" aria-label="Choose Tuesday, July 1st, 2025" class="react-datepicker__day react-datepicker__day react-datepicker__day--001"&gt;…&lt;/div&gt; aka getByLabel('Month July,').getByLabel('Choose Tuesday, July 1st,')\n`[39m +
        [32m'\n'[39m +
        [32m'Call log:\n'[39m +
        [32m"\x1B[2m  - waiting for getByLabel('Choose Tuesday, July 1st,')\x1B[22m\n"[39m,
      stack: [32m"Error: locator.click: Error: strict mode violation: getByLabel('Choose Tuesday, July 1st,') resolved to 2 elements:\n"[39m +
        [32m`    1) &lt;div title="" tabindex="-1" role="option" aria-disabled="false" aria-selected="false" aria-label="Choose Tuesday, July 1st, 2025" class="react-datepicker__day react-datepicker__day react-datepicker__day--001 react-datepicker__day--outside-month"&gt;&lt;/div&gt; aka getByLabel('Month June,').getByLabel('Choose Tuesday, July 1st,')\n`[39m +
        [32m`    2) &lt;div title="" tabindex="-1" role="option" aria-disabled="false" aria-selected="false" aria-label="Choose Tuesday, July 1st, 2025" class="react-datepicker__day react-datepicker__day react-datepicker__day--001"&gt;…&lt;/div&gt; aka getByLabel('Month July,').getByLabel('Choose Tuesday, July 1st,')\n`[39m +
        [32m'\n'[39m +
        [32m'Call log:\n'[39m +
        [32m"\x1B[2m  - waiting for getByLabel('Choose Tuesday, July 1st,')\x1B[22m\n"[39m +
        [32m'\n'[39m +
        [32m'    at selectRoundTripDates (C:\\playwright-project\\src\\page-objects\\searchPage.ts:127:57)\n'[39m +
        [32m'    at chooseDate (C:\\playwright-project\\src\\tests\\2TipsNoExtraNoSeat.spec.ts:56:3)\n'[39m +
        [32m'    at global (C:\\playwright-project\\src\\tests\\2TipsNoExtraNoSeat.spec.ts:108:3)\n'[39m +
        [32m'    at runWithRetries (C:\\playwright-project\\src\\tests\\2TipsNoExtraNoSeat.spec.ts:121:7)\n'[39m +
        [32m'    at executeTests (C:\\playwright-project\\src\\tests\\2TipsNoExtraNoSeat.spec.ts:143:27)\n'[39m +
        [32m'    at C:\\playwright-project\\src\\tests\\2TipsNoExtraNoSeat.spec.ts:1592:30'[39m,
      cause: [90mundefined[39m
    }
  }
}
Confirmation page validation failed: Flight Summary section not found on confirmation page
Intento 1 fallido en payWithCard: Error [ValidationError]: Flight Summary section not found on confirmation page
    at validationConfirmPage [90m(C:\playwright-project\[39msrc\page-objects\confirmation.ts:86:27[90m)[39m
[90m    at runNextTicks (node:internal/process/task_queues:65:5)[39m
[90m    at processImmediate (node:internal/timers:459:9)[39m
[90m    at process.callbackTrampoline (node:internal/async_hooks:130:17)[39m
    at validationConfirmationPage [90m(C:\playwright-project\[39msrc\tests\2TipsNoExtraNoSeat.spec.ts:90:3[90m)[39m
    at runWithRetries [90m(C:\playwright-project\[39msrc\tests\2TipsNoExtraNoSeat.spec.ts:121:7[90m)[39m
    at executeTests [90m(C:\playwright-project\[39msrc\tests\2TipsNoExtraNoSeat.spec.ts:221:29[90m)[39m
    at [90mC:\playwright-project\[39msrc\tests\2TipsNoExtraNoSeat.spec.ts:1592:30
    at [90mC:\playwright-project\[39mnode_modules\[4mplaywright[24m\lib\worker\workerMain.js:339:9
    at [90mC:\playwright-project\[39mnode_modules\[4mplaywright[24m\lib\worker\testInfo.js:286:11
    at TimeoutManager.withRunnable [90m(C:\playwright-project\[39mnode_modules\[4mplaywright[24m\lib\worker\timeoutManager.js:64:14[90m)[39m
    at TestInfoImpl._runAsStage [90m(C:\playwright-project\[39mnode_modules\[4mplaywright[24m\lib\worker\testInfo.js:284:7[90m)[39m
    at [90mC:\playwright-project\[39mnode_modules\[4mplaywright[24m\lib\worker\workerMain.js:331:7
    at [90mC:\playwright-project\[39mnode_modules\[4mplaywright[24m\lib\worker\testInfo.js:286:11
    at TimeoutManager.withRunnable [90m(C:\playwright-project\[39mnode_modules\[4mplaywright[24m\lib\worker\timeoutManager.js:52:27[90m)[39m
    at TestInfoImpl._runAsStage [90m(C:\playwright-project\[39mnode_modules\[4mplaywright[24m\lib\worker\testInfo.js:284:7[90m)[39m
    at WorkerMain._runTest [90m(C:\playwright-project\[39mnode_modules\[4mplaywright[24m\lib\worker\workerMain.js:281:5[90m)[39m
    at WorkerMain.runTestGroup [90m(C:\playwright-project\[39mnode_modules\[4mplaywright[24m\lib\worker\workerMain.js:205:11[90m)[39m
    at process.&lt;anonymous&gt; [90m(C:\playwright-project\[39mnode_modules\[4mplaywright[24m\lib\common\process.js:95:22[90m)[39m {
  fatal: [33mtrue[39m
}
Confirmation page validation failed: Not on confirmation page URL
Intento 2 fallido en payWithCard: Error [ValidationError]: Not on confirmation page URL
    at validationConfirmPage [90m(C:\playwright-project\[39msrc\page-objects\confirmation.ts:94:27[90m)[39m
    at validationConfirmationPage [90m(C:\playwright-project\[39msrc\tests\2TipsNoExtraNoSeat.spec.ts:90:3[90m)[39m
    at runWithRetries [90m(C:\playwright-project\[39msrc\tests\2TipsNoExtraNoSeat.spec.ts:121:7[90m)[39m
    at executeTests [90m(C:\playwright-project\[39msrc\tests\2TipsNoExtraNoSeat.spec.ts:221:29[90m)[39m
    at [90mC:\playwright-project\[39msrc\tests\2TipsNoExtraNoSeat.spec.ts:1592:30
    at [90mC:\playwright-project\[39mnode_modules\[4mplaywright[24m\lib\worker\workerMain.js:339:9
    at [90mC:\playwright-project\[39mnode_modules\[4mplaywright[24m\lib\worker\testInfo.js:286:11
    at TimeoutManager.withRunnable [90m(C:\playwright-project\[39mnode_modules\[4mplaywright[24m\lib\worker\timeoutManager.js:64:14[90m)[39m
    at TestInfoImpl._runAsStage [90m(C:\playwright-project\[39mnode_modules\[4mplaywright[24m\lib\worker\testInfo.js:284:7[90m)[39m
    at [90mC:\playwright-project\[39mnode_modules\[4mplaywright[24m\lib\worker\workerMain.js:331:7
    at [90mC:\playwright-project\[39mnode_modules\[4mplaywright[24m\lib\worker\testInfo.js:286:11
    at TimeoutManager.withRunnable [90m(C:\playwright-project\[39mnode_modules\[4mplaywright[24m\lib\worker\timeoutManager.js:52:27[90m)[39m
    at TestInfoImpl._runAsStage [90m(C:\playwright-project\[39mnode_modules\[4mplaywright[24m\lib\worker\testInfo.js:284:7[90m)[39m
    at WorkerMain._runTest [90m(C:\playwright-project\[39mnode_modules\[4mplaywright[24m\lib\worker\workerMain.js:281:5[90m)[39m
    at WorkerMain.runTestGroup [90m(C:\playwright-project\[39mnode_modules\[4mplaywright[24m\lib\worker\workerMain.js:205:11[90m)[39m
    at process.&lt;anonymous&gt; [90m(C:\playwright-project\[39mnode_modules\[4mplaywright[24m\lib\common\process.js:95:22[90m)[39m {
  fatal: [33mtrue[39m
}

</system-err>
</testcase>
<testcase name="33. Compra 1 adt PremComfort - PremLight - sin assitence › Ejecución completa con reintentos" classname="2TipsNoExtraNoSeat.spec.ts" time="51.758">
<system-out>
Ejecución completa, intento 1 de 5
Ejecutando Booking, intento 1
Fecha de salida seleccionada: { year: [32m'2025'[39m, month: [32m'6'[39m, index: [33m8[39m, value: [33m21[39m }
Fecha de regreso seleccionada: { year: [32m'2025'[39m, month: [32m'6'[39m, index: [33m9[39m, value: [33m24[39m }
Ajustando número de pasajeros
Successfully clicked the element: div.price-cabin:has-text("Premium")
Successfully clicked the element: div.price-cabin:has-text("Premium")
Ejecutando fillPassengerAdult 1, intento 1
Ejecutando fillContact, intento 1
Ejecutando payWithCard, intento 1
Iframe encontrado.
Ejecutando payWithCard, intento 1
Ejecutando payWithCard, intento 2
Ejecutando payWithCard, intento 3
Successfully saved booking code M9WSV to Excel

</system-out>
<system-err>
Confirmation page validation failed: Flight Summary section not found on confirmation page
Intento 1 fallido en payWithCard: Error [ValidationError]: Flight Summary section not found on confirmation page
    at validationConfirmPage [90m(C:\playwright-project\[39msrc\page-objects\confirmation.ts:86:27[90m)[39m
[90m    at runNextTicks (node:internal/process/task_queues:65:5)[39m
[90m    at processImmediate (node:internal/timers:459:9)[39m
[90m    at process.callbackTrampoline (node:internal/async_hooks:130:17)[39m
    at validationConfirmationPage [90m(C:\playwright-project\[39msrc\tests\2TipsNoExtraNoSeat.spec.ts:90:3[90m)[39m
    at runWithRetries [90m(C:\playwright-project\[39msrc\tests\2TipsNoExtraNoSeat.spec.ts:121:7[90m)[39m
    at executeTests [90m(C:\playwright-project\[39msrc\tests\2TipsNoExtraNoSeat.spec.ts:221:29[90m)[39m
    at [90mC:\playwright-project\[39msrc\tests\2TipsNoExtraNoSeat.spec.ts:1635:30
    at [90mC:\playwright-project\[39mnode_modules\[4mplaywright[24m\lib\worker\workerMain.js:339:9
    at [90mC:\playwright-project\[39mnode_modules\[4mplaywright[24m\lib\worker\testInfo.js:286:11
    at TimeoutManager.withRunnable [90m(C:\playwright-project\[39mnode_modules\[4mplaywright[24m\lib\worker\timeoutManager.js:64:14[90m)[39m
    at TestInfoImpl._runAsStage [90m(C:\playwright-project\[39mnode_modules\[4mplaywright[24m\lib\worker\testInfo.js:284:7[90m)[39m
    at [90mC:\playwright-project\[39mnode_modules\[4mplaywright[24m\lib\worker\workerMain.js:331:7
    at [90mC:\playwright-project\[39mnode_modules\[4mplaywright[24m\lib\worker\testInfo.js:286:11
    at TimeoutManager.withRunnable [90m(C:\playwright-project\[39mnode_modules\[4mplaywright[24m\lib\worker\timeoutManager.js:52:27[90m)[39m
    at TestInfoImpl._runAsStage [90m(C:\playwright-project\[39mnode_modules\[4mplaywright[24m\lib\worker\testInfo.js:284:7[90m)[39m
    at WorkerMain._runTest [90m(C:\playwright-project\[39mnode_modules\[4mplaywright[24m\lib\worker\workerMain.js:281:5[90m)[39m
    at WorkerMain.runTestGroup [90m(C:\playwright-project\[39mnode_modules\[4mplaywright[24m\lib\worker\workerMain.js:205:11[90m)[39m
    at process.&lt;anonymous&gt; [90m(C:\playwright-project\[39mnode_modules\[4mplaywright[24m\lib\common\process.js:95:22[90m)[39m {
  fatal: [33mtrue[39m
}
Confirmation page validation failed: Not on confirmation page URL
Intento 2 fallido en payWithCard: Error [ValidationError]: Not on confirmation page URL
    at validationConfirmPage [90m(C:\playwright-project\[39msrc\page-objects\confirmation.ts:94:27[90m)[39m
    at validationConfirmationPage [90m(C:\playwright-project\[39msrc\tests\2TipsNoExtraNoSeat.spec.ts:90:3[90m)[39m
    at runWithRetries [90m(C:\playwright-project\[39msrc\tests\2TipsNoExtraNoSeat.spec.ts:121:7[90m)[39m
    at executeTests [90m(C:\playwright-project\[39msrc\tests\2TipsNoExtraNoSeat.spec.ts:221:29[90m)[39m
    at [90mC:\playwright-project\[39msrc\tests\2TipsNoExtraNoSeat.spec.ts:1635:30
    at [90mC:\playwright-project\[39mnode_modules\[4mplaywright[24m\lib\worker\workerMain.js:339:9
    at [90mC:\playwright-project\[39mnode_modules\[4mplaywright[24m\lib\worker\testInfo.js:286:11
    at TimeoutManager.withRunnable [90m(C:\playwright-project\[39mnode_modules\[4mplaywright[24m\lib\worker\timeoutManager.js:64:14[90m)[39m
    at TestInfoImpl._runAsStage [90m(C:\playwright-project\[39mnode_modules\[4mplaywright[24m\lib\worker\testInfo.js:284:7[90m)[39m
    at [90mC:\playwright-project\[39mnode_modules\[4mplaywright[24m\lib\worker\workerMain.js:331:7
    at [90mC:\playwright-project\[39mnode_modules\[4mplaywright[24m\lib\worker\testInfo.js:286:11
    at TimeoutManager.withRunnable [90m(C:\playwright-project\[39mnode_modules\[4mplaywright[24m\lib\worker\timeoutManager.js:52:27[90m)[39m
    at TestInfoImpl._runAsStage [90m(C:\playwright-project\[39mnode_modules\[4mplaywright[24m\lib\worker\testInfo.js:284:7[90m)[39m
    at WorkerMain._runTest [90m(C:\playwright-project\[39mnode_modules\[4mplaywright[24m\lib\worker\workerMain.js:281:5[90m)[39m
    at WorkerMain.runTestGroup [90m(C:\playwright-project\[39mnode_modules\[4mplaywright[24m\lib\worker\workerMain.js:205:11[90m)[39m
    at process.&lt;anonymous&gt; [90m(C:\playwright-project\[39mnode_modules\[4mplaywright[24m\lib\common\process.js:95:22[90m)[39m {
  fatal: [33mtrue[39m
}

</system-err>
</testcase>
<testcase name="34. Compra 1 adt PremComfort - PremComfort - sin assitence › Ejecución completa con reintentos" classname="2TipsNoExtraNoSeat.spec.ts" time="291.869">
<system-out>
Ejecución completa, intento 1 de 5
Ejecutando Booking, intento 1
Fecha de salida seleccionada: { year: [32m'2025'[39m, month: [32m'6'[39m, index: [33m2[39m, value: [33m7[39m }
Fecha de regreso seleccionada: { year: [32m'2025'[39m, month: [32m'6'[39m, index: [33m3[39m, value: [33m10[39m }
Ajustando número de pasajeros
Successfully clicked the element: div.price-cabin:has-text("Premium")
Successfully clicked the element: div.price-cabin:has-text("Premium")
Ejecutando fillPassengerAdult 1, intento 1
Ejecutando fillContact, intento 1
Ejecutando payWithCard, intento 1
Ejecutando payWithCard, intento 2
Ejecutando payWithCard, intento 3
Ejecución completa, intento 2 de 5
Ejecutando Booking, intento 1
Fecha de salida seleccionada: { year: [32m'2025'[39m, month: [32m'6'[39m, index: [33m1[39m, value: [33m5[39m }
Fecha de regreso seleccionada: { year: [32m'2025'[39m, month: [32m'6'[39m, index: [33m2[39m, value: [33m7[39m }
Ajustando número de pasajeros
Successfully clicked the element: div.price-cabin:has-text("Premium")
Successfully clicked the element: div.price-cabin:has-text("Premium")
Ejecutando fillPassengerAdult 1, intento 1
Ejecutando fillContact, intento 1
Ejecutando payWithCard, intento 1
Iframe encontrado.
Ejecutando payWithCard, intento 1
Ejecutando payWithCard, intento 2
Ejecutando payWithCard, intento 3
Successfully saved booking code M9WVK to Excel

</system-out>
<system-err>
Error while handling iframe payment: page.waitForSelector: Timeout 60000ms exceeded.
Call log:
[2m  - waiting for locator('iframe[title="Iframe for expiry date"]') to be visible[22m
[2m    - waiting for" https://lv-fndoor-ecommerce-sbx-ghdubdbgdtcsane6.a01.azurefd.net/nwe/payment/?forcedCulture=en" navigation to finish...[22m
[2m    - navigated to "https://lv-fndoor-ecommerce-sbx-ghdubdbgdtcsane6.a01.azurefd.net/nwe/payment/?forcedCulture=en"[22m

    at payWithCard [90m(C:\playwright-project\[39msrc\page-objects\paymentPage.ts:4:20[90m)[39m
    at payWithCardInformation [90m(C:\playwright-project\[39msrc\tests\2TipsNoExtraNoSeat.spec.ts:84:22[90m)[39m
    at fn [90m(C:\playwright-project\[39msrc\tests\2TipsNoExtraNoSeat.spec.ts:212:15[90m)[39m
    at runWithRetries [90m(C:\playwright-project\[39msrc\tests\2TipsNoExtraNoSeat.spec.ts:121:13[90m)[39m
    at executeTests [90m(C:\playwright-project\[39msrc\tests\2TipsNoExtraNoSeat.spec.ts:211:35[90m)[39m
    at [90mC:\playwright-project\[39msrc\tests\2TipsNoExtraNoSeat.spec.ts:1677:30 {
  name: [32m'TimeoutError'[39m,
  [[32mSymbol(step)[39m]: {
    stepId: [32m'pw:api@63'[39m,
    location: {
      file: [32m'C:\\playwright-project\\src\\page-objects\\paymentPage.ts'[39m,
      line: [33m4[39m,
      column: [33m20[39m,
      function: [32m'payWithCard'[39m
    },
    category: [32m'pw:api'[39m,
    title: [32m'page.waitForSelector(iframe[title="Iframe for expiry date"])'[39m,
    apiName: [32m'page.waitForSelector'[39m,
    params: {
      selector: [32m'iframe[title="Iframe for expiry date"]'[39m,
      timeout: [33m60000[39m
    },
    boxedStack: [90mundefined[39m,
    steps: [],
    complete: [36m[Function: complete][39m,
    endWallTime: [33m1738569562669[39m,
    error: {
      message: [32m'TimeoutError: page.waitForSelector: Timeout 60000ms exceeded.\n'[39m +
        [32m'Call log:\n'[39m +
        [32m`\x1B[2m  - waiting for locator('iframe[title="Iframe for expiry date"]') to be visible\x1B[22m\n`[39m +
        [32m'\x1B[2m    - waiting for" https://lv-fndoor-ecommerce-sbx-ghdubdbgdtcsane6.a01.azurefd.net/nwe/payment/?forcedCulture=en" navigation to finish...\x1B[22m\n'[39m +
        [32m'\x1B[2m    - navigated to "https://lv-fndoor-ecommerce-sbx-ghdubdbgdtcsane6.a01.azurefd.net/nwe/payment/?forcedCulture=en"\x1B[22m\n'[39m,
      stack: [32m'TimeoutError: page.waitForSelector: Timeout 60000ms exceeded.\n'[39m +
        [32m'Call log:\n'[39m +
        [32m`\x1B[2m  - waiting for locator('iframe[title="Iframe for expiry date"]') to be visible\x1B[22m\n`[39m +
        [32m'\x1B[2m    - waiting for" https://lv-fndoor-ecommerce-sbx-ghdubdbgdtcsane6.a01.azurefd.net/nwe/payment/?forcedCulture=en" navigation to finish...\x1B[22m\n'[39m +
        [32m'\x1B[2m    - navigated to "https://lv-fndoor-ecommerce-sbx-ghdubdbgdtcsane6.a01.azurefd.net/nwe/payment/?forcedCulture=en"\x1B[22m\n'[39m +
        [32m'\n'[39m +
        [32m'    at payWithCard (C:\\playwright-project\\src\\page-objects\\paymentPage.ts:4:20)\n'[39m +
        [32m'    at payWithCardInformation (C:\\playwright-project\\src\\tests\\2TipsNoExtraNoSeat.spec.ts:84:22)\n'[39m +
        [32m'    at fn (C:\\playwright-project\\src\\tests\\2TipsNoExtraNoSeat.spec.ts:212:15)\n'[39m +
        [32m'    at runWithRetries (C:\\playwright-project\\src\\tests\\2TipsNoExtraNoSeat.spec.ts:121:13)\n'[39m +
        [32m'    at executeTests (C:\\playwright-project\\src\\tests\\2TipsNoExtraNoSeat.spec.ts:211:35)\n'[39m +
        [32m'    at C:\\playwright-project\\src\\tests\\2TipsNoExtraNoSeat.spec.ts:1677:30'[39m,
      cause: [90mundefined[39m
    }
  }
}
Intento 1 fallido en payWithCard: page.waitForSelector: Timeout 60000ms exceeded.
Call log:
[2m  - waiting for locator('iframe[title="Iframe for expiry date"]') to be visible[22m
[2m    - waiting for" https://lv-fndoor-ecommerce-sbx-ghdubdbgdtcsane6.a01.azurefd.net/nwe/payment/?forcedCulture=en" navigation to finish...[22m
[2m    - navigated to "https://lv-fndoor-ecommerce-sbx-ghdubdbgdtcsane6.a01.azurefd.net/nwe/payment/?forcedCulture=en"[22m

    at payWithCard [90m(C:\playwright-project\[39msrc\page-objects\paymentPage.ts:4:20[90m)[39m
    at payWithCardInformation [90m(C:\playwright-project\[39msrc\tests\2TipsNoExtraNoSeat.spec.ts:84:22[90m)[39m
    at fn [90m(C:\playwright-project\[39msrc\tests\2TipsNoExtraNoSeat.spec.ts:212:15[90m)[39m
    at runWithRetries [90m(C:\playwright-project\[39msrc\tests\2TipsNoExtraNoSeat.spec.ts:121:13[90m)[39m
    at executeTests [90m(C:\playwright-project\[39msrc\tests\2TipsNoExtraNoSeat.spec.ts:211:35[90m)[39m
    at [90mC:\playwright-project\[39msrc\tests\2TipsNoExtraNoSeat.spec.ts:1677:30 {
  name: [32m'TimeoutError'[39m,
  [[32mSymbol(step)[39m]: {
    stepId: [32m'pw:api@63'[39m,
    location: {
      file: [32m'C:\\playwright-project\\src\\page-objects\\paymentPage.ts'[39m,
      line: [33m4[39m,
      column: [33m20[39m,
      function: [32m'payWithCard'[39m
    },
    category: [32m'pw:api'[39m,
    title: [32m'page.waitForSelector(iframe[title="Iframe for expiry date"])'[39m,
    apiName: [32m'page.waitForSelector'[39m,
    params: {
      selector: [32m'iframe[title="Iframe for expiry date"]'[39m,
      timeout: [33m60000[39m
    },
    boxedStack: [90mundefined[39m,
    steps: [],
    complete: [36m[Function: complete][39m,
    endWallTime: [33m1738569562669[39m,
    error: {
      message: [32m'TimeoutError: page.waitForSelector: Timeout 60000ms exceeded.\n'[39m +
        [32m'Call log:\n'[39m +
        [32m`\x1B[2m  - waiting for locator('iframe[title="Iframe for expiry date"]') to be visible\x1B[22m\n`[39m +
        [32m'\x1B[2m    - waiting for" https://lv-fndoor-ecommerce-sbx-ghdubdbgdtcsane6.a01.azurefd.net/nwe/payment/?forcedCulture=en" navigation to finish...\x1B[22m\n'[39m +
        [32m'\x1B[2m    - navigated to "https://lv-fndoor-ecommerce-sbx-ghdubdbgdtcsane6.a01.azurefd.net/nwe/payment/?forcedCulture=en"\x1B[22m\n'[39m,
      stack: [32m'TimeoutError: page.waitForSelector: Timeout 60000ms exceeded.\n'[39m +
        [32m'Call log:\n'[39m +
        [32m`\x1B[2m  - waiting for locator('iframe[title="Iframe for expiry date"]') to be visible\x1B[22m\n`[39m +
        [32m'\x1B[2m    - waiting for" https://lv-fndoor-ecommerce-sbx-ghdubdbgdtcsane6.a01.azurefd.net/nwe/payment/?forcedCulture=en" navigation to finish...\x1B[22m\n'[39m +
        [32m'\x1B[2m    - navigated to "https://lv-fndoor-ecommerce-sbx-ghdubdbgdtcsane6.a01.azurefd.net/nwe/payment/?forcedCulture=en"\x1B[22m\n'[39m +
        [32m'\n'[39m +
        [32m'    at payWithCard (C:\\playwright-project\\src\\page-objects\\paymentPage.ts:4:20)\n'[39m +
        [32m'    at payWithCardInformation (C:\\playwright-project\\src\\tests\\2TipsNoExtraNoSeat.spec.ts:84:22)\n'[39m +
        [32m'    at fn (C:\\playwright-project\\src\\tests\\2TipsNoExtraNoSeat.spec.ts:212:15)\n'[39m +
        [32m'    at runWithRetries (C:\\playwright-project\\src\\tests\\2TipsNoExtraNoSeat.spec.ts:121:13)\n'[39m +
        [32m'    at executeTests (C:\\playwright-project\\src\\tests\\2TipsNoExtraNoSeat.spec.ts:211:35)\n'[39m +
        [32m'    at C:\\playwright-project\\src\\tests\\2TipsNoExtraNoSeat.spec.ts:1677:30'[39m,
      cause: [90mundefined[39m
    }
  }
}
Error while handling iframe payment: page.waitForSelector: Timeout 60000ms exceeded.
Call log:
[2m  - waiting for locator('iframe[title="Iframe for expiry date"]') to be visible[22m

    at payWithCard [90m(C:\playwright-project\[39msrc\page-objects\paymentPage.ts:4:20[90m)[39m
    at payWithCardInformation [90m(C:\playwright-project\[39msrc\tests\2TipsNoExtraNoSeat.spec.ts:84:22[90m)[39m
    at fn [90m(C:\playwright-project\[39msrc\tests\2TipsNoExtraNoSeat.spec.ts:212:15[90m)[39m
    at runWithRetries [90m(C:\playwright-project\[39msrc\tests\2TipsNoExtraNoSeat.spec.ts:121:13[90m)[39m
    at executeTests [90m(C:\playwright-project\[39msrc\tests\2TipsNoExtraNoSeat.spec.ts:211:29[90m)[39m
    at [90mC:\playwright-project\[39msrc\tests\2TipsNoExtraNoSeat.spec.ts:1677:30 {
  name: [32m'TimeoutError'[39m,
  [[32mSymbol(step)[39m]: {
    stepId: [32m'pw:api@64'[39m,
    location: {
      file: [32m'C:\\playwright-project\\src\\page-objects\\paymentPage.ts'[39m,
      line: [33m4[39m,
      column: [33m20[39m,
      function: [32m'payWithCard'[39m
    },
    category: [32m'pw:api'[39m,
    title: [32m'page.waitForSelector(iframe[title="Iframe for expiry date"])'[39m,
    apiName: [32m'page.waitForSelector'[39m,
    params: {
      selector: [32m'iframe[title="Iframe for expiry date"]'[39m,
      timeout: [33m60000[39m
    },
    boxedStack: [90mundefined[39m,
    steps: [],
    complete: [36m[Function: complete][39m,
    endWallTime: [33m1738569622693[39m,
    error: {
      message: [32m'TimeoutError: page.waitForSelector: Timeout 60000ms exceeded.\n'[39m +
        [32m'Call log:\n'[39m +
        [32m`\x1B[2m  - waiting for locator('iframe[title="Iframe for expiry date"]') to be visible\x1B[22m\n`[39m,
      stack: [32m'TimeoutError: page.waitForSelector: Timeout 60000ms exceeded.\n'[39m +
        [32m'Call log:\n'[39m +
        [32m`\x1B[2m  - waiting for locator('iframe[title="Iframe for expiry date"]') to be visible\x1B[22m\n`[39m +
        [32m'\n'[39m +
        [32m'    at payWithCard (C:\\playwright-project\\src\\page-objects\\paymentPage.ts:4:20)\n'[39m +
        [32m'    at payWithCardInformation (C:\\playwright-project\\src\\tests\\2TipsNoExtraNoSeat.spec.ts:84:22)\n'[39m +
        [32m'    at fn (C:\\playwright-project\\src\\tests\\2TipsNoExtraNoSeat.spec.ts:212:15)\n'[39m +
        [32m'    at runWithRetries (C:\\playwright-project\\src\\tests\\2TipsNoExtraNoSeat.spec.ts:121:13)\n'[39m +
        [32m'    at executeTests (C:\\playwright-project\\src\\tests\\2TipsNoExtraNoSeat.spec.ts:211:29)\n'[39m +
        [32m'    at C:\\playwright-project\\src\\tests\\2TipsNoExtraNoSeat.spec.ts:1677:30'[39m,
      cause: [90mundefined[39m
    }
  }
}
Intento 2 fallido en payWithCard: page.waitForSelector: Timeout 60000ms exceeded.
Call log:
[2m  - waiting for locator('iframe[title="Iframe for expiry date"]') to be visible[22m

    at payWithCard [90m(C:\playwright-project\[39msrc\page-objects\paymentPage.ts:4:20[90m)[39m
    at payWithCardInformation [90m(C:\playwright-project\[39msrc\tests\2TipsNoExtraNoSeat.spec.ts:84:22[90m)[39m
    at fn [90m(C:\playwright-project\[39msrc\tests\2TipsNoExtraNoSeat.spec.ts:212:15[90m)[39m
    at runWithRetries [90m(C:\playwright-project\[39msrc\tests\2TipsNoExtraNoSeat.spec.ts:121:13[90m)[39m
    at executeTests [90m(C:\playwright-project\[39msrc\tests\2TipsNoExtraNoSeat.spec.ts:211:29[90m)[39m
    at [90mC:\playwright-project\[39msrc\tests\2TipsNoExtraNoSeat.spec.ts:1677:30 {
  name: [32m'TimeoutError'[39m,
  [[32mSymbol(step)[39m]: {
    stepId: [32m'pw:api@64'[39m,
    location: {
      file: [32m'C:\\playwright-project\\src\\page-objects\\paymentPage.ts'[39m,
      line: [33m4[39m,
      column: [33m20[39m,
      function: [32m'payWithCard'[39m
    },
    category: [32m'pw:api'[39m,
    title: [32m'page.waitForSelector(iframe[title="Iframe for expiry date"])'[39m,
    apiName: [32m'page.waitForSelector'[39m,
    params: {
      selector: [32m'iframe[title="Iframe for expiry date"]'[39m,
      timeout: [33m60000[39m
    },
    boxedStack: [90mundefined[39m,
    steps: [],
    complete: [36m[Function: complete][39m,
    endWallTime: [33m1738569622693[39m,
    error: {
      message: [32m'TimeoutError: page.waitForSelector: Timeout 60000ms exceeded.\n'[39m +
        [32m'Call log:\n'[39m +
        [32m`\x1B[2m  - waiting for locator('iframe[title="Iframe for expiry date"]') to be visible\x1B[22m\n`[39m,
      stack: [32m'TimeoutError: page.waitForSelector: Timeout 60000ms exceeded.\n'[39m +
        [32m'Call log:\n'[39m +
        [32m`\x1B[2m  - waiting for locator('iframe[title="Iframe for expiry date"]') to be visible\x1B[22m\n`[39m +
        [32m'\n'[39m +
        [32m'    at payWithCard (C:\\playwright-project\\src\\page-objects\\paymentPage.ts:4:20)\n'[39m +
        [32m'    at payWithCardInformation (C:\\playwright-project\\src\\tests\\2TipsNoExtraNoSeat.spec.ts:84:22)\n'[39m +
        [32m'    at fn (C:\\playwright-project\\src\\tests\\2TipsNoExtraNoSeat.spec.ts:212:15)\n'[39m +
        [32m'    at runWithRetries (C:\\playwright-project\\src\\tests\\2TipsNoExtraNoSeat.spec.ts:121:13)\n'[39m +
        [32m'    at executeTests (C:\\playwright-project\\src\\tests\\2TipsNoExtraNoSeat.spec.ts:211:29)\n'[39m +
        [32m'    at C:\\playwright-project\\src\\tests\\2TipsNoExtraNoSeat.spec.ts:1677:30'[39m,
      cause: [90mundefined[39m
    }
  }
}
Error while handling iframe payment: page.waitForSelector: Timeout 60000ms exceeded.
Call log:
[2m  - waiting for locator('iframe[title="Iframe for expiry date"]') to be visible[22m

    at payWithCard [90m(C:\playwright-project\[39msrc\page-objects\paymentPage.ts:4:20[90m)[39m
    at payWithCardInformation [90m(C:\playwright-project\[39msrc\tests\2TipsNoExtraNoSeat.spec.ts:84:22[90m)[39m
    at fn [90m(C:\playwright-project\[39msrc\tests\2TipsNoExtraNoSeat.spec.ts:212:15[90m)[39m
    at runWithRetries [90m(C:\playwright-project\[39msrc\tests\2TipsNoExtraNoSeat.spec.ts:121:13[90m)[39m
    at executeTests [90m(C:\playwright-project\[39msrc\tests\2TipsNoExtraNoSeat.spec.ts:211:29[90m)[39m
    at [90mC:\playwright-project\[39msrc\tests\2TipsNoExtraNoSeat.spec.ts:1677:30 {
  name: [32m'TimeoutError'[39m,
  [[32mSymbol(step)[39m]: {
    stepId: [32m'pw:api@65'[39m,
    location: {
      file: [32m'C:\\playwright-project\\src\\page-objects\\paymentPage.ts'[39m,
      line: [33m4[39m,
      column: [33m20[39m,
      function: [32m'payWithCard'[39m
    },
    category: [32m'pw:api'[39m,
    title: [32m'page.waitForSelector(iframe[title="Iframe for expiry date"])'[39m,
    apiName: [32m'page.waitForSelector'[39m,
    params: {
      selector: [32m'iframe[title="Iframe for expiry date"]'[39m,
      timeout: [33m60000[39m
    },
    boxedStack: [90mundefined[39m,
    steps: [],
    complete: [36m[Function: complete][39m,
    endWallTime: [33m1738569682716[39m,
    error: {
      message: [32m'TimeoutError: page.waitForSelector: Timeout 60000ms exceeded.\n'[39m +
        [32m'Call log:\n'[39m +
        [32m`\x1B[2m  - waiting for locator('iframe[title="Iframe for expiry date"]') to be visible\x1B[22m\n`[39m,
      stack: [32m'TimeoutError: page.waitForSelector: Timeout 60000ms exceeded.\n'[39m +
        [32m'Call log:\n'[39m +
        [32m`\x1B[2m  - waiting for locator('iframe[title="Iframe for expiry date"]') to be visible\x1B[22m\n`[39m +
        [32m'\n'[39m +
        [32m'    at payWithCard (C:\\playwright-project\\src\\page-objects\\paymentPage.ts:4:20)\n'[39m +
        [32m'    at payWithCardInformation (C:\\playwright-project\\src\\tests\\2TipsNoExtraNoSeat.spec.ts:84:22)\n'[39m +
        [32m'    at fn (C:\\playwright-project\\src\\tests\\2TipsNoExtraNoSeat.spec.ts:212:15)\n'[39m +
        [32m'    at runWithRetries (C:\\playwright-project\\src\\tests\\2TipsNoExtraNoSeat.spec.ts:121:13)\n'[39m +
        [32m'    at executeTests (C:\\playwright-project\\src\\tests\\2TipsNoExtraNoSeat.spec.ts:211:29)\n'[39m +
        [32m'    at C:\\playwright-project\\src\\tests\\2TipsNoExtraNoSeat.spec.ts:1677:30'[39m,
      cause: [90mundefined[39m
    }
  }
}
Intento 3 fallido en payWithCard: page.waitForSelector: Timeout 60000ms exceeded.
Call log:
[2m  - waiting for locator('iframe[title="Iframe for expiry date"]') to be visible[22m

    at payWithCard [90m(C:\playwright-project\[39msrc\page-objects\paymentPage.ts:4:20[90m)[39m
    at payWithCardInformation [90m(C:\playwright-project\[39msrc\tests\2TipsNoExtraNoSeat.spec.ts:84:22[90m)[39m
    at fn [90m(C:\playwright-project\[39msrc\tests\2TipsNoExtraNoSeat.spec.ts:212:15[90m)[39m
    at runWithRetries [90m(C:\playwright-project\[39msrc\tests\2TipsNoExtraNoSeat.spec.ts:121:13[90m)[39m
    at executeTests [90m(C:\playwright-project\[39msrc\tests\2TipsNoExtraNoSeat.spec.ts:211:29[90m)[39m
    at [90mC:\playwright-project\[39msrc\tests\2TipsNoExtraNoSeat.spec.ts:1677:30 {
  name: [32m'TimeoutError'[39m,
  [[32mSymbol(step)[39m]: {
    stepId: [32m'pw:api@65'[39m,
    location: {
      file: [32m'C:\\playwright-project\\src\\page-objects\\paymentPage.ts'[39m,
      line: [33m4[39m,
      column: [33m20[39m,
      function: [32m'payWithCard'[39m
    },
    category: [32m'pw:api'[39m,
    title: [32m'page.waitForSelector(iframe[title="Iframe for expiry date"])'[39m,
    apiName: [32m'page.waitForSelector'[39m,
    params: {
      selector: [32m'iframe[title="Iframe for expiry date"]'[39m,
      timeout: [33m60000[39m
    },
    boxedStack: [90mundefined[39m,
    steps: [],
    complete: [36m[Function: complete][39m,
    endWallTime: [33m1738569682716[39m,
    error: {
      message: [32m'TimeoutError: page.waitForSelector: Timeout 60000ms exceeded.\n'[39m +
        [32m'Call log:\n'[39m +
        [32m`\x1B[2m  - waiting for locator('iframe[title="Iframe for expiry date"]') to be visible\x1B[22m\n`[39m,
      stack: [32m'TimeoutError: page.waitForSelector: Timeout 60000ms exceeded.\n'[39m +
        [32m'Call log:\n'[39m +
        [32m`\x1B[2m  - waiting for locator('iframe[title="Iframe for expiry date"]') to be visible\x1B[22m\n`[39m +
        [32m'\n'[39m +
        [32m'    at payWithCard (C:\\playwright-project\\src\\page-objects\\paymentPage.ts:4:20)\n'[39m +
        [32m'    at payWithCardInformation (C:\\playwright-project\\src\\tests\\2TipsNoExtraNoSeat.spec.ts:84:22)\n'[39m +
        [32m'    at fn (C:\\playwright-project\\src\\tests\\2TipsNoExtraNoSeat.spec.ts:212:15)\n'[39m +
        [32m'    at runWithRetries (C:\\playwright-project\\src\\tests\\2TipsNoExtraNoSeat.spec.ts:121:13)\n'[39m +
        [32m'    at executeTests (C:\\playwright-project\\src\\tests\\2TipsNoExtraNoSeat.spec.ts:211:29)\n'[39m +
        [32m'    at C:\\playwright-project\\src\\tests\\2TipsNoExtraNoSeat.spec.ts:1677:30'[39m,
      cause: [90mundefined[39m
    }
  }
}
Prueba payWithCard fallida después de 3 intentos.
Confirmation page validation failed: Flight Summary section not found on confirmation page
Intento 1 fallido en payWithCard: Error [ValidationError]: Flight Summary section not found on confirmation page
    at validationConfirmPage [90m(C:\playwright-project\[39msrc\page-objects\confirmation.ts:86:27[90m)[39m
[90m    at runNextTicks (node:internal/process/task_queues:65:5)[39m
[90m    at processImmediate (node:internal/timers:459:9)[39m
[90m    at process.callbackTrampoline (node:internal/async_hooks:130:17)[39m
    at validationConfirmationPage [90m(C:\playwright-project\[39msrc\tests\2TipsNoExtraNoSeat.spec.ts:90:3[90m)[39m
    at runWithRetries [90m(C:\playwright-project\[39msrc\tests\2TipsNoExtraNoSeat.spec.ts:121:7[90m)[39m
    at executeTests [90m(C:\playwright-project\[39msrc\tests\2TipsNoExtraNoSeat.spec.ts:221:29[90m)[39m
    at [90mC:\playwright-project\[39msrc\tests\2TipsNoExtraNoSeat.spec.ts:1677:30
    at [90mC:\playwright-project\[39mnode_modules\[4mplaywright[24m\lib\worker\workerMain.js:339:9
    at [90mC:\playwright-project\[39mnode_modules\[4mplaywright[24m\lib\worker\testInfo.js:286:11
    at TimeoutManager.withRunnable [90m(C:\playwright-project\[39mnode_modules\[4mplaywright[24m\lib\worker\timeoutManager.js:64:14[90m)[39m
    at TestInfoImpl._runAsStage [90m(C:\playwright-project\[39mnode_modules\[4mplaywright[24m\lib\worker\testInfo.js:284:7[90m)[39m
    at [90mC:\playwright-project\[39mnode_modules\[4mplaywright[24m\lib\worker\workerMain.js:331:7
    at [90mC:\playwright-project\[39mnode_modules\[4mplaywright[24m\lib\worker\testInfo.js:286:11
    at TimeoutManager.withRunnable [90m(C:\playwright-project\[39mnode_modules\[4mplaywright[24m\lib\worker\timeoutManager.js:52:27[90m)[39m
    at TestInfoImpl._runAsStage [90m(C:\playwright-project\[39mnode_modules\[4mplaywright[24m\lib\worker\testInfo.js:284:7[90m)[39m
    at WorkerMain._runTest [90m(C:\playwright-project\[39mnode_modules\[4mplaywright[24m\lib\worker\workerMain.js:281:5[90m)[39m
    at WorkerMain.runTestGroup [90m(C:\playwright-project\[39mnode_modules\[4mplaywright[24m\lib\worker\workerMain.js:205:11[90m)[39m
    at process.&lt;anonymous&gt; [90m(C:\playwright-project\[39mnode_modules\[4mplaywright[24m\lib\common\process.js:95:22[90m)[39m {
  fatal: [33mtrue[39m
}
Confirmation page validation failed: Not on confirmation page URL
Intento 2 fallido en payWithCard: Error [ValidationError]: Not on confirmation page URL
    at validationConfirmPage [90m(C:\playwright-project\[39msrc\page-objects\confirmation.ts:94:27[90m)[39m
    at validationConfirmationPage [90m(C:\playwright-project\[39msrc\tests\2TipsNoExtraNoSeat.spec.ts:90:3[90m)[39m
    at runWithRetries [90m(C:\playwright-project\[39msrc\tests\2TipsNoExtraNoSeat.spec.ts:121:7[90m)[39m
    at executeTests [90m(C:\playwright-project\[39msrc\tests\2TipsNoExtraNoSeat.spec.ts:221:29[90m)[39m
    at [90mC:\playwright-project\[39msrc\tests\2TipsNoExtraNoSeat.spec.ts:1677:30
    at [90mC:\playwright-project\[39mnode_modules\[4mplaywright[24m\lib\worker\workerMain.js:339:9
    at [90mC:\playwright-project\[39mnode_modules\[4mplaywright[24m\lib\worker\testInfo.js:286:11
    at TimeoutManager.withRunnable [90m(C:\playwright-project\[39mnode_modules\[4mplaywright[24m\lib\worker\timeoutManager.js:64:14[90m)[39m
    at TestInfoImpl._runAsStage [90m(C:\playwright-project\[39mnode_modules\[4mplaywright[24m\lib\worker\testInfo.js:284:7[90m)[39m
    at [90mC:\playwright-project\[39mnode_modules\[4mplaywright[24m\lib\worker\workerMain.js:331:7
    at [90mC:\playwright-project\[39mnode_modules\[4mplaywright[24m\lib\worker\testInfo.js:286:11
    at TimeoutManager.withRunnable [90m(C:\playwright-project\[39mnode_modules\[4mplaywright[24m\lib\worker\timeoutManager.js:52:27[90m)[39m
    at TestInfoImpl._runAsStage [90m(C:\playwright-project\[39mnode_modules\[4mplaywright[24m\lib\worker\testInfo.js:284:7[90m)[39m
    at WorkerMain._runTest [90m(C:\playwright-project\[39mnode_modules\[4mplaywright[24m\lib\worker\workerMain.js:281:5[90m)[39m
    at WorkerMain.runTestGroup [90m(C:\playwright-project\[39mnode_modules\[4mplaywright[24m\lib\worker\workerMain.js:205:11[90m)[39m
    at process.&lt;anonymous&gt; [90m(C:\playwright-project\[39mnode_modules\[4mplaywright[24m\lib\common\process.js:95:22[90m)[39m {
  fatal: [33mtrue[39m
}

</system-err>
</testcase>
<testcase name="36. Compra 1 adt PremExtra - Eco Light - sin assitence › Ejecución completa con reintentos" classname="2TipsNoExtraNoSeat.spec.ts" time="133.195">
<system-out>
Ejecución completa, intento 1 de 5
Ejecutando Booking, intento 1
Fecha de salida seleccionada: { year: [32m'2025'[39m, month: [32m'6'[39m, index: [33m5[39m, value: [33m14[39m }
Fecha de regreso seleccionada: { year: [32m'2025'[39m, month: [32m'6'[39m, index: [33m6[39m, value: [33m17[39m }
Ajustando número de pasajeros
Successfully clicked the element: div.price-cabin:has-text("Premium")
Successfully clicked the element: div.price-cabin:has-text("Economy")
Ejecutando fillPassengerAdult 1, intento 1
Ejecutando fillContact, intento 1
Ejecutando payWithCard, intento 1
Iframe encontrado.
Ejecutando payWithCard, intento 1
Ejecutando payWithCard, intento 2
Ejecutando payWithCard, intento 3
Ejecución completa, intento 2 de 5
Ejecutando Booking, intento 1
Fecha de salida seleccionada: { year: [32m'2025'[39m, month: [32m'6'[39m, index: [33m8[39m, value: [33m21[39m }
Fecha de regreso seleccionada: { year: [32m'2025'[39m, month: [32m'6'[39m, index: [33m9[39m, value: [33m24[39m }
Ajustando número de pasajeros
Successfully clicked the element: div.price-cabin:has-text("Premium")
Successfully clicked the element: div.price-cabin:has-text("Economy")
Ejecutando fillPassengerAdult 1, intento 1
Ejecutando fillContact, intento 1
Ejecutando payWithCard, intento 1
Iframe encontrado.
Ejecutando payWithCard, intento 1
Ejecutando payWithCard, intento 2
Ejecutando payWithCard, intento 3
Successfully saved booking code M9WT6 to Excel

</system-out>
<system-err>
Confirmation page validation failed: Flight Summary section not found on confirmation page
Intento 1 fallido en payWithCard: Error [ValidationError]: Flight Summary section not found on confirmation page
    at validationConfirmPage [90m(C:\playwright-project\[39msrc\page-objects\confirmation.ts:86:27[90m)[39m
    at validationConfirmationPage [90m(C:\playwright-project\[39msrc\tests\2TipsNoExtraNoSeat.spec.ts:90:3[90m)[39m
    at runWithRetries [90m(C:\playwright-project\[39msrc\tests\2TipsNoExtraNoSeat.spec.ts:121:7[90m)[39m
    at executeTests [90m(C:\playwright-project\[39msrc\tests\2TipsNoExtraNoSeat.spec.ts:221:29[90m)[39m
    at [90mC:\playwright-project\[39msrc\tests\2TipsNoExtraNoSeat.spec.ts:1762:30
    at [90mC:\playwright-project\[39mnode_modules\[4mplaywright[24m\lib\worker\workerMain.js:339:9
    at [90mC:\playwright-project\[39mnode_modules\[4mplaywright[24m\lib\worker\testInfo.js:286:11
    at TimeoutManager.withRunnable [90m(C:\playwright-project\[39mnode_modules\[4mplaywright[24m\lib\worker\timeoutManager.js:64:14[90m)[39m
    at TestInfoImpl._runAsStage [90m(C:\playwright-project\[39mnode_modules\[4mplaywright[24m\lib\worker\testInfo.js:284:7[90m)[39m
    at [90mC:\playwright-project\[39mnode_modules\[4mplaywright[24m\lib\worker\workerMain.js:331:7
    at [90mC:\playwright-project\[39mnode_modules\[4mplaywright[24m\lib\worker\testInfo.js:286:11
    at TimeoutManager.withRunnable [90m(C:\playwright-project\[39mnode_modules\[4mplaywright[24m\lib\worker\timeoutManager.js:52:27[90m)[39m
    at TestInfoImpl._runAsStage [90m(C:\playwright-project\[39mnode_modules\[4mplaywright[24m\lib\worker\testInfo.js:284:7[90m)[39m
    at WorkerMain._runTest [90m(C:\playwright-project\[39mnode_modules\[4mplaywright[24m\lib\worker\workerMain.js:281:5[90m)[39m
    at WorkerMain.runTestGroup [90m(C:\playwright-project\[39mnode_modules\[4mplaywright[24m\lib\worker\workerMain.js:205:11[90m)[39m
    at process.&lt;anonymous&gt; [90m(C:\playwright-project\[39mnode_modules\[4mplaywright[24m\lib\common\process.js:95:22[90m)[39m {
  fatal: [33mtrue[39m
}
Confirmation page validation failed: Flight Summary section not found on confirmation page
Intento 2 fallido en payWithCard: Error [ValidationError]: Flight Summary section not found on confirmation page
    at validationConfirmPage [90m(C:\playwright-project\[39msrc\page-objects\confirmation.ts:86:27[90m)[39m
    at validationConfirmationPage [90m(C:\playwright-project\[39msrc\tests\2TipsNoExtraNoSeat.spec.ts:90:3[90m)[39m
    at runWithRetries [90m(C:\playwright-project\[39msrc\tests\2TipsNoExtraNoSeat.spec.ts:121:7[90m)[39m
    at executeTests [90m(C:\playwright-project\[39msrc\tests\2TipsNoExtraNoSeat.spec.ts:221:29[90m)[39m
    at [90mC:\playwright-project\[39msrc\tests\2TipsNoExtraNoSeat.spec.ts:1762:30
    at [90mC:\playwright-project\[39mnode_modules\[4mplaywright[24m\lib\worker\workerMain.js:339:9
    at [90mC:\playwright-project\[39mnode_modules\[4mplaywright[24m\lib\worker\testInfo.js:286:11
    at TimeoutManager.withRunnable [90m(C:\playwright-project\[39mnode_modules\[4mplaywright[24m\lib\worker\timeoutManager.js:64:14[90m)[39m
    at TestInfoImpl._runAsStage [90m(C:\playwright-project\[39mnode_modules\[4mplaywright[24m\lib\worker\testInfo.js:284:7[90m)[39m
    at [90mC:\playwright-project\[39mnode_modules\[4mplaywright[24m\lib\worker\workerMain.js:331:7
    at [90mC:\playwright-project\[39mnode_modules\[4mplaywright[24m\lib\worker\testInfo.js:286:11
    at TimeoutManager.withRunnable [90m(C:\playwright-project\[39mnode_modules\[4mplaywright[24m\lib\worker\timeoutManager.js:52:27[90m)[39m
    at TestInfoImpl._runAsStage [90m(C:\playwright-project\[39mnode_modules\[4mplaywright[24m\lib\worker\testInfo.js:284:7[90m)[39m
    at WorkerMain._runTest [90m(C:\playwright-project\[39mnode_modules\[4mplaywright[24m\lib\worker\workerMain.js:281:5[90m)[39m
    at WorkerMain.runTestGroup [90m(C:\playwright-project\[39mnode_modules\[4mplaywright[24m\lib\worker\workerMain.js:205:11[90m)[39m
    at process.&lt;anonymous&gt; [90m(C:\playwright-project\[39mnode_modules\[4mplaywright[24m\lib\common\process.js:95:22[90m)[39m {
  fatal: [33mtrue[39m
}
Confirmation page validation failed: Flight Summary section not found on confirmation page
Intento 3 fallido en payWithCard: Error [ValidationError]: Flight Summary section not found on confirmation page
    at validationConfirmPage [90m(C:\playwright-project\[39msrc\page-objects\confirmation.ts:86:27[90m)[39m
    at validationConfirmationPage [90m(C:\playwright-project\[39msrc\tests\2TipsNoExtraNoSeat.spec.ts:90:3[90m)[39m
    at runWithRetries [90m(C:\playwright-project\[39msrc\tests\2TipsNoExtraNoSeat.spec.ts:121:7[90m)[39m
    at executeTests [90m(C:\playwright-project\[39msrc\tests\2TipsNoExtraNoSeat.spec.ts:221:29[90m)[39m
    at [90mC:\playwright-project\[39msrc\tests\2TipsNoExtraNoSeat.spec.ts:1762:30
    at [90mC:\playwright-project\[39mnode_modules\[4mplaywright[24m\lib\worker\workerMain.js:339:9
    at [90mC:\playwright-project\[39mnode_modules\[4mplaywright[24m\lib\worker\testInfo.js:286:11
    at TimeoutManager.withRunnable [90m(C:\playwright-project\[39mnode_modules\[4mplaywright[24m\lib\worker\timeoutManager.js:64:14[90m)[39m
    at TestInfoImpl._runAsStage [90m(C:\playwright-project\[39mnode_modules\[4mplaywright[24m\lib\worker\testInfo.js:284:7[90m)[39m
    at [90mC:\playwright-project\[39mnode_modules\[4mplaywright[24m\lib\worker\workerMain.js:331:7
    at [90mC:\playwright-project\[39mnode_modules\[4mplaywright[24m\lib\worker\testInfo.js:286:11
    at TimeoutManager.withRunnable [90m(C:\playwright-project\[39mnode_modules\[4mplaywright[24m\lib\worker\timeoutManager.js:52:27[90m)[39m
    at TestInfoImpl._runAsStage [90m(C:\playwright-project\[39mnode_modules\[4mplaywright[24m\lib\worker\testInfo.js:284:7[90m)[39m
    at WorkerMain._runTest [90m(C:\playwright-project\[39mnode_modules\[4mplaywright[24m\lib\worker\workerMain.js:281:5[90m)[39m
    at WorkerMain.runTestGroup [90m(C:\playwright-project\[39mnode_modules\[4mplaywright[24m\lib\worker\workerMain.js:205:11[90m)[39m
    at process.&lt;anonymous&gt; [90m(C:\playwright-project\[39mnode_modules\[4mplaywright[24m\lib\common\process.js:95:22[90m)[39m {
  fatal: [33mtrue[39m
}
Prueba payWithCard fallida después de 3 intentos.
Confirmation page validation failed: Flight Summary section not found on confirmation page
Intento 1 fallido en payWithCard: Error [ValidationError]: Flight Summary section not found on confirmation page
    at validationConfirmPage [90m(C:\playwright-project\[39msrc\page-objects\confirmation.ts:86:27[90m)[39m
[90m    at runNextTicks (node:internal/process/task_queues:65:5)[39m
[90m    at processImmediate (node:internal/timers:459:9)[39m
[90m    at process.callbackTrampoline (node:internal/async_hooks:130:17)[39m
    at validationConfirmationPage [90m(C:\playwright-project\[39msrc\tests\2TipsNoExtraNoSeat.spec.ts:90:3[90m)[39m
    at runWithRetries [90m(C:\playwright-project\[39msrc\tests\2TipsNoExtraNoSeat.spec.ts:121:7[90m)[39m
    at executeTests [90m(C:\playwright-project\[39msrc\tests\2TipsNoExtraNoSeat.spec.ts:221:29[90m)[39m
    at [90mC:\playwright-project\[39msrc\tests\2TipsNoExtraNoSeat.spec.ts:1762:30
    at [90mC:\playwright-project\[39mnode_modules\[4mplaywright[24m\lib\worker\workerMain.js:339:9
    at [90mC:\playwright-project\[39mnode_modules\[4mplaywright[24m\lib\worker\testInfo.js:286:11
    at TimeoutManager.withRunnable [90m(C:\playwright-project\[39mnode_modules\[4mplaywright[24m\lib\worker\timeoutManager.js:64:14[90m)[39m
    at TestInfoImpl._runAsStage [90m(C:\playwright-project\[39mnode_modules\[4mplaywright[24m\lib\worker\testInfo.js:284:7[90m)[39m
    at [90mC:\playwright-project\[39mnode_modules\[4mplaywright[24m\lib\worker\workerMain.js:331:7
    at [90mC:\playwright-project\[39mnode_modules\[4mplaywright[24m\lib\worker\testInfo.js:286:11
    at TimeoutManager.withRunnable [90m(C:\playwright-project\[39mnode_modules\[4mplaywright[24m\lib\worker\timeoutManager.js:52:27[90m)[39m
    at TestInfoImpl._runAsStage [90m(C:\playwright-project\[39mnode_modules\[4mplaywright[24m\lib\worker\testInfo.js:284:7[90m)[39m
    at WorkerMain._runTest [90m(C:\playwright-project\[39mnode_modules\[4mplaywright[24m\lib\worker\workerMain.js:281:5[90m)[39m
    at WorkerMain.runTestGroup [90m(C:\playwright-project\[39mnode_modules\[4mplaywright[24m\lib\worker\workerMain.js:205:11[90m)[39m
    at process.&lt;anonymous&gt; [90m(C:\playwright-project\[39mnode_modules\[4mplaywright[24m\lib\common\process.js:95:22[90m)[39m {
  fatal: [33mtrue[39m
}
Confirmation page validation failed: Not on confirmation page URL
Intento 2 fallido en payWithCard: Error [ValidationError]: Not on confirmation page URL
    at validationConfirmPage [90m(C:\playwright-project\[39msrc\page-objects\confirmation.ts:94:27[90m)[39m
    at validationConfirmationPage [90m(C:\playwright-project\[39msrc\tests\2TipsNoExtraNoSeat.spec.ts:90:3[90m)[39m
    at runWithRetries [90m(C:\playwright-project\[39msrc\tests\2TipsNoExtraNoSeat.spec.ts:121:7[90m)[39m
    at executeTests [90m(C:\playwright-project\[39msrc\tests\2TipsNoExtraNoSeat.spec.ts:221:29[90m)[39m
    at [90mC:\playwright-project\[39msrc\tests\2TipsNoExtraNoSeat.spec.ts:1762:30
    at [90mC:\playwright-project\[39mnode_modules\[4mplaywright[24m\lib\worker\workerMain.js:339:9
    at [90mC:\playwright-project\[39mnode_modules\[4mplaywright[24m\lib\worker\testInfo.js:286:11
    at TimeoutManager.withRunnable [90m(C:\playwright-project\[39mnode_modules\[4mplaywright[24m\lib\worker\timeoutManager.js:64:14[90m)[39m
    at TestInfoImpl._runAsStage [90m(C:\playwright-project\[39mnode_modules\[4mplaywright[24m\lib\worker\testInfo.js:284:7[90m)[39m
    at [90mC:\playwright-project\[39mnode_modules\[4mplaywright[24m\lib\worker\workerMain.js:331:7
    at [90mC:\playwright-project\[39mnode_modules\[4mplaywright[24m\lib\worker\testInfo.js:286:11
    at TimeoutManager.withRunnable [90m(C:\playwright-project\[39mnode_modules\[4mplaywright[24m\lib\worker\timeoutManager.js:52:27[90m)[39m
    at TestInfoImpl._runAsStage [90m(C:\playwright-project\[39mnode_modules\[4mplaywright[24m\lib\worker\testInfo.js:284:7[90m)[39m
    at WorkerMain._runTest [90m(C:\playwright-project\[39mnode_modules\[4mplaywright[24m\lib\worker\workerMain.js:281:5[90m)[39m
    at WorkerMain.runTestGroup [90m(C:\playwright-project\[39mnode_modules\[4mplaywright[24m\lib\worker\workerMain.js:205:11[90m)[39m
    at process.&lt;anonymous&gt; [90m(C:\playwright-project\[39mnode_modules\[4mplaywright[24m\lib\common\process.js:95:22[90m)[39m {
  fatal: [33mtrue[39m
}

</system-err>
</testcase>
<testcase name="37. Compra 1 adt PremExtra - Eco Comfort - sin assitence › Ejecución completa con reintentos" classname="2TipsNoExtraNoSeat.spec.ts" time="67.195">
<system-out>
Ejecución completa, intento 1 de 5
Ejecutando Booking, intento 1
Fecha de salida seleccionada: { year: [32m'2025'[39m, month: [32m'6'[39m, index: [33m8[39m, value: [33m21[39m }
Fecha de regreso seleccionada: { year: [32m'2025'[39m, month: [32m'6'[39m, index: [33m9[39m, value: [33m24[39m }
Ajustando número de pasajeros
Successfully clicked the element: div.price-cabin:has-text("Premium")
Successfully clicked the element: div.price-cabin:has-text("Economy")
Ejecutando fillPassengerAdult 1, intento 1
Ejecutando fillContact, intento 1
Ejecutando payWithCard, intento 1
Iframe encontrado.
Ejecutando payWithCard, intento 1
Ejecutando payWithCard, intento 2
Ejecutando payWithCard, intento 3
Successfully saved booking code M9WT5 to Excel

</system-out>
<system-err>
Confirmation page validation failed: Flight Summary section not found on confirmation page
Intento 1 fallido en payWithCard: Error [ValidationError]: Flight Summary section not found on confirmation page
    at validationConfirmPage [90m(C:\playwright-project\[39msrc\page-objects\confirmation.ts:86:27[90m)[39m
[90m    at runNextTicks (node:internal/process/task_queues:65:5)[39m
[90m    at processImmediate (node:internal/timers:459:9)[39m
[90m    at process.callbackTrampoline (node:internal/async_hooks:130:17)[39m
    at validationConfirmationPage [90m(C:\playwright-project\[39msrc\tests\2TipsNoExtraNoSeat.spec.ts:90:3[90m)[39m
    at runWithRetries [90m(C:\playwright-project\[39msrc\tests\2TipsNoExtraNoSeat.spec.ts:121:7[90m)[39m
    at executeTests [90m(C:\playwright-project\[39msrc\tests\2TipsNoExtraNoSeat.spec.ts:221:29[90m)[39m
    at [90mC:\playwright-project\[39msrc\tests\2TipsNoExtraNoSeat.spec.ts:1805:30
    at [90mC:\playwright-project\[39mnode_modules\[4mplaywright[24m\lib\worker\workerMain.js:339:9
    at [90mC:\playwright-project\[39mnode_modules\[4mplaywright[24m\lib\worker\testInfo.js:286:11
    at TimeoutManager.withRunnable [90m(C:\playwright-project\[39mnode_modules\[4mplaywright[24m\lib\worker\timeoutManager.js:64:14[90m)[39m
    at TestInfoImpl._runAsStage [90m(C:\playwright-project\[39mnode_modules\[4mplaywright[24m\lib\worker\testInfo.js:284:7[90m)[39m
    at [90mC:\playwright-project\[39mnode_modules\[4mplaywright[24m\lib\worker\workerMain.js:331:7
    at [90mC:\playwright-project\[39mnode_modules\[4mplaywright[24m\lib\worker\testInfo.js:286:11
    at TimeoutManager.withRunnable [90m(C:\playwright-project\[39mnode_modules\[4mplaywright[24m\lib\worker\timeoutManager.js:52:27[90m)[39m
    at TestInfoImpl._runAsStage [90m(C:\playwright-project\[39mnode_modules\[4mplaywright[24m\lib\worker\testInfo.js:284:7[90m)[39m
    at WorkerMain._runTest [90m(C:\playwright-project\[39mnode_modules\[4mplaywright[24m\lib\worker\workerMain.js:281:5[90m)[39m
    at WorkerMain.runTestGroup [90m(C:\playwright-project\[39mnode_modules\[4mplaywright[24m\lib\worker\workerMain.js:205:11[90m)[39m
    at process.&lt;anonymous&gt; [90m(C:\playwright-project\[39mnode_modules\[4mplaywright[24m\lib\common\process.js:95:22[90m)[39m {
  fatal: [33mtrue[39m
}
Confirmation page validation failed: Not on confirmation page URL
Intento 2 fallido en payWithCard: Error [ValidationError]: Not on confirmation page URL
    at validationConfirmPage [90m(C:\playwright-project\[39msrc\page-objects\confirmation.ts:94:27[90m)[39m
    at validationConfirmationPage [90m(C:\playwright-project\[39msrc\tests\2TipsNoExtraNoSeat.spec.ts:90:3[90m)[39m
    at runWithRetries [90m(C:\playwright-project\[39msrc\tests\2TipsNoExtraNoSeat.spec.ts:121:7[90m)[39m
    at executeTests [90m(C:\playwright-project\[39msrc\tests\2TipsNoExtraNoSeat.spec.ts:221:29[90m)[39m
    at [90mC:\playwright-project\[39msrc\tests\2TipsNoExtraNoSeat.spec.ts:1805:30
    at [90mC:\playwright-project\[39mnode_modules\[4mplaywright[24m\lib\worker\workerMain.js:339:9
    at [90mC:\playwright-project\[39mnode_modules\[4mplaywright[24m\lib\worker\testInfo.js:286:11
    at TimeoutManager.withRunnable [90m(C:\playwright-project\[39mnode_modules\[4mplaywright[24m\lib\worker\timeoutManager.js:64:14[90m)[39m
    at TestInfoImpl._runAsStage [90m(C:\playwright-project\[39mnode_modules\[4mplaywright[24m\lib\worker\testInfo.js:284:7[90m)[39m
    at [90mC:\playwright-project\[39mnode_modules\[4mplaywright[24m\lib\worker\workerMain.js:331:7
    at [90mC:\playwright-project\[39mnode_modules\[4mplaywright[24m\lib\worker\testInfo.js:286:11
    at TimeoutManager.withRunnable [90m(C:\playwright-project\[39mnode_modules\[4mplaywright[24m\lib\worker\timeoutManager.js:52:27[90m)[39m
    at TestInfoImpl._runAsStage [90m(C:\playwright-project\[39mnode_modules\[4mplaywright[24m\lib\worker\testInfo.js:284:7[90m)[39m
    at WorkerMain._runTest [90m(C:\playwright-project\[39mnode_modules\[4mplaywright[24m\lib\worker\workerMain.js:281:5[90m)[39m
    at WorkerMain.runTestGroup [90m(C:\playwright-project\[39mnode_modules\[4mplaywright[24m\lib\worker\workerMain.js:205:11[90m)[39m
    at process.&lt;anonymous&gt; [90m(C:\playwright-project\[39mnode_modules\[4mplaywright[24m\lib\common\process.js:95:22[90m)[39m {
  fatal: [33mtrue[39m
}

</system-err>
</testcase>
<testcase name="38. Compra 1 adt PremExtra - Eco Extra - sin assitence › Ejecución completa con reintentos" classname="2TipsNoExtraNoSeat.spec.ts" time="66.692">
<system-out>
Ejecución completa, intento 1 de 5
Ejecutando Booking, intento 1
Fecha de salida seleccionada: { year: [32m'2025'[39m, month: [32m'6'[39m, index: [33m5[39m, value: [33m14[39m }
Fecha de regreso seleccionada: { year: [32m'2025'[39m, month: [32m'6'[39m, index: [33m6[39m, value: [33m17[39m }
Ajustando número de pasajeros
Successfully clicked the element: div.price-cabin:has-text("Premium")
Successfully clicked the element: div.price-cabin:has-text("Economy")
Ejecutando fillPassengerAdult 1, intento 1
Ejecutando fillContact, intento 1
Ejecutando payWithCard, intento 1
Iframe encontrado.
Ejecutando payWithCard, intento 1
Ejecutando payWithCard, intento 2
Ejecutando payWithCard, intento 3
Successfully saved booking code M9WT3 to Excel

</system-out>
<system-err>
Confirmation page validation failed: Flight Summary section not found on confirmation page
Intento 1 fallido en payWithCard: Error [ValidationError]: Flight Summary section not found on confirmation page
    at validationConfirmPage [90m(C:\playwright-project\[39msrc\page-objects\confirmation.ts:86:27[90m)[39m
[90m    at runNextTicks (node:internal/process/task_queues:65:5)[39m
[90m    at processImmediate (node:internal/timers:459:9)[39m
[90m    at process.callbackTrampoline (node:internal/async_hooks:130:17)[39m
    at validationConfirmationPage [90m(C:\playwright-project\[39msrc\tests\2TipsNoExtraNoSeat.spec.ts:90:3[90m)[39m
    at runWithRetries [90m(C:\playwright-project\[39msrc\tests\2TipsNoExtraNoSeat.spec.ts:121:7[90m)[39m
    at executeTests [90m(C:\playwright-project\[39msrc\tests\2TipsNoExtraNoSeat.spec.ts:221:29[90m)[39m
    at [90mC:\playwright-project\[39msrc\tests\2TipsNoExtraNoSeat.spec.ts:1848:30
    at [90mC:\playwright-project\[39mnode_modules\[4mplaywright[24m\lib\worker\workerMain.js:339:9
    at [90mC:\playwright-project\[39mnode_modules\[4mplaywright[24m\lib\worker\testInfo.js:286:11
    at TimeoutManager.withRunnable [90m(C:\playwright-project\[39mnode_modules\[4mplaywright[24m\lib\worker\timeoutManager.js:64:14[90m)[39m
    at TestInfoImpl._runAsStage [90m(C:\playwright-project\[39mnode_modules\[4mplaywright[24m\lib\worker\testInfo.js:284:7[90m)[39m
    at [90mC:\playwright-project\[39mnode_modules\[4mplaywright[24m\lib\worker\workerMain.js:331:7
    at [90mC:\playwright-project\[39mnode_modules\[4mplaywright[24m\lib\worker\testInfo.js:286:11
    at TimeoutManager.withRunnable [90m(C:\playwright-project\[39mnode_modules\[4mplaywright[24m\lib\worker\timeoutManager.js:52:27[90m)[39m
    at TestInfoImpl._runAsStage [90m(C:\playwright-project\[39mnode_modules\[4mplaywright[24m\lib\worker\testInfo.js:284:7[90m)[39m
    at WorkerMain._runTest [90m(C:\playwright-project\[39mnode_modules\[4mplaywright[24m\lib\worker\workerMain.js:281:5[90m)[39m
    at WorkerMain.runTestGroup [90m(C:\playwright-project\[39mnode_modules\[4mplaywright[24m\lib\worker\workerMain.js:205:11[90m)[39m
    at process.&lt;anonymous&gt; [90m(C:\playwright-project\[39mnode_modules\[4mplaywright[24m\lib\common\process.js:95:22[90m)[39m {
  fatal: [33mtrue[39m
}
Confirmation page validation failed: Not on confirmation page URL
Intento 2 fallido en payWithCard: Error [ValidationError]: Not on confirmation page URL
    at validationConfirmPage [90m(C:\playwright-project\[39msrc\page-objects\confirmation.ts:94:27[90m)[39m
    at validationConfirmationPage [90m(C:\playwright-project\[39msrc\tests\2TipsNoExtraNoSeat.spec.ts:90:3[90m)[39m
    at runWithRetries [90m(C:\playwright-project\[39msrc\tests\2TipsNoExtraNoSeat.spec.ts:121:7[90m)[39m
    at executeTests [90m(C:\playwright-project\[39msrc\tests\2TipsNoExtraNoSeat.spec.ts:221:29[90m)[39m
    at [90mC:\playwright-project\[39msrc\tests\2TipsNoExtraNoSeat.spec.ts:1848:30
    at [90mC:\playwright-project\[39mnode_modules\[4mplaywright[24m\lib\worker\workerMain.js:339:9
    at [90mC:\playwright-project\[39mnode_modules\[4mplaywright[24m\lib\worker\testInfo.js:286:11
    at TimeoutManager.withRunnable [90m(C:\playwright-project\[39mnode_modules\[4mplaywright[24m\lib\worker\timeoutManager.js:64:14[90m)[39m
    at TestInfoImpl._runAsStage [90m(C:\playwright-project\[39mnode_modules\[4mplaywright[24m\lib\worker\testInfo.js:284:7[90m)[39m
    at [90mC:\playwright-project\[39mnode_modules\[4mplaywright[24m\lib\worker\workerMain.js:331:7
    at [90mC:\playwright-project\[39mnode_modules\[4mplaywright[24m\lib\worker\testInfo.js:286:11
    at TimeoutManager.withRunnable [90m(C:\playwright-project\[39mnode_modules\[4mplaywright[24m\lib\worker\timeoutManager.js:52:27[90m)[39m
    at TestInfoImpl._runAsStage [90m(C:\playwright-project\[39mnode_modules\[4mplaywright[24m\lib\worker\testInfo.js:284:7[90m)[39m
    at WorkerMain._runTest [90m(C:\playwright-project\[39mnode_modules\[4mplaywright[24m\lib\worker\workerMain.js:281:5[90m)[39m
    at WorkerMain.runTestGroup [90m(C:\playwright-project\[39mnode_modules\[4mplaywright[24m\lib\worker\workerMain.js:205:11[90m)[39m
    at process.&lt;anonymous&gt; [90m(C:\playwright-project\[39mnode_modules\[4mplaywright[24m\lib\common\process.js:95:22[90m)[39m {
  fatal: [33mtrue[39m
}

</system-err>
</testcase>
<testcase name="39. Compra 1 adt PremExtra - PremLight - sin assitence › Ejecución completa con reintentos" classname="2TipsNoExtraNoSeat.spec.ts" time="306.718">
<system-out>
Ejecución completa, intento 1 de 5
Ejecutando Booking, intento 1
Fecha de salida seleccionada: { year: [32m'2025'[39m, month: [32m'7'[39m, index: [33m0[39m, value: [33m1[39m }
Fecha de regreso seleccionada: { year: [32m'2025'[39m, month: [32m'7'[39m, index: [33m1[39m, value: [33m2[39m }
Ajustando número de pasajeros
Successfully clicked the element: div.price-cabin:has-text("Premium")
Successfully clicked the element: div.price-cabin:has-text("Premium")
Ejecutando fillPassengerAdult 1, intento 1
Ejecutando fillContact, intento 1
Ejecutando payWithCard, intento 1
Ejecutando payWithCard, intento 2
Ejecutando payWithCard, intento 3
Ejecución completa, intento 2 de 5
Ejecutando Booking, intento 1
Fecha de salida seleccionada: { year: [32m'2025'[39m, month: [32m'6'[39m, index: [33m8[39m, value: [33m21[39m }
Fecha de regreso seleccionada: { year: [32m'2025'[39m, month: [32m'6'[39m, index: [33m9[39m, value: [33m24[39m }
Ajustando número de pasajeros
Successfully clicked the element: div.price-cabin:has-text("Premium")
Successfully clicked the element: div.price-cabin:has-text("Premium")
Ejecutando fillPassengerAdult 1, intento 1
Ejecutando fillContact, intento 1
Ejecutando payWithCard, intento 1
Iframe encontrado.
Ejecutando payWithCard, intento 1
Ejecutando payWithCard, intento 2
Ejecutando payWithCard, intento 3
Successfully saved booking code M9WXS to Excel

</system-out>
<system-err>
Error while handling iframe payment: page.waitForSelector: Timeout 60000ms exceeded.
Call log:
[2m  - waiting for locator('iframe[title="Iframe for expiry date"]') to be visible[22m

    at payWithCard [90m(C:\playwright-project\[39msrc\page-objects\paymentPage.ts:4:20[90m)[39m
    at payWithCardInformation [90m(C:\playwright-project\[39msrc\tests\2TipsNoExtraNoSeat.spec.ts:84:22[90m)[39m
    at fn [90m(C:\playwright-project\[39msrc\tests\2TipsNoExtraNoSeat.spec.ts:212:15[90m)[39m
    at runWithRetries [90m(C:\playwright-project\[39msrc\tests\2TipsNoExtraNoSeat.spec.ts:121:13[90m)[39m
    at executeTests [90m(C:\playwright-project\[39msrc\tests\2TipsNoExtraNoSeat.spec.ts:211:35[90m)[39m
    at [90mC:\playwright-project\[39msrc\tests\2TipsNoExtraNoSeat.spec.ts:1891:30 {
  name: [32m'TimeoutError'[39m,
  [[32mSymbol(step)[39m]: {
    stepId: [32m'pw:api@65'[39m,
    location: {
      file: [32m'C:\\playwright-project\\src\\page-objects\\paymentPage.ts'[39m,
      line: [33m4[39m,
      column: [33m20[39m,
      function: [32m'payWithCard'[39m
    },
    category: [32m'pw:api'[39m,
    title: [32m'page.waitForSelector(iframe[title="Iframe for expiry date"])'[39m,
    apiName: [32m'page.waitForSelector'[39m,
    params: {
      selector: [32m'iframe[title="Iframe for expiry date"]'[39m,
      timeout: [33m60000[39m
    },
    boxedStack: [90mundefined[39m,
    steps: [],
    complete: [36m[Function: complete][39m,
    endWallTime: [33m1738569671736[39m,
    error: {
      message: [32m'TimeoutError: page.waitForSelector: Timeout 60000ms exceeded.\n'[39m +
        [32m'Call log:\n'[39m +
        [32m`\x1B[2m  - waiting for locator('iframe[title="Iframe for expiry date"]') to be visible\x1B[22m\n`[39m,
      stack: [32m'TimeoutError: page.waitForSelector: Timeout 60000ms exceeded.\n'[39m +
        [32m'Call log:\n'[39m +
        [32m`\x1B[2m  - waiting for locator('iframe[title="Iframe for expiry date"]') to be visible\x1B[22m\n`[39m +
        [32m'\n'[39m +
        [32m'    at payWithCard (C:\\playwright-project\\src\\page-objects\\paymentPage.ts:4:20)\n'[39m +
        [32m'    at payWithCardInformation (C:\\playwright-project\\src\\tests\\2TipsNoExtraNoSeat.spec.ts:84:22)\n'[39m +
        [32m'    at fn (C:\\playwright-project\\src\\tests\\2TipsNoExtraNoSeat.spec.ts:212:15)\n'[39m +
        [32m'    at runWithRetries (C:\\playwright-project\\src\\tests\\2TipsNoExtraNoSeat.spec.ts:121:13)\n'[39m +
        [32m'    at executeTests (C:\\playwright-project\\src\\tests\\2TipsNoExtraNoSeat.spec.ts:211:35)\n'[39m +
        [32m'    at C:\\playwright-project\\src\\tests\\2TipsNoExtraNoSeat.spec.ts:1891:30'[39m,
      cause: [90mundefined[39m
    }
  }
}
Intento 1 fallido en payWithCard: page.waitForSelector: Timeout 60000ms exceeded.
Call log:
[2m  - waiting for locator('iframe[title="Iframe for expiry date"]') to be visible[22m

    at payWithCard [90m(C:\playwright-project\[39msrc\page-objects\paymentPage.ts:4:20[90m)[39m
    at payWithCardInformation [90m(C:\playwright-project\[39msrc\tests\2TipsNoExtraNoSeat.spec.ts:84:22[90m)[39m
    at fn [90m(C:\playwright-project\[39msrc\tests\2TipsNoExtraNoSeat.spec.ts:212:15[90m)[39m
    at runWithRetries [90m(C:\playwright-project\[39msrc\tests\2TipsNoExtraNoSeat.spec.ts:121:13[90m)[39m
    at executeTests [90m(C:\playwright-project\[39msrc\tests\2TipsNoExtraNoSeat.spec.ts:211:35[90m)[39m
    at [90mC:\playwright-project\[39msrc\tests\2TipsNoExtraNoSeat.spec.ts:1891:30 {
  name: [32m'TimeoutError'[39m,
  [[32mSymbol(step)[39m]: {
    stepId: [32m'pw:api@65'[39m,
    location: {
      file: [32m'C:\\playwright-project\\src\\page-objects\\paymentPage.ts'[39m,
      line: [33m4[39m,
      column: [33m20[39m,
      function: [32m'payWithCard'[39m
    },
    category: [32m'pw:api'[39m,
    title: [32m'page.waitForSelector(iframe[title="Iframe for expiry date"])'[39m,
    apiName: [32m'page.waitForSelector'[39m,
    params: {
      selector: [32m'iframe[title="Iframe for expiry date"]'[39m,
      timeout: [33m60000[39m
    },
    boxedStack: [90mundefined[39m,
    steps: [],
    complete: [36m[Function: complete][39m,
    endWallTime: [33m1738569671736[39m,
    error: {
      message: [32m'TimeoutError: page.waitForSelector: Timeout 60000ms exceeded.\n'[39m +
        [32m'Call log:\n'[39m +
        [32m`\x1B[2m  - waiting for locator('iframe[title="Iframe for expiry date"]') to be visible\x1B[22m\n`[39m,
      stack: [32m'TimeoutError: page.waitForSelector: Timeout 60000ms exceeded.\n'[39m +
        [32m'Call log:\n'[39m +
        [32m`\x1B[2m  - waiting for locator('iframe[title="Iframe for expiry date"]') to be visible\x1B[22m\n`[39m +
        [32m'\n'[39m +
        [32m'    at payWithCard (C:\\playwright-project\\src\\page-objects\\paymentPage.ts:4:20)\n'[39m +
        [32m'    at payWithCardInformation (C:\\playwright-project\\src\\tests\\2TipsNoExtraNoSeat.spec.ts:84:22)\n'[39m +
        [32m'    at fn (C:\\playwright-project\\src\\tests\\2TipsNoExtraNoSeat.spec.ts:212:15)\n'[39m +
        [32m'    at runWithRetries (C:\\playwright-project\\src\\tests\\2TipsNoExtraNoSeat.spec.ts:121:13)\n'[39m +
        [32m'    at executeTests (C:\\playwright-project\\src\\tests\\2TipsNoExtraNoSeat.spec.ts:211:35)\n'[39m +
        [32m'    at C:\\playwright-project\\src\\tests\\2TipsNoExtraNoSeat.spec.ts:1891:30'[39m,
      cause: [90mundefined[39m
    }
  }
}
Error while handling iframe payment: page.waitForSelector: Timeout 60000ms exceeded.
Call log:
[2m  - waiting for locator('iframe[title="Iframe for expiry date"]') to be visible[22m

    at payWithCard [90m(C:\playwright-project\[39msrc\page-objects\paymentPage.ts:4:20[90m)[39m
    at payWithCardInformation [90m(C:\playwright-project\[39msrc\tests\2TipsNoExtraNoSeat.spec.ts:84:22[90m)[39m
    at fn [90m(C:\playwright-project\[39msrc\tests\2TipsNoExtraNoSeat.spec.ts:212:15[90m)[39m
    at runWithRetries [90m(C:\playwright-project\[39msrc\tests\2TipsNoExtraNoSeat.spec.ts:121:13[90m)[39m
    at executeTests [90m(C:\playwright-project\[39msrc\tests\2TipsNoExtraNoSeat.spec.ts:211:29[90m)[39m
    at [90mC:\playwright-project\[39msrc\tests\2TipsNoExtraNoSeat.spec.ts:1891:30 {
  name: [32m'TimeoutError'[39m,
  [[32mSymbol(step)[39m]: {
    stepId: [32m'pw:api@66'[39m,
    location: {
      file: [32m'C:\\playwright-project\\src\\page-objects\\paymentPage.ts'[39m,
      line: [33m4[39m,
      column: [33m20[39m,
      function: [32m'payWithCard'[39m
    },
    category: [32m'pw:api'[39m,
    title: [32m'page.waitForSelector(iframe[title="Iframe for expiry date"])'[39m,
    apiName: [32m'page.waitForSelector'[39m,
    params: {
      selector: [32m'iframe[title="Iframe for expiry date"]'[39m,
      timeout: [33m60000[39m
    },
    boxedStack: [90mundefined[39m,
    steps: [],
    complete: [36m[Function: complete][39m,
    endWallTime: [33m1738569731768[39m,
    error: {
      message: [32m'TimeoutError: page.waitForSelector: Timeout 60000ms exceeded.\n'[39m +
        [32m'Call log:\n'[39m +
        [32m`\x1B[2m  - waiting for locator('iframe[title="Iframe for expiry date"]') to be visible\x1B[22m\n`[39m,
      stack: [32m'TimeoutError: page.waitForSelector: Timeout 60000ms exceeded.\n'[39m +
        [32m'Call log:\n'[39m +
        [32m`\x1B[2m  - waiting for locator('iframe[title="Iframe for expiry date"]') to be visible\x1B[22m\n`[39m +
        [32m'\n'[39m +
        [32m'    at payWithCard (C:\\playwright-project\\src\\page-objects\\paymentPage.ts:4:20)\n'[39m +
        [32m'    at payWithCardInformation (C:\\playwright-project\\src\\tests\\2TipsNoExtraNoSeat.spec.ts:84:22)\n'[39m +
        [32m'    at fn (C:\\playwright-project\\src\\tests\\2TipsNoExtraNoSeat.spec.ts:212:15)\n'[39m +
        [32m'    at runWithRetries (C:\\playwright-project\\src\\tests\\2TipsNoExtraNoSeat.spec.ts:121:13)\n'[39m +
        [32m'    at executeTests (C:\\playwright-project\\src\\tests\\2TipsNoExtraNoSeat.spec.ts:211:29)\n'[39m +
        [32m'    at C:\\playwright-project\\src\\tests\\2TipsNoExtraNoSeat.spec.ts:1891:30'[39m,
      cause: [90mundefined[39m
    }
  }
}
Intento 2 fallido en payWithCard: page.waitForSelector: Timeout 60000ms exceeded.
Call log:
[2m  - waiting for locator('iframe[title="Iframe for expiry date"]') to be visible[22m

    at payWithCard [90m(C:\playwright-project\[39msrc\page-objects\paymentPage.ts:4:20[90m)[39m
    at payWithCardInformation [90m(C:\playwright-project\[39msrc\tests\2TipsNoExtraNoSeat.spec.ts:84:22[90m)[39m
    at fn [90m(C:\playwright-project\[39msrc\tests\2TipsNoExtraNoSeat.spec.ts:212:15[90m)[39m
    at runWithRetries [90m(C:\playwright-project\[39msrc\tests\2TipsNoExtraNoSeat.spec.ts:121:13[90m)[39m
    at executeTests [90m(C:\playwright-project\[39msrc\tests\2TipsNoExtraNoSeat.spec.ts:211:29[90m)[39m
    at [90mC:\playwright-project\[39msrc\tests\2TipsNoExtraNoSeat.spec.ts:1891:30 {
  name: [32m'TimeoutError'[39m,
  [[32mSymbol(step)[39m]: {
    stepId: [32m'pw:api@66'[39m,
    location: {
      file: [32m'C:\\playwright-project\\src\\page-objects\\paymentPage.ts'[39m,
      line: [33m4[39m,
      column: [33m20[39m,
      function: [32m'payWithCard'[39m
    },
    category: [32m'pw:api'[39m,
    title: [32m'page.waitForSelector(iframe[title="Iframe for expiry date"])'[39m,
    apiName: [32m'page.waitForSelector'[39m,
    params: {
      selector: [32m'iframe[title="Iframe for expiry date"]'[39m,
      timeout: [33m60000[39m
    },
    boxedStack: [90mundefined[39m,
    steps: [],
    complete: [36m[Function: complete][39m,
    endWallTime: [33m1738569731768[39m,
    error: {
      message: [32m'TimeoutError: page.waitForSelector: Timeout 60000ms exceeded.\n'[39m +
        [32m'Call log:\n'[39m +
        [32m`\x1B[2m  - waiting for locator('iframe[title="Iframe for expiry date"]') to be visible\x1B[22m\n`[39m,
      stack: [32m'TimeoutError: page.waitForSelector: Timeout 60000ms exceeded.\n'[39m +
        [32m'Call log:\n'[39m +
        [32m`\x1B[2m  - waiting for locator('iframe[title="Iframe for expiry date"]') to be visible\x1B[22m\n`[39m +
        [32m'\n'[39m +
        [32m'    at payWithCard (C:\\playwright-project\\src\\page-objects\\paymentPage.ts:4:20)\n'[39m +
        [32m'    at payWithCardInformation (C:\\playwright-project\\src\\tests\\2TipsNoExtraNoSeat.spec.ts:84:22)\n'[39m +
        [32m'    at fn (C:\\playwright-project\\src\\tests\\2TipsNoExtraNoSeat.spec.ts:212:15)\n'[39m +
        [32m'    at runWithRetries (C:\\playwright-project\\src\\tests\\2TipsNoExtraNoSeat.spec.ts:121:13)\n'[39m +
        [32m'    at executeTests (C:\\playwright-project\\src\\tests\\2TipsNoExtraNoSeat.spec.ts:211:29)\n'[39m +
        [32m'    at C:\\playwright-project\\src\\tests\\2TipsNoExtraNoSeat.spec.ts:1891:30'[39m,
      cause: [90mundefined[39m
    }
  }
}
Error while handling iframe payment: page.waitForSelector: Timeout 60000ms exceeded.
Call log:
[2m  - waiting for locator('iframe[title="Iframe for expiry date"]') to be visible[22m

    at payWithCard [90m(C:\playwright-project\[39msrc\page-objects\paymentPage.ts:4:20[90m)[39m
    at payWithCardInformation [90m(C:\playwright-project\[39msrc\tests\2TipsNoExtraNoSeat.spec.ts:84:22[90m)[39m
    at fn [90m(C:\playwright-project\[39msrc\tests\2TipsNoExtraNoSeat.spec.ts:212:15[90m)[39m
    at runWithRetries [90m(C:\playwright-project\[39msrc\tests\2TipsNoExtraNoSeat.spec.ts:121:13[90m)[39m
    at executeTests [90m(C:\playwright-project\[39msrc\tests\2TipsNoExtraNoSeat.spec.ts:211:29[90m)[39m
    at [90mC:\playwright-project\[39msrc\tests\2TipsNoExtraNoSeat.spec.ts:1891:30 {
  name: [32m'TimeoutError'[39m,
  [[32mSymbol(step)[39m]: {
    stepId: [32m'pw:api@67'[39m,
    location: {
      file: [32m'C:\\playwright-project\\src\\page-objects\\paymentPage.ts'[39m,
      line: [33m4[39m,
      column: [33m20[39m,
      function: [32m'payWithCard'[39m
    },
    category: [32m'pw:api'[39m,
    title: [32m'page.waitForSelector(iframe[title="Iframe for expiry date"])'[39m,
    apiName: [32m'page.waitForSelector'[39m,
    params: {
      selector: [32m'iframe[title="Iframe for expiry date"]'[39m,
      timeout: [33m60000[39m
    },
    boxedStack: [90mundefined[39m,
    steps: [],
    complete: [36m[Function: complete][39m,
    endWallTime: [33m1738569791788[39m,
    error: {
      message: [32m'TimeoutError: page.waitForSelector: Timeout 60000ms exceeded.\n'[39m +
        [32m'Call log:\n'[39m +
        [32m`\x1B[2m  - waiting for locator('iframe[title="Iframe for expiry date"]') to be visible\x1B[22m\n`[39m,
      stack: [32m'TimeoutError: page.waitForSelector: Timeout 60000ms exceeded.\n'[39m +
        [32m'Call log:\n'[39m +
        [32m`\x1B[2m  - waiting for locator('iframe[title="Iframe for expiry date"]') to be visible\x1B[22m\n`[39m +
        [32m'\n'[39m +
        [32m'    at payWithCard (C:\\playwright-project\\src\\page-objects\\paymentPage.ts:4:20)\n'[39m +
        [32m'    at payWithCardInformation (C:\\playwright-project\\src\\tests\\2TipsNoExtraNoSeat.spec.ts:84:22)\n'[39m +
        [32m'    at fn (C:\\playwright-project\\src\\tests\\2TipsNoExtraNoSeat.spec.ts:212:15)\n'[39m +
        [32m'    at runWithRetries (C:\\playwright-project\\src\\tests\\2TipsNoExtraNoSeat.spec.ts:121:13)\n'[39m +
        [32m'    at executeTests (C:\\playwright-project\\src\\tests\\2TipsNoExtraNoSeat.spec.ts:211:29)\n'[39m +
        [32m'    at C:\\playwright-project\\src\\tests\\2TipsNoExtraNoSeat.spec.ts:1891:30'[39m,
      cause: [90mundefined[39m
    }
  }
}
Intento 3 fallido en payWithCard: page.waitForSelector: Timeout 60000ms exceeded.
Call log:
[2m  - waiting for locator('iframe[title="Iframe for expiry date"]') to be visible[22m

    at payWithCard [90m(C:\playwright-project\[39msrc\page-objects\paymentPage.ts:4:20[90m)[39m
    at payWithCardInformation [90m(C:\playwright-project\[39msrc\tests\2TipsNoExtraNoSeat.spec.ts:84:22[90m)[39m
    at fn [90m(C:\playwright-project\[39msrc\tests\2TipsNoExtraNoSeat.spec.ts:212:15[90m)[39m
    at runWithRetries [90m(C:\playwright-project\[39msrc\tests\2TipsNoExtraNoSeat.spec.ts:121:13[90m)[39m
    at executeTests [90m(C:\playwright-project\[39msrc\tests\2TipsNoExtraNoSeat.spec.ts:211:29[90m)[39m
    at [90mC:\playwright-project\[39msrc\tests\2TipsNoExtraNoSeat.spec.ts:1891:30 {
  name: [32m'TimeoutError'[39m,
  [[32mSymbol(step)[39m]: {
    stepId: [32m'pw:api@67'[39m,
    location: {
      file: [32m'C:\\playwright-project\\src\\page-objects\\paymentPage.ts'[39m,
      line: [33m4[39m,
      column: [33m20[39m,
      function: [32m'payWithCard'[39m
    },
    category: [32m'pw:api'[39m,
    title: [32m'page.waitForSelector(iframe[title="Iframe for expiry date"])'[39m,
    apiName: [32m'page.waitForSelector'[39m,
    params: {
      selector: [32m'iframe[title="Iframe for expiry date"]'[39m,
      timeout: [33m60000[39m
    },
    boxedStack: [90mundefined[39m,
    steps: [],
    complete: [36m[Function: complete][39m,
    endWallTime: [33m1738569791788[39m,
    error: {
      message: [32m'TimeoutError: page.waitForSelector: Timeout 60000ms exceeded.\n'[39m +
        [32m'Call log:\n'[39m +
        [32m`\x1B[2m  - waiting for locator('iframe[title="Iframe for expiry date"]') to be visible\x1B[22m\n`[39m,
      stack: [32m'TimeoutError: page.waitForSelector: Timeout 60000ms exceeded.\n'[39m +
        [32m'Call log:\n'[39m +
        [32m`\x1B[2m  - waiting for locator('iframe[title="Iframe for expiry date"]') to be visible\x1B[22m\n`[39m +
        [32m'\n'[39m +
        [32m'    at payWithCard (C:\\playwright-project\\src\\page-objects\\paymentPage.ts:4:20)\n'[39m +
        [32m'    at payWithCardInformation (C:\\playwright-project\\src\\tests\\2TipsNoExtraNoSeat.spec.ts:84:22)\n'[39m +
        [32m'    at fn (C:\\playwright-project\\src\\tests\\2TipsNoExtraNoSeat.spec.ts:212:15)\n'[39m +
        [32m'    at runWithRetries (C:\\playwright-project\\src\\tests\\2TipsNoExtraNoSeat.spec.ts:121:13)\n'[39m +
        [32m'    at executeTests (C:\\playwright-project\\src\\tests\\2TipsNoExtraNoSeat.spec.ts:211:29)\n'[39m +
        [32m'    at C:\\playwright-project\\src\\tests\\2TipsNoExtraNoSeat.spec.ts:1891:30'[39m,
      cause: [90mundefined[39m
    }
  }
}
Prueba payWithCard fallida después de 3 intentos.
Confirmation page validation failed: Flight Summary section not found on confirmation page
Intento 1 fallido en payWithCard: Error [ValidationError]: Flight Summary section not found on confirmation page
    at validationConfirmPage [90m(C:\playwright-project\[39msrc\page-objects\confirmation.ts:86:27[90m)[39m
[90m    at runNextTicks (node:internal/process/task_queues:65:5)[39m
[90m    at processImmediate (node:internal/timers:459:9)[39m
[90m    at process.callbackTrampoline (node:internal/async_hooks:130:17)[39m
    at validationConfirmationPage [90m(C:\playwright-project\[39msrc\tests\2TipsNoExtraNoSeat.spec.ts:90:3[90m)[39m
    at runWithRetries [90m(C:\playwright-project\[39msrc\tests\2TipsNoExtraNoSeat.spec.ts:121:7[90m)[39m
    at executeTests [90m(C:\playwright-project\[39msrc\tests\2TipsNoExtraNoSeat.spec.ts:221:29[90m)[39m
    at [90mC:\playwright-project\[39msrc\tests\2TipsNoExtraNoSeat.spec.ts:1891:30
    at [90mC:\playwright-project\[39mnode_modules\[4mplaywright[24m\lib\worker\workerMain.js:339:9
    at [90mC:\playwright-project\[39mnode_modules\[4mplaywright[24m\lib\worker\testInfo.js:286:11
    at TimeoutManager.withRunnable [90m(C:\playwright-project\[39mnode_modules\[4mplaywright[24m\lib\worker\timeoutManager.js:64:14[90m)[39m
    at TestInfoImpl._runAsStage [90m(C:\playwright-project\[39mnode_modules\[4mplaywright[24m\lib\worker\testInfo.js:284:7[90m)[39m
    at [90mC:\playwright-project\[39mnode_modules\[4mplaywright[24m\lib\worker\workerMain.js:331:7
    at [90mC:\playwright-project\[39mnode_modules\[4mplaywright[24m\lib\worker\testInfo.js:286:11
    at TimeoutManager.withRunnable [90m(C:\playwright-project\[39mnode_modules\[4mplaywright[24m\lib\worker\timeoutManager.js:52:27[90m)[39m
    at TestInfoImpl._runAsStage [90m(C:\playwright-project\[39mnode_modules\[4mplaywright[24m\lib\worker\testInfo.js:284:7[90m)[39m
    at WorkerMain._runTest [90m(C:\playwright-project\[39mnode_modules\[4mplaywright[24m\lib\worker\workerMain.js:281:5[90m)[39m
    at WorkerMain.runTestGroup [90m(C:\playwright-project\[39mnode_modules\[4mplaywright[24m\lib\worker\workerMain.js:205:11[90m)[39m
    at process.&lt;anonymous&gt; [90m(C:\playwright-project\[39mnode_modules\[4mplaywright[24m\lib\common\process.js:95:22[90m)[39m {
  fatal: [33mtrue[39m
}
Confirmation page validation failed: Not on confirmation page URL
Intento 2 fallido en payWithCard: Error [ValidationError]: Not on confirmation page URL
    at validationConfirmPage [90m(C:\playwright-project\[39msrc\page-objects\confirmation.ts:94:27[90m)[39m
    at validationConfirmationPage [90m(C:\playwright-project\[39msrc\tests\2TipsNoExtraNoSeat.spec.ts:90:3[90m)[39m
    at runWithRetries [90m(C:\playwright-project\[39msrc\tests\2TipsNoExtraNoSeat.spec.ts:121:7[90m)[39m
    at executeTests [90m(C:\playwright-project\[39msrc\tests\2TipsNoExtraNoSeat.spec.ts:221:29[90m)[39m
    at [90mC:\playwright-project\[39msrc\tests\2TipsNoExtraNoSeat.spec.ts:1891:30
    at [90mC:\playwright-project\[39mnode_modules\[4mplaywright[24m\lib\worker\workerMain.js:339:9
    at [90mC:\playwright-project\[39mnode_modules\[4mplaywright[24m\lib\worker\testInfo.js:286:11
    at TimeoutManager.withRunnable [90m(C:\playwright-project\[39mnode_modules\[4mplaywright[24m\lib\worker\timeoutManager.js:64:14[90m)[39m
    at TestInfoImpl._runAsStage [90m(C:\playwright-project\[39mnode_modules\[4mplaywright[24m\lib\worker\testInfo.js:284:7[90m)[39m
    at [90mC:\playwright-project\[39mnode_modules\[4mplaywright[24m\lib\worker\workerMain.js:331:7
    at [90mC:\playwright-project\[39mnode_modules\[4mplaywright[24m\lib\worker\testInfo.js:286:11
    at TimeoutManager.withRunnable [90m(C:\playwright-project\[39mnode_modules\[4mplaywright[24m\lib\worker\timeoutManager.js:52:27[90m)[39m
    at TestInfoImpl._runAsStage [90m(C:\playwright-project\[39mnode_modules\[4mplaywright[24m\lib\worker\testInfo.js:284:7[90m)[39m
    at WorkerMain._runTest [90m(C:\playwright-project\[39mnode_modules\[4mplaywright[24m\lib\worker\workerMain.js:281:5[90m)[39m
    at WorkerMain.runTestGroup [90m(C:\playwright-project\[39mnode_modules\[4mplaywright[24m\lib\worker\workerMain.js:205:11[90m)[39m
    at process.&lt;anonymous&gt; [90m(C:\playwright-project\[39mnode_modules\[4mplaywright[24m\lib\common\process.js:95:22[90m)[39m {
  fatal: [33mtrue[39m
}

</system-err>
</testcase>
<testcase name="40. Compra 1 adt PremExtra - PremComfort - sin assitence › Ejecución completa con reintentos" classname="2TipsNoExtraNoSeat.spec.ts" time="62.559">
<system-out>
Ejecución completa, intento 1 de 5
Ejecutando Booking, intento 1
Fecha de salida seleccionada: { year: [32m'2025'[39m, month: [32m'6'[39m, index: [33m5[39m, value: [33m14[39m }
Fecha de regreso seleccionada: { year: [32m'2025'[39m, month: [32m'6'[39m, index: [33m6[39m, value: [33m17[39m }
Ajustando número de pasajeros
Successfully clicked the element: div.price-cabin:has-text("Premium")
Successfully clicked the element: div.price-cabin:has-text("Premium")
Ejecutando fillPassengerAdult 1, intento 1
Ejecutando fillContact, intento 1
Ejecutando payWithCard, intento 1
Iframe encontrado.
Ejecutando payWithCard, intento 1
Ejecutando payWithCard, intento 2
Ejecutando payWithCard, intento 3
Successfully saved booking code M9WT8 to Excel

</system-out>
<system-err>
Confirmation page validation failed: Flight Summary section not found on confirmation page
Intento 1 fallido en payWithCard: Error [ValidationError]: Flight Summary section not found on confirmation page
    at validationConfirmPage [90m(C:\playwright-project\[39msrc\page-objects\confirmation.ts:86:27[90m)[39m
[90m    at runNextTicks (node:internal/process/task_queues:65:5)[39m
[90m    at processImmediate (node:internal/timers:459:9)[39m
[90m    at process.callbackTrampoline (node:internal/async_hooks:130:17)[39m
    at validationConfirmationPage [90m(C:\playwright-project\[39msrc\tests\2TipsNoExtraNoSeat.spec.ts:90:3[90m)[39m
    at runWithRetries [90m(C:\playwright-project\[39msrc\tests\2TipsNoExtraNoSeat.spec.ts:121:7[90m)[39m
    at executeTests [90m(C:\playwright-project\[39msrc\tests\2TipsNoExtraNoSeat.spec.ts:221:29[90m)[39m
    at [90mC:\playwright-project\[39msrc\tests\2TipsNoExtraNoSeat.spec.ts:1933:30
    at [90mC:\playwright-project\[39mnode_modules\[4mplaywright[24m\lib\worker\workerMain.js:339:9
    at [90mC:\playwright-project\[39mnode_modules\[4mplaywright[24m\lib\worker\testInfo.js:286:11
    at TimeoutManager.withRunnable [90m(C:\playwright-project\[39mnode_modules\[4mplaywright[24m\lib\worker\timeoutManager.js:64:14[90m)[39m
    at TestInfoImpl._runAsStage [90m(C:\playwright-project\[39mnode_modules\[4mplaywright[24m\lib\worker\testInfo.js:284:7[90m)[39m
    at [90mC:\playwright-project\[39mnode_modules\[4mplaywright[24m\lib\worker\workerMain.js:331:7
    at [90mC:\playwright-project\[39mnode_modules\[4mplaywright[24m\lib\worker\testInfo.js:286:11
    at TimeoutManager.withRunnable [90m(C:\playwright-project\[39mnode_modules\[4mplaywright[24m\lib\worker\timeoutManager.js:52:27[90m)[39m
    at TestInfoImpl._runAsStage [90m(C:\playwright-project\[39mnode_modules\[4mplaywright[24m\lib\worker\testInfo.js:284:7[90m)[39m
    at WorkerMain._runTest [90m(C:\playwright-project\[39mnode_modules\[4mplaywright[24m\lib\worker\workerMain.js:281:5[90m)[39m
    at WorkerMain.runTestGroup [90m(C:\playwright-project\[39mnode_modules\[4mplaywright[24m\lib\worker\workerMain.js:205:11[90m)[39m
    at process.&lt;anonymous&gt; [90m(C:\playwright-project\[39mnode_modules\[4mplaywright[24m\lib\common\process.js:95:22[90m)[39m {
  fatal: [33mtrue[39m
}
Confirmation page validation failed: Not on confirmation page URL
Intento 2 fallido en payWithCard: Error [ValidationError]: Not on confirmation page URL
    at validationConfirmPage [90m(C:\playwright-project\[39msrc\page-objects\confirmation.ts:94:27[90m)[39m
[90m    at runNextTicks (node:internal/process/task_queues:65:5)[39m
[90m    at processImmediate (node:internal/timers:459:9)[39m
[90m    at process.callbackTrampoline (node:internal/async_hooks:130:17)[39m
    at validationConfirmationPage [90m(C:\playwright-project\[39msrc\tests\2TipsNoExtraNoSeat.spec.ts:90:3[90m)[39m
    at runWithRetries [90m(C:\playwright-project\[39msrc\tests\2TipsNoExtraNoSeat.spec.ts:121:7[90m)[39m
    at executeTests [90m(C:\playwright-project\[39msrc\tests\2TipsNoExtraNoSeat.spec.ts:221:29[90m)[39m
    at [90mC:\playwright-project\[39msrc\tests\2TipsNoExtraNoSeat.spec.ts:1933:30
    at [90mC:\playwright-project\[39mnode_modules\[4mplaywright[24m\lib\worker\workerMain.js:339:9
    at [90mC:\playwright-project\[39mnode_modules\[4mplaywright[24m\lib\worker\testInfo.js:286:11
    at TimeoutManager.withRunnable [90m(C:\playwright-project\[39mnode_modules\[4mplaywright[24m\lib\worker\timeoutManager.js:64:14[90m)[39m
    at TestInfoImpl._runAsStage [90m(C:\playwright-project\[39mnode_modules\[4mplaywright[24m\lib\worker\testInfo.js:284:7[90m)[39m
    at [90mC:\playwright-project\[39mnode_modules\[4mplaywright[24m\lib\worker\workerMain.js:331:7
    at [90mC:\playwright-project\[39mnode_modules\[4mplaywright[24m\lib\worker\testInfo.js:286:11
    at TimeoutManager.withRunnable [90m(C:\playwright-project\[39mnode_modules\[4mplaywright[24m\lib\worker\timeoutManager.js:52:27[90m)[39m
    at TestInfoImpl._runAsStage [90m(C:\playwright-project\[39mnode_modules\[4mplaywright[24m\lib\worker\testInfo.js:284:7[90m)[39m
    at WorkerMain._runTest [90m(C:\playwright-project\[39mnode_modules\[4mplaywright[24m\lib\worker\workerMain.js:281:5[90m)[39m
    at WorkerMain.runTestGroup [90m(C:\playwright-project\[39mnode_modules\[4mplaywright[24m\lib\worker\workerMain.js:205:11[90m)[39m
    at process.&lt;anonymous&gt; [90m(C:\playwright-project\[39mnode_modules\[4mplaywright[24m\lib\common\process.js:95:22[90m)[39m {
  fatal: [33mtrue[39m
}

</system-err>
</testcase>
<testcase name="41. Compra 1 adt PremExtra - PremExtra - sin assitence › Ejecución completa con reintentos" classname="2TipsNoExtraNoSeat.spec.ts" time="62.031">
<system-out>
Ejecución completa, intento 1 de 5
Ejecutando Booking, intento 1
Fecha de salida seleccionada: { year: [32m'2025'[39m, month: [32m'6'[39m, index: [33m2[39m, value: [33m7[39m }
Fecha de regreso seleccionada: { year: [32m'2025'[39m, month: [32m'6'[39m, index: [33m3[39m, value: [33m10[39m }
Ajustando número de pasajeros
Successfully clicked the element: div.price-cabin:has-text("Premium")
Successfully clicked the element: div.price-cabin:has-text("Premium")
Ejecutando fillPassengerAdult 1, intento 1
Ejecutando fillContact, intento 1
Ejecutando payWithCard, intento 1
Iframe encontrado.
Ejecutando payWithCard, intento 1
Ejecutando payWithCard, intento 2
Ejecutando payWithCard, intento 3
Successfully saved booking code M9WTM to Excel

</system-out>
<system-err>
Confirmation page validation failed: Flight Summary section not found on confirmation page
Intento 1 fallido en payWithCard: Error [ValidationError]: Flight Summary section not found on confirmation page
    at validationConfirmPage [90m(C:\playwright-project\[39msrc\page-objects\confirmation.ts:86:27[90m)[39m
[90m    at runNextTicks (node:internal/process/task_queues:65:5)[39m
[90m    at processImmediate (node:internal/timers:459:9)[39m
[90m    at process.callbackTrampoline (node:internal/async_hooks:130:17)[39m
    at validationConfirmationPage [90m(C:\playwright-project\[39msrc\tests\2TipsNoExtraNoSeat.spec.ts:90:3[90m)[39m
    at runWithRetries [90m(C:\playwright-project\[39msrc\tests\2TipsNoExtraNoSeat.spec.ts:121:7[90m)[39m
    at executeTests [90m(C:\playwright-project\[39msrc\tests\2TipsNoExtraNoSeat.spec.ts:221:29[90m)[39m
    at [90mC:\playwright-project\[39msrc\tests\2TipsNoExtraNoSeat.spec.ts:1975:30
    at [90mC:\playwright-project\[39mnode_modules\[4mplaywright[24m\lib\worker\workerMain.js:339:9
    at [90mC:\playwright-project\[39mnode_modules\[4mplaywright[24m\lib\worker\testInfo.js:286:11
    at TimeoutManager.withRunnable [90m(C:\playwright-project\[39mnode_modules\[4mplaywright[24m\lib\worker\timeoutManager.js:64:14[90m)[39m
    at TestInfoImpl._runAsStage [90m(C:\playwright-project\[39mnode_modules\[4mplaywright[24m\lib\worker\testInfo.js:284:7[90m)[39m
    at [90mC:\playwright-project\[39mnode_modules\[4mplaywright[24m\lib\worker\workerMain.js:331:7
    at [90mC:\playwright-project\[39mnode_modules\[4mplaywright[24m\lib\worker\testInfo.js:286:11
    at TimeoutManager.withRunnable [90m(C:\playwright-project\[39mnode_modules\[4mplaywright[24m\lib\worker\timeoutManager.js:52:27[90m)[39m
    at TestInfoImpl._runAsStage [90m(C:\playwright-project\[39mnode_modules\[4mplaywright[24m\lib\worker\testInfo.js:284:7[90m)[39m
    at WorkerMain._runTest [90m(C:\playwright-project\[39mnode_modules\[4mplaywright[24m\lib\worker\workerMain.js:281:5[90m)[39m
    at WorkerMain.runTestGroup [90m(C:\playwright-project\[39mnode_modules\[4mplaywright[24m\lib\worker\workerMain.js:205:11[90m)[39m
    at process.&lt;anonymous&gt; [90m(C:\playwright-project\[39mnode_modules\[4mplaywright[24m\lib\common\process.js:95:22[90m)[39m {
  fatal: [33mtrue[39m
}
Confirmation page validation failed: Not on confirmation page URL
Intento 2 fallido en payWithCard: Error [ValidationError]: Not on confirmation page URL
    at validationConfirmPage [90m(C:\playwright-project\[39msrc\page-objects\confirmation.ts:94:27[90m)[39m
    at validationConfirmationPage [90m(C:\playwright-project\[39msrc\tests\2TipsNoExtraNoSeat.spec.ts:90:3[90m)[39m
    at runWithRetries [90m(C:\playwright-project\[39msrc\tests\2TipsNoExtraNoSeat.spec.ts:121:7[90m)[39m
    at executeTests [90m(C:\playwright-project\[39msrc\tests\2TipsNoExtraNoSeat.spec.ts:221:29[90m)[39m
    at [90mC:\playwright-project\[39msrc\tests\2TipsNoExtraNoSeat.spec.ts:1975:30
    at [90mC:\playwright-project\[39mnode_modules\[4mplaywright[24m\lib\worker\workerMain.js:339:9
    at [90mC:\playwright-project\[39mnode_modules\[4mplaywright[24m\lib\worker\testInfo.js:286:11
    at TimeoutManager.withRunnable [90m(C:\playwright-project\[39mnode_modules\[4mplaywright[24m\lib\worker\timeoutManager.js:64:14[90m)[39m
    at TestInfoImpl._runAsStage [90m(C:\playwright-project\[39mnode_modules\[4mplaywright[24m\lib\worker\testInfo.js:284:7[90m)[39m
    at [90mC:\playwright-project\[39mnode_modules\[4mplaywright[24m\lib\worker\workerMain.js:331:7
    at [90mC:\playwright-project\[39mnode_modules\[4mplaywright[24m\lib\worker\testInfo.js:286:11
    at TimeoutManager.withRunnable [90m(C:\playwright-project\[39mnode_modules\[4mplaywright[24m\lib\worker\timeoutManager.js:52:27[90m)[39m
    at TestInfoImpl._runAsStage [90m(C:\playwright-project\[39mnode_modules\[4mplaywright[24m\lib\worker\testInfo.js:284:7[90m)[39m
    at WorkerMain._runTest [90m(C:\playwright-project\[39mnode_modules\[4mplaywright[24m\lib\worker\workerMain.js:281:5[90m)[39m
    at WorkerMain.runTestGroup [90m(C:\playwright-project\[39mnode_modules\[4mplaywright[24m\lib\worker\workerMain.js:205:11[90m)[39m
    at process.&lt;anonymous&gt; [90m(C:\playwright-project\[39mnode_modules\[4mplaywright[24m\lib\common\process.js:95:22[90m)[39m {
  fatal: [33mtrue[39m
}

</system-err>
</testcase>
<testcase name="29. Compra 1 adt PremLight - PremExtra - sin assitence › Ejecución completa con reintentos" classname="2TipsNoExtraNoSeat.spec.ts" time="38.64">
<system-out>
Ejecución completa, intento 1 de 5
Ejecutando Booking, intento 1
Fecha de salida seleccionada: { year: [32m'2025'[39m, month: [32m'6'[39m, index: [33m10[39m, value: [33m26[39m }
Fecha de regreso seleccionada: { year: [32m'2025'[39m, month: [32m'6'[39m, index: [33m11[39m, value: [33m28[39m }
Ajustando número de pasajeros
Successfully clicked the element: div.price-cabin:has-text("Premium")
Successfully clicked the element: div.price-cabin:has-text("Premium")
Ejecutando fillPassengerAdult 1, intento 1
Ejecutando fillContact, intento 1
Ejecutando payWithCard, intento 1
Iframe encontrado.
Ejecutando payWithCard, intento 1
Ejecutando payWithCard, intento 2
Ejecutando payWithCard, intento 3
Successfully saved booking code H90CD to Excel

</system-out>
<system-err>
Confirmation page validation failed: Flight Summary section not found on confirmation page
Intento 1 fallido en payWithCard: Error [ValidationError]: Flight Summary section not found on confirmation page
    at validationConfirmPage [90m(C:\playwright-project\[39msrc\page-objects\confirmation.ts:86:27[90m)[39m
[90m    at runNextTicks (node:internal/process/task_queues:65:5)[39m
[90m    at processImmediate (node:internal/timers:459:9)[39m
[90m    at process.callbackTrampoline (node:internal/async_hooks:130:17)[39m
    at validationConfirmationPage [90m(C:\playwright-project\[39msrc\tests\2TipsNoExtraNoSeat.spec.ts:90:3[90m)[39m
    at runWithRetries [90m(C:\playwright-project\[39msrc\tests\2TipsNoExtraNoSeat.spec.ts:121:7[90m)[39m
    at executeTests [90m(C:\playwright-project\[39msrc\tests\2TipsNoExtraNoSeat.spec.ts:221:29[90m)[39m
    at [90mC:\playwright-project\[39msrc\tests\2TipsNoExtraNoSeat.spec.ts:1464:30
    at [90mC:\playwright-project\[39mnode_modules\[4mplaywright[24m\lib\worker\workerMain.js:339:9
    at [90mC:\playwright-project\[39mnode_modules\[4mplaywright[24m\lib\worker\testInfo.js:286:11
    at TimeoutManager.withRunnable [90m(C:\playwright-project\[39mnode_modules\[4mplaywright[24m\lib\worker\timeoutManager.js:64:14[90m)[39m
    at TestInfoImpl._runAsStage [90m(C:\playwright-project\[39mnode_modules\[4mplaywright[24m\lib\worker\testInfo.js:284:7[90m)[39m
    at [90mC:\playwright-project\[39mnode_modules\[4mplaywright[24m\lib\worker\workerMain.js:331:7
    at [90mC:\playwright-project\[39mnode_modules\[4mplaywright[24m\lib\worker\testInfo.js:286:11
    at TimeoutManager.withRunnable [90m(C:\playwright-project\[39mnode_modules\[4mplaywright[24m\lib\worker\timeoutManager.js:52:27[90m)[39m
    at TestInfoImpl._runAsStage [90m(C:\playwright-project\[39mnode_modules\[4mplaywright[24m\lib\worker\testInfo.js:284:7[90m)[39m
    at WorkerMain._runTest [90m(C:\playwright-project\[39mnode_modules\[4mplaywright[24m\lib\worker\workerMain.js:281:5[90m)[39m
    at WorkerMain.runTestGroup [90m(C:\playwright-project\[39mnode_modules\[4mplaywright[24m\lib\worker\workerMain.js:205:11[90m)[39m
    at process.&lt;anonymous&gt; [90m(C:\playwright-project\[39mnode_modules\[4mplaywright[24m\lib\common\process.js:95:22[90m)[39m {
  fatal: [33mtrue[39m
}
Confirmation page validation failed: Not on confirmation page URL
Intento 2 fallido en payWithCard: Error [ValidationError]: Not on confirmation page URL
    at validationConfirmPage [90m(C:\playwright-project\[39msrc\page-objects\confirmation.ts:94:27[90m)[39m
    at validationConfirmationPage [90m(C:\playwright-project\[39msrc\tests\2TipsNoExtraNoSeat.spec.ts:90:3[90m)[39m
    at runWithRetries [90m(C:\playwright-project\[39msrc\tests\2TipsNoExtraNoSeat.spec.ts:121:7[90m)[39m
    at executeTests [90m(C:\playwright-project\[39msrc\tests\2TipsNoExtraNoSeat.spec.ts:221:29[90m)[39m
    at [90mC:\playwright-project\[39msrc\tests\2TipsNoExtraNoSeat.spec.ts:1464:30
    at [90mC:\playwright-project\[39mnode_modules\[4mplaywright[24m\lib\worker\workerMain.js:339:9
    at [90mC:\playwright-project\[39mnode_modules\[4mplaywright[24m\lib\worker\testInfo.js:286:11
    at TimeoutManager.withRunnable [90m(C:\playwright-project\[39mnode_modules\[4mplaywright[24m\lib\worker\timeoutManager.js:64:14[90m)[39m
    at TestInfoImpl._runAsStage [90m(C:\playwright-project\[39mnode_modules\[4mplaywright[24m\lib\worker\testInfo.js:284:7[90m)[39m
    at [90mC:\playwright-project\[39mnode_modules\[4mplaywright[24m\lib\worker\workerMain.js:331:7
    at [90mC:\playwright-project\[39mnode_modules\[4mplaywright[24m\lib\worker\testInfo.js:286:11
    at TimeoutManager.withRunnable [90m(C:\playwright-project\[39mnode_modules\[4mplaywright[24m\lib\worker\timeoutManager.js:52:27[90m)[39m
    at TestInfoImpl._runAsStage [90m(C:\playwright-project\[39mnode_modules\[4mplaywright[24m\lib\worker\testInfo.js:284:7[90m)[39m
    at WorkerMain._runTest [90m(C:\playwright-project\[39mnode_modules\[4mplaywright[24m\lib\worker\workerMain.js:281:5[90m)[39m
    at WorkerMain.runTestGroup [90m(C:\playwright-project\[39mnode_modules\[4mplaywright[24m\lib\worker\workerMain.js:205:11[90m)[39m
    at process.&lt;anonymous&gt; [90m(C:\playwright-project\[39mnode_modules\[4mplaywright[24m\lib\common\process.js:95:22[90m)[39m {
  fatal: [33mtrue[39m
}

</system-err>
</testcase>
<testcase name="35. Compra 1 adt PremComfort - PremExtra - sin assitence › Ejecución completa con reintentos" classname="2TipsNoExtraNoSeat.spec.ts" time="92.835">
<system-out>
Ejecución completa, intento 1 de 5
Ejecutando Booking, intento 1
Fecha de salida seleccionada: { year: [32m'2025'[39m, month: [32m'6'[39m, index: [33m9[39m, value: [33m24[39m }
Fecha de regreso seleccionada: { year: [32m'2025'[39m, month: [32m'6'[39m, index: [33m10[39m, value: [33m26[39m }
Ajustando número de pasajeros
Successfully clicked the element: div.price-cabin:has-text("Premium")
Successfully clicked the element: div.price-cabin:has-text("Premium")
Ejecutando fillPassengerAdult 1, intento 1
Ejecutando fillContact, intento 1
Ejecutando payWithCard, intento 1
Iframe encontrado.
Ejecutando payWithCard, intento 1
Ejecutando payWithCard, intento 2
Ejecutando payWithCard, intento 3
Ejecución completa, intento 2 de 5
Ejecutando Booking, intento 1
Fecha de salida seleccionada: { year: [32m'2025'[39m, month: [32m'6'[39m, index: [33m10[39m, value: [33m26[39m }
Fecha de regreso seleccionada: { year: [32m'2025'[39m, month: [32m'6'[39m, index: [33m11[39m, value: [33m28[39m }
Ajustando número de pasajeros
Successfully clicked the element: div.price-cabin:has-text("Premium")
Successfully clicked the element: div.price-cabin:has-text("Premium")
Ejecutando fillPassengerAdult 1, intento 1
Ejecutando fillContact, intento 1
Ejecutando payWithCard, intento 1
Iframe encontrado.
Ejecutando payWithCard, intento 1
Ejecutando payWithCard, intento 2
Ejecutando payWithCard, intento 3
Successfully saved booking code H90M9 to Excel

</system-out>
<system-err>
Confirmation page validation failed: Flight Summary section not found on confirmation page
Intento 1 fallido en payWithCard: Error [ValidationError]: Flight Summary section not found on confirmation page
    at validationConfirmPage [90m(C:\playwright-project\[39msrc\page-objects\confirmation.ts:86:27[90m)[39m
[90m    at runNextTicks (node:internal/process/task_queues:65:5)[39m
[90m    at processImmediate (node:internal/timers:459:9)[39m
[90m    at process.callbackTrampoline (node:internal/async_hooks:130:17)[39m
    at validationConfirmationPage [90m(C:\playwright-project\[39msrc\tests\2TipsNoExtraNoSeat.spec.ts:90:3[90m)[39m
    at runWithRetries [90m(C:\playwright-project\[39msrc\tests\2TipsNoExtraNoSeat.spec.ts:121:7[90m)[39m
    at executeTests [90m(C:\playwright-project\[39msrc\tests\2TipsNoExtraNoSeat.spec.ts:221:29[90m)[39m
    at [90mC:\playwright-project\[39msrc\tests\2TipsNoExtraNoSeat.spec.ts:1720:30
    at [90mC:\playwright-project\[39mnode_modules\[4mplaywright[24m\lib\worker\workerMain.js:339:9
    at [90mC:\playwright-project\[39mnode_modules\[4mplaywright[24m\lib\worker\testInfo.js:286:11
    at TimeoutManager.withRunnable [90m(C:\playwright-project\[39mnode_modules\[4mplaywright[24m\lib\worker\timeoutManager.js:64:14[90m)[39m
    at TestInfoImpl._runAsStage [90m(C:\playwright-project\[39mnode_modules\[4mplaywright[24m\lib\worker\testInfo.js:284:7[90m)[39m
    at [90mC:\playwright-project\[39mnode_modules\[4mplaywright[24m\lib\worker\workerMain.js:331:7
    at [90mC:\playwright-project\[39mnode_modules\[4mplaywright[24m\lib\worker\testInfo.js:286:11
    at TimeoutManager.withRunnable [90m(C:\playwright-project\[39mnode_modules\[4mplaywright[24m\lib\worker\timeoutManager.js:52:27[90m)[39m
    at TestInfoImpl._runAsStage [90m(C:\playwright-project\[39mnode_modules\[4mplaywright[24m\lib\worker\testInfo.js:284:7[90m)[39m
    at WorkerMain._runTest [90m(C:\playwright-project\[39mnode_modules\[4mplaywright[24m\lib\worker\workerMain.js:281:5[90m)[39m
    at WorkerMain.runTestGroup [90m(C:\playwright-project\[39mnode_modules\[4mplaywright[24m\lib\worker\workerMain.js:205:11[90m)[39m
    at process.&lt;anonymous&gt; [90m(C:\playwright-project\[39mnode_modules\[4mplaywright[24m\lib\common\process.js:95:22[90m)[39m {
  fatal: [33mtrue[39m
}
Confirmation page validation failed: Flight Summary section not found on confirmation page
Intento 2 fallido en payWithCard: Error [ValidationError]: Flight Summary section not found on confirmation page
    at validationConfirmPage [90m(C:\playwright-project\[39msrc\page-objects\confirmation.ts:86:27[90m)[39m
    at validationConfirmationPage [90m(C:\playwright-project\[39msrc\tests\2TipsNoExtraNoSeat.spec.ts:90:3[90m)[39m
    at runWithRetries [90m(C:\playwright-project\[39msrc\tests\2TipsNoExtraNoSeat.spec.ts:121:7[90m)[39m
    at executeTests [90m(C:\playwright-project\[39msrc\tests\2TipsNoExtraNoSeat.spec.ts:221:29[90m)[39m
    at [90mC:\playwright-project\[39msrc\tests\2TipsNoExtraNoSeat.spec.ts:1720:30
    at [90mC:\playwright-project\[39mnode_modules\[4mplaywright[24m\lib\worker\workerMain.js:339:9
    at [90mC:\playwright-project\[39mnode_modules\[4mplaywright[24m\lib\worker\testInfo.js:286:11
    at TimeoutManager.withRunnable [90m(C:\playwright-project\[39mnode_modules\[4mplaywright[24m\lib\worker\timeoutManager.js:64:14[90m)[39m
    at TestInfoImpl._runAsStage [90m(C:\playwright-project\[39mnode_modules\[4mplaywright[24m\lib\worker\testInfo.js:284:7[90m)[39m
    at [90mC:\playwright-project\[39mnode_modules\[4mplaywright[24m\lib\worker\workerMain.js:331:7
    at [90mC:\playwright-project\[39mnode_modules\[4mplaywright[24m\lib\worker\testInfo.js:286:11
    at TimeoutManager.withRunnable [90m(C:\playwright-project\[39mnode_modules\[4mplaywright[24m\lib\worker\timeoutManager.js:52:27[90m)[39m
    at TestInfoImpl._runAsStage [90m(C:\playwright-project\[39mnode_modules\[4mplaywright[24m\lib\worker\testInfo.js:284:7[90m)[39m
    at WorkerMain._runTest [90m(C:\playwright-project\[39mnode_modules\[4mplaywright[24m\lib\worker\workerMain.js:281:5[90m)[39m
    at WorkerMain.runTestGroup [90m(C:\playwright-project\[39mnode_modules\[4mplaywright[24m\lib\worker\workerMain.js:205:11[90m)[39m
    at process.&lt;anonymous&gt; [90m(C:\playwright-project\[39mnode_modules\[4mplaywright[24m\lib\common\process.js:95:22[90m)[39m {
  fatal: [33mtrue[39m
}
Confirmation page validation failed: Flight Summary section not found on confirmation page
Intento 3 fallido en payWithCard: Error [ValidationError]: Flight Summary section not found on confirmation page
    at validationConfirmPage [90m(C:\playwright-project\[39msrc\page-objects\confirmation.ts:86:27[90m)[39m
    at validationConfirmationPage [90m(C:\playwright-project\[39msrc\tests\2TipsNoExtraNoSeat.spec.ts:90:3[90m)[39m
    at runWithRetries [90m(C:\playwright-project\[39msrc\tests\2TipsNoExtraNoSeat.spec.ts:121:7[90m)[39m
    at executeTests [90m(C:\playwright-project\[39msrc\tests\2TipsNoExtraNoSeat.spec.ts:221:29[90m)[39m
    at [90mC:\playwright-project\[39msrc\tests\2TipsNoExtraNoSeat.spec.ts:1720:30
    at [90mC:\playwright-project\[39mnode_modules\[4mplaywright[24m\lib\worker\workerMain.js:339:9
    at [90mC:\playwright-project\[39mnode_modules\[4mplaywright[24m\lib\worker\testInfo.js:286:11
    at TimeoutManager.withRunnable [90m(C:\playwright-project\[39mnode_modules\[4mplaywright[24m\lib\worker\timeoutManager.js:64:14[90m)[39m
    at TestInfoImpl._runAsStage [90m(C:\playwright-project\[39mnode_modules\[4mplaywright[24m\lib\worker\testInfo.js:284:7[90m)[39m
    at [90mC:\playwright-project\[39mnode_modules\[4mplaywright[24m\lib\worker\workerMain.js:331:7
    at [90mC:\playwright-project\[39mnode_modules\[4mplaywright[24m\lib\worker\testInfo.js:286:11
    at TimeoutManager.withRunnable [90m(C:\playwright-project\[39mnode_modules\[4mplaywright[24m\lib\worker\timeoutManager.js:52:27[90m)[39m
    at TestInfoImpl._runAsStage [90m(C:\playwright-project\[39mnode_modules\[4mplaywright[24m\lib\worker\testInfo.js:284:7[90m)[39m
    at WorkerMain._runTest [90m(C:\playwright-project\[39mnode_modules\[4mplaywright[24m\lib\worker\workerMain.js:281:5[90m)[39m
    at WorkerMain.runTestGroup [90m(C:\playwright-project\[39mnode_modules\[4mplaywright[24m\lib\worker\workerMain.js:205:11[90m)[39m
    at process.&lt;anonymous&gt; [90m(C:\playwright-project\[39mnode_modules\[4mplaywright[24m\lib\common\process.js:95:22[90m)[39m {
  fatal: [33mtrue[39m
}
Prueba payWithCard fallida después de 3 intentos.
Confirmation page validation failed: Flight Summary section not found on confirmation page
Intento 1 fallido en payWithCard: Error [ValidationError]: Flight Summary section not found on confirmation page
    at validationConfirmPage [90m(C:\playwright-project\[39msrc\page-objects\confirmation.ts:86:27[90m)[39m
[90m    at runNextTicks (node:internal/process/task_queues:65:5)[39m
[90m    at processImmediate (node:internal/timers:459:9)[39m
[90m    at process.callbackTrampoline (node:internal/async_hooks:130:17)[39m
    at validationConfirmationPage [90m(C:\playwright-project\[39msrc\tests\2TipsNoExtraNoSeat.spec.ts:90:3[90m)[39m
    at runWithRetries [90m(C:\playwright-project\[39msrc\tests\2TipsNoExtraNoSeat.spec.ts:121:7[90m)[39m
    at executeTests [90m(C:\playwright-project\[39msrc\tests\2TipsNoExtraNoSeat.spec.ts:221:29[90m)[39m
    at [90mC:\playwright-project\[39msrc\tests\2TipsNoExtraNoSeat.spec.ts:1720:30
    at [90mC:\playwright-project\[39mnode_modules\[4mplaywright[24m\lib\worker\workerMain.js:339:9
    at [90mC:\playwright-project\[39mnode_modules\[4mplaywright[24m\lib\worker\testInfo.js:286:11
    at TimeoutManager.withRunnable [90m(C:\playwright-project\[39mnode_modules\[4mplaywright[24m\lib\worker\timeoutManager.js:64:14[90m)[39m
    at TestInfoImpl._runAsStage [90m(C:\playwright-project\[39mnode_modules\[4mplaywright[24m\lib\worker\testInfo.js:284:7[90m)[39m
    at [90mC:\playwright-project\[39mnode_modules\[4mplaywright[24m\lib\worker\workerMain.js:331:7
    at [90mC:\playwright-project\[39mnode_modules\[4mplaywright[24m\lib\worker\testInfo.js:286:11
    at TimeoutManager.withRunnable [90m(C:\playwright-project\[39mnode_modules\[4mplaywright[24m\lib\worker\timeoutManager.js:52:27[90m)[39m
    at TestInfoImpl._runAsStage [90m(C:\playwright-project\[39mnode_modules\[4mplaywright[24m\lib\worker\testInfo.js:284:7[90m)[39m
    at WorkerMain._runTest [90m(C:\playwright-project\[39mnode_modules\[4mplaywright[24m\lib\worker\workerMain.js:281:5[90m)[39m
    at WorkerMain.runTestGroup [90m(C:\playwright-project\[39mnode_modules\[4mplaywright[24m\lib\worker\workerMain.js:205:11[90m)[39m
    at process.&lt;anonymous&gt; [90m(C:\playwright-project\[39mnode_modules\[4mplaywright[24m\lib\common\process.js:95:22[90m)[39m {
  fatal: [33mtrue[39m
}
Confirmation page validation failed: Not on confirmation page URL
Intento 2 fallido en payWithCard: Error [ValidationError]: Not on confirmation page URL
    at validationConfirmPage [90m(C:\playwright-project\[39msrc\page-objects\confirmation.ts:94:27[90m)[39m
    at validationConfirmationPage [90m(C:\playwright-project\[39msrc\tests\2TipsNoExtraNoSeat.spec.ts:90:3[90m)[39m
    at runWithRetries [90m(C:\playwright-project\[39msrc\tests\2TipsNoExtraNoSeat.spec.ts:121:7[90m)[39m
    at executeTests [90m(C:\playwright-project\[39msrc\tests\2TipsNoExtraNoSeat.spec.ts:221:29[90m)[39m
    at [90mC:\playwright-project\[39msrc\tests\2TipsNoExtraNoSeat.spec.ts:1720:30
    at [90mC:\playwright-project\[39mnode_modules\[4mplaywright[24m\lib\worker\workerMain.js:339:9
    at [90mC:\playwright-project\[39mnode_modules\[4mplaywright[24m\lib\worker\testInfo.js:286:11
    at TimeoutManager.withRunnable [90m(C:\playwright-project\[39mnode_modules\[4mplaywright[24m\lib\worker\timeoutManager.js:64:14[90m)[39m
    at TestInfoImpl._runAsStage [90m(C:\playwright-project\[39mnode_modules\[4mplaywright[24m\lib\worker\testInfo.js:284:7[90m)[39m
    at [90mC:\playwright-project\[39mnode_modules\[4mplaywright[24m\lib\worker\workerMain.js:331:7
    at [90mC:\playwright-project\[39mnode_modules\[4mplaywright[24m\lib\worker\testInfo.js:286:11
    at TimeoutManager.withRunnable [90m(C:\playwright-project\[39mnode_modules\[4mplaywright[24m\lib\worker\timeoutManager.js:52:27[90m)[39m
    at TestInfoImpl._runAsStage [90m(C:\playwright-project\[39mnode_modules\[4mplaywright[24m\lib\worker\testInfo.js:284:7[90m)[39m
    at WorkerMain._runTest [90m(C:\playwright-project\[39mnode_modules\[4mplaywright[24m\lib\worker\workerMain.js:281:5[90m)[39m
    at WorkerMain.runTestGroup [90m(C:\playwright-project\[39mnode_modules\[4mplaywright[24m\lib\worker\workerMain.js:205:11[90m)[39m
    at process.&lt;anonymous&gt; [90m(C:\playwright-project\[39mnode_modules\[4mplaywright[24m\lib\common\process.js:95:22[90m)[39m {
  fatal: [33mtrue[39m
}

</system-err>
</testcase>
</testsuite>
<testsuite name="2TripExtraSeat.spec.ts" timestamp="2025-02-03T07:41:32.338Z" hostname="chromium" tests="1" failures="0" skipped="0" time="99.419" errors="0">
<testcase name="1 Adt EcoLight - sin assitence › Ejecución completa con reintentos" classname="2TripExtraSeat.spec.ts" time="99.419">
<system-out>
Ejecución completa, intento 1 de 5
Ejecutando Booking, intento 1
Fecha de salida seleccionada: { year: [32m'2025'[39m, month: [32m'6'[39m, index: [33m5[39m, value: [33m14[39m }
Fecha de regreso seleccionada: { year: [32m'2025'[39m, month: [32m'6'[39m, index: [33m6[39m, value: [33m17[39m }
Ajustando número de pasajeros
Successfully clicked the element: div.price-cabin:has-text("Economy")
Successfully clicked the element: div.price-cabin:has-text("Economy")
Ejecutando fillPassengerAdult 1, intento 1
Ejecutando fillContact, intento 1
Ejecutando fillSeat, intento 1
No hay asientos disponibles para ida
Asiento vuelta: 8A
Ejecutando extraBaggage, intento 1
Ejecutando payWithCard, intento 1
Iframe encontrado.
Ejecutando payWithCard, intento 1
Ejecutando payWithCard, intento 2
Ejecutando payWithCard, intento 3
Successfully saved booking code M9WTV to Excel

</system-out>
<system-err>
Confirmation page validation failed: Flight Summary section not found on confirmation page
Intento 1 fallido en payWithCard: Error [ValidationError]: Flight Summary section not found on confirmation page
    at validationConfirmPage [90m(C:\playwright-project\[39msrc\page-objects\confirmation.ts:86:27[90m)[39m
[90m    at runNextTicks (node:internal/process/task_queues:65:5)[39m
[90m    at processImmediate (node:internal/timers:459:9)[39m
[90m    at process.callbackTrampoline (node:internal/async_hooks:130:17)[39m
    at validationConfirmationPage [90m(C:\playwright-project\[39msrc\tests\2TripExtraSeat.spec.ts:187:3[90m)[39m
    at runWithRetries [90m(C:\playwright-project\[39msrc\tests\2TripExtraSeat.spec.ts:218:7[90m)[39m
    at executeTests [90m(C:\playwright-project\[39msrc\tests\2TripExtraSeat.spec.ts:343:27[90m)[39m
    at [90mC:\playwright-project\[39msrc\tests\2TripExtraSeat.spec.ts:395:30
    at [90mC:\playwright-project\[39mnode_modules\[4mplaywright[24m\lib\worker\workerMain.js:339:9
    at [90mC:\playwright-project\[39mnode_modules\[4mplaywright[24m\lib\worker\testInfo.js:286:11
    at TimeoutManager.withRunnable [90m(C:\playwright-project\[39mnode_modules\[4mplaywright[24m\lib\worker\timeoutManager.js:64:14[90m)[39m
    at TestInfoImpl._runAsStage [90m(C:\playwright-project\[39mnode_modules\[4mplaywright[24m\lib\worker\testInfo.js:284:7[90m)[39m
    at [90mC:\playwright-project\[39mnode_modules\[4mplaywright[24m\lib\worker\workerMain.js:331:7
    at [90mC:\playwright-project\[39mnode_modules\[4mplaywright[24m\lib\worker\testInfo.js:286:11
    at TimeoutManager.withRunnable [90m(C:\playwright-project\[39mnode_modules\[4mplaywright[24m\lib\worker\timeoutManager.js:52:27[90m)[39m
    at TestInfoImpl._runAsStage [90m(C:\playwright-project\[39mnode_modules\[4mplaywright[24m\lib\worker\testInfo.js:284:7[90m)[39m
    at WorkerMain._runTest [90m(C:\playwright-project\[39mnode_modules\[4mplaywright[24m\lib\worker\workerMain.js:281:5[90m)[39m
    at WorkerMain.runTestGroup [90m(C:\playwright-project\[39mnode_modules\[4mplaywright[24m\lib\worker\workerMain.js:205:11[90m)[39m
    at process.&lt;anonymous&gt; [90m(C:\playwright-project\[39mnode_modules\[4mplaywright[24m\lib\common\process.js:95:22[90m)[39m {
  fatal: [33mtrue[39m
}
Confirmation page validation failed: Not on confirmation page URL
Intento 2 fallido en payWithCard: Error [ValidationError]: Not on confirmation page URL
    at validationConfirmPage [90m(C:\playwright-project\[39msrc\page-objects\confirmation.ts:94:27[90m)[39m
    at validationConfirmationPage [90m(C:\playwright-project\[39msrc\tests\2TripExtraSeat.spec.ts:187:3[90m)[39m
    at runWithRetries [90m(C:\playwright-project\[39msrc\tests\2TripExtraSeat.spec.ts:218:7[90m)[39m
    at executeTests [90m(C:\playwright-project\[39msrc\tests\2TripExtraSeat.spec.ts:343:27[90m)[39m
    at [90mC:\playwright-project\[39msrc\tests\2TripExtraSeat.spec.ts:395:30
    at [90mC:\playwright-project\[39mnode_modules\[4mplaywright[24m\lib\worker\workerMain.js:339:9
    at [90mC:\playwright-project\[39mnode_modules\[4mplaywright[24m\lib\worker\testInfo.js:286:11
    at TimeoutManager.withRunnable [90m(C:\playwright-project\[39mnode_modules\[4mplaywright[24m\lib\worker\timeoutManager.js:64:14[90m)[39m
    at TestInfoImpl._runAsStage [90m(C:\playwright-project\[39mnode_modules\[4mplaywright[24m\lib\worker\testInfo.js:284:7[90m)[39m
    at [90mC:\playwright-project\[39mnode_modules\[4mplaywright[24m\lib\worker\workerMain.js:331:7
    at [90mC:\playwright-project\[39mnode_modules\[4mplaywright[24m\lib\worker\testInfo.js:286:11
    at TimeoutManager.withRunnable [90m(C:\playwright-project\[39mnode_modules\[4mplaywright[24m\lib\worker\timeoutManager.js:52:27[90m)[39m
    at TestInfoImpl._runAsStage [90m(C:\playwright-project\[39mnode_modules\[4mplaywright[24m\lib\worker\testInfo.js:284:7[90m)[39m
    at WorkerMain._runTest [90m(C:\playwright-project\[39mnode_modules\[4mplaywright[24m\lib\worker\workerMain.js:281:5[90m)[39m
    at WorkerMain.runTestGroup [90m(C:\playwright-project\[39mnode_modules\[4mplaywright[24m\lib\worker\workerMain.js:205:11[90m)[39m
    at process.&lt;anonymous&gt; [90m(C:\playwright-project\[39mnode_modules\[4mplaywright[24m\lib\common\process.js:95:22[90m)[39m {
  fatal: [33mtrue[39m
}

</system-err>
</testcase>
</testsuite>
<testsuite name="DateTest.spec.ts" timestamp="2025-02-03T07:41:32.338Z" hostname="chromium" tests="3" failures="0" skipped="0" time="157.516" errors="0">
<testcase name="1. error - dd/mm/aaaa (Fecha CA/ES) › Ejecución completa con reintentos" classname="DateTest.spec.ts" time="48.446">
<system-out>
Ejecución completa, intento 1 de 5
Ejecutando Booking, intento 1
Fecha de salida seleccionada: { year: [32m'2025'[39m, month: [32m'6'[39m, index: [33m6[39m, value: [33m17[39m }
Ajustando número de pasajeros
Successfully clicked the element: div.price-cabin:has-text("Economy")
Ejecutando fillPassengerAdult 1, intento 1
Ejecutando fillContact, intento 1
Ejecutando payWithCard, intento 1
Iframe encontrado.

</system-out>
</testcase>
<testcase name="2. mm/dd/aaaa (fecha EN) › Ejecución completa con reintentos" classname="DateTest.spec.ts" time="56.951">
<system-out>
Ejecución completa, intento 1 de 5
Ejecutando Booking, intento 1
Fecha de salida seleccionada: { year: [32m'2025'[39m, month: [32m'6'[39m, index: [33m9[39m, value: [33m24[39m }
Ajustando número de pasajeros
Successfully clicked the element: div.price-cabin:has-text("Economy")
Ejecutando fillPassengerAdult 1, intento 1
Ejecutando fillContact, intento 1
Ejecutando payWithCard, intento 1
Iframe encontrado.

</system-out>
</testcase>
<testcase name="3.  mm&gt;12 -&gt; NO ESTA BIEN  › Ejecución completa con reintentos" classname="DateTest.spec.ts" time="52.119">
<system-out>
Ejecución completa, intento 1 de 5
Ejecutando Booking, intento 1
Fecha de salida seleccionada: { year: [32m'2025'[39m, month: [32m'6'[39m, index: [33m8[39m, value: [33m21[39m }
Ajustando número de pasajeros
Successfully clicked the element: div.price-cabin:has-text("Economy")
Ejecutando fillPassengerAdult 1, intento 1
Ejecutando fillContact, intento 1
Ejecutando payWithCard, intento 1
Iframe encontrado.

</system-out>
</testcase>
</testsuite>
<testsuite name="mmb.spec.ts" timestamp="2025-02-03T07:41:32.338Z" hostname="chromium" tests="1" failures="0" skipped="0" time="26.688" errors="0">
<testcase name="Comporbar MMB › Ejecución completa con reintentos" classname="mmb.spec.ts" time="26.688">
<system-out>
Ejecución completa, intento 1 de 5
Ejecutando Booking, intento 1

</system-out>
</testcase>
</testsuite>
<testsuite name="prueba.spec.ts" timestamp="2025-02-03T07:41:32.338Z" hostname="chromium" tests="1" failures="1" skipped="0" time="360.135" errors="0">
<testcase name="1 Adt EcoLight - sin assitence › Ejecución completa con reintentos" classname="prueba.spec.ts" time="360.135">
<failure message="prueba.spec.ts:387:7 Ejecución completa con reintentos" type="FAILURE">
  [chromium] › prueba.spec.ts:387:7 › 1 Adt EcoLight - sin assitence › Ejecución completa con reintentos 

    Test timeout of 360000ms exceeded.

    Error: browserContext.close: Target page, context or browser has been closed

      356 |   } finally {
      357 |     if (page) await page.close();
    &gt; 358 |     if (context) await context.close();
          |                  ^
      359 |   }
      360 |
      361 |   return shouldContinueTests; // Return the status of the test execution
        at executeTests (C:\playwright-project\src\tests\prueba.spec.ts:358:18)
        at C:\playwright-project\src\tests\prueba.spec.ts:396:30

    attachment #1: screenshot (image/png) ──────────────────────────────────────────────────────────
    test-results\prueba-1-Adt-EcoLight---si-8e64c-ión-completa-con-reintentos-chromium\test-failed-1.png
    ────────────────────────────────────────────────────────────────────────────────────────────────

</failure>
<system-out>
Ejecución completa, intento 1 de 5
Ejecutando Booking, intento 1
Ejecutando Booking, intento 2
Fecha de salida seleccionada: { year: [32m'2025'[39m, month: [32m'7'[39m, index: [33m1[39m, value: [33m2[39m }
Fecha de regreso seleccionada: { year: [32m'2025'[39m, month: [32m'7'[39m, index: [33m2[39m, value: [33m3[39m }
Ajustando número de pasajeros
Successfully clicked the element: div.price-cabin:has-text("Economy")
Successfully clicked the element: div.price-cabin:has-text("Economy")
Ejecutando fillPassengerAdult 1, intento 1
Ejecutando fillContact, intento 1
Ejecutando fillSeat, intento 1
No hay asientos disponibles para ida
No hay asientos disponibles para vuelta
Ejecutando fillSeat, intento 2
Ejecutando fillSeat, intento 3

</system-out>
<system-err>
Error al gestionar el flujo de ida y vuelta: Error en la solicitud: 500
Intento 1 fallido en Booking: Error: Error en la solicitud: 500
    at postApiResponse [90m(C:\playwright-project\[39msrc\utils\apiHelper.ts:27:11[90m)[39m
    at selectRoundTripDates [90m(C:\playwright-project\[39msrc\page-objects\searchPage.ts:123:36[90m)[39m
    at chooseDate [90m(C:\playwright-project\[39msrc\tests\prueba.spec.ts:56:3[90m)[39m
    at global [90m(C:\playwright-project\[39msrc\tests\prueba.spec.ts:205:3[90m)[39m
    at runWithRetries [90m(C:\playwright-project\[39msrc\tests\prueba.spec.ts:218:7[90m)[39m
    at executeTests [90m(C:\playwright-project\[39msrc\tests\prueba.spec.ts:240:27[90m)[39m
    at [90mC:\playwright-project\[39msrc\tests\prueba.spec.ts:396:30
    at [90mC:\playwright-project\[39mnode_modules\[4mplaywright[24m\lib\worker\workerMain.js:339:9
    at [90mC:\playwright-project\[39mnode_modules\[4mplaywright[24m\lib\worker\testInfo.js:286:11
    at TimeoutManager.withRunnable [90m(C:\playwright-project\[39mnode_modules\[4mplaywright[24m\lib\worker\timeoutManager.js:64:14[90m)[39m
    at TestInfoImpl._runAsStage [90m(C:\playwright-project\[39mnode_modules\[4mplaywright[24m\lib\worker\testInfo.js:284:7[90m)[39m
    at [90mC:\playwright-project\[39mnode_modules\[4mplaywright[24m\lib\worker\workerMain.js:331:7
    at [90mC:\playwright-project\[39mnode_modules\[4mplaywright[24m\lib\worker\testInfo.js:286:11
    at TimeoutManager.withRunnable [90m(C:\playwright-project\[39mnode_modules\[4mplaywright[24m\lib\worker\timeoutManager.js:52:27[90m)[39m
    at TestInfoImpl._runAsStage [90m(C:\playwright-project\[39mnode_modules\[4mplaywright[24m\lib\worker\testInfo.js:284:7[90m)[39m
    at WorkerMain._runTest [90m(C:\playwright-project\[39mnode_modules\[4mplaywright[24m\lib\worker\workerMain.js:281:5[90m)[39m
    at WorkerMain.runTestGroup [90m(C:\playwright-project\[39mnode_modules\[4mplaywright[24m\lib\worker\workerMain.js:205:11[90m)[39m
    at process.&lt;anonymous&gt; [90m(C:\playwright-project\[39mnode_modules\[4mplaywright[24m\lib\common\process.js:95:22[90m)[39m
Intento 1 fallido en fillSeat: locator.click: Test ended.
Call log:
[2m  - waiting for getByRole('button', { name: 'Continue' })[22m

    at selectSeatsAndContinue [90m(C:\playwright-project\[39msrc\tests\prueba.spec.ts:155:56[90m)[39m
    at runWithRetries [90m(C:\playwright-project\[39msrc\tests\prueba.spec.ts:218:7[90m)[39m
    at executeTests [90m(C:\playwright-project\[39msrc\tests\prueba.spec.ts:310:31[90m)[39m
    at [90mC:\playwright-project\[39msrc\tests\prueba.spec.ts:396:30
Intento 2 fallido en fillSeat: page.waitForTimeout: Target page, context or browser has been closed
    at selectSeatsAndContinue [90m(C:\playwright-project\[39msrc\tests\prueba.spec.ts:144:14[90m)[39m
    at fn [90m(C:\playwright-project\[39msrc\tests\prueba.spec.ts:311:17[90m)[39m
    at runWithRetries [90m(C:\playwright-project\[39msrc\tests\prueba.spec.ts:218:13[90m)[39m
    at executeTests [90m(C:\playwright-project\[39msrc\tests\prueba.spec.ts:310:31[90m)[39m
    at [90mC:\playwright-project\[39msrc\tests\prueba.spec.ts:396:30
Intento 3 fallido en fillSeat: page.waitForTimeout: Target page, context or browser has been closed
    at selectSeatsAndContinue [90m(C:\playwright-project\[39msrc\tests\prueba.spec.ts:144:14[90m)[39m
    at fn [90m(C:\playwright-project\[39msrc\tests\prueba.spec.ts:311:17[90m)[39m
    at runWithRetries [90m(C:\playwright-project\[39msrc\tests\prueba.spec.ts:218:13[90m)[39m
    at executeTests [90m(C:\playwright-project\[39msrc\tests\prueba.spec.ts:310:31[90m)[39m
    at [90mC:\playwright-project\[39msrc\tests\prueba.spec.ts:396:30
Error crítico durante la ejecución: page.screenshot: Target page, context or browser has been closed
    at runWithRetries [90m(C:\playwright-project\[39msrc\tests\prueba.spec.ts:223:20[90m)[39m
    at executeTests [90m(C:\playwright-project\[39msrc\tests\prueba.spec.ts:310:31[90m)[39m
    at [90mC:\playwright-project\[39msrc\tests\prueba.spec.ts:396:30

Warning: attachment prueba-1-Adt-EcoLight---si-8e64c-ión-completa-con-reintentos-chromium\test-failed-1.png is missing
</system-err>
</testcase>
</testsuite>
</testsuites>