<?xml version='1.0' encoding='utf-8'?>
<testsuites id="" name="" tests="59" failures="8" skipped="0" errors="0" time="1207.330268">
<testsuite name="1TipsNoExtraNoSeat.spec.ts" timestamp="2025-01-30T07:32:22.292Z" hostname="chromium" tests="14" failures="2" skipped="0" time="1753.947" errors="0">
<testcase name="1. 1 Adt EcoLight - sin assitence › Ejecución completa con reintentos" classname="1TipsNoExtraNoSeat.spec.ts" time="295.474">
<system-out>
Ejecución completa, intento 1 de 5
Ejecutando Booking, intento 1
Fecha de salida seleccionada: { year: [32m'2025'[39m, month: [32m'6'[39m, index: [33m10[39m, value: [33m26[39m }
Ajustando número de pasajeros
Successfully clicked the element: div.price-cabin:has-text("Economy")
Ejecutando fillPassengerAdult 1, intento 1
Ejecutando fillContact, intento 1
Ejecutando payWithCard, intento 1
Iframe encontrado.
Ejecutando payWithCard, intento 1
Ejecutando payWithCard, intento 2
Ejecutando payWithCard, intento 3
Ejecución completa, intento 2 de 5
Ejecutando Booking, intento 1
Fecha de salida seleccionada: { year: [32m'2025'[39m, month: [32m'7'[39m, index: [33m0[39m, value: [33m1[39m }
Ajustando número de pasajeros
Successfully clicked the element: div.price-cabin:has-text("Economy")
Ejecutando fillPassengerAdult 1, intento 1
Ejecutando fillContact, intento 1
Ejecutando payWithCard, intento 1
Ejecutando payWithCard, intento 2
Ejecutando payWithCard, intento 3
Ejecución completa, intento 3 de 5
Ejecutando Booking, intento 1
Fecha de salida seleccionada: { year: [32m'2025'[39m, month: [32m'6'[39m, index: [33m4[39m, value: [33m12[39m }
Ajustando número de pasajeros
Successfully clicked the element: div.price-cabin:has-text("Economy")
Ejecutando fillPassengerAdult 1, intento 1
Ejecutando fillContact, intento 1
Ejecutando payWithCard, intento 1
Iframe encontrado.
Ejecutando payWithCard, intento 1
Ejecutando payWithCard, intento 2
Ejecutando payWithCard, intento 3
Successfully saved booking code M92V8 to Excel

</system-out>
<system-err>
Confirmation page validation failed: Flight Summary section not found on confirmation page
Intento 1 fallido en payWithCard: Error [ValidationError]: Flight Summary section not found on confirmation page
    at validationConfirmPage [90m(C:\playwright-project\[39msrc\page-objects\confirmation.ts:75:27[90m)[39m
    at validationConfirmationPage [90m(C:\playwright-project\[39msrc\tests\1TipsNoExtraNoSeat.spec.ts:91:3[90m)[39m
    at runWithRetries [90m(C:\playwright-project\[39msrc\tests\1TipsNoExtraNoSeat.spec.ts:122:7[90m)[39m
    at executeTests [90m(C:\playwright-project\[39msrc\tests\1TipsNoExtraNoSeat.spec.ts:222:29[90m)[39m
    at [90mC:\playwright-project\[39msrc\tests\1TipsNoExtraNoSeat.spec.ts:273:30
    at [90mC:\playwright-project\[39mnode_modules\[4mplaywright[24m\lib\worker\workerMain.js:339:9
    at [90mC:\playwright-project\[39mnode_modules\[4mplaywright[24m\lib\worker\testInfo.js:286:11
    at TimeoutManager.withRunnable [90m(C:\playwright-project\[39mnode_modules\[4mplaywright[24m\lib\worker\timeoutManager.js:64:14[90m)[39m
    at TestInfoImpl._runAsStage [90m(C:\playwright-project\[39mnode_modules\[4mplaywright[24m\lib\worker\testInfo.js:284:7[90m)[39m
    at [90mC:\playwright-project\[39mnode_modules\[4mplaywright[24m\lib\worker\workerMain.js:331:7
    at [90mC:\playwright-project\[39mnode_modules\[4mplaywright[24m\lib\worker\testInfo.js:286:11
    at TimeoutManager.withRunnable [90m(C:\playwright-project\[39mnode_modules\[4mplaywright[24m\lib\worker\timeoutManager.js:52:27[90m)[39m
    at TestInfoImpl._runAsStage [90m(C:\playwright-project\[39mnode_modules\[4mplaywright[24m\lib\worker\testInfo.js:284:7[90m)[39m
    at WorkerMain._runTest [90m(C:\playwright-project\[39mnode_modules\[4mplaywright[24m\lib\worker\workerMain.js:281:5[90m)[39m
    at WorkerMain.runTestGroup [90m(C:\playwright-project\[39mnode_modules\[4mplaywright[24m\lib\worker\workerMain.js:205:11[90m)[39m
    at process.&lt;anonymous&gt; [90m(C:\playwright-project\[39mnode_modules\[4mplaywright[24m\lib\common\process.js:95:22[90m)[39m {
  fatal: [33mtrue[39m
}
Confirmation page validation failed: Flight Summary section not found on confirmation page
Intento 2 fallido en payWithCard: Error [ValidationError]: Flight Summary section not found on confirmation page
    at validationConfirmPage [90m(C:\playwright-project\[39msrc\page-objects\confirmation.ts:75:27[90m)[39m
    at validationConfirmationPage [90m(C:\playwright-project\[39msrc\tests\1TipsNoExtraNoSeat.spec.ts:91:3[90m)[39m
    at runWithRetries [90m(C:\playwright-project\[39msrc\tests\1TipsNoExtraNoSeat.spec.ts:122:7[90m)[39m
    at executeTests [90m(C:\playwright-project\[39msrc\tests\1TipsNoExtraNoSeat.spec.ts:222:29[90m)[39m
    at [90mC:\playwright-project\[39msrc\tests\1TipsNoExtraNoSeat.spec.ts:273:30
    at [90mC:\playwright-project\[39mnode_modules\[4mplaywright[24m\lib\worker\workerMain.js:339:9
    at [90mC:\playwright-project\[39mnode_modules\[4mplaywright[24m\lib\worker\testInfo.js:286:11
    at TimeoutManager.withRunnable [90m(C:\playwright-project\[39mnode_modules\[4mplaywright[24m\lib\worker\timeoutManager.js:64:14[90m)[39m
    at TestInfoImpl._runAsStage [90m(C:\playwright-project\[39mnode_modules\[4mplaywright[24m\lib\worker\testInfo.js:284:7[90m)[39m
    at [90mC:\playwright-project\[39mnode_modules\[4mplaywright[24m\lib\worker\workerMain.js:331:7
    at [90mC:\playwright-project\[39mnode_modules\[4mplaywright[24m\lib\worker\testInfo.js:286:11
    at TimeoutManager.withRunnable [90m(C:\playwright-project\[39mnode_modules\[4mplaywright[24m\lib\worker\timeoutManager.js:52:27[90m)[39m
    at TestInfoImpl._runAsStage [90m(C:\playwright-project\[39mnode_modules\[4mplaywright[24m\lib\worker\testInfo.js:284:7[90m)[39m
    at WorkerMain._runTest [90m(C:\playwright-project\[39mnode_modules\[4mplaywright[24m\lib\worker\workerMain.js:281:5[90m)[39m
    at WorkerMain.runTestGroup [90m(C:\playwright-project\[39mnode_modules\[4mplaywright[24m\lib\worker\workerMain.js:205:11[90m)[39m
    at process.&lt;anonymous&gt; [90m(C:\playwright-project\[39mnode_modules\[4mplaywright[24m\lib\common\process.js:95:22[90m)[39m {
  fatal: [33mtrue[39m
}
Confirmation page validation failed: Flight Summary section not found on confirmation page
Intento 3 fallido en payWithCard: Error [ValidationError]: Flight Summary section not found on confirmation page
    at validationConfirmPage [90m(C:\playwright-project\[39msrc\page-objects\confirmation.ts:75:27[90m)[39m
    at validationConfirmationPage [90m(C:\playwright-project\[39msrc\tests\1TipsNoExtraNoSeat.spec.ts:91:3[90m)[39m
    at runWithRetries [90m(C:\playwright-project\[39msrc\tests\1TipsNoExtraNoSeat.spec.ts:122:7[90m)[39m
    at executeTests [90m(C:\playwright-project\[39msrc\tests\1TipsNoExtraNoSeat.spec.ts:222:29[90m)[39m
    at [90mC:\playwright-project\[39msrc\tests\1TipsNoExtraNoSeat.spec.ts:273:30
    at [90mC:\playwright-project\[39mnode_modules\[4mplaywright[24m\lib\worker\workerMain.js:339:9
    at [90mC:\playwright-project\[39mnode_modules\[4mplaywright[24m\lib\worker\testInfo.js:286:11
    at TimeoutManager.withRunnable [90m(C:\playwright-project\[39mnode_modules\[4mplaywright[24m\lib\worker\timeoutManager.js:64:14[90m)[39m
    at TestInfoImpl._runAsStage [90m(C:\playwright-project\[39mnode_modules\[4mplaywright[24m\lib\worker\testInfo.js:284:7[90m)[39m
    at [90mC:\playwright-project\[39mnode_modules\[4mplaywright[24m\lib\worker\workerMain.js:331:7
    at [90mC:\playwright-project\[39mnode_modules\[4mplaywright[24m\lib\worker\testInfo.js:286:11
    at TimeoutManager.withRunnable [90m(C:\playwright-project\[39mnode_modules\[4mplaywright[24m\lib\worker\timeoutManager.js:52:27[90m)[39m
    at TestInfoImpl._runAsStage [90m(C:\playwright-project\[39mnode_modules\[4mplaywright[24m\lib\worker\testInfo.js:284:7[90m)[39m
    at WorkerMain._runTest [90m(C:\playwright-project\[39mnode_modules\[4mplaywright[24m\lib\worker\workerMain.js:281:5[90m)[39m
    at WorkerMain.runTestGroup [90m(C:\playwright-project\[39mnode_modules\[4mplaywright[24m\lib\worker\workerMain.js:205:11[90m)[39m
    at process.&lt;anonymous&gt; [90m(C:\playwright-project\[39mnode_modules\[4mplaywright[24m\lib\common\process.js:95:22[90m)[39m {
  fatal: [33mtrue[39m
}
Prueba payWithCard fallida después de 3 intentos.
Error while handling iframe payment: page.waitForSelector: Timeout 60000ms exceeded.
Call log:
[2m  - waiting for locator('iframe[title="Iframe for expiry date"]') to be visible[22m
[2m    - waiting for" https://lv-fndoor-ecommerce-sbx-ghdubdbgdtcsane6.a01.azurefd.net/nwe/payment/?forcedCulture=en" navigation to finish...[22m
[2m    - navigated to "https://lv-fndoor-ecommerce-sbx-ghdubdbgdtcsane6.a01.azurefd.net/nwe/payment/?forcedCulture=en"[22m

    at payWithCard [90m(C:\playwright-project\[39msrc\page-objects\paymentPage.ts:4:20[90m)[39m
    at payWithCardInformation [90m(C:\playwright-project\[39msrc\tests\1TipsNoExtraNoSeat.spec.ts:86:22[90m)[39m
    at fn [90m(C:\playwright-project\[39msrc\tests\1TipsNoExtraNoSeat.spec.ts:213:15[90m)[39m
    at runWithRetries [90m(C:\playwright-project\[39msrc\tests\1TipsNoExtraNoSeat.spec.ts:122:13[90m)[39m
    at executeTests [90m(C:\playwright-project\[39msrc\tests\1TipsNoExtraNoSeat.spec.ts:212:35[90m)[39m
    at [90mC:\playwright-project\[39msrc\tests\1TipsNoExtraNoSeat.spec.ts:273:30 {
  name: [32m'TimeoutError'[39m,
  [[32mSymbol(step)[39m]: {
    stepId: [32m'pw:api@131'[39m,
    location: {
      file: [32m'C:\\playwright-project\\src\\page-objects\\paymentPage.ts'[39m,
      line: [33m4[39m,
      column: [33m20[39m,
      function: [32m'payWithCard'[39m
    },
    category: [32m'pw:api'[39m,
    title: [32m'page.waitForSelector(iframe[title="Iframe for expiry date"])'[39m,
    apiName: [32m'page.waitForSelector'[39m,
    params: {
      selector: [32m'iframe[title="Iframe for expiry date"]'[39m,
      timeout: [33m60000[39m
    },
    boxedStack: [90mundefined[39m,
    steps: [],
    complete: [36m[Function: complete][39m,
    endWallTime: [33m1738222480969[39m,
    error: {
      message: [32m'TimeoutError: page.waitForSelector: Timeout 60000ms exceeded.\n'[39m +
        [32m'Call log:\n'[39m +
        [32m`\x1B[2m  - waiting for locator('iframe[title="Iframe for expiry date"]') to be visible\x1B[22m\n`[39m +
        [32m'\x1B[2m    - waiting for" https://lv-fndoor-ecommerce-sbx-ghdubdbgdtcsane6.a01.azurefd.net/nwe/payment/?forcedCulture=en" navigation to finish...\x1B[22m\n'[39m +
        [32m'\x1B[2m    - navigated to "https://lv-fndoor-ecommerce-sbx-ghdubdbgdtcsane6.a01.azurefd.net/nwe/payment/?forcedCulture=en"\x1B[22m\n'[39m,
      stack: [32m'TimeoutError: page.waitForSelector: Timeout 60000ms exceeded.\n'[39m +
        [32m'Call log:\n'[39m +
        [32m`\x1B[2m  - waiting for locator('iframe[title="Iframe for expiry date"]') to be visible\x1B[22m\n`[39m +
        [32m'\x1B[2m    - waiting for" https://lv-fndoor-ecommerce-sbx-ghdubdbgdtcsane6.a01.azurefd.net/nwe/payment/?forcedCulture=en" navigation to finish...\x1B[22m\n'[39m +
        [32m'\x1B[2m    - navigated to "https://lv-fndoor-ecommerce-sbx-ghdubdbgdtcsane6.a01.azurefd.net/nwe/payment/?forcedCulture=en"\x1B[22m\n'[39m +
        [32m'\n'[39m +
        [32m'    at payWithCard (C:\\playwright-project\\src\\page-objects\\paymentPage.ts:4:20)\n'[39m +
        [32m'    at payWithCardInformation (C:\\playwright-project\\src\\tests\\1TipsNoExtraNoSeat.spec.ts:86:22)\n'[39m +
        [32m'    at fn (C:\\playwright-project\\src\\tests\\1TipsNoExtraNoSeat.spec.ts:213:15)\n'[39m +
        [32m'    at runWithRetries (C:\\playwright-project\\src\\tests\\1TipsNoExtraNoSeat.spec.ts:122:13)\n'[39m +
        [32m'    at executeTests (C:\\playwright-project\\src\\tests\\1TipsNoExtraNoSeat.spec.ts:212:35)\n'[39m +
        [32m'    at C:\\playwright-project\\src\\tests\\1TipsNoExtraNoSeat.spec.ts:273:30'[39m,
      cause: [90mundefined[39m
    }
  }
}
Intento 1 fallido en payWithCard: page.waitForSelector: Timeout 60000ms exceeded.
Call log:
[2m  - waiting for locator('iframe[title="Iframe for expiry date"]') to be visible[22m
[2m    - waiting for" https://lv-fndoor-ecommerce-sbx-ghdubdbgdtcsane6.a01.azurefd.net/nwe/payment/?forcedCulture=en" navigation to finish...[22m
[2m    - navigated to "https://lv-fndoor-ecommerce-sbx-ghdubdbgdtcsane6.a01.azurefd.net/nwe/payment/?forcedCulture=en"[22m

    at payWithCard [90m(C:\playwright-project\[39msrc\page-objects\paymentPage.ts:4:20[90m)[39m
    at payWithCardInformation [90m(C:\playwright-project\[39msrc\tests\1TipsNoExtraNoSeat.spec.ts:86:22[90m)[39m
    at fn [90m(C:\playwright-project\[39msrc\tests\1TipsNoExtraNoSeat.spec.ts:213:15[90m)[39m
    at runWithRetries [90m(C:\playwright-project\[39msrc\tests\1TipsNoExtraNoSeat.spec.ts:122:13[90m)[39m
    at executeTests [90m(C:\playwright-project\[39msrc\tests\1TipsNoExtraNoSeat.spec.ts:212:35[90m)[39m
    at [90mC:\playwright-project\[39msrc\tests\1TipsNoExtraNoSeat.spec.ts:273:30 {
  name: [32m'TimeoutError'[39m,
  [[32mSymbol(step)[39m]: {
    stepId: [32m'pw:api@131'[39m,
    location: {
      file: [32m'C:\\playwright-project\\src\\page-objects\\paymentPage.ts'[39m,
      line: [33m4[39m,
      column: [33m20[39m,
      function: [32m'payWithCard'[39m
    },
    category: [32m'pw:api'[39m,
    title: [32m'page.waitForSelector(iframe[title="Iframe for expiry date"])'[39m,
    apiName: [32m'page.waitForSelector'[39m,
    params: {
      selector: [32m'iframe[title="Iframe for expiry date"]'[39m,
      timeout: [33m60000[39m
    },
    boxedStack: [90mundefined[39m,
    steps: [],
    complete: [36m[Function: complete][39m,
    endWallTime: [33m1738222480969[39m,
    error: {
      message: [32m'TimeoutError: page.waitForSelector: Timeout 60000ms exceeded.\n'[39m +
        [32m'Call log:\n'[39m +
        [32m`\x1B[2m  - waiting for locator('iframe[title="Iframe for expiry date"]') to be visible\x1B[22m\n`[39m +
        [32m'\x1B[2m    - waiting for" https://lv-fndoor-ecommerce-sbx-ghdubdbgdtcsane6.a01.azurefd.net/nwe/payment/?forcedCulture=en" navigation to finish...\x1B[22m\n'[39m +
        [32m'\x1B[2m    - navigated to "https://lv-fndoor-ecommerce-sbx-ghdubdbgdtcsane6.a01.azurefd.net/nwe/payment/?forcedCulture=en"\x1B[22m\n'[39m,
      stack: [32m'TimeoutError: page.waitForSelector: Timeout 60000ms exceeded.\n'[39m +
        [32m'Call log:\n'[39m +
        [32m`\x1B[2m  - waiting for locator('iframe[title="Iframe for expiry date"]') to be visible\x1B[22m\n`[39m +
        [32m'\x1B[2m    - waiting for" https://lv-fndoor-ecommerce-sbx-ghdubdbgdtcsane6.a01.azurefd.net/nwe/payment/?forcedCulture=en" navigation to finish...\x1B[22m\n'[39m +
        [32m'\x1B[2m    - navigated to "https://lv-fndoor-ecommerce-sbx-ghdubdbgdtcsane6.a01.azurefd.net/nwe/payment/?forcedCulture=en"\x1B[22m\n'[39m +
        [32m'\n'[39m +
        [32m'    at payWithCard (C:\\playwright-project\\src\\page-objects\\paymentPage.ts:4:20)\n'[39m +
        [32m'    at payWithCardInformation (C:\\playwright-project\\src\\tests\\1TipsNoExtraNoSeat.spec.ts:86:22)\n'[39m +
        [32m'    at fn (C:\\playwright-project\\src\\tests\\1TipsNoExtraNoSeat.spec.ts:213:15)\n'[39m +
        [32m'    at runWithRetries (C:\\playwright-project\\src\\tests\\1TipsNoExtraNoSeat.spec.ts:122:13)\n'[39m +
        [32m'    at executeTests (C:\\playwright-project\\src\\tests\\1TipsNoExtraNoSeat.spec.ts:212:35)\n'[39m +
        [32m'    at C:\\playwright-project\\src\\tests\\1TipsNoExtraNoSeat.spec.ts:273:30'[39m,
      cause: [90mundefined[39m
    }
  }
}
Error while handling iframe payment: page.waitForSelector: Timeout 60000ms exceeded.
Call log:
[2m  - waiting for locator('iframe[title="Iframe for expiry date"]') to be visible[22m

    at payWithCard [90m(C:\playwright-project\[39msrc\page-objects\paymentPage.ts:4:20[90m)[39m
    at payWithCardInformation [90m(C:\playwright-project\[39msrc\tests\1TipsNoExtraNoSeat.spec.ts:86:22[90m)[39m
    at fn [90m(C:\playwright-project\[39msrc\tests\1TipsNoExtraNoSeat.spec.ts:213:15[90m)[39m
    at runWithRetries [90m(C:\playwright-project\[39msrc\tests\1TipsNoExtraNoSeat.spec.ts:122:13[90m)[39m
    at executeTests [90m(C:\playwright-project\[39msrc\tests\1TipsNoExtraNoSeat.spec.ts:212:29[90m)[39m
    at [90mC:\playwright-project\[39msrc\tests\1TipsNoExtraNoSeat.spec.ts:273:30 {
  name: [32m'TimeoutError'[39m,
  [[32mSymbol(step)[39m]: {
    stepId: [32m'pw:api@132'[39m,
    location: {
      file: [32m'C:\\playwright-project\\src\\page-objects\\paymentPage.ts'[39m,
      line: [33m4[39m,
      column: [33m20[39m,
      function: [32m'payWithCard'[39m
    },
    category: [32m'pw:api'[39m,
    title: [32m'page.waitForSelector(iframe[title="Iframe for expiry date"])'[39m,
    apiName: [32m'page.waitForSelector'[39m,
    params: {
      selector: [32m'iframe[title="Iframe for expiry date"]'[39m,
      timeout: [33m60000[39m
    },
    boxedStack: [90mundefined[39m,
    steps: [],
    complete: [36m[Function: complete][39m,
    endWallTime: [33m1738222540993[39m,
    error: {
      message: [32m'TimeoutError: page.waitForSelector: Timeout 60000ms exceeded.\n'[39m +
        [32m'Call log:\n'[39m +
        [32m`\x1B[2m  - waiting for locator('iframe[title="Iframe for expiry date"]') to be visible\x1B[22m\n`[39m,
      stack: [32m'TimeoutError: page.waitForSelector: Timeout 60000ms exceeded.\n'[39m +
        [32m'Call log:\n'[39m +
        [32m`\x1B[2m  - waiting for locator('iframe[title="Iframe for expiry date"]') to be visible\x1B[22m\n`[39m +
        [32m'\n'[39m +
        [32m'    at payWithCard (C:\\playwright-project\\src\\page-objects\\paymentPage.ts:4:20)\n'[39m +
        [32m'    at payWithCardInformation (C:\\playwright-project\\src\\tests\\1TipsNoExtraNoSeat.spec.ts:86:22)\n'[39m +
        [32m'    at fn (C:\\playwright-project\\src\\tests\\1TipsNoExtraNoSeat.spec.ts:213:15)\n'[39m +
        [32m'    at runWithRetries (C:\\playwright-project\\src\\tests\\1TipsNoExtraNoSeat.spec.ts:122:13)\n'[39m +
        [32m'    at executeTests (C:\\playwright-project\\src\\tests\\1TipsNoExtraNoSeat.spec.ts:212:29)\n'[39m +
        [32m'    at C:\\playwright-project\\src\\tests\\1TipsNoExtraNoSeat.spec.ts:273:30'[39m,
      cause: [90mundefined[39m
    }
  }
}
Intento 2 fallido en payWithCard: page.waitForSelector: Timeout 60000ms exceeded.
Call log:
[2m  - waiting for locator('iframe[title="Iframe for expiry date"]') to be visible[22m

    at payWithCard [90m(C:\playwright-project\[39msrc\page-objects\paymentPage.ts:4:20[90m)[39m
    at payWithCardInformation [90m(C:\playwright-project\[39msrc\tests\1TipsNoExtraNoSeat.spec.ts:86:22[90m)[39m
    at fn [90m(C:\playwright-project\[39msrc\tests\1TipsNoExtraNoSeat.spec.ts:213:15[90m)[39m
    at runWithRetries [90m(C:\playwright-project\[39msrc\tests\1TipsNoExtraNoSeat.spec.ts:122:13[90m)[39m
    at executeTests [90m(C:\playwright-project\[39msrc\tests\1TipsNoExtraNoSeat.spec.ts:212:29[90m)[39m
    at [90mC:\playwright-project\[39msrc\tests\1TipsNoExtraNoSeat.spec.ts:273:30 {
  name: [32m'TimeoutError'[39m,
  [[32mSymbol(step)[39m]: {
    stepId: [32m'pw:api@132'[39m,
    location: {
      file: [32m'C:\\playwright-project\\src\\page-objects\\paymentPage.ts'[39m,
      line: [33m4[39m,
      column: [33m20[39m,
      function: [32m'payWithCard'[39m
    },
    category: [32m'pw:api'[39m,
    title: [32m'page.waitForSelector(iframe[title="Iframe for expiry date"])'[39m,
    apiName: [32m'page.waitForSelector'[39m,
    params: {
      selector: [32m'iframe[title="Iframe for expiry date"]'[39m,
      timeout: [33m60000[39m
    },
    boxedStack: [90mundefined[39m,
    steps: [],
    complete: [36m[Function: complete][39m,
    endWallTime: [33m1738222540993[39m,
    error: {
      message: [32m'TimeoutError: page.waitForSelector: Timeout 60000ms exceeded.\n'[39m +
        [32m'Call log:\n'[39m +
        [32m`\x1B[2m  - waiting for locator('iframe[title="Iframe for expiry date"]') to be visible\x1B[22m\n`[39m,
      stack: [32m'TimeoutError: page.waitForSelector: Timeout 60000ms exceeded.\n'[39m +
        [32m'Call log:\n'[39m +
        [32m`\x1B[2m  - waiting for locator('iframe[title="Iframe for expiry date"]') to be visible\x1B[22m\n`[39m +
        [32m'\n'[39m +
        [32m'    at payWithCard (C:\\playwright-project\\src\\page-objects\\paymentPage.ts:4:20)\n'[39m +
        [32m'    at payWithCardInformation (C:\\playwright-project\\src\\tests\\1TipsNoExtraNoSeat.spec.ts:86:22)\n'[39m +
        [32m'    at fn (C:\\playwright-project\\src\\tests\\1TipsNoExtraNoSeat.spec.ts:213:15)\n'[39m +
        [32m'    at runWithRetries (C:\\playwright-project\\src\\tests\\1TipsNoExtraNoSeat.spec.ts:122:13)\n'[39m +
        [32m'    at executeTests (C:\\playwright-project\\src\\tests\\1TipsNoExtraNoSeat.spec.ts:212:29)\n'[39m +
        [32m'    at C:\\playwright-project\\src\\tests\\1TipsNoExtraNoSeat.spec.ts:273:30'[39m,
      cause: [90mundefined[39m
    }
  }
}
Error while handling iframe payment: page.waitForSelector: Timeout 60000ms exceeded.
Call log:
[2m  - waiting for locator('iframe[title="Iframe for expiry date"]') to be visible[22m

    at payWithCard [90m(C:\playwright-project\[39msrc\page-objects\paymentPage.ts:4:20[90m)[39m
    at payWithCardInformation [90m(C:\playwright-project\[39msrc\tests\1TipsNoExtraNoSeat.spec.ts:86:22[90m)[39m
    at fn [90m(C:\playwright-project\[39msrc\tests\1TipsNoExtraNoSeat.spec.ts:213:15[90m)[39m
    at runWithRetries [90m(C:\playwright-project\[39msrc\tests\1TipsNoExtraNoSeat.spec.ts:122:13[90m)[39m
    at executeTests [90m(C:\playwright-project\[39msrc\tests\1TipsNoExtraNoSeat.spec.ts:212:29[90m)[39m
    at [90mC:\playwright-project\[39msrc\tests\1TipsNoExtraNoSeat.spec.ts:273:30 {
  name: [32m'TimeoutError'[39m,
  [[32mSymbol(step)[39m]: {
    stepId: [32m'pw:api@133'[39m,
    location: {
      file: [32m'C:\\playwright-project\\src\\page-objects\\paymentPage.ts'[39m,
      line: [33m4[39m,
      column: [33m20[39m,
      function: [32m'payWithCard'[39m
    },
    category: [32m'pw:api'[39m,
    title: [32m'page.waitForSelector(iframe[title="Iframe for expiry date"])'[39m,
    apiName: [32m'page.waitForSelector'[39m,
    params: {
      selector: [32m'iframe[title="Iframe for expiry date"]'[39m,
      timeout: [33m60000[39m
    },
    boxedStack: [90mundefined[39m,
    steps: [],
    complete: [36m[Function: complete][39m,
    endWallTime: [33m1738222601009[39m,
    error: {
      message: [32m'TimeoutError: page.waitForSelector: Timeout 60000ms exceeded.\n'[39m +
        [32m'Call log:\n'[39m +
        [32m`\x1B[2m  - waiting for locator('iframe[title="Iframe for expiry date"]') to be visible\x1B[22m\n`[39m,
      stack: [32m'TimeoutError: page.waitForSelector: Timeout 60000ms exceeded.\n'[39m +
        [32m'Call log:\n'[39m +
        [32m`\x1B[2m  - waiting for locator('iframe[title="Iframe for expiry date"]') to be visible\x1B[22m\n`[39m +
        [32m'\n'[39m +
        [32m'    at payWithCard (C:\\playwright-project\\src\\page-objects\\paymentPage.ts:4:20)\n'[39m +
        [32m'    at payWithCardInformation (C:\\playwright-project\\src\\tests\\1TipsNoExtraNoSeat.spec.ts:86:22)\n'[39m +
        [32m'    at fn (C:\\playwright-project\\src\\tests\\1TipsNoExtraNoSeat.spec.ts:213:15)\n'[39m +
        [32m'    at runWithRetries (C:\\playwright-project\\src\\tests\\1TipsNoExtraNoSeat.spec.ts:122:13)\n'[39m +
        [32m'    at executeTests (C:\\playwright-project\\src\\tests\\1TipsNoExtraNoSeat.spec.ts:212:29)\n'[39m +
        [32m'    at C:\\playwright-project\\src\\tests\\1TipsNoExtraNoSeat.spec.ts:273:30'[39m,
      cause: [90mundefined[39m
    }
  }
}
Intento 3 fallido en payWithCard: page.waitForSelector: Timeout 60000ms exceeded.
Call log:
[2m  - waiting for locator('iframe[title="Iframe for expiry date"]') to be visible[22m

    at payWithCard [90m(C:\playwright-project\[39msrc\page-objects\paymentPage.ts:4:20[90m)[39m
    at payWithCardInformation [90m(C:\playwright-project\[39msrc\tests\1TipsNoExtraNoSeat.spec.ts:86:22[90m)[39m
    at fn [90m(C:\playwright-project\[39msrc\tests\1TipsNoExtraNoSeat.spec.ts:213:15[90m)[39m
    at runWithRetries [90m(C:\playwright-project\[39msrc\tests\1TipsNoExtraNoSeat.spec.ts:122:13[90m)[39m
    at executeTests [90m(C:\playwright-project\[39msrc\tests\1TipsNoExtraNoSeat.spec.ts:212:29[90m)[39m
    at [90mC:\playwright-project\[39msrc\tests\1TipsNoExtraNoSeat.spec.ts:273:30 {
  name: [32m'TimeoutError'[39m,
  [[32mSymbol(step)[39m]: {
    stepId: [32m'pw:api@133'[39m,
    location: {
      file: [32m'C:\\playwright-project\\src\\page-objects\\paymentPage.ts'[39m,
      line: [33m4[39m,
      column: [33m20[39m,
      function: [32m'payWithCard'[39m
    },
    category: [32m'pw:api'[39m,
    title: [32m'page.waitForSelector(iframe[title="Iframe for expiry date"])'[39m,
    apiName: [32m'page.waitForSelector'[39m,
    params: {
      selector: [32m'iframe[title="Iframe for expiry date"]'[39m,
      timeout: [33m60000[39m
    },
    boxedStack: [90mundefined[39m,
    steps: [],
    complete: [36m[Function: complete][39m,
    endWallTime: [33m1738222601009[39m,
    error: {
      message: [32m'TimeoutError: page.waitForSelector: Timeout 60000ms exceeded.\n'[39m +
        [32m'Call log:\n'[39m +
        [32m`\x1B[2m  - waiting for locator('iframe[title="Iframe for expiry date"]') to be visible\x1B[22m\n`[39m,
      stack: [32m'TimeoutError: page.waitForSelector: Timeout 60000ms exceeded.\n'[39m +
        [32m'Call log:\n'[39m +
        [32m`\x1B[2m  - waiting for locator('iframe[title="Iframe for expiry date"]') to be visible\x1B[22m\n`[39m +
        [32m'\n'[39m +
        [32m'    at payWithCard (C:\\playwright-project\\src\\page-objects\\paymentPage.ts:4:20)\n'[39m +
        [32m'    at payWithCardInformation (C:\\playwright-project\\src\\tests\\1TipsNoExtraNoSeat.spec.ts:86:22)\n'[39m +
        [32m'    at fn (C:\\playwright-project\\src\\tests\\1TipsNoExtraNoSeat.spec.ts:213:15)\n'[39m +
        [32m'    at runWithRetries (C:\\playwright-project\\src\\tests\\1TipsNoExtraNoSeat.spec.ts:122:13)\n'[39m +
        [32m'    at executeTests (C:\\playwright-project\\src\\tests\\1TipsNoExtraNoSeat.spec.ts:212:29)\n'[39m +
        [32m'    at C:\\playwright-project\\src\\tests\\1TipsNoExtraNoSeat.spec.ts:273:30'[39m,
      cause: [90mundefined[39m
    }
  }
}
Prueba payWithCard fallida después de 3 intentos.
Confirmation page validation failed: Flight Summary section not found on confirmation page
Intento 1 fallido en payWithCard: Error [ValidationError]: Flight Summary section not found on confirmation page
    at validationConfirmPage [90m(C:\playwright-project\[39msrc\page-objects\confirmation.ts:75:27[90m)[39m
[90m    at runNextTicks (node:internal/process/task_queues:65:5)[39m
[90m    at processImmediate (node:internal/timers:459:9)[39m
[90m    at process.callbackTrampoline (node:internal/async_hooks:130:17)[39m
    at validationConfirmationPage [90m(C:\playwright-project\[39msrc\tests\1TipsNoExtraNoSeat.spec.ts:91:3[90m)[39m
    at runWithRetries [90m(C:\playwright-project\[39msrc\tests\1TipsNoExtraNoSeat.spec.ts:122:7[90m)[39m
    at executeTests [90m(C:\playwright-project\[39msrc\tests\1TipsNoExtraNoSeat.spec.ts:222:29[90m)[39m
    at [90mC:\playwright-project\[39msrc\tests\1TipsNoExtraNoSeat.spec.ts:273:30
    at [90mC:\playwright-project\[39mnode_modules\[4mplaywright[24m\lib\worker\workerMain.js:339:9
    at [90mC:\playwright-project\[39mnode_modules\[4mplaywright[24m\lib\worker\testInfo.js:286:11
    at TimeoutManager.withRunnable [90m(C:\playwright-project\[39mnode_modules\[4mplaywright[24m\lib\worker\timeoutManager.js:64:14[90m)[39m
    at TestInfoImpl._runAsStage [90m(C:\playwright-project\[39mnode_modules\[4mplaywright[24m\lib\worker\testInfo.js:284:7[90m)[39m
    at [90mC:\playwright-project\[39mnode_modules\[4mplaywright[24m\lib\worker\workerMain.js:331:7
    at [90mC:\playwright-project\[39mnode_modules\[4mplaywright[24m\lib\worker\testInfo.js:286:11
    at TimeoutManager.withRunnable [90m(C:\playwright-project\[39mnode_modules\[4mplaywright[24m\lib\worker\timeoutManager.js:52:27[90m)[39m
    at TestInfoImpl._runAsStage [90m(C:\playwright-project\[39mnode_modules\[4mplaywright[24m\lib\worker\testInfo.js:284:7[90m)[39m
    at WorkerMain._runTest [90m(C:\playwright-project\[39mnode_modules\[4mplaywright[24m\lib\worker\workerMain.js:281:5[90m)[39m
    at WorkerMain.runTestGroup [90m(C:\playwright-project\[39mnode_modules\[4mplaywright[24m\lib\worker\workerMain.js:205:11[90m)[39m
    at process.&lt;anonymous&gt; [90m(C:\playwright-project\[39mnode_modules\[4mplaywright[24m\lib\common\process.js:95:22[90m)[39m {
  fatal: [33mtrue[39m
}
Confirmation page validation failed: Not on confirmation page URL
Intento 2 fallido en payWithCard: Error [ValidationError]: Not on confirmation page URL
    at validationConfirmPage [90m(C:\playwright-project\[39msrc\page-objects\confirmation.ts:83:27[90m)[39m
    at validationConfirmationPage [90m(C:\playwright-project\[39msrc\tests\1TipsNoExtraNoSeat.spec.ts:91:3[90m)[39m
    at runWithRetries [90m(C:\playwright-project\[39msrc\tests\1TipsNoExtraNoSeat.spec.ts:122:7[90m)[39m
    at executeTests [90m(C:\playwright-project\[39msrc\tests\1TipsNoExtraNoSeat.spec.ts:222:29[90m)[39m
    at [90mC:\playwright-project\[39msrc\tests\1TipsNoExtraNoSeat.spec.ts:273:30
    at [90mC:\playwright-project\[39mnode_modules\[4mplaywright[24m\lib\worker\workerMain.js:339:9
    at [90mC:\playwright-project\[39mnode_modules\[4mplaywright[24m\lib\worker\testInfo.js:286:11
    at TimeoutManager.withRunnable [90m(C:\playwright-project\[39mnode_modules\[4mplaywright[24m\lib\worker\timeoutManager.js:64:14[90m)[39m
    at TestInfoImpl._runAsStage [90m(C:\playwright-project\[39mnode_modules\[4mplaywright[24m\lib\worker\testInfo.js:284:7[90m)[39m
    at [90mC:\playwright-project\[39mnode_modules\[4mplaywright[24m\lib\worker\workerMain.js:331:7
    at [90mC:\playwright-project\[39mnode_modules\[4mplaywright[24m\lib\worker\testInfo.js:286:11
    at TimeoutManager.withRunnable [90m(C:\playwright-project\[39mnode_modules\[4mplaywright[24m\lib\worker\timeoutManager.js:52:27[90m)[39m
    at TestInfoImpl._runAsStage [90m(C:\playwright-project\[39mnode_modules\[4mplaywright[24m\lib\worker\testInfo.js:284:7[90m)[39m
    at WorkerMain._runTest [90m(C:\playwright-project\[39mnode_modules\[4mplaywright[24m\lib\worker\workerMain.js:281:5[90m)[39m
    at WorkerMain.runTestGroup [90m(C:\playwright-project\[39mnode_modules\[4mplaywright[24m\lib\worker\workerMain.js:205:11[90m)[39m
    at process.&lt;anonymous&gt; [90m(C:\playwright-project\[39mnode_modules\[4mplaywright[24m\lib\common\process.js:95:22[90m)[39m {
  fatal: [33mtrue[39m
}

</system-err>
</testcase>
<testcase name="2. Compra 2 Adulto (Diferente) Economy Light - Economy Light - Nombre con caracteres especiales - sin assitence - sin asiento - sin extras › Ejecución completa con reintentos" classname="1TipsNoExtraNoSeat.spec.ts" time="65.815">
<system-out>
Ejecución completa, intento 1 de 5
Ejecutando Booking, intento 1
Fecha de salida seleccionada: { year: [32m'2025'[39m, month: [32m'6'[39m, index: [33m0[39m, value: [33m3[39m }
Ajustando número de pasajeros
Successfully clicked the element: div.price-cabin:has-text("Economy")
Ejecutando fillPassengerAdult 1, intento 1
Ejecutando fillPassengerAdult 2, intento 1
Ejecutando fillContact, intento 1
Ejecutando payWithCard, intento 1
Iframe encontrado.
Ejecutando payWithCard, intento 1
Ejecutando payWithCard, intento 2
Ejecutando payWithCard, intento 3
Successfully saved booking code M92SW to Excel

</system-out>
<system-err>
Confirmation page validation failed: Flight Summary section not found on confirmation page
Intento 1 fallido en payWithCard: Error [ValidationError]: Flight Summary section not found on confirmation page
    at validationConfirmPage [90m(C:\playwright-project\[39msrc\page-objects\confirmation.ts:75:27[90m)[39m
[90m    at runNextTicks (node:internal/process/task_queues:65:5)[39m
[90m    at processImmediate (node:internal/timers:459:9)[39m
[90m    at process.callbackTrampoline (node:internal/async_hooks:130:17)[39m
    at validationConfirmationPage [90m(C:\playwright-project\[39msrc\tests\1TipsNoExtraNoSeat.spec.ts:91:3[90m)[39m
    at runWithRetries [90m(C:\playwright-project\[39msrc\tests\1TipsNoExtraNoSeat.spec.ts:122:7[90m)[39m
    at executeTests [90m(C:\playwright-project\[39msrc\tests\1TipsNoExtraNoSeat.spec.ts:222:29[90m)[39m
    at [90mC:\playwright-project\[39msrc\tests\1TipsNoExtraNoSeat.spec.ts:313:30
    at [90mC:\playwright-project\[39mnode_modules\[4mplaywright[24m\lib\worker\workerMain.js:339:9
    at [90mC:\playwright-project\[39mnode_modules\[4mplaywright[24m\lib\worker\testInfo.js:286:11
    at TimeoutManager.withRunnable [90m(C:\playwright-project\[39mnode_modules\[4mplaywright[24m\lib\worker\timeoutManager.js:64:14[90m)[39m
    at TestInfoImpl._runAsStage [90m(C:\playwright-project\[39mnode_modules\[4mplaywright[24m\lib\worker\testInfo.js:284:7[90m)[39m
    at [90mC:\playwright-project\[39mnode_modules\[4mplaywright[24m\lib\worker\workerMain.js:331:7
    at [90mC:\playwright-project\[39mnode_modules\[4mplaywright[24m\lib\worker\testInfo.js:286:11
    at TimeoutManager.withRunnable [90m(C:\playwright-project\[39mnode_modules\[4mplaywright[24m\lib\worker\timeoutManager.js:52:27[90m)[39m
    at TestInfoImpl._runAsStage [90m(C:\playwright-project\[39mnode_modules\[4mplaywright[24m\lib\worker\testInfo.js:284:7[90m)[39m
    at WorkerMain._runTest [90m(C:\playwright-project\[39mnode_modules\[4mplaywright[24m\lib\worker\workerMain.js:281:5[90m)[39m
    at WorkerMain.runTestGroup [90m(C:\playwright-project\[39mnode_modules\[4mplaywright[24m\lib\worker\workerMain.js:205:11[90m)[39m
    at process.&lt;anonymous&gt; [90m(C:\playwright-project\[39mnode_modules\[4mplaywright[24m\lib\common\process.js:95:22[90m)[39m {
  fatal: [33mtrue[39m
}
Confirmation page validation failed: Not on confirmation page URL
Intento 2 fallido en payWithCard: Error [ValidationError]: Not on confirmation page URL
    at validationConfirmPage [90m(C:\playwright-project\[39msrc\page-objects\confirmation.ts:83:27[90m)[39m
    at validationConfirmationPage [90m(C:\playwright-project\[39msrc\tests\1TipsNoExtraNoSeat.spec.ts:91:3[90m)[39m
    at runWithRetries [90m(C:\playwright-project\[39msrc\tests\1TipsNoExtraNoSeat.spec.ts:122:7[90m)[39m
    at executeTests [90m(C:\playwright-project\[39msrc\tests\1TipsNoExtraNoSeat.spec.ts:222:29[90m)[39m
    at [90mC:\playwright-project\[39msrc\tests\1TipsNoExtraNoSeat.spec.ts:313:30
    at [90mC:\playwright-project\[39mnode_modules\[4mplaywright[24m\lib\worker\workerMain.js:339:9
    at [90mC:\playwright-project\[39mnode_modules\[4mplaywright[24m\lib\worker\testInfo.js:286:11
    at TimeoutManager.withRunnable [90m(C:\playwright-project\[39mnode_modules\[4mplaywright[24m\lib\worker\timeoutManager.js:64:14[90m)[39m
    at TestInfoImpl._runAsStage [90m(C:\playwright-project\[39mnode_modules\[4mplaywright[24m\lib\worker\testInfo.js:284:7[90m)[39m
    at [90mC:\playwright-project\[39mnode_modules\[4mplaywright[24m\lib\worker\workerMain.js:331:7
    at [90mC:\playwright-project\[39mnode_modules\[4mplaywright[24m\lib\worker\testInfo.js:286:11
    at TimeoutManager.withRunnable [90m(C:\playwright-project\[39mnode_modules\[4mplaywright[24m\lib\worker\timeoutManager.js:52:27[90m)[39m
    at TestInfoImpl._runAsStage [90m(C:\playwright-project\[39mnode_modules\[4mplaywright[24m\lib\worker\testInfo.js:284:7[90m)[39m
    at WorkerMain._runTest [90m(C:\playwright-project\[39mnode_modules\[4mplaywright[24m\lib\worker\workerMain.js:281:5[90m)[39m
    at WorkerMain.runTestGroup [90m(C:\playwright-project\[39mnode_modules\[4mplaywright[24m\lib\worker\workerMain.js:205:11[90m)[39m
    at process.&lt;anonymous&gt; [90m(C:\playwright-project\[39mnode_modules\[4mplaywright[24m\lib\common\process.js:95:22[90m)[39m {
  fatal: [33mtrue[39m
}

</system-err>
</testcase>
<testcase name="3. Compra 2 Adulto (Diferente) Economy Light - Economy Light - Nombre con caracteres especiales - Con assitence TODAS - sin asiento - sin extras › Ejecución completa con reintentos" classname="1TipsNoExtraNoSeat.spec.ts" time="360.077">
<failure message="1TipsNoExtraNoSeat.spec.ts:347:9 Ejecución completa con reintentos" type="FAILURE">
  [chromium] › 1TipsNoExtraNoSeat.spec.ts:347:9 › 3. Compra 2 Adulto (Diferente) Economy Light - Economy Light - Nombre con caracteres especiales - Con assitence TODAS - sin asiento - sin extras › Ejecución completa con reintentos 

    Test timeout of 360000ms exceeded.

    Error: browserContext.close: Target page, context or browser has been closed

      234 |   } finally {
      235 |     if (page) await page.close();
    &gt; 236 |     if (context) await context.close();
          |                  ^
      237 |   }
      238 |
      239 |   return shouldContinueTests; // Return the status of the test execution
        at executeTests (C:\playwright-project\src\tests\1TipsNoExtraNoSeat.spec.ts:236:18)
        at C:\playwright-project\src\tests\1TipsNoExtraNoSeat.spec.ts:359:29

    attachment #1: screenshot (image/png) ──────────────────────────────────────────────────────────
    test-results\1TipsNoExtraNoSeat-3-Compr-37b7a-ión-completa-con-reintentos-chromium\test-failed-1.png
    ────────────────────────────────────────────────────────────────────────────────────────────────

</failure>
<system-out>
Ejecución completa, intento 1 de 5
Ejecutando Booking, intento 1
Fecha de salida seleccionada: { year: [32m'2025'[39m, month: [32m'6'[39m, index: [33m0[39m, value: [33m3[39m }
Ajustando número de pasajeros
Successfully clicked the element: div.price-cabin:has-text("Economy")
Ejecutando fillPassengerAdult 1, intento 1
Ejecutando fillPassengerAdult 2, intento 1
Ejecutando fillContact, intento 1
Ejecutando payWithCard, intento 1
Ejecutando payWithCard, intento 2
Ejecutando payWithCard, intento 3
Ejecución completa, intento 2 de 5
Ejecutando Booking, intento 1
Fecha de salida seleccionada: { year: [32m'2025'[39m, month: [32m'6'[39m, index: [33m2[39m, value: [33m7[39m }
Ajustando número de pasajeros
Successfully clicked the element: div.price-cabin:has-text("Economy")
Ejecutando fillPassengerAdult 1, intento 1
Ejecutando fillPassengerAdult 2, intento 1
Ejecutando fillContact, intento 1
Ejecutando payWithCard, intento 1
Ejecutando payWithCard, intento 2
Ejecutando payWithCard, intento 3

</system-out>
<system-err>
Error while handling iframe payment: page.waitForSelector: Timeout 60000ms exceeded.
Call log:
[2m  - waiting for locator('iframe[title="Iframe for expiry date"]') to be visible[22m

    at payWithCard [90m(C:\playwright-project\[39msrc\page-objects\paymentPage.ts:4:20[90m)[39m
    at payWithCardInformation [90m(C:\playwright-project\[39msrc\tests\1TipsNoExtraNoSeat.spec.ts:86:22[90m)[39m
    at fn [90m(C:\playwright-project\[39msrc\tests\1TipsNoExtraNoSeat.spec.ts:213:15[90m)[39m
    at runWithRetries [90m(C:\playwright-project\[39msrc\tests\1TipsNoExtraNoSeat.spec.ts:122:13[90m)[39m
    at executeTests [90m(C:\playwright-project\[39msrc\tests\1TipsNoExtraNoSeat.spec.ts:212:35[90m)[39m
    at [90mC:\playwright-project\[39msrc\tests\1TipsNoExtraNoSeat.spec.ts:359:29 {
  name: [32m'TimeoutError'[39m,
  [[32mSymbol(step)[39m]: {
    stepId: [32m'pw:api@88'[39m,
    location: {
      file: [32m'C:\\playwright-project\\src\\page-objects\\paymentPage.ts'[39m,
      line: [33m4[39m,
      column: [33m20[39m,
      function: [32m'payWithCard'[39m
    },
    category: [32m'pw:api'[39m,
    title: [32m'page.waitForSelector(iframe[title="Iframe for expiry date"])'[39m,
    apiName: [32m'page.waitForSelector'[39m,
    params: {
      selector: [32m'iframe[title="Iframe for expiry date"]'[39m,
      timeout: [33m60000[39m
    },
    boxedStack: [90mundefined[39m,
    steps: [],
    complete: [36m[Function: complete][39m,
    endWallTime: [33m1738222467366[39m,
    error: {
      message: [32m'TimeoutError: page.waitForSelector: Timeout 60000ms exceeded.\n'[39m +
        [32m'Call log:\n'[39m +
        [32m`\x1B[2m  - waiting for locator('iframe[title="Iframe for expiry date"]') to be visible\x1B[22m\n`[39m,
      stack: [32m'TimeoutError: page.waitForSelector: Timeout 60000ms exceeded.\n'[39m +
        [32m'Call log:\n'[39m +
        [32m`\x1B[2m  - waiting for locator('iframe[title="Iframe for expiry date"]') to be visible\x1B[22m\n`[39m +
        [32m'\n'[39m +
        [32m'    at payWithCard (C:\\playwright-project\\src\\page-objects\\paymentPage.ts:4:20)\n'[39m +
        [32m'    at payWithCardInformation (C:\\playwright-project\\src\\tests\\1TipsNoExtraNoSeat.spec.ts:86:22)\n'[39m +
        [32m'    at fn (C:\\playwright-project\\src\\tests\\1TipsNoExtraNoSeat.spec.ts:213:15)\n'[39m +
        [32m'    at runWithRetries (C:\\playwright-project\\src\\tests\\1TipsNoExtraNoSeat.spec.ts:122:13)\n'[39m +
        [32m'    at executeTests (C:\\playwright-project\\src\\tests\\1TipsNoExtraNoSeat.spec.ts:212:35)\n'[39m +
        [32m'    at C:\\playwright-project\\src\\tests\\1TipsNoExtraNoSeat.spec.ts:359:29'[39m,
      cause: [90mundefined[39m
    }
  }
}
Intento 1 fallido en payWithCard: page.waitForSelector: Timeout 60000ms exceeded.
Call log:
[2m  - waiting for locator('iframe[title="Iframe for expiry date"]') to be visible[22m

    at payWithCard [90m(C:\playwright-project\[39msrc\page-objects\paymentPage.ts:4:20[90m)[39m
    at payWithCardInformation [90m(C:\playwright-project\[39msrc\tests\1TipsNoExtraNoSeat.spec.ts:86:22[90m)[39m
    at fn [90m(C:\playwright-project\[39msrc\tests\1TipsNoExtraNoSeat.spec.ts:213:15[90m)[39m
    at runWithRetries [90m(C:\playwright-project\[39msrc\tests\1TipsNoExtraNoSeat.spec.ts:122:13[90m)[39m
    at executeTests [90m(C:\playwright-project\[39msrc\tests\1TipsNoExtraNoSeat.spec.ts:212:35[90m)[39m
    at [90mC:\playwright-project\[39msrc\tests\1TipsNoExtraNoSeat.spec.ts:359:29 {
  name: [32m'TimeoutError'[39m,
  [[32mSymbol(step)[39m]: {
    stepId: [32m'pw:api@88'[39m,
    location: {
      file: [32m'C:\\playwright-project\\src\\page-objects\\paymentPage.ts'[39m,
      line: [33m4[39m,
      column: [33m20[39m,
      function: [32m'payWithCard'[39m
    },
    category: [32m'pw:api'[39m,
    title: [32m'page.waitForSelector(iframe[title="Iframe for expiry date"])'[39m,
    apiName: [32m'page.waitForSelector'[39m,
    params: {
      selector: [32m'iframe[title="Iframe for expiry date"]'[39m,
      timeout: [33m60000[39m
    },
    boxedStack: [90mundefined[39m,
    steps: [],
    complete: [36m[Function: complete][39m,
    endWallTime: [33m1738222467366[39m,
    error: {
      message: [32m'TimeoutError: page.waitForSelector: Timeout 60000ms exceeded.\n'[39m +
        [32m'Call log:\n'[39m +
        [32m`\x1B[2m  - waiting for locator('iframe[title="Iframe for expiry date"]') to be visible\x1B[22m\n`[39m,
      stack: [32m'TimeoutError: page.waitForSelector: Timeout 60000ms exceeded.\n'[39m +
        [32m'Call log:\n'[39m +
        [32m`\x1B[2m  - waiting for locator('iframe[title="Iframe for expiry date"]') to be visible\x1B[22m\n`[39m +
        [32m'\n'[39m +
        [32m'    at payWithCard (C:\\playwright-project\\src\\page-objects\\paymentPage.ts:4:20)\n'[39m +
        [32m'    at payWithCardInformation (C:\\playwright-project\\src\\tests\\1TipsNoExtraNoSeat.spec.ts:86:22)\n'[39m +
        [32m'    at fn (C:\\playwright-project\\src\\tests\\1TipsNoExtraNoSeat.spec.ts:213:15)\n'[39m +
        [32m'    at runWithRetries (C:\\playwright-project\\src\\tests\\1TipsNoExtraNoSeat.spec.ts:122:13)\n'[39m +
        [32m'    at executeTests (C:\\playwright-project\\src\\tests\\1TipsNoExtraNoSeat.spec.ts:212:35)\n'[39m +
        [32m'    at C:\\playwright-project\\src\\tests\\1TipsNoExtraNoSeat.spec.ts:359:29'[39m,
      cause: [90mundefined[39m
    }
  }
}
Error while handling iframe payment: page.waitForSelector: Timeout 60000ms exceeded.
Call log:
[2m  - waiting for locator('iframe[title="Iframe for expiry date"]') to be visible[22m

    at payWithCard [90m(C:\playwright-project\[39msrc\page-objects\paymentPage.ts:4:20[90m)[39m
    at payWithCardInformation [90m(C:\playwright-project\[39msrc\tests\1TipsNoExtraNoSeat.spec.ts:86:22[90m)[39m
    at fn [90m(C:\playwright-project\[39msrc\tests\1TipsNoExtraNoSeat.spec.ts:213:15[90m)[39m
    at runWithRetries [90m(C:\playwright-project\[39msrc\tests\1TipsNoExtraNoSeat.spec.ts:122:13[90m)[39m
    at executeTests [90m(C:\playwright-project\[39msrc\tests\1TipsNoExtraNoSeat.spec.ts:212:29[90m)[39m
    at [90mC:\playwright-project\[39msrc\tests\1TipsNoExtraNoSeat.spec.ts:359:29 {
  name: [32m'TimeoutError'[39m,
  [[32mSymbol(step)[39m]: {
    stepId: [32m'pw:api@89'[39m,
    location: {
      file: [32m'C:\\playwright-project\\src\\page-objects\\paymentPage.ts'[39m,
      line: [33m4[39m,
      column: [33m20[39m,
      function: [32m'payWithCard'[39m
    },
    category: [32m'pw:api'[39m,
    title: [32m'page.waitForSelector(iframe[title="Iframe for expiry date"])'[39m,
    apiName: [32m'page.waitForSelector'[39m,
    params: {
      selector: [32m'iframe[title="Iframe for expiry date"]'[39m,
      timeout: [33m60000[39m
    },
    boxedStack: [90mundefined[39m,
    steps: [],
    complete: [36m[Function: complete][39m,
    endWallTime: [33m1738222527386[39m,
    error: {
      message: [32m'TimeoutError: page.waitForSelector: Timeout 60000ms exceeded.\n'[39m +
        [32m'Call log:\n'[39m +
        [32m`\x1B[2m  - waiting for locator('iframe[title="Iframe for expiry date"]') to be visible\x1B[22m\n`[39m,
      stack: [32m'TimeoutError: page.waitForSelector: Timeout 60000ms exceeded.\n'[39m +
        [32m'Call log:\n'[39m +
        [32m`\x1B[2m  - waiting for locator('iframe[title="Iframe for expiry date"]') to be visible\x1B[22m\n`[39m +
        [32m'\n'[39m +
        [32m'    at payWithCard (C:\\playwright-project\\src\\page-objects\\paymentPage.ts:4:20)\n'[39m +
        [32m'    at payWithCardInformation (C:\\playwright-project\\src\\tests\\1TipsNoExtraNoSeat.spec.ts:86:22)\n'[39m +
        [32m'    at fn (C:\\playwright-project\\src\\tests\\1TipsNoExtraNoSeat.spec.ts:213:15)\n'[39m +
        [32m'    at runWithRetries (C:\\playwright-project\\src\\tests\\1TipsNoExtraNoSeat.spec.ts:122:13)\n'[39m +
        [32m'    at executeTests (C:\\playwright-project\\src\\tests\\1TipsNoExtraNoSeat.spec.ts:212:29)\n'[39m +
        [32m'    at C:\\playwright-project\\src\\tests\\1TipsNoExtraNoSeat.spec.ts:359:29'[39m,
      cause: [90mundefined[39m
    }
  }
}
Intento 2 fallido en payWithCard: page.waitForSelector: Timeout 60000ms exceeded.
Call log:
[2m  - waiting for locator('iframe[title="Iframe for expiry date"]') to be visible[22m

    at payWithCard [90m(C:\playwright-project\[39msrc\page-objects\paymentPage.ts:4:20[90m)[39m
    at payWithCardInformation [90m(C:\playwright-project\[39msrc\tests\1TipsNoExtraNoSeat.spec.ts:86:22[90m)[39m
    at fn [90m(C:\playwright-project\[39msrc\tests\1TipsNoExtraNoSeat.spec.ts:213:15[90m)[39m
    at runWithRetries [90m(C:\playwright-project\[39msrc\tests\1TipsNoExtraNoSeat.spec.ts:122:13[90m)[39m
    at executeTests [90m(C:\playwright-project\[39msrc\tests\1TipsNoExtraNoSeat.spec.ts:212:29[90m)[39m
    at [90mC:\playwright-project\[39msrc\tests\1TipsNoExtraNoSeat.spec.ts:359:29 {
  name: [32m'TimeoutError'[39m,
  [[32mSymbol(step)[39m]: {
    stepId: [32m'pw:api@89'[39m,
    location: {
      file: [32m'C:\\playwright-project\\src\\page-objects\\paymentPage.ts'[39m,
      line: [33m4[39m,
      column: [33m20[39m,
      function: [32m'payWithCard'[39m
    },
    category: [32m'pw:api'[39m,
    title: [32m'page.waitForSelector(iframe[title="Iframe for expiry date"])'[39m,
    apiName: [32m'page.waitForSelector'[39m,
    params: {
      selector: [32m'iframe[title="Iframe for expiry date"]'[39m,
      timeout: [33m60000[39m
    },
    boxedStack: [90mundefined[39m,
    steps: [],
    complete: [36m[Function: complete][39m,
    endWallTime: [33m1738222527386[39m,
    error: {
      message: [32m'TimeoutError: page.waitForSelector: Timeout 60000ms exceeded.\n'[39m +
        [32m'Call log:\n'[39m +
        [32m`\x1B[2m  - waiting for locator('iframe[title="Iframe for expiry date"]') to be visible\x1B[22m\n`[39m,
      stack: [32m'TimeoutError: page.waitForSelector: Timeout 60000ms exceeded.\n'[39m +
        [32m'Call log:\n'[39m +
        [32m`\x1B[2m  - waiting for locator('iframe[title="Iframe for expiry date"]') to be visible\x1B[22m\n`[39m +
        [32m'\n'[39m +
        [32m'    at payWithCard (C:\\playwright-project\\src\\page-objects\\paymentPage.ts:4:20)\n'[39m +
        [32m'    at payWithCardInformation (C:\\playwright-project\\src\\tests\\1TipsNoExtraNoSeat.spec.ts:86:22)\n'[39m +
        [32m'    at fn (C:\\playwright-project\\src\\tests\\1TipsNoExtraNoSeat.spec.ts:213:15)\n'[39m +
        [32m'    at runWithRetries (C:\\playwright-project\\src\\tests\\1TipsNoExtraNoSeat.spec.ts:122:13)\n'[39m +
        [32m'    at executeTests (C:\\playwright-project\\src\\tests\\1TipsNoExtraNoSeat.spec.ts:212:29)\n'[39m +
        [32m'    at C:\\playwright-project\\src\\tests\\1TipsNoExtraNoSeat.spec.ts:359:29'[39m,
      cause: [90mundefined[39m
    }
  }
}
Error while handling iframe payment: page.waitForSelector: Timeout 60000ms exceeded.
Call log:
[2m  - waiting for locator('iframe[title="Iframe for expiry date"]') to be visible[22m

    at payWithCard [90m(C:\playwright-project\[39msrc\page-objects\paymentPage.ts:4:20[90m)[39m
    at payWithCardInformation [90m(C:\playwright-project\[39msrc\tests\1TipsNoExtraNoSeat.spec.ts:86:22[90m)[39m
    at fn [90m(C:\playwright-project\[39msrc\tests\1TipsNoExtraNoSeat.spec.ts:213:15[90m)[39m
    at runWithRetries [90m(C:\playwright-project\[39msrc\tests\1TipsNoExtraNoSeat.spec.ts:122:13[90m)[39m
    at executeTests [90m(C:\playwright-project\[39msrc\tests\1TipsNoExtraNoSeat.spec.ts:212:29[90m)[39m
    at [90mC:\playwright-project\[39msrc\tests\1TipsNoExtraNoSeat.spec.ts:359:29 {
  name: [32m'TimeoutError'[39m,
  [[32mSymbol(step)[39m]: {
    stepId: [32m'pw:api@90'[39m,
    location: {
      file: [32m'C:\\playwright-project\\src\\page-objects\\paymentPage.ts'[39m,
      line: [33m4[39m,
      column: [33m20[39m,
      function: [32m'payWithCard'[39m
    },
    category: [32m'pw:api'[39m,
    title: [32m'page.waitForSelector(iframe[title="Iframe for expiry date"])'[39m,
    apiName: [32m'page.waitForSelector'[39m,
    params: {
      selector: [32m'iframe[title="Iframe for expiry date"]'[39m,
      timeout: [33m60000[39m
    },
    boxedStack: [90mundefined[39m,
    steps: [],
    complete: [36m[Function: complete][39m,
    endWallTime: [33m1738222587391[39m,
    error: {
      message: [32m'TimeoutError: page.waitForSelector: Timeout 60000ms exceeded.\n'[39m +
        [32m'Call log:\n'[39m +
        [32m`\x1B[2m  - waiting for locator('iframe[title="Iframe for expiry date"]') to be visible\x1B[22m\n`[39m,
      stack: [32m'TimeoutError: page.waitForSelector: Timeout 60000ms exceeded.\n'[39m +
        [32m'Call log:\n'[39m +
        [32m`\x1B[2m  - waiting for locator('iframe[title="Iframe for expiry date"]') to be visible\x1B[22m\n`[39m +
        [32m'\n'[39m +
        [32m'    at payWithCard (C:\\playwright-project\\src\\page-objects\\paymentPage.ts:4:20)\n'[39m +
        [32m'    at payWithCardInformation (C:\\playwright-project\\src\\tests\\1TipsNoExtraNoSeat.spec.ts:86:22)\n'[39m +
        [32m'    at fn (C:\\playwright-project\\src\\tests\\1TipsNoExtraNoSeat.spec.ts:213:15)\n'[39m +
        [32m'    at runWithRetries (C:\\playwright-project\\src\\tests\\1TipsNoExtraNoSeat.spec.ts:122:13)\n'[39m +
        [32m'    at executeTests (C:\\playwright-project\\src\\tests\\1TipsNoExtraNoSeat.spec.ts:212:29)\n'[39m +
        [32m'    at C:\\playwright-project\\src\\tests\\1TipsNoExtraNoSeat.spec.ts:359:29'[39m,
      cause: [90mundefined[39m
    }
  }
}
Intento 3 fallido en payWithCard: page.waitForSelector: Timeout 60000ms exceeded.
Call log:
[2m  - waiting for locator('iframe[title="Iframe for expiry date"]') to be visible[22m

    at payWithCard [90m(C:\playwright-project\[39msrc\page-objects\paymentPage.ts:4:20[90m)[39m
    at payWithCardInformation [90m(C:\playwright-project\[39msrc\tests\1TipsNoExtraNoSeat.spec.ts:86:22[90m)[39m
    at fn [90m(C:\playwright-project\[39msrc\tests\1TipsNoExtraNoSeat.spec.ts:213:15[90m)[39m
    at runWithRetries [90m(C:\playwright-project\[39msrc\tests\1TipsNoExtraNoSeat.spec.ts:122:13[90m)[39m
    at executeTests [90m(C:\playwright-project\[39msrc\tests\1TipsNoExtraNoSeat.spec.ts:212:29[90m)[39m
    at [90mC:\playwright-project\[39msrc\tests\1TipsNoExtraNoSeat.spec.ts:359:29 {
  name: [32m'TimeoutError'[39m,
  [[32mSymbol(step)[39m]: {
    stepId: [32m'pw:api@90'[39m,
    location: {
      file: [32m'C:\\playwright-project\\src\\page-objects\\paymentPage.ts'[39m,
      line: [33m4[39m,
      column: [33m20[39m,
      function: [32m'payWithCard'[39m
    },
    category: [32m'pw:api'[39m,
    title: [32m'page.waitForSelector(iframe[title="Iframe for expiry date"])'[39m,
    apiName: [32m'page.waitForSelector'[39m,
    params: {
      selector: [32m'iframe[title="Iframe for expiry date"]'[39m,
      timeout: [33m60000[39m
    },
    boxedStack: [90mundefined[39m,
    steps: [],
    complete: [36m[Function: complete][39m,
    endWallTime: [33m1738222587391[39m,
    error: {
      message: [32m'TimeoutError: page.waitForSelector: Timeout 60000ms exceeded.\n'[39m +
        [32m'Call log:\n'[39m +
        [32m`\x1B[2m  - waiting for locator('iframe[title="Iframe for expiry date"]') to be visible\x1B[22m\n`[39m,
      stack: [32m'TimeoutError: page.waitForSelector: Timeout 60000ms exceeded.\n'[39m +
        [32m'Call log:\n'[39m +
        [32m`\x1B[2m  - waiting for locator('iframe[title="Iframe for expiry date"]') to be visible\x1B[22m\n`[39m +
        [32m'\n'[39m +
        [32m'    at payWithCard (C:\\playwright-project\\src\\page-objects\\paymentPage.ts:4:20)\n'[39m +
        [32m'    at payWithCardInformation (C:\\playwright-project\\src\\tests\\1TipsNoExtraNoSeat.spec.ts:86:22)\n'[39m +
        [32m'    at fn (C:\\playwright-project\\src\\tests\\1TipsNoExtraNoSeat.spec.ts:213:15)\n'[39m +
        [32m'    at runWithRetries (C:\\playwright-project\\src\\tests\\1TipsNoExtraNoSeat.spec.ts:122:13)\n'[39m +
        [32m'    at executeTests (C:\\playwright-project\\src\\tests\\1TipsNoExtraNoSeat.spec.ts:212:29)\n'[39m +
        [32m'    at C:\\playwright-project\\src\\tests\\1TipsNoExtraNoSeat.spec.ts:359:29'[39m,
      cause: [90mundefined[39m
    }
  }
}
Prueba payWithCard fallida después de 3 intentos.
Error while handling iframe payment: page.waitForSelector: Timeout 60000ms exceeded.
Call log:
[2m  - waiting for locator('iframe[title="Iframe for expiry date"]') to be visible[22m

    at payWithCard [90m(C:\playwright-project\[39msrc\page-objects\paymentPage.ts:4:20[90m)[39m
    at payWithCardInformation [90m(C:\playwright-project\[39msrc\tests\1TipsNoExtraNoSeat.spec.ts:86:22[90m)[39m
    at fn [90m(C:\playwright-project\[39msrc\tests\1TipsNoExtraNoSeat.spec.ts:213:15[90m)[39m
    at runWithRetries [90m(C:\playwright-project\[39msrc\tests\1TipsNoExtraNoSeat.spec.ts:122:13[90m)[39m
    at executeTests [90m(C:\playwright-project\[39msrc\tests\1TipsNoExtraNoSeat.spec.ts:212:35[90m)[39m
    at [90mC:\playwright-project\[39msrc\tests\1TipsNoExtraNoSeat.spec.ts:359:29 {
  name: [32m'TimeoutError'[39m,
  [[32mSymbol(step)[39m]: {
    stepId: [32m'pw:api@178'[39m,
    location: {
      file: [32m'C:\\playwright-project\\src\\page-objects\\paymentPage.ts'[39m,
      line: [33m4[39m,
      column: [33m20[39m,
      function: [32m'payWithCard'[39m
    },
    category: [32m'pw:api'[39m,
    title: [32m'page.waitForSelector(iframe[title="Iframe for expiry date"])'[39m,
    apiName: [32m'page.waitForSelector'[39m,
    params: {
      selector: [32m'iframe[title="Iframe for expiry date"]'[39m,
      timeout: [33m60000[39m
    },
    boxedStack: [90mundefined[39m,
    steps: [],
    complete: [36m[Function: complete][39m,
    endWallTime: [33m1738222694291[39m,
    error: {
      message: [32m'TimeoutError: page.waitForSelector: Timeout 60000ms exceeded.\n'[39m +
        [32m'Call log:\n'[39m +
        [32m`\x1B[2m  - waiting for locator('iframe[title="Iframe for expiry date"]') to be visible\x1B[22m\n`[39m,
      stack: [32m'TimeoutError: page.waitForSelector: Timeout 60000ms exceeded.\n'[39m +
        [32m'Call log:\n'[39m +
        [32m`\x1B[2m  - waiting for locator('iframe[title="Iframe for expiry date"]') to be visible\x1B[22m\n`[39m +
        [32m'\n'[39m +
        [32m'    at payWithCard (C:\\playwright-project\\src\\page-objects\\paymentPage.ts:4:20)\n'[39m +
        [32m'    at payWithCardInformation (C:\\playwright-project\\src\\tests\\1TipsNoExtraNoSeat.spec.ts:86:22)\n'[39m +
        [32m'    at fn (C:\\playwright-project\\src\\tests\\1TipsNoExtraNoSeat.spec.ts:213:15)\n'[39m +
        [32m'    at runWithRetries (C:\\playwright-project\\src\\tests\\1TipsNoExtraNoSeat.spec.ts:122:13)\n'[39m +
        [32m'    at executeTests (C:\\playwright-project\\src\\tests\\1TipsNoExtraNoSeat.spec.ts:212:35)\n'[39m +
        [32m'    at C:\\playwright-project\\src\\tests\\1TipsNoExtraNoSeat.spec.ts:359:29'[39m,
      cause: [90mundefined[39m
    }
  }
}
Intento 1 fallido en payWithCard: page.waitForSelector: Timeout 60000ms exceeded.
Call log:
[2m  - waiting for locator('iframe[title="Iframe for expiry date"]') to be visible[22m

    at payWithCard [90m(C:\playwright-project\[39msrc\page-objects\paymentPage.ts:4:20[90m)[39m
    at payWithCardInformation [90m(C:\playwright-project\[39msrc\tests\1TipsNoExtraNoSeat.spec.ts:86:22[90m)[39m
    at fn [90m(C:\playwright-project\[39msrc\tests\1TipsNoExtraNoSeat.spec.ts:213:15[90m)[39m
    at runWithRetries [90m(C:\playwright-project\[39msrc\tests\1TipsNoExtraNoSeat.spec.ts:122:13[90m)[39m
    at executeTests [90m(C:\playwright-project\[39msrc\tests\1TipsNoExtraNoSeat.spec.ts:212:35[90m)[39m
    at [90mC:\playwright-project\[39msrc\tests\1TipsNoExtraNoSeat.spec.ts:359:29 {
  name: [32m'TimeoutError'[39m,
  [[32mSymbol(step)[39m]: {
    stepId: [32m'pw:api@178'[39m,
    location: {
      file: [32m'C:\\playwright-project\\src\\page-objects\\paymentPage.ts'[39m,
      line: [33m4[39m,
      column: [33m20[39m,
      function: [32m'payWithCard'[39m
    },
    category: [32m'pw:api'[39m,
    title: [32m'page.waitForSelector(iframe[title="Iframe for expiry date"])'[39m,
    apiName: [32m'page.waitForSelector'[39m,
    params: {
      selector: [32m'iframe[title="Iframe for expiry date"]'[39m,
      timeout: [33m60000[39m
    },
    boxedStack: [90mundefined[39m,
    steps: [],
    complete: [36m[Function: complete][39m,
    endWallTime: [33m1738222694291[39m,
    error: {
      message: [32m'TimeoutError: page.waitForSelector: Timeout 60000ms exceeded.\n'[39m +
        [32m'Call log:\n'[39m +
        [32m`\x1B[2m  - waiting for locator('iframe[title="Iframe for expiry date"]') to be visible\x1B[22m\n`[39m,
      stack: [32m'TimeoutError: page.waitForSelector: Timeout 60000ms exceeded.\n'[39m +
        [32m'Call log:\n'[39m +
        [32m`\x1B[2m  - waiting for locator('iframe[title="Iframe for expiry date"]') to be visible\x1B[22m\n`[39m +
        [32m'\n'[39m +
        [32m'    at payWithCard (C:\\playwright-project\\src\\page-objects\\paymentPage.ts:4:20)\n'[39m +
        [32m'    at payWithCardInformation (C:\\playwright-project\\src\\tests\\1TipsNoExtraNoSeat.spec.ts:86:22)\n'[39m +
        [32m'    at fn (C:\\playwright-project\\src\\tests\\1TipsNoExtraNoSeat.spec.ts:213:15)\n'[39m +
        [32m'    at runWithRetries (C:\\playwright-project\\src\\tests\\1TipsNoExtraNoSeat.spec.ts:122:13)\n'[39m +
        [32m'    at executeTests (C:\\playwright-project\\src\\tests\\1TipsNoExtraNoSeat.spec.ts:212:35)\n'[39m +
        [32m'    at C:\\playwright-project\\src\\tests\\1TipsNoExtraNoSeat.spec.ts:359:29'[39m,
      cause: [90mundefined[39m
    }
  }
}
Error while handling iframe payment: page.waitForSelector: Test ended.
Call log:
[2m  - waiting for locator('iframe[title="Iframe for expiry date"]') to be visible[22m

    at payWithCard [90m(C:\playwright-project\[39msrc\page-objects\paymentPage.ts:4:20[90m)[39m
    at payWithCardInformation [90m(C:\playwright-project\[39msrc\tests\1TipsNoExtraNoSeat.spec.ts:86:22[90m)[39m
    at fn [90m(C:\playwright-project\[39msrc\tests\1TipsNoExtraNoSeat.spec.ts:213:15[90m)[39m
    at runWithRetries [90m(C:\playwright-project\[39msrc\tests\1TipsNoExtraNoSeat.spec.ts:122:13[90m)[39m
    at executeTests [90m(C:\playwright-project\[39msrc\tests\1TipsNoExtraNoSeat.spec.ts:212:29[90m)[39m
    at [90mC:\playwright-project\[39msrc\tests\1TipsNoExtraNoSeat.spec.ts:359:29
Intento 2 fallido en payWithCard: page.waitForSelector: Test ended.
Call log:
[2m  - waiting for locator('iframe[title="Iframe for expiry date"]') to be visible[22m

    at payWithCard [90m(C:\playwright-project\[39msrc\page-objects\paymentPage.ts:4:20[90m)[39m
    at payWithCardInformation [90m(C:\playwright-project\[39msrc\tests\1TipsNoExtraNoSeat.spec.ts:86:22[90m)[39m
    at fn [90m(C:\playwright-project\[39msrc\tests\1TipsNoExtraNoSeat.spec.ts:213:15[90m)[39m
    at runWithRetries [90m(C:\playwright-project\[39msrc\tests\1TipsNoExtraNoSeat.spec.ts:122:13[90m)[39m
    at executeTests [90m(C:\playwright-project\[39msrc\tests\1TipsNoExtraNoSeat.spec.ts:212:29[90m)[39m
    at [90mC:\playwright-project\[39msrc\tests\1TipsNoExtraNoSeat.spec.ts:359:29
Error while handling iframe payment: page.waitForSelector: Target page, context or browser has been closed
    at payWithCard [90m(C:\playwright-project\[39msrc\page-objects\paymentPage.ts:4:20[90m)[39m
    at payWithCardInformation [90m(C:\playwright-project\[39msrc\tests\1TipsNoExtraNoSeat.spec.ts:86:22[90m)[39m
    at fn [90m(C:\playwright-project\[39msrc\tests\1TipsNoExtraNoSeat.spec.ts:213:15[90m)[39m
    at runWithRetries [90m(C:\playwright-project\[39msrc\tests\1TipsNoExtraNoSeat.spec.ts:122:13[90m)[39m
    at executeTests [90m(C:\playwright-project\[39msrc\tests\1TipsNoExtraNoSeat.spec.ts:212:29[90m)[39m
    at [90mC:\playwright-project\[39msrc\tests\1TipsNoExtraNoSeat.spec.ts:359:29
Intento 3 fallido en payWithCard: page.waitForSelector: Target page, context or browser has been closed
    at payWithCard [90m(C:\playwright-project\[39msrc\page-objects\paymentPage.ts:4:20[90m)[39m
    at payWithCardInformation [90m(C:\playwright-project\[39msrc\tests\1TipsNoExtraNoSeat.spec.ts:86:22[90m)[39m
    at fn [90m(C:\playwright-project\[39msrc\tests\1TipsNoExtraNoSeat.spec.ts:213:15[90m)[39m
    at runWithRetries [90m(C:\playwright-project\[39msrc\tests\1TipsNoExtraNoSeat.spec.ts:122:13[90m)[39m
    at executeTests [90m(C:\playwright-project\[39msrc\tests\1TipsNoExtraNoSeat.spec.ts:212:29[90m)[39m
    at [90mC:\playwright-project\[39msrc\tests\1TipsNoExtraNoSeat.spec.ts:359:29
Error crítico durante la ejecución: page.screenshot: Target page, context or browser has been closed
    at runWithRetries [90m(C:\playwright-project\[39msrc\tests\1TipsNoExtraNoSeat.spec.ts:127:20[90m)[39m
    at executeTests [90m(C:\playwright-project\[39msrc\tests\1TipsNoExtraNoSeat.spec.ts:212:29[90m)[39m
    at [90mC:\playwright-project\[39msrc\tests\1TipsNoExtraNoSeat.spec.ts:359:29

Warning: attachment 1TipsNoExtraNoSeat-3-Compr-37b7a-ión-completa-con-reintentos-chromium\test-failed-1.png is missing
</system-err>
</testcase>
<testcase name="4. Compra 1 Adulto - 1 niño - Economy Light - Economy Light - Nombre con caracteres especiales - sin asistencia - sin asiento - sin extras › Ejecución completa con reintentos" classname="1TipsNoExtraNoSeat.spec.ts" time="264.945">
<system-out>
Ejecución completa, intento 1 de 5
Ejecutando Booking, intento 1
Fecha de salida seleccionada: { year: [32m'2025'[39m, month: [32m'6'[39m, index: [33m6[39m, value: [33m17[39m }
Ajustando número de pasajeros
Successfully clicked the element: div.price-cabin:has-text("Economy")
Ejecutando fillPassengerAdult 1, intento 1
Ejecutando fillPassengerChild 1, intento 1
Ejecutando fillContact, intento 1
Ejecutando payWithCard, intento 1
Ejecutando payWithCard, intento 2
Ejecutando payWithCard, intento 3
Ejecución completa, intento 2 de 5
Ejecutando Booking, intento 1
Fecha de salida seleccionada: { year: [32m'2025'[39m, month: [32m'7'[39m, index: [33m0[39m, value: [33m1[39m }
Ajustando número de pasajeros
Successfully clicked the element: div.price-cabin:has-text("Economy")
Ejecutando fillPassengerAdult 1, intento 1
Ejecutando fillPassengerChild 1, intento 1
Ejecutando fillContact, intento 1
Ejecutando payWithCard, intento 1
Iframe encontrado.
Ejecutando payWithCard, intento 1
Ejecutando payWithCard, intento 2
Ejecutando payWithCard, intento 3
Successfully saved booking code M92V3 to Excel

</system-out>
<system-err>
Error while handling iframe payment: page.waitForSelector: Timeout 60000ms exceeded.
Call log:
[2m  - waiting for locator('iframe[title="Iframe for expiry date"]') to be visible[22m
[2m    - waiting for" https://lv-fndoor-ecommerce-sbx-ghdubdbgdtcsane6.a01.azurefd.net/nwe/payment?forcedCulture=en" navigation to finish...[22m
[2m    - navigated to "https://lv-fndoor-ecommerce-sbx-ghdubdbgdtcsane6.a01.azurefd.net/nwe/payment/?forcedCulture=en"[22m

    at payWithCard [90m(C:\playwright-project\[39msrc\page-objects\paymentPage.ts:4:20[90m)[39m
    at payWithCardInformation [90m(C:\playwright-project\[39msrc\tests\1TipsNoExtraNoSeat.spec.ts:86:22[90m)[39m
    at fn [90m(C:\playwright-project\[39msrc\tests\1TipsNoExtraNoSeat.spec.ts:213:15[90m)[39m
    at runWithRetries [90m(C:\playwright-project\[39msrc\tests\1TipsNoExtraNoSeat.spec.ts:122:13[90m)[39m
    at executeTests [90m(C:\playwright-project\[39msrc\tests\1TipsNoExtraNoSeat.spec.ts:212:35[90m)[39m
    at [90mC:\playwright-project\[39msrc\tests\1TipsNoExtraNoSeat.spec.ts:405:30 {
  name: [32m'TimeoutError'[39m,
  [[32mSymbol(step)[39m]: {
    stepId: [32m'pw:api@69'[39m,
    location: {
      file: [32m'C:\\playwright-project\\src\\page-objects\\paymentPage.ts'[39m,
      line: [33m4[39m,
      column: [33m20[39m,
      function: [32m'payWithCard'[39m
    },
    category: [32m'pw:api'[39m,
    title: [32m'page.waitForSelector(iframe[title="Iframe for expiry date"])'[39m,
    apiName: [32m'page.waitForSelector'[39m,
    params: {
      selector: [32m'iframe[title="Iframe for expiry date"]'[39m,
      timeout: [33m60000[39m
    },
    boxedStack: [90mundefined[39m,
    steps: [],
    complete: [36m[Function: complete][39m,
    endWallTime: [33m1738222449531[39m,
    error: {
      message: [32m'TimeoutError: page.waitForSelector: Timeout 60000ms exceeded.\n'[39m +
        [32m'Call log:\n'[39m +
        [32m`\x1B[2m  - waiting for locator('iframe[title="Iframe for expiry date"]') to be visible\x1B[22m\n`[39m +
        [32m'\x1B[2m    - waiting for" https://lv-fndoor-ecommerce-sbx-ghdubdbgdtcsane6.a01.azurefd.net/nwe/payment?forcedCulture=en" navigation to finish...\x1B[22m\n'[39m +
        [32m'\x1B[2m    - navigated to "https://lv-fndoor-ecommerce-sbx-ghdubdbgdtcsane6.a01.azurefd.net/nwe/payment/?forcedCulture=en"\x1B[22m\n'[39m,
      stack: [32m'TimeoutError: page.waitForSelector: Timeout 60000ms exceeded.\n'[39m +
        [32m'Call log:\n'[39m +
        [32m`\x1B[2m  - waiting for locator('iframe[title="Iframe for expiry date"]') to be visible\x1B[22m\n`[39m +
        [32m'\x1B[2m    - waiting for" https://lv-fndoor-ecommerce-sbx-ghdubdbgdtcsane6.a01.azurefd.net/nwe/payment?forcedCulture=en" navigation to finish...\x1B[22m\n'[39m +
        [32m'\x1B[2m    - navigated to "https://lv-fndoor-ecommerce-sbx-ghdubdbgdtcsane6.a01.azurefd.net/nwe/payment/?forcedCulture=en"\x1B[22m\n'[39m +
        [32m'\n'[39m +
        [32m'    at payWithCard (C:\\playwright-project\\src\\page-objects\\paymentPage.ts:4:20)\n'[39m +
        [32m'    at payWithCardInformation (C:\\playwright-project\\src\\tests\\1TipsNoExtraNoSeat.spec.ts:86:22)\n'[39m +
        [32m'    at fn (C:\\playwright-project\\src\\tests\\1TipsNoExtraNoSeat.spec.ts:213:15)\n'[39m +
        [32m'    at runWithRetries (C:\\playwright-project\\src\\tests\\1TipsNoExtraNoSeat.spec.ts:122:13)\n'[39m +
        [32m'    at executeTests (C:\\playwright-project\\src\\tests\\1TipsNoExtraNoSeat.spec.ts:212:35)\n'[39m +
        [32m'    at C:\\playwright-project\\src\\tests\\1TipsNoExtraNoSeat.spec.ts:405:30'[39m,
      cause: [90mundefined[39m
    }
  }
}
Intento 1 fallido en payWithCard: page.waitForSelector: Timeout 60000ms exceeded.
Call log:
[2m  - waiting for locator('iframe[title="Iframe for expiry date"]') to be visible[22m
[2m    - waiting for" https://lv-fndoor-ecommerce-sbx-ghdubdbgdtcsane6.a01.azurefd.net/nwe/payment?forcedCulture=en" navigation to finish...[22m
[2m    - navigated to "https://lv-fndoor-ecommerce-sbx-ghdubdbgdtcsane6.a01.azurefd.net/nwe/payment/?forcedCulture=en"[22m

    at payWithCard [90m(C:\playwright-project\[39msrc\page-objects\paymentPage.ts:4:20[90m)[39m
    at payWithCardInformation [90m(C:\playwright-project\[39msrc\tests\1TipsNoExtraNoSeat.spec.ts:86:22[90m)[39m
    at fn [90m(C:\playwright-project\[39msrc\tests\1TipsNoExtraNoSeat.spec.ts:213:15[90m)[39m
    at runWithRetries [90m(C:\playwright-project\[39msrc\tests\1TipsNoExtraNoSeat.spec.ts:122:13[90m)[39m
    at executeTests [90m(C:\playwright-project\[39msrc\tests\1TipsNoExtraNoSeat.spec.ts:212:35[90m)[39m
    at [90mC:\playwright-project\[39msrc\tests\1TipsNoExtraNoSeat.spec.ts:405:30 {
  name: [32m'TimeoutError'[39m,
  [[32mSymbol(step)[39m]: {
    stepId: [32m'pw:api@69'[39m,
    location: {
      file: [32m'C:\\playwright-project\\src\\page-objects\\paymentPage.ts'[39m,
      line: [33m4[39m,
      column: [33m20[39m,
      function: [32m'payWithCard'[39m
    },
    category: [32m'pw:api'[39m,
    title: [32m'page.waitForSelector(iframe[title="Iframe for expiry date"])'[39m,
    apiName: [32m'page.waitForSelector'[39m,
    params: {
      selector: [32m'iframe[title="Iframe for expiry date"]'[39m,
      timeout: [33m60000[39m
    },
    boxedStack: [90mundefined[39m,
    steps: [],
    complete: [36m[Function: complete][39m,
    endWallTime: [33m1738222449531[39m,
    error: {
      message: [32m'TimeoutError: page.waitForSelector: Timeout 60000ms exceeded.\n'[39m +
        [32m'Call log:\n'[39m +
        [32m`\x1B[2m  - waiting for locator('iframe[title="Iframe for expiry date"]') to be visible\x1B[22m\n`[39m +
        [32m'\x1B[2m    - waiting for" https://lv-fndoor-ecommerce-sbx-ghdubdbgdtcsane6.a01.azurefd.net/nwe/payment?forcedCulture=en" navigation to finish...\x1B[22m\n'[39m +
        [32m'\x1B[2m    - navigated to "https://lv-fndoor-ecommerce-sbx-ghdubdbgdtcsane6.a01.azurefd.net/nwe/payment/?forcedCulture=en"\x1B[22m\n'[39m,
      stack: [32m'TimeoutError: page.waitForSelector: Timeout 60000ms exceeded.\n'[39m +
        [32m'Call log:\n'[39m +
        [32m`\x1B[2m  - waiting for locator('iframe[title="Iframe for expiry date"]') to be visible\x1B[22m\n`[39m +
        [32m'\x1B[2m    - waiting for" https://lv-fndoor-ecommerce-sbx-ghdubdbgdtcsane6.a01.azurefd.net/nwe/payment?forcedCulture=en" navigation to finish...\x1B[22m\n'[39m +
        [32m'\x1B[2m    - navigated to "https://lv-fndoor-ecommerce-sbx-ghdubdbgdtcsane6.a01.azurefd.net/nwe/payment/?forcedCulture=en"\x1B[22m\n'[39m +
        [32m'\n'[39m +
        [32m'    at payWithCard (C:\\playwright-project\\src\\page-objects\\paymentPage.ts:4:20)\n'[39m +
        [32m'    at payWithCardInformation (C:\\playwright-project\\src\\tests\\1TipsNoExtraNoSeat.spec.ts:86:22)\n'[39m +
        [32m'    at fn (C:\\playwright-project\\src\\tests\\1TipsNoExtraNoSeat.spec.ts:213:15)\n'[39m +
        [32m'    at runWithRetries (C:\\playwright-project\\src\\tests\\1TipsNoExtraNoSeat.spec.ts:122:13)\n'[39m +
        [32m'    at executeTests (C:\\playwright-project\\src\\tests\\1TipsNoExtraNoSeat.spec.ts:212:35)\n'[39m +
        [32m'    at C:\\playwright-project\\src\\tests\\1TipsNoExtraNoSeat.spec.ts:405:30'[39m,
      cause: [90mundefined[39m
    }
  }
}
Error while handling iframe payment: page.waitForSelector: Timeout 60000ms exceeded.
Call log:
[2m  - waiting for locator('iframe[title="Iframe for expiry date"]') to be visible[22m

    at payWithCard [90m(C:\playwright-project\[39msrc\page-objects\paymentPage.ts:4:20[90m)[39m
    at payWithCardInformation [90m(C:\playwright-project\[39msrc\tests\1TipsNoExtraNoSeat.spec.ts:86:22[90m)[39m
    at fn [90m(C:\playwright-project\[39msrc\tests\1TipsNoExtraNoSeat.spec.ts:213:15[90m)[39m
    at runWithRetries [90m(C:\playwright-project\[39msrc\tests\1TipsNoExtraNoSeat.spec.ts:122:13[90m)[39m
    at executeTests [90m(C:\playwright-project\[39msrc\tests\1TipsNoExtraNoSeat.spec.ts:212:29[90m)[39m
    at [90mC:\playwright-project\[39msrc\tests\1TipsNoExtraNoSeat.spec.ts:405:30 {
  name: [32m'TimeoutError'[39m,
  [[32mSymbol(step)[39m]: {
    stepId: [32m'pw:api@70'[39m,
    location: {
      file: [32m'C:\\playwright-project\\src\\page-objects\\paymentPage.ts'[39m,
      line: [33m4[39m,
      column: [33m20[39m,
      function: [32m'payWithCard'[39m
    },
    category: [32m'pw:api'[39m,
    title: [32m'page.waitForSelector(iframe[title="Iframe for expiry date"])'[39m,
    apiName: [32m'page.waitForSelector'[39m,
    params: {
      selector: [32m'iframe[title="Iframe for expiry date"]'[39m,
      timeout: [33m60000[39m
    },
    boxedStack: [90mundefined[39m,
    steps: [],
    complete: [36m[Function: complete][39m,
    endWallTime: [33m1738222509548[39m,
    error: {
      message: [32m'TimeoutError: page.waitForSelector: Timeout 60000ms exceeded.\n'[39m +
        [32m'Call log:\n'[39m +
        [32m`\x1B[2m  - waiting for locator('iframe[title="Iframe for expiry date"]') to be visible\x1B[22m\n`[39m,
      stack: [32m'TimeoutError: page.waitForSelector: Timeout 60000ms exceeded.\n'[39m +
        [32m'Call log:\n'[39m +
        [32m`\x1B[2m  - waiting for locator('iframe[title="Iframe for expiry date"]') to be visible\x1B[22m\n`[39m +
        [32m'\n'[39m +
        [32m'    at payWithCard (C:\\playwright-project\\src\\page-objects\\paymentPage.ts:4:20)\n'[39m +
        [32m'    at payWithCardInformation (C:\\playwright-project\\src\\tests\\1TipsNoExtraNoSeat.spec.ts:86:22)\n'[39m +
        [32m'    at fn (C:\\playwright-project\\src\\tests\\1TipsNoExtraNoSeat.spec.ts:213:15)\n'[39m +
        [32m'    at runWithRetries (C:\\playwright-project\\src\\tests\\1TipsNoExtraNoSeat.spec.ts:122:13)\n'[39m +
        [32m'    at executeTests (C:\\playwright-project\\src\\tests\\1TipsNoExtraNoSeat.spec.ts:212:29)\n'[39m +
        [32m'    at C:\\playwright-project\\src\\tests\\1TipsNoExtraNoSeat.spec.ts:405:30'[39m,
      cause: [90mundefined[39m
    }
  }
}
Intento 2 fallido en payWithCard: page.waitForSelector: Timeout 60000ms exceeded.
Call log:
[2m  - waiting for locator('iframe[title="Iframe for expiry date"]') to be visible[22m

    at payWithCard [90m(C:\playwright-project\[39msrc\page-objects\paymentPage.ts:4:20[90m)[39m
    at payWithCardInformation [90m(C:\playwright-project\[39msrc\tests\1TipsNoExtraNoSeat.spec.ts:86:22[90m)[39m
    at fn [90m(C:\playwright-project\[39msrc\tests\1TipsNoExtraNoSeat.spec.ts:213:15[90m)[39m
    at runWithRetries [90m(C:\playwright-project\[39msrc\tests\1TipsNoExtraNoSeat.spec.ts:122:13[90m)[39m
    at executeTests [90m(C:\playwright-project\[39msrc\tests\1TipsNoExtraNoSeat.spec.ts:212:29[90m)[39m
    at [90mC:\playwright-project\[39msrc\tests\1TipsNoExtraNoSeat.spec.ts:405:30 {
  name: [32m'TimeoutError'[39m,
  [[32mSymbol(step)[39m]: {
    stepId: [32m'pw:api@70'[39m,
    location: {
      file: [32m'C:\\playwright-project\\src\\page-objects\\paymentPage.ts'[39m,
      line: [33m4[39m,
      column: [33m20[39m,
      function: [32m'payWithCard'[39m
    },
    category: [32m'pw:api'[39m,
    title: [32m'page.waitForSelector(iframe[title="Iframe for expiry date"])'[39m,
    apiName: [32m'page.waitForSelector'[39m,
    params: {
      selector: [32m'iframe[title="Iframe for expiry date"]'[39m,
      timeout: [33m60000[39m
    },
    boxedStack: [90mundefined[39m,
    steps: [],
    complete: [36m[Function: complete][39m,
    endWallTime: [33m1738222509548[39m,
    error: {
      message: [32m'TimeoutError: page.waitForSelector: Timeout 60000ms exceeded.\n'[39m +
        [32m'Call log:\n'[39m +
        [32m`\x1B[2m  - waiting for locator('iframe[title="Iframe for expiry date"]') to be visible\x1B[22m\n`[39m,
      stack: [32m'TimeoutError: page.waitForSelector: Timeout 60000ms exceeded.\n'[39m +
        [32m'Call log:\n'[39m +
        [32m`\x1B[2m  - waiting for locator('iframe[title="Iframe for expiry date"]') to be visible\x1B[22m\n`[39m +
        [32m'\n'[39m +
        [32m'    at payWithCard (C:\\playwright-project\\src\\page-objects\\paymentPage.ts:4:20)\n'[39m +
        [32m'    at payWithCardInformation (C:\\playwright-project\\src\\tests\\1TipsNoExtraNoSeat.spec.ts:86:22)\n'[39m +
        [32m'    at fn (C:\\playwright-project\\src\\tests\\1TipsNoExtraNoSeat.spec.ts:213:15)\n'[39m +
        [32m'    at runWithRetries (C:\\playwright-project\\src\\tests\\1TipsNoExtraNoSeat.spec.ts:122:13)\n'[39m +
        [32m'    at executeTests (C:\\playwright-project\\src\\tests\\1TipsNoExtraNoSeat.spec.ts:212:29)\n'[39m +
        [32m'    at C:\\playwright-project\\src\\tests\\1TipsNoExtraNoSeat.spec.ts:405:30'[39m,
      cause: [90mundefined[39m
    }
  }
}
Error while handling iframe payment: page.waitForSelector: Timeout 60000ms exceeded.
Call log:
[2m  - waiting for locator('iframe[title="Iframe for expiry date"]') to be visible[22m

    at payWithCard [90m(C:\playwright-project\[39msrc\page-objects\paymentPage.ts:4:20[90m)[39m
    at payWithCardInformation [90m(C:\playwright-project\[39msrc\tests\1TipsNoExtraNoSeat.spec.ts:86:22[90m)[39m
    at fn [90m(C:\playwright-project\[39msrc\tests\1TipsNoExtraNoSeat.spec.ts:213:15[90m)[39m
    at runWithRetries [90m(C:\playwright-project\[39msrc\tests\1TipsNoExtraNoSeat.spec.ts:122:13[90m)[39m
    at executeTests [90m(C:\playwright-project\[39msrc\tests\1TipsNoExtraNoSeat.spec.ts:212:29[90m)[39m
    at [90mC:\playwright-project\[39msrc\tests\1TipsNoExtraNoSeat.spec.ts:405:30 {
  name: [32m'TimeoutError'[39m,
  [[32mSymbol(step)[39m]: {
    stepId: [32m'pw:api@71'[39m,
    location: {
      file: [32m'C:\\playwright-project\\src\\page-objects\\paymentPage.ts'[39m,
      line: [33m4[39m,
      column: [33m20[39m,
      function: [32m'payWithCard'[39m
    },
    category: [32m'pw:api'[39m,
    title: [32m'page.waitForSelector(iframe[title="Iframe for expiry date"])'[39m,
    apiName: [32m'page.waitForSelector'[39m,
    params: {
      selector: [32m'iframe[title="Iframe for expiry date"]'[39m,
      timeout: [33m60000[39m
    },
    boxedStack: [90mundefined[39m,
    steps: [],
    complete: [36m[Function: complete][39m,
    endWallTime: [33m1738222569555[39m,
    error: {
      message: [32m'TimeoutError: page.waitForSelector: Timeout 60000ms exceeded.\n'[39m +
        [32m'Call log:\n'[39m +
        [32m`\x1B[2m  - waiting for locator('iframe[title="Iframe for expiry date"]') to be visible\x1B[22m\n`[39m,
      stack: [32m'TimeoutError: page.waitForSelector: Timeout 60000ms exceeded.\n'[39m +
        [32m'Call log:\n'[39m +
        [32m`\x1B[2m  - waiting for locator('iframe[title="Iframe for expiry date"]') to be visible\x1B[22m\n`[39m +
        [32m'\n'[39m +
        [32m'    at payWithCard (C:\\playwright-project\\src\\page-objects\\paymentPage.ts:4:20)\n'[39m +
        [32m'    at payWithCardInformation (C:\\playwright-project\\src\\tests\\1TipsNoExtraNoSeat.spec.ts:86:22)\n'[39m +
        [32m'    at fn (C:\\playwright-project\\src\\tests\\1TipsNoExtraNoSeat.spec.ts:213:15)\n'[39m +
        [32m'    at runWithRetries (C:\\playwright-project\\src\\tests\\1TipsNoExtraNoSeat.spec.ts:122:13)\n'[39m +
        [32m'    at executeTests (C:\\playwright-project\\src\\tests\\1TipsNoExtraNoSeat.spec.ts:212:29)\n'[39m +
        [32m'    at C:\\playwright-project\\src\\tests\\1TipsNoExtraNoSeat.spec.ts:405:30'[39m,
      cause: [90mundefined[39m
    }
  }
}
Intento 3 fallido en payWithCard: page.waitForSelector: Timeout 60000ms exceeded.
Call log:
[2m  - waiting for locator('iframe[title="Iframe for expiry date"]') to be visible[22m

    at payWithCard [90m(C:\playwright-project\[39msrc\page-objects\paymentPage.ts:4:20[90m)[39m
    at payWithCardInformation [90m(C:\playwright-project\[39msrc\tests\1TipsNoExtraNoSeat.spec.ts:86:22[90m)[39m
    at fn [90m(C:\playwright-project\[39msrc\tests\1TipsNoExtraNoSeat.spec.ts:213:15[90m)[39m
    at runWithRetries [90m(C:\playwright-project\[39msrc\tests\1TipsNoExtraNoSeat.spec.ts:122:13[90m)[39m
    at executeTests [90m(C:\playwright-project\[39msrc\tests\1TipsNoExtraNoSeat.spec.ts:212:29[90m)[39m
    at [90mC:\playwright-project\[39msrc\tests\1TipsNoExtraNoSeat.spec.ts:405:30 {
  name: [32m'TimeoutError'[39m,
  [[32mSymbol(step)[39m]: {
    stepId: [32m'pw:api@71'[39m,
    location: {
      file: [32m'C:\\playwright-project\\src\\page-objects\\paymentPage.ts'[39m,
      line: [33m4[39m,
      column: [33m20[39m,
      function: [32m'payWithCard'[39m
    },
    category: [32m'pw:api'[39m,
    title: [32m'page.waitForSelector(iframe[title="Iframe for expiry date"])'[39m,
    apiName: [32m'page.waitForSelector'[39m,
    params: {
      selector: [32m'iframe[title="Iframe for expiry date"]'[39m,
      timeout: [33m60000[39m
    },
    boxedStack: [90mundefined[39m,
    steps: [],
    complete: [36m[Function: complete][39m,
    endWallTime: [33m1738222569555[39m,
    error: {
      message: [32m'TimeoutError: page.waitForSelector: Timeout 60000ms exceeded.\n'[39m +
        [32m'Call log:\n'[39m +
        [32m`\x1B[2m  - waiting for locator('iframe[title="Iframe for expiry date"]') to be visible\x1B[22m\n`[39m,
      stack: [32m'TimeoutError: page.waitForSelector: Timeout 60000ms exceeded.\n'[39m +
        [32m'Call log:\n'[39m +
        [32m`\x1B[2m  - waiting for locator('iframe[title="Iframe for expiry date"]') to be visible\x1B[22m\n`[39m +
        [32m'\n'[39m +
        [32m'    at payWithCard (C:\\playwright-project\\src\\page-objects\\paymentPage.ts:4:20)\n'[39m +
        [32m'    at payWithCardInformation (C:\\playwright-project\\src\\tests\\1TipsNoExtraNoSeat.spec.ts:86:22)\n'[39m +
        [32m'    at fn (C:\\playwright-project\\src\\tests\\1TipsNoExtraNoSeat.spec.ts:213:15)\n'[39m +
        [32m'    at runWithRetries (C:\\playwright-project\\src\\tests\\1TipsNoExtraNoSeat.spec.ts:122:13)\n'[39m +
        [32m'    at executeTests (C:\\playwright-project\\src\\tests\\1TipsNoExtraNoSeat.spec.ts:212:29)\n'[39m +
        [32m'    at C:\\playwright-project\\src\\tests\\1TipsNoExtraNoSeat.spec.ts:405:30'[39m,
      cause: [90mundefined[39m
    }
  }
}
Prueba payWithCard fallida después de 3 intentos.
Confirmation page validation failed: Flight Summary section not found on confirmation page
Intento 1 fallido en payWithCard: Error [ValidationError]: Flight Summary section not found on confirmation page
    at validationConfirmPage [90m(C:\playwright-project\[39msrc\page-objects\confirmation.ts:75:27[90m)[39m
[90m    at runNextTicks (node:internal/process/task_queues:65:5)[39m
[90m    at processImmediate (node:internal/timers:459:9)[39m
[90m    at process.callbackTrampoline (node:internal/async_hooks:130:17)[39m
    at validationConfirmationPage [90m(C:\playwright-project\[39msrc\tests\1TipsNoExtraNoSeat.spec.ts:91:3[90m)[39m
    at runWithRetries [90m(C:\playwright-project\[39msrc\tests\1TipsNoExtraNoSeat.spec.ts:122:7[90m)[39m
    at executeTests [90m(C:\playwright-project\[39msrc\tests\1TipsNoExtraNoSeat.spec.ts:222:29[90m)[39m
    at [90mC:\playwright-project\[39msrc\tests\1TipsNoExtraNoSeat.spec.ts:405:30
    at [90mC:\playwright-project\[39mnode_modules\[4mplaywright[24m\lib\worker\workerMain.js:339:9
    at [90mC:\playwright-project\[39mnode_modules\[4mplaywright[24m\lib\worker\testInfo.js:286:11
    at TimeoutManager.withRunnable [90m(C:\playwright-project\[39mnode_modules\[4mplaywright[24m\lib\worker\timeoutManager.js:64:14[90m)[39m
    at TestInfoImpl._runAsStage [90m(C:\playwright-project\[39mnode_modules\[4mplaywright[24m\lib\worker\testInfo.js:284:7[90m)[39m
    at [90mC:\playwright-project\[39mnode_modules\[4mplaywright[24m\lib\worker\workerMain.js:331:7
    at [90mC:\playwright-project\[39mnode_modules\[4mplaywright[24m\lib\worker\testInfo.js:286:11
    at TimeoutManager.withRunnable [90m(C:\playwright-project\[39mnode_modules\[4mplaywright[24m\lib\worker\timeoutManager.js:52:27[90m)[39m
    at TestInfoImpl._runAsStage [90m(C:\playwright-project\[39mnode_modules\[4mplaywright[24m\lib\worker\testInfo.js:284:7[90m)[39m
    at WorkerMain._runTest [90m(C:\playwright-project\[39mnode_modules\[4mplaywright[24m\lib\worker\workerMain.js:281:5[90m)[39m
    at WorkerMain.runTestGroup [90m(C:\playwright-project\[39mnode_modules\[4mplaywright[24m\lib\worker\workerMain.js:205:11[90m)[39m
    at process.&lt;anonymous&gt; [90m(C:\playwright-project\[39mnode_modules\[4mplaywright[24m\lib\common\process.js:95:22[90m)[39m {
  fatal: [33mtrue[39m
}
Confirmation page validation failed: Not on confirmation page URL
Intento 2 fallido en payWithCard: Error [ValidationError]: Not on confirmation page URL
    at validationConfirmPage [90m(C:\playwright-project\[39msrc\page-objects\confirmation.ts:83:27[90m)[39m
[90m    at runNextTicks (node:internal/process/task_queues:65:5)[39m
[90m    at processImmediate (node:internal/timers:459:9)[39m
[90m    at process.callbackTrampoline (node:internal/async_hooks:130:17)[39m
    at validationConfirmationPage [90m(C:\playwright-project\[39msrc\tests\1TipsNoExtraNoSeat.spec.ts:91:3[90m)[39m
    at runWithRetries [90m(C:\playwright-project\[39msrc\tests\1TipsNoExtraNoSeat.spec.ts:122:7[90m)[39m
    at executeTests [90m(C:\playwright-project\[39msrc\tests\1TipsNoExtraNoSeat.spec.ts:222:29[90m)[39m
    at [90mC:\playwright-project\[39msrc\tests\1TipsNoExtraNoSeat.spec.ts:405:30
    at [90mC:\playwright-project\[39mnode_modules\[4mplaywright[24m\lib\worker\workerMain.js:339:9
    at [90mC:\playwright-project\[39mnode_modules\[4mplaywright[24m\lib\worker\testInfo.js:286:11
    at TimeoutManager.withRunnable [90m(C:\playwright-project\[39mnode_modules\[4mplaywright[24m\lib\worker\timeoutManager.js:64:14[90m)[39m
    at TestInfoImpl._runAsStage [90m(C:\playwright-project\[39mnode_modules\[4mplaywright[24m\lib\worker\testInfo.js:284:7[90m)[39m
    at [90mC:\playwright-project\[39mnode_modules\[4mplaywright[24m\lib\worker\workerMain.js:331:7
    at [90mC:\playwright-project\[39mnode_modules\[4mplaywright[24m\lib\worker\testInfo.js:286:11
    at TimeoutManager.withRunnable [90m(C:\playwright-project\[39mnode_modules\[4mplaywright[24m\lib\worker\timeoutManager.js:52:27[90m)[39m
    at TestInfoImpl._runAsStage [90m(C:\playwright-project\[39mnode_modules\[4mplaywright[24m\lib\worker\testInfo.js:284:7[90m)[39m
    at WorkerMain._runTest [90m(C:\playwright-project\[39mnode_modules\[4mplaywright[24m\lib\worker\workerMain.js:281:5[90m)[39m
    at WorkerMain.runTestGroup [90m(C:\playwright-project\[39mnode_modules\[4mplaywright[24m\lib\worker\workerMain.js:205:11[90m)[39m
    at process.&lt;anonymous&gt; [90m(C:\playwright-project\[39mnode_modules\[4mplaywright[24m\lib\common\process.js:95:22[90m)[39m {
  fatal: [33mtrue[39m
}

</system-err>
</testcase>
<testcase name="5. Compra 1 Adulto - 1 niño - Economy Light - Economy Light - Nombre con caracteres especiales - con assitence - sin asiento - sin extras › Ejecución completa con reintentos" classname="1TipsNoExtraNoSeat.spec.ts" time="70.681">
<system-out>
Ejecución completa, intento 1 de 5
Ejecutando Booking, intento 1
Fecha de salida seleccionada: { year: [32m'2025'[39m, month: [32m'6'[39m, index: [33m1[39m, value: [33m5[39m }
Ajustando número de pasajeros
Successfully clicked the element: div.price-cabin:has-text("Economy")
Ejecutando fillPassengerAdult 1, intento 1
Ejecutando fillPassengerChild 1, intento 1
Ejecutando fillContact, intento 1
Ejecutando payWithCard, intento 1
Iframe encontrado.
Ejecutando payWithCard, intento 1
Ejecutando payWithCard, intento 2
Ejecutando payWithCard, intento 3
Successfully saved booking code M92SX to Excel

</system-out>
<system-err>
Confirmation page validation failed: Flight Summary section not found on confirmation page
Intento 1 fallido en payWithCard: Error [ValidationError]: Flight Summary section not found on confirmation page
    at validationConfirmPage [90m(C:\playwright-project\[39msrc\page-objects\confirmation.ts:75:27[90m)[39m
[90m    at runNextTicks (node:internal/process/task_queues:65:5)[39m
[90m    at processImmediate (node:internal/timers:459:9)[39m
[90m    at process.callbackTrampoline (node:internal/async_hooks:130:17)[39m
    at validationConfirmationPage [90m(C:\playwright-project\[39msrc\tests\1TipsNoExtraNoSeat.spec.ts:91:3[90m)[39m
    at runWithRetries [90m(C:\playwright-project\[39msrc\tests\1TipsNoExtraNoSeat.spec.ts:122:7[90m)[39m
    at executeTests [90m(C:\playwright-project\[39msrc\tests\1TipsNoExtraNoSeat.spec.ts:222:29[90m)[39m
    at [90mC:\playwright-project\[39msrc\tests\1TipsNoExtraNoSeat.spec.ts:450:29
    at [90mC:\playwright-project\[39mnode_modules\[4mplaywright[24m\lib\worker\workerMain.js:339:9
    at [90mC:\playwright-project\[39mnode_modules\[4mplaywright[24m\lib\worker\testInfo.js:286:11
    at TimeoutManager.withRunnable [90m(C:\playwright-project\[39mnode_modules\[4mplaywright[24m\lib\worker\timeoutManager.js:64:14[90m)[39m
    at TestInfoImpl._runAsStage [90m(C:\playwright-project\[39mnode_modules\[4mplaywright[24m\lib\worker\testInfo.js:284:7[90m)[39m
    at [90mC:\playwright-project\[39mnode_modules\[4mplaywright[24m\lib\worker\workerMain.js:331:7
    at [90mC:\playwright-project\[39mnode_modules\[4mplaywright[24m\lib\worker\testInfo.js:286:11
    at TimeoutManager.withRunnable [90m(C:\playwright-project\[39mnode_modules\[4mplaywright[24m\lib\worker\timeoutManager.js:52:27[90m)[39m
    at TestInfoImpl._runAsStage [90m(C:\playwright-project\[39mnode_modules\[4mplaywright[24m\lib\worker\testInfo.js:284:7[90m)[39m
    at WorkerMain._runTest [90m(C:\playwright-project\[39mnode_modules\[4mplaywright[24m\lib\worker\workerMain.js:281:5[90m)[39m
    at WorkerMain.runTestGroup [90m(C:\playwright-project\[39mnode_modules\[4mplaywright[24m\lib\worker\workerMain.js:205:11[90m)[39m
    at process.&lt;anonymous&gt; [90m(C:\playwright-project\[39mnode_modules\[4mplaywright[24m\lib\common\process.js:95:22[90m)[39m {
  fatal: [33mtrue[39m
}
Confirmation page validation failed: Not on confirmation page URL
Intento 2 fallido en payWithCard: Error [ValidationError]: Not on confirmation page URL
    at validationConfirmPage [90m(C:\playwright-project\[39msrc\page-objects\confirmation.ts:83:27[90m)[39m
    at validationConfirmationPage [90m(C:\playwright-project\[39msrc\tests\1TipsNoExtraNoSeat.spec.ts:91:3[90m)[39m
    at runWithRetries [90m(C:\playwright-project\[39msrc\tests\1TipsNoExtraNoSeat.spec.ts:122:7[90m)[39m
    at executeTests [90m(C:\playwright-project\[39msrc\tests\1TipsNoExtraNoSeat.spec.ts:222:29[90m)[39m
    at [90mC:\playwright-project\[39msrc\tests\1TipsNoExtraNoSeat.spec.ts:450:29
    at [90mC:\playwright-project\[39mnode_modules\[4mplaywright[24m\lib\worker\workerMain.js:339:9
    at [90mC:\playwright-project\[39mnode_modules\[4mplaywright[24m\lib\worker\testInfo.js:286:11
    at TimeoutManager.withRunnable [90m(C:\playwright-project\[39mnode_modules\[4mplaywright[24m\lib\worker\timeoutManager.js:64:14[90m)[39m
    at TestInfoImpl._runAsStage [90m(C:\playwright-project\[39mnode_modules\[4mplaywright[24m\lib\worker\testInfo.js:284:7[90m)[39m
    at [90mC:\playwright-project\[39mnode_modules\[4mplaywright[24m\lib\worker\workerMain.js:331:7
    at [90mC:\playwright-project\[39mnode_modules\[4mplaywright[24m\lib\worker\testInfo.js:286:11
    at TimeoutManager.withRunnable [90m(C:\playwright-project\[39mnode_modules\[4mplaywright[24m\lib\worker\timeoutManager.js:52:27[90m)[39m
    at TestInfoImpl._runAsStage [90m(C:\playwright-project\[39mnode_modules\[4mplaywright[24m\lib\worker\testInfo.js:284:7[90m)[39m
    at WorkerMain._runTest [90m(C:\playwright-project\[39mnode_modules\[4mplaywright[24m\lib\worker\workerMain.js:281:5[90m)[39m
    at WorkerMain.runTestGroup [90m(C:\playwright-project\[39mnode_modules\[4mplaywright[24m\lib\worker\workerMain.js:205:11[90m)[39m
    at process.&lt;anonymous&gt; [90m(C:\playwright-project\[39mnode_modules\[4mplaywright[24m\lib\common\process.js:95:22[90m)[39m {
  fatal: [33mtrue[39m
}

</system-err>
</testcase>
<testcase name="6. Compra 1 Adulto - 3 niño - Economy Light - Economy Light - Nombre con caracteres especiales - con assitence - sin asiento - sin extras › Ejecución completa con reintentos" classname="1TipsNoExtraNoSeat.spec.ts" time="78.435">
<system-out>
Ejecución completa, intento 1 de 5
Ejecutando Booking, intento 1
Fecha de salida seleccionada: { year: [32m'2025'[39m, month: [32m'6'[39m, index: [33m6[39m, value: [33m17[39m }
Ajustando número de pasajeros
Successfully clicked the element: div.price-cabin:has-text("Economy")
Ejecutando fillPassengerAdult 1, intento 1
Ejecutando fillPassengerChild 1, intento 1
Ejecutando fillPassengerChild 2, intento 1
Ejecutando fillPassengerChild 3, intento 1
Ejecutando fillContact, intento 1
Ejecutando payWithCard, intento 1
Iframe encontrado.
Ejecutando payWithCard, intento 1
Ejecutando payWithCard, intento 2
Ejecutando payWithCard, intento 3
Successfully saved booking code M92T0 to Excel

</system-out>
<system-err>
Confirmation page validation failed: Flight Summary section not found on confirmation page
Intento 1 fallido en payWithCard: Error [ValidationError]: Flight Summary section not found on confirmation page
    at validationConfirmPage [90m(C:\playwright-project\[39msrc\page-objects\confirmation.ts:75:27[90m)[39m
[90m    at runNextTicks (node:internal/process/task_queues:65:5)[39m
[90m    at processImmediate (node:internal/timers:459:9)[39m
[90m    at process.callbackTrampoline (node:internal/async_hooks:130:17)[39m
    at validationConfirmationPage [90m(C:\playwright-project\[39msrc\tests\1TipsNoExtraNoSeat.spec.ts:91:3[90m)[39m
    at runWithRetries [90m(C:\playwright-project\[39msrc\tests\1TipsNoExtraNoSeat.spec.ts:122:7[90m)[39m
    at executeTests [90m(C:\playwright-project\[39msrc\tests\1TipsNoExtraNoSeat.spec.ts:222:29[90m)[39m
    at [90mC:\playwright-project\[39msrc\tests\1TipsNoExtraNoSeat.spec.ts:496:30
    at [90mC:\playwright-project\[39mnode_modules\[4mplaywright[24m\lib\worker\workerMain.js:339:9
    at [90mC:\playwright-project\[39mnode_modules\[4mplaywright[24m\lib\worker\testInfo.js:286:11
    at TimeoutManager.withRunnable [90m(C:\playwright-project\[39mnode_modules\[4mplaywright[24m\lib\worker\timeoutManager.js:64:14[90m)[39m
    at TestInfoImpl._runAsStage [90m(C:\playwright-project\[39mnode_modules\[4mplaywright[24m\lib\worker\testInfo.js:284:7[90m)[39m
    at [90mC:\playwright-project\[39mnode_modules\[4mplaywright[24m\lib\worker\workerMain.js:331:7
    at [90mC:\playwright-project\[39mnode_modules\[4mplaywright[24m\lib\worker\testInfo.js:286:11
    at TimeoutManager.withRunnable [90m(C:\playwright-project\[39mnode_modules\[4mplaywright[24m\lib\worker\timeoutManager.js:52:27[90m)[39m
    at TestInfoImpl._runAsStage [90m(C:\playwright-project\[39mnode_modules\[4mplaywright[24m\lib\worker\testInfo.js:284:7[90m)[39m
    at WorkerMain._runTest [90m(C:\playwright-project\[39mnode_modules\[4mplaywright[24m\lib\worker\workerMain.js:281:5[90m)[39m
    at WorkerMain.runTestGroup [90m(C:\playwright-project\[39mnode_modules\[4mplaywright[24m\lib\worker\workerMain.js:205:11[90m)[39m
    at process.&lt;anonymous&gt; [90m(C:\playwright-project\[39mnode_modules\[4mplaywright[24m\lib\common\process.js:95:22[90m)[39m {
  fatal: [33mtrue[39m
}
Confirmation page validation failed: Not on confirmation page URL
Intento 2 fallido en payWithCard: Error [ValidationError]: Not on confirmation page URL
    at validationConfirmPage [90m(C:\playwright-project\[39msrc\page-objects\confirmation.ts:83:27[90m)[39m
    at validationConfirmationPage [90m(C:\playwright-project\[39msrc\tests\1TipsNoExtraNoSeat.spec.ts:91:3[90m)[39m
    at runWithRetries [90m(C:\playwright-project\[39msrc\tests\1TipsNoExtraNoSeat.spec.ts:122:7[90m)[39m
    at executeTests [90m(C:\playwright-project\[39msrc\tests\1TipsNoExtraNoSeat.spec.ts:222:29[90m)[39m
    at [90mC:\playwright-project\[39msrc\tests\1TipsNoExtraNoSeat.spec.ts:496:30
    at [90mC:\playwright-project\[39mnode_modules\[4mplaywright[24m\lib\worker\workerMain.js:339:9
    at [90mC:\playwright-project\[39mnode_modules\[4mplaywright[24m\lib\worker\testInfo.js:286:11
    at TimeoutManager.withRunnable [90m(C:\playwright-project\[39mnode_modules\[4mplaywright[24m\lib\worker\timeoutManager.js:64:14[90m)[39m
    at TestInfoImpl._runAsStage [90m(C:\playwright-project\[39mnode_modules\[4mplaywright[24m\lib\worker\testInfo.js:284:7[90m)[39m
    at [90mC:\playwright-project\[39mnode_modules\[4mplaywright[24m\lib\worker\workerMain.js:331:7
    at [90mC:\playwright-project\[39mnode_modules\[4mplaywright[24m\lib\worker\testInfo.js:286:11
    at TimeoutManager.withRunnable [90m(C:\playwright-project\[39mnode_modules\[4mplaywright[24m\lib\worker\timeoutManager.js:52:27[90m)[39m
    at TestInfoImpl._runAsStage [90m(C:\playwright-project\[39mnode_modules\[4mplaywright[24m\lib\worker\testInfo.js:284:7[90m)[39m
    at WorkerMain._runTest [90m(C:\playwright-project\[39mnode_modules\[4mplaywright[24m\lib\worker\workerMain.js:281:5[90m)[39m
    at WorkerMain.runTestGroup [90m(C:\playwright-project\[39mnode_modules\[4mplaywright[24m\lib\worker\workerMain.js:205:11[90m)[39m
    at process.&lt;anonymous&gt; [90m(C:\playwright-project\[39mnode_modules\[4mplaywright[24m\lib\common\process.js:95:22[90m)[39m {
  fatal: [33mtrue[39m
}

</system-err>
</testcase>
<testcase name="7. Compra 1 Adulto - 1 infante - Economy Light- Nombre con caracteres especiales - sin asiento - sin extras › Ejecución completa con reintentos" classname="1TipsNoExtraNoSeat.spec.ts" time="42.567">
<system-out>
Ejecución completa, intento 1 de 5
Ejecutando Booking, intento 1
Fecha de salida seleccionada: { year: [32m'2025'[39m, month: [32m'6'[39m, index: [33m6[39m, value: [33m17[39m }
Ajustando número de pasajeros
Successfully clicked the element: div.price-cabin:has-text("Economy")
Ejecutando fillPassengerAdult 1, intento 1
Ejecutando fillPassengerInfant 1, intento 1
Ejecutando fillContact, intento 1
Ejecutando payWithCard, intento 1
Iframe encontrado.
Ejecutando payWithCard, intento 1
Ejecutando payWithCard, intento 2
Ejecutando payWithCard, intento 3
Successfully saved booking code M92TC to Excel

</system-out>
<system-err>
Error while filling passenger data: TypeError: Cannot read properties of undefined (reading 'length')
    at fillPassengerFor [90m(C:\playwright-project\[39msrc\page-objects\PassengerPage.ts:31:27[90m)[39m
    at fillPassengerInformation [90m(C:\playwright-project\[39msrc\tests\1TipsNoExtraNoSeat.spec.ts:77:5[90m)[39m
    at runWithRetries [90m(C:\playwright-project\[39msrc\tests\1TipsNoExtraNoSeat.spec.ts:122:7[90m)[39m
    at executeTests [90m(C:\playwright-project\[39msrc\tests\1TipsNoExtraNoSeat.spec.ts:180:29[90m)[39m
    at [90mC:\playwright-project\[39msrc\tests\1TipsNoExtraNoSeat.spec.ts:541:30
    at [90mC:\playwright-project\[39mnode_modules\[4mplaywright[24m\lib\worker\workerMain.js:339:9
    at [90mC:\playwright-project\[39mnode_modules\[4mplaywright[24m\lib\worker\testInfo.js:286:11
    at TimeoutManager.withRunnable [90m(C:\playwright-project\[39mnode_modules\[4mplaywright[24m\lib\worker\timeoutManager.js:64:14[90m)[39m
    at TestInfoImpl._runAsStage [90m(C:\playwright-project\[39mnode_modules\[4mplaywright[24m\lib\worker\testInfo.js:284:7[90m)[39m
    at [90mC:\playwright-project\[39mnode_modules\[4mplaywright[24m\lib\worker\workerMain.js:331:7
    at [90mC:\playwright-project\[39mnode_modules\[4mplaywright[24m\lib\worker\testInfo.js:286:11
    at TimeoutManager.withRunnable [90m(C:\playwright-project\[39mnode_modules\[4mplaywright[24m\lib\worker\timeoutManager.js:52:27[90m)[39m
    at TestInfoImpl._runAsStage [90m(C:\playwright-project\[39mnode_modules\[4mplaywright[24m\lib\worker\testInfo.js:284:7[90m)[39m
    at WorkerMain._runTest [90m(C:\playwright-project\[39mnode_modules\[4mplaywright[24m\lib\worker\workerMain.js:281:5[90m)[39m
    at WorkerMain.runTestGroup [90m(C:\playwright-project\[39mnode_modules\[4mplaywright[24m\lib\worker\workerMain.js:205:11[90m)[39m
    at process.&lt;anonymous&gt; [90m(C:\playwright-project\[39mnode_modules\[4mplaywright[24m\lib\common\process.js:95:22[90m)[39m
Confirmation page validation failed: Flight Summary section not found on confirmation page
Intento 1 fallido en payWithCard: Error [ValidationError]: Flight Summary section not found on confirmation page
    at validationConfirmPage [90m(C:\playwright-project\[39msrc\page-objects\confirmation.ts:75:27[90m)[39m
[90m    at runNextTicks (node:internal/process/task_queues:65:5)[39m
[90m    at processImmediate (node:internal/timers:459:9)[39m
[90m    at process.callbackTrampoline (node:internal/async_hooks:130:17)[39m
    at validationConfirmationPage [90m(C:\playwright-project\[39msrc\tests\1TipsNoExtraNoSeat.spec.ts:91:3[90m)[39m
    at runWithRetries [90m(C:\playwright-project\[39msrc\tests\1TipsNoExtraNoSeat.spec.ts:122:7[90m)[39m
    at executeTests [90m(C:\playwright-project\[39msrc\tests\1TipsNoExtraNoSeat.spec.ts:222:29[90m)[39m
    at [90mC:\playwright-project\[39msrc\tests\1TipsNoExtraNoSeat.spec.ts:541:30
    at [90mC:\playwright-project\[39mnode_modules\[4mplaywright[24m\lib\worker\workerMain.js:339:9
    at [90mC:\playwright-project\[39mnode_modules\[4mplaywright[24m\lib\worker\testInfo.js:286:11
    at TimeoutManager.withRunnable [90m(C:\playwright-project\[39mnode_modules\[4mplaywright[24m\lib\worker\timeoutManager.js:64:14[90m)[39m
    at TestInfoImpl._runAsStage [90m(C:\playwright-project\[39mnode_modules\[4mplaywright[24m\lib\worker\testInfo.js:284:7[90m)[39m
    at [90mC:\playwright-project\[39mnode_modules\[4mplaywright[24m\lib\worker\workerMain.js:331:7
    at [90mC:\playwright-project\[39mnode_modules\[4mplaywright[24m\lib\worker\testInfo.js:286:11
    at TimeoutManager.withRunnable [90m(C:\playwright-project\[39mnode_modules\[4mplaywright[24m\lib\worker\timeoutManager.js:52:27[90m)[39m
    at TestInfoImpl._runAsStage [90m(C:\playwright-project\[39mnode_modules\[4mplaywright[24m\lib\worker\testInfo.js:284:7[90m)[39m
    at WorkerMain._runTest [90m(C:\playwright-project\[39mnode_modules\[4mplaywright[24m\lib\worker\workerMain.js:281:5[90m)[39m
    at WorkerMain.runTestGroup [90m(C:\playwright-project\[39mnode_modules\[4mplaywright[24m\lib\worker\workerMain.js:205:11[90m)[39m
    at process.&lt;anonymous&gt; [90m(C:\playwright-project\[39mnode_modules\[4mplaywright[24m\lib\common\process.js:95:22[90m)[39m {
  fatal: [33mtrue[39m
}
Confirmation page validation failed: Not on confirmation page URL
Intento 2 fallido en payWithCard: Error [ValidationError]: Not on confirmation page URL
    at validationConfirmPage [90m(C:\playwright-project\[39msrc\page-objects\confirmation.ts:83:27[90m)[39m
    at validationConfirmationPage [90m(C:\playwright-project\[39msrc\tests\1TipsNoExtraNoSeat.spec.ts:91:3[90m)[39m
    at runWithRetries [90m(C:\playwright-project\[39msrc\tests\1TipsNoExtraNoSeat.spec.ts:122:7[90m)[39m
    at executeTests [90m(C:\playwright-project\[39msrc\tests\1TipsNoExtraNoSeat.spec.ts:222:29[90m)[39m
    at [90mC:\playwright-project\[39msrc\tests\1TipsNoExtraNoSeat.spec.ts:541:30
    at [90mC:\playwright-project\[39mnode_modules\[4mplaywright[24m\lib\worker\workerMain.js:339:9
    at [90mC:\playwright-project\[39mnode_modules\[4mplaywright[24m\lib\worker\testInfo.js:286:11
    at TimeoutManager.withRunnable [90m(C:\playwright-project\[39mnode_modules\[4mplaywright[24m\lib\worker\timeoutManager.js:64:14[90m)[39m
    at TestInfoImpl._runAsStage [90m(C:\playwright-project\[39mnode_modules\[4mplaywright[24m\lib\worker\testInfo.js:284:7[90m)[39m
    at [90mC:\playwright-project\[39mnode_modules\[4mplaywright[24m\lib\worker\workerMain.js:331:7
    at [90mC:\playwright-project\[39mnode_modules\[4mplaywright[24m\lib\worker\testInfo.js:286:11
    at TimeoutManager.withRunnable [90m(C:\playwright-project\[39mnode_modules\[4mplaywright[24m\lib\worker\timeoutManager.js:52:27[90m)[39m
    at TestInfoImpl._runAsStage [90m(C:\playwright-project\[39mnode_modules\[4mplaywright[24m\lib\worker\testInfo.js:284:7[90m)[39m
    at WorkerMain._runTest [90m(C:\playwright-project\[39mnode_modules\[4mplaywright[24m\lib\worker\workerMain.js:281:5[90m)[39m
    at WorkerMain.runTestGroup [90m(C:\playwright-project\[39mnode_modules\[4mplaywright[24m\lib\worker\workerMain.js:205:11[90m)[39m
    at process.&lt;anonymous&gt; [90m(C:\playwright-project\[39mnode_modules\[4mplaywright[24m\lib\common\process.js:95:22[90m)[39m {
  fatal: [33mtrue[39m
}

</system-err>
</testcase>
<testcase name="8. Compra 1 Adulto Economy Light - Nombre sin caracteres especiales - sin assitence - sin asiento - sin extras › Ejecución completa con reintentos" classname="1TipsNoExtraNoSeat.spec.ts" time="36.384">
<system-out>
Ejecución completa, intento 1 de 5
Ejecutando Booking, intento 1
Fecha de salida seleccionada: { year: [32m'2025'[39m, month: [32m'7'[39m, index: [33m0[39m, value: [33m1[39m }
Ajustando número de pasajeros
Successfully clicked the element: div.price-cabin:has-text("Economy")
Ejecutando fillPassengerAdult 1, intento 1
Ejecutando fillContact, intento 1
Ejecutando payWithCard, intento 1
Iframe encontrado.
Ejecutando payWithCard, intento 1
Ejecutando payWithCard, intento 2
Ejecutando payWithCard, intento 3
Successfully saved booking code M92T8 to Excel

</system-out>
<system-err>
Confirmation page validation failed: Flight Summary section not found on confirmation page
Intento 1 fallido en payWithCard: Error [ValidationError]: Flight Summary section not found on confirmation page
    at validationConfirmPage [90m(C:\playwright-project\[39msrc\page-objects\confirmation.ts:75:27[90m)[39m
[90m    at runNextTicks (node:internal/process/task_queues:65:5)[39m
[90m    at processImmediate (node:internal/timers:459:9)[39m
[90m    at process.callbackTrampoline (node:internal/async_hooks:130:17)[39m
    at validationConfirmationPage [90m(C:\playwright-project\[39msrc\tests\1TipsNoExtraNoSeat.spec.ts:91:3[90m)[39m
    at runWithRetries [90m(C:\playwright-project\[39msrc\tests\1TipsNoExtraNoSeat.spec.ts:122:7[90m)[39m
    at executeTests [90m(C:\playwright-project\[39msrc\tests\1TipsNoExtraNoSeat.spec.ts:222:29[90m)[39m
    at [90mC:\playwright-project\[39msrc\tests\1TipsNoExtraNoSeat.spec.ts:582:30
    at [90mC:\playwright-project\[39mnode_modules\[4mplaywright[24m\lib\worker\workerMain.js:339:9
    at [90mC:\playwright-project\[39mnode_modules\[4mplaywright[24m\lib\worker\testInfo.js:286:11
    at TimeoutManager.withRunnable [90m(C:\playwright-project\[39mnode_modules\[4mplaywright[24m\lib\worker\timeoutManager.js:64:14[90m)[39m
    at TestInfoImpl._runAsStage [90m(C:\playwright-project\[39mnode_modules\[4mplaywright[24m\lib\worker\testInfo.js:284:7[90m)[39m
    at [90mC:\playwright-project\[39mnode_modules\[4mplaywright[24m\lib\worker\workerMain.js:331:7
    at [90mC:\playwright-project\[39mnode_modules\[4mplaywright[24m\lib\worker\testInfo.js:286:11
    at TimeoutManager.withRunnable [90m(C:\playwright-project\[39mnode_modules\[4mplaywright[24m\lib\worker\timeoutManager.js:52:27[90m)[39m
    at TestInfoImpl._runAsStage [90m(C:\playwright-project\[39mnode_modules\[4mplaywright[24m\lib\worker\testInfo.js:284:7[90m)[39m
    at WorkerMain._runTest [90m(C:\playwright-project\[39mnode_modules\[4mplaywright[24m\lib\worker\workerMain.js:281:5[90m)[39m
    at WorkerMain.runTestGroup [90m(C:\playwright-project\[39mnode_modules\[4mplaywright[24m\lib\worker\workerMain.js:205:11[90m)[39m
    at process.&lt;anonymous&gt; [90m(C:\playwright-project\[39mnode_modules\[4mplaywright[24m\lib\common\process.js:95:22[90m)[39m {
  fatal: [33mtrue[39m
}
Confirmation page validation failed: Not on confirmation page URL
Intento 2 fallido en payWithCard: Error [ValidationError]: Not on confirmation page URL
    at validationConfirmPage [90m(C:\playwright-project\[39msrc\page-objects\confirmation.ts:83:27[90m)[39m
    at validationConfirmationPage [90m(C:\playwright-project\[39msrc\tests\1TipsNoExtraNoSeat.spec.ts:91:3[90m)[39m
    at runWithRetries [90m(C:\playwright-project\[39msrc\tests\1TipsNoExtraNoSeat.spec.ts:122:7[90m)[39m
    at executeTests [90m(C:\playwright-project\[39msrc\tests\1TipsNoExtraNoSeat.spec.ts:222:29[90m)[39m
    at [90mC:\playwright-project\[39msrc\tests\1TipsNoExtraNoSeat.spec.ts:582:30
    at [90mC:\playwright-project\[39mnode_modules\[4mplaywright[24m\lib\worker\workerMain.js:339:9
    at [90mC:\playwright-project\[39mnode_modules\[4mplaywright[24m\lib\worker\testInfo.js:286:11
    at TimeoutManager.withRunnable [90m(C:\playwright-project\[39mnode_modules\[4mplaywright[24m\lib\worker\timeoutManager.js:64:14[90m)[39m
    at TestInfoImpl._runAsStage [90m(C:\playwright-project\[39mnode_modules\[4mplaywright[24m\lib\worker\testInfo.js:284:7[90m)[39m
    at [90mC:\playwright-project\[39mnode_modules\[4mplaywright[24m\lib\worker\workerMain.js:331:7
    at [90mC:\playwright-project\[39mnode_modules\[4mplaywright[24m\lib\worker\testInfo.js:286:11
    at TimeoutManager.withRunnable [90m(C:\playwright-project\[39mnode_modules\[4mplaywright[24m\lib\worker\timeoutManager.js:52:27[90m)[39m
    at TestInfoImpl._runAsStage [90m(C:\playwright-project\[39mnode_modules\[4mplaywright[24m\lib\worker\testInfo.js:284:7[90m)[39m
    at WorkerMain._runTest [90m(C:\playwright-project\[39mnode_modules\[4mplaywright[24m\lib\worker\workerMain.js:281:5[90m)[39m
    at WorkerMain.runTestGroup [90m(C:\playwright-project\[39mnode_modules\[4mplaywright[24m\lib\worker\workerMain.js:205:11[90m)[39m
    at process.&lt;anonymous&gt; [90m(C:\playwright-project\[39mnode_modules\[4mplaywright[24m\lib\common\process.js:95:22[90m)[39m {
  fatal: [33mtrue[39m
}

</system-err>
</testcase>
<testcase name="10. Compra 1 Adulto Economy Extra - Nombre sin caracteres especiales - sin assitence - sin asiento - sin extras › Ejecución completa con reintentos" classname="1TipsNoExtraNoSeat.spec.ts" time="35.765">
<system-out>
Ejecución completa, intento 1 de 5
Ejecutando Booking, intento 1
Fecha de salida seleccionada: { year: [32m'2025'[39m, month: [32m'6'[39m, index: [33m9[39m, value: [33m24[39m }
Ajustando número de pasajeros
Successfully clicked the element: div.price-cabin:has-text("Economy")
Ejecutando fillPassengerAdult 1, intento 1
Ejecutando fillContact, intento 1
Ejecutando payWithCard, intento 1
Iframe encontrado.
Ejecutando payWithCard, intento 1
Ejecutando payWithCard, intento 2
Ejecutando payWithCard, intento 3
Successfully saved booking code M92TJ to Excel

</system-out>
<system-err>
Confirmation page validation failed: Flight Summary section not found on confirmation page
Intento 1 fallido en payWithCard: Error [ValidationError]: Flight Summary section not found on confirmation page
    at validationConfirmPage [90m(C:\playwright-project\[39msrc\page-objects\confirmation.ts:75:27[90m)[39m
[90m    at runNextTicks (node:internal/process/task_queues:65:5)[39m
[90m    at processImmediate (node:internal/timers:459:9)[39m
[90m    at process.callbackTrampoline (node:internal/async_hooks:130:17)[39m
    at validationConfirmationPage [90m(C:\playwright-project\[39msrc\tests\1TipsNoExtraNoSeat.spec.ts:91:3[90m)[39m
    at runWithRetries [90m(C:\playwright-project\[39msrc\tests\1TipsNoExtraNoSeat.spec.ts:122:7[90m)[39m
    at executeTests [90m(C:\playwright-project\[39msrc\tests\1TipsNoExtraNoSeat.spec.ts:222:29[90m)[39m
    at [90mC:\playwright-project\[39msrc\tests\1TipsNoExtraNoSeat.spec.ts:667:30
    at [90mC:\playwright-project\[39mnode_modules\[4mplaywright[24m\lib\worker\workerMain.js:339:9
    at [90mC:\playwright-project\[39mnode_modules\[4mplaywright[24m\lib\worker\testInfo.js:286:11
    at TimeoutManager.withRunnable [90m(C:\playwright-project\[39mnode_modules\[4mplaywright[24m\lib\worker\timeoutManager.js:64:14[90m)[39m
    at TestInfoImpl._runAsStage [90m(C:\playwright-project\[39mnode_modules\[4mplaywright[24m\lib\worker\testInfo.js:284:7[90m)[39m
    at [90mC:\playwright-project\[39mnode_modules\[4mplaywright[24m\lib\worker\workerMain.js:331:7
    at [90mC:\playwright-project\[39mnode_modules\[4mplaywright[24m\lib\worker\testInfo.js:286:11
    at TimeoutManager.withRunnable [90m(C:\playwright-project\[39mnode_modules\[4mplaywright[24m\lib\worker\timeoutManager.js:52:27[90m)[39m
    at TestInfoImpl._runAsStage [90m(C:\playwright-project\[39mnode_modules\[4mplaywright[24m\lib\worker\testInfo.js:284:7[90m)[39m
    at WorkerMain._runTest [90m(C:\playwright-project\[39mnode_modules\[4mplaywright[24m\lib\worker\workerMain.js:281:5[90m)[39m
    at WorkerMain.runTestGroup [90m(C:\playwright-project\[39mnode_modules\[4mplaywright[24m\lib\worker\workerMain.js:205:11[90m)[39m
    at process.&lt;anonymous&gt; [90m(C:\playwright-project\[39mnode_modules\[4mplaywright[24m\lib\common\process.js:95:22[90m)[39m {
  fatal: [33mtrue[39m
}
Confirmation page validation failed: Not on confirmation page URL
Intento 2 fallido en payWithCard: Error [ValidationError]: Not on confirmation page URL
    at validationConfirmPage [90m(C:\playwright-project\[39msrc\page-objects\confirmation.ts:83:27[90m)[39m
    at validationConfirmationPage [90m(C:\playwright-project\[39msrc\tests\1TipsNoExtraNoSeat.spec.ts:91:3[90m)[39m
    at runWithRetries [90m(C:\playwright-project\[39msrc\tests\1TipsNoExtraNoSeat.spec.ts:122:7[90m)[39m
    at executeTests [90m(C:\playwright-project\[39msrc\tests\1TipsNoExtraNoSeat.spec.ts:222:29[90m)[39m
    at [90mC:\playwright-project\[39msrc\tests\1TipsNoExtraNoSeat.spec.ts:667:30
    at [90mC:\playwright-project\[39mnode_modules\[4mplaywright[24m\lib\worker\workerMain.js:339:9
    at [90mC:\playwright-project\[39mnode_modules\[4mplaywright[24m\lib\worker\testInfo.js:286:11
    at TimeoutManager.withRunnable [90m(C:\playwright-project\[39mnode_modules\[4mplaywright[24m\lib\worker\timeoutManager.js:64:14[90m)[39m
    at TestInfoImpl._runAsStage [90m(C:\playwright-project\[39mnode_modules\[4mplaywright[24m\lib\worker\testInfo.js:284:7[90m)[39m
    at [90mC:\playwright-project\[39mnode_modules\[4mplaywright[24m\lib\worker\workerMain.js:331:7
    at [90mC:\playwright-project\[39mnode_modules\[4mplaywright[24m\lib\worker\testInfo.js:286:11
    at TimeoutManager.withRunnable [90m(C:\playwright-project\[39mnode_modules\[4mplaywright[24m\lib\worker\timeoutManager.js:52:27[90m)[39m
    at TestInfoImpl._runAsStage [90m(C:\playwright-project\[39mnode_modules\[4mplaywright[24m\lib\worker\testInfo.js:284:7[90m)[39m
    at WorkerMain._runTest [90m(C:\playwright-project\[39mnode_modules\[4mplaywright[24m\lib\worker\workerMain.js:281:5[90m)[39m
    at WorkerMain.runTestGroup [90m(C:\playwright-project\[39mnode_modules\[4mplaywright[24m\lib\worker\workerMain.js:205:11[90m)[39m
    at process.&lt;anonymous&gt; [90m(C:\playwright-project\[39mnode_modules\[4mplaywright[24m\lib\common\process.js:95:22[90m)[39m {
  fatal: [33mtrue[39m
}

</system-err>
</testcase>
<testcase name="11. Compra 1 Adulto Premium Light- Nombre sin caracteres especiales - sin assitence - sin asiento - sin extras › Ejecución completa con reintentos" classname="1TipsNoExtraNoSeat.spec.ts" time="35.049">
<system-out>
Ejecución completa, intento 1 de 5
Ejecutando Booking, intento 1
Fecha de salida seleccionada: { year: [32m'2025'[39m, month: [32m'6'[39m, index: [33m4[39m, value: [33m12[39m }
Ajustando número de pasajeros
Successfully clicked the element: div.price-cabin:has-text("Premium")
Ejecutando fillPassengerAdult 1, intento 1
Ejecutando fillContact, intento 1
Ejecutando payWithCard, intento 1
Iframe encontrado.
Ejecutando payWithCard, intento 1
Ejecutando payWithCard, intento 2
Ejecutando payWithCard, intento 3
Successfully saved booking code M92TK to Excel

</system-out>
<system-err>
Confirmation page validation failed: Flight Summary section not found on confirmation page
Intento 1 fallido en payWithCard: Error [ValidationError]: Flight Summary section not found on confirmation page
    at validationConfirmPage [90m(C:\playwright-project\[39msrc\page-objects\confirmation.ts:75:27[90m)[39m
[90m    at runNextTicks (node:internal/process/task_queues:65:5)[39m
[90m    at processImmediate (node:internal/timers:459:9)[39m
[90m    at process.callbackTrampoline (node:internal/async_hooks:130:17)[39m
    at validationConfirmationPage [90m(C:\playwright-project\[39msrc\tests\1TipsNoExtraNoSeat.spec.ts:91:3[90m)[39m
    at runWithRetries [90m(C:\playwright-project\[39msrc\tests\1TipsNoExtraNoSeat.spec.ts:122:7[90m)[39m
    at executeTests [90m(C:\playwright-project\[39msrc\tests\1TipsNoExtraNoSeat.spec.ts:222:29[90m)[39m
    at [90mC:\playwright-project\[39msrc\tests\1TipsNoExtraNoSeat.spec.ts:709:30
    at [90mC:\playwright-project\[39mnode_modules\[4mplaywright[24m\lib\worker\workerMain.js:339:9
    at [90mC:\playwright-project\[39mnode_modules\[4mplaywright[24m\lib\worker\testInfo.js:286:11
    at TimeoutManager.withRunnable [90m(C:\playwright-project\[39mnode_modules\[4mplaywright[24m\lib\worker\timeoutManager.js:64:14[90m)[39m
    at TestInfoImpl._runAsStage [90m(C:\playwright-project\[39mnode_modules\[4mplaywright[24m\lib\worker\testInfo.js:284:7[90m)[39m
    at [90mC:\playwright-project\[39mnode_modules\[4mplaywright[24m\lib\worker\workerMain.js:331:7
    at [90mC:\playwright-project\[39mnode_modules\[4mplaywright[24m\lib\worker\testInfo.js:286:11
    at TimeoutManager.withRunnable [90m(C:\playwright-project\[39mnode_modules\[4mplaywright[24m\lib\worker\timeoutManager.js:52:27[90m)[39m
    at TestInfoImpl._runAsStage [90m(C:\playwright-project\[39mnode_modules\[4mplaywright[24m\lib\worker\testInfo.js:284:7[90m)[39m
    at WorkerMain._runTest [90m(C:\playwright-project\[39mnode_modules\[4mplaywright[24m\lib\worker\workerMain.js:281:5[90m)[39m
    at WorkerMain.runTestGroup [90m(C:\playwright-project\[39mnode_modules\[4mplaywright[24m\lib\worker\workerMain.js:205:11[90m)[39m
    at process.&lt;anonymous&gt; [90m(C:\playwright-project\[39mnode_modules\[4mplaywright[24m\lib\common\process.js:95:22[90m)[39m {
  fatal: [33mtrue[39m
}
Confirmation page validation failed: Not on confirmation page URL
Intento 2 fallido en payWithCard: Error [ValidationError]: Not on confirmation page URL
    at validationConfirmPage [90m(C:\playwright-project\[39msrc\page-objects\confirmation.ts:83:27[90m)[39m
[90m    at runNextTicks (node:internal/process/task_queues:65:5)[39m
[90m    at processImmediate (node:internal/timers:459:9)[39m
[90m    at process.callbackTrampoline (node:internal/async_hooks:130:17)[39m
    at validationConfirmationPage [90m(C:\playwright-project\[39msrc\tests\1TipsNoExtraNoSeat.spec.ts:91:3[90m)[39m
    at runWithRetries [90m(C:\playwright-project\[39msrc\tests\1TipsNoExtraNoSeat.spec.ts:122:7[90m)[39m
    at executeTests [90m(C:\playwright-project\[39msrc\tests\1TipsNoExtraNoSeat.spec.ts:222:29[90m)[39m
    at [90mC:\playwright-project\[39msrc\tests\1TipsNoExtraNoSeat.spec.ts:709:30
    at [90mC:\playwright-project\[39mnode_modules\[4mplaywright[24m\lib\worker\workerMain.js:339:9
    at [90mC:\playwright-project\[39mnode_modules\[4mplaywright[24m\lib\worker\testInfo.js:286:11
    at TimeoutManager.withRunnable [90m(C:\playwright-project\[39mnode_modules\[4mplaywright[24m\lib\worker\timeoutManager.js:64:14[90m)[39m
    at TestInfoImpl._runAsStage [90m(C:\playwright-project\[39mnode_modules\[4mplaywright[24m\lib\worker\testInfo.js:284:7[90m)[39m
    at [90mC:\playwright-project\[39mnode_modules\[4mplaywright[24m\lib\worker\workerMain.js:331:7
    at [90mC:\playwright-project\[39mnode_modules\[4mplaywright[24m\lib\worker\testInfo.js:286:11
    at TimeoutManager.withRunnable [90m(C:\playwright-project\[39mnode_modules\[4mplaywright[24m\lib\worker\timeoutManager.js:52:27[90m)[39m
    at TestInfoImpl._runAsStage [90m(C:\playwright-project\[39mnode_modules\[4mplaywright[24m\lib\worker\testInfo.js:284:7[90m)[39m
    at WorkerMain._runTest [90m(C:\playwright-project\[39mnode_modules\[4mplaywright[24m\lib\worker\workerMain.js:281:5[90m)[39m
    at WorkerMain.runTestGroup [90m(C:\playwright-project\[39mnode_modules\[4mplaywright[24m\lib\worker\workerMain.js:205:11[90m)[39m
    at process.&lt;anonymous&gt; [90m(C:\playwright-project\[39mnode_modules\[4mplaywright[24m\lib\common\process.js:95:22[90m)[39m {
  fatal: [33mtrue[39m
}

</system-err>
</testcase>
<testcase name="12. Compra 1 Adulto Premium Light - Nombre sin caracteres especiales - sin assitence - sin asiento - sin extras › Ejecución completa con reintentos" classname="1TipsNoExtraNoSeat.spec.ts" time="37.71">
<system-out>
Ejecución completa, intento 1 de 5
Ejecutando Booking, intento 1
Fecha de salida seleccionada: { year: [32m'2025'[39m, month: [32m'6'[39m, index: [33m6[39m, value: [33m17[39m }
Ajustando número de pasajeros
Successfully clicked the element: div.price-cabin:has-text("Premium")
Ejecutando fillPassengerAdult 1, intento 1
Ejecutando fillContact, intento 1
Ejecutando payWithCard, intento 1
Iframe encontrado.
Ejecutando payWithCard, intento 1
Ejecutando payWithCard, intento 2
Ejecutando payWithCard, intento 3
Successfully saved booking code M92TW to Excel

</system-out>
<system-err>
Confirmation page validation failed: Flight Summary section not found on confirmation page
Intento 1 fallido en payWithCard: Error [ValidationError]: Flight Summary section not found on confirmation page
    at validationConfirmPage [90m(C:\playwright-project\[39msrc\page-objects\confirmation.ts:75:27[90m)[39m
[90m    at runNextTicks (node:internal/process/task_queues:65:5)[39m
[90m    at processImmediate (node:internal/timers:459:9)[39m
[90m    at process.callbackTrampoline (node:internal/async_hooks:130:17)[39m
    at validationConfirmationPage [90m(C:\playwright-project\[39msrc\tests\1TipsNoExtraNoSeat.spec.ts:91:3[90m)[39m
    at runWithRetries [90m(C:\playwright-project\[39msrc\tests\1TipsNoExtraNoSeat.spec.ts:122:7[90m)[39m
    at executeTests [90m(C:\playwright-project\[39msrc\tests\1TipsNoExtraNoSeat.spec.ts:222:29[90m)[39m
    at [90mC:\playwright-project\[39msrc\tests\1TipsNoExtraNoSeat.spec.ts:751:30
    at [90mC:\playwright-project\[39mnode_modules\[4mplaywright[24m\lib\worker\workerMain.js:339:9
    at [90mC:\playwright-project\[39mnode_modules\[4mplaywright[24m\lib\worker\testInfo.js:286:11
    at TimeoutManager.withRunnable [90m(C:\playwright-project\[39mnode_modules\[4mplaywright[24m\lib\worker\timeoutManager.js:64:14[90m)[39m
    at TestInfoImpl._runAsStage [90m(C:\playwright-project\[39mnode_modules\[4mplaywright[24m\lib\worker\testInfo.js:284:7[90m)[39m
    at [90mC:\playwright-project\[39mnode_modules\[4mplaywright[24m\lib\worker\workerMain.js:331:7
    at [90mC:\playwright-project\[39mnode_modules\[4mplaywright[24m\lib\worker\testInfo.js:286:11
    at TimeoutManager.withRunnable [90m(C:\playwright-project\[39mnode_modules\[4mplaywright[24m\lib\worker\timeoutManager.js:52:27[90m)[39m
    at TestInfoImpl._runAsStage [90m(C:\playwright-project\[39mnode_modules\[4mplaywright[24m\lib\worker\testInfo.js:284:7[90m)[39m
    at WorkerMain._runTest [90m(C:\playwright-project\[39mnode_modules\[4mplaywright[24m\lib\worker\workerMain.js:281:5[90m)[39m
    at WorkerMain.runTestGroup [90m(C:\playwright-project\[39mnode_modules\[4mplaywright[24m\lib\worker\workerMain.js:205:11[90m)[39m
    at process.&lt;anonymous&gt; [90m(C:\playwright-project\[39mnode_modules\[4mplaywright[24m\lib\common\process.js:95:22[90m)[39m {
  fatal: [33mtrue[39m
}
Confirmation page validation failed: Not on confirmation page URL
Intento 2 fallido en payWithCard: Error [ValidationError]: Not on confirmation page URL
    at validationConfirmPage [90m(C:\playwright-project\[39msrc\page-objects\confirmation.ts:83:27[90m)[39m
    at validationConfirmationPage [90m(C:\playwright-project\[39msrc\tests\1TipsNoExtraNoSeat.spec.ts:91:3[90m)[39m
    at runWithRetries [90m(C:\playwright-project\[39msrc\tests\1TipsNoExtraNoSeat.spec.ts:122:7[90m)[39m
    at executeTests [90m(C:\playwright-project\[39msrc\tests\1TipsNoExtraNoSeat.spec.ts:222:29[90m)[39m
    at [90mC:\playwright-project\[39msrc\tests\1TipsNoExtraNoSeat.spec.ts:751:30
    at [90mC:\playwright-project\[39mnode_modules\[4mplaywright[24m\lib\worker\workerMain.js:339:9
    at [90mC:\playwright-project\[39mnode_modules\[4mplaywright[24m\lib\worker\testInfo.js:286:11
    at TimeoutManager.withRunnable [90m(C:\playwright-project\[39mnode_modules\[4mplaywright[24m\lib\worker\timeoutManager.js:64:14[90m)[39m
    at TestInfoImpl._runAsStage [90m(C:\playwright-project\[39mnode_modules\[4mplaywright[24m\lib\worker\testInfo.js:284:7[90m)[39m
    at [90mC:\playwright-project\[39mnode_modules\[4mplaywright[24m\lib\worker\workerMain.js:331:7
    at [90mC:\playwright-project\[39mnode_modules\[4mplaywright[24m\lib\worker\testInfo.js:286:11
    at TimeoutManager.withRunnable [90m(C:\playwright-project\[39mnode_modules\[4mplaywright[24m\lib\worker\timeoutManager.js:52:27[90m)[39m
    at TestInfoImpl._runAsStage [90m(C:\playwright-project\[39mnode_modules\[4mplaywright[24m\lib\worker\testInfo.js:284:7[90m)[39m
    at WorkerMain._runTest [90m(C:\playwright-project\[39mnode_modules\[4mplaywright[24m\lib\worker\workerMain.js:281:5[90m)[39m
    at WorkerMain.runTestGroup [90m(C:\playwright-project\[39mnode_modules\[4mplaywright[24m\lib\worker\workerMain.js:205:11[90m)[39m
    at process.&lt;anonymous&gt; [90m(C:\playwright-project\[39mnode_modules\[4mplaywright[24m\lib\common\process.js:95:22[90m)[39m {
  fatal: [33mtrue[39m
}

</system-err>
</testcase>
<testcase name="13. Compra 1 Adulto Premium Comfort - Nombre sin caracteres especiales - sin assitence - sin asiento - sin extras › Ejecución completa con reintentos" classname="1TipsNoExtraNoSeat.spec.ts" time="37.163">
<system-out>
Ejecución completa, intento 1 de 5
Ejecutando Booking, intento 1
Fecha de salida seleccionada: { year: [32m'2025'[39m, month: [32m'6'[39m, index: [33m2[39m, value: [33m7[39m }
Ajustando número de pasajeros
Successfully clicked the element: div.price-cabin:has-text("Premium")
Ejecutando fillPassengerAdult 1, intento 1
Ejecutando fillContact, intento 1
Ejecutando payWithCard, intento 1
Iframe encontrado.
Ejecutando payWithCard, intento 1
Ejecutando payWithCard, intento 2
Ejecutando payWithCard, intento 3
Successfully saved booking code M92V0 to Excel

</system-out>
<system-err>
Confirmation page validation failed: Flight Summary section not found on confirmation page
Intento 1 fallido en payWithCard: Error [ValidationError]: Flight Summary section not found on confirmation page
    at validationConfirmPage [90m(C:\playwright-project\[39msrc\page-objects\confirmation.ts:75:27[90m)[39m
[90m    at runNextTicks (node:internal/process/task_queues:65:5)[39m
[90m    at processImmediate (node:internal/timers:459:9)[39m
[90m    at process.callbackTrampoline (node:internal/async_hooks:130:17)[39m
    at validationConfirmationPage [90m(C:\playwright-project\[39msrc\tests\1TipsNoExtraNoSeat.spec.ts:91:3[90m)[39m
    at runWithRetries [90m(C:\playwright-project\[39msrc\tests\1TipsNoExtraNoSeat.spec.ts:122:7[90m)[39m
    at executeTests [90m(C:\playwright-project\[39msrc\tests\1TipsNoExtraNoSeat.spec.ts:222:29[90m)[39m
    at [90mC:\playwright-project\[39msrc\tests\1TipsNoExtraNoSeat.spec.ts:794:30
    at [90mC:\playwright-project\[39mnode_modules\[4mplaywright[24m\lib\worker\workerMain.js:339:9
    at [90mC:\playwright-project\[39mnode_modules\[4mplaywright[24m\lib\worker\testInfo.js:286:11
    at TimeoutManager.withRunnable [90m(C:\playwright-project\[39mnode_modules\[4mplaywright[24m\lib\worker\timeoutManager.js:64:14[90m)[39m
    at TestInfoImpl._runAsStage [90m(C:\playwright-project\[39mnode_modules\[4mplaywright[24m\lib\worker\testInfo.js:284:7[90m)[39m
    at [90mC:\playwright-project\[39mnode_modules\[4mplaywright[24m\lib\worker\workerMain.js:331:7
    at [90mC:\playwright-project\[39mnode_modules\[4mplaywright[24m\lib\worker\testInfo.js:286:11
    at TimeoutManager.withRunnable [90m(C:\playwright-project\[39mnode_modules\[4mplaywright[24m\lib\worker\timeoutManager.js:52:27[90m)[39m
    at TestInfoImpl._runAsStage [90m(C:\playwright-project\[39mnode_modules\[4mplaywright[24m\lib\worker\testInfo.js:284:7[90m)[39m
    at WorkerMain._runTest [90m(C:\playwright-project\[39mnode_modules\[4mplaywright[24m\lib\worker\workerMain.js:281:5[90m)[39m
    at WorkerMain.runTestGroup [90m(C:\playwright-project\[39mnode_modules\[4mplaywright[24m\lib\worker\workerMain.js:205:11[90m)[39m
    at process.&lt;anonymous&gt; [90m(C:\playwright-project\[39mnode_modules\[4mplaywright[24m\lib\common\process.js:95:22[90m)[39m {
  fatal: [33mtrue[39m
}
Confirmation page validation failed: Not on confirmation page URL
Intento 2 fallido en payWithCard: Error [ValidationError]: Not on confirmation page URL
    at validationConfirmPage [90m(C:\playwright-project\[39msrc\page-objects\confirmation.ts:83:27[90m)[39m
    at validationConfirmationPage [90m(C:\playwright-project\[39msrc\tests\1TipsNoExtraNoSeat.spec.ts:91:3[90m)[39m
    at runWithRetries [90m(C:\playwright-project\[39msrc\tests\1TipsNoExtraNoSeat.spec.ts:122:7[90m)[39m
    at executeTests [90m(C:\playwright-project\[39msrc\tests\1TipsNoExtraNoSeat.spec.ts:222:29[90m)[39m
    at [90mC:\playwright-project\[39msrc\tests\1TipsNoExtraNoSeat.spec.ts:794:30
    at [90mC:\playwright-project\[39mnode_modules\[4mplaywright[24m\lib\worker\workerMain.js:339:9
    at [90mC:\playwright-project\[39mnode_modules\[4mplaywright[24m\lib\worker\testInfo.js:286:11
    at TimeoutManager.withRunnable [90m(C:\playwright-project\[39mnode_modules\[4mplaywright[24m\lib\worker\timeoutManager.js:64:14[90m)[39m
    at TestInfoImpl._runAsStage [90m(C:\playwright-project\[39mnode_modules\[4mplaywright[24m\lib\worker\testInfo.js:284:7[90m)[39m
    at [90mC:\playwright-project\[39mnode_modules\[4mplaywright[24m\lib\worker\workerMain.js:331:7
    at [90mC:\playwright-project\[39mnode_modules\[4mplaywright[24m\lib\worker\testInfo.js:286:11
    at TimeoutManager.withRunnable [90m(C:\playwright-project\[39mnode_modules\[4mplaywright[24m\lib\worker\timeoutManager.js:52:27[90m)[39m
    at TestInfoImpl._runAsStage [90m(C:\playwright-project\[39mnode_modules\[4mplaywright[24m\lib\worker\testInfo.js:284:7[90m)[39m
    at WorkerMain._runTest [90m(C:\playwright-project\[39mnode_modules\[4mplaywright[24m\lib\worker\workerMain.js:281:5[90m)[39m
    at WorkerMain.runTestGroup [90m(C:\playwright-project\[39mnode_modules\[4mplaywright[24m\lib\worker\workerMain.js:205:11[90m)[39m
    at process.&lt;anonymous&gt; [90m(C:\playwright-project\[39mnode_modules\[4mplaywright[24m\lib\common\process.js:95:22[90m)[39m {
  fatal: [33mtrue[39m
}

</system-err>
</testcase>
<testcase name="14. Compra 1 Adulto Premium Extra - Nombre sin caracteres especiales - sin assitence - sin asiento - sin extras › Ejecución completa con reintentos" classname="1TipsNoExtraNoSeat.spec.ts" time="33.647">
<system-out>
Ejecución completa, intento 1 de 5
Ejecutando Booking, intento 1
Fecha de salida seleccionada: { year: [32m'2025'[39m, month: [32m'6'[39m, index: [33m11[39m, value: [33m28[39m }
Ajustando número de pasajeros
Successfully clicked the element: div.price-cabin:has-text("Premium")
Ejecutando fillPassengerAdult 1, intento 1
Ejecutando fillContact, intento 1
Ejecutando payWithCard, intento 1
Iframe encontrado.
Ejecutando payWithCard, intento 1
Ejecutando payWithCard, intento 2
Ejecutando payWithCard, intento 3
Successfully saved booking code M92V1 to Excel

</system-out>
<system-err>
Confirmation page validation failed: Flight Summary section not found on confirmation page
Intento 1 fallido en payWithCard: Error [ValidationError]: Flight Summary section not found on confirmation page
    at validationConfirmPage [90m(C:\playwright-project\[39msrc\page-objects\confirmation.ts:75:27[90m)[39m
[90m    at runNextTicks (node:internal/process/task_queues:65:5)[39m
[90m    at processImmediate (node:internal/timers:459:9)[39m
[90m    at process.callbackTrampoline (node:internal/async_hooks:130:17)[39m
    at validationConfirmationPage [90m(C:\playwright-project\[39msrc\tests\1TipsNoExtraNoSeat.spec.ts:91:3[90m)[39m
    at runWithRetries [90m(C:\playwright-project\[39msrc\tests\1TipsNoExtraNoSeat.spec.ts:122:7[90m)[39m
    at executeTests [90m(C:\playwright-project\[39msrc\tests\1TipsNoExtraNoSeat.spec.ts:222:29[90m)[39m
    at [90mC:\playwright-project\[39msrc\tests\1TipsNoExtraNoSeat.spec.ts:837:30
    at [90mC:\playwright-project\[39mnode_modules\[4mplaywright[24m\lib\worker\workerMain.js:339:9
    at [90mC:\playwright-project\[39mnode_modules\[4mplaywright[24m\lib\worker\testInfo.js:286:11
    at TimeoutManager.withRunnable [90m(C:\playwright-project\[39mnode_modules\[4mplaywright[24m\lib\worker\timeoutManager.js:64:14[90m)[39m
    at TestInfoImpl._runAsStage [90m(C:\playwright-project\[39mnode_modules\[4mplaywright[24m\lib\worker\testInfo.js:284:7[90m)[39m
    at [90mC:\playwright-project\[39mnode_modules\[4mplaywright[24m\lib\worker\workerMain.js:331:7
    at [90mC:\playwright-project\[39mnode_modules\[4mplaywright[24m\lib\worker\testInfo.js:286:11
    at TimeoutManager.withRunnable [90m(C:\playwright-project\[39mnode_modules\[4mplaywright[24m\lib\worker\timeoutManager.js:52:27[90m)[39m
    at TestInfoImpl._runAsStage [90m(C:\playwright-project\[39mnode_modules\[4mplaywright[24m\lib\worker\testInfo.js:284:7[90m)[39m
    at WorkerMain._runTest [90m(C:\playwright-project\[39mnode_modules\[4mplaywright[24m\lib\worker\workerMain.js:281:5[90m)[39m
    at WorkerMain.runTestGroup [90m(C:\playwright-project\[39mnode_modules\[4mplaywright[24m\lib\worker\workerMain.js:205:11[90m)[39m
    at process.&lt;anonymous&gt; [90m(C:\playwright-project\[39mnode_modules\[4mplaywright[24m\lib\common\process.js:95:22[90m)[39m {
  fatal: [33mtrue[39m
}
Confirmation page validation failed: Not on confirmation page URL
Intento 2 fallido en payWithCard: Error [ValidationError]: Not on confirmation page URL
    at validationConfirmPage [90m(C:\playwright-project\[39msrc\page-objects\confirmation.ts:83:27[90m)[39m
    at validationConfirmationPage [90m(C:\playwright-project\[39msrc\tests\1TipsNoExtraNoSeat.spec.ts:91:3[90m)[39m
    at runWithRetries [90m(C:\playwright-project\[39msrc\tests\1TipsNoExtraNoSeat.spec.ts:122:7[90m)[39m
    at executeTests [90m(C:\playwright-project\[39msrc\tests\1TipsNoExtraNoSeat.spec.ts:222:29[90m)[39m
    at [90mC:\playwright-project\[39msrc\tests\1TipsNoExtraNoSeat.spec.ts:837:30
    at [90mC:\playwright-project\[39mnode_modules\[4mplaywright[24m\lib\worker\workerMain.js:339:9
    at [90mC:\playwright-project\[39mnode_modules\[4mplaywright[24m\lib\worker\testInfo.js:286:11
    at TimeoutManager.withRunnable [90m(C:\playwright-project\[39mnode_modules\[4mplaywright[24m\lib\worker\timeoutManager.js:64:14[90m)[39m
    at TestInfoImpl._runAsStage [90m(C:\playwright-project\[39mnode_modules\[4mplaywright[24m\lib\worker\testInfo.js:284:7[90m)[39m
    at [90mC:\playwright-project\[39mnode_modules\[4mplaywright[24m\lib\worker\workerMain.js:331:7
    at [90mC:\playwright-project\[39mnode_modules\[4mplaywright[24m\lib\worker\testInfo.js:286:11
    at TimeoutManager.withRunnable [90m(C:\playwright-project\[39mnode_modules\[4mplaywright[24m\lib\worker\timeoutManager.js:52:27[90m)[39m
    at TestInfoImpl._runAsStage [90m(C:\playwright-project\[39mnode_modules\[4mplaywright[24m\lib\worker\testInfo.js:284:7[90m)[39m
    at WorkerMain._runTest [90m(C:\playwright-project\[39mnode_modules\[4mplaywright[24m\lib\worker\workerMain.js:281:5[90m)[39m
    at WorkerMain.runTestGroup [90m(C:\playwright-project\[39mnode_modules\[4mplaywright[24m\lib\worker\workerMain.js:205:11[90m)[39m
    at process.&lt;anonymous&gt; [90m(C:\playwright-project\[39mnode_modules\[4mplaywright[24m\lib\common\process.js:95:22[90m)[39m {
  fatal: [33mtrue[39m
}

</system-err>
</testcase>
<testcase name="9. Compra 1 Adulto Economy Comfort - Nombre sin caracteres especiales - sin assitence - sin asiento - sin extras › Ejecución completa con reintentos" classname="1TipsNoExtraNoSeat.spec.ts" time="44.252">
<system-out>
Ejecución completa, intento 1 de 5
Ejecutando Booking, intento 1
Fecha de salida seleccionada: { year: [32m'2025'[39m, month: [32m'5'[39m, index: [33m13[39m, value: [33m31[39m }
Ajustando número de pasajeros
Successfully clicked the element: div.price-cabin:has-text("Economy")
Ejecutando fillPassengerAdult 1, intento 1
Ejecutando fillContact, intento 1
Ejecutando payWithCard, intento 1
Iframe encontrado.
Ejecutando payWithCard, intento 1
Ejecutando payWithCard, intento 2
Ejecutando payWithCard, intento 3
Successfully saved booking code M930F to Excel

</system-out>
<system-err>
Confirmation page validation failed: Flight Summary section not found on confirmation page
Intento 1 fallido en payWithCard: Error [ValidationError]: Flight Summary section not found on confirmation page
    at validationConfirmPage [90m(C:\playwright-project\[39msrc\page-objects\confirmation.ts:75:27[90m)[39m
[90m    at runNextTicks (node:internal/process/task_queues:65:5)[39m
[90m    at processImmediate (node:internal/timers:459:9)[39m
[90m    at process.callbackTrampoline (node:internal/async_hooks:130:17)[39m
    at validationConfirmationPage [90m(C:\playwright-project\[39msrc\tests\1TipsNoExtraNoSeat.spec.ts:91:3[90m)[39m
    at runWithRetries [90m(C:\playwright-project\[39msrc\tests\1TipsNoExtraNoSeat.spec.ts:122:7[90m)[39m
    at executeTests [90m(C:\playwright-project\[39msrc\tests\1TipsNoExtraNoSeat.spec.ts:222:29[90m)[39m
    at [90mC:\playwright-project\[39msrc\tests\1TipsNoExtraNoSeat.spec.ts:624:30
    at [90mC:\playwright-project\[39mnode_modules\[4mplaywright[24m\lib\worker\workerMain.js:339:9
    at [90mC:\playwright-project\[39mnode_modules\[4mplaywright[24m\lib\worker\testInfo.js:286:11
    at TimeoutManager.withRunnable [90m(C:\playwright-project\[39mnode_modules\[4mplaywright[24m\lib\worker\timeoutManager.js:64:14[90m)[39m
    at TestInfoImpl._runAsStage [90m(C:\playwright-project\[39mnode_modules\[4mplaywright[24m\lib\worker\testInfo.js:284:7[90m)[39m
    at [90mC:\playwright-project\[39mnode_modules\[4mplaywright[24m\lib\worker\workerMain.js:331:7
    at [90mC:\playwright-project\[39mnode_modules\[4mplaywright[24m\lib\worker\testInfo.js:286:11
    at TimeoutManager.withRunnable [90m(C:\playwright-project\[39mnode_modules\[4mplaywright[24m\lib\worker\timeoutManager.js:52:27[90m)[39m
    at TestInfoImpl._runAsStage [90m(C:\playwright-project\[39mnode_modules\[4mplaywright[24m\lib\worker\testInfo.js:284:7[90m)[39m
    at WorkerMain._runTest [90m(C:\playwright-project\[39mnode_modules\[4mplaywright[24m\lib\worker\workerMain.js:281:5[90m)[39m
    at WorkerMain.runTestGroup [90m(C:\playwright-project\[39mnode_modules\[4mplaywright[24m\lib\worker\workerMain.js:205:11[90m)[39m
    at process.&lt;anonymous&gt; [90m(C:\playwright-project\[39mnode_modules\[4mplaywright[24m\lib\common\process.js:95:22[90m)[39m {
  fatal: [33mtrue[39m
}
Confirmation page validation failed: Not on confirmation page URL
Intento 2 fallido en payWithCard: Error [ValidationError]: Not on confirmation page URL
    at validationConfirmPage [90m(C:\playwright-project\[39msrc\page-objects\confirmation.ts:83:27[90m)[39m
[90m    at runNextTicks (node:internal/process/task_queues:65:5)[39m
[90m    at processImmediate (node:internal/timers:459:9)[39m
[90m    at process.callbackTrampoline (node:internal/async_hooks:130:17)[39m
    at validationConfirmationPage [90m(C:\playwright-project\[39msrc\tests\1TipsNoExtraNoSeat.spec.ts:91:3[90m)[39m
    at runWithRetries [90m(C:\playwright-project\[39msrc\tests\1TipsNoExtraNoSeat.spec.ts:122:7[90m)[39m
    at executeTests [90m(C:\playwright-project\[39msrc\tests\1TipsNoExtraNoSeat.spec.ts:222:29[90m)[39m
    at [90mC:\playwright-project\[39msrc\tests\1TipsNoExtraNoSeat.spec.ts:624:30
    at [90mC:\playwright-project\[39mnode_modules\[4mplaywright[24m\lib\worker\workerMain.js:339:9
    at [90mC:\playwright-project\[39mnode_modules\[4mplaywright[24m\lib\worker\testInfo.js:286:11
    at TimeoutManager.withRunnable [90m(C:\playwright-project\[39mnode_modules\[4mplaywright[24m\lib\worker\timeoutManager.js:64:14[90m)[39m
    at TestInfoImpl._runAsStage [90m(C:\playwright-project\[39mnode_modules\[4mplaywright[24m\lib\worker\testInfo.js:284:7[90m)[39m
    at [90mC:\playwright-project\[39mnode_modules\[4mplaywright[24m\lib\worker\workerMain.js:331:7
    at [90mC:\playwright-project\[39mnode_modules\[4mplaywright[24m\lib\worker\testInfo.js:286:11
    at TimeoutManager.withRunnable [90m(C:\playwright-project\[39mnode_modules\[4mplaywright[24m\lib\worker\timeoutManager.js:52:27[90m)[39m
    at TestInfoImpl._runAsStage [90m(C:\playwright-project\[39mnode_modules\[4mplaywright[24m\lib\worker\testInfo.js:284:7[90m)[39m
    at WorkerMain._runTest [90m(C:\playwright-project\[39mnode_modules\[4mplaywright[24m\lib\worker\workerMain.js:281:5[90m)[39m
    at WorkerMain.runTestGroup [90m(C:\playwright-project\[39mnode_modules\[4mplaywright[24m\lib\worker\workerMain.js:205:11[90m)[39m
    at process.&lt;anonymous&gt; [90m(C:\playwright-project\[39mnode_modules\[4mplaywright[24m\lib\common\process.js:95:22[90m)[39m {
  fatal: [33mtrue[39m
}

</system-err>
</testcase>
</testsuite>
<testsuite name="2TipsNoExtraNoSeat.spec.ts" timestamp="2025-01-30T07:32:22.292Z" hostname="chromium" tests="41" failures="4" skipped="0" time="3761.478" errors="0">
<testcase name="1. Compra 2 adt (Diferente) Eco Light - Eco Light - sin assitence › Ejecución completa con reintentos" classname="2TipsNoExtraNoSeat.spec.ts" time="360.11">
<failure message="2TipsNoExtraNoSeat.spec.ts:261:7 Ejecución completa con reintentos" type="FAILURE">
  [chromium] › 2TipsNoExtraNoSeat.spec.ts:261:7 › 1. Compra 2 adt (Diferente) Eco Light - Eco Light - sin assitence › Ejecución completa con reintentos 

    Test timeout of 360000ms exceeded.

    Error: browserContext.close: Target page, context or browser has been closed

      233 |   } finally {
      234 |     if (page) await page.close();
    &gt; 235 |     if (context) await context.close();
          |                  ^
      236 |   }
      237 |
      238 |   return shouldContinueTests; // Return the status of the test execution
        at executeTests (C:\playwright-project\src\tests\2TipsNoExtraNoSeat.spec.ts:235:18)
        at C:\playwright-project\src\tests\2TipsNoExtraNoSeat.spec.ts:270:30

    attachment #1: screenshot (image/png) ──────────────────────────────────────────────────────────
    test-results\2TipsNoExtraNoSeat-1-Compr-2e6a8-ión-completa-con-reintentos-chromium\test-failed-1.png
    ────────────────────────────────────────────────────────────────────────────────────────────────

</failure>
<system-out>
Ejecución completa, intento 1 de 5
Ejecutando Booking, intento 1
Fecha de salida seleccionada: { year: [32m'2025'[39m, month: [32m'7'[39m, index: [33m0[39m, value: [33m1[39m }
Fecha de regreso seleccionada: { year: [32m'2025'[39m, month: [32m'7'[39m, index: [33m1[39m, value: [33m2[39m }
Ajustando número de pasajeros
Successfully clicked the element: div.price-cabin:has-text("Economy")
Ejecutando Booking, intento 2
Ejecutando Booking, intento 3

</system-out>
<system-err>
Error seleccionando vuelos: locator.click: Test ended.
Call log:
[2m  - waiting for locator('div').filter({ hasText: /^Continue with Light/ }).nth(1)[22m

    at selectFlights [90m(C:\playwright-project\[39msrc\page-objects\FlightPage.ts:41:23[90m)[39m
    at chooseFlights [90m(C:\playwright-project\[39msrc\tests\2TipsNoExtraNoSeat.spec.ts:67:3[90m)[39m
    at global [90m(C:\playwright-project\[39msrc\tests\2TipsNoExtraNoSeat.spec.ts:112:3[90m)[39m
    at runWithRetries [90m(C:\playwright-project\[39msrc\tests\2TipsNoExtraNoSeat.spec.ts:121:7[90m)[39m
    at executeTests [90m(C:\playwright-project\[39msrc\tests\2TipsNoExtraNoSeat.spec.ts:143:27[90m)[39m
    at [90mC:\playwright-project\[39msrc\tests\2TipsNoExtraNoSeat.spec.ts:270:30
Intento 1 fallido en Booking: locator.click: Target page, context or browser has been closed
    at chooseFlights [90m(C:\playwright-project\[39msrc\tests\2TipsNoExtraNoSeat.spec.ts:69:56[90m)[39m
    at global [90m(C:\playwright-project\[39msrc\tests\2TipsNoExtraNoSeat.spec.ts:112:3[90m)[39m
    at runWithRetries [90m(C:\playwright-project\[39msrc\tests\2TipsNoExtraNoSeat.spec.ts:121:7[90m)[39m
    at executeTests [90m(C:\playwright-project\[39msrc\tests\2TipsNoExtraNoSeat.spec.ts:143:27[90m)[39m
    at [90mC:\playwright-project\[39msrc\tests\2TipsNoExtraNoSeat.spec.ts:270:30
Intento 2 fallido en Booking: locator.click: Target page, context or browser has been closed
    at chooseLengMoney [90m(C:\playwright-project\[39msrc\tests\2TipsNoExtraNoSeat.spec.ts:35:52[90m)[39m
    at global [90m(C:\playwright-project\[39msrc\tests\2TipsNoExtraNoSeat.spec.ts:97:9[90m)[39m
    at fn [90m(C:\playwright-project\[39msrc\tests\2TipsNoExtraNoSeat.spec.ts:144:13[90m)[39m
    at runWithRetries [90m(C:\playwright-project\[39msrc\tests\2TipsNoExtraNoSeat.spec.ts:121:13[90m)[39m
    at executeTests [90m(C:\playwright-project\[39msrc\tests\2TipsNoExtraNoSeat.spec.ts:143:27[90m)[39m
    at [90mC:\playwright-project\[39msrc\tests\2TipsNoExtraNoSeat.spec.ts:270:30
Intento 3 fallido en Booking: locator.click: Target page, context or browser has been closed
    at chooseLengMoney [90m(C:\playwright-project\[39msrc\tests\2TipsNoExtraNoSeat.spec.ts:35:52[90m)[39m
    at global [90m(C:\playwright-project\[39msrc\tests\2TipsNoExtraNoSeat.spec.ts:97:9[90m)[39m
    at fn [90m(C:\playwright-project\[39msrc\tests\2TipsNoExtraNoSeat.spec.ts:144:13[90m)[39m
    at runWithRetries [90m(C:\playwright-project\[39msrc\tests\2TipsNoExtraNoSeat.spec.ts:121:13[90m)[39m
    at executeTests [90m(C:\playwright-project\[39msrc\tests\2TipsNoExtraNoSeat.spec.ts:143:27[90m)[39m
    at [90mC:\playwright-project\[39msrc\tests\2TipsNoExtraNoSeat.spec.ts:270:30
Error crítico durante la ejecución: page.screenshot: Target page, context or browser has been closed
    at runWithRetries [90m(C:\playwright-project\[39msrc\tests\2TipsNoExtraNoSeat.spec.ts:126:20[90m)[39m
    at executeTests [90m(C:\playwright-project\[39msrc\tests\2TipsNoExtraNoSeat.spec.ts:143:27[90m)[39m
    at [90mC:\playwright-project\[39msrc\tests\2TipsNoExtraNoSeat.spec.ts:270:30

Warning: attachment 2TipsNoExtraNoSeat-1-Compr-2e6a8-ión-completa-con-reintentos-chromium\test-failed-1.png is missing
</system-err>
</testcase>
<testcase name="2. Compra 2 adt (Diferente) Eco Light - EC - Con assitence TODAS › Ejecución completa con reintentos" classname="2TipsNoExtraNoSeat.spec.ts" time="360.219">
<failure message="2TipsNoExtraNoSeat.spec.ts:305:9 Ejecución completa con reintentos" type="FAILURE">
  [chromium] › 2TipsNoExtraNoSeat.spec.ts:305:9 › 2. Compra 2 adt (Diferente) Eco Light - EC - Con assitence TODAS › Ejecución completa con reintentos 

    Test timeout of 360000ms exceeded.

    Error: browserContext.close: Test ended.
    Browser logs:

    &lt;launching&gt; C:\Users\SofiaMartínezLópez\AppData\Local\ms-playwright\chromium_headless_shell-1148\chrome-win\headless_shell.exe --disable-field-trial-config --disable-background-networking --disable-background-timer-throttling --disable-backgrounding-occluded-windows --disable-back-forward-cache --disable-breakpad --disable-client-side-phishing-detection --disable-component-extensions-with-background-pages --disable-component-update --no-default-browser-check --disable-default-apps --disable-dev-shm-usage --disable-extensions --disable-features=ImprovedCookieControls,LazyFrameLoading,GlobalMediaControls,DestroyProfileOnBrowserClose,MediaRouter,DialMediaRouteProvider,AcceptCHFrame,AutoExpandDetailsElement,CertificateTransparencyComponentUpdater,AvoidUnnecessaryBeforeUnloadCheckSync,Translate,HttpsUpgrades,PaintHolding,ThirdPartyStoragePartitioning,LensOverlay,PlzDedicatedWorker --allow-pre-commit-input --disable-hang-monitor --disable-ipc-flooding-protection --disable-popup-blocking --disable-prompt-on-repost --disable-renderer-backgrounding --force-color-profile=srgb --metrics-recording-only --no-first-run --enable-automation --password-store=basic --use-mock-keychain --no-service-autorun --export-tagged-pdf --disable-search-engine-choice-screen --unsafely-disable-devtools-self-xss-warnings --headless --hide-scrollbars --mute-audio --blink-settings=primaryHoverType=2,availableHoverTypes=2,primaryPointerType=4,availablePointerTypes=4 --no-sandbox --user-data-dir=C:\Users\SOFIAM~1\AppData\Local\Temp\playwright_chromiumdev_profile-OrL7Qp --remote-debugging-pipe --no-startup-window
    &lt;launched&gt; pid=12620
    [pid=12620][err] [0130/083329.273:ERROR:gles2_cmd_decoder_passthrough.cc(1053)] [GroupMarkerNotSet(crbug.com/242999)!:A040BE002C470000]Automatic fallback to software WebGL has been deprecated. Please use the --enable-unsafe-swiftshader flag to opt in to lower security guarantees for trusted content.
    [pid=12620][err] [0130/083329.297:ERROR:gl_utils.cc(426)] [.WebGL-0x2cb400589500]GL Driver Message (OpenGL, Performance, GL_CLOSE_PATH_NV, High): GPU stall due to ReadPixels
    [pid=12620][err] [0130/083329.574:ERROR:gles2_cmd_decoder_passthrough.cc(1053)] [GroupMarkerNotSet(crbug.com/242999)!:A0A0BE002C470000]Automatic fallback to software WebGL has been deprecated. Please use the --enable-unsafe-swiftshader flag to opt in to lower security guarantees for trusted content.
    [pid=12620][err] [0130/083329.604:ERROR:gles2_cmd_decoder_passthrough.cc(1053)] [GroupMarkerNotSet(crbug.com/242999)!:A0D0BE002C470000]Automatic fallback to software WebGL has been deprecated. Please use the --enable-unsafe-swiftshader flag to opt in to lower security guarantees for trusted content.
    [pid=12620][err] [0130/083329.610:ERROR:gles2_cmd_decoder_passthrough.cc(1053)] [GroupMarkerNotSet(crbug.com/242999)!:A00009012C470000]Automatic fallback to software WebGL has been deprecated. Please use the --enable-unsafe-swiftshader flag to opt in to lower security guarantees for trusted content.
    [pid=12620][err] [0130/083329.617:ERROR:gl_utils.cc(426)] [.WebGL-0x2cb407176900]GL Driver Message (OpenGL, Performance, GL_CLOSE_PATH_NV, High): GPU stall due to ReadPixels
    [pid=12620][err] [0130/083329.637:ERROR:gles2_cmd_decoder_passthrough.cc(1053)] [GroupMarkerNotSet(crbug.com/242999)!:A03009012C470000]Automatic fallback to software WebGL has been deprecated. Please use the --enable-unsafe-swiftshader flag to opt in to lower security guarantees for trusted content.
    [pid=12620][err] [0130/083329.643:ERROR:gles2_cmd_decoder_passthrough.cc(1053)] [GroupMarkerNotSet(crbug.com/242999)!:A06009012C470000]Automatic fallback to software WebGL has been deprecated. Please use the --enable-unsafe-swiftshader flag to opt in to lower security guarantees for trusted content.
    [pid=12620][err] [0130/083329.717:ERROR:web_contents_delegate.cc(283)] WebContentsDelegate::CheckMediaAccessPermission: Not supported.
    [pid=12620][err] [0130/083329.717:ERROR:web_contents_delegate.cc(283)] WebContentsDelegate::CheckMediaAccessPermission: Not supported.
    [pid=12620][err] [0130/083412.585:ERROR:gles2_cmd_decoder_passthrough.cc(1053)] [GroupMarkerNotSet(crbug.com/242999)!:A040BE002C470000]Automatic fallback to software WebGL has been deprecated. Please use the --enable-unsafe-swiftshader flag to opt in to lower security guarantees for trusted content.
    [pid=12620][err] [0130/083412.610:ERROR:gl_utils.cc(426)] [.WebGL-0x6f7404db6a00]GL Driver Message (OpenGL, Performance, GL_CLOSE_PATH_NV, High): GPU stall due to ReadPixels
    [pid=12620][err] [0130/083412.801:ERROR:gles2_cmd_decoder_passthrough.cc(1053)] [GroupMarkerNotSet(crbug.com/242999)!:A0A0BE002C470000]Automatic fallback to software WebGL has been deprecated. Please use the --enable-unsafe-swiftshader flag to opt in to lower security guarantees for trusted content.
    [pid=12620][err] [0130/083412.835:ERROR:gles2_cmd_decoder_passthrough.cc(1053)] [GroupMarkerNotSet(crbug.com/242999)!:A0D0BE002C470000]Automatic fallback to software WebGL has been deprecated. Please use the --enable-unsafe-swiftshader flag to opt in to lower security guarantees for trusted content.
    [pid=12620][err] [0130/083412.841:ERROR:gles2_cmd_decoder_passthrough.cc(1053)] [GroupMarkerNotSet(crbug.com/242999)!:A00009012C470000]Automatic fallback to software WebGL has been deprecated. Please use the --enable-unsafe-swiftshader flag to opt in to lower security guarantees for trusted content.
    [pid=12620][err] [0130/083412.848:ERROR:gl_utils.cc(426)] [.WebGL-0x6f7407591400]GL Driver Message (OpenGL, Performance, GL_CLOSE_PATH_NV, High): GPU stall due to ReadPixels (this message will no longer repeat)
    [pid=12620][err] [0130/083412.868:ERROR:gles2_cmd_decoder_passthrough.cc(1053)] [GroupMarkerNotSet(crbug.com/242999)!:A03009012C470000]Automatic fallback to software WebGL has been deprecated. Please use the --enable-unsafe-swiftshader flag to opt in to lower security guarantees for trusted content.
    [pid=12620][err] [0130/083412.874:ERROR:gles2_cmd_decoder_passthrough.cc(1053)] [GroupMarkerNotSet(crbug.com/242999)!:A06009012C470000]Automatic fallback to software WebGL has been deprecated. Please use the --enable-unsafe-swiftshader flag to opt in to lower security guarantees for trusted content.
    [pid=12620][err] [0130/083412.943:ERROR:web_contents_delegate.cc(283)] WebContentsDelegate::CheckMediaAccessPermission: Not supported.
    [pid=12620][err] [0130/083412.943:ERROR:web_contents_delegate.cc(283)] WebContentsDelegate::CheckMediaAccessPermission: Not supported.
    [pid=12620][err] [0130/083422.866:ERROR:ssl_client_socket_impl.cc(878)] handshake failed; returned -1, SSL error code 1, net_error -101
    [pid=12620][err] [0130/083446.509:ERROR:gles2_cmd_decoder_passthrough.cc(1053)] [GroupMarkerNotSet(crbug.com/242999)!:A070BE002C470000]Automatic fallback to software WebGL has been deprecated. Please use the --enable-unsafe-swiftshader flag to opt in to lower security guarantees for trusted content.
    [pid=12620][err] [0130/083447.047:ERROR:gles2_cmd_decoder_passthrough.cc(1053)] [GroupMarkerNotSet(crbug.com/242999)!:A0A0BE002C470000]Automatic fallback to software WebGL has been deprecated. Please use the --enable-unsafe-swiftshader flag to opt in to lower security guarantees for trusted content.
    [pid=12620][err] [0130/083447.093:ERROR:gles2_cmd_decoder_passthrough.cc(1053)] [GroupMarkerNotSet(crbug.com/242999)!:A0D0BE002C470000]Automatic fallback to software WebGL has been deprecated. Please use the --enable-unsafe-swiftshader flag to opt in to lower security guarantees for trusted content.
    [pid=12620][err] [0130/083447.102:ERROR:gles2_cmd_decoder_passthrough.cc(1053)] [GroupMarkerNotSet(crbug.com/242999)!:A00009012C470000]Automatic fallback to software WebGL has been deprecated. Please use the --enable-unsafe-swiftshader flag to opt in to lower security guarantees for trusted content.
    [pid=12620][err] [0130/083447.134:ERROR:gles2_cmd_decoder_passthrough.cc(1053)] [GroupMarkerNotSet(crbug.com/242999)!:A03009012C470000]Automatic fallback to software WebGL has been deprecated. Please use the --enable-unsafe-swiftshader flag to opt in to lower security guarantees for trusted content.
    [pid=12620][err] [0130/083447.143:ERROR:gles2_cmd_decoder_passthrough.cc(1053)] [GroupMarkerNotSet(crbug.com/242999)!:A06009012C470000]Automatic fallback to software WebGL has been deprecated. Please use the --enable-unsafe-swiftshader flag to opt in to lower security guarantees for trusted content.
    [pid=12620][err] [0130/083447.258:ERROR:web_contents_delegate.cc(283)] WebContentsDelegate::CheckMediaAccessPermission: Not supported.
    [pid=12620][err] [0130/083447.258:ERROR:web_contents_delegate.cc(283)] WebContentsDelegate::CheckMediaAccessPermission: Not supported.
    [pid=12620][err] [0130/083522.587:ERROR:gles2_cmd_decoder_passthrough.cc(1053)] [GroupMarkerNotSet(crbug.com/242999)!:A040BE002C470000]Automatic fallback to software WebGL has been deprecated. Please use the --enable-unsafe-swiftshader flag to opt in to lower security guarantees for trusted content.
    [pid=12620][err] [0130/083523.423:ERROR:gles2_cmd_decoder_passthrough.cc(1053)] [GroupMarkerNotSet(crbug.com/242999)!:A0A0BE002C470000]Automatic fallback to software WebGL has been deprecated. Please use the --enable-unsafe-swiftshader flag to opt in to lower security guarantees for trusted content.
    [pid=12620][err] [0130/083523.464:ERROR:gles2_cmd_decoder_passthrough.cc(1053)] [GroupMarkerNotSet(crbug.com/242999)!:A0D0BE002C470000]Automatic fallback to software WebGL has been deprecated. Please use the --enable-unsafe-swiftshader flag to opt in to lower security guarantees for trusted content.
    [pid=12620][err] [0130/083523.473:ERROR:gles2_cmd_decoder_passthrough.cc(1053)] [GroupMarkerNotSet(crbug.com/242999)!:A00009012C470000]Automatic fallback to software WebGL has been deprecated. Please use the --enable-unsafe-swiftshader flag to opt in to lower security guarantees for trusted content.
    [pid=12620][err] [0130/083523.509:ERROR:gles2_cmd_decoder_passthrough.cc(1053)] [GroupMarkerNotSet(crbug.com/242999)!:A03009012C470000]Automatic fallback to software WebGL has been deprecated. Please use the --enable-unsafe-swiftshader flag to opt in to lower security guarantees for trusted content.
    [pid=12620][err] [0130/083523.517:ERROR:gles2_cmd_decoder_passthrough.cc(1053)] [GroupMarkerNotSet(crbug.com/242999)!:A06009012C470000]Automatic fallback to software WebGL has been deprecated. Please use the --enable-unsafe-swiftshader flag to opt in to lower security guarantees for trusted content.
    [pid=12620][err] [0130/083523.628:ERROR:web_contents_delegate.cc(283)] WebContentsDelegate::CheckMediaAccessPermission: Not supported.
    [pid=12620][err] [0130/083523.628:ERROR:web_contents_delegate.cc(283)] WebContentsDelegate::CheckMediaAccessPermission: Not supported.
    [pid=12620][err] [0130/083557.830:ERROR:gles2_cmd_decoder_passthrough.cc(1053)] [GroupMarkerNotSet(crbug.com/242999)!:A040BE002C470000]Automatic fallback to software WebGL has been deprecated. Please use the --enable-unsafe-swiftshader flag to opt in to lower security guarantees for trusted content.
    [pid=12620][err] [0130/083558.141:ERROR:gles2_cmd_decoder_passthrough.cc(1053)] [GroupMarkerNotSet(crbug.com/242999)!:A0A0BE002C470000]Automatic fallback to software WebGL has been deprecated. Please use the --enable-unsafe-swiftshader flag to opt in to lower security guarantees for trusted content.
    [pid=12620][err] [0130/083558.169:ERROR:gles2_cmd_decoder_passthrough.cc(1053)] [GroupMarkerNotSet(crbug.com/242999)!:A0D0BE002C470000]Automatic fallback to software WebGL has been deprecated. Please use the --enable-unsafe-swiftshader flag to opt in to lower security guarantees for trusted content.
    [pid=12620][err] [0130/083558.175:ERROR:gles2_cmd_decoder_passthrough.cc(1053)] [GroupMarkerNotSet(crbug.com/242999)!:A00009012C470000]Automatic fallback to software WebGL has been deprecated. Please use the --enable-unsafe-swiftshader flag to opt in to lower security guarantees for trusted content.
    [pid=12620][err] [0130/083558.200:ERROR:gles2_cmd_decoder_passthrough.cc(1053)] [GroupMarkerNotSet(crbug.com/242999)!:A03009012C470000]Automatic fallback to software WebGL has been deprecated. Please use the --enable-unsafe-swiftshader flag to opt in to lower security guarantees for trusted content.
    [pid=12620][err] [0130/083558.206:ERROR:gles2_cmd_decoder_passthrough.cc(1053)] [GroupMarkerNotSet(crbug.com/242999)!:A06009012C470000]Automatic fallback to software WebGL has been deprecated. Please use the --enable-unsafe-swiftshader flag to opt in to lower security guarantees for trusted content.
    [pid=12620][err] [0130/083558.277:ERROR:web_contents_delegate.cc(283)] WebContentsDelegate::CheckMediaAccessPermission: Not supported.
    [pid=12620][err] [0130/083558.277:ERROR:web_contents_delegate.cc(283)] WebContentsDelegate::CheckMediaAccessPermission: Not supported.
    [pid=12620] &lt;gracefully close start&gt;

      233 |   } finally {
      234 |     if (page) await page.close();
    &gt; 235 |     if (context) await context.close();
          |                  ^
      236 |   }
      237 |
      238 |   return shouldContinueTests; // Return the status of the test execution
        at executeTests (C:\playwright-project\src\tests\2TipsNoExtraNoSeat.spec.ts:235:18)
        at C:\playwright-project\src\tests\2TipsNoExtraNoSeat.spec.ts:317:30

    attachment #1: screenshot (image/png) ──────────────────────────────────────────────────────────
    test-results\2TipsNoExtraNoSeat-2-Compr-460d0-ión-completa-con-reintentos-chromium\test-failed-1.png
    ────────────────────────────────────────────────────────────────────────────────────────────────

</failure>
<system-out>
Ejecución completa, intento 1 de 5
Ejecutando Booking, intento 1
Fecha de salida seleccionada: { year: [32m'2025'[39m, month: [32m'6'[39m, index: [33m6[39m, value: [33m17[39m }
Fecha de regreso seleccionada: { year: [32m'2025'[39m, month: [32m'6'[39m, index: [33m7[39m, value: [33m19[39m }
Ajustando número de pasajeros
Successfully clicked the element: div.price-cabin:has-text("Economy")
Successfully clicked the element: div.price-cabin:has-text("Economy")
Ejecutando fillPassengerAdult 1, intento 1
Ejecutando fillPassengerAdult 2, intento 1
Ejecutando fillContact, intento 1
Ejecutando payWithCard, intento 1
Ejecutando payWithCard, intento 2
Ejecutando payWithCard, intento 3
Ejecución completa, intento 2 de 5
Ejecutando Booking, intento 1
Fecha de salida seleccionada: { year: [32m'2025'[39m, month: [32m'6'[39m, index: [33m7[39m, value: [33m19[39m }
Fecha de regreso seleccionada: { year: [32m'2025'[39m, month: [32m'6'[39m, index: [33m8[39m, value: [33m21[39m }
Ajustando número de pasajeros
Successfully clicked the element: div.price-cabin:has-text("Economy")
Successfully clicked the element: div.price-cabin:has-text("Economy")
Ejecutando fillPassengerAdult 1, intento 1
Ejecutando fillPassengerAdult 2, intento 1
Ejecutando fillContact, intento 1
Ejecutando fillContact, intento 2
Ejecutando fillContact, intento 3

</system-out>
<system-err>
Error while handling iframe payment: page.waitForSelector: Timeout 60000ms exceeded.
Call log:
[2m  - waiting for locator('iframe[title="Iframe for expiry date"]') to be visible[22m

    at payWithCard [90m(C:\playwright-project\[39msrc\page-objects\paymentPage.ts:4:20[90m)[39m
    at payWithCardInformation [90m(C:\playwright-project\[39msrc\tests\2TipsNoExtraNoSeat.spec.ts:84:22[90m)[39m
    at fn [90m(C:\playwright-project\[39msrc\tests\2TipsNoExtraNoSeat.spec.ts:212:15[90m)[39m
    at runWithRetries [90m(C:\playwright-project\[39msrc\tests\2TipsNoExtraNoSeat.spec.ts:121:13[90m)[39m
    at executeTests [90m(C:\playwright-project\[39msrc\tests\2TipsNoExtraNoSeat.spec.ts:211:35[90m)[39m
    at [90mC:\playwright-project\[39msrc\tests\2TipsNoExtraNoSeat.spec.ts:317:30 {
  name: [32m'TimeoutError'[39m,
  [[32mSymbol(step)[39m]: {
    stepId: [32m'pw:api@94'[39m,
    location: {
      file: [32m'C:\\playwright-project\\src\\page-objects\\paymentPage.ts'[39m,
      line: [33m4[39m,
      column: [33m20[39m,
      function: [32m'payWithCard'[39m
    },
    category: [32m'pw:api'[39m,
    title: [32m'page.waitForSelector(iframe[title="Iframe for expiry date"])'[39m,
    apiName: [32m'page.waitForSelector'[39m,
    params: {
      selector: [32m'iframe[title="Iframe for expiry date"]'[39m,
      timeout: [33m60000[39m
    },
    boxedStack: [90mundefined[39m,
    steps: [],
    complete: [36m[Function: complete][39m,
    endWallTime: [33m1738222670719[39m,
    error: {
      message: [32m'TimeoutError: page.waitForSelector: Timeout 60000ms exceeded.\n'[39m +
        [32m'Call log:\n'[39m +
        [32m`\x1B[2m  - waiting for locator('iframe[title="Iframe for expiry date"]') to be visible\x1B[22m\n`[39m,
      stack: [32m'TimeoutError: page.waitForSelector: Timeout 60000ms exceeded.\n'[39m +
        [32m'Call log:\n'[39m +
        [32m`\x1B[2m  - waiting for locator('iframe[title="Iframe for expiry date"]') to be visible\x1B[22m\n`[39m +
        [32m'\n'[39m +
        [32m'    at payWithCard (C:\\playwright-project\\src\\page-objects\\paymentPage.ts:4:20)\n'[39m +
        [32m'    at payWithCardInformation (C:\\playwright-project\\src\\tests\\2TipsNoExtraNoSeat.spec.ts:84:22)\n'[39m +
        [32m'    at fn (C:\\playwright-project\\src\\tests\\2TipsNoExtraNoSeat.spec.ts:212:15)\n'[39m +
        [32m'    at runWithRetries (C:\\playwright-project\\src\\tests\\2TipsNoExtraNoSeat.spec.ts:121:13)\n'[39m +
        [32m'    at executeTests (C:\\playwright-project\\src\\tests\\2TipsNoExtraNoSeat.spec.ts:211:35)\n'[39m +
        [32m'    at C:\\playwright-project\\src\\tests\\2TipsNoExtraNoSeat.spec.ts:317:30'[39m,
      cause: [90mundefined[39m
    }
  }
}
Intento 1 fallido en payWithCard: page.waitForSelector: Timeout 60000ms exceeded.
Call log:
[2m  - waiting for locator('iframe[title="Iframe for expiry date"]') to be visible[22m

    at payWithCard [90m(C:\playwright-project\[39msrc\page-objects\paymentPage.ts:4:20[90m)[39m
    at payWithCardInformation [90m(C:\playwright-project\[39msrc\tests\2TipsNoExtraNoSeat.spec.ts:84:22[90m)[39m
    at fn [90m(C:\playwright-project\[39msrc\tests\2TipsNoExtraNoSeat.spec.ts:212:15[90m)[39m
    at runWithRetries [90m(C:\playwright-project\[39msrc\tests\2TipsNoExtraNoSeat.spec.ts:121:13[90m)[39m
    at executeTests [90m(C:\playwright-project\[39msrc\tests\2TipsNoExtraNoSeat.spec.ts:211:35[90m)[39m
    at [90mC:\playwright-project\[39msrc\tests\2TipsNoExtraNoSeat.spec.ts:317:30 {
  name: [32m'TimeoutError'[39m,
  [[32mSymbol(step)[39m]: {
    stepId: [32m'pw:api@94'[39m,
    location: {
      file: [32m'C:\\playwright-project\\src\\page-objects\\paymentPage.ts'[39m,
      line: [33m4[39m,
      column: [33m20[39m,
      function: [32m'payWithCard'[39m
    },
    category: [32m'pw:api'[39m,
    title: [32m'page.waitForSelector(iframe[title="Iframe for expiry date"])'[39m,
    apiName: [32m'page.waitForSelector'[39m,
    params: {
      selector: [32m'iframe[title="Iframe for expiry date"]'[39m,
      timeout: [33m60000[39m
    },
    boxedStack: [90mundefined[39m,
    steps: [],
    complete: [36m[Function: complete][39m,
    endWallTime: [33m1738222670719[39m,
    error: {
      message: [32m'TimeoutError: page.waitForSelector: Timeout 60000ms exceeded.\n'[39m +
        [32m'Call log:\n'[39m +
        [32m`\x1B[2m  - waiting for locator('iframe[title="Iframe for expiry date"]') to be visible\x1B[22m\n`[39m,
      stack: [32m'TimeoutError: page.waitForSelector: Timeout 60000ms exceeded.\n'[39m +
        [32m'Call log:\n'[39m +
        [32m`\x1B[2m  - waiting for locator('iframe[title="Iframe for expiry date"]') to be visible\x1B[22m\n`[39m +
        [32m'\n'[39m +
        [32m'    at payWithCard (C:\\playwright-project\\src\\page-objects\\paymentPage.ts:4:20)\n'[39m +
        [32m'    at payWithCardInformation (C:\\playwright-project\\src\\tests\\2TipsNoExtraNoSeat.spec.ts:84:22)\n'[39m +
        [32m'    at fn (C:\\playwright-project\\src\\tests\\2TipsNoExtraNoSeat.spec.ts:212:15)\n'[39m +
        [32m'    at runWithRetries (C:\\playwright-project\\src\\tests\\2TipsNoExtraNoSeat.spec.ts:121:13)\n'[39m +
        [32m'    at executeTests (C:\\playwright-project\\src\\tests\\2TipsNoExtraNoSeat.spec.ts:211:35)\n'[39m +
        [32m'    at C:\\playwright-project\\src\\tests\\2TipsNoExtraNoSeat.spec.ts:317:30'[39m,
      cause: [90mundefined[39m
    }
  }
}
Error while handling iframe payment: page.waitForSelector: Timeout 60000ms exceeded.
Call log:
[2m  - waiting for locator('iframe[title="Iframe for expiry date"]') to be visible[22m

    at payWithCard [90m(C:\playwright-project\[39msrc\page-objects\paymentPage.ts:4:20[90m)[39m
    at payWithCardInformation [90m(C:\playwright-project\[39msrc\tests\2TipsNoExtraNoSeat.spec.ts:84:22[90m)[39m
    at fn [90m(C:\playwright-project\[39msrc\tests\2TipsNoExtraNoSeat.spec.ts:212:15[90m)[39m
    at runWithRetries [90m(C:\playwright-project\[39msrc\tests\2TipsNoExtraNoSeat.spec.ts:121:13[90m)[39m
    at executeTests [90m(C:\playwright-project\[39msrc\tests\2TipsNoExtraNoSeat.spec.ts:211:29[90m)[39m
    at [90mC:\playwright-project\[39msrc\tests\2TipsNoExtraNoSeat.spec.ts:317:30 {
  name: [32m'TimeoutError'[39m,
  [[32mSymbol(step)[39m]: {
    stepId: [32m'pw:api@95'[39m,
    location: {
      file: [32m'C:\\playwright-project\\src\\page-objects\\paymentPage.ts'[39m,
      line: [33m4[39m,
      column: [33m20[39m,
      function: [32m'payWithCard'[39m
    },
    category: [32m'pw:api'[39m,
    title: [32m'page.waitForSelector(iframe[title="Iframe for expiry date"])'[39m,
    apiName: [32m'page.waitForSelector'[39m,
    params: {
      selector: [32m'iframe[title="Iframe for expiry date"]'[39m,
      timeout: [33m60000[39m
    },
    boxedStack: [90mundefined[39m,
    steps: [],
    complete: [36m[Function: complete][39m,
    endWallTime: [33m1738222730734[39m,
    error: {
      message: [32m'TimeoutError: page.waitForSelector: Timeout 60000ms exceeded.\n'[39m +
        [32m'Call log:\n'[39m +
        [32m`\x1B[2m  - waiting for locator('iframe[title="Iframe for expiry date"]') to be visible\x1B[22m\n`[39m,
      stack: [32m'TimeoutError: page.waitForSelector: Timeout 60000ms exceeded.\n'[39m +
        [32m'Call log:\n'[39m +
        [32m`\x1B[2m  - waiting for locator('iframe[title="Iframe for expiry date"]') to be visible\x1B[22m\n`[39m +
        [32m'\n'[39m +
        [32m'    at payWithCard (C:\\playwright-project\\src\\page-objects\\paymentPage.ts:4:20)\n'[39m +
        [32m'    at payWithCardInformation (C:\\playwright-project\\src\\tests\\2TipsNoExtraNoSeat.spec.ts:84:22)\n'[39m +
        [32m'    at fn (C:\\playwright-project\\src\\tests\\2TipsNoExtraNoSeat.spec.ts:212:15)\n'[39m +
        [32m'    at runWithRetries (C:\\playwright-project\\src\\tests\\2TipsNoExtraNoSeat.spec.ts:121:13)\n'[39m +
        [32m'    at executeTests (C:\\playwright-project\\src\\tests\\2TipsNoExtraNoSeat.spec.ts:211:29)\n'[39m +
        [32m'    at C:\\playwright-project\\src\\tests\\2TipsNoExtraNoSeat.spec.ts:317:30'[39m,
      cause: [90mundefined[39m
    }
  }
}
Intento 2 fallido en payWithCard: page.waitForSelector: Timeout 60000ms exceeded.
Call log:
[2m  - waiting for locator('iframe[title="Iframe for expiry date"]') to be visible[22m

    at payWithCard [90m(C:\playwright-project\[39msrc\page-objects\paymentPage.ts:4:20[90m)[39m
    at payWithCardInformation [90m(C:\playwright-project\[39msrc\tests\2TipsNoExtraNoSeat.spec.ts:84:22[90m)[39m
    at fn [90m(C:\playwright-project\[39msrc\tests\2TipsNoExtraNoSeat.spec.ts:212:15[90m)[39m
    at runWithRetries [90m(C:\playwright-project\[39msrc\tests\2TipsNoExtraNoSeat.spec.ts:121:13[90m)[39m
    at executeTests [90m(C:\playwright-project\[39msrc\tests\2TipsNoExtraNoSeat.spec.ts:211:29[90m)[39m
    at [90mC:\playwright-project\[39msrc\tests\2TipsNoExtraNoSeat.spec.ts:317:30 {
  name: [32m'TimeoutError'[39m,
  [[32mSymbol(step)[39m]: {
    stepId: [32m'pw:api@95'[39m,
    location: {
      file: [32m'C:\\playwright-project\\src\\page-objects\\paymentPage.ts'[39m,
      line: [33m4[39m,
      column: [33m20[39m,
      function: [32m'payWithCard'[39m
    },
    category: [32m'pw:api'[39m,
    title: [32m'page.waitForSelector(iframe[title="Iframe for expiry date"])'[39m,
    apiName: [32m'page.waitForSelector'[39m,
    params: {
      selector: [32m'iframe[title="Iframe for expiry date"]'[39m,
      timeout: [33m60000[39m
    },
    boxedStack: [90mundefined[39m,
    steps: [],
    complete: [36m[Function: complete][39m,
    endWallTime: [33m1738222730734[39m,
    error: {
      message: [32m'TimeoutError: page.waitForSelector: Timeout 60000ms exceeded.\n'[39m +
        [32m'Call log:\n'[39m +
        [32m`\x1B[2m  - waiting for locator('iframe[title="Iframe for expiry date"]') to be visible\x1B[22m\n`[39m,
      stack: [32m'TimeoutError: page.waitForSelector: Timeout 60000ms exceeded.\n'[39m +
        [32m'Call log:\n'[39m +
        [32m`\x1B[2m  - waiting for locator('iframe[title="Iframe for expiry date"]') to be visible\x1B[22m\n`[39m +
        [32m'\n'[39m +
        [32m'    at payWithCard (C:\\playwright-project\\src\\page-objects\\paymentPage.ts:4:20)\n'[39m +
        [32m'    at payWithCardInformation (C:\\playwright-project\\src\\tests\\2TipsNoExtraNoSeat.spec.ts:84:22)\n'[39m +
        [32m'    at fn (C:\\playwright-project\\src\\tests\\2TipsNoExtraNoSeat.spec.ts:212:15)\n'[39m +
        [32m'    at runWithRetries (C:\\playwright-project\\src\\tests\\2TipsNoExtraNoSeat.spec.ts:121:13)\n'[39m +
        [32m'    at executeTests (C:\\playwright-project\\src\\tests\\2TipsNoExtraNoSeat.spec.ts:211:29)\n'[39m +
        [32m'    at C:\\playwright-project\\src\\tests\\2TipsNoExtraNoSeat.spec.ts:317:30'[39m,
      cause: [90mundefined[39m
    }
  }
}
Error while handling iframe payment: page.waitForSelector: Timeout 60000ms exceeded.
Call log:
[2m  - waiting for locator('iframe[title="Iframe for expiry date"]') to be visible[22m

    at payWithCard [90m(C:\playwright-project\[39msrc\page-objects\paymentPage.ts:4:20[90m)[39m
    at payWithCardInformation [90m(C:\playwright-project\[39msrc\tests\2TipsNoExtraNoSeat.spec.ts:84:22[90m)[39m
    at fn [90m(C:\playwright-project\[39msrc\tests\2TipsNoExtraNoSeat.spec.ts:212:15[90m)[39m
    at runWithRetries [90m(C:\playwright-project\[39msrc\tests\2TipsNoExtraNoSeat.spec.ts:121:13[90m)[39m
    at executeTests [90m(C:\playwright-project\[39msrc\tests\2TipsNoExtraNoSeat.spec.ts:211:29[90m)[39m
    at [90mC:\playwright-project\[39msrc\tests\2TipsNoExtraNoSeat.spec.ts:317:30 {
  name: [32m'TimeoutError'[39m,
  [[32mSymbol(step)[39m]: {
    stepId: [32m'pw:api@96'[39m,
    location: {
      file: [32m'C:\\playwright-project\\src\\page-objects\\paymentPage.ts'[39m,
      line: [33m4[39m,
      column: [33m20[39m,
      function: [32m'payWithCard'[39m
    },
    category: [32m'pw:api'[39m,
    title: [32m'page.waitForSelector(iframe[title="Iframe for expiry date"])'[39m,
    apiName: [32m'page.waitForSelector'[39m,
    params: {
      selector: [32m'iframe[title="Iframe for expiry date"]'[39m,
      timeout: [33m60000[39m
    },
    boxedStack: [90mundefined[39m,
    steps: [],
    complete: [36m[Function: complete][39m,
    endWallTime: [33m1738222790747[39m,
    error: {
      message: [32m'TimeoutError: page.waitForSelector: Timeout 60000ms exceeded.\n'[39m +
        [32m'Call log:\n'[39m +
        [32m`\x1B[2m  - waiting for locator('iframe[title="Iframe for expiry date"]') to be visible\x1B[22m\n`[39m,
      stack: [32m'TimeoutError: page.waitForSelector: Timeout 60000ms exceeded.\n'[39m +
        [32m'Call log:\n'[39m +
        [32m`\x1B[2m  - waiting for locator('iframe[title="Iframe for expiry date"]') to be visible\x1B[22m\n`[39m +
        [32m'\n'[39m +
        [32m'    at payWithCard (C:\\playwright-project\\src\\page-objects\\paymentPage.ts:4:20)\n'[39m +
        [32m'    at payWithCardInformation (C:\\playwright-project\\src\\tests\\2TipsNoExtraNoSeat.spec.ts:84:22)\n'[39m +
        [32m'    at fn (C:\\playwright-project\\src\\tests\\2TipsNoExtraNoSeat.spec.ts:212:15)\n'[39m +
        [32m'    at runWithRetries (C:\\playwright-project\\src\\tests\\2TipsNoExtraNoSeat.spec.ts:121:13)\n'[39m +
        [32m'    at executeTests (C:\\playwright-project\\src\\tests\\2TipsNoExtraNoSeat.spec.ts:211:29)\n'[39m +
        [32m'    at C:\\playwright-project\\src\\tests\\2TipsNoExtraNoSeat.spec.ts:317:30'[39m,
      cause: [90mundefined[39m
    }
  }
}
Intento 3 fallido en payWithCard: page.waitForSelector: Timeout 60000ms exceeded.
Call log:
[2m  - waiting for locator('iframe[title="Iframe for expiry date"]') to be visible[22m

    at payWithCard [90m(C:\playwright-project\[39msrc\page-objects\paymentPage.ts:4:20[90m)[39m
    at payWithCardInformation [90m(C:\playwright-project\[39msrc\tests\2TipsNoExtraNoSeat.spec.ts:84:22[90m)[39m
    at fn [90m(C:\playwright-project\[39msrc\tests\2TipsNoExtraNoSeat.spec.ts:212:15[90m)[39m
    at runWithRetries [90m(C:\playwright-project\[39msrc\tests\2TipsNoExtraNoSeat.spec.ts:121:13[90m)[39m
    at executeTests [90m(C:\playwright-project\[39msrc\tests\2TipsNoExtraNoSeat.spec.ts:211:29[90m)[39m
    at [90mC:\playwright-project\[39msrc\tests\2TipsNoExtraNoSeat.spec.ts:317:30 {
  name: [32m'TimeoutError'[39m,
  [[32mSymbol(step)[39m]: {
    stepId: [32m'pw:api@96'[39m,
    location: {
      file: [32m'C:\\playwright-project\\src\\page-objects\\paymentPage.ts'[39m,
      line: [33m4[39m,
      column: [33m20[39m,
      function: [32m'payWithCard'[39m
    },
    category: [32m'pw:api'[39m,
    title: [32m'page.waitForSelector(iframe[title="Iframe for expiry date"])'[39m,
    apiName: [32m'page.waitForSelector'[39m,
    params: {
      selector: [32m'iframe[title="Iframe for expiry date"]'[39m,
      timeout: [33m60000[39m
    },
    boxedStack: [90mundefined[39m,
    steps: [],
    complete: [36m[Function: complete][39m,
    endWallTime: [33m1738222790747[39m,
    error: {
      message: [32m'TimeoutError: page.waitForSelector: Timeout 60000ms exceeded.\n'[39m +
        [32m'Call log:\n'[39m +
        [32m`\x1B[2m  - waiting for locator('iframe[title="Iframe for expiry date"]') to be visible\x1B[22m\n`[39m,
      stack: [32m'TimeoutError: page.waitForSelector: Timeout 60000ms exceeded.\n'[39m +
        [32m'Call log:\n'[39m +
        [32m`\x1B[2m  - waiting for locator('iframe[title="Iframe for expiry date"]') to be visible\x1B[22m\n`[39m +
        [32m'\n'[39m +
        [32m'    at payWithCard (C:\\playwright-project\\src\\page-objects\\paymentPage.ts:4:20)\n'[39m +
        [32m'    at payWithCardInformation (C:\\playwright-project\\src\\tests\\2TipsNoExtraNoSeat.spec.ts:84:22)\n'[39m +
        [32m'    at fn (C:\\playwright-project\\src\\tests\\2TipsNoExtraNoSeat.spec.ts:212:15)\n'[39m +
        [32m'    at runWithRetries (C:\\playwright-project\\src\\tests\\2TipsNoExtraNoSeat.spec.ts:121:13)\n'[39m +
        [32m'    at executeTests (C:\\playwright-project\\src\\tests\\2TipsNoExtraNoSeat.spec.ts:211:29)\n'[39m +
        [32m'    at C:\\playwright-project\\src\\tests\\2TipsNoExtraNoSeat.spec.ts:317:30'[39m,
      cause: [90mundefined[39m
    }
  }
}
Prueba payWithCard fallida después de 3 intentos.
Error while filling passenger data: locator.click: Test ended.
Call log:
[2m  - waiting for locator('#Adult-0')[22m
[2m    - waiting for" https://lv-fndoor-ecommerce-sbx-ghdubdbgdtcsane6.a01.azurefd.net/nwe/passenger?forcedCulture=en" navigation to finish...[22m
[2m    - navigated to "https://lv-fndoor-ecommerce-sbx-ghdubdbgdtcsane6.a01.azurefd.net/nwe/passenger/?forcedCulture=en"[22m

    at fillPassengerFor [90m(C:\playwright-project\[39msrc\page-objects\PassengerPage.ts:7:43[90m)[39m
    at fillPassengerInformation [90m(C:\playwright-project\[39msrc\tests\2TipsNoExtraNoSeat.spec.ts:75:27[90m)[39m
    at fn [90m(C:\playwright-project\[39msrc\tests\2TipsNoExtraNoSeat.spec.ts:156:15[90m)[39m
    at runWithRetries [90m(C:\playwright-project\[39msrc\tests\2TipsNoExtraNoSeat.spec.ts:121:13[90m)[39m
    at executeTests [90m(C:\playwright-project\[39msrc\tests\2TipsNoExtraNoSeat.spec.ts:155:35[90m)[39m
    at [90mC:\playwright-project\[39msrc\tests\2TipsNoExtraNoSeat.spec.ts:317:30
Error while filling passenger data: locator.click: Target page, context or browser has been closed
    at fillPassengerFor [90m(C:\playwright-project\[39msrc\page-objects\PassengerPage.ts:7:43[90m)[39m
    at fillPassengerInformation [90m(C:\playwright-project\[39msrc\tests\2TipsNoExtraNoSeat.spec.ts:75:27[90m)[39m
    at fn [90m(C:\playwright-project\[39msrc\tests\2TipsNoExtraNoSeat.spec.ts:156:15[90m)[39m
    at runWithRetries [90m(C:\playwright-project\[39msrc\tests\2TipsNoExtraNoSeat.spec.ts:121:13[90m)[39m
    at executeTests [90m(C:\playwright-project\[39msrc\tests\2TipsNoExtraNoSeat.spec.ts:155:35[90m)[39m
    at [90mC:\playwright-project\[39msrc\tests\2TipsNoExtraNoSeat.spec.ts:317:30
Intento 1 fallido en fillContact: locator.click: Target page, context or browser has been closed
    at fn [90m(C:\playwright-project\[39msrc\tests\2TipsNoExtraNoSeat.spec.ts:192:42[90m)[39m
    at runWithRetries [90m(C:\playwright-project\[39msrc\tests\2TipsNoExtraNoSeat.spec.ts:121:13[90m)[39m
    at executeTests [90m(C:\playwright-project\[39msrc\tests\2TipsNoExtraNoSeat.spec.ts:190:35[90m)[39m
    at [90mC:\playwright-project\[39msrc\tests\2TipsNoExtraNoSeat.spec.ts:317:30
Intento 2 fallido en fillContact: locator.click: Target page, context or browser has been closed
    at fn [90m(C:\playwright-project\[39msrc\tests\2TipsNoExtraNoSeat.spec.ts:192:42[90m)[39m
    at runWithRetries [90m(C:\playwright-project\[39msrc\tests\2TipsNoExtraNoSeat.spec.ts:121:13[90m)[39m
    at executeTests [90m(C:\playwright-project\[39msrc\tests\2TipsNoExtraNoSeat.spec.ts:190:29[90m)[39m
    at [90mC:\playwright-project\[39msrc\tests\2TipsNoExtraNoSeat.spec.ts:317:30
Intento 3 fallido en fillContact: locator.click: Target page, context or browser has been closed
    at fn [90m(C:\playwright-project\[39msrc\tests\2TipsNoExtraNoSeat.spec.ts:192:42[90m)[39m
    at runWithRetries [90m(C:\playwright-project\[39msrc\tests\2TipsNoExtraNoSeat.spec.ts:121:13[90m)[39m
    at executeTests [90m(C:\playwright-project\[39msrc\tests\2TipsNoExtraNoSeat.spec.ts:190:29[90m)[39m
    at [90mC:\playwright-project\[39msrc\tests\2TipsNoExtraNoSeat.spec.ts:317:30
Error crítico durante la ejecución: page.screenshot: Target page, context or browser has been closed
    at runWithRetries [90m(C:\playwright-project\[39msrc\tests\2TipsNoExtraNoSeat.spec.ts:126:20[90m)[39m
    at executeTests [90m(C:\playwright-project\[39msrc\tests\2TipsNoExtraNoSeat.spec.ts:190:29[90m)[39m
    at [90mC:\playwright-project\[39msrc\tests\2TipsNoExtraNoSeat.spec.ts:317:30

Warning: attachment 2TipsNoExtraNoSeat-2-Compr-460d0-ión-completa-con-reintentos-chromium\test-failed-1.png is missing
</system-err>
</testcase>
<testcase name="3. Compra 1 adt - 1 chd - Eco Light - Eco Light - sin asistencia › Ejecución completa con reintentos" classname="2TipsNoExtraNoSeat.spec.ts" time="47.245">
<system-out>
Ejecución completa, intento 1 de 5
Ejecutando Booking, intento 1
Fecha de salida seleccionada: { year: [32m'2025'[39m, month: [32m'6'[39m, index: [33m1[39m, value: [33m5[39m }
Fecha de regreso seleccionada: { year: [32m'2025'[39m, month: [32m'6'[39m, index: [33m2[39m, value: [33m7[39m }
Ajustando número de pasajeros
Successfully clicked the element: div.price-cabin:has-text("Economy")
Successfully clicked the element: div.price-cabin:has-text("Economy")
Ejecutando fillPassengerAdult 1, intento 1
Ejecutando fillPassengerChild 1, intento 1
Ejecutando fillContact, intento 1
Ejecutando payWithCard, intento 1
Iframe encontrado.
Ejecutando payWithCard, intento 1
Ejecutando payWithCard, intento 2
Ejecutando payWithCard, intento 3
Successfully saved booking code M92VE to Excel

</system-out>
<system-err>
Confirmation page validation failed: Flight Summary section not found on confirmation page
Intento 1 fallido en payWithCard: Error [ValidationError]: Flight Summary section not found on confirmation page
    at validationConfirmPage [90m(C:\playwright-project\[39msrc\page-objects\confirmation.ts:75:27[90m)[39m
[90m    at runNextTicks (node:internal/process/task_queues:65:5)[39m
[90m    at processImmediate (node:internal/timers:459:9)[39m
[90m    at process.callbackTrampoline (node:internal/async_hooks:130:17)[39m
    at validationConfirmationPage [90m(C:\playwright-project\[39msrc\tests\2TipsNoExtraNoSeat.spec.ts:90:3[90m)[39m
    at runWithRetries [90m(C:\playwright-project\[39msrc\tests\2TipsNoExtraNoSeat.spec.ts:121:7[90m)[39m
    at executeTests [90m(C:\playwright-project\[39msrc\tests\2TipsNoExtraNoSeat.spec.ts:221:29[90m)[39m
    at [90mC:\playwright-project\[39msrc\tests\2TipsNoExtraNoSeat.spec.ts:360:30
    at [90mC:\playwright-project\[39mnode_modules\[4mplaywright[24m\lib\worker\workerMain.js:339:9
    at [90mC:\playwright-project\[39mnode_modules\[4mplaywright[24m\lib\worker\testInfo.js:286:11
    at TimeoutManager.withRunnable [90m(C:\playwright-project\[39mnode_modules\[4mplaywright[24m\lib\worker\timeoutManager.js:64:14[90m)[39m
    at TestInfoImpl._runAsStage [90m(C:\playwright-project\[39mnode_modules\[4mplaywright[24m\lib\worker\testInfo.js:284:7[90m)[39m
    at [90mC:\playwright-project\[39mnode_modules\[4mplaywright[24m\lib\worker\workerMain.js:331:7
    at [90mC:\playwright-project\[39mnode_modules\[4mplaywright[24m\lib\worker\testInfo.js:286:11
    at TimeoutManager.withRunnable [90m(C:\playwright-project\[39mnode_modules\[4mplaywright[24m\lib\worker\timeoutManager.js:52:27[90m)[39m
    at TestInfoImpl._runAsStage [90m(C:\playwright-project\[39mnode_modules\[4mplaywright[24m\lib\worker\testInfo.js:284:7[90m)[39m
    at WorkerMain._runTest [90m(C:\playwright-project\[39mnode_modules\[4mplaywright[24m\lib\worker\workerMain.js:281:5[90m)[39m
    at WorkerMain.runTestGroup [90m(C:\playwright-project\[39mnode_modules\[4mplaywright[24m\lib\worker\workerMain.js:205:11[90m)[39m
    at process.&lt;anonymous&gt; [90m(C:\playwright-project\[39mnode_modules\[4mplaywright[24m\lib\common\process.js:95:22[90m)[39m {
  fatal: [33mtrue[39m
}
Confirmation page validation failed: Not on confirmation page URL
Intento 2 fallido en payWithCard: Error [ValidationError]: Not on confirmation page URL
    at validationConfirmPage [90m(C:\playwright-project\[39msrc\page-objects\confirmation.ts:83:27[90m)[39m
[90m    at runNextTicks (node:internal/process/task_queues:65:5)[39m
[90m    at processImmediate (node:internal/timers:459:9)[39m
[90m    at process.callbackTrampoline (node:internal/async_hooks:130:17)[39m
    at validationConfirmationPage [90m(C:\playwright-project\[39msrc\tests\2TipsNoExtraNoSeat.spec.ts:90:3[90m)[39m
    at runWithRetries [90m(C:\playwright-project\[39msrc\tests\2TipsNoExtraNoSeat.spec.ts:121:7[90m)[39m
    at executeTests [90m(C:\playwright-project\[39msrc\tests\2TipsNoExtraNoSeat.spec.ts:221:29[90m)[39m
    at [90mC:\playwright-project\[39msrc\tests\2TipsNoExtraNoSeat.spec.ts:360:30
    at [90mC:\playwright-project\[39mnode_modules\[4mplaywright[24m\lib\worker\workerMain.js:339:9
    at [90mC:\playwright-project\[39mnode_modules\[4mplaywright[24m\lib\worker\testInfo.js:286:11
    at TimeoutManager.withRunnable [90m(C:\playwright-project\[39mnode_modules\[4mplaywright[24m\lib\worker\timeoutManager.js:64:14[90m)[39m
    at TestInfoImpl._runAsStage [90m(C:\playwright-project\[39mnode_modules\[4mplaywright[24m\lib\worker\testInfo.js:284:7[90m)[39m
    at [90mC:\playwright-project\[39mnode_modules\[4mplaywright[24m\lib\worker\workerMain.js:331:7
    at [90mC:\playwright-project\[39mnode_modules\[4mplaywright[24m\lib\worker\testInfo.js:286:11
    at TimeoutManager.withRunnable [90m(C:\playwright-project\[39mnode_modules\[4mplaywright[24m\lib\worker\timeoutManager.js:52:27[90m)[39m
    at TestInfoImpl._runAsStage [90m(C:\playwright-project\[39mnode_modules\[4mplaywright[24m\lib\worker\testInfo.js:284:7[90m)[39m
    at WorkerMain._runTest [90m(C:\playwright-project\[39mnode_modules\[4mplaywright[24m\lib\worker\workerMain.js:281:5[90m)[39m
    at WorkerMain.runTestGroup [90m(C:\playwright-project\[39mnode_modules\[4mplaywright[24m\lib\worker\workerMain.js:205:11[90m)[39m
    at process.&lt;anonymous&gt; [90m(C:\playwright-project\[39mnode_modules\[4mplaywright[24m\lib\common\process.js:95:22[90m)[39m {
  fatal: [33mtrue[39m
}

</system-err>
</testcase>
<testcase name="4. Compra 1 adt - 1 chd - Eco Light - Eco Light - con assitence › Ejecución completa con reintentos" classname="2TipsNoExtraNoSeat.spec.ts" time="49.004">
<system-out>
Ejecución completa, intento 1 de 5
Ejecutando Booking, intento 1
Fecha de salida seleccionada: { year: [32m'2025'[39m, month: [32m'6'[39m, index: [33m9[39m, value: [33m24[39m }
Fecha de regreso seleccionada: { year: [32m'2025'[39m, month: [32m'6'[39m, index: [33m10[39m, value: [33m26[39m }
Ajustando número de pasajeros
Successfully clicked the element: div.price-cabin:has-text("Economy")
Successfully clicked the element: div.price-cabin:has-text("Economy")
Ejecutando fillPassengerAdult 1, intento 1
Ejecutando fillPassengerChild 1, intento 1
Ejecutando fillContact, intento 1
Ejecutando payWithCard, intento 1
Iframe encontrado.
Ejecutando payWithCard, intento 1
Ejecutando payWithCard, intento 2
Ejecutando payWithCard, intento 3
Successfully saved booking code M92VJ to Excel

</system-out>
<system-err>
Confirmation page validation failed: Flight Summary section not found on confirmation page
Intento 1 fallido en payWithCard: Error [ValidationError]: Flight Summary section not found on confirmation page
    at validationConfirmPage [90m(C:\playwright-project\[39msrc\page-objects\confirmation.ts:75:27[90m)[39m
[90m    at runNextTicks (node:internal/process/task_queues:65:5)[39m
[90m    at processImmediate (node:internal/timers:459:9)[39m
[90m    at process.callbackTrampoline (node:internal/async_hooks:130:17)[39m
    at validationConfirmationPage [90m(C:\playwright-project\[39msrc\tests\2TipsNoExtraNoSeat.spec.ts:90:3[90m)[39m
    at runWithRetries [90m(C:\playwright-project\[39msrc\tests\2TipsNoExtraNoSeat.spec.ts:121:7[90m)[39m
    at executeTests [90m(C:\playwright-project\[39msrc\tests\2TipsNoExtraNoSeat.spec.ts:221:29[90m)[39m
    at [90mC:\playwright-project\[39msrc\tests\2TipsNoExtraNoSeat.spec.ts:405:30
    at [90mC:\playwright-project\[39mnode_modules\[4mplaywright[24m\lib\worker\workerMain.js:339:9
    at [90mC:\playwright-project\[39mnode_modules\[4mplaywright[24m\lib\worker\testInfo.js:286:11
    at TimeoutManager.withRunnable [90m(C:\playwright-project\[39mnode_modules\[4mplaywright[24m\lib\worker\timeoutManager.js:64:14[90m)[39m
    at TestInfoImpl._runAsStage [90m(C:\playwright-project\[39mnode_modules\[4mplaywright[24m\lib\worker\testInfo.js:284:7[90m)[39m
    at [90mC:\playwright-project\[39mnode_modules\[4mplaywright[24m\lib\worker\workerMain.js:331:7
    at [90mC:\playwright-project\[39mnode_modules\[4mplaywright[24m\lib\worker\testInfo.js:286:11
    at TimeoutManager.withRunnable [90m(C:\playwright-project\[39mnode_modules\[4mplaywright[24m\lib\worker\timeoutManager.js:52:27[90m)[39m
    at TestInfoImpl._runAsStage [90m(C:\playwright-project\[39mnode_modules\[4mplaywright[24m\lib\worker\testInfo.js:284:7[90m)[39m
    at WorkerMain._runTest [90m(C:\playwright-project\[39mnode_modules\[4mplaywright[24m\lib\worker\workerMain.js:281:5[90m)[39m
    at WorkerMain.runTestGroup [90m(C:\playwright-project\[39mnode_modules\[4mplaywright[24m\lib\worker\workerMain.js:205:11[90m)[39m
    at process.&lt;anonymous&gt; [90m(C:\playwright-project\[39mnode_modules\[4mplaywright[24m\lib\common\process.js:95:22[90m)[39m {
  fatal: [33mtrue[39m
}
Confirmation page validation failed: Not on confirmation page URL
Intento 2 fallido en payWithCard: Error [ValidationError]: Not on confirmation page URL
    at validationConfirmPage [90m(C:\playwright-project\[39msrc\page-objects\confirmation.ts:83:27[90m)[39m
    at validationConfirmationPage [90m(C:\playwright-project\[39msrc\tests\2TipsNoExtraNoSeat.spec.ts:90:3[90m)[39m
    at runWithRetries [90m(C:\playwright-project\[39msrc\tests\2TipsNoExtraNoSeat.spec.ts:121:7[90m)[39m
    at executeTests [90m(C:\playwright-project\[39msrc\tests\2TipsNoExtraNoSeat.spec.ts:221:29[90m)[39m
    at [90mC:\playwright-project\[39msrc\tests\2TipsNoExtraNoSeat.spec.ts:405:30
    at [90mC:\playwright-project\[39mnode_modules\[4mplaywright[24m\lib\worker\workerMain.js:339:9
    at [90mC:\playwright-project\[39mnode_modules\[4mplaywright[24m\lib\worker\testInfo.js:286:11
    at TimeoutManager.withRunnable [90m(C:\playwright-project\[39mnode_modules\[4mplaywright[24m\lib\worker\timeoutManager.js:64:14[90m)[39m
    at TestInfoImpl._runAsStage [90m(C:\playwright-project\[39mnode_modules\[4mplaywright[24m\lib\worker\testInfo.js:284:7[90m)[39m
    at [90mC:\playwright-project\[39mnode_modules\[4mplaywright[24m\lib\worker\workerMain.js:331:7
    at [90mC:\playwright-project\[39mnode_modules\[4mplaywright[24m\lib\worker\testInfo.js:286:11
    at TimeoutManager.withRunnable [90m(C:\playwright-project\[39mnode_modules\[4mplaywright[24m\lib\worker\timeoutManager.js:52:27[90m)[39m
    at TestInfoImpl._runAsStage [90m(C:\playwright-project\[39mnode_modules\[4mplaywright[24m\lib\worker\testInfo.js:284:7[90m)[39m
    at WorkerMain._runTest [90m(C:\playwright-project\[39mnode_modules\[4mplaywright[24m\lib\worker\workerMain.js:281:5[90m)[39m
    at WorkerMain.runTestGroup [90m(C:\playwright-project\[39mnode_modules\[4mplaywright[24m\lib\worker\workerMain.js:205:11[90m)[39m
    at process.&lt;anonymous&gt; [90m(C:\playwright-project\[39mnode_modules\[4mplaywright[24m\lib\common\process.js:95:22[90m)[39m {
  fatal: [33mtrue[39m
}

</system-err>
</testcase>
<testcase name="5. Compra 1 adt - 3 chd - Eco Light - Eco Light - con assitence › Ejecución completa con reintentos" classname="2TipsNoExtraNoSeat.spec.ts" time="60.764">
<system-out>
Ejecución completa, intento 1 de 5
Ejecutando Booking, intento 1
Fecha de salida seleccionada: { year: [32m'2025'[39m, month: [32m'5'[39m, index: [33m13[39m, value: [33m31[39m }
Fecha de regreso seleccionada: { year: [32m'2025'[39m, month: [32m'6'[39m, index: [33m0[39m, value: [33m3[39m }
Ajustando número de pasajeros
Successfully clicked the element: div.price-cabin:has-text("Economy")
Successfully clicked the element: div.price-cabin:has-text("Economy")
Ejecutando fillPassengerAdult 1, intento 1
Ejecutando fillPassengerChild 1, intento 1
Ejecutando fillPassengerChild 2, intento 1
Ejecutando fillPassengerChild 3, intento 1
Ejecutando fillContact, intento 1
Ejecutando payWithCard, intento 1
Iframe encontrado.
Ejecutando payWithCard, intento 1
Ejecutando payWithCard, intento 2
Ejecutando payWithCard, intento 3
Successfully saved booking code M92VP to Excel

</system-out>
<system-err>
Confirmation page validation failed: Flight Summary section not found on confirmation page
Intento 1 fallido en payWithCard: Error [ValidationError]: Flight Summary section not found on confirmation page
    at validationConfirmPage [90m(C:\playwright-project\[39msrc\page-objects\confirmation.ts:75:27[90m)[39m
[90m    at runNextTicks (node:internal/process/task_queues:65:5)[39m
[90m    at processImmediate (node:internal/timers:459:9)[39m
[90m    at process.callbackTrampoline (node:internal/async_hooks:130:17)[39m
    at validationConfirmationPage [90m(C:\playwright-project\[39msrc\tests\2TipsNoExtraNoSeat.spec.ts:90:3[90m)[39m
    at runWithRetries [90m(C:\playwright-project\[39msrc\tests\2TipsNoExtraNoSeat.spec.ts:121:7[90m)[39m
    at executeTests [90m(C:\playwright-project\[39msrc\tests\2TipsNoExtraNoSeat.spec.ts:221:29[90m)[39m
    at [90mC:\playwright-project\[39msrc\tests\2TipsNoExtraNoSeat.spec.ts:448:30
    at [90mC:\playwright-project\[39mnode_modules\[4mplaywright[24m\lib\worker\workerMain.js:339:9
    at [90mC:\playwright-project\[39mnode_modules\[4mplaywright[24m\lib\worker\testInfo.js:286:11
    at TimeoutManager.withRunnable [90m(C:\playwright-project\[39mnode_modules\[4mplaywright[24m\lib\worker\timeoutManager.js:64:14[90m)[39m
    at TestInfoImpl._runAsStage [90m(C:\playwright-project\[39mnode_modules\[4mplaywright[24m\lib\worker\testInfo.js:284:7[90m)[39m
    at [90mC:\playwright-project\[39mnode_modules\[4mplaywright[24m\lib\worker\workerMain.js:331:7
    at [90mC:\playwright-project\[39mnode_modules\[4mplaywright[24m\lib\worker\testInfo.js:286:11
    at TimeoutManager.withRunnable [90m(C:\playwright-project\[39mnode_modules\[4mplaywright[24m\lib\worker\timeoutManager.js:52:27[90m)[39m
    at TestInfoImpl._runAsStage [90m(C:\playwright-project\[39mnode_modules\[4mplaywright[24m\lib\worker\testInfo.js:284:7[90m)[39m
    at WorkerMain._runTest [90m(C:\playwright-project\[39mnode_modules\[4mplaywright[24m\lib\worker\workerMain.js:281:5[90m)[39m
    at WorkerMain.runTestGroup [90m(C:\playwright-project\[39mnode_modules\[4mplaywright[24m\lib\worker\workerMain.js:205:11[90m)[39m
    at process.&lt;anonymous&gt; [90m(C:\playwright-project\[39mnode_modules\[4mplaywright[24m\lib\common\process.js:95:22[90m)[39m {
  fatal: [33mtrue[39m
}
Confirmation page validation failed: Not on confirmation page URL
Intento 2 fallido en payWithCard: Error [ValidationError]: Not on confirmation page URL
    at validationConfirmPage [90m(C:\playwright-project\[39msrc\page-objects\confirmation.ts:83:27[90m)[39m
    at validationConfirmationPage [90m(C:\playwright-project\[39msrc\tests\2TipsNoExtraNoSeat.spec.ts:90:3[90m)[39m
    at runWithRetries [90m(C:\playwright-project\[39msrc\tests\2TipsNoExtraNoSeat.spec.ts:121:7[90m)[39m
    at executeTests [90m(C:\playwright-project\[39msrc\tests\2TipsNoExtraNoSeat.spec.ts:221:29[90m)[39m
    at [90mC:\playwright-project\[39msrc\tests\2TipsNoExtraNoSeat.spec.ts:448:30
    at [90mC:\playwright-project\[39mnode_modules\[4mplaywright[24m\lib\worker\workerMain.js:339:9
    at [90mC:\playwright-project\[39mnode_modules\[4mplaywright[24m\lib\worker\testInfo.js:286:11
    at TimeoutManager.withRunnable [90m(C:\playwright-project\[39mnode_modules\[4mplaywright[24m\lib\worker\timeoutManager.js:64:14[90m)[39m
    at TestInfoImpl._runAsStage [90m(C:\playwright-project\[39mnode_modules\[4mplaywright[24m\lib\worker\testInfo.js:284:7[90m)[39m
    at [90mC:\playwright-project\[39mnode_modules\[4mplaywright[24m\lib\worker\workerMain.js:331:7
    at [90mC:\playwright-project\[39mnode_modules\[4mplaywright[24m\lib\worker\testInfo.js:286:11
    at TimeoutManager.withRunnable [90m(C:\playwright-project\[39mnode_modules\[4mplaywright[24m\lib\worker\timeoutManager.js:52:27[90m)[39m
    at TestInfoImpl._runAsStage [90m(C:\playwright-project\[39mnode_modules\[4mplaywright[24m\lib\worker\testInfo.js:284:7[90m)[39m
    at WorkerMain._runTest [90m(C:\playwright-project\[39mnode_modules\[4mplaywright[24m\lib\worker\workerMain.js:281:5[90m)[39m
    at WorkerMain.runTestGroup [90m(C:\playwright-project\[39mnode_modules\[4mplaywright[24m\lib\worker\workerMain.js:205:11[90m)[39m
    at process.&lt;anonymous&gt; [90m(C:\playwright-project\[39mnode_modules\[4mplaywright[24m\lib\common\process.js:95:22[90m)[39m {
  fatal: [33mtrue[39m
}

</system-err>
</testcase>
<testcase name="6. Compra 1 adt - 1 inl - Eco Light - Eco Light  › Ejecución completa con reintentos" classname="2TipsNoExtraNoSeat.spec.ts" time="48.613">
<system-out>
Ejecución completa, intento 1 de 5
Ejecutando Booking, intento 1
Fecha de salida seleccionada: { year: [32m'2025'[39m, month: [32m'6'[39m, index: [33m3[39m, value: [33m10[39m }
Fecha de regreso seleccionada: { year: [32m'2025'[39m, month: [32m'6'[39m, index: [33m4[39m, value: [33m12[39m }
Ajustando número de pasajeros
Successfully clicked the element: div.price-cabin:has-text("Economy")
Successfully clicked the element: div.price-cabin:has-text("Economy")
Ejecutando fillPassengerAdult 1, intento 1
Ejecutando fillPassengerInfant 1, intento 1
Ejecutando fillContact, intento 1
Ejecutando payWithCard, intento 1
Iframe encontrado.
Ejecutando payWithCard, intento 1
Ejecutando payWithCard, intento 2
Ejecutando payWithCard, intento 3
Successfully saved booking code M92VV to Excel

</system-out>
<system-err>
Error while filling passenger data: TypeError: Cannot read properties of undefined (reading 'length')
    at fillPassengerFor [90m(C:\playwright-project\[39msrc\page-objects\PassengerPage.ts:31:27[90m)[39m
    at fillPassengerInformation [90m(C:\playwright-project\[39msrc\tests\2TipsNoExtraNoSeat.spec.ts:75:5[90m)[39m
    at runWithRetries [90m(C:\playwright-project\[39msrc\tests\2TipsNoExtraNoSeat.spec.ts:121:7[90m)[39m
    at executeTests [90m(C:\playwright-project\[39msrc\tests\2TipsNoExtraNoSeat.spec.ts:179:29[90m)[39m
    at [90mC:\playwright-project\[39msrc\tests\2TipsNoExtraNoSeat.spec.ts:490:30
    at [90mC:\playwright-project\[39mnode_modules\[4mplaywright[24m\lib\worker\workerMain.js:339:9
    at [90mC:\playwright-project\[39mnode_modules\[4mplaywright[24m\lib\worker\testInfo.js:286:11
    at TimeoutManager.withRunnable [90m(C:\playwright-project\[39mnode_modules\[4mplaywright[24m\lib\worker\timeoutManager.js:64:14[90m)[39m
    at TestInfoImpl._runAsStage [90m(C:\playwright-project\[39mnode_modules\[4mplaywright[24m\lib\worker\testInfo.js:284:7[90m)[39m
    at [90mC:\playwright-project\[39mnode_modules\[4mplaywright[24m\lib\worker\workerMain.js:331:7
    at [90mC:\playwright-project\[39mnode_modules\[4mplaywright[24m\lib\worker\testInfo.js:286:11
    at TimeoutManager.withRunnable [90m(C:\playwright-project\[39mnode_modules\[4mplaywright[24m\lib\worker\timeoutManager.js:52:27[90m)[39m
    at TestInfoImpl._runAsStage [90m(C:\playwright-project\[39mnode_modules\[4mplaywright[24m\lib\worker\testInfo.js:284:7[90m)[39m
    at WorkerMain._runTest [90m(C:\playwright-project\[39mnode_modules\[4mplaywright[24m\lib\worker\workerMain.js:281:5[90m)[39m
    at WorkerMain.runTestGroup [90m(C:\playwright-project\[39mnode_modules\[4mplaywright[24m\lib\worker\workerMain.js:205:11[90m)[39m
    at process.&lt;anonymous&gt; [90m(C:\playwright-project\[39mnode_modules\[4mplaywright[24m\lib\common\process.js:95:22[90m)[39m
Confirmation page validation failed: Flight Summary section not found on confirmation page
Intento 1 fallido en payWithCard: Error [ValidationError]: Flight Summary section not found on confirmation page
    at validationConfirmPage [90m(C:\playwright-project\[39msrc\page-objects\confirmation.ts:75:27[90m)[39m
[90m    at runNextTicks (node:internal/process/task_queues:65:5)[39m
[90m    at processImmediate (node:internal/timers:459:9)[39m
[90m    at process.callbackTrampoline (node:internal/async_hooks:130:17)[39m
    at validationConfirmationPage [90m(C:\playwright-project\[39msrc\tests\2TipsNoExtraNoSeat.spec.ts:90:3[90m)[39m
    at runWithRetries [90m(C:\playwright-project\[39msrc\tests\2TipsNoExtraNoSeat.spec.ts:121:7[90m)[39m
    at executeTests [90m(C:\playwright-project\[39msrc\tests\2TipsNoExtraNoSeat.spec.ts:221:29[90m)[39m
    at [90mC:\playwright-project\[39msrc\tests\2TipsNoExtraNoSeat.spec.ts:490:30
    at [90mC:\playwright-project\[39mnode_modules\[4mplaywright[24m\lib\worker\workerMain.js:339:9
    at [90mC:\playwright-project\[39mnode_modules\[4mplaywright[24m\lib\worker\testInfo.js:286:11
    at TimeoutManager.withRunnable [90m(C:\playwright-project\[39mnode_modules\[4mplaywright[24m\lib\worker\timeoutManager.js:64:14[90m)[39m
    at TestInfoImpl._runAsStage [90m(C:\playwright-project\[39mnode_modules\[4mplaywright[24m\lib\worker\testInfo.js:284:7[90m)[39m
    at [90mC:\playwright-project\[39mnode_modules\[4mplaywright[24m\lib\worker\workerMain.js:331:7
    at [90mC:\playwright-project\[39mnode_modules\[4mplaywright[24m\lib\worker\testInfo.js:286:11
    at TimeoutManager.withRunnable [90m(C:\playwright-project\[39mnode_modules\[4mplaywright[24m\lib\worker\timeoutManager.js:52:27[90m)[39m
    at TestInfoImpl._runAsStage [90m(C:\playwright-project\[39mnode_modules\[4mplaywright[24m\lib\worker\testInfo.js:284:7[90m)[39m
    at WorkerMain._runTest [90m(C:\playwright-project\[39mnode_modules\[4mplaywright[24m\lib\worker\workerMain.js:281:5[90m)[39m
    at WorkerMain.runTestGroup [90m(C:\playwright-project\[39mnode_modules\[4mplaywright[24m\lib\worker\workerMain.js:205:11[90m)[39m
    at process.&lt;anonymous&gt; [90m(C:\playwright-project\[39mnode_modules\[4mplaywright[24m\lib\common\process.js:95:22[90m)[39m {
  fatal: [33mtrue[39m
}
Confirmation page validation failed: Not on confirmation page URL
Intento 2 fallido en payWithCard: Error [ValidationError]: Not on confirmation page URL
    at validationConfirmPage [90m(C:\playwright-project\[39msrc\page-objects\confirmation.ts:83:27[90m)[39m
[90m    at runNextTicks (node:internal/process/task_queues:65:5)[39m
[90m    at processImmediate (node:internal/timers:459:9)[39m
[90m    at process.callbackTrampoline (node:internal/async_hooks:130:17)[39m
    at validationConfirmationPage [90m(C:\playwright-project\[39msrc\tests\2TipsNoExtraNoSeat.spec.ts:90:3[90m)[39m
    at runWithRetries [90m(C:\playwright-project\[39msrc\tests\2TipsNoExtraNoSeat.spec.ts:121:7[90m)[39m
    at executeTests [90m(C:\playwright-project\[39msrc\tests\2TipsNoExtraNoSeat.spec.ts:221:29[90m)[39m
    at [90mC:\playwright-project\[39msrc\tests\2TipsNoExtraNoSeat.spec.ts:490:30
    at [90mC:\playwright-project\[39mnode_modules\[4mplaywright[24m\lib\worker\workerMain.js:339:9
    at [90mC:\playwright-project\[39mnode_modules\[4mplaywright[24m\lib\worker\testInfo.js:286:11
    at TimeoutManager.withRunnable [90m(C:\playwright-project\[39mnode_modules\[4mplaywright[24m\lib\worker\timeoutManager.js:64:14[90m)[39m
    at TestInfoImpl._runAsStage [90m(C:\playwright-project\[39mnode_modules\[4mplaywright[24m\lib\worker\testInfo.js:284:7[90m)[39m
    at [90mC:\playwright-project\[39mnode_modules\[4mplaywright[24m\lib\worker\workerMain.js:331:7
    at [90mC:\playwright-project\[39mnode_modules\[4mplaywright[24m\lib\worker\testInfo.js:286:11
    at TimeoutManager.withRunnable [90m(C:\playwright-project\[39mnode_modules\[4mplaywright[24m\lib\worker\timeoutManager.js:52:27[90m)[39m
    at TestInfoImpl._runAsStage [90m(C:\playwright-project\[39mnode_modules\[4mplaywright[24m\lib\worker\testInfo.js:284:7[90m)[39m
    at WorkerMain._runTest [90m(C:\playwright-project\[39mnode_modules\[4mplaywright[24m\lib\worker\workerMain.js:281:5[90m)[39m
    at WorkerMain.runTestGroup [90m(C:\playwright-project\[39mnode_modules\[4mplaywright[24m\lib\worker\workerMain.js:205:11[90m)[39m
    at process.&lt;anonymous&gt; [90m(C:\playwright-project\[39mnode_modules\[4mplaywright[24m\lib\common\process.js:95:22[90m)[39m {
  fatal: [33mtrue[39m
}

</system-err>
</testcase>
<testcase name="7. Compra 1 adt Eco Light - Eco Light  - sin assitence › Ejecución completa con reintentos" classname="2TipsNoExtraNoSeat.spec.ts" time="68.234">
<system-out>
Ejecución completa, intento 1 de 5
Ejecutando Booking, intento 1
Fecha de salida seleccionada: { year: [32m'2025'[39m, month: [32m'6'[39m, index: [33m0[39m, value: [33m3[39m }
Fecha de regreso seleccionada: { year: [32m'2025'[39m, month: [32m'6'[39m, index: [33m1[39m, value: [33m5[39m }
Ajustando número de pasajeros
Successfully clicked the element: div.price-cabin:has-text("Economy")
Successfully clicked the element: div.price-cabin:has-text("Economy")
Ejecutando fillPassengerAdult 1, intento 1
Ejecutando fillContact, intento 1
Ejecutando payWithCard, intento 1
Iframe encontrado.
Ejecutando payWithCard, intento 1
Ejecutando payWithCard, intento 2
Ejecutando payWithCard, intento 3
Ejecución completa, intento 2 de 5
Ejecutando Booking, intento 1
Fecha de salida seleccionada: { year: [32m'2025'[39m, month: [32m'6'[39m, index: [33m0[39m, value: [33m3[39m }
Fecha de regreso seleccionada: { year: [32m'2025'[39m, month: [32m'6'[39m, index: [33m1[39m, value: [33m5[39m }
Ajustando número de pasajeros
Successfully clicked the element: div.price-cabin:has-text("Economy")
Successfully clicked the element: div.price-cabin:has-text("Economy")
Ejecutando fillPassengerAdult 1, intento 1
Ejecutando fillContact, intento 1
Ejecutando payWithCard, intento 1
Iframe encontrado.
Ejecutando payWithCard, intento 1
Ejecutando payWithCard, intento 2
Ejecutando payWithCard, intento 3
Successfully saved booking code M92W6 to Excel

</system-out>
<system-err>
Confirmation page validation failed: Flight Summary section not found on confirmation page
Intento 1 fallido en payWithCard: Error [ValidationError]: Flight Summary section not found on confirmation page
    at validationConfirmPage [90m(C:\playwright-project\[39msrc\page-objects\confirmation.ts:75:27[90m)[39m
    at validationConfirmationPage [90m(C:\playwright-project\[39msrc\tests\2TipsNoExtraNoSeat.spec.ts:90:3[90m)[39m
    at runWithRetries [90m(C:\playwright-project\[39msrc\tests\2TipsNoExtraNoSeat.spec.ts:121:7[90m)[39m
    at executeTests [90m(C:\playwright-project\[39msrc\tests\2TipsNoExtraNoSeat.spec.ts:221:29[90m)[39m
    at [90mC:\playwright-project\[39msrc\tests\2TipsNoExtraNoSeat.spec.ts:531:30
    at [90mC:\playwright-project\[39mnode_modules\[4mplaywright[24m\lib\worker\workerMain.js:339:9
    at [90mC:\playwright-project\[39mnode_modules\[4mplaywright[24m\lib\worker\testInfo.js:286:11
    at TimeoutManager.withRunnable [90m(C:\playwright-project\[39mnode_modules\[4mplaywright[24m\lib\worker\timeoutManager.js:64:14[90m)[39m
    at TestInfoImpl._runAsStage [90m(C:\playwright-project\[39mnode_modules\[4mplaywright[24m\lib\worker\testInfo.js:284:7[90m)[39m
    at [90mC:\playwright-project\[39mnode_modules\[4mplaywright[24m\lib\worker\workerMain.js:331:7
    at [90mC:\playwright-project\[39mnode_modules\[4mplaywright[24m\lib\worker\testInfo.js:286:11
    at TimeoutManager.withRunnable [90m(C:\playwright-project\[39mnode_modules\[4mplaywright[24m\lib\worker\timeoutManager.js:52:27[90m)[39m
    at TestInfoImpl._runAsStage [90m(C:\playwright-project\[39mnode_modules\[4mplaywright[24m\lib\worker\testInfo.js:284:7[90m)[39m
    at WorkerMain._runTest [90m(C:\playwright-project\[39mnode_modules\[4mplaywright[24m\lib\worker\workerMain.js:281:5[90m)[39m
    at WorkerMain.runTestGroup [90m(C:\playwright-project\[39mnode_modules\[4mplaywright[24m\lib\worker\workerMain.js:205:11[90m)[39m
    at process.&lt;anonymous&gt; [90m(C:\playwright-project\[39mnode_modules\[4mplaywright[24m\lib\common\process.js:95:22[90m)[39m {
  fatal: [33mtrue[39m
}
Confirmation page validation failed: Flight Summary section not found on confirmation page
Intento 2 fallido en payWithCard: Error [ValidationError]: Flight Summary section not found on confirmation page
    at validationConfirmPage [90m(C:\playwright-project\[39msrc\page-objects\confirmation.ts:75:27[90m)[39m
    at validationConfirmationPage [90m(C:\playwright-project\[39msrc\tests\2TipsNoExtraNoSeat.spec.ts:90:3[90m)[39m
    at runWithRetries [90m(C:\playwright-project\[39msrc\tests\2TipsNoExtraNoSeat.spec.ts:121:7[90m)[39m
    at executeTests [90m(C:\playwright-project\[39msrc\tests\2TipsNoExtraNoSeat.spec.ts:221:29[90m)[39m
    at [90mC:\playwright-project\[39msrc\tests\2TipsNoExtraNoSeat.spec.ts:531:30
    at [90mC:\playwright-project\[39mnode_modules\[4mplaywright[24m\lib\worker\workerMain.js:339:9
    at [90mC:\playwright-project\[39mnode_modules\[4mplaywright[24m\lib\worker\testInfo.js:286:11
    at TimeoutManager.withRunnable [90m(C:\playwright-project\[39mnode_modules\[4mplaywright[24m\lib\worker\timeoutManager.js:64:14[90m)[39m
    at TestInfoImpl._runAsStage [90m(C:\playwright-project\[39mnode_modules\[4mplaywright[24m\lib\worker\testInfo.js:284:7[90m)[39m
    at [90mC:\playwright-project\[39mnode_modules\[4mplaywright[24m\lib\worker\workerMain.js:331:7
    at [90mC:\playwright-project\[39mnode_modules\[4mplaywright[24m\lib\worker\testInfo.js:286:11
    at TimeoutManager.withRunnable [90m(C:\playwright-project\[39mnode_modules\[4mplaywright[24m\lib\worker\timeoutManager.js:52:27[90m)[39m
    at TestInfoImpl._runAsStage [90m(C:\playwright-project\[39mnode_modules\[4mplaywright[24m\lib\worker\testInfo.js:284:7[90m)[39m
    at WorkerMain._runTest [90m(C:\playwright-project\[39mnode_modules\[4mplaywright[24m\lib\worker\workerMain.js:281:5[90m)[39m
    at WorkerMain.runTestGroup [90m(C:\playwright-project\[39mnode_modules\[4mplaywright[24m\lib\worker\workerMain.js:205:11[90m)[39m
    at process.&lt;anonymous&gt; [90m(C:\playwright-project\[39mnode_modules\[4mplaywright[24m\lib\common\process.js:95:22[90m)[39m {
  fatal: [33mtrue[39m
}
Confirmation page validation failed: Flight Summary section not found on confirmation page
Intento 3 fallido en payWithCard: Error [ValidationError]: Flight Summary section not found on confirmation page
    at validationConfirmPage [90m(C:\playwright-project\[39msrc\page-objects\confirmation.ts:75:27[90m)[39m
    at validationConfirmationPage [90m(C:\playwright-project\[39msrc\tests\2TipsNoExtraNoSeat.spec.ts:90:3[90m)[39m
    at runWithRetries [90m(C:\playwright-project\[39msrc\tests\2TipsNoExtraNoSeat.spec.ts:121:7[90m)[39m
    at executeTests [90m(C:\playwright-project\[39msrc\tests\2TipsNoExtraNoSeat.spec.ts:221:29[90m)[39m
    at [90mC:\playwright-project\[39msrc\tests\2TipsNoExtraNoSeat.spec.ts:531:30
    at [90mC:\playwright-project\[39mnode_modules\[4mplaywright[24m\lib\worker\workerMain.js:339:9
    at [90mC:\playwright-project\[39mnode_modules\[4mplaywright[24m\lib\worker\testInfo.js:286:11
    at TimeoutManager.withRunnable [90m(C:\playwright-project\[39mnode_modules\[4mplaywright[24m\lib\worker\timeoutManager.js:64:14[90m)[39m
    at TestInfoImpl._runAsStage [90m(C:\playwright-project\[39mnode_modules\[4mplaywright[24m\lib\worker\testInfo.js:284:7[90m)[39m
    at [90mC:\playwright-project\[39mnode_modules\[4mplaywright[24m\lib\worker\workerMain.js:331:7
    at [90mC:\playwright-project\[39mnode_modules\[4mplaywright[24m\lib\worker\testInfo.js:286:11
    at TimeoutManager.withRunnable [90m(C:\playwright-project\[39mnode_modules\[4mplaywright[24m\lib\worker\timeoutManager.js:52:27[90m)[39m
    at TestInfoImpl._runAsStage [90m(C:\playwright-project\[39mnode_modules\[4mplaywright[24m\lib\worker\testInfo.js:284:7[90m)[39m
    at WorkerMain._runTest [90m(C:\playwright-project\[39mnode_modules\[4mplaywright[24m\lib\worker\workerMain.js:281:5[90m)[39m
    at WorkerMain.runTestGroup [90m(C:\playwright-project\[39mnode_modules\[4mplaywright[24m\lib\worker\workerMain.js:205:11[90m)[39m
    at process.&lt;anonymous&gt; [90m(C:\playwright-project\[39mnode_modules\[4mplaywright[24m\lib\common\process.js:95:22[90m)[39m {
  fatal: [33mtrue[39m
}
Prueba payWithCard fallida después de 3 intentos.
Confirmation page validation failed: Flight Summary section not found on confirmation page
Intento 1 fallido en payWithCard: Error [ValidationError]: Flight Summary section not found on confirmation page
    at validationConfirmPage [90m(C:\playwright-project\[39msrc\page-objects\confirmation.ts:75:27[90m)[39m
[90m    at runNextTicks (node:internal/process/task_queues:65:5)[39m
[90m    at processImmediate (node:internal/timers:459:9)[39m
[90m    at process.callbackTrampoline (node:internal/async_hooks:130:17)[39m
    at validationConfirmationPage [90m(C:\playwright-project\[39msrc\tests\2TipsNoExtraNoSeat.spec.ts:90:3[90m)[39m
    at runWithRetries [90m(C:\playwright-project\[39msrc\tests\2TipsNoExtraNoSeat.spec.ts:121:7[90m)[39m
    at executeTests [90m(C:\playwright-project\[39msrc\tests\2TipsNoExtraNoSeat.spec.ts:221:29[90m)[39m
    at [90mC:\playwright-project\[39msrc\tests\2TipsNoExtraNoSeat.spec.ts:531:30
    at [90mC:\playwright-project\[39mnode_modules\[4mplaywright[24m\lib\worker\workerMain.js:339:9
    at [90mC:\playwright-project\[39mnode_modules\[4mplaywright[24m\lib\worker\testInfo.js:286:11
    at TimeoutManager.withRunnable [90m(C:\playwright-project\[39mnode_modules\[4mplaywright[24m\lib\worker\timeoutManager.js:64:14[90m)[39m
    at TestInfoImpl._runAsStage [90m(C:\playwright-project\[39mnode_modules\[4mplaywright[24m\lib\worker\testInfo.js:284:7[90m)[39m
    at [90mC:\playwright-project\[39mnode_modules\[4mplaywright[24m\lib\worker\workerMain.js:331:7
    at [90mC:\playwright-project\[39mnode_modules\[4mplaywright[24m\lib\worker\testInfo.js:286:11
    at TimeoutManager.withRunnable [90m(C:\playwright-project\[39mnode_modules\[4mplaywright[24m\lib\worker\timeoutManager.js:52:27[90m)[39m
    at TestInfoImpl._runAsStage [90m(C:\playwright-project\[39mnode_modules\[4mplaywright[24m\lib\worker\testInfo.js:284:7[90m)[39m
    at WorkerMain._runTest [90m(C:\playwright-project\[39mnode_modules\[4mplaywright[24m\lib\worker\workerMain.js:281:5[90m)[39m
    at WorkerMain.runTestGroup [90m(C:\playwright-project\[39mnode_modules\[4mplaywright[24m\lib\worker\workerMain.js:205:11[90m)[39m
    at process.&lt;anonymous&gt; [90m(C:\playwright-project\[39mnode_modules\[4mplaywright[24m\lib\common\process.js:95:22[90m)[39m {
  fatal: [33mtrue[39m
}
Confirmation page validation failed: Not on confirmation page URL
Intento 2 fallido en payWithCard: Error [ValidationError]: Not on confirmation page URL
    at validationConfirmPage [90m(C:\playwright-project\[39msrc\page-objects\confirmation.ts:83:27[90m)[39m
    at validationConfirmationPage [90m(C:\playwright-project\[39msrc\tests\2TipsNoExtraNoSeat.spec.ts:90:3[90m)[39m
    at runWithRetries [90m(C:\playwright-project\[39msrc\tests\2TipsNoExtraNoSeat.spec.ts:121:7[90m)[39m
    at executeTests [90m(C:\playwright-project\[39msrc\tests\2TipsNoExtraNoSeat.spec.ts:221:29[90m)[39m
    at [90mC:\playwright-project\[39msrc\tests\2TipsNoExtraNoSeat.spec.ts:531:30
    at [90mC:\playwright-project\[39mnode_modules\[4mplaywright[24m\lib\worker\workerMain.js:339:9
    at [90mC:\playwright-project\[39mnode_modules\[4mplaywright[24m\lib\worker\testInfo.js:286:11
    at TimeoutManager.withRunnable [90m(C:\playwright-project\[39mnode_modules\[4mplaywright[24m\lib\worker\timeoutManager.js:64:14[90m)[39m
    at TestInfoImpl._runAsStage [90m(C:\playwright-project\[39mnode_modules\[4mplaywright[24m\lib\worker\testInfo.js:284:7[90m)[39m
    at [90mC:\playwright-project\[39mnode_modules\[4mplaywright[24m\lib\worker\workerMain.js:331:7
    at [90mC:\playwright-project\[39mnode_modules\[4mplaywright[24m\lib\worker\testInfo.js:286:11
    at TimeoutManager.withRunnable [90m(C:\playwright-project\[39mnode_modules\[4mplaywright[24m\lib\worker\timeoutManager.js:52:27[90m)[39m
    at TestInfoImpl._runAsStage [90m(C:\playwright-project\[39mnode_modules\[4mplaywright[24m\lib\worker\testInfo.js:284:7[90m)[39m
    at WorkerMain._runTest [90m(C:\playwright-project\[39mnode_modules\[4mplaywright[24m\lib\worker\workerMain.js:281:5[90m)[39m
    at WorkerMain.runTestGroup [90m(C:\playwright-project\[39mnode_modules\[4mplaywright[24m\lib\worker\workerMain.js:205:11[90m)[39m
    at process.&lt;anonymous&gt; [90m(C:\playwright-project\[39mnode_modules\[4mplaywright[24m\lib\common\process.js:95:22[90m)[39m {
  fatal: [33mtrue[39m
}

</system-err>
</testcase>
<testcase name="8. Compra 1 adt Eco Light - Eco COMFORT - sin assitence › Ejecución completa con reintentos" classname="2TipsNoExtraNoSeat.spec.ts" time="246.864">
<system-out>
Ejecución completa, intento 1 de 5
Ejecutando Booking, intento 1
Fecha de salida seleccionada: { year: [32m'2025'[39m, month: [32m'7'[39m, index: [33m0[39m, value: [33m1[39m }
Fecha de regreso seleccionada: { year: [32m'2025'[39m, month: [32m'7'[39m, index: [33m1[39m, value: [33m2[39m }
Ajustando número de pasajeros
Successfully clicked the element: div.price-cabin:has-text("Economy")
Successfully clicked the element: div.price-cabin:has-text("Economy")
Ejecutando fillPassengerAdult 1, intento 1
Ejecutando fillContact, intento 1
Ejecutando payWithCard, intento 1
Ejecutando payWithCard, intento 2
Ejecutando payWithCard, intento 3
Ejecución completa, intento 2 de 5
Ejecutando Booking, intento 1
Fecha de salida seleccionada: { year: [32m'2025'[39m, month: [32m'6'[39m, index: [33m4[39m, value: [33m12[39m }
Fecha de regreso seleccionada: { year: [32m'2025'[39m, month: [32m'6'[39m, index: [33m5[39m, value: [33m14[39m }
Ajustando número de pasajeros
Successfully clicked the element: div.price-cabin:has-text("Economy")
Successfully clicked the element: div.price-cabin:has-text("Economy")
Ejecutando fillPassengerAdult 1, intento 1
Ejecutando fillContact, intento 1
Ejecutando payWithCard, intento 1
Iframe encontrado.
Ejecutando payWithCard, intento 1
Ejecutando payWithCard, intento 2
Ejecutando payWithCard, intento 3
Successfully saved booking code M92X9 to Excel

</system-out>
<system-err>
Error while handling iframe payment: page.waitForSelector: Timeout 60000ms exceeded.
Call log:
[2m  - waiting for locator('iframe[title="Iframe for expiry date"]') to be visible[22m

    at payWithCard [90m(C:\playwright-project\[39msrc\page-objects\paymentPage.ts:4:20[90m)[39m
    at payWithCardInformation [90m(C:\playwright-project\[39msrc\tests\2TipsNoExtraNoSeat.spec.ts:84:22[90m)[39m
    at fn [90m(C:\playwright-project\[39msrc\tests\2TipsNoExtraNoSeat.spec.ts:212:15[90m)[39m
    at runWithRetries [90m(C:\playwright-project\[39msrc\tests\2TipsNoExtraNoSeat.spec.ts:121:13[90m)[39m
    at executeTests [90m(C:\playwright-project\[39msrc\tests\2TipsNoExtraNoSeat.spec.ts:211:35[90m)[39m
    at [90mC:\playwright-project\[39msrc\tests\2TipsNoExtraNoSeat.spec.ts:572:30 {
  name: [32m'TimeoutError'[39m,
  [[32mSymbol(step)[39m]: {
    stepId: [32m'pw:api@67'[39m,
    location: {
      file: [32m'C:\\playwright-project\\src\\page-objects\\paymentPage.ts'[39m,
      line: [33m4[39m,
      column: [33m20[39m,
      function: [32m'payWithCard'[39m
    },
    category: [32m'pw:api'[39m,
    title: [32m'page.waitForSelector(iframe[title="Iframe for expiry date"])'[39m,
    apiName: [32m'page.waitForSelector'[39m,
    params: {
      selector: [32m'iframe[title="Iframe for expiry date"]'[39m,
      timeout: [33m60000[39m
    },
    boxedStack: [90mundefined[39m,
    steps: [],
    complete: [36m[Function: complete][39m,
    endWallTime: [33m1738222801947[39m,
    error: {
      message: [32m'TimeoutError: page.waitForSelector: Timeout 60000ms exceeded.\n'[39m +
        [32m'Call log:\n'[39m +
        [32m`\x1B[2m  - waiting for locator('iframe[title="Iframe for expiry date"]') to be visible\x1B[22m\n`[39m,
      stack: [32m'TimeoutError: page.waitForSelector: Timeout 60000ms exceeded.\n'[39m +
        [32m'Call log:\n'[39m +
        [32m`\x1B[2m  - waiting for locator('iframe[title="Iframe for expiry date"]') to be visible\x1B[22m\n`[39m +
        [32m'\n'[39m +
        [32m'    at payWithCard (C:\\playwright-project\\src\\page-objects\\paymentPage.ts:4:20)\n'[39m +
        [32m'    at payWithCardInformation (C:\\playwright-project\\src\\tests\\2TipsNoExtraNoSeat.spec.ts:84:22)\n'[39m +
        [32m'    at fn (C:\\playwright-project\\src\\tests\\2TipsNoExtraNoSeat.spec.ts:212:15)\n'[39m +
        [32m'    at runWithRetries (C:\\playwright-project\\src\\tests\\2TipsNoExtraNoSeat.spec.ts:121:13)\n'[39m +
        [32m'    at executeTests (C:\\playwright-project\\src\\tests\\2TipsNoExtraNoSeat.spec.ts:211:35)\n'[39m +
        [32m'    at C:\\playwright-project\\src\\tests\\2TipsNoExtraNoSeat.spec.ts:572:30'[39m,
      cause: [90mundefined[39m
    }
  }
}
Intento 1 fallido en payWithCard: page.waitForSelector: Timeout 60000ms exceeded.
Call log:
[2m  - waiting for locator('iframe[title="Iframe for expiry date"]') to be visible[22m

    at payWithCard [90m(C:\playwright-project\[39msrc\page-objects\paymentPage.ts:4:20[90m)[39m
    at payWithCardInformation [90m(C:\playwright-project\[39msrc\tests\2TipsNoExtraNoSeat.spec.ts:84:22[90m)[39m
    at fn [90m(C:\playwright-project\[39msrc\tests\2TipsNoExtraNoSeat.spec.ts:212:15[90m)[39m
    at runWithRetries [90m(C:\playwright-project\[39msrc\tests\2TipsNoExtraNoSeat.spec.ts:121:13[90m)[39m
    at executeTests [90m(C:\playwright-project\[39msrc\tests\2TipsNoExtraNoSeat.spec.ts:211:35[90m)[39m
    at [90mC:\playwright-project\[39msrc\tests\2TipsNoExtraNoSeat.spec.ts:572:30 {
  name: [32m'TimeoutError'[39m,
  [[32mSymbol(step)[39m]: {
    stepId: [32m'pw:api@67'[39m,
    location: {
      file: [32m'C:\\playwright-project\\src\\page-objects\\paymentPage.ts'[39m,
      line: [33m4[39m,
      column: [33m20[39m,
      function: [32m'payWithCard'[39m
    },
    category: [32m'pw:api'[39m,
    title: [32m'page.waitForSelector(iframe[title="Iframe for expiry date"])'[39m,
    apiName: [32m'page.waitForSelector'[39m,
    params: {
      selector: [32m'iframe[title="Iframe for expiry date"]'[39m,
      timeout: [33m60000[39m
    },
    boxedStack: [90mundefined[39m,
    steps: [],
    complete: [36m[Function: complete][39m,
    endWallTime: [33m1738222801947[39m,
    error: {
      message: [32m'TimeoutError: page.waitForSelector: Timeout 60000ms exceeded.\n'[39m +
        [32m'Call log:\n'[39m +
        [32m`\x1B[2m  - waiting for locator('iframe[title="Iframe for expiry date"]') to be visible\x1B[22m\n`[39m,
      stack: [32m'TimeoutError: page.waitForSelector: Timeout 60000ms exceeded.\n'[39m +
        [32m'Call log:\n'[39m +
        [32m`\x1B[2m  - waiting for locator('iframe[title="Iframe for expiry date"]') to be visible\x1B[22m\n`[39m +
        [32m'\n'[39m +
        [32m'    at payWithCard (C:\\playwright-project\\src\\page-objects\\paymentPage.ts:4:20)\n'[39m +
        [32m'    at payWithCardInformation (C:\\playwright-project\\src\\tests\\2TipsNoExtraNoSeat.spec.ts:84:22)\n'[39m +
        [32m'    at fn (C:\\playwright-project\\src\\tests\\2TipsNoExtraNoSeat.spec.ts:212:15)\n'[39m +
        [32m'    at runWithRetries (C:\\playwright-project\\src\\tests\\2TipsNoExtraNoSeat.spec.ts:121:13)\n'[39m +
        [32m'    at executeTests (C:\\playwright-project\\src\\tests\\2TipsNoExtraNoSeat.spec.ts:211:35)\n'[39m +
        [32m'    at C:\\playwright-project\\src\\tests\\2TipsNoExtraNoSeat.spec.ts:572:30'[39m,
      cause: [90mundefined[39m
    }
  }
}
Error while handling iframe payment: page.waitForSelector: Timeout 60000ms exceeded.
Call log:
[2m  - waiting for locator('iframe[title="Iframe for expiry date"]') to be visible[22m

    at payWithCard [90m(C:\playwright-project\[39msrc\page-objects\paymentPage.ts:4:20[90m)[39m
    at payWithCardInformation [90m(C:\playwright-project\[39msrc\tests\2TipsNoExtraNoSeat.spec.ts:84:22[90m)[39m
    at fn [90m(C:\playwright-project\[39msrc\tests\2TipsNoExtraNoSeat.spec.ts:212:15[90m)[39m
    at runWithRetries [90m(C:\playwright-project\[39msrc\tests\2TipsNoExtraNoSeat.spec.ts:121:13[90m)[39m
    at executeTests [90m(C:\playwright-project\[39msrc\tests\2TipsNoExtraNoSeat.spec.ts:211:29[90m)[39m
    at [90mC:\playwright-project\[39msrc\tests\2TipsNoExtraNoSeat.spec.ts:572:30 {
  name: [32m'TimeoutError'[39m,
  [[32mSymbol(step)[39m]: {
    stepId: [32m'pw:api@68'[39m,
    location: {
      file: [32m'C:\\playwright-project\\src\\page-objects\\paymentPage.ts'[39m,
      line: [33m4[39m,
      column: [33m20[39m,
      function: [32m'payWithCard'[39m
    },
    category: [32m'pw:api'[39m,
    title: [32m'page.waitForSelector(iframe[title="Iframe for expiry date"])'[39m,
    apiName: [32m'page.waitForSelector'[39m,
    params: {
      selector: [32m'iframe[title="Iframe for expiry date"]'[39m,
      timeout: [33m60000[39m
    },
    boxedStack: [90mundefined[39m,
    steps: [],
    complete: [36m[Function: complete][39m,
    endWallTime: [33m1738222861964[39m,
    error: {
      message: [32m'TimeoutError: page.waitForSelector: Timeout 60000ms exceeded.\n'[39m +
        [32m'Call log:\n'[39m +
        [32m`\x1B[2m  - waiting for locator('iframe[title="Iframe for expiry date"]') to be visible\x1B[22m\n`[39m,
      stack: [32m'TimeoutError: page.waitForSelector: Timeout 60000ms exceeded.\n'[39m +
        [32m'Call log:\n'[39m +
        [32m`\x1B[2m  - waiting for locator('iframe[title="Iframe for expiry date"]') to be visible\x1B[22m\n`[39m +
        [32m'\n'[39m +
        [32m'    at payWithCard (C:\\playwright-project\\src\\page-objects\\paymentPage.ts:4:20)\n'[39m +
        [32m'    at payWithCardInformation (C:\\playwright-project\\src\\tests\\2TipsNoExtraNoSeat.spec.ts:84:22)\n'[39m +
        [32m'    at fn (C:\\playwright-project\\src\\tests\\2TipsNoExtraNoSeat.spec.ts:212:15)\n'[39m +
        [32m'    at runWithRetries (C:\\playwright-project\\src\\tests\\2TipsNoExtraNoSeat.spec.ts:121:13)\n'[39m +
        [32m'    at executeTests (C:\\playwright-project\\src\\tests\\2TipsNoExtraNoSeat.spec.ts:211:29)\n'[39m +
        [32m'    at C:\\playwright-project\\src\\tests\\2TipsNoExtraNoSeat.spec.ts:572:30'[39m,
      cause: [90mundefined[39m
    }
  }
}
Intento 2 fallido en payWithCard: page.waitForSelector: Timeout 60000ms exceeded.
Call log:
[2m  - waiting for locator('iframe[title="Iframe for expiry date"]') to be visible[22m

    at payWithCard [90m(C:\playwright-project\[39msrc\page-objects\paymentPage.ts:4:20[90m)[39m
    at payWithCardInformation [90m(C:\playwright-project\[39msrc\tests\2TipsNoExtraNoSeat.spec.ts:84:22[90m)[39m
    at fn [90m(C:\playwright-project\[39msrc\tests\2TipsNoExtraNoSeat.spec.ts:212:15[90m)[39m
    at runWithRetries [90m(C:\playwright-project\[39msrc\tests\2TipsNoExtraNoSeat.spec.ts:121:13[90m)[39m
    at executeTests [90m(C:\playwright-project\[39msrc\tests\2TipsNoExtraNoSeat.spec.ts:211:29[90m)[39m
    at [90mC:\playwright-project\[39msrc\tests\2TipsNoExtraNoSeat.spec.ts:572:30 {
  name: [32m'TimeoutError'[39m,
  [[32mSymbol(step)[39m]: {
    stepId: [32m'pw:api@68'[39m,
    location: {
      file: [32m'C:\\playwright-project\\src\\page-objects\\paymentPage.ts'[39m,
      line: [33m4[39m,
      column: [33m20[39m,
      function: [32m'payWithCard'[39m
    },
    category: [32m'pw:api'[39m,
    title: [32m'page.waitForSelector(iframe[title="Iframe for expiry date"])'[39m,
    apiName: [32m'page.waitForSelector'[39m,
    params: {
      selector: [32m'iframe[title="Iframe for expiry date"]'[39m,
      timeout: [33m60000[39m
    },
    boxedStack: [90mundefined[39m,
    steps: [],
    complete: [36m[Function: complete][39m,
    endWallTime: [33m1738222861964[39m,
    error: {
      message: [32m'TimeoutError: page.waitForSelector: Timeout 60000ms exceeded.\n'[39m +
        [32m'Call log:\n'[39m +
        [32m`\x1B[2m  - waiting for locator('iframe[title="Iframe for expiry date"]') to be visible\x1B[22m\n`[39m,
      stack: [32m'TimeoutError: page.waitForSelector: Timeout 60000ms exceeded.\n'[39m +
        [32m'Call log:\n'[39m +
        [32m`\x1B[2m  - waiting for locator('iframe[title="Iframe for expiry date"]') to be visible\x1B[22m\n`[39m +
        [32m'\n'[39m +
        [32m'    at payWithCard (C:\\playwright-project\\src\\page-objects\\paymentPage.ts:4:20)\n'[39m +
        [32m'    at payWithCardInformation (C:\\playwright-project\\src\\tests\\2TipsNoExtraNoSeat.spec.ts:84:22)\n'[39m +
        [32m'    at fn (C:\\playwright-project\\src\\tests\\2TipsNoExtraNoSeat.spec.ts:212:15)\n'[39m +
        [32m'    at runWithRetries (C:\\playwright-project\\src\\tests\\2TipsNoExtraNoSeat.spec.ts:121:13)\n'[39m +
        [32m'    at executeTests (C:\\playwright-project\\src\\tests\\2TipsNoExtraNoSeat.spec.ts:211:29)\n'[39m +
        [32m'    at C:\\playwright-project\\src\\tests\\2TipsNoExtraNoSeat.spec.ts:572:30'[39m,
      cause: [90mundefined[39m
    }
  }
}
Error while handling iframe payment: page.waitForSelector: Timeout 60000ms exceeded.
Call log:
[2m  - waiting for locator('iframe[title="Iframe for expiry date"]') to be visible[22m

    at payWithCard [90m(C:\playwright-project\[39msrc\page-objects\paymentPage.ts:4:20[90m)[39m
    at payWithCardInformation [90m(C:\playwright-project\[39msrc\tests\2TipsNoExtraNoSeat.spec.ts:84:22[90m)[39m
    at fn [90m(C:\playwright-project\[39msrc\tests\2TipsNoExtraNoSeat.spec.ts:212:15[90m)[39m
    at runWithRetries [90m(C:\playwright-project\[39msrc\tests\2TipsNoExtraNoSeat.spec.ts:121:13[90m)[39m
    at executeTests [90m(C:\playwright-project\[39msrc\tests\2TipsNoExtraNoSeat.spec.ts:211:29[90m)[39m
    at [90mC:\playwright-project\[39msrc\tests\2TipsNoExtraNoSeat.spec.ts:572:30 {
  name: [32m'TimeoutError'[39m,
  [[32mSymbol(step)[39m]: {
    stepId: [32m'pw:api@69'[39m,
    location: {
      file: [32m'C:\\playwright-project\\src\\page-objects\\paymentPage.ts'[39m,
      line: [33m4[39m,
      column: [33m20[39m,
      function: [32m'payWithCard'[39m
    },
    category: [32m'pw:api'[39m,
    title: [32m'page.waitForSelector(iframe[title="Iframe for expiry date"])'[39m,
    apiName: [32m'page.waitForSelector'[39m,
    params: {
      selector: [32m'iframe[title="Iframe for expiry date"]'[39m,
      timeout: [33m60000[39m
    },
    boxedStack: [90mundefined[39m,
    steps: [],
    complete: [36m[Function: complete][39m,
    endWallTime: [33m1738222921979[39m,
    error: {
      message: [32m'TimeoutError: page.waitForSelector: Timeout 60000ms exceeded.\n'[39m +
        [32m'Call log:\n'[39m +
        [32m`\x1B[2m  - waiting for locator('iframe[title="Iframe for expiry date"]') to be visible\x1B[22m\n`[39m,
      stack: [32m'TimeoutError: page.waitForSelector: Timeout 60000ms exceeded.\n'[39m +
        [32m'Call log:\n'[39m +
        [32m`\x1B[2m  - waiting for locator('iframe[title="Iframe for expiry date"]') to be visible\x1B[22m\n`[39m +
        [32m'\n'[39m +
        [32m'    at payWithCard (C:\\playwright-project\\src\\page-objects\\paymentPage.ts:4:20)\n'[39m +
        [32m'    at payWithCardInformation (C:\\playwright-project\\src\\tests\\2TipsNoExtraNoSeat.spec.ts:84:22)\n'[39m +
        [32m'    at fn (C:\\playwright-project\\src\\tests\\2TipsNoExtraNoSeat.spec.ts:212:15)\n'[39m +
        [32m'    at runWithRetries (C:\\playwright-project\\src\\tests\\2TipsNoExtraNoSeat.spec.ts:121:13)\n'[39m +
        [32m'    at executeTests (C:\\playwright-project\\src\\tests\\2TipsNoExtraNoSeat.spec.ts:211:29)\n'[39m +
        [32m'    at C:\\playwright-project\\src\\tests\\2TipsNoExtraNoSeat.spec.ts:572:30'[39m,
      cause: [90mundefined[39m
    }
  }
}
Intento 3 fallido en payWithCard: page.waitForSelector: Timeout 60000ms exceeded.
Call log:
[2m  - waiting for locator('iframe[title="Iframe for expiry date"]') to be visible[22m

    at payWithCard [90m(C:\playwright-project\[39msrc\page-objects\paymentPage.ts:4:20[90m)[39m
    at payWithCardInformation [90m(C:\playwright-project\[39msrc\tests\2TipsNoExtraNoSeat.spec.ts:84:22[90m)[39m
    at fn [90m(C:\playwright-project\[39msrc\tests\2TipsNoExtraNoSeat.spec.ts:212:15[90m)[39m
    at runWithRetries [90m(C:\playwright-project\[39msrc\tests\2TipsNoExtraNoSeat.spec.ts:121:13[90m)[39m
    at executeTests [90m(C:\playwright-project\[39msrc\tests\2TipsNoExtraNoSeat.spec.ts:211:29[90m)[39m
    at [90mC:\playwright-project\[39msrc\tests\2TipsNoExtraNoSeat.spec.ts:572:30 {
  name: [32m'TimeoutError'[39m,
  [[32mSymbol(step)[39m]: {
    stepId: [32m'pw:api@69'[39m,
    location: {
      file: [32m'C:\\playwright-project\\src\\page-objects\\paymentPage.ts'[39m,
      line: [33m4[39m,
      column: [33m20[39m,
      function: [32m'payWithCard'[39m
    },
    category: [32m'pw:api'[39m,
    title: [32m'page.waitForSelector(iframe[title="Iframe for expiry date"])'[39m,
    apiName: [32m'page.waitForSelector'[39m,
    params: {
      selector: [32m'iframe[title="Iframe for expiry date"]'[39m,
      timeout: [33m60000[39m
    },
    boxedStack: [90mundefined[39m,
    steps: [],
    complete: [36m[Function: complete][39m,
    endWallTime: [33m1738222921979[39m,
    error: {
      message: [32m'TimeoutError: page.waitForSelector: Timeout 60000ms exceeded.\n'[39m +
        [32m'Call log:\n'[39m +
        [32m`\x1B[2m  - waiting for locator('iframe[title="Iframe for expiry date"]') to be visible\x1B[22m\n`[39m,
      stack: [32m'TimeoutError: page.waitForSelector: Timeout 60000ms exceeded.\n'[39m +
        [32m'Call log:\n'[39m +
        [32m`\x1B[2m  - waiting for locator('iframe[title="Iframe for expiry date"]') to be visible\x1B[22m\n`[39m +
        [32m'\n'[39m +
        [32m'    at payWithCard (C:\\playwright-project\\src\\page-objects\\paymentPage.ts:4:20)\n'[39m +
        [32m'    at payWithCardInformation (C:\\playwright-project\\src\\tests\\2TipsNoExtraNoSeat.spec.ts:84:22)\n'[39m +
        [32m'    at fn (C:\\playwright-project\\src\\tests\\2TipsNoExtraNoSeat.spec.ts:212:15)\n'[39m +
        [32m'    at runWithRetries (C:\\playwright-project\\src\\tests\\2TipsNoExtraNoSeat.spec.ts:121:13)\n'[39m +
        [32m'    at executeTests (C:\\playwright-project\\src\\tests\\2TipsNoExtraNoSeat.spec.ts:211:29)\n'[39m +
        [32m'    at C:\\playwright-project\\src\\tests\\2TipsNoExtraNoSeat.spec.ts:572:30'[39m,
      cause: [90mundefined[39m
    }
  }
}
Prueba payWithCard fallida después de 3 intentos.
Confirmation page validation failed: Flight Summary section not found on confirmation page
Intento 1 fallido en payWithCard: Error [ValidationError]: Flight Summary section not found on confirmation page
    at validationConfirmPage [90m(C:\playwright-project\[39msrc\page-objects\confirmation.ts:75:27[90m)[39m
[90m    at runNextTicks (node:internal/process/task_queues:65:5)[39m
[90m    at processImmediate (node:internal/timers:459:9)[39m
[90m    at process.callbackTrampoline (node:internal/async_hooks:130:17)[39m
    at validationConfirmationPage [90m(C:\playwright-project\[39msrc\tests\2TipsNoExtraNoSeat.spec.ts:90:3[90m)[39m
    at runWithRetries [90m(C:\playwright-project\[39msrc\tests\2TipsNoExtraNoSeat.spec.ts:121:7[90m)[39m
    at executeTests [90m(C:\playwright-project\[39msrc\tests\2TipsNoExtraNoSeat.spec.ts:221:29[90m)[39m
    at [90mC:\playwright-project\[39msrc\tests\2TipsNoExtraNoSeat.spec.ts:572:30
    at [90mC:\playwright-project\[39mnode_modules\[4mplaywright[24m\lib\worker\workerMain.js:339:9
    at [90mC:\playwright-project\[39mnode_modules\[4mplaywright[24m\lib\worker\testInfo.js:286:11
    at TimeoutManager.withRunnable [90m(C:\playwright-project\[39mnode_modules\[4mplaywright[24m\lib\worker\timeoutManager.js:64:14[90m)[39m
    at TestInfoImpl._runAsStage [90m(C:\playwright-project\[39mnode_modules\[4mplaywright[24m\lib\worker\testInfo.js:284:7[90m)[39m
    at [90mC:\playwright-project\[39mnode_modules\[4mplaywright[24m\lib\worker\workerMain.js:331:7
    at [90mC:\playwright-project\[39mnode_modules\[4mplaywright[24m\lib\worker\testInfo.js:286:11
    at TimeoutManager.withRunnable [90m(C:\playwright-project\[39mnode_modules\[4mplaywright[24m\lib\worker\timeoutManager.js:52:27[90m)[39m
    at TestInfoImpl._runAsStage [90m(C:\playwright-project\[39mnode_modules\[4mplaywright[24m\lib\worker\testInfo.js:284:7[90m)[39m
    at WorkerMain._runTest [90m(C:\playwright-project\[39mnode_modules\[4mplaywright[24m\lib\worker\workerMain.js:281:5[90m)[39m
    at WorkerMain.runTestGroup [90m(C:\playwright-project\[39mnode_modules\[4mplaywright[24m\lib\worker\workerMain.js:205:11[90m)[39m
    at process.&lt;anonymous&gt; [90m(C:\playwright-project\[39mnode_modules\[4mplaywright[24m\lib\common\process.js:95:22[90m)[39m {
  fatal: [33mtrue[39m
}
Confirmation page validation failed: Not on confirmation page URL
Intento 2 fallido en payWithCard: Error [ValidationError]: Not on confirmation page URL
    at validationConfirmPage [90m(C:\playwright-project\[39msrc\page-objects\confirmation.ts:83:27[90m)[39m
[90m    at runNextTicks (node:internal/process/task_queues:65:5)[39m
[90m    at processImmediate (node:internal/timers:459:9)[39m
[90m    at process.callbackTrampoline (node:internal/async_hooks:130:17)[39m
    at validationConfirmationPage [90m(C:\playwright-project\[39msrc\tests\2TipsNoExtraNoSeat.spec.ts:90:3[90m)[39m
    at runWithRetries [90m(C:\playwright-project\[39msrc\tests\2TipsNoExtraNoSeat.spec.ts:121:7[90m)[39m
    at executeTests [90m(C:\playwright-project\[39msrc\tests\2TipsNoExtraNoSeat.spec.ts:221:29[90m)[39m
    at [90mC:\playwright-project\[39msrc\tests\2TipsNoExtraNoSeat.spec.ts:572:30
    at [90mC:\playwright-project\[39mnode_modules\[4mplaywright[24m\lib\worker\workerMain.js:339:9
    at [90mC:\playwright-project\[39mnode_modules\[4mplaywright[24m\lib\worker\testInfo.js:286:11
    at TimeoutManager.withRunnable [90m(C:\playwright-project\[39mnode_modules\[4mplaywright[24m\lib\worker\timeoutManager.js:64:14[90m)[39m
    at TestInfoImpl._runAsStage [90m(C:\playwright-project\[39mnode_modules\[4mplaywright[24m\lib\worker\testInfo.js:284:7[90m)[39m
    at [90mC:\playwright-project\[39mnode_modules\[4mplaywright[24m\lib\worker\workerMain.js:331:7
    at [90mC:\playwright-project\[39mnode_modules\[4mplaywright[24m\lib\worker\testInfo.js:286:11
    at TimeoutManager.withRunnable [90m(C:\playwright-project\[39mnode_modules\[4mplaywright[24m\lib\worker\timeoutManager.js:52:27[90m)[39m
    at TestInfoImpl._runAsStage [90m(C:\playwright-project\[39mnode_modules\[4mplaywright[24m\lib\worker\testInfo.js:284:7[90m)[39m
    at WorkerMain._runTest [90m(C:\playwright-project\[39mnode_modules\[4mplaywright[24m\lib\worker\workerMain.js:281:5[90m)[39m
    at WorkerMain.runTestGroup [90m(C:\playwright-project\[39mnode_modules\[4mplaywright[24m\lib\worker\workerMain.js:205:11[90m)[39m
    at process.&lt;anonymous&gt; [90m(C:\playwright-project\[39mnode_modules\[4mplaywright[24m\lib\common\process.js:95:22[90m)[39m {
  fatal: [33mtrue[39m
}

</system-err>
</testcase>
<testcase name="9. Compra 1 adt Eco Light - Eco Extra - sin assitence › Ejecución completa con reintentos" classname="2TipsNoExtraNoSeat.spec.ts" time="40.623">
<system-out>
Ejecución completa, intento 1 de 5
Ejecutando Booking, intento 1
Fecha de salida seleccionada: { year: [32m'2025'[39m, month: [32m'6'[39m, index: [33m8[39m, value: [33m21[39m }
Fecha de regreso seleccionada: { year: [32m'2025'[39m, month: [32m'6'[39m, index: [33m9[39m, value: [33m24[39m }
Ajustando número de pasajeros
Successfully clicked the element: div.price-cabin:has-text("Economy")
Successfully clicked the element: div.price-cabin:has-text("Economy")
Ejecutando fillPassengerAdult 1, intento 1
Ejecutando fillContact, intento 1
Ejecutando payWithCard, intento 1
Iframe encontrado.
Ejecutando payWithCard, intento 1
Ejecutando payWithCard, intento 2
Ejecutando payWithCard, intento 3
Successfully saved booking code M92W5 to Excel

</system-out>
<system-err>
Confirmation page validation failed: Flight Summary section not found on confirmation page
Intento 1 fallido en payWithCard: Error [ValidationError]: Flight Summary section not found on confirmation page
    at validationConfirmPage [90m(C:\playwright-project\[39msrc\page-objects\confirmation.ts:75:27[90m)[39m
[90m    at runNextTicks (node:internal/process/task_queues:65:5)[39m
[90m    at processImmediate (node:internal/timers:459:9)[39m
[90m    at process.callbackTrampoline (node:internal/async_hooks:130:17)[39m
    at validationConfirmationPage [90m(C:\playwright-project\[39msrc\tests\2TipsNoExtraNoSeat.spec.ts:90:3[90m)[39m
    at runWithRetries [90m(C:\playwright-project\[39msrc\tests\2TipsNoExtraNoSeat.spec.ts:121:7[90m)[39m
    at executeTests [90m(C:\playwright-project\[39msrc\tests\2TipsNoExtraNoSeat.spec.ts:221:29[90m)[39m
    at [90mC:\playwright-project\[39msrc\tests\2TipsNoExtraNoSeat.spec.ts:615:30
    at [90mC:\playwright-project\[39mnode_modules\[4mplaywright[24m\lib\worker\workerMain.js:339:9
    at [90mC:\playwright-project\[39mnode_modules\[4mplaywright[24m\lib\worker\testInfo.js:286:11
    at TimeoutManager.withRunnable [90m(C:\playwright-project\[39mnode_modules\[4mplaywright[24m\lib\worker\timeoutManager.js:64:14[90m)[39m
    at TestInfoImpl._runAsStage [90m(C:\playwright-project\[39mnode_modules\[4mplaywright[24m\lib\worker\testInfo.js:284:7[90m)[39m
    at [90mC:\playwright-project\[39mnode_modules\[4mplaywright[24m\lib\worker\workerMain.js:331:7
    at [90mC:\playwright-project\[39mnode_modules\[4mplaywright[24m\lib\worker\testInfo.js:286:11
    at TimeoutManager.withRunnable [90m(C:\playwright-project\[39mnode_modules\[4mplaywright[24m\lib\worker\timeoutManager.js:52:27[90m)[39m
    at TestInfoImpl._runAsStage [90m(C:\playwright-project\[39mnode_modules\[4mplaywright[24m\lib\worker\testInfo.js:284:7[90m)[39m
    at WorkerMain._runTest [90m(C:\playwright-project\[39mnode_modules\[4mplaywright[24m\lib\worker\workerMain.js:281:5[90m)[39m
    at WorkerMain.runTestGroup [90m(C:\playwright-project\[39mnode_modules\[4mplaywright[24m\lib\worker\workerMain.js:205:11[90m)[39m
    at process.&lt;anonymous&gt; [90m(C:\playwright-project\[39mnode_modules\[4mplaywright[24m\lib\common\process.js:95:22[90m)[39m {
  fatal: [33mtrue[39m
}
Confirmation page validation failed: Not on confirmation page URL
Intento 2 fallido en payWithCard: Error [ValidationError]: Not on confirmation page URL
    at validationConfirmPage [90m(C:\playwright-project\[39msrc\page-objects\confirmation.ts:83:27[90m)[39m
    at validationConfirmationPage [90m(C:\playwright-project\[39msrc\tests\2TipsNoExtraNoSeat.spec.ts:90:3[90m)[39m
    at runWithRetries [90m(C:\playwright-project\[39msrc\tests\2TipsNoExtraNoSeat.spec.ts:121:7[90m)[39m
    at executeTests [90m(C:\playwright-project\[39msrc\tests\2TipsNoExtraNoSeat.spec.ts:221:29[90m)[39m
    at [90mC:\playwright-project\[39msrc\tests\2TipsNoExtraNoSeat.spec.ts:615:30
    at [90mC:\playwright-project\[39mnode_modules\[4mplaywright[24m\lib\worker\workerMain.js:339:9
    at [90mC:\playwright-project\[39mnode_modules\[4mplaywright[24m\lib\worker\testInfo.js:286:11
    at TimeoutManager.withRunnable [90m(C:\playwright-project\[39mnode_modules\[4mplaywright[24m\lib\worker\timeoutManager.js:64:14[90m)[39m
    at TestInfoImpl._runAsStage [90m(C:\playwright-project\[39mnode_modules\[4mplaywright[24m\lib\worker\testInfo.js:284:7[90m)[39m
    at [90mC:\playwright-project\[39mnode_modules\[4mplaywright[24m\lib\worker\workerMain.js:331:7
    at [90mC:\playwright-project\[39mnode_modules\[4mplaywright[24m\lib\worker\testInfo.js:286:11
    at TimeoutManager.withRunnable [90m(C:\playwright-project\[39mnode_modules\[4mplaywright[24m\lib\worker\timeoutManager.js:52:27[90m)[39m
    at TestInfoImpl._runAsStage [90m(C:\playwright-project\[39mnode_modules\[4mplaywright[24m\lib\worker\testInfo.js:284:7[90m)[39m
    at WorkerMain._runTest [90m(C:\playwright-project\[39mnode_modules\[4mplaywright[24m\lib\worker\workerMain.js:281:5[90m)[39m
    at WorkerMain.runTestGroup [90m(C:\playwright-project\[39mnode_modules\[4mplaywright[24m\lib\worker\workerMain.js:205:11[90m)[39m
    at process.&lt;anonymous&gt; [90m(C:\playwright-project\[39mnode_modules\[4mplaywright[24m\lib\common\process.js:95:22[90m)[39m {
  fatal: [33mtrue[39m
}

</system-err>
</testcase>
<testcase name="10. Compra 1 adt Eco Light -  PremLight - sin assitence › Ejecución completa con reintentos" classname="2TipsNoExtraNoSeat.spec.ts" time="42.255">
<system-out>
Ejecución completa, intento 1 de 5
Ejecutando Booking, intento 1
Fecha de salida seleccionada: { year: [32m'2025'[39m, month: [32m'6'[39m, index: [33m9[39m, value: [33m24[39m }
Fecha de regreso seleccionada: { year: [32m'2025'[39m, month: [32m'6'[39m, index: [33m10[39m, value: [33m26[39m }
Ajustando número de pasajeros
Successfully clicked the element: div.price-cabin:has-text("Economy")
Successfully clicked the element: div.price-cabin:has-text("Premium")
Ejecutando fillPassengerAdult 1, intento 1
Ejecutando fillContact, intento 1
Ejecutando payWithCard, intento 1
Iframe encontrado.
Ejecutando payWithCard, intento 1
Ejecutando payWithCard, intento 2
Ejecutando payWithCard, intento 3
Successfully saved booking code M92WC to Excel

</system-out>
<system-err>
Confirmation page validation failed: Flight Summary section not found on confirmation page
Intento 1 fallido en payWithCard: Error [ValidationError]: Flight Summary section not found on confirmation page
    at validationConfirmPage [90m(C:\playwright-project\[39msrc\page-objects\confirmation.ts:75:27[90m)[39m
[90m    at runNextTicks (node:internal/process/task_queues:65:5)[39m
[90m    at processImmediate (node:internal/timers:459:9)[39m
[90m    at process.callbackTrampoline (node:internal/async_hooks:130:17)[39m
    at validationConfirmationPage [90m(C:\playwright-project\[39msrc\tests\2TipsNoExtraNoSeat.spec.ts:90:3[90m)[39m
    at runWithRetries [90m(C:\playwright-project\[39msrc\tests\2TipsNoExtraNoSeat.spec.ts:121:7[90m)[39m
    at executeTests [90m(C:\playwright-project\[39msrc\tests\2TipsNoExtraNoSeat.spec.ts:221:29[90m)[39m
    at [90mC:\playwright-project\[39msrc\tests\2TipsNoExtraNoSeat.spec.ts:657:30
    at [90mC:\playwright-project\[39mnode_modules\[4mplaywright[24m\lib\worker\workerMain.js:339:9
    at [90mC:\playwright-project\[39mnode_modules\[4mplaywright[24m\lib\worker\testInfo.js:286:11
    at TimeoutManager.withRunnable [90m(C:\playwright-project\[39mnode_modules\[4mplaywright[24m\lib\worker\timeoutManager.js:64:14[90m)[39m
    at TestInfoImpl._runAsStage [90m(C:\playwright-project\[39mnode_modules\[4mplaywright[24m\lib\worker\testInfo.js:284:7[90m)[39m
    at [90mC:\playwright-project\[39mnode_modules\[4mplaywright[24m\lib\worker\workerMain.js:331:7
    at [90mC:\playwright-project\[39mnode_modules\[4mplaywright[24m\lib\worker\testInfo.js:286:11
    at TimeoutManager.withRunnable [90m(C:\playwright-project\[39mnode_modules\[4mplaywright[24m\lib\worker\timeoutManager.js:52:27[90m)[39m
    at TestInfoImpl._runAsStage [90m(C:\playwright-project\[39mnode_modules\[4mplaywright[24m\lib\worker\testInfo.js:284:7[90m)[39m
    at WorkerMain._runTest [90m(C:\playwright-project\[39mnode_modules\[4mplaywright[24m\lib\worker\workerMain.js:281:5[90m)[39m
    at WorkerMain.runTestGroup [90m(C:\playwright-project\[39mnode_modules\[4mplaywright[24m\lib\worker\workerMain.js:205:11[90m)[39m
    at process.&lt;anonymous&gt; [90m(C:\playwright-project\[39mnode_modules\[4mplaywright[24m\lib\common\process.js:95:22[90m)[39m {
  fatal: [33mtrue[39m
}
Confirmation page validation failed: Not on confirmation page URL
Intento 2 fallido en payWithCard: Error [ValidationError]: Not on confirmation page URL
    at validationConfirmPage [90m(C:\playwright-project\[39msrc\page-objects\confirmation.ts:83:27[90m)[39m
    at validationConfirmationPage [90m(C:\playwright-project\[39msrc\tests\2TipsNoExtraNoSeat.spec.ts:90:3[90m)[39m
    at runWithRetries [90m(C:\playwright-project\[39msrc\tests\2TipsNoExtraNoSeat.spec.ts:121:7[90m)[39m
    at executeTests [90m(C:\playwright-project\[39msrc\tests\2TipsNoExtraNoSeat.spec.ts:221:29[90m)[39m
    at [90mC:\playwright-project\[39msrc\tests\2TipsNoExtraNoSeat.spec.ts:657:30
    at [90mC:\playwright-project\[39mnode_modules\[4mplaywright[24m\lib\worker\workerMain.js:339:9
    at [90mC:\playwright-project\[39mnode_modules\[4mplaywright[24m\lib\worker\testInfo.js:286:11
    at TimeoutManager.withRunnable [90m(C:\playwright-project\[39mnode_modules\[4mplaywright[24m\lib\worker\timeoutManager.js:64:14[90m)[39m
    at TestInfoImpl._runAsStage [90m(C:\playwright-project\[39mnode_modules\[4mplaywright[24m\lib\worker\testInfo.js:284:7[90m)[39m
    at [90mC:\playwright-project\[39mnode_modules\[4mplaywright[24m\lib\worker\workerMain.js:331:7
    at [90mC:\playwright-project\[39mnode_modules\[4mplaywright[24m\lib\worker\testInfo.js:286:11
    at TimeoutManager.withRunnable [90m(C:\playwright-project\[39mnode_modules\[4mplaywright[24m\lib\worker\timeoutManager.js:52:27[90m)[39m
    at TestInfoImpl._runAsStage [90m(C:\playwright-project\[39mnode_modules\[4mplaywright[24m\lib\worker\testInfo.js:284:7[90m)[39m
    at WorkerMain._runTest [90m(C:\playwright-project\[39mnode_modules\[4mplaywright[24m\lib\worker\workerMain.js:281:5[90m)[39m
    at WorkerMain.runTestGroup [90m(C:\playwright-project\[39mnode_modules\[4mplaywright[24m\lib\worker\workerMain.js:205:11[90m)[39m
    at process.&lt;anonymous&gt; [90m(C:\playwright-project\[39mnode_modules\[4mplaywright[24m\lib\common\process.js:95:22[90m)[39m {
  fatal: [33mtrue[39m
}

</system-err>
</testcase>
<testcase name="11. Compra 1 adt Eco Light -  PremComfort - sin assitence › Ejecución completa con reintentos" classname="2TipsNoExtraNoSeat.spec.ts" time="77.907">
<system-out>
Ejecución completa, intento 1 de 5
Ejecutando Booking, intento 1
Fecha de salida seleccionada: { year: [32m'2025'[39m, month: [32m'6'[39m, index: [33m9[39m, value: [33m24[39m }
Fecha de regreso seleccionada: { year: [32m'2025'[39m, month: [32m'6'[39m, index: [33m10[39m, value: [33m26[39m }
Ajustando número de pasajeros
Successfully clicked the element: div.price-cabin:has-text("Economy")
Successfully clicked the element: div.price-cabin:has-text("Premium")
Ejecutando fillPassengerAdult 1, intento 1
Ejecutando fillContact, intento 1
Ejecutando payWithCard, intento 1
Iframe encontrado.
Ejecutando payWithCard, intento 1
Ejecutando payWithCard, intento 2
Ejecutando payWithCard, intento 3
Ejecución completa, intento 2 de 5
Ejecutando Booking, intento 1
Fecha de salida seleccionada: { year: [32m'2025'[39m, month: [32m'6'[39m, index: [33m4[39m, value: [33m12[39m }
Fecha de regreso seleccionada: { year: [32m'2025'[39m, month: [32m'6'[39m, index: [33m5[39m, value: [33m14[39m }
Ajustando número de pasajeros
Successfully clicked the element: div.price-cabin:has-text("Economy")
Successfully clicked the element: div.price-cabin:has-text("Premium")
Ejecutando fillPassengerAdult 1, intento 1
Ejecutando fillContact, intento 1
Ejecutando payWithCard, intento 1
Iframe encontrado.
Ejecutando payWithCard, intento 1
Ejecutando payWithCard, intento 2
Ejecutando payWithCard, intento 3
Successfully saved booking code M92WF to Excel

</system-out>
<system-err>
Confirmation page validation failed: Flight Summary section not found on confirmation page
Intento 1 fallido en payWithCard: Error [ValidationError]: Flight Summary section not found on confirmation page
    at validationConfirmPage [90m(C:\playwright-project\[39msrc\page-objects\confirmation.ts:75:27[90m)[39m
[90m    at runNextTicks (node:internal/process/task_queues:65:5)[39m
[90m    at processImmediate (node:internal/timers:459:9)[39m
[90m    at process.callbackTrampoline (node:internal/async_hooks:130:17)[39m
    at validationConfirmationPage [90m(C:\playwright-project\[39msrc\tests\2TipsNoExtraNoSeat.spec.ts:90:3[90m)[39m
    at runWithRetries [90m(C:\playwright-project\[39msrc\tests\2TipsNoExtraNoSeat.spec.ts:121:7[90m)[39m
    at executeTests [90m(C:\playwright-project\[39msrc\tests\2TipsNoExtraNoSeat.spec.ts:221:29[90m)[39m
    at [90mC:\playwright-project\[39msrc\tests\2TipsNoExtraNoSeat.spec.ts:699:30
    at [90mC:\playwright-project\[39mnode_modules\[4mplaywright[24m\lib\worker\workerMain.js:339:9
    at [90mC:\playwright-project\[39mnode_modules\[4mplaywright[24m\lib\worker\testInfo.js:286:11
    at TimeoutManager.withRunnable [90m(C:\playwright-project\[39mnode_modules\[4mplaywright[24m\lib\worker\timeoutManager.js:64:14[90m)[39m
    at TestInfoImpl._runAsStage [90m(C:\playwright-project\[39mnode_modules\[4mplaywright[24m\lib\worker\testInfo.js:284:7[90m)[39m
    at [90mC:\playwright-project\[39mnode_modules\[4mplaywright[24m\lib\worker\workerMain.js:331:7
    at [90mC:\playwright-project\[39mnode_modules\[4mplaywright[24m\lib\worker\testInfo.js:286:11
    at TimeoutManager.withRunnable [90m(C:\playwright-project\[39mnode_modules\[4mplaywright[24m\lib\worker\timeoutManager.js:52:27[90m)[39m
    at TestInfoImpl._runAsStage [90m(C:\playwright-project\[39mnode_modules\[4mplaywright[24m\lib\worker\testInfo.js:284:7[90m)[39m
    at WorkerMain._runTest [90m(C:\playwright-project\[39mnode_modules\[4mplaywright[24m\lib\worker\workerMain.js:281:5[90m)[39m
    at WorkerMain.runTestGroup [90m(C:\playwright-project\[39mnode_modules\[4mplaywright[24m\lib\worker\workerMain.js:205:11[90m)[39m
    at process.&lt;anonymous&gt; [90m(C:\playwright-project\[39mnode_modules\[4mplaywright[24m\lib\common\process.js:95:22[90m)[39m {
  fatal: [33mtrue[39m
}
Confirmation page validation failed: Flight Summary section not found on confirmation page
Intento 2 fallido en payWithCard: Error [ValidationError]: Flight Summary section not found on confirmation page
    at validationConfirmPage [90m(C:\playwright-project\[39msrc\page-objects\confirmation.ts:75:27[90m)[39m
    at validationConfirmationPage [90m(C:\playwright-project\[39msrc\tests\2TipsNoExtraNoSeat.spec.ts:90:3[90m)[39m
    at runWithRetries [90m(C:\playwright-project\[39msrc\tests\2TipsNoExtraNoSeat.spec.ts:121:7[90m)[39m
    at executeTests [90m(C:\playwright-project\[39msrc\tests\2TipsNoExtraNoSeat.spec.ts:221:29[90m)[39m
    at [90mC:\playwright-project\[39msrc\tests\2TipsNoExtraNoSeat.spec.ts:699:30
    at [90mC:\playwright-project\[39mnode_modules\[4mplaywright[24m\lib\worker\workerMain.js:339:9
    at [90mC:\playwright-project\[39mnode_modules\[4mplaywright[24m\lib\worker\testInfo.js:286:11
    at TimeoutManager.withRunnable [90m(C:\playwright-project\[39mnode_modules\[4mplaywright[24m\lib\worker\timeoutManager.js:64:14[90m)[39m
    at TestInfoImpl._runAsStage [90m(C:\playwright-project\[39mnode_modules\[4mplaywright[24m\lib\worker\testInfo.js:284:7[90m)[39m
    at [90mC:\playwright-project\[39mnode_modules\[4mplaywright[24m\lib\worker\workerMain.js:331:7
    at [90mC:\playwright-project\[39mnode_modules\[4mplaywright[24m\lib\worker\testInfo.js:286:11
    at TimeoutManager.withRunnable [90m(C:\playwright-project\[39mnode_modules\[4mplaywright[24m\lib\worker\timeoutManager.js:52:27[90m)[39m
    at TestInfoImpl._runAsStage [90m(C:\playwright-project\[39mnode_modules\[4mplaywright[24m\lib\worker\testInfo.js:284:7[90m)[39m
    at WorkerMain._runTest [90m(C:\playwright-project\[39mnode_modules\[4mplaywright[24m\lib\worker\workerMain.js:281:5[90m)[39m
    at WorkerMain.runTestGroup [90m(C:\playwright-project\[39mnode_modules\[4mplaywright[24m\lib\worker\workerMain.js:205:11[90m)[39m
    at process.&lt;anonymous&gt; [90m(C:\playwright-project\[39mnode_modules\[4mplaywright[24m\lib\common\process.js:95:22[90m)[39m {
  fatal: [33mtrue[39m
}
Confirmation page validation failed: Flight Summary section not found on confirmation page
Intento 3 fallido en payWithCard: Error [ValidationError]: Flight Summary section not found on confirmation page
    at validationConfirmPage [90m(C:\playwright-project\[39msrc\page-objects\confirmation.ts:75:27[90m)[39m
    at validationConfirmationPage [90m(C:\playwright-project\[39msrc\tests\2TipsNoExtraNoSeat.spec.ts:90:3[90m)[39m
    at runWithRetries [90m(C:\playwright-project\[39msrc\tests\2TipsNoExtraNoSeat.spec.ts:121:7[90m)[39m
    at executeTests [90m(C:\playwright-project\[39msrc\tests\2TipsNoExtraNoSeat.spec.ts:221:29[90m)[39m
    at [90mC:\playwright-project\[39msrc\tests\2TipsNoExtraNoSeat.spec.ts:699:30
    at [90mC:\playwright-project\[39mnode_modules\[4mplaywright[24m\lib\worker\workerMain.js:339:9
    at [90mC:\playwright-project\[39mnode_modules\[4mplaywright[24m\lib\worker\testInfo.js:286:11
    at TimeoutManager.withRunnable [90m(C:\playwright-project\[39mnode_modules\[4mplaywright[24m\lib\worker\timeoutManager.js:64:14[90m)[39m
    at TestInfoImpl._runAsStage [90m(C:\playwright-project\[39mnode_modules\[4mplaywright[24m\lib\worker\testInfo.js:284:7[90m)[39m
    at [90mC:\playwright-project\[39mnode_modules\[4mplaywright[24m\lib\worker\workerMain.js:331:7
    at [90mC:\playwright-project\[39mnode_modules\[4mplaywright[24m\lib\worker\testInfo.js:286:11
    at TimeoutManager.withRunnable [90m(C:\playwright-project\[39mnode_modules\[4mplaywright[24m\lib\worker\timeoutManager.js:52:27[90m)[39m
    at TestInfoImpl._runAsStage [90m(C:\playwright-project\[39mnode_modules\[4mplaywright[24m\lib\worker\testInfo.js:284:7[90m)[39m
    at WorkerMain._runTest [90m(C:\playwright-project\[39mnode_modules\[4mplaywright[24m\lib\worker\workerMain.js:281:5[90m)[39m
    at WorkerMain.runTestGroup [90m(C:\playwright-project\[39mnode_modules\[4mplaywright[24m\lib\worker\workerMain.js:205:11[90m)[39m
    at process.&lt;anonymous&gt; [90m(C:\playwright-project\[39mnode_modules\[4mplaywright[24m\lib\common\process.js:95:22[90m)[39m {
  fatal: [33mtrue[39m
}
Prueba payWithCard fallida después de 3 intentos.
Confirmation page validation failed: Flight Summary section not found on confirmation page
Intento 1 fallido en payWithCard: Error [ValidationError]: Flight Summary section not found on confirmation page
    at validationConfirmPage [90m(C:\playwright-project\[39msrc\page-objects\confirmation.ts:75:27[90m)[39m
[90m    at runNextTicks (node:internal/process/task_queues:65:5)[39m
[90m    at processImmediate (node:internal/timers:459:9)[39m
[90m    at process.callbackTrampoline (node:internal/async_hooks:130:17)[39m
    at validationConfirmationPage [90m(C:\playwright-project\[39msrc\tests\2TipsNoExtraNoSeat.spec.ts:90:3[90m)[39m
    at runWithRetries [90m(C:\playwright-project\[39msrc\tests\2TipsNoExtraNoSeat.spec.ts:121:7[90m)[39m
    at executeTests [90m(C:\playwright-project\[39msrc\tests\2TipsNoExtraNoSeat.spec.ts:221:29[90m)[39m
    at [90mC:\playwright-project\[39msrc\tests\2TipsNoExtraNoSeat.spec.ts:699:30
    at [90mC:\playwright-project\[39mnode_modules\[4mplaywright[24m\lib\worker\workerMain.js:339:9
    at [90mC:\playwright-project\[39mnode_modules\[4mplaywright[24m\lib\worker\testInfo.js:286:11
    at TimeoutManager.withRunnable [90m(C:\playwright-project\[39mnode_modules\[4mplaywright[24m\lib\worker\timeoutManager.js:64:14[90m)[39m
    at TestInfoImpl._runAsStage [90m(C:\playwright-project\[39mnode_modules\[4mplaywright[24m\lib\worker\testInfo.js:284:7[90m)[39m
    at [90mC:\playwright-project\[39mnode_modules\[4mplaywright[24m\lib\worker\workerMain.js:331:7
    at [90mC:\playwright-project\[39mnode_modules\[4mplaywright[24m\lib\worker\testInfo.js:286:11
    at TimeoutManager.withRunnable [90m(C:\playwright-project\[39mnode_modules\[4mplaywright[24m\lib\worker\timeoutManager.js:52:27[90m)[39m
    at TestInfoImpl._runAsStage [90m(C:\playwright-project\[39mnode_modules\[4mplaywright[24m\lib\worker\testInfo.js:284:7[90m)[39m
    at WorkerMain._runTest [90m(C:\playwright-project\[39mnode_modules\[4mplaywright[24m\lib\worker\workerMain.js:281:5[90m)[39m
    at WorkerMain.runTestGroup [90m(C:\playwright-project\[39mnode_modules\[4mplaywright[24m\lib\worker\workerMain.js:205:11[90m)[39m
    at process.&lt;anonymous&gt; [90m(C:\playwright-project\[39mnode_modules\[4mplaywright[24m\lib\common\process.js:95:22[90m)[39m {
  fatal: [33mtrue[39m
}
Confirmation page validation failed: Not on confirmation page URL
Intento 2 fallido en payWithCard: Error [ValidationError]: Not on confirmation page URL
    at validationConfirmPage [90m(C:\playwright-project\[39msrc\page-objects\confirmation.ts:83:27[90m)[39m
    at validationConfirmationPage [90m(C:\playwright-project\[39msrc\tests\2TipsNoExtraNoSeat.spec.ts:90:3[90m)[39m
    at runWithRetries [90m(C:\playwright-project\[39msrc\tests\2TipsNoExtraNoSeat.spec.ts:121:7[90m)[39m
    at executeTests [90m(C:\playwright-project\[39msrc\tests\2TipsNoExtraNoSeat.spec.ts:221:29[90m)[39m
    at [90mC:\playwright-project\[39msrc\tests\2TipsNoExtraNoSeat.spec.ts:699:30
    at [90mC:\playwright-project\[39mnode_modules\[4mplaywright[24m\lib\worker\workerMain.js:339:9
    at [90mC:\playwright-project\[39mnode_modules\[4mplaywright[24m\lib\worker\testInfo.js:286:11
    at TimeoutManager.withRunnable [90m(C:\playwright-project\[39mnode_modules\[4mplaywright[24m\lib\worker\timeoutManager.js:64:14[90m)[39m
    at TestInfoImpl._runAsStage [90m(C:\playwright-project\[39mnode_modules\[4mplaywright[24m\lib\worker\testInfo.js:284:7[90m)[39m
    at [90mC:\playwright-project\[39mnode_modules\[4mplaywright[24m\lib\worker\workerMain.js:331:7
    at [90mC:\playwright-project\[39mnode_modules\[4mplaywright[24m\lib\worker\testInfo.js:286:11
    at TimeoutManager.withRunnable [90m(C:\playwright-project\[39mnode_modules\[4mplaywright[24m\lib\worker\timeoutManager.js:52:27[90m)[39m
    at TestInfoImpl._runAsStage [90m(C:\playwright-project\[39mnode_modules\[4mplaywright[24m\lib\worker\testInfo.js:284:7[90m)[39m
    at WorkerMain._runTest [90m(C:\playwright-project\[39mnode_modules\[4mplaywright[24m\lib\worker\workerMain.js:281:5[90m)[39m
    at WorkerMain.runTestGroup [90m(C:\playwright-project\[39mnode_modules\[4mplaywright[24m\lib\worker\workerMain.js:205:11[90m)[39m
    at process.&lt;anonymous&gt; [90m(C:\playwright-project\[39mnode_modules\[4mplaywright[24m\lib\common\process.js:95:22[90m)[39m {
  fatal: [33mtrue[39m
}

</system-err>
</testcase>
<testcase name="12. Compra 1 adt Eco Light -  PremExtra - sin assitence › Ejecución completa con reintentos" classname="2TipsNoExtraNoSeat.spec.ts" time="39.838">
<system-out>
Ejecución completa, intento 1 de 5
Ejecutando Booking, intento 1
Fecha de salida seleccionada: { year: [32m'2025'[39m, month: [32m'6'[39m, index: [33m9[39m, value: [33m24[39m }
Fecha de regreso seleccionada: { year: [32m'2025'[39m, month: [32m'6'[39m, index: [33m10[39m, value: [33m26[39m }
Ajustando número de pasajeros
Successfully clicked the element: div.price-cabin:has-text("Economy")
Successfully clicked the element: div.price-cabin:has-text("Premium")
Ejecutando fillPassengerAdult 1, intento 1
Ejecutando fillContact, intento 1
Ejecutando payWithCard, intento 1
Iframe encontrado.
Ejecutando payWithCard, intento 1
Ejecutando payWithCard, intento 2
Ejecutando payWithCard, intento 3
Successfully saved booking code M92WE to Excel

</system-out>
<system-err>
Confirmation page validation failed: Flight Summary section not found on confirmation page
Intento 1 fallido en payWithCard: Error [ValidationError]: Flight Summary section not found on confirmation page
    at validationConfirmPage [90m(C:\playwright-project\[39msrc\page-objects\confirmation.ts:75:27[90m)[39m
[90m    at runNextTicks (node:internal/process/task_queues:65:5)[39m
[90m    at processImmediate (node:internal/timers:459:9)[39m
[90m    at process.callbackTrampoline (node:internal/async_hooks:130:17)[39m
    at validationConfirmationPage [90m(C:\playwright-project\[39msrc\tests\2TipsNoExtraNoSeat.spec.ts:90:3[90m)[39m
    at runWithRetries [90m(C:\playwright-project\[39msrc\tests\2TipsNoExtraNoSeat.spec.ts:121:7[90m)[39m
    at executeTests [90m(C:\playwright-project\[39msrc\tests\2TipsNoExtraNoSeat.spec.ts:221:29[90m)[39m
    at [90mC:\playwright-project\[39msrc\tests\2TipsNoExtraNoSeat.spec.ts:742:30
    at [90mC:\playwright-project\[39mnode_modules\[4mplaywright[24m\lib\worker\workerMain.js:339:9
    at [90mC:\playwright-project\[39mnode_modules\[4mplaywright[24m\lib\worker\testInfo.js:286:11
    at TimeoutManager.withRunnable [90m(C:\playwright-project\[39mnode_modules\[4mplaywright[24m\lib\worker\timeoutManager.js:64:14[90m)[39m
    at TestInfoImpl._runAsStage [90m(C:\playwright-project\[39mnode_modules\[4mplaywright[24m\lib\worker\testInfo.js:284:7[90m)[39m
    at [90mC:\playwright-project\[39mnode_modules\[4mplaywright[24m\lib\worker\workerMain.js:331:7
    at [90mC:\playwright-project\[39mnode_modules\[4mplaywright[24m\lib\worker\testInfo.js:286:11
    at TimeoutManager.withRunnable [90m(C:\playwright-project\[39mnode_modules\[4mplaywright[24m\lib\worker\timeoutManager.js:52:27[90m)[39m
    at TestInfoImpl._runAsStage [90m(C:\playwright-project\[39mnode_modules\[4mplaywright[24m\lib\worker\testInfo.js:284:7[90m)[39m
    at WorkerMain._runTest [90m(C:\playwright-project\[39mnode_modules\[4mplaywright[24m\lib\worker\workerMain.js:281:5[90m)[39m
    at WorkerMain.runTestGroup [90m(C:\playwright-project\[39mnode_modules\[4mplaywright[24m\lib\worker\workerMain.js:205:11[90m)[39m
    at process.&lt;anonymous&gt; [90m(C:\playwright-project\[39mnode_modules\[4mplaywright[24m\lib\common\process.js:95:22[90m)[39m {
  fatal: [33mtrue[39m
}
Confirmation page validation failed: Not on confirmation page URL
Intento 2 fallido en payWithCard: Error [ValidationError]: Not on confirmation page URL
    at validationConfirmPage [90m(C:\playwright-project\[39msrc\page-objects\confirmation.ts:83:27[90m)[39m
[90m    at runNextTicks (node:internal/process/task_queues:65:5)[39m
[90m    at processImmediate (node:internal/timers:459:9)[39m
[90m    at process.callbackTrampoline (node:internal/async_hooks:130:17)[39m
    at validationConfirmationPage [90m(C:\playwright-project\[39msrc\tests\2TipsNoExtraNoSeat.spec.ts:90:3[90m)[39m
    at runWithRetries [90m(C:\playwright-project\[39msrc\tests\2TipsNoExtraNoSeat.spec.ts:121:7[90m)[39m
    at executeTests [90m(C:\playwright-project\[39msrc\tests\2TipsNoExtraNoSeat.spec.ts:221:29[90m)[39m
    at [90mC:\playwright-project\[39msrc\tests\2TipsNoExtraNoSeat.spec.ts:742:30
    at [90mC:\playwright-project\[39mnode_modules\[4mplaywright[24m\lib\worker\workerMain.js:339:9
    at [90mC:\playwright-project\[39mnode_modules\[4mplaywright[24m\lib\worker\testInfo.js:286:11
    at TimeoutManager.withRunnable [90m(C:\playwright-project\[39mnode_modules\[4mplaywright[24m\lib\worker\timeoutManager.js:64:14[90m)[39m
    at TestInfoImpl._runAsStage [90m(C:\playwright-project\[39mnode_modules\[4mplaywright[24m\lib\worker\testInfo.js:284:7[90m)[39m
    at [90mC:\playwright-project\[39mnode_modules\[4mplaywright[24m\lib\worker\workerMain.js:331:7
    at [90mC:\playwright-project\[39mnode_modules\[4mplaywright[24m\lib\worker\testInfo.js:286:11
    at TimeoutManager.withRunnable [90m(C:\playwright-project\[39mnode_modules\[4mplaywright[24m\lib\worker\timeoutManager.js:52:27[90m)[39m
    at TestInfoImpl._runAsStage [90m(C:\playwright-project\[39mnode_modules\[4mplaywright[24m\lib\worker\testInfo.js:284:7[90m)[39m
    at WorkerMain._runTest [90m(C:\playwright-project\[39mnode_modules\[4mplaywright[24m\lib\worker\workerMain.js:281:5[90m)[39m
    at WorkerMain.runTestGroup [90m(C:\playwright-project\[39mnode_modules\[4mplaywright[24m\lib\worker\workerMain.js:205:11[90m)[39m
    at process.&lt;anonymous&gt; [90m(C:\playwright-project\[39mnode_modules\[4mplaywright[24m\lib\common\process.js:95:22[90m)[39m {
  fatal: [33mtrue[39m
}

</system-err>
</testcase>
<testcase name="13. Compra 1 adt Eco Comfort - Eco Comfort - sin assitence › Ejecución completa con reintentos" classname="2TipsNoExtraNoSeat.spec.ts" time="38.512">
<system-out>
Ejecución completa, intento 1 de 5
Ejecutando Booking, intento 1
Fecha de salida seleccionada: { year: [32m'2025'[39m, month: [32m'6'[39m, index: [33m5[39m, value: [33m14[39m }
Fecha de regreso seleccionada: { year: [32m'2025'[39m, month: [32m'6'[39m, index: [33m6[39m, value: [33m17[39m }
Ajustando número de pasajeros
Successfully clicked the element: div.price-cabin:has-text("Economy")
Successfully clicked the element: div.price-cabin:has-text("Economy")
Ejecutando fillPassengerAdult 1, intento 1
Ejecutando fillContact, intento 1
Ejecutando payWithCard, intento 1
Iframe encontrado.
Ejecutando payWithCard, intento 1
Ejecutando payWithCard, intento 2
Ejecutando payWithCard, intento 3
Successfully saved booking code M92WG to Excel

</system-out>
<system-err>
Confirmation page validation failed: Flight Summary section not found on confirmation page
Intento 1 fallido en payWithCard: Error [ValidationError]: Flight Summary section not found on confirmation page
    at validationConfirmPage [90m(C:\playwright-project\[39msrc\page-objects\confirmation.ts:75:27[90m)[39m
[90m    at runNextTicks (node:internal/process/task_queues:65:5)[39m
[90m    at processImmediate (node:internal/timers:459:9)[39m
[90m    at process.callbackTrampoline (node:internal/async_hooks:130:17)[39m
    at validationConfirmationPage [90m(C:\playwright-project\[39msrc\tests\2TipsNoExtraNoSeat.spec.ts:90:3[90m)[39m
    at runWithRetries [90m(C:\playwright-project\[39msrc\tests\2TipsNoExtraNoSeat.spec.ts:121:7[90m)[39m
    at executeTests [90m(C:\playwright-project\[39msrc\tests\2TipsNoExtraNoSeat.spec.ts:221:29[90m)[39m
    at [90mC:\playwright-project\[39msrc\tests\2TipsNoExtraNoSeat.spec.ts:785:30
    at [90mC:\playwright-project\[39mnode_modules\[4mplaywright[24m\lib\worker\workerMain.js:339:9
    at [90mC:\playwright-project\[39mnode_modules\[4mplaywright[24m\lib\worker\testInfo.js:286:11
    at TimeoutManager.withRunnable [90m(C:\playwright-project\[39mnode_modules\[4mplaywright[24m\lib\worker\timeoutManager.js:64:14[90m)[39m
    at TestInfoImpl._runAsStage [90m(C:\playwright-project\[39mnode_modules\[4mplaywright[24m\lib\worker\testInfo.js:284:7[90m)[39m
    at [90mC:\playwright-project\[39mnode_modules\[4mplaywright[24m\lib\worker\workerMain.js:331:7
    at [90mC:\playwright-project\[39mnode_modules\[4mplaywright[24m\lib\worker\testInfo.js:286:11
    at TimeoutManager.withRunnable [90m(C:\playwright-project\[39mnode_modules\[4mplaywright[24m\lib\worker\timeoutManager.js:52:27[90m)[39m
    at TestInfoImpl._runAsStage [90m(C:\playwright-project\[39mnode_modules\[4mplaywright[24m\lib\worker\testInfo.js:284:7[90m)[39m
    at WorkerMain._runTest [90m(C:\playwright-project\[39mnode_modules\[4mplaywright[24m\lib\worker\workerMain.js:281:5[90m)[39m
    at WorkerMain.runTestGroup [90m(C:\playwright-project\[39mnode_modules\[4mplaywright[24m\lib\worker\workerMain.js:205:11[90m)[39m
    at process.&lt;anonymous&gt; [90m(C:\playwright-project\[39mnode_modules\[4mplaywright[24m\lib\common\process.js:95:22[90m)[39m {
  fatal: [33mtrue[39m
}
Confirmation page validation failed: Not on confirmation page URL
Intento 2 fallido en payWithCard: Error [ValidationError]: Not on confirmation page URL
    at validationConfirmPage [90m(C:\playwright-project\[39msrc\page-objects\confirmation.ts:83:27[90m)[39m
    at validationConfirmationPage [90m(C:\playwright-project\[39msrc\tests\2TipsNoExtraNoSeat.spec.ts:90:3[90m)[39m
    at runWithRetries [90m(C:\playwright-project\[39msrc\tests\2TipsNoExtraNoSeat.spec.ts:121:7[90m)[39m
    at executeTests [90m(C:\playwright-project\[39msrc\tests\2TipsNoExtraNoSeat.spec.ts:221:29[90m)[39m
    at [90mC:\playwright-project\[39msrc\tests\2TipsNoExtraNoSeat.spec.ts:785:30
    at [90mC:\playwright-project\[39mnode_modules\[4mplaywright[24m\lib\worker\workerMain.js:339:9
    at [90mC:\playwright-project\[39mnode_modules\[4mplaywright[24m\lib\worker\testInfo.js:286:11
    at TimeoutManager.withRunnable [90m(C:\playwright-project\[39mnode_modules\[4mplaywright[24m\lib\worker\timeoutManager.js:64:14[90m)[39m
    at TestInfoImpl._runAsStage [90m(C:\playwright-project\[39mnode_modules\[4mplaywright[24m\lib\worker\testInfo.js:284:7[90m)[39m
    at [90mC:\playwright-project\[39mnode_modules\[4mplaywright[24m\lib\worker\workerMain.js:331:7
    at [90mC:\playwright-project\[39mnode_modules\[4mplaywright[24m\lib\worker\testInfo.js:286:11
    at TimeoutManager.withRunnable [90m(C:\playwright-project\[39mnode_modules\[4mplaywright[24m\lib\worker\timeoutManager.js:52:27[90m)[39m
    at TestInfoImpl._runAsStage [90m(C:\playwright-project\[39mnode_modules\[4mplaywright[24m\lib\worker\testInfo.js:284:7[90m)[39m
    at WorkerMain._runTest [90m(C:\playwright-project\[39mnode_modules\[4mplaywright[24m\lib\worker\workerMain.js:281:5[90m)[39m
    at WorkerMain.runTestGroup [90m(C:\playwright-project\[39mnode_modules\[4mplaywright[24m\lib\worker\workerMain.js:205:11[90m)[39m
    at process.&lt;anonymous&gt; [90m(C:\playwright-project\[39mnode_modules\[4mplaywright[24m\lib\common\process.js:95:22[90m)[39m {
  fatal: [33mtrue[39m
}

</system-err>
</testcase>
<testcase name="14. Compra 1 adt Eco Comfort - Eco Extra - sin assitence › Ejecución completa con reintentos" classname="2TipsNoExtraNoSeat.spec.ts" time="40.121">
<system-out>
Ejecución completa, intento 1 de 5
Ejecutando Booking, intento 1
Fecha de salida seleccionada: { year: [32m'2025'[39m, month: [32m'6'[39m, index: [33m0[39m, value: [33m3[39m }
Fecha de regreso seleccionada: { year: [32m'2025'[39m, month: [32m'6'[39m, index: [33m1[39m, value: [33m5[39m }
Ajustando número de pasajeros
Successfully clicked the element: div.price-cabin:has-text("Economy")
Successfully clicked the element: div.price-cabin:has-text("Economy")
Ejecutando fillPassengerAdult 1, intento 1
Ejecutando fillContact, intento 1
Ejecutando payWithCard, intento 1
Iframe encontrado.
Ejecutando payWithCard, intento 1
Ejecutando payWithCard, intento 2
Ejecutando payWithCard, intento 3
Successfully saved booking code M92WH to Excel

</system-out>
<system-err>
Confirmation page validation failed: Flight Summary section not found on confirmation page
Intento 1 fallido en payWithCard: Error [ValidationError]: Flight Summary section not found on confirmation page
    at validationConfirmPage [90m(C:\playwright-project\[39msrc\page-objects\confirmation.ts:75:27[90m)[39m
[90m    at runNextTicks (node:internal/process/task_queues:65:5)[39m
[90m    at processImmediate (node:internal/timers:459:9)[39m
[90m    at process.callbackTrampoline (node:internal/async_hooks:130:17)[39m
    at validationConfirmationPage [90m(C:\playwright-project\[39msrc\tests\2TipsNoExtraNoSeat.spec.ts:90:3[90m)[39m
    at runWithRetries [90m(C:\playwright-project\[39msrc\tests\2TipsNoExtraNoSeat.spec.ts:121:7[90m)[39m
    at executeTests [90m(C:\playwright-project\[39msrc\tests\2TipsNoExtraNoSeat.spec.ts:221:29[90m)[39m
    at [90mC:\playwright-project\[39msrc\tests\2TipsNoExtraNoSeat.spec.ts:828:30
    at [90mC:\playwright-project\[39mnode_modules\[4mplaywright[24m\lib\worker\workerMain.js:339:9
    at [90mC:\playwright-project\[39mnode_modules\[4mplaywright[24m\lib\worker\testInfo.js:286:11
    at TimeoutManager.withRunnable [90m(C:\playwright-project\[39mnode_modules\[4mplaywright[24m\lib\worker\timeoutManager.js:64:14[90m)[39m
    at TestInfoImpl._runAsStage [90m(C:\playwright-project\[39mnode_modules\[4mplaywright[24m\lib\worker\testInfo.js:284:7[90m)[39m
    at [90mC:\playwright-project\[39mnode_modules\[4mplaywright[24m\lib\worker\workerMain.js:331:7
    at [90mC:\playwright-project\[39mnode_modules\[4mplaywright[24m\lib\worker\testInfo.js:286:11
    at TimeoutManager.withRunnable [90m(C:\playwright-project\[39mnode_modules\[4mplaywright[24m\lib\worker\timeoutManager.js:52:27[90m)[39m
    at TestInfoImpl._runAsStage [90m(C:\playwright-project\[39mnode_modules\[4mplaywright[24m\lib\worker\testInfo.js:284:7[90m)[39m
    at WorkerMain._runTest [90m(C:\playwright-project\[39mnode_modules\[4mplaywright[24m\lib\worker\workerMain.js:281:5[90m)[39m
    at WorkerMain.runTestGroup [90m(C:\playwright-project\[39mnode_modules\[4mplaywright[24m\lib\worker\workerMain.js:205:11[90m)[39m
    at process.&lt;anonymous&gt; [90m(C:\playwright-project\[39mnode_modules\[4mplaywright[24m\lib\common\process.js:95:22[90m)[39m {
  fatal: [33mtrue[39m
}
Confirmation page validation failed: Not on confirmation page URL
Intento 2 fallido en payWithCard: Error [ValidationError]: Not on confirmation page URL
    at validationConfirmPage [90m(C:\playwright-project\[39msrc\page-objects\confirmation.ts:83:27[90m)[39m
[90m    at runNextTicks (node:internal/process/task_queues:65:5)[39m
[90m    at processImmediate (node:internal/timers:459:9)[39m
[90m    at process.callbackTrampoline (node:internal/async_hooks:130:17)[39m
    at validationConfirmationPage [90m(C:\playwright-project\[39msrc\tests\2TipsNoExtraNoSeat.spec.ts:90:3[90m)[39m
    at runWithRetries [90m(C:\playwright-project\[39msrc\tests\2TipsNoExtraNoSeat.spec.ts:121:7[90m)[39m
    at executeTests [90m(C:\playwright-project\[39msrc\tests\2TipsNoExtraNoSeat.spec.ts:221:29[90m)[39m
    at [90mC:\playwright-project\[39msrc\tests\2TipsNoExtraNoSeat.spec.ts:828:30
    at [90mC:\playwright-project\[39mnode_modules\[4mplaywright[24m\lib\worker\workerMain.js:339:9
    at [90mC:\playwright-project\[39mnode_modules\[4mplaywright[24m\lib\worker\testInfo.js:286:11
    at TimeoutManager.withRunnable [90m(C:\playwright-project\[39mnode_modules\[4mplaywright[24m\lib\worker\timeoutManager.js:64:14[90m)[39m
    at TestInfoImpl._runAsStage [90m(C:\playwright-project\[39mnode_modules\[4mplaywright[24m\lib\worker\testInfo.js:284:7[90m)[39m
    at [90mC:\playwright-project\[39mnode_modules\[4mplaywright[24m\lib\worker\workerMain.js:331:7
    at [90mC:\playwright-project\[39mnode_modules\[4mplaywright[24m\lib\worker\testInfo.js:286:11
    at TimeoutManager.withRunnable [90m(C:\playwright-project\[39mnode_modules\[4mplaywright[24m\lib\worker\timeoutManager.js:52:27[90m)[39m
    at TestInfoImpl._runAsStage [90m(C:\playwright-project\[39mnode_modules\[4mplaywright[24m\lib\worker\testInfo.js:284:7[90m)[39m
    at WorkerMain._runTest [90m(C:\playwright-project\[39mnode_modules\[4mplaywright[24m\lib\worker\workerMain.js:281:5[90m)[39m
    at WorkerMain.runTestGroup [90m(C:\playwright-project\[39mnode_modules\[4mplaywright[24m\lib\worker\workerMain.js:205:11[90m)[39m
    at process.&lt;anonymous&gt; [90m(C:\playwright-project\[39mnode_modules\[4mplaywright[24m\lib\common\process.js:95:22[90m)[39m {
  fatal: [33mtrue[39m
}

</system-err>
</testcase>
<testcase name="15. Compra 1 adt Eco Comfort - PremLight - sin assitence › Ejecución completa con reintentos" classname="2TipsNoExtraNoSeat.spec.ts" time="39.824">
<system-out>
Ejecución completa, intento 1 de 5
Ejecutando Booking, intento 1
Fecha de salida seleccionada: { year: [32m'2025'[39m, month: [32m'6'[39m, index: [33m3[39m, value: [33m10[39m }
Fecha de regreso seleccionada: { year: [32m'2025'[39m, month: [32m'6'[39m, index: [33m4[39m, value: [33m12[39m }
Ajustando número de pasajeros
Successfully clicked the element: div.price-cabin:has-text("Economy")
Successfully clicked the element: div.price-cabin:has-text("Premium")
Ejecutando fillPassengerAdult 1, intento 1
Ejecutando fillContact, intento 1
Ejecutando payWithCard, intento 1
Iframe encontrado.
Ejecutando payWithCard, intento 1
Ejecutando payWithCard, intento 2
Ejecutando payWithCard, intento 3
Successfully saved booking code M92WK to Excel

</system-out>
<system-err>
Confirmation page validation failed: Flight Summary section not found on confirmation page
Intento 1 fallido en payWithCard: Error [ValidationError]: Flight Summary section not found on confirmation page
    at validationConfirmPage [90m(C:\playwright-project\[39msrc\page-objects\confirmation.ts:75:27[90m)[39m
[90m    at runNextTicks (node:internal/process/task_queues:65:5)[39m
[90m    at processImmediate (node:internal/timers:459:9)[39m
[90m    at process.callbackTrampoline (node:internal/async_hooks:130:17)[39m
    at validationConfirmationPage [90m(C:\playwright-project\[39msrc\tests\2TipsNoExtraNoSeat.spec.ts:90:3[90m)[39m
    at runWithRetries [90m(C:\playwright-project\[39msrc\tests\2TipsNoExtraNoSeat.spec.ts:121:7[90m)[39m
    at executeTests [90m(C:\playwright-project\[39msrc\tests\2TipsNoExtraNoSeat.spec.ts:221:29[90m)[39m
    at [90mC:\playwright-project\[39msrc\tests\2TipsNoExtraNoSeat.spec.ts:870:30
    at [90mC:\playwright-project\[39mnode_modules\[4mplaywright[24m\lib\worker\workerMain.js:339:9
    at [90mC:\playwright-project\[39mnode_modules\[4mplaywright[24m\lib\worker\testInfo.js:286:11
    at TimeoutManager.withRunnable [90m(C:\playwright-project\[39mnode_modules\[4mplaywright[24m\lib\worker\timeoutManager.js:64:14[90m)[39m
    at TestInfoImpl._runAsStage [90m(C:\playwright-project\[39mnode_modules\[4mplaywright[24m\lib\worker\testInfo.js:284:7[90m)[39m
    at [90mC:\playwright-project\[39mnode_modules\[4mplaywright[24m\lib\worker\workerMain.js:331:7
    at [90mC:\playwright-project\[39mnode_modules\[4mplaywright[24m\lib\worker\testInfo.js:286:11
    at TimeoutManager.withRunnable [90m(C:\playwright-project\[39mnode_modules\[4mplaywright[24m\lib\worker\timeoutManager.js:52:27[90m)[39m
    at TestInfoImpl._runAsStage [90m(C:\playwright-project\[39mnode_modules\[4mplaywright[24m\lib\worker\testInfo.js:284:7[90m)[39m
    at WorkerMain._runTest [90m(C:\playwright-project\[39mnode_modules\[4mplaywright[24m\lib\worker\workerMain.js:281:5[90m)[39m
    at WorkerMain.runTestGroup [90m(C:\playwright-project\[39mnode_modules\[4mplaywright[24m\lib\worker\workerMain.js:205:11[90m)[39m
    at process.&lt;anonymous&gt; [90m(C:\playwright-project\[39mnode_modules\[4mplaywright[24m\lib\common\process.js:95:22[90m)[39m {
  fatal: [33mtrue[39m
}
Confirmation page validation failed: Not on confirmation page URL
Intento 2 fallido en payWithCard: Error [ValidationError]: Not on confirmation page URL
    at validationConfirmPage [90m(C:\playwright-project\[39msrc\page-objects\confirmation.ts:83:27[90m)[39m
    at validationConfirmationPage [90m(C:\playwright-project\[39msrc\tests\2TipsNoExtraNoSeat.spec.ts:90:3[90m)[39m
    at runWithRetries [90m(C:\playwright-project\[39msrc\tests\2TipsNoExtraNoSeat.spec.ts:121:7[90m)[39m
    at executeTests [90m(C:\playwright-project\[39msrc\tests\2TipsNoExtraNoSeat.spec.ts:221:29[90m)[39m
    at [90mC:\playwright-project\[39msrc\tests\2TipsNoExtraNoSeat.spec.ts:870:30
    at [90mC:\playwright-project\[39mnode_modules\[4mplaywright[24m\lib\worker\workerMain.js:339:9
    at [90mC:\playwright-project\[39mnode_modules\[4mplaywright[24m\lib\worker\testInfo.js:286:11
    at TimeoutManager.withRunnable [90m(C:\playwright-project\[39mnode_modules\[4mplaywright[24m\lib\worker\timeoutManager.js:64:14[90m)[39m
    at TestInfoImpl._runAsStage [90m(C:\playwright-project\[39mnode_modules\[4mplaywright[24m\lib\worker\testInfo.js:284:7[90m)[39m
    at [90mC:\playwright-project\[39mnode_modules\[4mplaywright[24m\lib\worker\workerMain.js:331:7
    at [90mC:\playwright-project\[39mnode_modules\[4mplaywright[24m\lib\worker\testInfo.js:286:11
    at TimeoutManager.withRunnable [90m(C:\playwright-project\[39mnode_modules\[4mplaywright[24m\lib\worker\timeoutManager.js:52:27[90m)[39m
    at TestInfoImpl._runAsStage [90m(C:\playwright-project\[39mnode_modules\[4mplaywright[24m\lib\worker\testInfo.js:284:7[90m)[39m
    at WorkerMain._runTest [90m(C:\playwright-project\[39mnode_modules\[4mplaywright[24m\lib\worker\workerMain.js:281:5[90m)[39m
    at WorkerMain.runTestGroup [90m(C:\playwright-project\[39mnode_modules\[4mplaywright[24m\lib\worker\workerMain.js:205:11[90m)[39m
    at process.&lt;anonymous&gt; [90m(C:\playwright-project\[39mnode_modules\[4mplaywright[24m\lib\common\process.js:95:22[90m)[39m {
  fatal: [33mtrue[39m
}

</system-err>
</testcase>
<testcase name="16. Compra 1 adt Eco Comfort - PremComfort - sin assitence › Ejecución completa con reintentos" classname="2TipsNoExtraNoSeat.spec.ts" time="132.06">
<system-out>
Ejecución completa, intento 1 de 5
Ejecutando Booking, intento 1
Fecha de salida seleccionada: { year: [32m'2025'[39m, month: [32m'6'[39m, index: [33m6[39m, value: [33m17[39m }
Fecha de regreso seleccionada: { year: [32m'2025'[39m, month: [32m'6'[39m, index: [33m7[39m, value: [33m19[39m }
Ajustando número de pasajeros
Successfully clicked the element: div.price-cabin:has-text("Economy")
Successfully clicked the element: div.price-cabin:has-text("Premium")
Ejecutando fillPassengerAdult 1, intento 1
Ejecutando fillContact, intento 1
Ejecutando payWithCard, intento 1
Iframe encontrado.
Ejecutando payWithCard, intento 1
Ejecutando payWithCard, intento 2
Ejecutando payWithCard, intento 3
Ejecución completa, intento 2 de 5
Ejecutando Booking, intento 1
Fecha de salida seleccionada: { year: [32m'2025'[39m, month: [32m'6'[39m, index: [33m0[39m, value: [33m3[39m }
Fecha de regreso seleccionada: { year: [32m'2025'[39m, month: [32m'6'[39m, index: [33m1[39m, value: [33m5[39m }
Ajustando número de pasajeros
Successfully clicked the element: div.price-cabin:has-text("Economy")
Successfully clicked the element: div.price-cabin:has-text("Premium")
Ejecutando fillPassengerAdult 1, intento 1
Ejecutando fillContact, intento 1
Ejecutando payWithCard, intento 1
Iframe encontrado.
Ejecutando payWithCard, intento 1
Ejecutando payWithCard, intento 2
Ejecutando payWithCard, intento 3
Ejecución completa, intento 3 de 5
Ejecutando Booking, intento 1
Fecha de salida seleccionada: { year: [32m'2025'[39m, month: [32m'6'[39m, index: [33m2[39m, value: [33m7[39m }
Fecha de regreso seleccionada: { year: [32m'2025'[39m, month: [32m'6'[39m, index: [33m3[39m, value: [33m10[39m }
Ajustando número de pasajeros
Successfully clicked the element: div.price-cabin:has-text("Economy")
Successfully clicked the element: div.price-cabin:has-text("Premium")
Ejecutando fillPassengerAdult 1, intento 1
Ejecutando fillContact, intento 1
Ejecutando payWithCard, intento 1
Iframe encontrado.
Ejecutando payWithCard, intento 1
Ejecutando payWithCard, intento 2
Ejecutando payWithCard, intento 3
Successfully saved booking code M92XK to Excel

</system-out>
<system-err>
Confirmation page validation failed: Flight Summary section not found on confirmation page
Intento 1 fallido en payWithCard: Error [ValidationError]: Flight Summary section not found on confirmation page
    at validationConfirmPage [90m(C:\playwright-project\[39msrc\page-objects\confirmation.ts:75:27[90m)[39m
    at validationConfirmationPage [90m(C:\playwright-project\[39msrc\tests\2TipsNoExtraNoSeat.spec.ts:90:3[90m)[39m
    at runWithRetries [90m(C:\playwright-project\[39msrc\tests\2TipsNoExtraNoSeat.spec.ts:121:7[90m)[39m
    at executeTests [90m(C:\playwright-project\[39msrc\tests\2TipsNoExtraNoSeat.spec.ts:221:29[90m)[39m
    at [90mC:\playwright-project\[39msrc\tests\2TipsNoExtraNoSeat.spec.ts:912:30
    at [90mC:\playwright-project\[39mnode_modules\[4mplaywright[24m\lib\worker\workerMain.js:339:9
    at [90mC:\playwright-project\[39mnode_modules\[4mplaywright[24m\lib\worker\testInfo.js:286:11
    at TimeoutManager.withRunnable [90m(C:\playwright-project\[39mnode_modules\[4mplaywright[24m\lib\worker\timeoutManager.js:64:14[90m)[39m
    at TestInfoImpl._runAsStage [90m(C:\playwright-project\[39mnode_modules\[4mplaywright[24m\lib\worker\testInfo.js:284:7[90m)[39m
    at [90mC:\playwright-project\[39mnode_modules\[4mplaywright[24m\lib\worker\workerMain.js:331:7
    at [90mC:\playwright-project\[39mnode_modules\[4mplaywright[24m\lib\worker\testInfo.js:286:11
    at TimeoutManager.withRunnable [90m(C:\playwright-project\[39mnode_modules\[4mplaywright[24m\lib\worker\timeoutManager.js:52:27[90m)[39m
    at TestInfoImpl._runAsStage [90m(C:\playwright-project\[39mnode_modules\[4mplaywright[24m\lib\worker\testInfo.js:284:7[90m)[39m
    at WorkerMain._runTest [90m(C:\playwright-project\[39mnode_modules\[4mplaywright[24m\lib\worker\workerMain.js:281:5[90m)[39m
    at WorkerMain.runTestGroup [90m(C:\playwright-project\[39mnode_modules\[4mplaywright[24m\lib\worker\workerMain.js:205:11[90m)[39m
    at process.&lt;anonymous&gt; [90m(C:\playwright-project\[39mnode_modules\[4mplaywright[24m\lib\common\process.js:95:22[90m)[39m {
  fatal: [33mtrue[39m
}
Confirmation page validation failed: Flight Summary section not found on confirmation page
Intento 2 fallido en payWithCard: Error [ValidationError]: Flight Summary section not found on confirmation page
    at validationConfirmPage [90m(C:\playwright-project\[39msrc\page-objects\confirmation.ts:75:27[90m)[39m
    at validationConfirmationPage [90m(C:\playwright-project\[39msrc\tests\2TipsNoExtraNoSeat.spec.ts:90:3[90m)[39m
    at runWithRetries [90m(C:\playwright-project\[39msrc\tests\2TipsNoExtraNoSeat.spec.ts:121:7[90m)[39m
    at executeTests [90m(C:\playwright-project\[39msrc\tests\2TipsNoExtraNoSeat.spec.ts:221:29[90m)[39m
    at [90mC:\playwright-project\[39msrc\tests\2TipsNoExtraNoSeat.spec.ts:912:30
    at [90mC:\playwright-project\[39mnode_modules\[4mplaywright[24m\lib\worker\workerMain.js:339:9
    at [90mC:\playwright-project\[39mnode_modules\[4mplaywright[24m\lib\worker\testInfo.js:286:11
    at TimeoutManager.withRunnable [90m(C:\playwright-project\[39mnode_modules\[4mplaywright[24m\lib\worker\timeoutManager.js:64:14[90m)[39m
    at TestInfoImpl._runAsStage [90m(C:\playwright-project\[39mnode_modules\[4mplaywright[24m\lib\worker\testInfo.js:284:7[90m)[39m
    at [90mC:\playwright-project\[39mnode_modules\[4mplaywright[24m\lib\worker\workerMain.js:331:7
    at [90mC:\playwright-project\[39mnode_modules\[4mplaywright[24m\lib\worker\testInfo.js:286:11
    at TimeoutManager.withRunnable [90m(C:\playwright-project\[39mnode_modules\[4mplaywright[24m\lib\worker\timeoutManager.js:52:27[90m)[39m
    at TestInfoImpl._runAsStage [90m(C:\playwright-project\[39mnode_modules\[4mplaywright[24m\lib\worker\testInfo.js:284:7[90m)[39m
    at WorkerMain._runTest [90m(C:\playwright-project\[39mnode_modules\[4mplaywright[24m\lib\worker\workerMain.js:281:5[90m)[39m
    at WorkerMain.runTestGroup [90m(C:\playwright-project\[39mnode_modules\[4mplaywright[24m\lib\worker\workerMain.js:205:11[90m)[39m
    at process.&lt;anonymous&gt; [90m(C:\playwright-project\[39mnode_modules\[4mplaywright[24m\lib\common\process.js:95:22[90m)[39m {
  fatal: [33mtrue[39m
}
Confirmation page validation failed: Flight Summary section not found on confirmation page
Intento 3 fallido en payWithCard: Error [ValidationError]: Flight Summary section not found on confirmation page
    at validationConfirmPage [90m(C:\playwright-project\[39msrc\page-objects\confirmation.ts:75:27[90m)[39m
    at validationConfirmationPage [90m(C:\playwright-project\[39msrc\tests\2TipsNoExtraNoSeat.spec.ts:90:3[90m)[39m
    at runWithRetries [90m(C:\playwright-project\[39msrc\tests\2TipsNoExtraNoSeat.spec.ts:121:7[90m)[39m
    at executeTests [90m(C:\playwright-project\[39msrc\tests\2TipsNoExtraNoSeat.spec.ts:221:29[90m)[39m
    at [90mC:\playwright-project\[39msrc\tests\2TipsNoExtraNoSeat.spec.ts:912:30
    at [90mC:\playwright-project\[39mnode_modules\[4mplaywright[24m\lib\worker\workerMain.js:339:9
    at [90mC:\playwright-project\[39mnode_modules\[4mplaywright[24m\lib\worker\testInfo.js:286:11
    at TimeoutManager.withRunnable [90m(C:\playwright-project\[39mnode_modules\[4mplaywright[24m\lib\worker\timeoutManager.js:64:14[90m)[39m
    at TestInfoImpl._runAsStage [90m(C:\playwright-project\[39mnode_modules\[4mplaywright[24m\lib\worker\testInfo.js:284:7[90m)[39m
    at [90mC:\playwright-project\[39mnode_modules\[4mplaywright[24m\lib\worker\workerMain.js:331:7
    at [90mC:\playwright-project\[39mnode_modules\[4mplaywright[24m\lib\worker\testInfo.js:286:11
    at TimeoutManager.withRunnable [90m(C:\playwright-project\[39mnode_modules\[4mplaywright[24m\lib\worker\timeoutManager.js:52:27[90m)[39m
    at TestInfoImpl._runAsStage [90m(C:\playwright-project\[39mnode_modules\[4mplaywright[24m\lib\worker\testInfo.js:284:7[90m)[39m
    at WorkerMain._runTest [90m(C:\playwright-project\[39mnode_modules\[4mplaywright[24m\lib\worker\workerMain.js:281:5[90m)[39m
    at WorkerMain.runTestGroup [90m(C:\playwright-project\[39mnode_modules\[4mplaywright[24m\lib\worker\workerMain.js:205:11[90m)[39m
    at process.&lt;anonymous&gt; [90m(C:\playwright-project\[39mnode_modules\[4mplaywright[24m\lib\common\process.js:95:22[90m)[39m {
  fatal: [33mtrue[39m
}
Prueba payWithCard fallida después de 3 intentos.
Confirmation page validation failed: Flight Summary section not found on confirmation page
Intento 1 fallido en payWithCard: Error [ValidationError]: Flight Summary section not found on confirmation page
    at validationConfirmPage [90m(C:\playwright-project\[39msrc\page-objects\confirmation.ts:75:27[90m)[39m
    at validationConfirmationPage [90m(C:\playwright-project\[39msrc\tests\2TipsNoExtraNoSeat.spec.ts:90:3[90m)[39m
    at runWithRetries [90m(C:\playwright-project\[39msrc\tests\2TipsNoExtraNoSeat.spec.ts:121:7[90m)[39m
    at executeTests [90m(C:\playwright-project\[39msrc\tests\2TipsNoExtraNoSeat.spec.ts:221:29[90m)[39m
    at [90mC:\playwright-project\[39msrc\tests\2TipsNoExtraNoSeat.spec.ts:912:30
    at [90mC:\playwright-project\[39mnode_modules\[4mplaywright[24m\lib\worker\workerMain.js:339:9
    at [90mC:\playwright-project\[39mnode_modules\[4mplaywright[24m\lib\worker\testInfo.js:286:11
    at TimeoutManager.withRunnable [90m(C:\playwright-project\[39mnode_modules\[4mplaywright[24m\lib\worker\timeoutManager.js:64:14[90m)[39m
    at TestInfoImpl._runAsStage [90m(C:\playwright-project\[39mnode_modules\[4mplaywright[24m\lib\worker\testInfo.js:284:7[90m)[39m
    at [90mC:\playwright-project\[39mnode_modules\[4mplaywright[24m\lib\worker\workerMain.js:331:7
    at [90mC:\playwright-project\[39mnode_modules\[4mplaywright[24m\lib\worker\testInfo.js:286:11
    at TimeoutManager.withRunnable [90m(C:\playwright-project\[39mnode_modules\[4mplaywright[24m\lib\worker\timeoutManager.js:52:27[90m)[39m
    at TestInfoImpl._runAsStage [90m(C:\playwright-project\[39mnode_modules\[4mplaywright[24m\lib\worker\testInfo.js:284:7[90m)[39m
    at WorkerMain._runTest [90m(C:\playwright-project\[39mnode_modules\[4mplaywright[24m\lib\worker\workerMain.js:281:5[90m)[39m
    at WorkerMain.runTestGroup [90m(C:\playwright-project\[39mnode_modules\[4mplaywright[24m\lib\worker\workerMain.js:205:11[90m)[39m
    at process.&lt;anonymous&gt; [90m(C:\playwright-project\[39mnode_modules\[4mplaywright[24m\lib\common\process.js:95:22[90m)[39m {
  fatal: [33mtrue[39m
}
Confirmation page validation failed: Flight Summary section not found on confirmation page
Intento 2 fallido en payWithCard: Error [ValidationError]: Flight Summary section not found on confirmation page
    at validationConfirmPage [90m(C:\playwright-project\[39msrc\page-objects\confirmation.ts:75:27[90m)[39m
    at validationConfirmationPage [90m(C:\playwright-project\[39msrc\tests\2TipsNoExtraNoSeat.spec.ts:90:3[90m)[39m
    at runWithRetries [90m(C:\playwright-project\[39msrc\tests\2TipsNoExtraNoSeat.spec.ts:121:7[90m)[39m
    at executeTests [90m(C:\playwright-project\[39msrc\tests\2TipsNoExtraNoSeat.spec.ts:221:29[90m)[39m
    at [90mC:\playwright-project\[39msrc\tests\2TipsNoExtraNoSeat.spec.ts:912:30
    at [90mC:\playwright-project\[39mnode_modules\[4mplaywright[24m\lib\worker\workerMain.js:339:9
    at [90mC:\playwright-project\[39mnode_modules\[4mplaywright[24m\lib\worker\testInfo.js:286:11
    at TimeoutManager.withRunnable [90m(C:\playwright-project\[39mnode_modules\[4mplaywright[24m\lib\worker\timeoutManager.js:64:14[90m)[39m
    at TestInfoImpl._runAsStage [90m(C:\playwright-project\[39mnode_modules\[4mplaywright[24m\lib\worker\testInfo.js:284:7[90m)[39m
    at [90mC:\playwright-project\[39mnode_modules\[4mplaywright[24m\lib\worker\workerMain.js:331:7
    at [90mC:\playwright-project\[39mnode_modules\[4mplaywright[24m\lib\worker\testInfo.js:286:11
    at TimeoutManager.withRunnable [90m(C:\playwright-project\[39mnode_modules\[4mplaywright[24m\lib\worker\timeoutManager.js:52:27[90m)[39m
    at TestInfoImpl._runAsStage [90m(C:\playwright-project\[39mnode_modules\[4mplaywright[24m\lib\worker\testInfo.js:284:7[90m)[39m
    at WorkerMain._runTest [90m(C:\playwright-project\[39mnode_modules\[4mplaywright[24m\lib\worker\workerMain.js:281:5[90m)[39m
    at WorkerMain.runTestGroup [90m(C:\playwright-project\[39mnode_modules\[4mplaywright[24m\lib\worker\workerMain.js:205:11[90m)[39m
    at process.&lt;anonymous&gt; [90m(C:\playwright-project\[39mnode_modules\[4mplaywright[24m\lib\common\process.js:95:22[90m)[39m {
  fatal: [33mtrue[39m
}
Confirmation page validation failed: Flight Summary section not found on confirmation page
Intento 3 fallido en payWithCard: Error [ValidationError]: Flight Summary section not found on confirmation page
    at validationConfirmPage [90m(C:\playwright-project\[39msrc\page-objects\confirmation.ts:75:27[90m)[39m
    at validationConfirmationPage [90m(C:\playwright-project\[39msrc\tests\2TipsNoExtraNoSeat.spec.ts:90:3[90m)[39m
    at runWithRetries [90m(C:\playwright-project\[39msrc\tests\2TipsNoExtraNoSeat.spec.ts:121:7[90m)[39m
    at executeTests [90m(C:\playwright-project\[39msrc\tests\2TipsNoExtraNoSeat.spec.ts:221:29[90m)[39m
    at [90mC:\playwright-project\[39msrc\tests\2TipsNoExtraNoSeat.spec.ts:912:30
    at [90mC:\playwright-project\[39mnode_modules\[4mplaywright[24m\lib\worker\workerMain.js:339:9
    at [90mC:\playwright-project\[39mnode_modules\[4mplaywright[24m\lib\worker\testInfo.js:286:11
    at TimeoutManager.withRunnable [90m(C:\playwright-project\[39mnode_modules\[4mplaywright[24m\lib\worker\timeoutManager.js:64:14[90m)[39m
    at TestInfoImpl._runAsStage [90m(C:\playwright-project\[39mnode_modules\[4mplaywright[24m\lib\worker\testInfo.js:284:7[90m)[39m
    at [90mC:\playwright-project\[39mnode_modules\[4mplaywright[24m\lib\worker\workerMain.js:331:7
    at [90mC:\playwright-project\[39mnode_modules\[4mplaywright[24m\lib\worker\testInfo.js:286:11
    at TimeoutManager.withRunnable [90m(C:\playwright-project\[39mnode_modules\[4mplaywright[24m\lib\worker\timeoutManager.js:52:27[90m)[39m
    at TestInfoImpl._runAsStage [90m(C:\playwright-project\[39mnode_modules\[4mplaywright[24m\lib\worker\testInfo.js:284:7[90m)[39m
    at WorkerMain._runTest [90m(C:\playwright-project\[39mnode_modules\[4mplaywright[24m\lib\worker\workerMain.js:281:5[90m)[39m
    at WorkerMain.runTestGroup [90m(C:\playwright-project\[39mnode_modules\[4mplaywright[24m\lib\worker\workerMain.js:205:11[90m)[39m
    at process.&lt;anonymous&gt; [90m(C:\playwright-project\[39mnode_modules\[4mplaywright[24m\lib\common\process.js:95:22[90m)[39m {
  fatal: [33mtrue[39m
}
Prueba payWithCard fallida después de 3 intentos.
Confirmation page validation failed: Flight Summary section not found on confirmation page
Intento 1 fallido en payWithCard: Error [ValidationError]: Flight Summary section not found on confirmation page
    at validationConfirmPage [90m(C:\playwright-project\[39msrc\page-objects\confirmation.ts:75:27[90m)[39m
[90m    at runNextTicks (node:internal/process/task_queues:65:5)[39m
[90m    at processImmediate (node:internal/timers:459:9)[39m
[90m    at process.callbackTrampoline (node:internal/async_hooks:130:17)[39m
    at validationConfirmationPage [90m(C:\playwright-project\[39msrc\tests\2TipsNoExtraNoSeat.spec.ts:90:3[90m)[39m
    at runWithRetries [90m(C:\playwright-project\[39msrc\tests\2TipsNoExtraNoSeat.spec.ts:121:7[90m)[39m
    at executeTests [90m(C:\playwright-project\[39msrc\tests\2TipsNoExtraNoSeat.spec.ts:221:29[90m)[39m
    at [90mC:\playwright-project\[39msrc\tests\2TipsNoExtraNoSeat.spec.ts:912:30
    at [90mC:\playwright-project\[39mnode_modules\[4mplaywright[24m\lib\worker\workerMain.js:339:9
    at [90mC:\playwright-project\[39mnode_modules\[4mplaywright[24m\lib\worker\testInfo.js:286:11
    at TimeoutManager.withRunnable [90m(C:\playwright-project\[39mnode_modules\[4mplaywright[24m\lib\worker\timeoutManager.js:64:14[90m)[39m
    at TestInfoImpl._runAsStage [90m(C:\playwright-project\[39mnode_modules\[4mplaywright[24m\lib\worker\testInfo.js:284:7[90m)[39m
    at [90mC:\playwright-project\[39mnode_modules\[4mplaywright[24m\lib\worker\workerMain.js:331:7
    at [90mC:\playwright-project\[39mnode_modules\[4mplaywright[24m\lib\worker\testInfo.js:286:11
    at TimeoutManager.withRunnable [90m(C:\playwright-project\[39mnode_modules\[4mplaywright[24m\lib\worker\timeoutManager.js:52:27[90m)[39m
    at TestInfoImpl._runAsStage [90m(C:\playwright-project\[39mnode_modules\[4mplaywright[24m\lib\worker\testInfo.js:284:7[90m)[39m
    at WorkerMain._runTest [90m(C:\playwright-project\[39mnode_modules\[4mplaywright[24m\lib\worker\workerMain.js:281:5[90m)[39m
    at WorkerMain.runTestGroup [90m(C:\playwright-project\[39mnode_modules\[4mplaywright[24m\lib\worker\workerMain.js:205:11[90m)[39m
    at process.&lt;anonymous&gt; [90m(C:\playwright-project\[39mnode_modules\[4mplaywright[24m\lib\common\process.js:95:22[90m)[39m {
  fatal: [33mtrue[39m
}
Confirmation page validation failed: Not on confirmation page URL
Intento 2 fallido en payWithCard: Error [ValidationError]: Not on confirmation page URL
    at validationConfirmPage [90m(C:\playwright-project\[39msrc\page-objects\confirmation.ts:83:27[90m)[39m
    at validationConfirmationPage [90m(C:\playwright-project\[39msrc\tests\2TipsNoExtraNoSeat.spec.ts:90:3[90m)[39m
    at runWithRetries [90m(C:\playwright-project\[39msrc\tests\2TipsNoExtraNoSeat.spec.ts:121:7[90m)[39m
    at executeTests [90m(C:\playwright-project\[39msrc\tests\2TipsNoExtraNoSeat.spec.ts:221:29[90m)[39m
    at [90mC:\playwright-project\[39msrc\tests\2TipsNoExtraNoSeat.spec.ts:912:30
    at [90mC:\playwright-project\[39mnode_modules\[4mplaywright[24m\lib\worker\workerMain.js:339:9
    at [90mC:\playwright-project\[39mnode_modules\[4mplaywright[24m\lib\worker\testInfo.js:286:11
    at TimeoutManager.withRunnable [90m(C:\playwright-project\[39mnode_modules\[4mplaywright[24m\lib\worker\timeoutManager.js:64:14[90m)[39m
    at TestInfoImpl._runAsStage [90m(C:\playwright-project\[39mnode_modules\[4mplaywright[24m\lib\worker\testInfo.js:284:7[90m)[39m
    at [90mC:\playwright-project\[39mnode_modules\[4mplaywright[24m\lib\worker\workerMain.js:331:7
    at [90mC:\playwright-project\[39mnode_modules\[4mplaywright[24m\lib\worker\testInfo.js:286:11
    at TimeoutManager.withRunnable [90m(C:\playwright-project\[39mnode_modules\[4mplaywright[24m\lib\worker\timeoutManager.js:52:27[90m)[39m
    at TestInfoImpl._runAsStage [90m(C:\playwright-project\[39mnode_modules\[4mplaywright[24m\lib\worker\testInfo.js:284:7[90m)[39m
    at WorkerMain._runTest [90m(C:\playwright-project\[39mnode_modules\[4mplaywright[24m\lib\worker\workerMain.js:281:5[90m)[39m
    at WorkerMain.runTestGroup [90m(C:\playwright-project\[39mnode_modules\[4mplaywright[24m\lib\worker\workerMain.js:205:11[90m)[39m
    at process.&lt;anonymous&gt; [90m(C:\playwright-project\[39mnode_modules\[4mplaywright[24m\lib\common\process.js:95:22[90m)[39m {
  fatal: [33mtrue[39m
}

</system-err>
</testcase>
<testcase name="17. Compra 1 adt Eco Comfort - PremExtra - sin assitence › Ejecución completa con reintentos" classname="2TipsNoExtraNoSeat.spec.ts" time="41.721">
<system-out>
Ejecución completa, intento 1 de 5
Ejecutando Booking, intento 1
Fecha de salida seleccionada: { year: [32m'2025'[39m, month: [32m'6'[39m, index: [33m9[39m, value: [33m24[39m }
Fecha de regreso seleccionada: { year: [32m'2025'[39m, month: [32m'6'[39m, index: [33m10[39m, value: [33m26[39m }
Ajustando número de pasajeros
Successfully clicked the element: div.price-cabin:has-text("Economy")
Successfully clicked the element: div.price-cabin:has-text("Premium")
Ejecutando fillPassengerAdult 1, intento 1
Ejecutando fillContact, intento 1
Ejecutando payWithCard, intento 1
Iframe encontrado.
Ejecutando payWithCard, intento 1
Ejecutando payWithCard, intento 2
Ejecutando payWithCard, intento 3
Successfully saved booking code M92WT to Excel

</system-out>
<system-err>
Confirmation page validation failed: Flight Summary section not found on confirmation page
Intento 1 fallido en payWithCard: Error [ValidationError]: Flight Summary section not found on confirmation page
    at validationConfirmPage [90m(C:\playwright-project\[39msrc\page-objects\confirmation.ts:75:27[90m)[39m
[90m    at runNextTicks (node:internal/process/task_queues:65:5)[39m
[90m    at processImmediate (node:internal/timers:459:9)[39m
[90m    at process.callbackTrampoline (node:internal/async_hooks:130:17)[39m
    at validationConfirmationPage [90m(C:\playwright-project\[39msrc\tests\2TipsNoExtraNoSeat.spec.ts:90:3[90m)[39m
    at runWithRetries [90m(C:\playwright-project\[39msrc\tests\2TipsNoExtraNoSeat.spec.ts:121:7[90m)[39m
    at executeTests [90m(C:\playwright-project\[39msrc\tests\2TipsNoExtraNoSeat.spec.ts:221:29[90m)[39m
    at [90mC:\playwright-project\[39msrc\tests\2TipsNoExtraNoSeat.spec.ts:954:30
    at [90mC:\playwright-project\[39mnode_modules\[4mplaywright[24m\lib\worker\workerMain.js:339:9
    at [90mC:\playwright-project\[39mnode_modules\[4mplaywright[24m\lib\worker\testInfo.js:286:11
    at TimeoutManager.withRunnable [90m(C:\playwright-project\[39mnode_modules\[4mplaywright[24m\lib\worker\timeoutManager.js:64:14[90m)[39m
    at TestInfoImpl._runAsStage [90m(C:\playwright-project\[39mnode_modules\[4mplaywright[24m\lib\worker\testInfo.js:284:7[90m)[39m
    at [90mC:\playwright-project\[39mnode_modules\[4mplaywright[24m\lib\worker\workerMain.js:331:7
    at [90mC:\playwright-project\[39mnode_modules\[4mplaywright[24m\lib\worker\testInfo.js:286:11
    at TimeoutManager.withRunnable [90m(C:\playwright-project\[39mnode_modules\[4mplaywright[24m\lib\worker\timeoutManager.js:52:27[90m)[39m
    at TestInfoImpl._runAsStage [90m(C:\playwright-project\[39mnode_modules\[4mplaywright[24m\lib\worker\testInfo.js:284:7[90m)[39m
    at WorkerMain._runTest [90m(C:\playwright-project\[39mnode_modules\[4mplaywright[24m\lib\worker\workerMain.js:281:5[90m)[39m
    at WorkerMain.runTestGroup [90m(C:\playwright-project\[39mnode_modules\[4mplaywright[24m\lib\worker\workerMain.js:205:11[90m)[39m
    at process.&lt;anonymous&gt; [90m(C:\playwright-project\[39mnode_modules\[4mplaywright[24m\lib\common\process.js:95:22[90m)[39m {
  fatal: [33mtrue[39m
}
Confirmation page validation failed: Not on confirmation page URL
Intento 2 fallido en payWithCard: Error [ValidationError]: Not on confirmation page URL
    at validationConfirmPage [90m(C:\playwright-project\[39msrc\page-objects\confirmation.ts:83:27[90m)[39m
    at validationConfirmationPage [90m(C:\playwright-project\[39msrc\tests\2TipsNoExtraNoSeat.spec.ts:90:3[90m)[39m
    at runWithRetries [90m(C:\playwright-project\[39msrc\tests\2TipsNoExtraNoSeat.spec.ts:121:7[90m)[39m
    at executeTests [90m(C:\playwright-project\[39msrc\tests\2TipsNoExtraNoSeat.spec.ts:221:29[90m)[39m
    at [90mC:\playwright-project\[39msrc\tests\2TipsNoExtraNoSeat.spec.ts:954:30
    at [90mC:\playwright-project\[39mnode_modules\[4mplaywright[24m\lib\worker\workerMain.js:339:9
    at [90mC:\playwright-project\[39mnode_modules\[4mplaywright[24m\lib\worker\testInfo.js:286:11
    at TimeoutManager.withRunnable [90m(C:\playwright-project\[39mnode_modules\[4mplaywright[24m\lib\worker\timeoutManager.js:64:14[90m)[39m
    at TestInfoImpl._runAsStage [90m(C:\playwright-project\[39mnode_modules\[4mplaywright[24m\lib\worker\testInfo.js:284:7[90m)[39m
    at [90mC:\playwright-project\[39mnode_modules\[4mplaywright[24m\lib\worker\workerMain.js:331:7
    at [90mC:\playwright-project\[39mnode_modules\[4mplaywright[24m\lib\worker\testInfo.js:286:11
    at TimeoutManager.withRunnable [90m(C:\playwright-project\[39mnode_modules\[4mplaywright[24m\lib\worker\timeoutManager.js:52:27[90m)[39m
    at TestInfoImpl._runAsStage [90m(C:\playwright-project\[39mnode_modules\[4mplaywright[24m\lib\worker\testInfo.js:284:7[90m)[39m
    at WorkerMain._runTest [90m(C:\playwright-project\[39mnode_modules\[4mplaywright[24m\lib\worker\workerMain.js:281:5[90m)[39m
    at WorkerMain.runTestGroup [90m(C:\playwright-project\[39mnode_modules\[4mplaywright[24m\lib\worker\workerMain.js:205:11[90m)[39m
    at process.&lt;anonymous&gt; [90m(C:\playwright-project\[39mnode_modules\[4mplaywright[24m\lib\common\process.js:95:22[90m)[39m {
  fatal: [33mtrue[39m
}

</system-err>
</testcase>
<testcase name="18. Compra 1 adt Eco Extra - Eco Light - sin assitence › Ejecución completa con reintentos" classname="2TipsNoExtraNoSeat.spec.ts" time="42.618">
<system-out>
Ejecución completa, intento 1 de 5
Ejecutando Booking, intento 1
Fecha de salida seleccionada: { year: [32m'2025'[39m, month: [32m'6'[39m, index: [33m6[39m, value: [33m17[39m }
Fecha de regreso seleccionada: { year: [32m'2025'[39m, month: [32m'6'[39m, index: [33m7[39m, value: [33m19[39m }
Ajustando número de pasajeros
Successfully clicked the element: div.price-cabin:has-text("Economy")
Successfully clicked the element: div.price-cabin:has-text("Economy")
Ejecutando fillPassengerAdult 1, intento 1
Ejecutando fillContact, intento 1
Ejecutando payWithCard, intento 1
Iframe encontrado.
Ejecutando payWithCard, intento 1
Ejecutando payWithCard, intento 2
Ejecutando payWithCard, intento 3
Successfully saved booking code M92WX to Excel

</system-out>
<system-err>
Confirmation page validation failed: Flight Summary section not found on confirmation page
Intento 1 fallido en payWithCard: Error [ValidationError]: Flight Summary section not found on confirmation page
    at validationConfirmPage [90m(C:\playwright-project\[39msrc\page-objects\confirmation.ts:75:27[90m)[39m
[90m    at runNextTicks (node:internal/process/task_queues:65:5)[39m
[90m    at processImmediate (node:internal/timers:459:9)[39m
[90m    at process.callbackTrampoline (node:internal/async_hooks:130:17)[39m
    at validationConfirmationPage [90m(C:\playwright-project\[39msrc\tests\2TipsNoExtraNoSeat.spec.ts:90:3[90m)[39m
    at runWithRetries [90m(C:\playwright-project\[39msrc\tests\2TipsNoExtraNoSeat.spec.ts:121:7[90m)[39m
    at executeTests [90m(C:\playwright-project\[39msrc\tests\2TipsNoExtraNoSeat.spec.ts:221:29[90m)[39m
    at [90mC:\playwright-project\[39msrc\tests\2TipsNoExtraNoSeat.spec.ts:996:30
    at [90mC:\playwright-project\[39mnode_modules\[4mplaywright[24m\lib\worker\workerMain.js:339:9
    at [90mC:\playwright-project\[39mnode_modules\[4mplaywright[24m\lib\worker\testInfo.js:286:11
    at TimeoutManager.withRunnable [90m(C:\playwright-project\[39mnode_modules\[4mplaywright[24m\lib\worker\timeoutManager.js:64:14[90m)[39m
    at TestInfoImpl._runAsStage [90m(C:\playwright-project\[39mnode_modules\[4mplaywright[24m\lib\worker\testInfo.js:284:7[90m)[39m
    at [90mC:\playwright-project\[39mnode_modules\[4mplaywright[24m\lib\worker\workerMain.js:331:7
    at [90mC:\playwright-project\[39mnode_modules\[4mplaywright[24m\lib\worker\testInfo.js:286:11
    at TimeoutManager.withRunnable [90m(C:\playwright-project\[39mnode_modules\[4mplaywright[24m\lib\worker\timeoutManager.js:52:27[90m)[39m
    at TestInfoImpl._runAsStage [90m(C:\playwright-project\[39mnode_modules\[4mplaywright[24m\lib\worker\testInfo.js:284:7[90m)[39m
    at WorkerMain._runTest [90m(C:\playwright-project\[39mnode_modules\[4mplaywright[24m\lib\worker\workerMain.js:281:5[90m)[39m
    at WorkerMain.runTestGroup [90m(C:\playwright-project\[39mnode_modules\[4mplaywright[24m\lib\worker\workerMain.js:205:11[90m)[39m
    at process.&lt;anonymous&gt; [90m(C:\playwright-project\[39mnode_modules\[4mplaywright[24m\lib\common\process.js:95:22[90m)[39m {
  fatal: [33mtrue[39m
}
Confirmation page validation failed: Not on confirmation page URL
Intento 2 fallido en payWithCard: Error [ValidationError]: Not on confirmation page URL
    at validationConfirmPage [90m(C:\playwright-project\[39msrc\page-objects\confirmation.ts:83:27[90m)[39m
    at validationConfirmationPage [90m(C:\playwright-project\[39msrc\tests\2TipsNoExtraNoSeat.spec.ts:90:3[90m)[39m
    at runWithRetries [90m(C:\playwright-project\[39msrc\tests\2TipsNoExtraNoSeat.spec.ts:121:7[90m)[39m
    at executeTests [90m(C:\playwright-project\[39msrc\tests\2TipsNoExtraNoSeat.spec.ts:221:29[90m)[39m
    at [90mC:\playwright-project\[39msrc\tests\2TipsNoExtraNoSeat.spec.ts:996:30
    at [90mC:\playwright-project\[39mnode_modules\[4mplaywright[24m\lib\worker\workerMain.js:339:9
    at [90mC:\playwright-project\[39mnode_modules\[4mplaywright[24m\lib\worker\testInfo.js:286:11
    at TimeoutManager.withRunnable [90m(C:\playwright-project\[39mnode_modules\[4mplaywright[24m\lib\worker\timeoutManager.js:64:14[90m)[39m
    at TestInfoImpl._runAsStage [90m(C:\playwright-project\[39mnode_modules\[4mplaywright[24m\lib\worker\testInfo.js:284:7[90m)[39m
    at [90mC:\playwright-project\[39mnode_modules\[4mplaywright[24m\lib\worker\workerMain.js:331:7
    at [90mC:\playwright-project\[39mnode_modules\[4mplaywright[24m\lib\worker\testInfo.js:286:11
    at TimeoutManager.withRunnable [90m(C:\playwright-project\[39mnode_modules\[4mplaywright[24m\lib\worker\timeoutManager.js:52:27[90m)[39m
    at TestInfoImpl._runAsStage [90m(C:\playwright-project\[39mnode_modules\[4mplaywright[24m\lib\worker\testInfo.js:284:7[90m)[39m
    at WorkerMain._runTest [90m(C:\playwright-project\[39mnode_modules\[4mplaywright[24m\lib\worker\workerMain.js:281:5[90m)[39m
    at WorkerMain.runTestGroup [90m(C:\playwright-project\[39mnode_modules\[4mplaywright[24m\lib\worker\workerMain.js:205:11[90m)[39m
    at process.&lt;anonymous&gt; [90m(C:\playwright-project\[39mnode_modules\[4mplaywright[24m\lib\common\process.js:95:22[90m)[39m {
  fatal: [33mtrue[39m
}

</system-err>
</testcase>
<testcase name="19. Compra 1 adt Eco Extra - Eco Comfort - sin assitence › Ejecución completa con reintentos" classname="2TipsNoExtraNoSeat.spec.ts" time="136.841">
<system-out>
Ejecución completa, intento 1 de 5
Ejecutando Booking, intento 1
Fecha de salida seleccionada: { year: [32m'2025'[39m, month: [32m'6'[39m, index: [33m7[39m, value: [33m19[39m }
Fecha de regreso seleccionada: { year: [32m'2025'[39m, month: [32m'6'[39m, index: [33m8[39m, value: [33m21[39m }
Ajustando número de pasajeros
Successfully clicked the element: div.price-cabin:has-text("Economy")
Successfully clicked the element: div.price-cabin:has-text("Economy")
Ejecutando fillPassengerAdult 1, intento 1
Ejecutando fillContact, intento 1
Ejecutando payWithCard, intento 1
Iframe encontrado.
Ejecutando payWithCard, intento 1
Ejecutando payWithCard, intento 2
Ejecutando payWithCard, intento 3
Ejecución completa, intento 2 de 5
Ejecutando Booking, intento 1
Fecha de salida seleccionada: { year: [32m'2025'[39m, month: [32m'6'[39m, index: [33m8[39m, value: [33m21[39m }
Fecha de regreso seleccionada: { year: [32m'2025'[39m, month: [32m'6'[39m, index: [33m9[39m, value: [33m24[39m }
Ajustando número de pasajeros
Successfully clicked the element: div.price-cabin:has-text("Economy")
Successfully clicked the element: div.price-cabin:has-text("Economy")
Ejecutando fillPassengerAdult 1, intento 1
Ejecutando fillContact, intento 1
Ejecutando payWithCard, intento 1
Iframe encontrado.
Ejecutando payWithCard, intento 1
Ejecutando payWithCard, intento 2
Ejecutando payWithCard, intento 3
Ejecución completa, intento 3 de 5
Ejecutando Booking, intento 1
Fecha de salida seleccionada: { year: [32m'2025'[39m, month: [32m'6'[39m, index: [33m0[39m, value: [33m3[39m }
Fecha de regreso seleccionada: { year: [32m'2025'[39m, month: [32m'6'[39m, index: [33m1[39m, value: [33m5[39m }
Ajustando número de pasajeros
Successfully clicked the element: div.price-cabin:has-text("Economy")
Successfully clicked the element: div.price-cabin:has-text("Economy")
Ejecutando fillPassengerAdult 1, intento 1
Ejecutando fillContact, intento 1
Ejecutando payWithCard, intento 1
Iframe encontrado.
Ejecutando payWithCard, intento 1
Ejecutando payWithCard, intento 2
Ejecutando payWithCard, intento 3
Successfully saved booking code M92XW to Excel

</system-out>
<system-err>
Confirmation page validation failed: Flight Summary section not found on confirmation page
Intento 1 fallido en payWithCard: Error [ValidationError]: Flight Summary section not found on confirmation page
    at validationConfirmPage [90m(C:\playwright-project\[39msrc\page-objects\confirmation.ts:75:27[90m)[39m
    at validationConfirmationPage [90m(C:\playwright-project\[39msrc\tests\2TipsNoExtraNoSeat.spec.ts:90:3[90m)[39m
    at runWithRetries [90m(C:\playwright-project\[39msrc\tests\2TipsNoExtraNoSeat.spec.ts:121:7[90m)[39m
    at executeTests [90m(C:\playwright-project\[39msrc\tests\2TipsNoExtraNoSeat.spec.ts:221:29[90m)[39m
    at [90mC:\playwright-project\[39msrc\tests\2TipsNoExtraNoSeat.spec.ts:1038:30
    at [90mC:\playwright-project\[39mnode_modules\[4mplaywright[24m\lib\worker\workerMain.js:339:9
    at [90mC:\playwright-project\[39mnode_modules\[4mplaywright[24m\lib\worker\testInfo.js:286:11
    at TimeoutManager.withRunnable [90m(C:\playwright-project\[39mnode_modules\[4mplaywright[24m\lib\worker\timeoutManager.js:64:14[90m)[39m
    at TestInfoImpl._runAsStage [90m(C:\playwright-project\[39mnode_modules\[4mplaywright[24m\lib\worker\testInfo.js:284:7[90m)[39m
    at [90mC:\playwright-project\[39mnode_modules\[4mplaywright[24m\lib\worker\workerMain.js:331:7
    at [90mC:\playwright-project\[39mnode_modules\[4mplaywright[24m\lib\worker\testInfo.js:286:11
    at TimeoutManager.withRunnable [90m(C:\playwright-project\[39mnode_modules\[4mplaywright[24m\lib\worker\timeoutManager.js:52:27[90m)[39m
    at TestInfoImpl._runAsStage [90m(C:\playwright-project\[39mnode_modules\[4mplaywright[24m\lib\worker\testInfo.js:284:7[90m)[39m
    at WorkerMain._runTest [90m(C:\playwright-project\[39mnode_modules\[4mplaywright[24m\lib\worker\workerMain.js:281:5[90m)[39m
    at WorkerMain.runTestGroup [90m(C:\playwright-project\[39mnode_modules\[4mplaywright[24m\lib\worker\workerMain.js:205:11[90m)[39m
    at process.&lt;anonymous&gt; [90m(C:\playwright-project\[39mnode_modules\[4mplaywright[24m\lib\common\process.js:95:22[90m)[39m {
  fatal: [33mtrue[39m
}
Confirmation page validation failed: Flight Summary section not found on confirmation page
Intento 2 fallido en payWithCard: Error [ValidationError]: Flight Summary section not found on confirmation page
    at validationConfirmPage [90m(C:\playwright-project\[39msrc\page-objects\confirmation.ts:75:27[90m)[39m
    at validationConfirmationPage [90m(C:\playwright-project\[39msrc\tests\2TipsNoExtraNoSeat.spec.ts:90:3[90m)[39m
    at runWithRetries [90m(C:\playwright-project\[39msrc\tests\2TipsNoExtraNoSeat.spec.ts:121:7[90m)[39m
    at executeTests [90m(C:\playwright-project\[39msrc\tests\2TipsNoExtraNoSeat.spec.ts:221:29[90m)[39m
    at [90mC:\playwright-project\[39msrc\tests\2TipsNoExtraNoSeat.spec.ts:1038:30
    at [90mC:\playwright-project\[39mnode_modules\[4mplaywright[24m\lib\worker\workerMain.js:339:9
    at [90mC:\playwright-project\[39mnode_modules\[4mplaywright[24m\lib\worker\testInfo.js:286:11
    at TimeoutManager.withRunnable [90m(C:\playwright-project\[39mnode_modules\[4mplaywright[24m\lib\worker\timeoutManager.js:64:14[90m)[39m
    at TestInfoImpl._runAsStage [90m(C:\playwright-project\[39mnode_modules\[4mplaywright[24m\lib\worker\testInfo.js:284:7[90m)[39m
    at [90mC:\playwright-project\[39mnode_modules\[4mplaywright[24m\lib\worker\workerMain.js:331:7
    at [90mC:\playwright-project\[39mnode_modules\[4mplaywright[24m\lib\worker\testInfo.js:286:11
    at TimeoutManager.withRunnable [90m(C:\playwright-project\[39mnode_modules\[4mplaywright[24m\lib\worker\timeoutManager.js:52:27[90m)[39m
    at TestInfoImpl._runAsStage [90m(C:\playwright-project\[39mnode_modules\[4mplaywright[24m\lib\worker\testInfo.js:284:7[90m)[39m
    at WorkerMain._runTest [90m(C:\playwright-project\[39mnode_modules\[4mplaywright[24m\lib\worker\workerMain.js:281:5[90m)[39m
    at WorkerMain.runTestGroup [90m(C:\playwright-project\[39mnode_modules\[4mplaywright[24m\lib\worker\workerMain.js:205:11[90m)[39m
    at process.&lt;anonymous&gt; [90m(C:\playwright-project\[39mnode_modules\[4mplaywright[24m\lib\common\process.js:95:22[90m)[39m {
  fatal: [33mtrue[39m
}
Confirmation page validation failed: Flight Summary section not found on confirmation page
Intento 3 fallido en payWithCard: Error [ValidationError]: Flight Summary section not found on confirmation page
    at validationConfirmPage [90m(C:\playwright-project\[39msrc\page-objects\confirmation.ts:75:27[90m)[39m
    at validationConfirmationPage [90m(C:\playwright-project\[39msrc\tests\2TipsNoExtraNoSeat.spec.ts:90:3[90m)[39m
    at runWithRetries [90m(C:\playwright-project\[39msrc\tests\2TipsNoExtraNoSeat.spec.ts:121:7[90m)[39m
    at executeTests [90m(C:\playwright-project\[39msrc\tests\2TipsNoExtraNoSeat.spec.ts:221:29[90m)[39m
    at [90mC:\playwright-project\[39msrc\tests\2TipsNoExtraNoSeat.spec.ts:1038:30
    at [90mC:\playwright-project\[39mnode_modules\[4mplaywright[24m\lib\worker\workerMain.js:339:9
    at [90mC:\playwright-project\[39mnode_modules\[4mplaywright[24m\lib\worker\testInfo.js:286:11
    at TimeoutManager.withRunnable [90m(C:\playwright-project\[39mnode_modules\[4mplaywright[24m\lib\worker\timeoutManager.js:64:14[90m)[39m
    at TestInfoImpl._runAsStage [90m(C:\playwright-project\[39mnode_modules\[4mplaywright[24m\lib\worker\testInfo.js:284:7[90m)[39m
    at [90mC:\playwright-project\[39mnode_modules\[4mplaywright[24m\lib\worker\workerMain.js:331:7
    at [90mC:\playwright-project\[39mnode_modules\[4mplaywright[24m\lib\worker\testInfo.js:286:11
    at TimeoutManager.withRunnable [90m(C:\playwright-project\[39mnode_modules\[4mplaywright[24m\lib\worker\timeoutManager.js:52:27[90m)[39m
    at TestInfoImpl._runAsStage [90m(C:\playwright-project\[39mnode_modules\[4mplaywright[24m\lib\worker\testInfo.js:284:7[90m)[39m
    at WorkerMain._runTest [90m(C:\playwright-project\[39mnode_modules\[4mplaywright[24m\lib\worker\workerMain.js:281:5[90m)[39m
    at WorkerMain.runTestGroup [90m(C:\playwright-project\[39mnode_modules\[4mplaywright[24m\lib\worker\workerMain.js:205:11[90m)[39m
    at process.&lt;anonymous&gt; [90m(C:\playwright-project\[39mnode_modules\[4mplaywright[24m\lib\common\process.js:95:22[90m)[39m {
  fatal: [33mtrue[39m
}
Prueba payWithCard fallida después de 3 intentos.
Confirmation page validation failed: Flight Summary section not found on confirmation page
Intento 1 fallido en payWithCard: Error [ValidationError]: Flight Summary section not found on confirmation page
    at validationConfirmPage [90m(C:\playwright-project\[39msrc\page-objects\confirmation.ts:75:27[90m)[39m
[90m    at runNextTicks (node:internal/process/task_queues:65:5)[39m
[90m    at processImmediate (node:internal/timers:459:9)[39m
[90m    at process.callbackTrampoline (node:internal/async_hooks:130:17)[39m
    at validationConfirmationPage [90m(C:\playwright-project\[39msrc\tests\2TipsNoExtraNoSeat.spec.ts:90:3[90m)[39m
    at runWithRetries [90m(C:\playwright-project\[39msrc\tests\2TipsNoExtraNoSeat.spec.ts:121:7[90m)[39m
    at executeTests [90m(C:\playwright-project\[39msrc\tests\2TipsNoExtraNoSeat.spec.ts:221:29[90m)[39m
    at [90mC:\playwright-project\[39msrc\tests\2TipsNoExtraNoSeat.spec.ts:1038:30
    at [90mC:\playwright-project\[39mnode_modules\[4mplaywright[24m\lib\worker\workerMain.js:339:9
    at [90mC:\playwright-project\[39mnode_modules\[4mplaywright[24m\lib\worker\testInfo.js:286:11
    at TimeoutManager.withRunnable [90m(C:\playwright-project\[39mnode_modules\[4mplaywright[24m\lib\worker\timeoutManager.js:64:14[90m)[39m
    at TestInfoImpl._runAsStage [90m(C:\playwright-project\[39mnode_modules\[4mplaywright[24m\lib\worker\testInfo.js:284:7[90m)[39m
    at [90mC:\playwright-project\[39mnode_modules\[4mplaywright[24m\lib\worker\workerMain.js:331:7
    at [90mC:\playwright-project\[39mnode_modules\[4mplaywright[24m\lib\worker\testInfo.js:286:11
    at TimeoutManager.withRunnable [90m(C:\playwright-project\[39mnode_modules\[4mplaywright[24m\lib\worker\timeoutManager.js:52:27[90m)[39m
    at TestInfoImpl._runAsStage [90m(C:\playwright-project\[39mnode_modules\[4mplaywright[24m\lib\worker\testInfo.js:284:7[90m)[39m
    at WorkerMain._runTest [90m(C:\playwright-project\[39mnode_modules\[4mplaywright[24m\lib\worker\workerMain.js:281:5[90m)[39m
    at WorkerMain.runTestGroup [90m(C:\playwright-project\[39mnode_modules\[4mplaywright[24m\lib\worker\workerMain.js:205:11[90m)[39m
    at process.&lt;anonymous&gt; [90m(C:\playwright-project\[39mnode_modules\[4mplaywright[24m\lib\common\process.js:95:22[90m)[39m {
  fatal: [33mtrue[39m
}
Confirmation page validation failed: Flight Summary section not found on confirmation page
Intento 2 fallido en payWithCard: Error [ValidationError]: Flight Summary section not found on confirmation page
    at validationConfirmPage [90m(C:\playwright-project\[39msrc\page-objects\confirmation.ts:75:27[90m)[39m
    at validationConfirmationPage [90m(C:\playwright-project\[39msrc\tests\2TipsNoExtraNoSeat.spec.ts:90:3[90m)[39m
    at runWithRetries [90m(C:\playwright-project\[39msrc\tests\2TipsNoExtraNoSeat.spec.ts:121:7[90m)[39m
    at executeTests [90m(C:\playwright-project\[39msrc\tests\2TipsNoExtraNoSeat.spec.ts:221:29[90m)[39m
    at [90mC:\playwright-project\[39msrc\tests\2TipsNoExtraNoSeat.spec.ts:1038:30
    at [90mC:\playwright-project\[39mnode_modules\[4mplaywright[24m\lib\worker\workerMain.js:339:9
    at [90mC:\playwright-project\[39mnode_modules\[4mplaywright[24m\lib\worker\testInfo.js:286:11
    at TimeoutManager.withRunnable [90m(C:\playwright-project\[39mnode_modules\[4mplaywright[24m\lib\worker\timeoutManager.js:64:14[90m)[39m
    at TestInfoImpl._runAsStage [90m(C:\playwright-project\[39mnode_modules\[4mplaywright[24m\lib\worker\testInfo.js:284:7[90m)[39m
    at [90mC:\playwright-project\[39mnode_modules\[4mplaywright[24m\lib\worker\workerMain.js:331:7
    at [90mC:\playwright-project\[39mnode_modules\[4mplaywright[24m\lib\worker\testInfo.js:286:11
    at TimeoutManager.withRunnable [90m(C:\playwright-project\[39mnode_modules\[4mplaywright[24m\lib\worker\timeoutManager.js:52:27[90m)[39m
    at TestInfoImpl._runAsStage [90m(C:\playwright-project\[39mnode_modules\[4mplaywright[24m\lib\worker\testInfo.js:284:7[90m)[39m
    at WorkerMain._runTest [90m(C:\playwright-project\[39mnode_modules\[4mplaywright[24m\lib\worker\workerMain.js:281:5[90m)[39m
    at WorkerMain.runTestGroup [90m(C:\playwright-project\[39mnode_modules\[4mplaywright[24m\lib\worker\workerMain.js:205:11[90m)[39m
    at process.&lt;anonymous&gt; [90m(C:\playwright-project\[39mnode_modules\[4mplaywright[24m\lib\common\process.js:95:22[90m)[39m {
  fatal: [33mtrue[39m
}
Confirmation page validation failed: Flight Summary section not found on confirmation page
Intento 3 fallido en payWithCard: Error [ValidationError]: Flight Summary section not found on confirmation page
    at validationConfirmPage [90m(C:\playwright-project\[39msrc\page-objects\confirmation.ts:75:27[90m)[39m
    at validationConfirmationPage [90m(C:\playwright-project\[39msrc\tests\2TipsNoExtraNoSeat.spec.ts:90:3[90m)[39m
    at runWithRetries [90m(C:\playwright-project\[39msrc\tests\2TipsNoExtraNoSeat.spec.ts:121:7[90m)[39m
    at executeTests [90m(C:\playwright-project\[39msrc\tests\2TipsNoExtraNoSeat.spec.ts:221:29[90m)[39m
    at [90mC:\playwright-project\[39msrc\tests\2TipsNoExtraNoSeat.spec.ts:1038:30
    at [90mC:\playwright-project\[39mnode_modules\[4mplaywright[24m\lib\worker\workerMain.js:339:9
    at [90mC:\playwright-project\[39mnode_modules\[4mplaywright[24m\lib\worker\testInfo.js:286:11
    at TimeoutManager.withRunnable [90m(C:\playwright-project\[39mnode_modules\[4mplaywright[24m\lib\worker\timeoutManager.js:64:14[90m)[39m
    at TestInfoImpl._runAsStage [90m(C:\playwright-project\[39mnode_modules\[4mplaywright[24m\lib\worker\testInfo.js:284:7[90m)[39m
    at [90mC:\playwright-project\[39mnode_modules\[4mplaywright[24m\lib\worker\workerMain.js:331:7
    at [90mC:\playwright-project\[39mnode_modules\[4mplaywright[24m\lib\worker\testInfo.js:286:11
    at TimeoutManager.withRunnable [90m(C:\playwright-project\[39mnode_modules\[4mplaywright[24m\lib\worker\timeoutManager.js:52:27[90m)[39m
    at TestInfoImpl._runAsStage [90m(C:\playwright-project\[39mnode_modules\[4mplaywright[24m\lib\worker\testInfo.js:284:7[90m)[39m
    at WorkerMain._runTest [90m(C:\playwright-project\[39mnode_modules\[4mplaywright[24m\lib\worker\workerMain.js:281:5[90m)[39m
    at WorkerMain.runTestGroup [90m(C:\playwright-project\[39mnode_modules\[4mplaywright[24m\lib\worker\workerMain.js:205:11[90m)[39m
    at process.&lt;anonymous&gt; [90m(C:\playwright-project\[39mnode_modules\[4mplaywright[24m\lib\common\process.js:95:22[90m)[39m {
  fatal: [33mtrue[39m
}
Prueba payWithCard fallida después de 3 intentos.
Confirmation page validation failed: Flight Summary section not found on confirmation page
Intento 1 fallido en payWithCard: Error [ValidationError]: Flight Summary section not found on confirmation page
    at validationConfirmPage [90m(C:\playwright-project\[39msrc\page-objects\confirmation.ts:75:27[90m)[39m
[90m    at runNextTicks (node:internal/process/task_queues:65:5)[39m
[90m    at processImmediate (node:internal/timers:459:9)[39m
[90m    at process.callbackTrampoline (node:internal/async_hooks:130:17)[39m
    at validationConfirmationPage [90m(C:\playwright-project\[39msrc\tests\2TipsNoExtraNoSeat.spec.ts:90:3[90m)[39m
    at runWithRetries [90m(C:\playwright-project\[39msrc\tests\2TipsNoExtraNoSeat.spec.ts:121:7[90m)[39m
    at executeTests [90m(C:\playwright-project\[39msrc\tests\2TipsNoExtraNoSeat.spec.ts:221:29[90m)[39m
    at [90mC:\playwright-project\[39msrc\tests\2TipsNoExtraNoSeat.spec.ts:1038:30
    at [90mC:\playwright-project\[39mnode_modules\[4mplaywright[24m\lib\worker\workerMain.js:339:9
    at [90mC:\playwright-project\[39mnode_modules\[4mplaywright[24m\lib\worker\testInfo.js:286:11
    at TimeoutManager.withRunnable [90m(C:\playwright-project\[39mnode_modules\[4mplaywright[24m\lib\worker\timeoutManager.js:64:14[90m)[39m
    at TestInfoImpl._runAsStage [90m(C:\playwright-project\[39mnode_modules\[4mplaywright[24m\lib\worker\testInfo.js:284:7[90m)[39m
    at [90mC:\playwright-project\[39mnode_modules\[4mplaywright[24m\lib\worker\workerMain.js:331:7
    at [90mC:\playwright-project\[39mnode_modules\[4mplaywright[24m\lib\worker\testInfo.js:286:11
    at TimeoutManager.withRunnable [90m(C:\playwright-project\[39mnode_modules\[4mplaywright[24m\lib\worker\timeoutManager.js:52:27[90m)[39m
    at TestInfoImpl._runAsStage [90m(C:\playwright-project\[39mnode_modules\[4mplaywright[24m\lib\worker\testInfo.js:284:7[90m)[39m
    at WorkerMain._runTest [90m(C:\playwright-project\[39mnode_modules\[4mplaywright[24m\lib\worker\workerMain.js:281:5[90m)[39m
    at WorkerMain.runTestGroup [90m(C:\playwright-project\[39mnode_modules\[4mplaywright[24m\lib\worker\workerMain.js:205:11[90m)[39m
    at process.&lt;anonymous&gt; [90m(C:\playwright-project\[39mnode_modules\[4mplaywright[24m\lib\common\process.js:95:22[90m)[39m {
  fatal: [33mtrue[39m
}
Confirmation page validation failed: Not on confirmation page URL
Intento 2 fallido en payWithCard: Error [ValidationError]: Not on confirmation page URL
    at validationConfirmPage [90m(C:\playwright-project\[39msrc\page-objects\confirmation.ts:83:27[90m)[39m
[90m    at runNextTicks (node:internal/process/task_queues:65:5)[39m
[90m    at processImmediate (node:internal/timers:459:9)[39m
[90m    at process.callbackTrampoline (node:internal/async_hooks:130:17)[39m
    at validationConfirmationPage [90m(C:\playwright-project\[39msrc\tests\2TipsNoExtraNoSeat.spec.ts:90:3[90m)[39m
    at runWithRetries [90m(C:\playwright-project\[39msrc\tests\2TipsNoExtraNoSeat.spec.ts:121:7[90m)[39m
    at executeTests [90m(C:\playwright-project\[39msrc\tests\2TipsNoExtraNoSeat.spec.ts:221:29[90m)[39m
    at [90mC:\playwright-project\[39msrc\tests\2TipsNoExtraNoSeat.spec.ts:1038:30
    at [90mC:\playwright-project\[39mnode_modules\[4mplaywright[24m\lib\worker\workerMain.js:339:9
    at [90mC:\playwright-project\[39mnode_modules\[4mplaywright[24m\lib\worker\testInfo.js:286:11
    at TimeoutManager.withRunnable [90m(C:\playwright-project\[39mnode_modules\[4mplaywright[24m\lib\worker\timeoutManager.js:64:14[90m)[39m
    at TestInfoImpl._runAsStage [90m(C:\playwright-project\[39mnode_modules\[4mplaywright[24m\lib\worker\testInfo.js:284:7[90m)[39m
    at [90mC:\playwright-project\[39mnode_modules\[4mplaywright[24m\lib\worker\workerMain.js:331:7
    at [90mC:\playwright-project\[39mnode_modules\[4mplaywright[24m\lib\worker\testInfo.js:286:11
    at TimeoutManager.withRunnable [90m(C:\playwright-project\[39mnode_modules\[4mplaywright[24m\lib\worker\timeoutManager.js:52:27[90m)[39m
    at TestInfoImpl._runAsStage [90m(C:\playwright-project\[39mnode_modules\[4mplaywright[24m\lib\worker\testInfo.js:284:7[90m)[39m
    at WorkerMain._runTest [90m(C:\playwright-project\[39mnode_modules\[4mplaywright[24m\lib\worker\workerMain.js:281:5[90m)[39m
    at WorkerMain.runTestGroup [90m(C:\playwright-project\[39mnode_modules\[4mplaywright[24m\lib\worker\workerMain.js:205:11[90m)[39m
    at process.&lt;anonymous&gt; [90m(C:\playwright-project\[39mnode_modules\[4mplaywright[24m\lib\common\process.js:95:22[90m)[39m {
  fatal: [33mtrue[39m
}

</system-err>
</testcase>
<testcase name="20. Compra 1 adt Eco Extra - Eco Extra - sin assitence › Ejecución completa con reintentos" classname="2TipsNoExtraNoSeat.spec.ts" time="43.758">
<system-out>
Ejecución completa, intento 1 de 5
Ejecutando Booking, intento 1
Fecha de salida seleccionada: { year: [32m'2025'[39m, month: [32m'6'[39m, index: [33m1[39m, value: [33m5[39m }
Fecha de regreso seleccionada: { year: [32m'2025'[39m, month: [32m'6'[39m, index: [33m2[39m, value: [33m7[39m }
Ajustando número de pasajeros
Successfully clicked the element: div.price-cabin:has-text("Economy")
Successfully clicked the element: div.price-cabin:has-text("Economy")
Ejecutando fillPassengerAdult 1, intento 1
Ejecutando fillContact, intento 1
Ejecutando payWithCard, intento 1
Iframe encontrado.
Ejecutando payWithCard, intento 1
Ejecutando payWithCard, intento 2
Ejecutando payWithCard, intento 3
Successfully saved booking code M92X8 to Excel

</system-out>
<system-err>
Confirmation page validation failed: Flight Summary section not found on confirmation page
Intento 1 fallido en payWithCard: Error [ValidationError]: Flight Summary section not found on confirmation page
    at validationConfirmPage [90m(C:\playwright-project\[39msrc\page-objects\confirmation.ts:75:27[90m)[39m
[90m    at runNextTicks (node:internal/process/task_queues:65:5)[39m
[90m    at processImmediate (node:internal/timers:459:9)[39m
[90m    at process.callbackTrampoline (node:internal/async_hooks:130:17)[39m
    at validationConfirmationPage [90m(C:\playwright-project\[39msrc\tests\2TipsNoExtraNoSeat.spec.ts:90:3[90m)[39m
    at runWithRetries [90m(C:\playwright-project\[39msrc\tests\2TipsNoExtraNoSeat.spec.ts:121:7[90m)[39m
    at executeTests [90m(C:\playwright-project\[39msrc\tests\2TipsNoExtraNoSeat.spec.ts:221:29[90m)[39m
    at [90mC:\playwright-project\[39msrc\tests\2TipsNoExtraNoSeat.spec.ts:1080:30
    at [90mC:\playwright-project\[39mnode_modules\[4mplaywright[24m\lib\worker\workerMain.js:339:9
    at [90mC:\playwright-project\[39mnode_modules\[4mplaywright[24m\lib\worker\testInfo.js:286:11
    at TimeoutManager.withRunnable [90m(C:\playwright-project\[39mnode_modules\[4mplaywright[24m\lib\worker\timeoutManager.js:64:14[90m)[39m
    at TestInfoImpl._runAsStage [90m(C:\playwright-project\[39mnode_modules\[4mplaywright[24m\lib\worker\testInfo.js:284:7[90m)[39m
    at [90mC:\playwright-project\[39mnode_modules\[4mplaywright[24m\lib\worker\workerMain.js:331:7
    at [90mC:\playwright-project\[39mnode_modules\[4mplaywright[24m\lib\worker\testInfo.js:286:11
    at TimeoutManager.withRunnable [90m(C:\playwright-project\[39mnode_modules\[4mplaywright[24m\lib\worker\timeoutManager.js:52:27[90m)[39m
    at TestInfoImpl._runAsStage [90m(C:\playwright-project\[39mnode_modules\[4mplaywright[24m\lib\worker\testInfo.js:284:7[90m)[39m
    at WorkerMain._runTest [90m(C:\playwright-project\[39mnode_modules\[4mplaywright[24m\lib\worker\workerMain.js:281:5[90m)[39m
    at WorkerMain.runTestGroup [90m(C:\playwright-project\[39mnode_modules\[4mplaywright[24m\lib\worker\workerMain.js:205:11[90m)[39m
    at process.&lt;anonymous&gt; [90m(C:\playwright-project\[39mnode_modules\[4mplaywright[24m\lib\common\process.js:95:22[90m)[39m {
  fatal: [33mtrue[39m
}
Confirmation page validation failed: Not on confirmation page URL
Intento 2 fallido en payWithCard: Error [ValidationError]: Not on confirmation page URL
    at validationConfirmPage [90m(C:\playwright-project\[39msrc\page-objects\confirmation.ts:83:27[90m)[39m
    at validationConfirmationPage [90m(C:\playwright-project\[39msrc\tests\2TipsNoExtraNoSeat.spec.ts:90:3[90m)[39m
    at runWithRetries [90m(C:\playwright-project\[39msrc\tests\2TipsNoExtraNoSeat.spec.ts:121:7[90m)[39m
    at executeTests [90m(C:\playwright-project\[39msrc\tests\2TipsNoExtraNoSeat.spec.ts:221:29[90m)[39m
    at [90mC:\playwright-project\[39msrc\tests\2TipsNoExtraNoSeat.spec.ts:1080:30
    at [90mC:\playwright-project\[39mnode_modules\[4mplaywright[24m\lib\worker\workerMain.js:339:9
    at [90mC:\playwright-project\[39mnode_modules\[4mplaywright[24m\lib\worker\testInfo.js:286:11
    at TimeoutManager.withRunnable [90m(C:\playwright-project\[39mnode_modules\[4mplaywright[24m\lib\worker\timeoutManager.js:64:14[90m)[39m
    at TestInfoImpl._runAsStage [90m(C:\playwright-project\[39mnode_modules\[4mplaywright[24m\lib\worker\testInfo.js:284:7[90m)[39m
    at [90mC:\playwright-project\[39mnode_modules\[4mplaywright[24m\lib\worker\workerMain.js:331:7
    at [90mC:\playwright-project\[39mnode_modules\[4mplaywright[24m\lib\worker\testInfo.js:286:11
    at TimeoutManager.withRunnable [90m(C:\playwright-project\[39mnode_modules\[4mplaywright[24m\lib\worker\timeoutManager.js:52:27[90m)[39m
    at TestInfoImpl._runAsStage [90m(C:\playwright-project\[39mnode_modules\[4mplaywright[24m\lib\worker\testInfo.js:284:7[90m)[39m
    at WorkerMain._runTest [90m(C:\playwright-project\[39mnode_modules\[4mplaywright[24m\lib\worker\workerMain.js:281:5[90m)[39m
    at WorkerMain.runTestGroup [90m(C:\playwright-project\[39mnode_modules\[4mplaywright[24m\lib\worker\workerMain.js:205:11[90m)[39m
    at process.&lt;anonymous&gt; [90m(C:\playwright-project\[39mnode_modules\[4mplaywright[24m\lib\common\process.js:95:22[90m)[39m {
  fatal: [33mtrue[39m
}

</system-err>
</testcase>
<testcase name="21. Compra 1 adt Eco Extra - PremLight - sin assitence › Ejecución completa con reintentos" classname="2TipsNoExtraNoSeat.spec.ts" time="49.108">
<system-out>
Ejecución completa, intento 1 de 5
Ejecutando Booking, intento 1
Fecha de salida seleccionada: { year: [32m'2025'[39m, month: [32m'6'[39m, index: [33m5[39m, value: [33m14[39m }
Fecha de regreso seleccionada: { year: [32m'2025'[39m, month: [32m'6'[39m, index: [33m6[39m, value: [33m17[39m }
Ajustando número de pasajeros
Successfully clicked the element: div.price-cabin:has-text("Economy")
Successfully clicked the element: div.price-cabin:has-text("Premium")
Ejecutando fillPassengerAdult 1, intento 1
Ejecutando fillContact, intento 1
Ejecutando payWithCard, intento 1
Iframe encontrado.
Ejecutando payWithCard, intento 1
Ejecutando payWithCard, intento 2
Ejecutando payWithCard, intento 3
Successfully saved booking code M92XC to Excel

</system-out>
<system-err>
Confirmation page validation failed: Flight Summary section not found on confirmation page
Intento 1 fallido en payWithCard: Error [ValidationError]: Flight Summary section not found on confirmation page
    at validationConfirmPage [90m(C:\playwright-project\[39msrc\page-objects\confirmation.ts:75:27[90m)[39m
[90m    at runNextTicks (node:internal/process/task_queues:65:5)[39m
[90m    at processImmediate (node:internal/timers:459:9)[39m
[90m    at process.callbackTrampoline (node:internal/async_hooks:130:17)[39m
    at validationConfirmationPage [90m(C:\playwright-project\[39msrc\tests\2TipsNoExtraNoSeat.spec.ts:90:3[90m)[39m
    at runWithRetries [90m(C:\playwright-project\[39msrc\tests\2TipsNoExtraNoSeat.spec.ts:121:7[90m)[39m
    at executeTests [90m(C:\playwright-project\[39msrc\tests\2TipsNoExtraNoSeat.spec.ts:221:29[90m)[39m
    at [90mC:\playwright-project\[39msrc\tests\2TipsNoExtraNoSeat.spec.ts:1122:30
    at [90mC:\playwright-project\[39mnode_modules\[4mplaywright[24m\lib\worker\workerMain.js:339:9
    at [90mC:\playwright-project\[39mnode_modules\[4mplaywright[24m\lib\worker\testInfo.js:286:11
    at TimeoutManager.withRunnable [90m(C:\playwright-project\[39mnode_modules\[4mplaywright[24m\lib\worker\timeoutManager.js:64:14[90m)[39m
    at TestInfoImpl._runAsStage [90m(C:\playwright-project\[39mnode_modules\[4mplaywright[24m\lib\worker\testInfo.js:284:7[90m)[39m
    at [90mC:\playwright-project\[39mnode_modules\[4mplaywright[24m\lib\worker\workerMain.js:331:7
    at [90mC:\playwright-project\[39mnode_modules\[4mplaywright[24m\lib\worker\testInfo.js:286:11
    at TimeoutManager.withRunnable [90m(C:\playwright-project\[39mnode_modules\[4mplaywright[24m\lib\worker\timeoutManager.js:52:27[90m)[39m
    at TestInfoImpl._runAsStage [90m(C:\playwright-project\[39mnode_modules\[4mplaywright[24m\lib\worker\testInfo.js:284:7[90m)[39m
    at WorkerMain._runTest [90m(C:\playwright-project\[39mnode_modules\[4mplaywright[24m\lib\worker\workerMain.js:281:5[90m)[39m
    at WorkerMain.runTestGroup [90m(C:\playwright-project\[39mnode_modules\[4mplaywright[24m\lib\worker\workerMain.js:205:11[90m)[39m
    at process.&lt;anonymous&gt; [90m(C:\playwright-project\[39mnode_modules\[4mplaywright[24m\lib\common\process.js:95:22[90m)[39m {
  fatal: [33mtrue[39m
}
Confirmation page validation failed: Not on confirmation page URL
Intento 2 fallido en payWithCard: Error [ValidationError]: Not on confirmation page URL
    at validationConfirmPage [90m(C:\playwright-project\[39msrc\page-objects\confirmation.ts:83:27[90m)[39m
    at validationConfirmationPage [90m(C:\playwright-project\[39msrc\tests\2TipsNoExtraNoSeat.spec.ts:90:3[90m)[39m
    at runWithRetries [90m(C:\playwright-project\[39msrc\tests\2TipsNoExtraNoSeat.spec.ts:121:7[90m)[39m
    at executeTests [90m(C:\playwright-project\[39msrc\tests\2TipsNoExtraNoSeat.spec.ts:221:29[90m)[39m
    at [90mC:\playwright-project\[39msrc\tests\2TipsNoExtraNoSeat.spec.ts:1122:30
    at [90mC:\playwright-project\[39mnode_modules\[4mplaywright[24m\lib\worker\workerMain.js:339:9
    at [90mC:\playwright-project\[39mnode_modules\[4mplaywright[24m\lib\worker\testInfo.js:286:11
    at TimeoutManager.withRunnable [90m(C:\playwright-project\[39mnode_modules\[4mplaywright[24m\lib\worker\timeoutManager.js:64:14[90m)[39m
    at TestInfoImpl._runAsStage [90m(C:\playwright-project\[39mnode_modules\[4mplaywright[24m\lib\worker\testInfo.js:284:7[90m)[39m
    at [90mC:\playwright-project\[39mnode_modules\[4mplaywright[24m\lib\worker\workerMain.js:331:7
    at [90mC:\playwright-project\[39mnode_modules\[4mplaywright[24m\lib\worker\testInfo.js:286:11
    at TimeoutManager.withRunnable [90m(C:\playwright-project\[39mnode_modules\[4mplaywright[24m\lib\worker\timeoutManager.js:52:27[90m)[39m
    at TestInfoImpl._runAsStage [90m(C:\playwright-project\[39mnode_modules\[4mplaywright[24m\lib\worker\testInfo.js:284:7[90m)[39m
    at WorkerMain._runTest [90m(C:\playwright-project\[39mnode_modules\[4mplaywright[24m\lib\worker\workerMain.js:281:5[90m)[39m
    at WorkerMain.runTestGroup [90m(C:\playwright-project\[39mnode_modules\[4mplaywright[24m\lib\worker\workerMain.js:205:11[90m)[39m
    at process.&lt;anonymous&gt; [90m(C:\playwright-project\[39mnode_modules\[4mplaywright[24m\lib\common\process.js:95:22[90m)[39m {
  fatal: [33mtrue[39m
}

</system-err>
</testcase>
<testcase name="22. Compra 1 adt Eco Extra - PremComfort - sin assitence › Ejecución completa con reintentos" classname="2TipsNoExtraNoSeat.spec.ts" time="40.794">
<system-out>
Ejecución completa, intento 1 de 5
Ejecutando Booking, intento 1
Fecha de salida seleccionada: { year: [32m'2025'[39m, month: [32m'6'[39m, index: [33m0[39m, value: [33m3[39m }
Fecha de regreso seleccionada: { year: [32m'2025'[39m, month: [32m'6'[39m, index: [33m1[39m, value: [33m5[39m }
Ajustando número de pasajeros
Successfully clicked the element: div.price-cabin:has-text("Economy")
Successfully clicked the element: div.price-cabin:has-text("Premium")
Ejecutando fillPassengerAdult 1, intento 1
Ejecutando fillContact, intento 1
Ejecutando payWithCard, intento 1
Iframe encontrado.
Ejecutando payWithCard, intento 1
Ejecutando payWithCard, intento 2
Ejecutando payWithCard, intento 3
Successfully saved booking code M92XF to Excel

</system-out>
<system-err>
Confirmation page validation failed: Flight Summary section not found on confirmation page
Intento 1 fallido en payWithCard: Error [ValidationError]: Flight Summary section not found on confirmation page
    at validationConfirmPage [90m(C:\playwright-project\[39msrc\page-objects\confirmation.ts:75:27[90m)[39m
[90m    at runNextTicks (node:internal/process/task_queues:65:5)[39m
[90m    at processImmediate (node:internal/timers:459:9)[39m
[90m    at process.callbackTrampoline (node:internal/async_hooks:130:17)[39m
    at validationConfirmationPage [90m(C:\playwright-project\[39msrc\tests\2TipsNoExtraNoSeat.spec.ts:90:3[90m)[39m
    at runWithRetries [90m(C:\playwright-project\[39msrc\tests\2TipsNoExtraNoSeat.spec.ts:121:7[90m)[39m
    at executeTests [90m(C:\playwright-project\[39msrc\tests\2TipsNoExtraNoSeat.spec.ts:221:29[90m)[39m
    at [90mC:\playwright-project\[39msrc\tests\2TipsNoExtraNoSeat.spec.ts:1165:30
    at [90mC:\playwright-project\[39mnode_modules\[4mplaywright[24m\lib\worker\workerMain.js:339:9
    at [90mC:\playwright-project\[39mnode_modules\[4mplaywright[24m\lib\worker\testInfo.js:286:11
    at TimeoutManager.withRunnable [90m(C:\playwright-project\[39mnode_modules\[4mplaywright[24m\lib\worker\timeoutManager.js:64:14[90m)[39m
    at TestInfoImpl._runAsStage [90m(C:\playwright-project\[39mnode_modules\[4mplaywright[24m\lib\worker\testInfo.js:284:7[90m)[39m
    at [90mC:\playwright-project\[39mnode_modules\[4mplaywright[24m\lib\worker\workerMain.js:331:7
    at [90mC:\playwright-project\[39mnode_modules\[4mplaywright[24m\lib\worker\testInfo.js:286:11
    at TimeoutManager.withRunnable [90m(C:\playwright-project\[39mnode_modules\[4mplaywright[24m\lib\worker\timeoutManager.js:52:27[90m)[39m
    at TestInfoImpl._runAsStage [90m(C:\playwright-project\[39mnode_modules\[4mplaywright[24m\lib\worker\testInfo.js:284:7[90m)[39m
    at WorkerMain._runTest [90m(C:\playwright-project\[39mnode_modules\[4mplaywright[24m\lib\worker\workerMain.js:281:5[90m)[39m
    at WorkerMain.runTestGroup [90m(C:\playwright-project\[39mnode_modules\[4mplaywright[24m\lib\worker\workerMain.js:205:11[90m)[39m
    at process.&lt;anonymous&gt; [90m(C:\playwright-project\[39mnode_modules\[4mplaywright[24m\lib\common\process.js:95:22[90m)[39m {
  fatal: [33mtrue[39m
}
Confirmation page validation failed: Not on confirmation page URL
Intento 2 fallido en payWithCard: Error [ValidationError]: Not on confirmation page URL
    at validationConfirmPage [90m(C:\playwright-project\[39msrc\page-objects\confirmation.ts:83:27[90m)[39m
    at validationConfirmationPage [90m(C:\playwright-project\[39msrc\tests\2TipsNoExtraNoSeat.spec.ts:90:3[90m)[39m
    at runWithRetries [90m(C:\playwright-project\[39msrc\tests\2TipsNoExtraNoSeat.spec.ts:121:7[90m)[39m
    at executeTests [90m(C:\playwright-project\[39msrc\tests\2TipsNoExtraNoSeat.spec.ts:221:29[90m)[39m
    at [90mC:\playwright-project\[39msrc\tests\2TipsNoExtraNoSeat.spec.ts:1165:30
    at [90mC:\playwright-project\[39mnode_modules\[4mplaywright[24m\lib\worker\workerMain.js:339:9
    at [90mC:\playwright-project\[39mnode_modules\[4mplaywright[24m\lib\worker\testInfo.js:286:11
    at TimeoutManager.withRunnable [90m(C:\playwright-project\[39mnode_modules\[4mplaywright[24m\lib\worker\timeoutManager.js:64:14[90m)[39m
    at TestInfoImpl._runAsStage [90m(C:\playwright-project\[39mnode_modules\[4mplaywright[24m\lib\worker\testInfo.js:284:7[90m)[39m
    at [90mC:\playwright-project\[39mnode_modules\[4mplaywright[24m\lib\worker\workerMain.js:331:7
    at [90mC:\playwright-project\[39mnode_modules\[4mplaywright[24m\lib\worker\testInfo.js:286:11
    at TimeoutManager.withRunnable [90m(C:\playwright-project\[39mnode_modules\[4mplaywright[24m\lib\worker\timeoutManager.js:52:27[90m)[39m
    at TestInfoImpl._runAsStage [90m(C:\playwright-project\[39mnode_modules\[4mplaywright[24m\lib\worker\testInfo.js:284:7[90m)[39m
    at WorkerMain._runTest [90m(C:\playwright-project\[39mnode_modules\[4mplaywright[24m\lib\worker\workerMain.js:281:5[90m)[39m
    at WorkerMain.runTestGroup [90m(C:\playwright-project\[39mnode_modules\[4mplaywright[24m\lib\worker\workerMain.js:205:11[90m)[39m
    at process.&lt;anonymous&gt; [90m(C:\playwright-project\[39mnode_modules\[4mplaywright[24m\lib\common\process.js:95:22[90m)[39m {
  fatal: [33mtrue[39m
}

</system-err>
</testcase>
<testcase name="23. Compra 1 adt Eco Extra - PremExtra - sin assitence › Ejecución completa con reintentos" classname="2TipsNoExtraNoSeat.spec.ts" time="37.417">
<system-out>
Ejecución completa, intento 1 de 5
Ejecutando Booking, intento 1
Fecha de salida seleccionada: { year: [32m'2025'[39m, month: [32m'6'[39m, index: [33m1[39m, value: [33m5[39m }
Fecha de regreso seleccionada: { year: [32m'2025'[39m, month: [32m'6'[39m, index: [33m2[39m, value: [33m7[39m }
Ajustando número de pasajeros
Successfully clicked the element: div.price-cabin:has-text("Economy")
Successfully clicked the element: div.price-cabin:has-text("Premium")
Ejecutando fillPassengerAdult 1, intento 1
Ejecutando fillContact, intento 1
Ejecutando payWithCard, intento 1
Iframe encontrado.
Ejecutando payWithCard, intento 1
Ejecutando payWithCard, intento 2
Ejecutando payWithCard, intento 3
Successfully saved booking code M92XP to Excel

</system-out>
<system-err>
Confirmation page validation failed: Flight Summary section not found on confirmation page
Intento 1 fallido en payWithCard: Error [ValidationError]: Flight Summary section not found on confirmation page
    at validationConfirmPage [90m(C:\playwright-project\[39msrc\page-objects\confirmation.ts:75:27[90m)[39m
[90m    at runNextTicks (node:internal/process/task_queues:65:5)[39m
[90m    at processImmediate (node:internal/timers:459:9)[39m
[90m    at process.callbackTrampoline (node:internal/async_hooks:130:17)[39m
    at validationConfirmationPage [90m(C:\playwright-project\[39msrc\tests\2TipsNoExtraNoSeat.spec.ts:90:3[90m)[39m
    at runWithRetries [90m(C:\playwright-project\[39msrc\tests\2TipsNoExtraNoSeat.spec.ts:121:7[90m)[39m
    at executeTests [90m(C:\playwright-project\[39msrc\tests\2TipsNoExtraNoSeat.spec.ts:221:29[90m)[39m
    at [90mC:\playwright-project\[39msrc\tests\2TipsNoExtraNoSeat.spec.ts:1208:30
    at [90mC:\playwright-project\[39mnode_modules\[4mplaywright[24m\lib\worker\workerMain.js:339:9
    at [90mC:\playwright-project\[39mnode_modules\[4mplaywright[24m\lib\worker\testInfo.js:286:11
    at TimeoutManager.withRunnable [90m(C:\playwright-project\[39mnode_modules\[4mplaywright[24m\lib\worker\timeoutManager.js:64:14[90m)[39m
    at TestInfoImpl._runAsStage [90m(C:\playwright-project\[39mnode_modules\[4mplaywright[24m\lib\worker\testInfo.js:284:7[90m)[39m
    at [90mC:\playwright-project\[39mnode_modules\[4mplaywright[24m\lib\worker\workerMain.js:331:7
    at [90mC:\playwright-project\[39mnode_modules\[4mplaywright[24m\lib\worker\testInfo.js:286:11
    at TimeoutManager.withRunnable [90m(C:\playwright-project\[39mnode_modules\[4mplaywright[24m\lib\worker\timeoutManager.js:52:27[90m)[39m
    at TestInfoImpl._runAsStage [90m(C:\playwright-project\[39mnode_modules\[4mplaywright[24m\lib\worker\testInfo.js:284:7[90m)[39m
    at WorkerMain._runTest [90m(C:\playwright-project\[39mnode_modules\[4mplaywright[24m\lib\worker\workerMain.js:281:5[90m)[39m
    at WorkerMain.runTestGroup [90m(C:\playwright-project\[39mnode_modules\[4mplaywright[24m\lib\worker\workerMain.js:205:11[90m)[39m
    at process.&lt;anonymous&gt; [90m(C:\playwright-project\[39mnode_modules\[4mplaywright[24m\lib\common\process.js:95:22[90m)[39m {
  fatal: [33mtrue[39m
}
Confirmation page validation failed: Not on confirmation page URL
Intento 2 fallido en payWithCard: Error [ValidationError]: Not on confirmation page URL
    at validationConfirmPage [90m(C:\playwright-project\[39msrc\page-objects\confirmation.ts:83:27[90m)[39m
    at validationConfirmationPage [90m(C:\playwright-project\[39msrc\tests\2TipsNoExtraNoSeat.spec.ts:90:3[90m)[39m
    at runWithRetries [90m(C:\playwright-project\[39msrc\tests\2TipsNoExtraNoSeat.spec.ts:121:7[90m)[39m
    at executeTests [90m(C:\playwright-project\[39msrc\tests\2TipsNoExtraNoSeat.spec.ts:221:29[90m)[39m
    at [90mC:\playwright-project\[39msrc\tests\2TipsNoExtraNoSeat.spec.ts:1208:30
    at [90mC:\playwright-project\[39mnode_modules\[4mplaywright[24m\lib\worker\workerMain.js:339:9
    at [90mC:\playwright-project\[39mnode_modules\[4mplaywright[24m\lib\worker\testInfo.js:286:11
    at TimeoutManager.withRunnable [90m(C:\playwright-project\[39mnode_modules\[4mplaywright[24m\lib\worker\timeoutManager.js:64:14[90m)[39m
    at TestInfoImpl._runAsStage [90m(C:\playwright-project\[39mnode_modules\[4mplaywright[24m\lib\worker\testInfo.js:284:7[90m)[39m
    at [90mC:\playwright-project\[39mnode_modules\[4mplaywright[24m\lib\worker\workerMain.js:331:7
    at [90mC:\playwright-project\[39mnode_modules\[4mplaywright[24m\lib\worker\testInfo.js:286:11
    at TimeoutManager.withRunnable [90m(C:\playwright-project\[39mnode_modules\[4mplaywright[24m\lib\worker\timeoutManager.js:52:27[90m)[39m
    at TestInfoImpl._runAsStage [90m(C:\playwright-project\[39mnode_modules\[4mplaywright[24m\lib\worker\testInfo.js:284:7[90m)[39m
    at WorkerMain._runTest [90m(C:\playwright-project\[39mnode_modules\[4mplaywright[24m\lib\worker\workerMain.js:281:5[90m)[39m
    at WorkerMain.runTestGroup [90m(C:\playwright-project\[39mnode_modules\[4mplaywright[24m\lib\worker\workerMain.js:205:11[90m)[39m
    at process.&lt;anonymous&gt; [90m(C:\playwright-project\[39mnode_modules\[4mplaywright[24m\lib\common\process.js:95:22[90m)[39m {
  fatal: [33mtrue[39m
}

</system-err>
</testcase>
<testcase name="24. Compra 1 adt PremLight - Eco Light - sin assitence › Ejecución completa con reintentos" classname="2TipsNoExtraNoSeat.spec.ts" time="37.392">
<system-out>
Ejecución completa, intento 1 de 5
Ejecutando Booking, intento 1
Fecha de salida seleccionada: { year: [32m'2025'[39m, month: [32m'6'[39m, index: [33m1[39m, value: [33m5[39m }
Fecha de regreso seleccionada: { year: [32m'2025'[39m, month: [32m'6'[39m, index: [33m2[39m, value: [33m7[39m }
Ajustando número de pasajeros
Successfully clicked the element: div.price-cabin:has-text("Premium")
Successfully clicked the element: div.price-cabin:has-text("Economy")
Ejecutando fillPassengerAdult 1, intento 1
Ejecutando fillContact, intento 1
Ejecutando payWithCard, intento 1
Iframe encontrado.
Ejecutando payWithCard, intento 1
Ejecutando payWithCard, intento 2
Ejecutando payWithCard, intento 3
Successfully saved booking code M92XR to Excel

</system-out>
<system-err>
Confirmation page validation failed: Flight Summary section not found on confirmation page
Intento 1 fallido en payWithCard: Error [ValidationError]: Flight Summary section not found on confirmation page
    at validationConfirmPage [90m(C:\playwright-project\[39msrc\page-objects\confirmation.ts:75:27[90m)[39m
[90m    at runNextTicks (node:internal/process/task_queues:65:5)[39m
[90m    at processImmediate (node:internal/timers:459:9)[39m
[90m    at process.callbackTrampoline (node:internal/async_hooks:130:17)[39m
    at validationConfirmationPage [90m(C:\playwright-project\[39msrc\tests\2TipsNoExtraNoSeat.spec.ts:90:3[90m)[39m
    at runWithRetries [90m(C:\playwright-project\[39msrc\tests\2TipsNoExtraNoSeat.spec.ts:121:7[90m)[39m
    at executeTests [90m(C:\playwright-project\[39msrc\tests\2TipsNoExtraNoSeat.spec.ts:221:29[90m)[39m
    at [90mC:\playwright-project\[39msrc\tests\2TipsNoExtraNoSeat.spec.ts:1250:30
    at [90mC:\playwright-project\[39mnode_modules\[4mplaywright[24m\lib\worker\workerMain.js:339:9
    at [90mC:\playwright-project\[39mnode_modules\[4mplaywright[24m\lib\worker\testInfo.js:286:11
    at TimeoutManager.withRunnable [90m(C:\playwright-project\[39mnode_modules\[4mplaywright[24m\lib\worker\timeoutManager.js:64:14[90m)[39m
    at TestInfoImpl._runAsStage [90m(C:\playwright-project\[39mnode_modules\[4mplaywright[24m\lib\worker\testInfo.js:284:7[90m)[39m
    at [90mC:\playwright-project\[39mnode_modules\[4mplaywright[24m\lib\worker\workerMain.js:331:7
    at [90mC:\playwright-project\[39mnode_modules\[4mplaywright[24m\lib\worker\testInfo.js:286:11
    at TimeoutManager.withRunnable [90m(C:\playwright-project\[39mnode_modules\[4mplaywright[24m\lib\worker\timeoutManager.js:52:27[90m)[39m
    at TestInfoImpl._runAsStage [90m(C:\playwright-project\[39mnode_modules\[4mplaywright[24m\lib\worker\testInfo.js:284:7[90m)[39m
    at WorkerMain._runTest [90m(C:\playwright-project\[39mnode_modules\[4mplaywright[24m\lib\worker\workerMain.js:281:5[90m)[39m
    at WorkerMain.runTestGroup [90m(C:\playwright-project\[39mnode_modules\[4mplaywright[24m\lib\worker\workerMain.js:205:11[90m)[39m
    at process.&lt;anonymous&gt; [90m(C:\playwright-project\[39mnode_modules\[4mplaywright[24m\lib\common\process.js:95:22[90m)[39m {
  fatal: [33mtrue[39m
}
Confirmation page validation failed: Flight Summary section not found on confirmation page
Intento 2 fallido en payWithCard: Error [ValidationError]: Flight Summary section not found on confirmation page
    at validationConfirmPage [90m(C:\playwright-project\[39msrc\page-objects\confirmation.ts:75:27[90m)[39m
    at validationConfirmationPage [90m(C:\playwright-project\[39msrc\tests\2TipsNoExtraNoSeat.spec.ts:90:3[90m)[39m
    at runWithRetries [90m(C:\playwright-project\[39msrc\tests\2TipsNoExtraNoSeat.spec.ts:121:7[90m)[39m
    at executeTests [90m(C:\playwright-project\[39msrc\tests\2TipsNoExtraNoSeat.spec.ts:221:29[90m)[39m
    at [90mC:\playwright-project\[39msrc\tests\2TipsNoExtraNoSeat.spec.ts:1250:30
    at [90mC:\playwright-project\[39mnode_modules\[4mplaywright[24m\lib\worker\workerMain.js:339:9
    at [90mC:\playwright-project\[39mnode_modules\[4mplaywright[24m\lib\worker\testInfo.js:286:11
    at TimeoutManager.withRunnable [90m(C:\playwright-project\[39mnode_modules\[4mplaywright[24m\lib\worker\timeoutManager.js:64:14[90m)[39m
    at TestInfoImpl._runAsStage [90m(C:\playwright-project\[39mnode_modules\[4mplaywright[24m\lib\worker\testInfo.js:284:7[90m)[39m
    at [90mC:\playwright-project\[39mnode_modules\[4mplaywright[24m\lib\worker\workerMain.js:331:7
    at [90mC:\playwright-project\[39mnode_modules\[4mplaywright[24m\lib\worker\testInfo.js:286:11
    at TimeoutManager.withRunnable [90m(C:\playwright-project\[39mnode_modules\[4mplaywright[24m\lib\worker\timeoutManager.js:52:27[90m)[39m
    at TestInfoImpl._runAsStage [90m(C:\playwright-project\[39mnode_modules\[4mplaywright[24m\lib\worker\testInfo.js:284:7[90m)[39m
    at WorkerMain._runTest [90m(C:\playwright-project\[39mnode_modules\[4mplaywright[24m\lib\worker\workerMain.js:281:5[90m)[39m
    at WorkerMain.runTestGroup [90m(C:\playwright-project\[39mnode_modules\[4mplaywright[24m\lib\worker\workerMain.js:205:11[90m)[39m
    at process.&lt;anonymous&gt; [90m(C:\playwright-project\[39mnode_modules\[4mplaywright[24m\lib\common\process.js:95:22[90m)[39m {
  fatal: [33mtrue[39m
}

</system-err>
</testcase>
<testcase name="25. Compra 1 adt PremLight - Eco Comfort - sin assitence › Ejecución completa con reintentos" classname="2TipsNoExtraNoSeat.spec.ts" time="360.21">
<failure message="2TipsNoExtraNoSeat.spec.ts:1283:7 Ejecución completa con reintentos" type="FAILURE">
  [chromium] › 2TipsNoExtraNoSeat.spec.ts:1283:7 › 25. Compra 1 adt PremLight - Eco Comfort - sin assitence › Ejecución completa con reintentos 

    Test timeout of 360000ms exceeded.

    Error: browserContext.close: Test ended.
    Browser logs:

    &lt;launching&gt; C:\Users\SofiaMartínezLópez\AppData\Local\ms-playwright\chromium_headless_shell-1148\chrome-win\headless_shell.exe --disable-field-trial-config --disable-background-networking --disable-background-timer-throttling --disable-backgrounding-occluded-windows --disable-back-forward-cache --disable-breakpad --disable-client-side-phishing-detection --disable-component-extensions-with-background-pages --disable-component-update --no-default-browser-check --disable-default-apps --disable-dev-shm-usage --disable-extensions --disable-features=ImprovedCookieControls,LazyFrameLoading,GlobalMediaControls,DestroyProfileOnBrowserClose,MediaRouter,DialMediaRouteProvider,AcceptCHFrame,AutoExpandDetailsElement,CertificateTransparencyComponentUpdater,AvoidUnnecessaryBeforeUnloadCheckSync,Translate,HttpsUpgrades,PaintHolding,ThirdPartyStoragePartitioning,LensOverlay,PlzDedicatedWorker --allow-pre-commit-input --disable-hang-monitor --disable-ipc-flooding-protection --disable-popup-blocking --disable-prompt-on-repost --disable-renderer-backgrounding --force-color-profile=srgb --metrics-recording-only --no-first-run --enable-automation --password-store=basic --use-mock-keychain --no-service-autorun --export-tagged-pdf --disable-search-engine-choice-screen --unsafely-disable-devtools-self-xss-warnings --headless --hide-scrollbars --mute-audio --blink-settings=primaryHoverType=2,availableHoverTypes=2,primaryPointerType=4,availablePointerTypes=4 --no-sandbox --user-data-dir=C:\Users\SOFIAM~1\AppData\Local\Temp\playwright_chromiumdev_profile-JEAG3Y --remote-debugging-pipe --no-startup-window
    &lt;launched&gt; pid=14272
    [pid=14272][err] [0130/084251.854:ERROR:gles2_cmd_decoder_passthrough.cc(1053)] [GroupMarkerNotSet(crbug.com/242999)!:A040BD00940C0000]Automatic fallback to software WebGL has been deprecated. Please use the --enable-unsafe-swiftshader flag to opt in to lower security guarantees for trusted content.
    [pid=14272][err] [0130/084251.884:ERROR:gl_utils.cc(426)] [.WebGL-0x632402b4e900]GL Driver Message (OpenGL, Performance, GL_CLOSE_PATH_NV, High): GPU stall due to ReadPixels
    [pid=14272][err] [0130/084252.270:ERROR:gles2_cmd_decoder_passthrough.cc(1053)] [GroupMarkerNotSet(crbug.com/242999)!:A0A0BD00940C0000]Automatic fallback to software WebGL has been deprecated. Please use the --enable-unsafe-swiftshader flag to opt in to lower security guarantees for trusted content.
    [pid=14272][err] [0130/084252.313:ERROR:gles2_cmd_decoder_passthrough.cc(1053)] [GroupMarkerNotSet(crbug.com/242999)!:A0D0BD00940C0000]Automatic fallback to software WebGL has been deprecated. Please use the --enable-unsafe-swiftshader flag to opt in to lower security guarantees for trusted content.
    [pid=14272][err] [0130/084252.322:ERROR:gles2_cmd_decoder_passthrough.cc(1053)] [GroupMarkerNotSet(crbug.com/242999)!:A040C700940C0000]Automatic fallback to software WebGL has been deprecated. Please use the --enable-unsafe-swiftshader flag to opt in to lower security guarantees for trusted content.
    [pid=14272][err] [0130/084252.333:ERROR:gl_utils.cc(426)] [.WebGL-0x632406719500]GL Driver Message (OpenGL, Performance, GL_CLOSE_PATH_NV, High): GPU stall due to ReadPixels
    [pid=14272][err] [0130/084252.359:ERROR:gles2_cmd_decoder_passthrough.cc(1053)] [GroupMarkerNotSet(crbug.com/242999)!:A070C700940C0000]Automatic fallback to software WebGL has been deprecated. Please use the --enable-unsafe-swiftshader flag to opt in to lower security guarantees for trusted content.
    [pid=14272][err] [0130/084252.369:ERROR:gles2_cmd_decoder_passthrough.cc(1053)] [GroupMarkerNotSet(crbug.com/242999)!:A0A0C700940C0000]Automatic fallback to software WebGL has been deprecated. Please use the --enable-unsafe-swiftshader flag to opt in to lower security guarantees for trusted content.
    [pid=14272][err] [0130/084252.460:ERROR:web_contents_delegate.cc(283)] WebContentsDelegate::CheckMediaAccessPermission: Not supported.
    [pid=14272][err] [0130/084252.461:ERROR:web_contents_delegate.cc(283)] WebContentsDelegate::CheckMediaAccessPermission: Not supported.
    [pid=14272][err] [0130/084259.654:ERROR:ssl_client_socket_impl.cc(878)] handshake failed; returned -1, SSL error code 1, net_error -101
    [pid=14272] &lt;gracefully close start&gt;

      233 |   } finally {
      234 |     if (page) await page.close();
    &gt; 235 |     if (context) await context.close();
          |                  ^
      236 |   }
      237 |
      238 |   return shouldContinueTests; // Return the status of the test execution
        at executeTests (C:\playwright-project\src\tests\2TipsNoExtraNoSeat.spec.ts:235:18)
        at C:\playwright-project\src\tests\2TipsNoExtraNoSeat.spec.ts:1292:30

    attachment #1: screenshot (image/png) ──────────────────────────────────────────────────────────
    test-results\2TipsNoExtraNoSeat-25-Comp-05fc7-ión-completa-con-reintentos-chromium\test-failed-1.png
    ────────────────────────────────────────────────────────────────────────────────────────────────

</failure>
<system-out>
Ejecución completa, intento 1 de 5
Ejecutando Booking, intento 1
Fecha de salida seleccionada: { year: [32m'2025'[39m, month: [32m'6'[39m, index: [33m2[39m, value: [33m7[39m }
Fecha de regreso seleccionada: { year: [32m'2025'[39m, month: [32m'6'[39m, index: [33m3[39m, value: [33m10[39m }
Ajustando número de pasajeros
Successfully clicked the element: div.price-cabin:has-text("Premium")
Successfully clicked the element: div.price-cabin:has-text("Economy")
Ejecutando fillPassengerAdult 1, intento 1
Ejecutando fillContact, intento 1
Ejecutando fillContact, intento 2
Ejecutando fillContact, intento 3

</system-out>
<system-err>
Error while filling passenger data: locator.click: Test ended.
Call log:
[2m  - waiting for locator('#Adult-0')[22m
[2m    - waiting for" https://lv-fndoor-ecommerce-sbx-ghdubdbgdtcsane6.a01.azurefd.net/nwe/passenger?forcedCulture=en" navigation to finish...[22m
[2m    - navigated to "https://lv-fndoor-ecommerce-sbx-ghdubdbgdtcsane6.a01.azurefd.net/nwe/passenger/?forcedCulture=en"[22m

    at fillPassengerFor [90m(C:\playwright-project\[39msrc\page-objects\PassengerPage.ts:7:43[90m)[39m
    at fillPassengerInformation [90m(C:\playwright-project\[39msrc\tests\2TipsNoExtraNoSeat.spec.ts:75:27[90m)[39m
    at fn [90m(C:\playwright-project\[39msrc\tests\2TipsNoExtraNoSeat.spec.ts:156:15[90m)[39m
    at runWithRetries [90m(C:\playwright-project\[39msrc\tests\2TipsNoExtraNoSeat.spec.ts:121:13[90m)[39m
    at executeTests [90m(C:\playwright-project\[39msrc\tests\2TipsNoExtraNoSeat.spec.ts:155:35[90m)[39m
    at [90mC:\playwright-project\[39msrc\tests\2TipsNoExtraNoSeat.spec.ts:1292:30
Intento 1 fallido en fillContact: locator.click: Target page, context or browser has been closed
    at fn [90m(C:\playwright-project\[39msrc\tests\2TipsNoExtraNoSeat.spec.ts:192:42[90m)[39m
    at runWithRetries [90m(C:\playwright-project\[39msrc\tests\2TipsNoExtraNoSeat.spec.ts:121:13[90m)[39m
    at executeTests [90m(C:\playwright-project\[39msrc\tests\2TipsNoExtraNoSeat.spec.ts:190:35[90m)[39m
    at [90mC:\playwright-project\[39msrc\tests\2TipsNoExtraNoSeat.spec.ts:1292:30
Intento 2 fallido en fillContact: locator.click: Target page, context or browser has been closed
    at fn [90m(C:\playwright-project\[39msrc\tests\2TipsNoExtraNoSeat.spec.ts:192:42[90m)[39m
    at runWithRetries [90m(C:\playwright-project\[39msrc\tests\2TipsNoExtraNoSeat.spec.ts:121:13[90m)[39m
    at executeTests [90m(C:\playwright-project\[39msrc\tests\2TipsNoExtraNoSeat.spec.ts:190:29[90m)[39m
    at [90mC:\playwright-project\[39msrc\tests\2TipsNoExtraNoSeat.spec.ts:1292:30
Intento 3 fallido en fillContact: locator.click: Target page, context or browser has been closed
    at fn [90m(C:\playwright-project\[39msrc\tests\2TipsNoExtraNoSeat.spec.ts:192:42[90m)[39m
    at runWithRetries [90m(C:\playwright-project\[39msrc\tests\2TipsNoExtraNoSeat.spec.ts:121:13[90m)[39m
    at executeTests [90m(C:\playwright-project\[39msrc\tests\2TipsNoExtraNoSeat.spec.ts:190:29[90m)[39m
    at [90mC:\playwright-project\[39msrc\tests\2TipsNoExtraNoSeat.spec.ts:1292:30
Error crítico durante la ejecución: page.screenshot: Target page, context or browser has been closed
    at runWithRetries [90m(C:\playwright-project\[39msrc\tests\2TipsNoExtraNoSeat.spec.ts:126:20[90m)[39m
    at executeTests [90m(C:\playwright-project\[39msrc\tests\2TipsNoExtraNoSeat.spec.ts:190:29[90m)[39m
    at [90mC:\playwright-project\[39msrc\tests\2TipsNoExtraNoSeat.spec.ts:1292:30

Warning: attachment 2TipsNoExtraNoSeat-25-Comp-05fc7-ión-completa-con-reintentos-chromium\test-failed-1.png is missing
</system-err>
</testcase>
<testcase name="26. Compra 1 adt PremLight - Eco Extra - sin assitence › Ejecución completa con reintentos" classname="2TipsNoExtraNoSeat.spec.ts" time="35.213">
<system-out>
Ejecución completa, intento 1 de 5
Ejecutando Booking, intento 1
Fecha de salida seleccionada: { year: [32m'2025'[39m, month: [32m'6'[39m, index: [33m7[39m, value: [33m19[39m }
Fecha de regreso seleccionada: { year: [32m'2025'[39m, month: [32m'6'[39m, index: [33m8[39m, value: [33m21[39m }
Ajustando número de pasajeros
Successfully clicked the element: div.price-cabin:has-text("Premium")
Successfully clicked the element: div.price-cabin:has-text("Economy")
Ejecutando fillPassengerAdult 1, intento 1
Ejecutando fillContact, intento 1
Ejecutando payWithCard, intento 1
Iframe encontrado.
Ejecutando payWithCard, intento 1
Ejecutando payWithCard, intento 2
Ejecutando payWithCard, intento 3
Successfully saved booking code M92XV to Excel

</system-out>
<system-err>
Confirmation page validation failed: Flight Summary section not found on confirmation page
Intento 1 fallido en payWithCard: Error [ValidationError]: Flight Summary section not found on confirmation page
    at validationConfirmPage [90m(C:\playwright-project\[39msrc\page-objects\confirmation.ts:75:27[90m)[39m
[90m    at runNextTicks (node:internal/process/task_queues:65:5)[39m
[90m    at processImmediate (node:internal/timers:459:9)[39m
[90m    at process.callbackTrampoline (node:internal/async_hooks:130:17)[39m
    at validationConfirmationPage [90m(C:\playwright-project\[39msrc\tests\2TipsNoExtraNoSeat.spec.ts:90:3[90m)[39m
    at runWithRetries [90m(C:\playwright-project\[39msrc\tests\2TipsNoExtraNoSeat.spec.ts:121:7[90m)[39m
    at executeTests [90m(C:\playwright-project\[39msrc\tests\2TipsNoExtraNoSeat.spec.ts:221:29[90m)[39m
    at [90mC:\playwright-project\[39msrc\tests\2TipsNoExtraNoSeat.spec.ts:1335:30
    at [90mC:\playwright-project\[39mnode_modules\[4mplaywright[24m\lib\worker\workerMain.js:339:9
    at [90mC:\playwright-project\[39mnode_modules\[4mplaywright[24m\lib\worker\testInfo.js:286:11
    at TimeoutManager.withRunnable [90m(C:\playwright-project\[39mnode_modules\[4mplaywright[24m\lib\worker\timeoutManager.js:64:14[90m)[39m
    at TestInfoImpl._runAsStage [90m(C:\playwright-project\[39mnode_modules\[4mplaywright[24m\lib\worker\testInfo.js:284:7[90m)[39m
    at [90mC:\playwright-project\[39mnode_modules\[4mplaywright[24m\lib\worker\workerMain.js:331:7
    at [90mC:\playwright-project\[39mnode_modules\[4mplaywright[24m\lib\worker\testInfo.js:286:11
    at TimeoutManager.withRunnable [90m(C:\playwright-project\[39mnode_modules\[4mplaywright[24m\lib\worker\timeoutManager.js:52:27[90m)[39m
    at TestInfoImpl._runAsStage [90m(C:\playwright-project\[39mnode_modules\[4mplaywright[24m\lib\worker\testInfo.js:284:7[90m)[39m
    at WorkerMain._runTest [90m(C:\playwright-project\[39mnode_modules\[4mplaywright[24m\lib\worker\workerMain.js:281:5[90m)[39m
    at WorkerMain.runTestGroup [90m(C:\playwright-project\[39mnode_modules\[4mplaywright[24m\lib\worker\workerMain.js:205:11[90m)[39m
    at process.&lt;anonymous&gt; [90m(C:\playwright-project\[39mnode_modules\[4mplaywright[24m\lib\common\process.js:95:22[90m)[39m {
  fatal: [33mtrue[39m
}
Confirmation page validation failed: Not on confirmation page URL
Intento 2 fallido en payWithCard: Error [ValidationError]: Not on confirmation page URL
    at validationConfirmPage [90m(C:\playwright-project\[39msrc\page-objects\confirmation.ts:83:27[90m)[39m
    at validationConfirmationPage [90m(C:\playwright-project\[39msrc\tests\2TipsNoExtraNoSeat.spec.ts:90:3[90m)[39m
    at runWithRetries [90m(C:\playwright-project\[39msrc\tests\2TipsNoExtraNoSeat.spec.ts:121:7[90m)[39m
    at executeTests [90m(C:\playwright-project\[39msrc\tests\2TipsNoExtraNoSeat.spec.ts:221:29[90m)[39m
    at [90mC:\playwright-project\[39msrc\tests\2TipsNoExtraNoSeat.spec.ts:1335:30
    at [90mC:\playwright-project\[39mnode_modules\[4mplaywright[24m\lib\worker\workerMain.js:339:9
    at [90mC:\playwright-project\[39mnode_modules\[4mplaywright[24m\lib\worker\testInfo.js:286:11
    at TimeoutManager.withRunnable [90m(C:\playwright-project\[39mnode_modules\[4mplaywright[24m\lib\worker\timeoutManager.js:64:14[90m)[39m
    at TestInfoImpl._runAsStage [90m(C:\playwright-project\[39mnode_modules\[4mplaywright[24m\lib\worker\testInfo.js:284:7[90m)[39m
    at [90mC:\playwright-project\[39mnode_modules\[4mplaywright[24m\lib\worker\workerMain.js:331:7
    at [90mC:\playwright-project\[39mnode_modules\[4mplaywright[24m\lib\worker\testInfo.js:286:11
    at TimeoutManager.withRunnable [90m(C:\playwright-project\[39mnode_modules\[4mplaywright[24m\lib\worker\timeoutManager.js:52:27[90m)[39m
    at TestInfoImpl._runAsStage [90m(C:\playwright-project\[39mnode_modules\[4mplaywright[24m\lib\worker\testInfo.js:284:7[90m)[39m
    at WorkerMain._runTest [90m(C:\playwright-project\[39mnode_modules\[4mplaywright[24m\lib\worker\workerMain.js:281:5[90m)[39m
    at WorkerMain.runTestGroup [90m(C:\playwright-project\[39mnode_modules\[4mplaywright[24m\lib\worker\workerMain.js:205:11[90m)[39m
    at process.&lt;anonymous&gt; [90m(C:\playwright-project\[39mnode_modules\[4mplaywright[24m\lib\common\process.js:95:22[90m)[39m {
  fatal: [33mtrue[39m
}

</system-err>
</testcase>
<testcase name="27. Compra 1 adt PremLight - PremLight - sin assitence › Ejecución completa con reintentos" classname="2TipsNoExtraNoSeat.spec.ts" time="43.176">
<system-out>
Ejecución completa, intento 1 de 5
Ejecutando Booking, intento 1
Fecha de salida seleccionada: { year: [32m'2025'[39m, month: [32m'6'[39m, index: [33m2[39m, value: [33m7[39m }
Fecha de regreso seleccionada: { year: [32m'2025'[39m, month: [32m'6'[39m, index: [33m3[39m, value: [33m10[39m }
Ajustando número de pasajeros
Successfully clicked the element: div.price-cabin:has-text("Premium")
Successfully clicked the element: div.price-cabin:has-text("Premium")
Ejecutando fillPassengerAdult 1, intento 1
Ejecutando fillContact, intento 1
Ejecutando payWithCard, intento 1
Iframe encontrado.
Ejecutando payWithCard, intento 1
Ejecutando payWithCard, intento 2
Ejecutando payWithCard, intento 3
Successfully saved booking code M92XX to Excel

</system-out>
<system-err>
Confirmation page validation failed: Flight Summary section not found on confirmation page
Intento 1 fallido en payWithCard: Error [ValidationError]: Flight Summary section not found on confirmation page
    at validationConfirmPage [90m(C:\playwright-project\[39msrc\page-objects\confirmation.ts:75:27[90m)[39m
[90m    at runNextTicks (node:internal/process/task_queues:65:5)[39m
[90m    at processImmediate (node:internal/timers:459:9)[39m
[90m    at process.callbackTrampoline (node:internal/async_hooks:130:17)[39m
    at validationConfirmationPage [90m(C:\playwright-project\[39msrc\tests\2TipsNoExtraNoSeat.spec.ts:90:3[90m)[39m
    at runWithRetries [90m(C:\playwright-project\[39msrc\tests\2TipsNoExtraNoSeat.spec.ts:121:7[90m)[39m
    at executeTests [90m(C:\playwright-project\[39msrc\tests\2TipsNoExtraNoSeat.spec.ts:221:29[90m)[39m
    at [90mC:\playwright-project\[39msrc\tests\2TipsNoExtraNoSeat.spec.ts:1378:30
    at [90mC:\playwright-project\[39mnode_modules\[4mplaywright[24m\lib\worker\workerMain.js:339:9
    at [90mC:\playwright-project\[39mnode_modules\[4mplaywright[24m\lib\worker\testInfo.js:286:11
    at TimeoutManager.withRunnable [90m(C:\playwright-project\[39mnode_modules\[4mplaywright[24m\lib\worker\timeoutManager.js:64:14[90m)[39m
    at TestInfoImpl._runAsStage [90m(C:\playwright-project\[39mnode_modules\[4mplaywright[24m\lib\worker\testInfo.js:284:7[90m)[39m
    at [90mC:\playwright-project\[39mnode_modules\[4mplaywright[24m\lib\worker\workerMain.js:331:7
    at [90mC:\playwright-project\[39mnode_modules\[4mplaywright[24m\lib\worker\testInfo.js:286:11
    at TimeoutManager.withRunnable [90m(C:\playwright-project\[39mnode_modules\[4mplaywright[24m\lib\worker\timeoutManager.js:52:27[90m)[39m
    at TestInfoImpl._runAsStage [90m(C:\playwright-project\[39mnode_modules\[4mplaywright[24m\lib\worker\testInfo.js:284:7[90m)[39m
    at WorkerMain._runTest [90m(C:\playwright-project\[39mnode_modules\[4mplaywright[24m\lib\worker\workerMain.js:281:5[90m)[39m
    at WorkerMain.runTestGroup [90m(C:\playwright-project\[39mnode_modules\[4mplaywright[24m\lib\worker\workerMain.js:205:11[90m)[39m
    at process.&lt;anonymous&gt; [90m(C:\playwright-project\[39mnode_modules\[4mplaywright[24m\lib\common\process.js:95:22[90m)[39m {
  fatal: [33mtrue[39m
}
Confirmation page validation failed: Not on confirmation page URL
Intento 2 fallido en payWithCard: Error [ValidationError]: Not on confirmation page URL
    at validationConfirmPage [90m(C:\playwright-project\[39msrc\page-objects\confirmation.ts:83:27[90m)[39m
    at validationConfirmationPage [90m(C:\playwright-project\[39msrc\tests\2TipsNoExtraNoSeat.spec.ts:90:3[90m)[39m
    at runWithRetries [90m(C:\playwright-project\[39msrc\tests\2TipsNoExtraNoSeat.spec.ts:121:7[90m)[39m
    at executeTests [90m(C:\playwright-project\[39msrc\tests\2TipsNoExtraNoSeat.spec.ts:221:29[90m)[39m
    at [90mC:\playwright-project\[39msrc\tests\2TipsNoExtraNoSeat.spec.ts:1378:30
    at [90mC:\playwright-project\[39mnode_modules\[4mplaywright[24m\lib\worker\workerMain.js:339:9
    at [90mC:\playwright-project\[39mnode_modules\[4mplaywright[24m\lib\worker\testInfo.js:286:11
    at TimeoutManager.withRunnable [90m(C:\playwright-project\[39mnode_modules\[4mplaywright[24m\lib\worker\timeoutManager.js:64:14[90m)[39m
    at TestInfoImpl._runAsStage [90m(C:\playwright-project\[39mnode_modules\[4mplaywright[24m\lib\worker\testInfo.js:284:7[90m)[39m
    at [90mC:\playwright-project\[39mnode_modules\[4mplaywright[24m\lib\worker\workerMain.js:331:7
    at [90mC:\playwright-project\[39mnode_modules\[4mplaywright[24m\lib\worker\testInfo.js:286:11
    at TimeoutManager.withRunnable [90m(C:\playwright-project\[39mnode_modules\[4mplaywright[24m\lib\worker\timeoutManager.js:52:27[90m)[39m
    at TestInfoImpl._runAsStage [90m(C:\playwright-project\[39mnode_modules\[4mplaywright[24m\lib\worker\testInfo.js:284:7[90m)[39m
    at WorkerMain._runTest [90m(C:\playwright-project\[39mnode_modules\[4mplaywright[24m\lib\worker\workerMain.js:281:5[90m)[39m
    at WorkerMain.runTestGroup [90m(C:\playwright-project\[39mnode_modules\[4mplaywright[24m\lib\worker\workerMain.js:205:11[90m)[39m
    at process.&lt;anonymous&gt; [90m(C:\playwright-project\[39mnode_modules\[4mplaywright[24m\lib\common\process.js:95:22[90m)[39m {
  fatal: [33mtrue[39m
}

</system-err>
</testcase>
<testcase name="28. Compra 1 adt PremLight - PremComfort - sin assitence › Ejecución completa con reintentos" classname="2TipsNoExtraNoSeat.spec.ts" time="52.604">
<system-out>
Ejecución completa, intento 1 de 5
Ejecutando Booking, intento 1
Ejecutando Booking, intento 2
Fecha de salida seleccionada: { year: [32m'2025'[39m, month: [32m'6'[39m, index: [33m0[39m, value: [33m3[39m }
Fecha de regreso seleccionada: { year: [32m'2025'[39m, month: [32m'6'[39m, index: [33m1[39m, value: [33m5[39m }
Ajustando número de pasajeros
Successfully clicked the element: div.price-cabin:has-text("Premium")
Successfully clicked the element: div.price-cabin:has-text("Premium")
Ejecutando fillPassengerAdult 1, intento 1
Ejecutando fillContact, intento 1
Ejecutando payWithCard, intento 1
Iframe encontrado.
Ejecutando payWithCard, intento 1
Ejecutando payWithCard, intento 2
Ejecutando payWithCard, intento 3
Successfully saved booking code M92Y0 to Excel

</system-out>
<system-err>
Error al gestionar el flujo de ida y vuelta: locator.click: Error: strict mode violation: getByLabel('Choose Tuesday, July 1st,') resolved to 2 elements:
    1) &lt;div title="" tabindex="-1" role="option" aria-disabled="false" aria-selected="false" aria-label="Choose Tuesday, July 1st, 2025" class="react-datepicker__day react-datepicker__day react-datepicker__day--001 react-datepicker__day--outside-month"&gt;&lt;/div&gt; aka getByLabel('Month June,').getByLabel('Choose Tuesday, July 1st,')
    2) &lt;div title="" tabindex="-1" role="option" aria-disabled="false" aria-selected="false" aria-label="Choose Tuesday, July 1st, 2025" class="react-datepicker__day react-datepicker__day react-datepicker__day--001"&gt;…&lt;/div&gt; aka getByLabel('Month July,').getByLabel('Choose Tuesday, July 1st,')

Call log:
[2m  - waiting for getByLabel('Choose Tuesday, July 1st,')[22m

Intento 1 fallido en Booking: locator.click: Error: strict mode violation: getByLabel('Choose Tuesday, July 1st,') resolved to 2 elements:
    1) &lt;div title="" tabindex="-1" role="option" aria-disabled="false" aria-selected="false" aria-label="Choose Tuesday, July 1st, 2025" class="react-datepicker__day react-datepicker__day react-datepicker__day--001 react-datepicker__day--outside-month"&gt;&lt;/div&gt; aka getByLabel('Month June,').getByLabel('Choose Tuesday, July 1st,')
    2) &lt;div title="" tabindex="-1" role="option" aria-disabled="false" aria-selected="false" aria-label="Choose Tuesday, July 1st, 2025" class="react-datepicker__day react-datepicker__day react-datepicker__day--001"&gt;…&lt;/div&gt; aka getByLabel('Month July,').getByLabel('Choose Tuesday, July 1st,')

Call log:
[2m  - waiting for getByLabel('Choose Tuesday, July 1st,')[22m

    at selectRoundTripDates [90m(C:\playwright-project\[39msrc\page-objects\searchPage.ts:127:57[90m)[39m
    at chooseDate [90m(C:\playwright-project\[39msrc\tests\2TipsNoExtraNoSeat.spec.ts:56:3[90m)[39m
    at global [90m(C:\playwright-project\[39msrc\tests\2TipsNoExtraNoSeat.spec.ts:108:3[90m)[39m
    at runWithRetries [90m(C:\playwright-project\[39msrc\tests\2TipsNoExtraNoSeat.spec.ts:121:7[90m)[39m
    at executeTests [90m(C:\playwright-project\[39msrc\tests\2TipsNoExtraNoSeat.spec.ts:143:27[90m)[39m
    at [90mC:\playwright-project\[39msrc\tests\2TipsNoExtraNoSeat.spec.ts:1421:30 {
  [[32mSymbol(step)[39m]: {
    stepId: [32m'pw:api@38'[39m,
    location: {
      file: [32m'C:\\playwright-project\\src\\page-objects\\searchPage.ts'[39m,
      line: [33m127[39m,
      column: [33m57[39m,
      function: [32m'selectRoundTripDates'[39m
    },
    category: [32m'pw:api'[39m,
    title: [32m"locator.getByLabel('Choose Tuesday, July 1st,').click"[39m,
    apiName: [32m'locator.click'[39m,
    params: {
      selector: [32m'internal:label="Choose Tuesday, July 1st,"i'[39m,
      strict: [33mtrue[39m
    },
    boxedStack: [90mundefined[39m,
    steps: [],
    complete: [36m[Function: complete][39m,
    endWallTime: [33m1738223006403[39m,
    error: {
      message: [32m"Error: locator.click: Error: strict mode violation: getByLabel('Choose Tuesday, July 1st,') resolved to 2 elements:\n"[39m +
        [32m`    1) &lt;div title="" tabindex="-1" role="option" aria-disabled="false" aria-selected="false" aria-label="Choose Tuesday, July 1st, 2025" class="react-datepicker__day react-datepicker__day react-datepicker__day--001 react-datepicker__day--outside-month"&gt;&lt;/div&gt; aka getByLabel('Month June,').getByLabel('Choose Tuesday, July 1st,')\n`[39m +
        [32m`    2) &lt;div title="" tabindex="-1" role="option" aria-disabled="false" aria-selected="false" aria-label="Choose Tuesday, July 1st, 2025" class="react-datepicker__day react-datepicker__day react-datepicker__day--001"&gt;…&lt;/div&gt; aka getByLabel('Month July,').getByLabel('Choose Tuesday, July 1st,')\n`[39m +
        [32m'\n'[39m +
        [32m'Call log:\n'[39m +
        [32m"\x1B[2m  - waiting for getByLabel('Choose Tuesday, July 1st,')\x1B[22m\n"[39m,
      stack: [32m"Error: locator.click: Error: strict mode violation: getByLabel('Choose Tuesday, July 1st,') resolved to 2 elements:\n"[39m +
        [32m`    1) &lt;div title="" tabindex="-1" role="option" aria-disabled="false" aria-selected="false" aria-label="Choose Tuesday, July 1st, 2025" class="react-datepicker__day react-datepicker__day react-datepicker__day--001 react-datepicker__day--outside-month"&gt;&lt;/div&gt; aka getByLabel('Month June,').getByLabel('Choose Tuesday, July 1st,')\n`[39m +
        [32m`    2) &lt;div title="" tabindex="-1" role="option" aria-disabled="false" aria-selected="false" aria-label="Choose Tuesday, July 1st, 2025" class="react-datepicker__day react-datepicker__day react-datepicker__day--001"&gt;…&lt;/div&gt; aka getByLabel('Month July,').getByLabel('Choose Tuesday, July 1st,')\n`[39m +
        [32m'\n'[39m +
        [32m'Call log:\n'[39m +
        [32m"\x1B[2m  - waiting for getByLabel('Choose Tuesday, July 1st,')\x1B[22m\n"[39m +
        [32m'\n'[39m +
        [32m'    at selectRoundTripDates (C:\\playwright-project\\src\\page-objects\\searchPage.ts:127:57)\n'[39m +
        [32m'    at chooseDate (C:\\playwright-project\\src\\tests\\2TipsNoExtraNoSeat.spec.ts:56:3)\n'[39m +
        [32m'    at global (C:\\playwright-project\\src\\tests\\2TipsNoExtraNoSeat.spec.ts:108:3)\n'[39m +
        [32m'    at runWithRetries (C:\\playwright-project\\src\\tests\\2TipsNoExtraNoSeat.spec.ts:121:7)\n'[39m +
        [32m'    at executeTests (C:\\playwright-project\\src\\tests\\2TipsNoExtraNoSeat.spec.ts:143:27)\n'[39m +
        [32m'    at C:\\playwright-project\\src\\tests\\2TipsNoExtraNoSeat.spec.ts:1421:30'[39m,
      cause: [90mundefined[39m
    }
  }
}
Confirmation page validation failed: Flight Summary section not found on confirmation page
Intento 1 fallido en payWithCard: Error [ValidationError]: Flight Summary section not found on confirmation page
    at validationConfirmPage [90m(C:\playwright-project\[39msrc\page-objects\confirmation.ts:75:27[90m)[39m
[90m    at runNextTicks (node:internal/process/task_queues:65:5)[39m
[90m    at processImmediate (node:internal/timers:459:9)[39m
[90m    at process.callbackTrampoline (node:internal/async_hooks:130:17)[39m
    at validationConfirmationPage [90m(C:\playwright-project\[39msrc\tests\2TipsNoExtraNoSeat.spec.ts:90:3[90m)[39m
    at runWithRetries [90m(C:\playwright-project\[39msrc\tests\2TipsNoExtraNoSeat.spec.ts:121:7[90m)[39m
    at executeTests [90m(C:\playwright-project\[39msrc\tests\2TipsNoExtraNoSeat.spec.ts:221:29[90m)[39m
    at [90mC:\playwright-project\[39msrc\tests\2TipsNoExtraNoSeat.spec.ts:1421:30
    at [90mC:\playwright-project\[39mnode_modules\[4mplaywright[24m\lib\worker\workerMain.js:339:9
    at [90mC:\playwright-project\[39mnode_modules\[4mplaywright[24m\lib\worker\testInfo.js:286:11
    at TimeoutManager.withRunnable [90m(C:\playwright-project\[39mnode_modules\[4mplaywright[24m\lib\worker\timeoutManager.js:64:14[90m)[39m
    at TestInfoImpl._runAsStage [90m(C:\playwright-project\[39mnode_modules\[4mplaywright[24m\lib\worker\testInfo.js:284:7[90m)[39m
    at [90mC:\playwright-project\[39mnode_modules\[4mplaywright[24m\lib\worker\workerMain.js:331:7
    at [90mC:\playwright-project\[39mnode_modules\[4mplaywright[24m\lib\worker\testInfo.js:286:11
    at TimeoutManager.withRunnable [90m(C:\playwright-project\[39mnode_modules\[4mplaywright[24m\lib\worker\timeoutManager.js:52:27[90m)[39m
    at TestInfoImpl._runAsStage [90m(C:\playwright-project\[39mnode_modules\[4mplaywright[24m\lib\worker\testInfo.js:284:7[90m)[39m
    at WorkerMain._runTest [90m(C:\playwright-project\[39mnode_modules\[4mplaywright[24m\lib\worker\workerMain.js:281:5[90m)[39m
    at WorkerMain.runTestGroup [90m(C:\playwright-project\[39mnode_modules\[4mplaywright[24m\lib\worker\workerMain.js:205:11[90m)[39m
    at process.&lt;anonymous&gt; [90m(C:\playwright-project\[39mnode_modules\[4mplaywright[24m\lib\common\process.js:95:22[90m)[39m {
  fatal: [33mtrue[39m
}
Confirmation page validation failed: Not on confirmation page URL
Intento 2 fallido en payWithCard: Error [ValidationError]: Not on confirmation page URL
    at validationConfirmPage [90m(C:\playwright-project\[39msrc\page-objects\confirmation.ts:83:27[90m)[39m
    at validationConfirmationPage [90m(C:\playwright-project\[39msrc\tests\2TipsNoExtraNoSeat.spec.ts:90:3[90m)[39m
    at runWithRetries [90m(C:\playwright-project\[39msrc\tests\2TipsNoExtraNoSeat.spec.ts:121:7[90m)[39m
    at executeTests [90m(C:\playwright-project\[39msrc\tests\2TipsNoExtraNoSeat.spec.ts:221:29[90m)[39m
    at [90mC:\playwright-project\[39msrc\tests\2TipsNoExtraNoSeat.spec.ts:1421:30
    at [90mC:\playwright-project\[39mnode_modules\[4mplaywright[24m\lib\worker\workerMain.js:339:9
    at [90mC:\playwright-project\[39mnode_modules\[4mplaywright[24m\lib\worker\testInfo.js:286:11
    at TimeoutManager.withRunnable [90m(C:\playwright-project\[39mnode_modules\[4mplaywright[24m\lib\worker\timeoutManager.js:64:14[90m)[39m
    at TestInfoImpl._runAsStage [90m(C:\playwright-project\[39mnode_modules\[4mplaywright[24m\lib\worker\testInfo.js:284:7[90m)[39m
    at [90mC:\playwright-project\[39mnode_modules\[4mplaywright[24m\lib\worker\workerMain.js:331:7
    at [90mC:\playwright-project\[39mnode_modules\[4mplaywright[24m\lib\worker\testInfo.js:286:11
    at TimeoutManager.withRunnable [90m(C:\playwright-project\[39mnode_modules\[4mplaywright[24m\lib\worker\timeoutManager.js:52:27[90m)[39m
    at TestInfoImpl._runAsStage [90m(C:\playwright-project\[39mnode_modules\[4mplaywright[24m\lib\worker\testInfo.js:284:7[90m)[39m
    at WorkerMain._runTest [90m(C:\playwright-project\[39mnode_modules\[4mplaywright[24m\lib\worker\workerMain.js:281:5[90m)[39m
    at WorkerMain.runTestGroup [90m(C:\playwright-project\[39mnode_modules\[4mplaywright[24m\lib\worker\workerMain.js:205:11[90m)[39m
    at process.&lt;anonymous&gt; [90m(C:\playwright-project\[39mnode_modules\[4mplaywright[24m\lib\common\process.js:95:22[90m)[39m {
  fatal: [33mtrue[39m
}

</system-err>
</testcase>
<testcase name="29. Compra 1 adt PremLight - PremExtra - sin assitence › Ejecución completa con reintentos" classname="2TipsNoExtraNoSeat.spec.ts" time="41.634">
<system-out>
Ejecución completa, intento 1 de 5
Ejecutando Booking, intento 1
Fecha de salida seleccionada: { year: [32m'2025'[39m, month: [32m'6'[39m, index: [33m1[39m, value: [33m5[39m }
Fecha de regreso seleccionada: { year: [32m'2025'[39m, month: [32m'6'[39m, index: [33m2[39m, value: [33m7[39m }
Ajustando número de pasajeros
Successfully clicked the element: div.price-cabin:has-text("Premium")
Successfully clicked the element: div.price-cabin:has-text("Premium")
Ejecutando fillPassengerAdult 1, intento 1
Ejecutando fillContact, intento 1
Ejecutando payWithCard, intento 1
Iframe encontrado.
Ejecutando payWithCard, intento 1
Ejecutando payWithCard, intento 2
Ejecutando payWithCard, intento 3
Successfully saved booking code M92Y4 to Excel

</system-out>
<system-err>
Confirmation page validation failed: Flight Summary section not found on confirmation page
Intento 1 fallido en payWithCard: Error [ValidationError]: Flight Summary section not found on confirmation page
    at validationConfirmPage [90m(C:\playwright-project\[39msrc\page-objects\confirmation.ts:75:27[90m)[39m
[90m    at runNextTicks (node:internal/process/task_queues:65:5)[39m
[90m    at processImmediate (node:internal/timers:459:9)[39m
[90m    at process.callbackTrampoline (node:internal/async_hooks:130:17)[39m
    at validationConfirmationPage [90m(C:\playwright-project\[39msrc\tests\2TipsNoExtraNoSeat.spec.ts:90:3[90m)[39m
    at runWithRetries [90m(C:\playwright-project\[39msrc\tests\2TipsNoExtraNoSeat.spec.ts:121:7[90m)[39m
    at executeTests [90m(C:\playwright-project\[39msrc\tests\2TipsNoExtraNoSeat.spec.ts:221:29[90m)[39m
    at [90mC:\playwright-project\[39msrc\tests\2TipsNoExtraNoSeat.spec.ts:1464:30
    at [90mC:\playwright-project\[39mnode_modules\[4mplaywright[24m\lib\worker\workerMain.js:339:9
    at [90mC:\playwright-project\[39mnode_modules\[4mplaywright[24m\lib\worker\testInfo.js:286:11
    at TimeoutManager.withRunnable [90m(C:\playwright-project\[39mnode_modules\[4mplaywright[24m\lib\worker\timeoutManager.js:64:14[90m)[39m
    at TestInfoImpl._runAsStage [90m(C:\playwright-project\[39mnode_modules\[4mplaywright[24m\lib\worker\testInfo.js:284:7[90m)[39m
    at [90mC:\playwright-project\[39mnode_modules\[4mplaywright[24m\lib\worker\workerMain.js:331:7
    at [90mC:\playwright-project\[39mnode_modules\[4mplaywright[24m\lib\worker\testInfo.js:286:11
    at TimeoutManager.withRunnable [90m(C:\playwright-project\[39mnode_modules\[4mplaywright[24m\lib\worker\timeoutManager.js:52:27[90m)[39m
    at TestInfoImpl._runAsStage [90m(C:\playwright-project\[39mnode_modules\[4mplaywright[24m\lib\worker\testInfo.js:284:7[90m)[39m
    at WorkerMain._runTest [90m(C:\playwright-project\[39mnode_modules\[4mplaywright[24m\lib\worker\workerMain.js:281:5[90m)[39m
    at WorkerMain.runTestGroup [90m(C:\playwright-project\[39mnode_modules\[4mplaywright[24m\lib\worker\workerMain.js:205:11[90m)[39m
    at process.&lt;anonymous&gt; [90m(C:\playwright-project\[39mnode_modules\[4mplaywright[24m\lib\common\process.js:95:22[90m)[39m {
  fatal: [33mtrue[39m
}
Confirmation page validation failed: Not on confirmation page URL
Intento 2 fallido en payWithCard: Error [ValidationError]: Not on confirmation page URL
    at validationConfirmPage [90m(C:\playwright-project\[39msrc\page-objects\confirmation.ts:83:27[90m)[39m
    at validationConfirmationPage [90m(C:\playwright-project\[39msrc\tests\2TipsNoExtraNoSeat.spec.ts:90:3[90m)[39m
    at runWithRetries [90m(C:\playwright-project\[39msrc\tests\2TipsNoExtraNoSeat.spec.ts:121:7[90m)[39m
    at executeTests [90m(C:\playwright-project\[39msrc\tests\2TipsNoExtraNoSeat.spec.ts:221:29[90m)[39m
    at [90mC:\playwright-project\[39msrc\tests\2TipsNoExtraNoSeat.spec.ts:1464:30
    at [90mC:\playwright-project\[39mnode_modules\[4mplaywright[24m\lib\worker\workerMain.js:339:9
    at [90mC:\playwright-project\[39mnode_modules\[4mplaywright[24m\lib\worker\testInfo.js:286:11
    at TimeoutManager.withRunnable [90m(C:\playwright-project\[39mnode_modules\[4mplaywright[24m\lib\worker\timeoutManager.js:64:14[90m)[39m
    at TestInfoImpl._runAsStage [90m(C:\playwright-project\[39mnode_modules\[4mplaywright[24m\lib\worker\testInfo.js:284:7[90m)[39m
    at [90mC:\playwright-project\[39mnode_modules\[4mplaywright[24m\lib\worker\workerMain.js:331:7
    at [90mC:\playwright-project\[39mnode_modules\[4mplaywright[24m\lib\worker\testInfo.js:286:11
    at TimeoutManager.withRunnable [90m(C:\playwright-project\[39mnode_modules\[4mplaywright[24m\lib\worker\timeoutManager.js:52:27[90m)[39m
    at TestInfoImpl._runAsStage [90m(C:\playwright-project\[39mnode_modules\[4mplaywright[24m\lib\worker\testInfo.js:284:7[90m)[39m
    at WorkerMain._runTest [90m(C:\playwright-project\[39mnode_modules\[4mplaywright[24m\lib\worker\workerMain.js:281:5[90m)[39m
    at WorkerMain.runTestGroup [90m(C:\playwright-project\[39mnode_modules\[4mplaywright[24m\lib\worker\workerMain.js:205:11[90m)[39m
    at process.&lt;anonymous&gt; [90m(C:\playwright-project\[39mnode_modules\[4mplaywright[24m\lib\common\process.js:95:22[90m)[39m {
  fatal: [33mtrue[39m
}

</system-err>
</testcase>
<testcase name="30. Compra 1 adt PremComfort - Eco Light - sin assitence › Ejecución completa con reintentos" classname="2TipsNoExtraNoSeat.spec.ts" time="74.64">
<system-out>
Ejecución completa, intento 1 de 5
Ejecutando Booking, intento 1
Fecha de salida seleccionada: { year: [32m'2025'[39m, month: [32m'6'[39m, index: [33m0[39m, value: [33m3[39m }
Fecha de regreso seleccionada: { year: [32m'2025'[39m, month: [32m'6'[39m, index: [33m1[39m, value: [33m5[39m }
Ajustando número de pasajeros
Successfully clicked the element: div.price-cabin:has-text("Premium")
Successfully clicked the element: div.price-cabin:has-text("Economy")
Ejecutando fillPassengerAdult 1, intento 1
Ejecutando fillContact, intento 1
Ejecutando payWithCard, intento 1
Iframe encontrado.
Ejecutando payWithCard, intento 1
Ejecutando payWithCard, intento 2
Ejecutando payWithCard, intento 3
Ejecución completa, intento 2 de 5
Ejecutando Booking, intento 1
Fecha de salida seleccionada: { year: [32m'2025'[39m, month: [32m'6'[39m, index: [33m6[39m, value: [33m17[39m }
Fecha de regreso seleccionada: { year: [32m'2025'[39m, month: [32m'6'[39m, index: [33m7[39m, value: [33m19[39m }
Ajustando número de pasajeros
Successfully clicked the element: div.price-cabin:has-text("Premium")
Successfully clicked the element: div.price-cabin:has-text("Economy")
Ejecutando fillPassengerAdult 1, intento 1
Ejecutando fillContact, intento 1
Ejecutando payWithCard, intento 1
Iframe encontrado.
Ejecutando payWithCard, intento 1
Ejecutando payWithCard, intento 2
Ejecutando payWithCard, intento 3
Successfully saved booking code M92YH to Excel

</system-out>
<system-err>
Confirmation page validation failed: Flight Summary section not found on confirmation page
Intento 1 fallido en payWithCard: Error [ValidationError]: Flight Summary section not found on confirmation page
    at validationConfirmPage [90m(C:\playwright-project\[39msrc\page-objects\confirmation.ts:75:27[90m)[39m
    at validationConfirmationPage [90m(C:\playwright-project\[39msrc\tests\2TipsNoExtraNoSeat.spec.ts:90:3[90m)[39m
    at runWithRetries [90m(C:\playwright-project\[39msrc\tests\2TipsNoExtraNoSeat.spec.ts:121:7[90m)[39m
    at executeTests [90m(C:\playwright-project\[39msrc\tests\2TipsNoExtraNoSeat.spec.ts:221:29[90m)[39m
    at [90mC:\playwright-project\[39msrc\tests\2TipsNoExtraNoSeat.spec.ts:1507:30
    at [90mC:\playwright-project\[39mnode_modules\[4mplaywright[24m\lib\worker\workerMain.js:339:9
    at [90mC:\playwright-project\[39mnode_modules\[4mplaywright[24m\lib\worker\testInfo.js:286:11
    at TimeoutManager.withRunnable [90m(C:\playwright-project\[39mnode_modules\[4mplaywright[24m\lib\worker\timeoutManager.js:64:14[90m)[39m
    at TestInfoImpl._runAsStage [90m(C:\playwright-project\[39mnode_modules\[4mplaywright[24m\lib\worker\testInfo.js:284:7[90m)[39m
    at [90mC:\playwright-project\[39mnode_modules\[4mplaywright[24m\lib\worker\workerMain.js:331:7
    at [90mC:\playwright-project\[39mnode_modules\[4mplaywright[24m\lib\worker\testInfo.js:286:11
    at TimeoutManager.withRunnable [90m(C:\playwright-project\[39mnode_modules\[4mplaywright[24m\lib\worker\timeoutManager.js:52:27[90m)[39m
    at TestInfoImpl._runAsStage [90m(C:\playwright-project\[39mnode_modules\[4mplaywright[24m\lib\worker\testInfo.js:284:7[90m)[39m
    at WorkerMain._runTest [90m(C:\playwright-project\[39mnode_modules\[4mplaywright[24m\lib\worker\workerMain.js:281:5[90m)[39m
    at WorkerMain.runTestGroup [90m(C:\playwright-project\[39mnode_modules\[4mplaywright[24m\lib\worker\workerMain.js:205:11[90m)[39m
    at process.&lt;anonymous&gt; [90m(C:\playwright-project\[39mnode_modules\[4mplaywright[24m\lib\common\process.js:95:22[90m)[39m {
  fatal: [33mtrue[39m
}
Confirmation page validation failed: Flight Summary section not found on confirmation page
Intento 2 fallido en payWithCard: Error [ValidationError]: Flight Summary section not found on confirmation page
    at validationConfirmPage [90m(C:\playwright-project\[39msrc\page-objects\confirmation.ts:75:27[90m)[39m
    at validationConfirmationPage [90m(C:\playwright-project\[39msrc\tests\2TipsNoExtraNoSeat.spec.ts:90:3[90m)[39m
    at runWithRetries [90m(C:\playwright-project\[39msrc\tests\2TipsNoExtraNoSeat.spec.ts:121:7[90m)[39m
    at executeTests [90m(C:\playwright-project\[39msrc\tests\2TipsNoExtraNoSeat.spec.ts:221:29[90m)[39m
    at [90mC:\playwright-project\[39msrc\tests\2TipsNoExtraNoSeat.spec.ts:1507:30
    at [90mC:\playwright-project\[39mnode_modules\[4mplaywright[24m\lib\worker\workerMain.js:339:9
    at [90mC:\playwright-project\[39mnode_modules\[4mplaywright[24m\lib\worker\testInfo.js:286:11
    at TimeoutManager.withRunnable [90m(C:\playwright-project\[39mnode_modules\[4mplaywright[24m\lib\worker\timeoutManager.js:64:14[90m)[39m
    at TestInfoImpl._runAsStage [90m(C:\playwright-project\[39mnode_modules\[4mplaywright[24m\lib\worker\testInfo.js:284:7[90m)[39m
    at [90mC:\playwright-project\[39mnode_modules\[4mplaywright[24m\lib\worker\workerMain.js:331:7
    at [90mC:\playwright-project\[39mnode_modules\[4mplaywright[24m\lib\worker\testInfo.js:286:11
    at TimeoutManager.withRunnable [90m(C:\playwright-project\[39mnode_modules\[4mplaywright[24m\lib\worker\timeoutManager.js:52:27[90m)[39m
    at TestInfoImpl._runAsStage [90m(C:\playwright-project\[39mnode_modules\[4mplaywright[24m\lib\worker\testInfo.js:284:7[90m)[39m
    at WorkerMain._runTest [90m(C:\playwright-project\[39mnode_modules\[4mplaywright[24m\lib\worker\workerMain.js:281:5[90m)[39m
    at WorkerMain.runTestGroup [90m(C:\playwright-project\[39mnode_modules\[4mplaywright[24m\lib\worker\workerMain.js:205:11[90m)[39m
    at process.&lt;anonymous&gt; [90m(C:\playwright-project\[39mnode_modules\[4mplaywright[24m\lib\common\process.js:95:22[90m)[39m {
  fatal: [33mtrue[39m
}
Confirmation page validation failed: Flight Summary section not found on confirmation page
Intento 3 fallido en payWithCard: Error [ValidationError]: Flight Summary section not found on confirmation page
    at validationConfirmPage [90m(C:\playwright-project\[39msrc\page-objects\confirmation.ts:75:27[90m)[39m
    at validationConfirmationPage [90m(C:\playwright-project\[39msrc\tests\2TipsNoExtraNoSeat.spec.ts:90:3[90m)[39m
    at runWithRetries [90m(C:\playwright-project\[39msrc\tests\2TipsNoExtraNoSeat.spec.ts:121:7[90m)[39m
    at executeTests [90m(C:\playwright-project\[39msrc\tests\2TipsNoExtraNoSeat.spec.ts:221:29[90m)[39m
    at [90mC:\playwright-project\[39msrc\tests\2TipsNoExtraNoSeat.spec.ts:1507:30
    at [90mC:\playwright-project\[39mnode_modules\[4mplaywright[24m\lib\worker\workerMain.js:339:9
    at [90mC:\playwright-project\[39mnode_modules\[4mplaywright[24m\lib\worker\testInfo.js:286:11
    at TimeoutManager.withRunnable [90m(C:\playwright-project\[39mnode_modules\[4mplaywright[24m\lib\worker\timeoutManager.js:64:14[90m)[39m
    at TestInfoImpl._runAsStage [90m(C:\playwright-project\[39mnode_modules\[4mplaywright[24m\lib\worker\testInfo.js:284:7[90m)[39m
    at [90mC:\playwright-project\[39mnode_modules\[4mplaywright[24m\lib\worker\workerMain.js:331:7
    at [90mC:\playwright-project\[39mnode_modules\[4mplaywright[24m\lib\worker\testInfo.js:286:11
    at TimeoutManager.withRunnable [90m(C:\playwright-project\[39mnode_modules\[4mplaywright[24m\lib\worker\timeoutManager.js:52:27[90m)[39m
    at TestInfoImpl._runAsStage [90m(C:\playwright-project\[39mnode_modules\[4mplaywright[24m\lib\worker\testInfo.js:284:7[90m)[39m
    at WorkerMain._runTest [90m(C:\playwright-project\[39mnode_modules\[4mplaywright[24m\lib\worker\workerMain.js:281:5[90m)[39m
    at WorkerMain.runTestGroup [90m(C:\playwright-project\[39mnode_modules\[4mplaywright[24m\lib\worker\workerMain.js:205:11[90m)[39m
    at process.&lt;anonymous&gt; [90m(C:\playwright-project\[39mnode_modules\[4mplaywright[24m\lib\common\process.js:95:22[90m)[39m {
  fatal: [33mtrue[39m
}
Prueba payWithCard fallida después de 3 intentos.
Confirmation page validation failed: Flight Summary section not found on confirmation page
Intento 1 fallido en payWithCard: Error [ValidationError]: Flight Summary section not found on confirmation page
    at validationConfirmPage [90m(C:\playwright-project\[39msrc\page-objects\confirmation.ts:75:27[90m)[39m
[90m    at runNextTicks (node:internal/process/task_queues:65:5)[39m
[90m    at processImmediate (node:internal/timers:459:9)[39m
[90m    at process.callbackTrampoline (node:internal/async_hooks:130:17)[39m
    at validationConfirmationPage [90m(C:\playwright-project\[39msrc\tests\2TipsNoExtraNoSeat.spec.ts:90:3[90m)[39m
    at runWithRetries [90m(C:\playwright-project\[39msrc\tests\2TipsNoExtraNoSeat.spec.ts:121:7[90m)[39m
    at executeTests [90m(C:\playwright-project\[39msrc\tests\2TipsNoExtraNoSeat.spec.ts:221:29[90m)[39m
    at [90mC:\playwright-project\[39msrc\tests\2TipsNoExtraNoSeat.spec.ts:1507:30
    at [90mC:\playwright-project\[39mnode_modules\[4mplaywright[24m\lib\worker\workerMain.js:339:9
    at [90mC:\playwright-project\[39mnode_modules\[4mplaywright[24m\lib\worker\testInfo.js:286:11
    at TimeoutManager.withRunnable [90m(C:\playwright-project\[39mnode_modules\[4mplaywright[24m\lib\worker\timeoutManager.js:64:14[90m)[39m
    at TestInfoImpl._runAsStage [90m(C:\playwright-project\[39mnode_modules\[4mplaywright[24m\lib\worker\testInfo.js:284:7[90m)[39m
    at [90mC:\playwright-project\[39mnode_modules\[4mplaywright[24m\lib\worker\workerMain.js:331:7
    at [90mC:\playwright-project\[39mnode_modules\[4mplaywright[24m\lib\worker\testInfo.js:286:11
    at TimeoutManager.withRunnable [90m(C:\playwright-project\[39mnode_modules\[4mplaywright[24m\lib\worker\timeoutManager.js:52:27[90m)[39m
    at TestInfoImpl._runAsStage [90m(C:\playwright-project\[39mnode_modules\[4mplaywright[24m\lib\worker\testInfo.js:284:7[90m)[39m
    at WorkerMain._runTest [90m(C:\playwright-project\[39mnode_modules\[4mplaywright[24m\lib\worker\workerMain.js:281:5[90m)[39m
    at WorkerMain.runTestGroup [90m(C:\playwright-project\[39mnode_modules\[4mplaywright[24m\lib\worker\workerMain.js:205:11[90m)[39m
    at process.&lt;anonymous&gt; [90m(C:\playwright-project\[39mnode_modules\[4mplaywright[24m\lib\common\process.js:95:22[90m)[39m {
  fatal: [33mtrue[39m
}
Confirmation page validation failed: Not on confirmation page URL
Intento 2 fallido en payWithCard: Error [ValidationError]: Not on confirmation page URL
    at validationConfirmPage [90m(C:\playwright-project\[39msrc\page-objects\confirmation.ts:83:27[90m)[39m
    at validationConfirmationPage [90m(C:\playwright-project\[39msrc\tests\2TipsNoExtraNoSeat.spec.ts:90:3[90m)[39m
    at runWithRetries [90m(C:\playwright-project\[39msrc\tests\2TipsNoExtraNoSeat.spec.ts:121:7[90m)[39m
    at executeTests [90m(C:\playwright-project\[39msrc\tests\2TipsNoExtraNoSeat.spec.ts:221:29[90m)[39m
    at [90mC:\playwright-project\[39msrc\tests\2TipsNoExtraNoSeat.spec.ts:1507:30
    at [90mC:\playwright-project\[39mnode_modules\[4mplaywright[24m\lib\worker\workerMain.js:339:9
    at [90mC:\playwright-project\[39mnode_modules\[4mplaywright[24m\lib\worker\testInfo.js:286:11
    at TimeoutManager.withRunnable [90m(C:\playwright-project\[39mnode_modules\[4mplaywright[24m\lib\worker\timeoutManager.js:64:14[90m)[39m
    at TestInfoImpl._runAsStage [90m(C:\playwright-project\[39mnode_modules\[4mplaywright[24m\lib\worker\testInfo.js:284:7[90m)[39m
    at [90mC:\playwright-project\[39mnode_modules\[4mplaywright[24m\lib\worker\workerMain.js:331:7
    at [90mC:\playwright-project\[39mnode_modules\[4mplaywright[24m\lib\worker\testInfo.js:286:11
    at TimeoutManager.withRunnable [90m(C:\playwright-project\[39mnode_modules\[4mplaywright[24m\lib\worker\timeoutManager.js:52:27[90m)[39m
    at TestInfoImpl._runAsStage [90m(C:\playwright-project\[39mnode_modules\[4mplaywright[24m\lib\worker\testInfo.js:284:7[90m)[39m
    at WorkerMain._runTest [90m(C:\playwright-project\[39mnode_modules\[4mplaywright[24m\lib\worker\workerMain.js:281:5[90m)[39m
    at WorkerMain.runTestGroup [90m(C:\playwright-project\[39mnode_modules\[4mplaywright[24m\lib\worker\workerMain.js:205:11[90m)[39m
    at process.&lt;anonymous&gt; [90m(C:\playwright-project\[39mnode_modules\[4mplaywright[24m\lib\common\process.js:95:22[90m)[39m {
  fatal: [33mtrue[39m
}

</system-err>
</testcase>
<testcase name="31. Compra 1 adt PremComfort - Eco Comfort - sin assitence › Ejecución completa con reintentos" classname="2TipsNoExtraNoSeat.spec.ts" time="48.981">
<system-out>
Ejecución completa, intento 1 de 5
Ejecutando Booking, intento 1
Ejecutando Booking, intento 2
Fecha de salida seleccionada: { year: [32m'2025'[39m, month: [32m'6'[39m, index: [33m6[39m, value: [33m17[39m }
Fecha de regreso seleccionada: { year: [32m'2025'[39m, month: [32m'6'[39m, index: [33m7[39m, value: [33m19[39m }
Ajustando número de pasajeros
Successfully clicked the element: div.price-cabin:has-text("Premium")
Successfully clicked the element: div.price-cabin:has-text("Economy")
Ejecutando fillPassengerAdult 1, intento 1
Ejecutando fillContact, intento 1
Ejecutando payWithCard, intento 1
Iframe encontrado.
Ejecutando payWithCard, intento 1
Ejecutando payWithCard, intento 2
Ejecutando payWithCard, intento 3
Successfully saved booking code M92Y9 to Excel

</system-out>
<system-err>
Error al gestionar el flujo de ida y vuelta: locator.click: Error: strict mode violation: getByLabel('Choose Tuesday, July 1st,') resolved to 2 elements:
    1) &lt;div title="" tabindex="-1" role="option" aria-disabled="false" aria-selected="false" aria-label="Choose Tuesday, July 1st, 2025" class="react-datepicker__day react-datepicker__day react-datepicker__day--001 react-datepicker__day--outside-month"&gt;&lt;/div&gt; aka getByLabel('Month June,').getByLabel('Choose Tuesday, July 1st,')
    2) &lt;div title="" tabindex="-1" role="option" aria-disabled="false" aria-selected="false" aria-label="Choose Tuesday, July 1st, 2025" class="react-datepicker__day react-datepicker__day react-datepicker__day--001"&gt;…&lt;/div&gt; aka getByLabel('Month July,').getByLabel('Choose Tuesday, July 1st,')

Call log:
[2m  - waiting for getByLabel('Choose Tuesday, July 1st,')[22m

Intento 1 fallido en Booking: locator.click: Error: strict mode violation: getByLabel('Choose Tuesday, July 1st,') resolved to 2 elements:
    1) &lt;div title="" tabindex="-1" role="option" aria-disabled="false" aria-selected="false" aria-label="Choose Tuesday, July 1st, 2025" class="react-datepicker__day react-datepicker__day react-datepicker__day--001 react-datepicker__day--outside-month"&gt;&lt;/div&gt; aka getByLabel('Month June,').getByLabel('Choose Tuesday, July 1st,')
    2) &lt;div title="" tabindex="-1" role="option" aria-disabled="false" aria-selected="false" aria-label="Choose Tuesday, July 1st, 2025" class="react-datepicker__day react-datepicker__day react-datepicker__day--001"&gt;…&lt;/div&gt; aka getByLabel('Month July,').getByLabel('Choose Tuesday, July 1st,')

Call log:
[2m  - waiting for getByLabel('Choose Tuesday, July 1st,')[22m

    at selectRoundTripDates [90m(C:\playwright-project\[39msrc\page-objects\searchPage.ts:127:57[90m)[39m
    at chooseDate [90m(C:\playwright-project\[39msrc\tests\2TipsNoExtraNoSeat.spec.ts:56:3[90m)[39m
    at global [90m(C:\playwright-project\[39msrc\tests\2TipsNoExtraNoSeat.spec.ts:108:3[90m)[39m
    at runWithRetries [90m(C:\playwright-project\[39msrc\tests\2TipsNoExtraNoSeat.spec.ts:121:7[90m)[39m
    at executeTests [90m(C:\playwright-project\[39msrc\tests\2TipsNoExtraNoSeat.spec.ts:143:27[90m)[39m
    at [90mC:\playwright-project\[39msrc\tests\2TipsNoExtraNoSeat.spec.ts:1549:30 {
  [[32mSymbol(step)[39m]: {
    stepId: [32m'pw:api@38'[39m,
    location: {
      file: [32m'C:\\playwright-project\\src\\page-objects\\searchPage.ts'[39m,
      line: [33m127[39m,
      column: [33m57[39m,
      function: [32m'selectRoundTripDates'[39m
    },
    category: [32m'pw:api'[39m,
    title: [32m"locator.getByLabel('Choose Tuesday, July 1st,').click"[39m,
    apiName: [32m'locator.click'[39m,
    params: {
      selector: [32m'internal:label="Choose Tuesday, July 1st,"i'[39m,
      strict: [33mtrue[39m
    },
    boxedStack: [90mundefined[39m,
    steps: [],
    complete: [36m[Function: complete][39m,
    endWallTime: [33m1738223044749[39m,
    error: {
      message: [32m"Error: locator.click: Error: strict mode violation: getByLabel('Choose Tuesday, July 1st,') resolved to 2 elements:\n"[39m +
        [32m`    1) &lt;div title="" tabindex="-1" role="option" aria-disabled="false" aria-selected="false" aria-label="Choose Tuesday, July 1st, 2025" class="react-datepicker__day react-datepicker__day react-datepicker__day--001 react-datepicker__day--outside-month"&gt;&lt;/div&gt; aka getByLabel('Month June,').getByLabel('Choose Tuesday, July 1st,')\n`[39m +
        [32m`    2) &lt;div title="" tabindex="-1" role="option" aria-disabled="false" aria-selected="false" aria-label="Choose Tuesday, July 1st, 2025" class="react-datepicker__day react-datepicker__day react-datepicker__day--001"&gt;…&lt;/div&gt; aka getByLabel('Month July,').getByLabel('Choose Tuesday, July 1st,')\n`[39m +
        [32m'\n'[39m +
        [32m'Call log:\n'[39m +
        [32m"\x1B[2m  - waiting for getByLabel('Choose Tuesday, July 1st,')\x1B[22m\n"[39m,
      stack: [32m"Error: locator.click: Error: strict mode violation: getByLabel('Choose Tuesday, July 1st,') resolved to 2 elements:\n"[39m +
        [32m`    1) &lt;div title="" tabindex="-1" role="option" aria-disabled="false" aria-selected="false" aria-label="Choose Tuesday, July 1st, 2025" class="react-datepicker__day react-datepicker__day react-datepicker__day--001 react-datepicker__day--outside-month"&gt;&lt;/div&gt; aka getByLabel('Month June,').getByLabel('Choose Tuesday, July 1st,')\n`[39m +
        [32m`    2) &lt;div title="" tabindex="-1" role="option" aria-disabled="false" aria-selected="false" aria-label="Choose Tuesday, July 1st, 2025" class="react-datepicker__day react-datepicker__day react-datepicker__day--001"&gt;…&lt;/div&gt; aka getByLabel('Month July,').getByLabel('Choose Tuesday, July 1st,')\n`[39m +
        [32m'\n'[39m +
        [32m'Call log:\n'[39m +
        [32m"\x1B[2m  - waiting for getByLabel('Choose Tuesday, July 1st,')\x1B[22m\n"[39m +
        [32m'\n'[39m +
        [32m'    at selectRoundTripDates (C:\\playwright-project\\src\\page-objects\\searchPage.ts:127:57)\n'[39m +
        [32m'    at chooseDate (C:\\playwright-project\\src\\tests\\2TipsNoExtraNoSeat.spec.ts:56:3)\n'[39m +
        [32m'    at global (C:\\playwright-project\\src\\tests\\2TipsNoExtraNoSeat.spec.ts:108:3)\n'[39m +
        [32m'    at runWithRetries (C:\\playwright-project\\src\\tests\\2TipsNoExtraNoSeat.spec.ts:121:7)\n'[39m +
        [32m'    at executeTests (C:\\playwright-project\\src\\tests\\2TipsNoExtraNoSeat.spec.ts:143:27)\n'[39m +
        [32m'    at C:\\playwright-project\\src\\tests\\2TipsNoExtraNoSeat.spec.ts:1549:30'[39m,
      cause: [90mundefined[39m
    }
  }
}
Confirmation page validation failed: Flight Summary section not found on confirmation page
Intento 1 fallido en payWithCard: Error [ValidationError]: Flight Summary section not found on confirmation page
    at validationConfirmPage [90m(C:\playwright-project\[39msrc\page-objects\confirmation.ts:75:27[90m)[39m
[90m    at runNextTicks (node:internal/process/task_queues:65:5)[39m
[90m    at processImmediate (node:internal/timers:459:9)[39m
[90m    at process.callbackTrampoline (node:internal/async_hooks:130:17)[39m
    at validationConfirmationPage [90m(C:\playwright-project\[39msrc\tests\2TipsNoExtraNoSeat.spec.ts:90:3[90m)[39m
    at runWithRetries [90m(C:\playwright-project\[39msrc\tests\2TipsNoExtraNoSeat.spec.ts:121:7[90m)[39m
    at executeTests [90m(C:\playwright-project\[39msrc\tests\2TipsNoExtraNoSeat.spec.ts:221:29[90m)[39m
    at [90mC:\playwright-project\[39msrc\tests\2TipsNoExtraNoSeat.spec.ts:1549:30
    at [90mC:\playwright-project\[39mnode_modules\[4mplaywright[24m\lib\worker\workerMain.js:339:9
    at [90mC:\playwright-project\[39mnode_modules\[4mplaywright[24m\lib\worker\testInfo.js:286:11
    at TimeoutManager.withRunnable [90m(C:\playwright-project\[39mnode_modules\[4mplaywright[24m\lib\worker\timeoutManager.js:64:14[90m)[39m
    at TestInfoImpl._runAsStage [90m(C:\playwright-project\[39mnode_modules\[4mplaywright[24m\lib\worker\testInfo.js:284:7[90m)[39m
    at [90mC:\playwright-project\[39mnode_modules\[4mplaywright[24m\lib\worker\workerMain.js:331:7
    at [90mC:\playwright-project\[39mnode_modules\[4mplaywright[24m\lib\worker\testInfo.js:286:11
    at TimeoutManager.withRunnable [90m(C:\playwright-project\[39mnode_modules\[4mplaywright[24m\lib\worker\timeoutManager.js:52:27[90m)[39m
    at TestInfoImpl._runAsStage [90m(C:\playwright-project\[39mnode_modules\[4mplaywright[24m\lib\worker\testInfo.js:284:7[90m)[39m
    at WorkerMain._runTest [90m(C:\playwright-project\[39mnode_modules\[4mplaywright[24m\lib\worker\workerMain.js:281:5[90m)[39m
    at WorkerMain.runTestGroup [90m(C:\playwright-project\[39mnode_modules\[4mplaywright[24m\lib\worker\workerMain.js:205:11[90m)[39m
    at process.&lt;anonymous&gt; [90m(C:\playwright-project\[39mnode_modules\[4mplaywright[24m\lib\common\process.js:95:22[90m)[39m {
  fatal: [33mtrue[39m
}
Confirmation page validation failed: Not on confirmation page URL
Intento 2 fallido en payWithCard: Error [ValidationError]: Not on confirmation page URL
    at validationConfirmPage [90m(C:\playwright-project\[39msrc\page-objects\confirmation.ts:83:27[90m)[39m
    at validationConfirmationPage [90m(C:\playwright-project\[39msrc\tests\2TipsNoExtraNoSeat.spec.ts:90:3[90m)[39m
    at runWithRetries [90m(C:\playwright-project\[39msrc\tests\2TipsNoExtraNoSeat.spec.ts:121:7[90m)[39m
    at executeTests [90m(C:\playwright-project\[39msrc\tests\2TipsNoExtraNoSeat.spec.ts:221:29[90m)[39m
    at [90mC:\playwright-project\[39msrc\tests\2TipsNoExtraNoSeat.spec.ts:1549:30
    at [90mC:\playwright-project\[39mnode_modules\[4mplaywright[24m\lib\worker\workerMain.js:339:9
    at [90mC:\playwright-project\[39mnode_modules\[4mplaywright[24m\lib\worker\testInfo.js:286:11
    at TimeoutManager.withRunnable [90m(C:\playwright-project\[39mnode_modules\[4mplaywright[24m\lib\worker\timeoutManager.js:64:14[90m)[39m
    at TestInfoImpl._runAsStage [90m(C:\playwright-project\[39mnode_modules\[4mplaywright[24m\lib\worker\testInfo.js:284:7[90m)[39m
    at [90mC:\playwright-project\[39mnode_modules\[4mplaywright[24m\lib\worker\workerMain.js:331:7
    at [90mC:\playwright-project\[39mnode_modules\[4mplaywright[24m\lib\worker\testInfo.js:286:11
    at TimeoutManager.withRunnable [90m(C:\playwright-project\[39mnode_modules\[4mplaywright[24m\lib\worker\timeoutManager.js:52:27[90m)[39m
    at TestInfoImpl._runAsStage [90m(C:\playwright-project\[39mnode_modules\[4mplaywright[24m\lib\worker\testInfo.js:284:7[90m)[39m
    at WorkerMain._runTest [90m(C:\playwright-project\[39mnode_modules\[4mplaywright[24m\lib\worker\workerMain.js:281:5[90m)[39m
    at WorkerMain.runTestGroup [90m(C:\playwright-project\[39mnode_modules\[4mplaywright[24m\lib\worker\workerMain.js:205:11[90m)[39m
    at process.&lt;anonymous&gt; [90m(C:\playwright-project\[39mnode_modules\[4mplaywright[24m\lib\common\process.js:95:22[90m)[39m {
  fatal: [33mtrue[39m
}

</system-err>
</testcase>
<testcase name="32. Compra 1 adt PremComfort - Eco Extra - sin assitence › Ejecución completa con reintentos" classname="2TipsNoExtraNoSeat.spec.ts" time="264.341">
<system-out>
Ejecución completa, intento 1 de 5
Ejecutando Booking, intento 1
Fecha de salida seleccionada: { year: [32m'2025'[39m, month: [32m'7'[39m, index: [33m0[39m, value: [33m1[39m }
Fecha de regreso seleccionada: { year: [32m'2025'[39m, month: [32m'7'[39m, index: [33m1[39m, value: [33m2[39m }
Ajustando número de pasajeros
Successfully clicked the element: div.price-cabin:has-text("Premium")
Successfully clicked the element: div.price-cabin:has-text("Economy")
Ejecutando fillPassengerAdult 1, intento 1
Ejecutando fillContact, intento 1
Ejecutando payWithCard, intento 1
Ejecutando payWithCard, intento 2
Ejecutando payWithCard, intento 3
Ejecución completa, intento 2 de 5
Ejecutando Booking, intento 1
Fecha de salida seleccionada: { year: [32m'2025'[39m, month: [32m'5'[39m, index: [33m13[39m, value: [33m31[39m }
Fecha de regreso seleccionada: { year: [32m'2025'[39m, month: [32m'6'[39m, index: [33m0[39m, value: [33m3[39m }
Ajustando número de pasajeros
Successfully clicked the element: div.price-cabin:has-text("Premium")
Successfully clicked the element: div.price-cabin:has-text("Economy")
Ejecutando fillPassengerAdult 1, intento 1
Ejecutando fillContact, intento 1
Ejecutando payWithCard, intento 1
Iframe encontrado.
Ejecutando payWithCard, intento 1
Ejecutando payWithCard, intento 2
Ejecutando payWithCard, intento 3
Successfully saved booking code M92ZB to Excel

</system-out>
<system-err>
Error while handling iframe payment: page.waitForSelector: Timeout 60000ms exceeded.
Call log:
[2m  - waiting for locator('iframe[title="Iframe for expiry date"]') to be visible[22m

    at payWithCard [90m(C:\playwright-project\[39msrc\page-objects\paymentPage.ts:4:20[90m)[39m
    at payWithCardInformation [90m(C:\playwright-project\[39msrc\tests\2TipsNoExtraNoSeat.spec.ts:84:22[90m)[39m
    at fn [90m(C:\playwright-project\[39msrc\tests\2TipsNoExtraNoSeat.spec.ts:212:15[90m)[39m
    at runWithRetries [90m(C:\playwright-project\[39msrc\tests\2TipsNoExtraNoSeat.spec.ts:121:13[90m)[39m
    at executeTests [90m(C:\playwright-project\[39msrc\tests\2TipsNoExtraNoSeat.spec.ts:211:35[90m)[39m
    at [90mC:\playwright-project\[39msrc\tests\2TipsNoExtraNoSeat.spec.ts:1592:30 {
  name: [32m'TimeoutError'[39m,
  [[32mSymbol(step)[39m]: {
    stepId: [32m'pw:api@67'[39m,
    location: {
      file: [32m'C:\\playwright-project\\src\\page-objects\\paymentPage.ts'[39m,
      line: [33m4[39m,
      column: [33m20[39m,
      function: [32m'payWithCard'[39m
    },
    category: [32m'pw:api'[39m,
    title: [32m'page.waitForSelector(iframe[title="Iframe for expiry date"])'[39m,
    apiName: [32m'page.waitForSelector'[39m,
    params: {
      selector: [32m'iframe[title="Iframe for expiry date"]'[39m,
      timeout: [33m60000[39m
    },
    boxedStack: [90mundefined[39m,
    steps: [],
    complete: [36m[Function: complete][39m,
    endWallTime: [33m1738223136386[39m,
    error: {
      message: [32m'TimeoutError: page.waitForSelector: Timeout 60000ms exceeded.\n'[39m +
        [32m'Call log:\n'[39m +
        [32m`\x1B[2m  - waiting for locator('iframe[title="Iframe for expiry date"]') to be visible\x1B[22m\n`[39m,
      stack: [32m'TimeoutError: page.waitForSelector: Timeout 60000ms exceeded.\n'[39m +
        [32m'Call log:\n'[39m +
        [32m`\x1B[2m  - waiting for locator('iframe[title="Iframe for expiry date"]') to be visible\x1B[22m\n`[39m +
        [32m'\n'[39m +
        [32m'    at payWithCard (C:\\playwright-project\\src\\page-objects\\paymentPage.ts:4:20)\n'[39m +
        [32m'    at payWithCardInformation (C:\\playwright-project\\src\\tests\\2TipsNoExtraNoSeat.spec.ts:84:22)\n'[39m +
        [32m'    at fn (C:\\playwright-project\\src\\tests\\2TipsNoExtraNoSeat.spec.ts:212:15)\n'[39m +
        [32m'    at runWithRetries (C:\\playwright-project\\src\\tests\\2TipsNoExtraNoSeat.spec.ts:121:13)\n'[39m +
        [32m'    at executeTests (C:\\playwright-project\\src\\tests\\2TipsNoExtraNoSeat.spec.ts:211:35)\n'[39m +
        [32m'    at C:\\playwright-project\\src\\tests\\2TipsNoExtraNoSeat.spec.ts:1592:30'[39m,
      cause: [90mundefined[39m
    }
  }
}
Intento 1 fallido en payWithCard: page.waitForSelector: Timeout 60000ms exceeded.
Call log:
[2m  - waiting for locator('iframe[title="Iframe for expiry date"]') to be visible[22m

    at payWithCard [90m(C:\playwright-project\[39msrc\page-objects\paymentPage.ts:4:20[90m)[39m
    at payWithCardInformation [90m(C:\playwright-project\[39msrc\tests\2TipsNoExtraNoSeat.spec.ts:84:22[90m)[39m
    at fn [90m(C:\playwright-project\[39msrc\tests\2TipsNoExtraNoSeat.spec.ts:212:15[90m)[39m
    at runWithRetries [90m(C:\playwright-project\[39msrc\tests\2TipsNoExtraNoSeat.spec.ts:121:13[90m)[39m
    at executeTests [90m(C:\playwright-project\[39msrc\tests\2TipsNoExtraNoSeat.spec.ts:211:35[90m)[39m
    at [90mC:\playwright-project\[39msrc\tests\2TipsNoExtraNoSeat.spec.ts:1592:30 {
  name: [32m'TimeoutError'[39m,
  [[32mSymbol(step)[39m]: {
    stepId: [32m'pw:api@67'[39m,
    location: {
      file: [32m'C:\\playwright-project\\src\\page-objects\\paymentPage.ts'[39m,
      line: [33m4[39m,
      column: [33m20[39m,
      function: [32m'payWithCard'[39m
    },
    category: [32m'pw:api'[39m,
    title: [32m'page.waitForSelector(iframe[title="Iframe for expiry date"])'[39m,
    apiName: [32m'page.waitForSelector'[39m,
    params: {
      selector: [32m'iframe[title="Iframe for expiry date"]'[39m,
      timeout: [33m60000[39m
    },
    boxedStack: [90mundefined[39m,
    steps: [],
    complete: [36m[Function: complete][39m,
    endWallTime: [33m1738223136386[39m,
    error: {
      message: [32m'TimeoutError: page.waitForSelector: Timeout 60000ms exceeded.\n'[39m +
        [32m'Call log:\n'[39m +
        [32m`\x1B[2m  - waiting for locator('iframe[title="Iframe for expiry date"]') to be visible\x1B[22m\n`[39m,
      stack: [32m'TimeoutError: page.waitForSelector: Timeout 60000ms exceeded.\n'[39m +
        [32m'Call log:\n'[39m +
        [32m`\x1B[2m  - waiting for locator('iframe[title="Iframe for expiry date"]') to be visible\x1B[22m\n`[39m +
        [32m'\n'[39m +
        [32m'    at payWithCard (C:\\playwright-project\\src\\page-objects\\paymentPage.ts:4:20)\n'[39m +
        [32m'    at payWithCardInformation (C:\\playwright-project\\src\\tests\\2TipsNoExtraNoSeat.spec.ts:84:22)\n'[39m +
        [32m'    at fn (C:\\playwright-project\\src\\tests\\2TipsNoExtraNoSeat.spec.ts:212:15)\n'[39m +
        [32m'    at runWithRetries (C:\\playwright-project\\src\\tests\\2TipsNoExtraNoSeat.spec.ts:121:13)\n'[39m +
        [32m'    at executeTests (C:\\playwright-project\\src\\tests\\2TipsNoExtraNoSeat.spec.ts:211:35)\n'[39m +
        [32m'    at C:\\playwright-project\\src\\tests\\2TipsNoExtraNoSeat.spec.ts:1592:30'[39m,
      cause: [90mundefined[39m
    }
  }
}
Error while handling iframe payment: page.waitForSelector: Timeout 60000ms exceeded.
Call log:
[2m  - waiting for locator('iframe[title="Iframe for expiry date"]') to be visible[22m

    at payWithCard [90m(C:\playwright-project\[39msrc\page-objects\paymentPage.ts:4:20[90m)[39m
    at payWithCardInformation [90m(C:\playwright-project\[39msrc\tests\2TipsNoExtraNoSeat.spec.ts:84:22[90m)[39m
    at fn [90m(C:\playwright-project\[39msrc\tests\2TipsNoExtraNoSeat.spec.ts:212:15[90m)[39m
    at runWithRetries [90m(C:\playwright-project\[39msrc\tests\2TipsNoExtraNoSeat.spec.ts:121:13[90m)[39m
    at executeTests [90m(C:\playwright-project\[39msrc\tests\2TipsNoExtraNoSeat.spec.ts:211:29[90m)[39m
    at [90mC:\playwright-project\[39msrc\tests\2TipsNoExtraNoSeat.spec.ts:1592:30 {
  name: [32m'TimeoutError'[39m,
  [[32mSymbol(step)[39m]: {
    stepId: [32m'pw:api@68'[39m,
    location: {
      file: [32m'C:\\playwright-project\\src\\page-objects\\paymentPage.ts'[39m,
      line: [33m4[39m,
      column: [33m20[39m,
      function: [32m'payWithCard'[39m
    },
    category: [32m'pw:api'[39m,
    title: [32m'page.waitForSelector(iframe[title="Iframe for expiry date"])'[39m,
    apiName: [32m'page.waitForSelector'[39m,
    params: {
      selector: [32m'iframe[title="Iframe for expiry date"]'[39m,
      timeout: [33m60000[39m
    },
    boxedStack: [90mundefined[39m,
    steps: [],
    complete: [36m[Function: complete][39m,
    endWallTime: [33m1738223196401[39m,
    error: {
      message: [32m'TimeoutError: page.waitForSelector: Timeout 60000ms exceeded.\n'[39m +
        [32m'Call log:\n'[39m +
        [32m`\x1B[2m  - waiting for locator('iframe[title="Iframe for expiry date"]') to be visible\x1B[22m\n`[39m,
      stack: [32m'TimeoutError: page.waitForSelector: Timeout 60000ms exceeded.\n'[39m +
        [32m'Call log:\n'[39m +
        [32m`\x1B[2m  - waiting for locator('iframe[title="Iframe for expiry date"]') to be visible\x1B[22m\n`[39m +
        [32m'\n'[39m +
        [32m'    at payWithCard (C:\\playwright-project\\src\\page-objects\\paymentPage.ts:4:20)\n'[39m +
        [32m'    at payWithCardInformation (C:\\playwright-project\\src\\tests\\2TipsNoExtraNoSeat.spec.ts:84:22)\n'[39m +
        [32m'    at fn (C:\\playwright-project\\src\\tests\\2TipsNoExtraNoSeat.spec.ts:212:15)\n'[39m +
        [32m'    at runWithRetries (C:\\playwright-project\\src\\tests\\2TipsNoExtraNoSeat.spec.ts:121:13)\n'[39m +
        [32m'    at executeTests (C:\\playwright-project\\src\\tests\\2TipsNoExtraNoSeat.spec.ts:211:29)\n'[39m +
        [32m'    at C:\\playwright-project\\src\\tests\\2TipsNoExtraNoSeat.spec.ts:1592:30'[39m,
      cause: [90mundefined[39m
    }
  }
}
Intento 2 fallido en payWithCard: page.waitForSelector: Timeout 60000ms exceeded.
Call log:
[2m  - waiting for locator('iframe[title="Iframe for expiry date"]') to be visible[22m

    at payWithCard [90m(C:\playwright-project\[39msrc\page-objects\paymentPage.ts:4:20[90m)[39m
    at payWithCardInformation [90m(C:\playwright-project\[39msrc\tests\2TipsNoExtraNoSeat.spec.ts:84:22[90m)[39m
    at fn [90m(C:\playwright-project\[39msrc\tests\2TipsNoExtraNoSeat.spec.ts:212:15[90m)[39m
    at runWithRetries [90m(C:\playwright-project\[39msrc\tests\2TipsNoExtraNoSeat.spec.ts:121:13[90m)[39m
    at executeTests [90m(C:\playwright-project\[39msrc\tests\2TipsNoExtraNoSeat.spec.ts:211:29[90m)[39m
    at [90mC:\playwright-project\[39msrc\tests\2TipsNoExtraNoSeat.spec.ts:1592:30 {
  name: [32m'TimeoutError'[39m,
  [[32mSymbol(step)[39m]: {
    stepId: [32m'pw:api@68'[39m,
    location: {
      file: [32m'C:\\playwright-project\\src\\page-objects\\paymentPage.ts'[39m,
      line: [33m4[39m,
      column: [33m20[39m,
      function: [32m'payWithCard'[39m
    },
    category: [32m'pw:api'[39m,
    title: [32m'page.waitForSelector(iframe[title="Iframe for expiry date"])'[39m,
    apiName: [32m'page.waitForSelector'[39m,
    params: {
      selector: [32m'iframe[title="Iframe for expiry date"]'[39m,
      timeout: [33m60000[39m
    },
    boxedStack: [90mundefined[39m,
    steps: [],
    complete: [36m[Function: complete][39m,
    endWallTime: [33m1738223196401[39m,
    error: {
      message: [32m'TimeoutError: page.waitForSelector: Timeout 60000ms exceeded.\n'[39m +
        [32m'Call log:\n'[39m +
        [32m`\x1B[2m  - waiting for locator('iframe[title="Iframe for expiry date"]') to be visible\x1B[22m\n`[39m,
      stack: [32m'TimeoutError: page.waitForSelector: Timeout 60000ms exceeded.\n'[39m +
        [32m'Call log:\n'[39m +
        [32m`\x1B[2m  - waiting for locator('iframe[title="Iframe for expiry date"]') to be visible\x1B[22m\n`[39m +
        [32m'\n'[39m +
        [32m'    at payWithCard (C:\\playwright-project\\src\\page-objects\\paymentPage.ts:4:20)\n'[39m +
        [32m'    at payWithCardInformation (C:\\playwright-project\\src\\tests\\2TipsNoExtraNoSeat.spec.ts:84:22)\n'[39m +
        [32m'    at fn (C:\\playwright-project\\src\\tests\\2TipsNoExtraNoSeat.spec.ts:212:15)\n'[39m +
        [32m'    at runWithRetries (C:\\playwright-project\\src\\tests\\2TipsNoExtraNoSeat.spec.ts:121:13)\n'[39m +
        [32m'    at executeTests (C:\\playwright-project\\src\\tests\\2TipsNoExtraNoSeat.spec.ts:211:29)\n'[39m +
        [32m'    at C:\\playwright-project\\src\\tests\\2TipsNoExtraNoSeat.spec.ts:1592:30'[39m,
      cause: [90mundefined[39m
    }
  }
}
Error while handling iframe payment: page.waitForSelector: Timeout 60000ms exceeded.
Call log:
[2m  - waiting for locator('iframe[title="Iframe for expiry date"]') to be visible[22m

    at payWithCard [90m(C:\playwright-project\[39msrc\page-objects\paymentPage.ts:4:20[90m)[39m
    at payWithCardInformation [90m(C:\playwright-project\[39msrc\tests\2TipsNoExtraNoSeat.spec.ts:84:22[90m)[39m
    at fn [90m(C:\playwright-project\[39msrc\tests\2TipsNoExtraNoSeat.spec.ts:212:15[90m)[39m
    at runWithRetries [90m(C:\playwright-project\[39msrc\tests\2TipsNoExtraNoSeat.spec.ts:121:13[90m)[39m
    at executeTests [90m(C:\playwright-project\[39msrc\tests\2TipsNoExtraNoSeat.spec.ts:211:29[90m)[39m
    at [90mC:\playwright-project\[39msrc\tests\2TipsNoExtraNoSeat.spec.ts:1592:30 {
  name: [32m'TimeoutError'[39m,
  [[32mSymbol(step)[39m]: {
    stepId: [32m'pw:api@69'[39m,
    location: {
      file: [32m'C:\\playwright-project\\src\\page-objects\\paymentPage.ts'[39m,
      line: [33m4[39m,
      column: [33m20[39m,
      function: [32m'payWithCard'[39m
    },
    category: [32m'pw:api'[39m,
    title: [32m'page.waitForSelector(iframe[title="Iframe for expiry date"])'[39m,
    apiName: [32m'page.waitForSelector'[39m,
    params: {
      selector: [32m'iframe[title="Iframe for expiry date"]'[39m,
      timeout: [33m60000[39m
    },
    boxedStack: [90mundefined[39m,
    steps: [],
    complete: [36m[Function: complete][39m,
    endWallTime: [33m1738223256414[39m,
    error: {
      message: [32m'TimeoutError: page.waitForSelector: Timeout 60000ms exceeded.\n'[39m +
        [32m'Call log:\n'[39m +
        [32m`\x1B[2m  - waiting for locator('iframe[title="Iframe for expiry date"]') to be visible\x1B[22m\n`[39m,
      stack: [32m'TimeoutError: page.waitForSelector: Timeout 60000ms exceeded.\n'[39m +
        [32m'Call log:\n'[39m +
        [32m`\x1B[2m  - waiting for locator('iframe[title="Iframe for expiry date"]') to be visible\x1B[22m\n`[39m +
        [32m'\n'[39m +
        [32m'    at payWithCard (C:\\playwright-project\\src\\page-objects\\paymentPage.ts:4:20)\n'[39m +
        [32m'    at payWithCardInformation (C:\\playwright-project\\src\\tests\\2TipsNoExtraNoSeat.spec.ts:84:22)\n'[39m +
        [32m'    at fn (C:\\playwright-project\\src\\tests\\2TipsNoExtraNoSeat.spec.ts:212:15)\n'[39m +
        [32m'    at runWithRetries (C:\\playwright-project\\src\\tests\\2TipsNoExtraNoSeat.spec.ts:121:13)\n'[39m +
        [32m'    at executeTests (C:\\playwright-project\\src\\tests\\2TipsNoExtraNoSeat.spec.ts:211:29)\n'[39m +
        [32m'    at C:\\playwright-project\\src\\tests\\2TipsNoExtraNoSeat.spec.ts:1592:30'[39m,
      cause: [90mundefined[39m
    }
  }
}
Intento 3 fallido en payWithCard: page.waitForSelector: Timeout 60000ms exceeded.
Call log:
[2m  - waiting for locator('iframe[title="Iframe for expiry date"]') to be visible[22m

    at payWithCard [90m(C:\playwright-project\[39msrc\page-objects\paymentPage.ts:4:20[90m)[39m
    at payWithCardInformation [90m(C:\playwright-project\[39msrc\tests\2TipsNoExtraNoSeat.spec.ts:84:22[90m)[39m
    at fn [90m(C:\playwright-project\[39msrc\tests\2TipsNoExtraNoSeat.spec.ts:212:15[90m)[39m
    at runWithRetries [90m(C:\playwright-project\[39msrc\tests\2TipsNoExtraNoSeat.spec.ts:121:13[90m)[39m
    at executeTests [90m(C:\playwright-project\[39msrc\tests\2TipsNoExtraNoSeat.spec.ts:211:29[90m)[39m
    at [90mC:\playwright-project\[39msrc\tests\2TipsNoExtraNoSeat.spec.ts:1592:30 {
  name: [32m'TimeoutError'[39m,
  [[32mSymbol(step)[39m]: {
    stepId: [32m'pw:api@69'[39m,
    location: {
      file: [32m'C:\\playwright-project\\src\\page-objects\\paymentPage.ts'[39m,
      line: [33m4[39m,
      column: [33m20[39m,
      function: [32m'payWithCard'[39m
    },
    category: [32m'pw:api'[39m,
    title: [32m'page.waitForSelector(iframe[title="Iframe for expiry date"])'[39m,
    apiName: [32m'page.waitForSelector'[39m,
    params: {
      selector: [32m'iframe[title="Iframe for expiry date"]'[39m,
      timeout: [33m60000[39m
    },
    boxedStack: [90mundefined[39m,
    steps: [],
    complete: [36m[Function: complete][39m,
    endWallTime: [33m1738223256414[39m,
    error: {
      message: [32m'TimeoutError: page.waitForSelector: Timeout 60000ms exceeded.\n'[39m +
        [32m'Call log:\n'[39m +
        [32m`\x1B[2m  - waiting for locator('iframe[title="Iframe for expiry date"]') to be visible\x1B[22m\n`[39m,
      stack: [32m'TimeoutError: page.waitForSelector: Timeout 60000ms exceeded.\n'[39m +
        [32m'Call log:\n'[39m +
        [32m`\x1B[2m  - waiting for locator('iframe[title="Iframe for expiry date"]') to be visible\x1B[22m\n`[39m +
        [32m'\n'[39m +
        [32m'    at payWithCard (C:\\playwright-project\\src\\page-objects\\paymentPage.ts:4:20)\n'[39m +
        [32m'    at payWithCardInformation (C:\\playwright-project\\src\\tests\\2TipsNoExtraNoSeat.spec.ts:84:22)\n'[39m +
        [32m'    at fn (C:\\playwright-project\\src\\tests\\2TipsNoExtraNoSeat.spec.ts:212:15)\n'[39m +
        [32m'    at runWithRetries (C:\\playwright-project\\src\\tests\\2TipsNoExtraNoSeat.spec.ts:121:13)\n'[39m +
        [32m'    at executeTests (C:\\playwright-project\\src\\tests\\2TipsNoExtraNoSeat.spec.ts:211:29)\n'[39m +
        [32m'    at C:\\playwright-project\\src\\tests\\2TipsNoExtraNoSeat.spec.ts:1592:30'[39m,
      cause: [90mundefined[39m
    }
  }
}
Prueba payWithCard fallida después de 3 intentos.
Confirmation page validation failed: Flight Summary section not found on confirmation page
Intento 1 fallido en payWithCard: Error [ValidationError]: Flight Summary section not found on confirmation page
    at validationConfirmPage [90m(C:\playwright-project\[39msrc\page-objects\confirmation.ts:75:27[90m)[39m
[90m    at runNextTicks (node:internal/process/task_queues:65:5)[39m
[90m    at processImmediate (node:internal/timers:459:9)[39m
[90m    at process.callbackTrampoline (node:internal/async_hooks:130:17)[39m
    at validationConfirmationPage [90m(C:\playwright-project\[39msrc\tests\2TipsNoExtraNoSeat.spec.ts:90:3[90m)[39m
    at runWithRetries [90m(C:\playwright-project\[39msrc\tests\2TipsNoExtraNoSeat.spec.ts:121:7[90m)[39m
    at executeTests [90m(C:\playwright-project\[39msrc\tests\2TipsNoExtraNoSeat.spec.ts:221:29[90m)[39m
    at [90mC:\playwright-project\[39msrc\tests\2TipsNoExtraNoSeat.spec.ts:1592:30
    at [90mC:\playwright-project\[39mnode_modules\[4mplaywright[24m\lib\worker\workerMain.js:339:9
    at [90mC:\playwright-project\[39mnode_modules\[4mplaywright[24m\lib\worker\testInfo.js:286:11
    at TimeoutManager.withRunnable [90m(C:\playwright-project\[39mnode_modules\[4mplaywright[24m\lib\worker\timeoutManager.js:64:14[90m)[39m
    at TestInfoImpl._runAsStage [90m(C:\playwright-project\[39mnode_modules\[4mplaywright[24m\lib\worker\testInfo.js:284:7[90m)[39m
    at [90mC:\playwright-project\[39mnode_modules\[4mplaywright[24m\lib\worker\workerMain.js:331:7
    at [90mC:\playwright-project\[39mnode_modules\[4mplaywright[24m\lib\worker\testInfo.js:286:11
    at TimeoutManager.withRunnable [90m(C:\playwright-project\[39mnode_modules\[4mplaywright[24m\lib\worker\timeoutManager.js:52:27[90m)[39m
    at TestInfoImpl._runAsStage [90m(C:\playwright-project\[39mnode_modules\[4mplaywright[24m\lib\worker\testInfo.js:284:7[90m)[39m
    at WorkerMain._runTest [90m(C:\playwright-project\[39mnode_modules\[4mplaywright[24m\lib\worker\workerMain.js:281:5[90m)[39m
    at WorkerMain.runTestGroup [90m(C:\playwright-project\[39mnode_modules\[4mplaywright[24m\lib\worker\workerMain.js:205:11[90m)[39m
    at process.&lt;anonymous&gt; [90m(C:\playwright-project\[39mnode_modules\[4mplaywright[24m\lib\common\process.js:95:22[90m)[39m {
  fatal: [33mtrue[39m
}
Confirmation page validation failed: Not on confirmation page URL
Intento 2 fallido en payWithCard: Error [ValidationError]: Not on confirmation page URL
    at validationConfirmPage [90m(C:\playwright-project\[39msrc\page-objects\confirmation.ts:83:27[90m)[39m
    at validationConfirmationPage [90m(C:\playwright-project\[39msrc\tests\2TipsNoExtraNoSeat.spec.ts:90:3[90m)[39m
    at runWithRetries [90m(C:\playwright-project\[39msrc\tests\2TipsNoExtraNoSeat.spec.ts:121:7[90m)[39m
    at executeTests [90m(C:\playwright-project\[39msrc\tests\2TipsNoExtraNoSeat.spec.ts:221:29[90m)[39m
    at [90mC:\playwright-project\[39msrc\tests\2TipsNoExtraNoSeat.spec.ts:1592:30
    at [90mC:\playwright-project\[39mnode_modules\[4mplaywright[24m\lib\worker\workerMain.js:339:9
    at [90mC:\playwright-project\[39mnode_modules\[4mplaywright[24m\lib\worker\testInfo.js:286:11
    at TimeoutManager.withRunnable [90m(C:\playwright-project\[39mnode_modules\[4mplaywright[24m\lib\worker\timeoutManager.js:64:14[90m)[39m
    at TestInfoImpl._runAsStage [90m(C:\playwright-project\[39mnode_modules\[4mplaywright[24m\lib\worker\testInfo.js:284:7[90m)[39m
    at [90mC:\playwright-project\[39mnode_modules\[4mplaywright[24m\lib\worker\workerMain.js:331:7
    at [90mC:\playwright-project\[39mnode_modules\[4mplaywright[24m\lib\worker\testInfo.js:286:11
    at TimeoutManager.withRunnable [90m(C:\playwright-project\[39mnode_modules\[4mplaywright[24m\lib\worker\timeoutManager.js:52:27[90m)[39m
    at TestInfoImpl._runAsStage [90m(C:\playwright-project\[39mnode_modules\[4mplaywright[24m\lib\worker\testInfo.js:284:7[90m)[39m
    at WorkerMain._runTest [90m(C:\playwright-project\[39mnode_modules\[4mplaywright[24m\lib\worker\workerMain.js:281:5[90m)[39m
    at WorkerMain.runTestGroup [90m(C:\playwright-project\[39mnode_modules\[4mplaywright[24m\lib\worker\workerMain.js:205:11[90m)[39m
    at process.&lt;anonymous&gt; [90m(C:\playwright-project\[39mnode_modules\[4mplaywright[24m\lib\common\process.js:95:22[90m)[39m {
  fatal: [33mtrue[39m
}

</system-err>
</testcase>
<testcase name="33. Compra 1 adt PremComfort - PremLight - sin assitence › Ejecución completa con reintentos" classname="2TipsNoExtraNoSeat.spec.ts" time="38.87">
<system-out>
Ejecución completa, intento 1 de 5
Ejecutando Booking, intento 1
Fecha de salida seleccionada: { year: [32m'2025'[39m, month: [32m'6'[39m, index: [33m0[39m, value: [33m3[39m }
Fecha de regreso seleccionada: { year: [32m'2025'[39m, month: [32m'6'[39m, index: [33m1[39m, value: [33m5[39m }
Ajustando número de pasajeros
Successfully clicked the element: div.price-cabin:has-text("Premium")
Successfully clicked the element: div.price-cabin:has-text("Premium")
Ejecutando fillPassengerAdult 1, intento 1
Ejecutando fillContact, intento 1
Ejecutando payWithCard, intento 1
Iframe encontrado.
Ejecutando payWithCard, intento 1
Ejecutando payWithCard, intento 2
Ejecutando payWithCard, intento 3
Successfully saved booking code M92YC to Excel

</system-out>
<system-err>
Confirmation page validation failed: Flight Summary section not found on confirmation page
Intento 1 fallido en payWithCard: Error [ValidationError]: Flight Summary section not found on confirmation page
    at validationConfirmPage [90m(C:\playwright-project\[39msrc\page-objects\confirmation.ts:75:27[90m)[39m
[90m    at runNextTicks (node:internal/process/task_queues:65:5)[39m
[90m    at processImmediate (node:internal/timers:459:9)[39m
[90m    at process.callbackTrampoline (node:internal/async_hooks:130:17)[39m
    at validationConfirmationPage [90m(C:\playwright-project\[39msrc\tests\2TipsNoExtraNoSeat.spec.ts:90:3[90m)[39m
    at runWithRetries [90m(C:\playwright-project\[39msrc\tests\2TipsNoExtraNoSeat.spec.ts:121:7[90m)[39m
    at executeTests [90m(C:\playwright-project\[39msrc\tests\2TipsNoExtraNoSeat.spec.ts:221:29[90m)[39m
    at [90mC:\playwright-project\[39msrc\tests\2TipsNoExtraNoSeat.spec.ts:1635:30
    at [90mC:\playwright-project\[39mnode_modules\[4mplaywright[24m\lib\worker\workerMain.js:339:9
    at [90mC:\playwright-project\[39mnode_modules\[4mplaywright[24m\lib\worker\testInfo.js:286:11
    at TimeoutManager.withRunnable [90m(C:\playwright-project\[39mnode_modules\[4mplaywright[24m\lib\worker\timeoutManager.js:64:14[90m)[39m
    at TestInfoImpl._runAsStage [90m(C:\playwright-project\[39mnode_modules\[4mplaywright[24m\lib\worker\testInfo.js:284:7[90m)[39m
    at [90mC:\playwright-project\[39mnode_modules\[4mplaywright[24m\lib\worker\workerMain.js:331:7
    at [90mC:\playwright-project\[39mnode_modules\[4mplaywright[24m\lib\worker\testInfo.js:286:11
    at TimeoutManager.withRunnable [90m(C:\playwright-project\[39mnode_modules\[4mplaywright[24m\lib\worker\timeoutManager.js:52:27[90m)[39m
    at TestInfoImpl._runAsStage [90m(C:\playwright-project\[39mnode_modules\[4mplaywright[24m\lib\worker\testInfo.js:284:7[90m)[39m
    at WorkerMain._runTest [90m(C:\playwright-project\[39mnode_modules\[4mplaywright[24m\lib\worker\workerMain.js:281:5[90m)[39m
    at WorkerMain.runTestGroup [90m(C:\playwright-project\[39mnode_modules\[4mplaywright[24m\lib\worker\workerMain.js:205:11[90m)[39m
    at process.&lt;anonymous&gt; [90m(C:\playwright-project\[39mnode_modules\[4mplaywright[24m\lib\common\process.js:95:22[90m)[39m {
  fatal: [33mtrue[39m
}
Confirmation page validation failed: Not on confirmation page URL
Intento 2 fallido en payWithCard: Error [ValidationError]: Not on confirmation page URL
    at validationConfirmPage [90m(C:\playwright-project\[39msrc\page-objects\confirmation.ts:83:27[90m)[39m
    at validationConfirmationPage [90m(C:\playwright-project\[39msrc\tests\2TipsNoExtraNoSeat.spec.ts:90:3[90m)[39m
    at runWithRetries [90m(C:\playwright-project\[39msrc\tests\2TipsNoExtraNoSeat.spec.ts:121:7[90m)[39m
    at executeTests [90m(C:\playwright-project\[39msrc\tests\2TipsNoExtraNoSeat.spec.ts:221:29[90m)[39m
    at [90mC:\playwright-project\[39msrc\tests\2TipsNoExtraNoSeat.spec.ts:1635:30
    at [90mC:\playwright-project\[39mnode_modules\[4mplaywright[24m\lib\worker\workerMain.js:339:9
    at [90mC:\playwright-project\[39mnode_modules\[4mplaywright[24m\lib\worker\testInfo.js:286:11
    at TimeoutManager.withRunnable [90m(C:\playwright-project\[39mnode_modules\[4mplaywright[24m\lib\worker\timeoutManager.js:64:14[90m)[39m
    at TestInfoImpl._runAsStage [90m(C:\playwright-project\[39mnode_modules\[4mplaywright[24m\lib\worker\testInfo.js:284:7[90m)[39m
    at [90mC:\playwright-project\[39mnode_modules\[4mplaywright[24m\lib\worker\workerMain.js:331:7
    at [90mC:\playwright-project\[39mnode_modules\[4mplaywright[24m\lib\worker\testInfo.js:286:11
    at TimeoutManager.withRunnable [90m(C:\playwright-project\[39mnode_modules\[4mplaywright[24m\lib\worker\timeoutManager.js:52:27[90m)[39m
    at TestInfoImpl._runAsStage [90m(C:\playwright-project\[39mnode_modules\[4mplaywright[24m\lib\worker\testInfo.js:284:7[90m)[39m
    at WorkerMain._runTest [90m(C:\playwright-project\[39mnode_modules\[4mplaywright[24m\lib\worker\workerMain.js:281:5[90m)[39m
    at WorkerMain.runTestGroup [90m(C:\playwright-project\[39mnode_modules\[4mplaywright[24m\lib\worker\workerMain.js:205:11[90m)[39m
    at process.&lt;anonymous&gt; [90m(C:\playwright-project\[39mnode_modules\[4mplaywright[24m\lib\common\process.js:95:22[90m)[39m {
  fatal: [33mtrue[39m
}

</system-err>
</testcase>
<testcase name="34. Compra 1 adt PremComfort - PremComfort - sin assitence › Ejecución completa con reintentos" classname="2TipsNoExtraNoSeat.spec.ts" time="360.101">
<failure message="2TipsNoExtraNoSeat.spec.ts:1668:7 Ejecución completa con reintentos" type="FAILURE">
  [chromium] › 2TipsNoExtraNoSeat.spec.ts:1668:7 › 34. Compra 1 adt PremComfort - PremComfort - sin assitence › Ejecución completa con reintentos 

    Test timeout of 360000ms exceeded.

    Error: browserContext.close: Test ended.
    Browser logs:

    &lt;launching&gt; C:\Users\SofiaMartínezLópez\AppData\Local\ms-playwright\chromium_headless_shell-1148\chrome-win\headless_shell.exe --disable-field-trial-config --disable-background-networking --disable-background-timer-throttling --disable-backgrounding-occluded-windows --disable-back-forward-cache --disable-breakpad --disable-client-side-phishing-detection --disable-component-extensions-with-background-pages --disable-component-update --no-default-browser-check --disable-default-apps --disable-dev-shm-usage --disable-extensions --disable-features=ImprovedCookieControls,LazyFrameLoading,GlobalMediaControls,DestroyProfileOnBrowserClose,MediaRouter,DialMediaRouteProvider,AcceptCHFrame,AutoExpandDetailsElement,CertificateTransparencyComponentUpdater,AvoidUnnecessaryBeforeUnloadCheckSync,Translate,HttpsUpgrades,PaintHolding,ThirdPartyStoragePartitioning,LensOverlay,PlzDedicatedWorker --allow-pre-commit-input --disable-hang-monitor --disable-ipc-flooding-protection --disable-popup-blocking --disable-prompt-on-repost --disable-renderer-backgrounding --force-color-profile=srgb --metrics-recording-only --no-first-run --enable-automation --password-store=basic --use-mock-keychain --no-service-autorun --export-tagged-pdf --disable-search-engine-choice-screen --unsafely-disable-devtools-self-xss-warnings --headless --hide-scrollbars --mute-audio --blink-settings=primaryHoverType=2,availableHoverTypes=2,primaryPointerType=4,availablePointerTypes=4 --no-sandbox --user-data-dir=C:\Users\SOFIAM~1\AppData\Local\Temp\playwright_chromiumdev_profile-DTVhuM --remote-debugging-pipe --no-startup-window
    &lt;launched&gt; pid=17928
    [pid=17928][err] [0130/083256.112:ERROR:ssl_client_socket_impl.cc(878)] handshake failed; returned -1, SSL error code 1, net_error -101
    [pid=17928][err] [0130/083618.173:ERROR:ssl_client_socket_impl.cc(878)] handshake failed; returned -1, SSL error code 1, net_error -100
    [pid=17928][err] [0130/083647.838:ERROR:gles2_cmd_decoder_passthrough.cc(1053)] [GroupMarkerNotSet(crbug.com/242999)!:A0C0BE000C7A0000]Automatic fallback to software WebGL has been deprecated. Please use the --enable-unsafe-swiftshader flag to opt in to lower security guarantees for trusted content.
    [pid=17928][err] [0130/083647.875:ERROR:gl_utils.cc(426)] [.WebGL-0x6e7c06b94d00]GL Driver Message (OpenGL, Performance, GL_CLOSE_PATH_NV, High): GPU stall due to ReadPixels
    [pid=17928][err] [0130/083648.641:ERROR:gles2_cmd_decoder_passthrough.cc(1053)] [GroupMarkerNotSet(crbug.com/242999)!:A020BF000C7A0000]Automatic fallback to software WebGL has been deprecated. Please use the --enable-unsafe-swiftshader flag to opt in to lower security guarantees for trusted content.
    [pid=17928][err] [0130/083648.682:ERROR:gles2_cmd_decoder_passthrough.cc(1053)] [GroupMarkerNotSet(crbug.com/242999)!:A050BF000C7A0000]Automatic fallback to software WebGL has been deprecated. Please use the --enable-unsafe-swiftshader flag to opt in to lower security guarantees for trusted content.
    [pid=17928][err] [0130/083648.692:ERROR:gles2_cmd_decoder_passthrough.cc(1053)] [GroupMarkerNotSet(crbug.com/242999)!:A040C9000C7A0000]Automatic fallback to software WebGL has been deprecated. Please use the --enable-unsafe-swiftshader flag to opt in to lower security guarantees for trusted content.
    [pid=17928][err] [0130/083648.703:ERROR:gl_utils.cc(426)] [.WebGL-0x6e7c00578700]GL Driver Message (OpenGL, Performance, GL_CLOSE_PATH_NV, High): GPU stall due to ReadPixels
    [pid=17928][err] [0130/083648.733:ERROR:gles2_cmd_decoder_passthrough.cc(1053)] [GroupMarkerNotSet(crbug.com/242999)!:A070C9000C7A0000]Automatic fallback to software WebGL has been deprecated. Please use the --enable-unsafe-swiftshader flag to opt in to lower security guarantees for trusted content.
    [pid=17928][err] [0130/083648.744:ERROR:gles2_cmd_decoder_passthrough.cc(1053)] [GroupMarkerNotSet(crbug.com/242999)!:A0A0C9000C7A0000]Automatic fallback to software WebGL has been deprecated. Please use the --enable-unsafe-swiftshader flag to opt in to lower security guarantees for trusted content.
    [pid=17928][err] [0130/083648.882:ERROR:web_contents_delegate.cc(283)] WebContentsDelegate::CheckMediaAccessPermission: Not supported.
    [pid=17928][err] [0130/083648.883:ERROR:web_contents_delegate.cc(283)] WebContentsDelegate::CheckMediaAccessPermission: Not supported.
    [pid=17928][err] [0130/083735.649:ERROR:gles2_cmd_decoder_passthrough.cc(1053)] [GroupMarkerNotSet(crbug.com/242999)!:A0C0BE000C7A0000]Automatic fallback to software WebGL has been deprecated. Please use the --enable-unsafe-swiftshader flag to opt in to lower security guarantees for trusted content.
    [pid=17928][err] [0130/083735.675:ERROR:gl_utils.cc(426)] [.WebGL-0xe0406aa9c00]GL Driver Message (OpenGL, Performance, GL_CLOSE_PATH_NV, High): GPU stall due to ReadPixels
    [pid=17928][err] [0130/083735.911:ERROR:gles2_cmd_decoder_passthrough.cc(1053)] [GroupMarkerNotSet(crbug.com/242999)!:A020BF000C7A0000]Automatic fallback to software WebGL has been deprecated. Please use the --enable-unsafe-swiftshader flag to opt in to lower security guarantees for trusted content.
    [pid=17928][err] [0130/083735.943:ERROR:gles2_cmd_decoder_passthrough.cc(1053)] [GroupMarkerNotSet(crbug.com/242999)!:A050BF000C7A0000]Automatic fallback to software WebGL has been deprecated. Please use the --enable-unsafe-swiftshader flag to opt in to lower security guarantees for trusted content.
    [pid=17928][err] [0130/083735.951:ERROR:gles2_cmd_decoder_passthrough.cc(1053)] [GroupMarkerNotSet(crbug.com/242999)!:A040C9000C7A0000]Automatic fallback to software WebGL has been deprecated. Please use the --enable-unsafe-swiftshader flag to opt in to lower security guarantees for trusted content.
    [pid=17928][err] [0130/083735.957:ERROR:gl_utils.cc(426)] [.WebGL-0xe0406aabf00]GL Driver Message (OpenGL, Performance, GL_CLOSE_PATH_NV, High): GPU stall due to ReadPixels (this message will no longer repeat)
    [pid=17928][err] [0130/083735.977:ERROR:gles2_cmd_decoder_passthrough.cc(1053)] [GroupMarkerNotSet(crbug.com/242999)!:A070C9000C7A0000]Automatic fallback to software WebGL has been deprecated. Please use the --enable-unsafe-swiftshader flag to opt in to lower security guarantees for trusted content.
    [pid=17928][err] [0130/083735.983:ERROR:gles2_cmd_decoder_passthrough.cc(1053)] [GroupMarkerNotSet(crbug.com/242999)!:A0A0C9000C7A0000]Automatic fallback to software WebGL has been deprecated. Please use the --enable-unsafe-swiftshader flag to opt in to lower security guarantees for trusted content.
    [pid=17928][err] [0130/083736.086:ERROR:web_contents_delegate.cc(283)] WebContentsDelegate::CheckMediaAccessPermission: Not supported.
    [pid=17928][err] [0130/083736.086:ERROR:web_contents_delegate.cc(283)] WebContentsDelegate::CheckMediaAccessPermission: Not supported.
    [pid=17928][err] [0130/083834.435:ERROR:gles2_cmd_decoder_passthrough.cc(1053)] [GroupMarkerNotSet(crbug.com/242999)!:A0C0BE000C7A0000]Automatic fallback to software WebGL has been deprecated. Please use the --enable-unsafe-swiftshader flag to opt in to lower security guarantees for trusted content.
    [pid=17928][err] [0130/083834.801:ERROR:gles2_cmd_decoder_passthrough.cc(1053)] [GroupMarkerNotSet(crbug.com/242999)!:A0C0BE000C7A0000]Automatic fallback to software WebGL has been deprecated. Please use the --enable-unsafe-swiftshader flag to opt in to lower security guarantees for trusted content.
    [pid=17928][err] [0130/083834.842:ERROR:gles2_cmd_decoder_passthrough.cc(1053)] [GroupMarkerNotSet(crbug.com/242999)!:A020BF000C7A0000]Automatic fallback to software WebGL has been deprecated. Please use the --enable-unsafe-swiftshader flag to opt in to lower security guarantees for trusted content.
    [pid=17928][err] [0130/083834.851:ERROR:gles2_cmd_decoder_passthrough.cc(1053)] [GroupMarkerNotSet(crbug.com/242999)!:A050BF000C7A0000]Automatic fallback to software WebGL has been deprecated. Please use the --enable-unsafe-swiftshader flag to opt in to lower security guarantees for trusted content.
    [pid=17928][err] [0130/083834.885:ERROR:gles2_cmd_decoder_passthrough.cc(1053)] [GroupMarkerNotSet(crbug.com/242999)!:A040C9000C7A0000]Automatic fallback to software WebGL has been deprecated. Please use the --enable-unsafe-swiftshader flag to opt in to lower security guarantees for trusted content.
    [pid=17928][err] [0130/083834.894:ERROR:gles2_cmd_decoder_passthrough.cc(1053)] [GroupMarkerNotSet(crbug.com/242999)!:A070C9000C7A0000]Automatic fallback to software WebGL has been deprecated. Please use the --enable-unsafe-swiftshader flag to opt in to lower security guarantees for trusted content.
    [pid=17928][err] [0130/083834.973:ERROR:web_contents_delegate.cc(283)] WebContentsDelegate::CheckMediaAccessPermission: Not supported.
    [pid=17928][err] [0130/083834.973:ERROR:web_contents_delegate.cc(283)] WebContentsDelegate::CheckMediaAccessPermission: Not supported.
    [pid=17928][err] [0130/084243.560:ERROR:gles2_cmd_decoder_passthrough.cc(1053)] [GroupMarkerNotSet(crbug.com/242999)!:A0C0BE000C7A0000]Automatic fallback to software WebGL has been deprecated. Please use the --enable-unsafe-swiftshader flag to opt in to lower security guarantees for trusted content.
    [pid=17928][err] [0130/084243.883:ERROR:gles2_cmd_decoder_passthrough.cc(1053)] [GroupMarkerNotSet(crbug.com/242999)!:A020BF000C7A0000]Automatic fallback to software WebGL has been deprecated. Please use the --enable-unsafe-swiftshader flag to opt in to lower security guarantees for trusted content.
    [pid=17928][err] [0130/084243.919:ERROR:gles2_cmd_decoder_passthrough.cc(1053)] [GroupMarkerNotSet(crbug.com/242999)!:A050BF000C7A0000]Automatic fallback to software WebGL has been deprecated. Please use the --enable-unsafe-swiftshader flag to opt in to lower security guarantees for trusted content.
    [pid=17928][err] [0130/084243.929:ERROR:gles2_cmd_decoder_passthrough.cc(1053)] [GroupMarkerNotSet(crbug.com/242999)!:A040C9000C7A0000]Automatic fallback to software WebGL has been deprecated. Please use the --enable-unsafe-swiftshader flag to opt in to lower security guarantees for trusted content.
    [pid=17928][err] [0130/084243.956:ERROR:gles2_cmd_decoder_passthrough.cc(1053)] [GroupMarkerNotSet(crbug.com/242999)!:A070C9000C7A0000]Automatic fallback to software WebGL has been deprecated. Please use the --enable-unsafe-swiftshader flag to opt in to lower security guarantees for trusted content.
    [pid=17928][err] [0130/084243.964:ERROR:gles2_cmd_decoder_passthrough.cc(1053)] [GroupMarkerNotSet(crbug.com/242999)!:A0A0C9000C7A0000]Automatic fallback to software WebGL has been deprecated. Please use the --enable-unsafe-swiftshader flag to opt in to lower security guarantees for trusted content.
    [pid=17928][err] [0130/084244.032:ERROR:web_contents_delegate.cc(283)] WebContentsDelegate::CheckMediaAccessPermission: Not supported.
    [pid=17928][err] [0130/084244.032:ERROR:web_contents_delegate.cc(283)] WebContentsDelegate::CheckMediaAccessPermission: Not supported.
    [pid=17928][err] [0130/084320.533:ERROR:gles2_cmd_decoder_passthrough.cc(1053)] [GroupMarkerNotSet(crbug.com/242999)!:A0C0BE000C7A0000]Automatic fallback to software WebGL has been deprecated. Please use the --enable-unsafe-swiftshader flag to opt in to lower security guarantees for trusted content.
    [pid=17928][err] [0130/084321.168:ERROR:gles2_cmd_decoder_passthrough.cc(1053)] [GroupMarkerNotSet(crbug.com/242999)!:A020BF000C7A0000]Automatic fallback to software WebGL has been deprecated. Please use the --enable-unsafe-swiftshader flag to opt in to lower security guarantees for trusted content.
    [pid=17928][err] [0130/084321.213:ERROR:gles2_cmd_decoder_passthrough.cc(1053)] [GroupMarkerNotSet(crbug.com/242999)!:A050BF000C7A0000]Automatic fallback to software WebGL has been deprecated. Please use the --enable-unsafe-swiftshader flag to opt in to lower security guarantees for trusted content.
    [pid=17928][err] [0130/084321.223:ERROR:gles2_cmd_decoder_passthrough.cc(1053)] [GroupMarkerNotSet(crbug.com/242999)!:A040C9000C7A0000]Automatic fallback to software WebGL has been deprecated. Please use the --enable-unsafe-swiftshader flag to opt in to lower security guarantees for trusted content.
    [pid=17928][err] [0130/084321.262:ERROR:gles2_cmd_decoder_passthrough.cc(1053)] [GroupMarkerNotSet(crbug.com/242999)!:A070C9000C7A0000]Automatic fallback to software WebGL has been deprecated. Please use the --enable-unsafe-swiftshader flag to opt in to lower security guarantees for trusted content.
    [pid=17928][err] [0130/084321.272:ERROR:gles2_cmd_decoder_passthrough.cc(1053)] [GroupMarkerNotSet(crbug.com/242999)!:A0A0C9000C7A0000]Automatic fallback to software WebGL has been deprecated. Please use the --enable-unsafe-swiftshader flag to opt in to lower security guarantees for trusted content.
    [pid=17928][err] [0130/084321.380:ERROR:web_contents_delegate.cc(283)] WebContentsDelegate::CheckMediaAccessPermission: Not supported.
    [pid=17928][err] [0130/084321.380:ERROR:web_contents_delegate.cc(283)] WebContentsDelegate::CheckMediaAccessPermission: Not supported.
    [pid=17928][err] [0130/084400.914:ERROR:gles2_cmd_decoder_passthrough.cc(1053)] [GroupMarkerNotSet(crbug.com/242999)!:A0C0BE000C7A0000]Automatic fallback to software WebGL has been deprecated. Please use the --enable-unsafe-swiftshader flag to opt in to lower security guarantees for trusted content.
    [pid=17928][err] [0130/084401.399:ERROR:gles2_cmd_decoder_passthrough.cc(1053)] [GroupMarkerNotSet(crbug.com/242999)!:A020BF000C7A0000]Automatic fallback to software WebGL has been deprecated. Please use the --enable-unsafe-swiftshader flag to opt in to lower security guarantees for trusted content.
    [pid=17928][err] [0130/084401.440:ERROR:gles2_cmd_decoder_passthrough.cc(1053)] [GroupMarkerNotSet(crbug.com/242999)!:A050BF000C7A0000]Automatic fallback to software WebGL has been deprecated. Please use the --enable-unsafe-swiftshader flag to opt in to lower security guarantees for trusted content.
    [pid=17928][err] [0130/084401.449:ERROR:gles2_cmd_decoder_passthrough.cc(1053)] [GroupMarkerNotSet(crbug.com/242999)!:A040C9000C7A0000]Automatic fallback to software WebGL has been deprecated. Please use the --enable-unsafe-swiftshader flag to opt in to lower security guarantees for trusted content.
    [pid=17928][err] [0130/084401.485:ERROR:gles2_cmd_decoder_passthrough.cc(1053)] [GroupMarkerNotSet(crbug.com/242999)!:A070C9000C7A0000]Automatic fallback to software WebGL has been deprecated. Please use the --enable-unsafe-swiftshader flag to opt in to lower security guarantees for trusted content.
    [pid=17928][err] [0130/084401.496:ERROR:gles2_cmd_decoder_passthrough.cc(1053)] [GroupMarkerNotSet(crbug.com/242999)!:A0A0C9000C7A0000]Automatic fallback to software WebGL has been deprecated. Please use the --enable-unsafe-swiftshader flag to opt in to lower security guarantees for trusted content.
    [pid=17928][err] [0130/084401.591:ERROR:web_contents_delegate.cc(283)] WebContentsDelegate::CheckMediaAccessPermission: Not supported.
    [pid=17928][err] [0130/084401.591:ERROR:web_contents_delegate.cc(283)] WebContentsDelegate::CheckMediaAccessPermission: Not supported.
    [pid=17928] &lt;gracefully close start&gt;

      233 |   } finally {
      234 |     if (page) await page.close();
    &gt; 235 |     if (context) await context.close();
          |                  ^
      236 |   }
      237 |
      238 |   return shouldContinueTests; // Return the status of the test execution
        at executeTests (C:\playwright-project\src\tests\2TipsNoExtraNoSeat.spec.ts:235:18)
        at C:\playwright-project\src\tests\2TipsNoExtraNoSeat.spec.ts:1677:30

    attachment #1: screenshot (image/png) ──────────────────────────────────────────────────────────
    test-results\2TipsNoExtraNoSeat-34-Comp-e29cf-ión-completa-con-reintentos-chromium\test-failed-1.png
    ────────────────────────────────────────────────────────────────────────────────────────────────

</failure>
<system-out>
Ejecución completa, intento 1 de 5
Ejecutando Booking, intento 1
Fecha de salida seleccionada: { year: [32m'2025'[39m, month: [32m'6'[39m, index: [33m6[39m, value: [33m17[39m }
Fecha de regreso seleccionada: { year: [32m'2025'[39m, month: [32m'6'[39m, index: [33m7[39m, value: [33m19[39m }
Ajustando número de pasajeros
Ejecutando Booking, intento 2
Ejecutando Booking, intento 3

</system-out>
<system-err>
Attempt 1 to click div.price-cabin:has-text("Premium") failed: page.click: Test ended.
Call log:
[2m  - waiting for locator('div.price-cabin:has-text("Premium")')[22m

Error seleccionando vuelos: page.waitForTimeout: Target page, context or browser has been closed
    at forceClick [90m(C:\playwright-project\[39msrc\page-objects\FlightPage.ts:14:28[90m)[39m
    at selectFlights [90m(C:\playwright-project\[39msrc\page-objects\FlightPage.ts:32:9[90m)[39m
    at chooseFlights [90m(C:\playwright-project\[39msrc\tests\2TipsNoExtraNoSeat.spec.ts:67:3[90m)[39m
    at global [90m(C:\playwright-project\[39msrc\tests\2TipsNoExtraNoSeat.spec.ts:112:3[90m)[39m
    at runWithRetries [90m(C:\playwright-project\[39msrc\tests\2TipsNoExtraNoSeat.spec.ts:121:7[90m)[39m
    at executeTests [90m(C:\playwright-project\[39msrc\tests\2TipsNoExtraNoSeat.spec.ts:143:27[90m)[39m
    at [90mC:\playwright-project\[39msrc\tests\2TipsNoExtraNoSeat.spec.ts:1677:30
Intento 1 fallido en Booking: locator.click: Target page, context or browser has been closed
    at chooseFlights [90m(C:\playwright-project\[39msrc\tests\2TipsNoExtraNoSeat.spec.ts:69:56[90m)[39m
    at global [90m(C:\playwright-project\[39msrc\tests\2TipsNoExtraNoSeat.spec.ts:112:3[90m)[39m
    at runWithRetries [90m(C:\playwright-project\[39msrc\tests\2TipsNoExtraNoSeat.spec.ts:121:7[90m)[39m
    at executeTests [90m(C:\playwright-project\[39msrc\tests\2TipsNoExtraNoSeat.spec.ts:143:27[90m)[39m
    at [90mC:\playwright-project\[39msrc\tests\2TipsNoExtraNoSeat.spec.ts:1677:30
Intento 2 fallido en Booking: locator.click: Target page, context or browser has been closed
    at chooseLengMoney [90m(C:\playwright-project\[39msrc\tests\2TipsNoExtraNoSeat.spec.ts:35:52[90m)[39m
    at global [90m(C:\playwright-project\[39msrc\tests\2TipsNoExtraNoSeat.spec.ts:97:9[90m)[39m
    at fn [90m(C:\playwright-project\[39msrc\tests\2TipsNoExtraNoSeat.spec.ts:144:13[90m)[39m
    at runWithRetries [90m(C:\playwright-project\[39msrc\tests\2TipsNoExtraNoSeat.spec.ts:121:13[90m)[39m
    at executeTests [90m(C:\playwright-project\[39msrc\tests\2TipsNoExtraNoSeat.spec.ts:143:27[90m)[39m
    at [90mC:\playwright-project\[39msrc\tests\2TipsNoExtraNoSeat.spec.ts:1677:30
Intento 3 fallido en Booking: locator.click: Target page, context or browser has been closed
    at chooseLengMoney [90m(C:\playwright-project\[39msrc\tests\2TipsNoExtraNoSeat.spec.ts:35:52[90m)[39m
    at global [90m(C:\playwright-project\[39msrc\tests\2TipsNoExtraNoSeat.spec.ts:97:9[90m)[39m
    at fn [90m(C:\playwright-project\[39msrc\tests\2TipsNoExtraNoSeat.spec.ts:144:13[90m)[39m
    at runWithRetries [90m(C:\playwright-project\[39msrc\tests\2TipsNoExtraNoSeat.spec.ts:121:13[90m)[39m
    at executeTests [90m(C:\playwright-project\[39msrc\tests\2TipsNoExtraNoSeat.spec.ts:143:27[90m)[39m
    at [90mC:\playwright-project\[39msrc\tests\2TipsNoExtraNoSeat.spec.ts:1677:30
Error crítico durante la ejecución: page.screenshot: Target page, context or browser has been closed
    at runWithRetries [90m(C:\playwright-project\[39msrc\tests\2TipsNoExtraNoSeat.spec.ts:126:20[90m)[39m
    at executeTests [90m(C:\playwright-project\[39msrc\tests\2TipsNoExtraNoSeat.spec.ts:143:27[90m)[39m
    at [90mC:\playwright-project\[39msrc\tests\2TipsNoExtraNoSeat.spec.ts:1677:30

Warning: attachment 2TipsNoExtraNoSeat-34-Comp-e29cf-ión-completa-con-reintentos-chromium\test-failed-1.png is missing
</system-err>
</testcase>
<testcase name="35. Compra 1 adt PremComfort - PremExtra - sin assitence › Ejecución completa con reintentos" classname="2TipsNoExtraNoSeat.spec.ts" time="48.841">
<system-out>
Ejecución completa, intento 1 de 5
Ejecutando Booking, intento 1
Fecha de salida seleccionada: { year: [32m'2025'[39m, month: [32m'6'[39m, index: [33m6[39m, value: [33m17[39m }
Fecha de regreso seleccionada: { year: [32m'2025'[39m, month: [32m'6'[39m, index: [33m7[39m, value: [33m19[39m }
Ajustando número de pasajeros
Successfully clicked the element: div.price-cabin:has-text("Premium")
Successfully clicked the element: div.price-cabin:has-text("Premium")
Ejecutando fillPassengerAdult 1, intento 1
Ejecutando fillContact, intento 1
Ejecutando payWithCard, intento 1
Iframe encontrado.
Ejecutando payWithCard, intento 1
Ejecutando payWithCard, intento 2
Ejecutando payWithCard, intento 3
Successfully saved booking code M92YL to Excel

</system-out>
<system-err>
Confirmation page validation failed: Flight Summary section not found on confirmation page
Intento 1 fallido en payWithCard: Error [ValidationError]: Flight Summary section not found on confirmation page
    at validationConfirmPage [90m(C:\playwright-project\[39msrc\page-objects\confirmation.ts:75:27[90m)[39m
[90m    at runNextTicks (node:internal/process/task_queues:65:5)[39m
[90m    at processImmediate (node:internal/timers:459:9)[39m
[90m    at process.callbackTrampoline (node:internal/async_hooks:130:17)[39m
    at validationConfirmationPage [90m(C:\playwright-project\[39msrc\tests\2TipsNoExtraNoSeat.spec.ts:90:3[90m)[39m
    at runWithRetries [90m(C:\playwright-project\[39msrc\tests\2TipsNoExtraNoSeat.spec.ts:121:7[90m)[39m
    at executeTests [90m(C:\playwright-project\[39msrc\tests\2TipsNoExtraNoSeat.spec.ts:221:29[90m)[39m
    at [90mC:\playwright-project\[39msrc\tests\2TipsNoExtraNoSeat.spec.ts:1720:30
    at [90mC:\playwright-project\[39mnode_modules\[4mplaywright[24m\lib\worker\workerMain.js:339:9
    at [90mC:\playwright-project\[39mnode_modules\[4mplaywright[24m\lib\worker\testInfo.js:286:11
    at TimeoutManager.withRunnable [90m(C:\playwright-project\[39mnode_modules\[4mplaywright[24m\lib\worker\timeoutManager.js:64:14[90m)[39m
    at TestInfoImpl._runAsStage [90m(C:\playwright-project\[39mnode_modules\[4mplaywright[24m\lib\worker\testInfo.js:284:7[90m)[39m
    at [90mC:\playwright-project\[39mnode_modules\[4mplaywright[24m\lib\worker\workerMain.js:331:7
    at [90mC:\playwright-project\[39mnode_modules\[4mplaywright[24m\lib\worker\testInfo.js:286:11
    at TimeoutManager.withRunnable [90m(C:\playwright-project\[39mnode_modules\[4mplaywright[24m\lib\worker\timeoutManager.js:52:27[90m)[39m
    at TestInfoImpl._runAsStage [90m(C:\playwright-project\[39mnode_modules\[4mplaywright[24m\lib\worker\testInfo.js:284:7[90m)[39m
    at WorkerMain._runTest [90m(C:\playwright-project\[39mnode_modules\[4mplaywright[24m\lib\worker\workerMain.js:281:5[90m)[39m
    at WorkerMain.runTestGroup [90m(C:\playwright-project\[39mnode_modules\[4mplaywright[24m\lib\worker\workerMain.js:205:11[90m)[39m
    at process.&lt;anonymous&gt; [90m(C:\playwright-project\[39mnode_modules\[4mplaywright[24m\lib\common\process.js:95:22[90m)[39m {
  fatal: [33mtrue[39m
}
Confirmation page validation failed: Not on confirmation page URL
Intento 2 fallido en payWithCard: Error [ValidationError]: Not on confirmation page URL
    at validationConfirmPage [90m(C:\playwright-project\[39msrc\page-objects\confirmation.ts:83:27[90m)[39m
[90m    at runNextTicks (node:internal/process/task_queues:65:5)[39m
[90m    at processImmediate (node:internal/timers:459:9)[39m
[90m    at process.callbackTrampoline (node:internal/async_hooks:130:17)[39m
    at validationConfirmationPage [90m(C:\playwright-project\[39msrc\tests\2TipsNoExtraNoSeat.spec.ts:90:3[90m)[39m
    at runWithRetries [90m(C:\playwright-project\[39msrc\tests\2TipsNoExtraNoSeat.spec.ts:121:7[90m)[39m
    at executeTests [90m(C:\playwright-project\[39msrc\tests\2TipsNoExtraNoSeat.spec.ts:221:29[90m)[39m
    at [90mC:\playwright-project\[39msrc\tests\2TipsNoExtraNoSeat.spec.ts:1720:30
    at [90mC:\playwright-project\[39mnode_modules\[4mplaywright[24m\lib\worker\workerMain.js:339:9
    at [90mC:\playwright-project\[39mnode_modules\[4mplaywright[24m\lib\worker\testInfo.js:286:11
    at TimeoutManager.withRunnable [90m(C:\playwright-project\[39mnode_modules\[4mplaywright[24m\lib\worker\timeoutManager.js:64:14[90m)[39m
    at TestInfoImpl._runAsStage [90m(C:\playwright-project\[39mnode_modules\[4mplaywright[24m\lib\worker\testInfo.js:284:7[90m)[39m
    at [90mC:\playwright-project\[39mnode_modules\[4mplaywright[24m\lib\worker\workerMain.js:331:7
    at [90mC:\playwright-project\[39mnode_modules\[4mplaywright[24m\lib\worker\testInfo.js:286:11
    at TimeoutManager.withRunnable [90m(C:\playwright-project\[39mnode_modules\[4mplaywright[24m\lib\worker\timeoutManager.js:52:27[90m)[39m
    at TestInfoImpl._runAsStage [90m(C:\playwright-project\[39mnode_modules\[4mplaywright[24m\lib\worker\testInfo.js:284:7[90m)[39m
    at WorkerMain._runTest [90m(C:\playwright-project\[39mnode_modules\[4mplaywright[24m\lib\worker\workerMain.js:281:5[90m)[39m
    at WorkerMain.runTestGroup [90m(C:\playwright-project\[39mnode_modules\[4mplaywright[24m\lib\worker\workerMain.js:205:11[90m)[39m
    at process.&lt;anonymous&gt; [90m(C:\playwright-project\[39mnode_modules\[4mplaywright[24m\lib\common\process.js:95:22[90m)[39m {
  fatal: [33mtrue[39m
}

</system-err>
</testcase>
<testcase name="36. Compra 1 adt PremExtra - Eco Light - sin assitence › Ejecución completa con reintentos" classname="2TipsNoExtraNoSeat.spec.ts" time="58.955">
<system-out>
Ejecución completa, intento 1 de 5
Ejecutando Booking, intento 1
Fecha de salida seleccionada: { year: [32m'2025'[39m, month: [32m'6'[39m, index: [33m6[39m, value: [33m17[39m }
Fecha de regreso seleccionada: { year: [32m'2025'[39m, month: [32m'6'[39m, index: [33m7[39m, value: [33m19[39m }
Ajustando número de pasajeros
Successfully clicked the element: div.price-cabin:has-text("Premium")
Successfully clicked the element: div.price-cabin:has-text("Economy")
Ejecutando fillPassengerAdult 1, intento 1
Ejecutando fillContact, intento 1
Ejecutando payWithCard, intento 1
Iframe encontrado.
Ejecutando payWithCard, intento 1
Ejecutando payWithCard, intento 2
Ejecutando payWithCard, intento 3
Successfully saved booking code M92YT to Excel

</system-out>
<system-err>
Confirmation page validation failed: Flight Summary section not found on confirmation page
Intento 1 fallido en payWithCard: Error [ValidationError]: Flight Summary section not found on confirmation page
    at validationConfirmPage [90m(C:\playwright-project\[39msrc\page-objects\confirmation.ts:75:27[90m)[39m
[90m    at runNextTicks (node:internal/process/task_queues:65:5)[39m
[90m    at processImmediate (node:internal/timers:459:9)[39m
[90m    at process.callbackTrampoline (node:internal/async_hooks:130:17)[39m
    at validationConfirmationPage [90m(C:\playwright-project\[39msrc\tests\2TipsNoExtraNoSeat.spec.ts:90:3[90m)[39m
    at runWithRetries [90m(C:\playwright-project\[39msrc\tests\2TipsNoExtraNoSeat.spec.ts:121:7[90m)[39m
    at executeTests [90m(C:\playwright-project\[39msrc\tests\2TipsNoExtraNoSeat.spec.ts:221:29[90m)[39m
    at [90mC:\playwright-project\[39msrc\tests\2TipsNoExtraNoSeat.spec.ts:1762:30
    at [90mC:\playwright-project\[39mnode_modules\[4mplaywright[24m\lib\worker\workerMain.js:339:9
    at [90mC:\playwright-project\[39mnode_modules\[4mplaywright[24m\lib\worker\testInfo.js:286:11
    at TimeoutManager.withRunnable [90m(C:\playwright-project\[39mnode_modules\[4mplaywright[24m\lib\worker\timeoutManager.js:64:14[90m)[39m
    at TestInfoImpl._runAsStage [90m(C:\playwright-project\[39mnode_modules\[4mplaywright[24m\lib\worker\testInfo.js:284:7[90m)[39m
    at [90mC:\playwright-project\[39mnode_modules\[4mplaywright[24m\lib\worker\workerMain.js:331:7
    at [90mC:\playwright-project\[39mnode_modules\[4mplaywright[24m\lib\worker\testInfo.js:286:11
    at TimeoutManager.withRunnable [90m(C:\playwright-project\[39mnode_modules\[4mplaywright[24m\lib\worker\timeoutManager.js:52:27[90m)[39m
    at TestInfoImpl._runAsStage [90m(C:\playwright-project\[39mnode_modules\[4mplaywright[24m\lib\worker\testInfo.js:284:7[90m)[39m
    at WorkerMain._runTest [90m(C:\playwright-project\[39mnode_modules\[4mplaywright[24m\lib\worker\workerMain.js:281:5[90m)[39m
    at WorkerMain.runTestGroup [90m(C:\playwright-project\[39mnode_modules\[4mplaywright[24m\lib\worker\workerMain.js:205:11[90m)[39m
    at process.&lt;anonymous&gt; [90m(C:\playwright-project\[39mnode_modules\[4mplaywright[24m\lib\common\process.js:95:22[90m)[39m {
  fatal: [33mtrue[39m
}
Confirmation page validation failed: Not on confirmation page URL
Intento 2 fallido en payWithCard: Error [ValidationError]: Not on confirmation page URL
    at validationConfirmPage [90m(C:\playwright-project\[39msrc\page-objects\confirmation.ts:83:27[90m)[39m
    at validationConfirmationPage [90m(C:\playwright-project\[39msrc\tests\2TipsNoExtraNoSeat.spec.ts:90:3[90m)[39m
    at runWithRetries [90m(C:\playwright-project\[39msrc\tests\2TipsNoExtraNoSeat.spec.ts:121:7[90m)[39m
    at executeTests [90m(C:\playwright-project\[39msrc\tests\2TipsNoExtraNoSeat.spec.ts:221:29[90m)[39m
    at [90mC:\playwright-project\[39msrc\tests\2TipsNoExtraNoSeat.spec.ts:1762:30
    at [90mC:\playwright-project\[39mnode_modules\[4mplaywright[24m\lib\worker\workerMain.js:339:9
    at [90mC:\playwright-project\[39mnode_modules\[4mplaywright[24m\lib\worker\testInfo.js:286:11
    at TimeoutManager.withRunnable [90m(C:\playwright-project\[39mnode_modules\[4mplaywright[24m\lib\worker\timeoutManager.js:64:14[90m)[39m
    at TestInfoImpl._runAsStage [90m(C:\playwright-project\[39mnode_modules\[4mplaywright[24m\lib\worker\testInfo.js:284:7[90m)[39m
    at [90mC:\playwright-project\[39mnode_modules\[4mplaywright[24m\lib\worker\workerMain.js:331:7
    at [90mC:\playwright-project\[39mnode_modules\[4mplaywright[24m\lib\worker\testInfo.js:286:11
    at TimeoutManager.withRunnable [90m(C:\playwright-project\[39mnode_modules\[4mplaywright[24m\lib\worker\timeoutManager.js:52:27[90m)[39m
    at TestInfoImpl._runAsStage [90m(C:\playwright-project\[39mnode_modules\[4mplaywright[24m\lib\worker\testInfo.js:284:7[90m)[39m
    at WorkerMain._runTest [90m(C:\playwright-project\[39mnode_modules\[4mplaywright[24m\lib\worker\workerMain.js:281:5[90m)[39m
    at WorkerMain.runTestGroup [90m(C:\playwright-project\[39mnode_modules\[4mplaywright[24m\lib\worker\workerMain.js:205:11[90m)[39m
    at process.&lt;anonymous&gt; [90m(C:\playwright-project\[39mnode_modules\[4mplaywright[24m\lib\common\process.js:95:22[90m)[39m {
  fatal: [33mtrue[39m
}

</system-err>
</testcase>
<testcase name="37. Compra 1 adt PremExtra - Eco Comfort - sin assitence › Ejecución completa con reintentos" classname="2TipsNoExtraNoSeat.spec.ts" time="46.502">
<system-out>
Ejecución completa, intento 1 de 5
Ejecutando Booking, intento 1
Fecha de salida seleccionada: { year: [32m'2025'[39m, month: [32m'6'[39m, index: [33m6[39m, value: [33m17[39m }
Fecha de regreso seleccionada: { year: [32m'2025'[39m, month: [32m'6'[39m, index: [33m7[39m, value: [33m19[39m }
Ajustando número de pasajeros
Successfully clicked the element: div.price-cabin:has-text("Premium")
Successfully clicked the element: div.price-cabin:has-text("Economy")
Ejecutando fillPassengerAdult 1, intento 1
Ejecutando fillContact, intento 1
Ejecutando payWithCard, intento 1
Iframe encontrado.
Ejecutando payWithCard, intento 1
Ejecutando payWithCard, intento 2
Ejecutando payWithCard, intento 3
Successfully saved booking code M92YP to Excel

</system-out>
<system-err>
Confirmation page validation failed: Flight Summary section not found on confirmation page
Intento 1 fallido en payWithCard: Error [ValidationError]: Flight Summary section not found on confirmation page
    at validationConfirmPage [90m(C:\playwright-project\[39msrc\page-objects\confirmation.ts:75:27[90m)[39m
[90m    at runNextTicks (node:internal/process/task_queues:65:5)[39m
[90m    at processImmediate (node:internal/timers:459:9)[39m
[90m    at process.callbackTrampoline (node:internal/async_hooks:130:17)[39m
    at validationConfirmationPage [90m(C:\playwright-project\[39msrc\tests\2TipsNoExtraNoSeat.spec.ts:90:3[90m)[39m
    at runWithRetries [90m(C:\playwright-project\[39msrc\tests\2TipsNoExtraNoSeat.spec.ts:121:7[90m)[39m
    at executeTests [90m(C:\playwright-project\[39msrc\tests\2TipsNoExtraNoSeat.spec.ts:221:29[90m)[39m
    at [90mC:\playwright-project\[39msrc\tests\2TipsNoExtraNoSeat.spec.ts:1805:30
    at [90mC:\playwright-project\[39mnode_modules\[4mplaywright[24m\lib\worker\workerMain.js:339:9
    at [90mC:\playwright-project\[39mnode_modules\[4mplaywright[24m\lib\worker\testInfo.js:286:11
    at TimeoutManager.withRunnable [90m(C:\playwright-project\[39mnode_modules\[4mplaywright[24m\lib\worker\timeoutManager.js:64:14[90m)[39m
    at TestInfoImpl._runAsStage [90m(C:\playwright-project\[39mnode_modules\[4mplaywright[24m\lib\worker\testInfo.js:284:7[90m)[39m
    at [90mC:\playwright-project\[39mnode_modules\[4mplaywright[24m\lib\worker\workerMain.js:331:7
    at [90mC:\playwright-project\[39mnode_modules\[4mplaywright[24m\lib\worker\testInfo.js:286:11
    at TimeoutManager.withRunnable [90m(C:\playwright-project\[39mnode_modules\[4mplaywright[24m\lib\worker\timeoutManager.js:52:27[90m)[39m
    at TestInfoImpl._runAsStage [90m(C:\playwright-project\[39mnode_modules\[4mplaywright[24m\lib\worker\testInfo.js:284:7[90m)[39m
    at WorkerMain._runTest [90m(C:\playwright-project\[39mnode_modules\[4mplaywright[24m\lib\worker\workerMain.js:281:5[90m)[39m
    at WorkerMain.runTestGroup [90m(C:\playwright-project\[39mnode_modules\[4mplaywright[24m\lib\worker\workerMain.js:205:11[90m)[39m
    at process.&lt;anonymous&gt; [90m(C:\playwright-project\[39mnode_modules\[4mplaywright[24m\lib\common\process.js:95:22[90m)[39m {
  fatal: [33mtrue[39m
}
Confirmation page validation failed: Not on confirmation page URL
Intento 2 fallido en payWithCard: Error [ValidationError]: Not on confirmation page URL
    at validationConfirmPage [90m(C:\playwright-project\[39msrc\page-objects\confirmation.ts:83:27[90m)[39m
    at validationConfirmationPage [90m(C:\playwright-project\[39msrc\tests\2TipsNoExtraNoSeat.spec.ts:90:3[90m)[39m
    at runWithRetries [90m(C:\playwright-project\[39msrc\tests\2TipsNoExtraNoSeat.spec.ts:121:7[90m)[39m
    at executeTests [90m(C:\playwright-project\[39msrc\tests\2TipsNoExtraNoSeat.spec.ts:221:29[90m)[39m
    at [90mC:\playwright-project\[39msrc\tests\2TipsNoExtraNoSeat.spec.ts:1805:30
    at [90mC:\playwright-project\[39mnode_modules\[4mplaywright[24m\lib\worker\workerMain.js:339:9
    at [90mC:\playwright-project\[39mnode_modules\[4mplaywright[24m\lib\worker\testInfo.js:286:11
    at TimeoutManager.withRunnable [90m(C:\playwright-project\[39mnode_modules\[4mplaywright[24m\lib\worker\timeoutManager.js:64:14[90m)[39m
    at TestInfoImpl._runAsStage [90m(C:\playwright-project\[39mnode_modules\[4mplaywright[24m\lib\worker\testInfo.js:284:7[90m)[39m
    at [90mC:\playwright-project\[39mnode_modules\[4mplaywright[24m\lib\worker\workerMain.js:331:7
    at [90mC:\playwright-project\[39mnode_modules\[4mplaywright[24m\lib\worker\testInfo.js:286:11
    at TimeoutManager.withRunnable [90m(C:\playwright-project\[39mnode_modules\[4mplaywright[24m\lib\worker\timeoutManager.js:52:27[90m)[39m
    at TestInfoImpl._runAsStage [90m(C:\playwright-project\[39mnode_modules\[4mplaywright[24m\lib\worker\testInfo.js:284:7[90m)[39m
    at WorkerMain._runTest [90m(C:\playwright-project\[39mnode_modules\[4mplaywright[24m\lib\worker\workerMain.js:281:5[90m)[39m
    at WorkerMain.runTestGroup [90m(C:\playwright-project\[39mnode_modules\[4mplaywright[24m\lib\worker\workerMain.js:205:11[90m)[39m
    at process.&lt;anonymous&gt; [90m(C:\playwright-project\[39mnode_modules\[4mplaywright[24m\lib\common\process.js:95:22[90m)[39m {
  fatal: [33mtrue[39m
}

</system-err>
</testcase>
<testcase name="38. Compra 1 adt PremExtra - Eco Extra - sin assitence › Ejecución completa con reintentos" classname="2TipsNoExtraNoSeat.spec.ts" time="39.482">
<system-out>
Ejecución completa, intento 1 de 5
Ejecutando Booking, intento 1
Fecha de salida seleccionada: { year: [32m'2025'[39m, month: [32m'6'[39m, index: [33m3[39m, value: [33m10[39m }
Fecha de regreso seleccionada: { year: [32m'2025'[39m, month: [32m'6'[39m, index: [33m4[39m, value: [33m12[39m }
Ajustando número de pasajeros
Successfully clicked the element: div.price-cabin:has-text("Premium")
Successfully clicked the element: div.price-cabin:has-text("Economy")
Ejecutando fillPassengerAdult 1, intento 1
Ejecutando fillContact, intento 1
Ejecutando payWithCard, intento 1
Iframe encontrado.
Ejecutando payWithCard, intento 1
Ejecutando payWithCard, intento 2
Ejecutando payWithCard, intento 3
Successfully saved booking code M92YX to Excel

</system-out>
<system-err>
Confirmation page validation failed: Flight Summary section not found on confirmation page
Intento 1 fallido en payWithCard: Error [ValidationError]: Flight Summary section not found on confirmation page
    at validationConfirmPage [90m(C:\playwright-project\[39msrc\page-objects\confirmation.ts:75:27[90m)[39m
[90m    at runNextTicks (node:internal/process/task_queues:65:5)[39m
[90m    at processImmediate (node:internal/timers:459:9)[39m
[90m    at process.callbackTrampoline (node:internal/async_hooks:130:17)[39m
    at validationConfirmationPage [90m(C:\playwright-project\[39msrc\tests\2TipsNoExtraNoSeat.spec.ts:90:3[90m)[39m
    at runWithRetries [90m(C:\playwright-project\[39msrc\tests\2TipsNoExtraNoSeat.spec.ts:121:7[90m)[39m
    at executeTests [90m(C:\playwright-project\[39msrc\tests\2TipsNoExtraNoSeat.spec.ts:221:29[90m)[39m
    at [90mC:\playwright-project\[39msrc\tests\2TipsNoExtraNoSeat.spec.ts:1848:30
    at [90mC:\playwright-project\[39mnode_modules\[4mplaywright[24m\lib\worker\workerMain.js:339:9
    at [90mC:\playwright-project\[39mnode_modules\[4mplaywright[24m\lib\worker\testInfo.js:286:11
    at TimeoutManager.withRunnable [90m(C:\playwright-project\[39mnode_modules\[4mplaywright[24m\lib\worker\timeoutManager.js:64:14[90m)[39m
    at TestInfoImpl._runAsStage [90m(C:\playwright-project\[39mnode_modules\[4mplaywright[24m\lib\worker\testInfo.js:284:7[90m)[39m
    at [90mC:\playwright-project\[39mnode_modules\[4mplaywright[24m\lib\worker\workerMain.js:331:7
    at [90mC:\playwright-project\[39mnode_modules\[4mplaywright[24m\lib\worker\testInfo.js:286:11
    at TimeoutManager.withRunnable [90m(C:\playwright-project\[39mnode_modules\[4mplaywright[24m\lib\worker\timeoutManager.js:52:27[90m)[39m
    at TestInfoImpl._runAsStage [90m(C:\playwright-project\[39mnode_modules\[4mplaywright[24m\lib\worker\testInfo.js:284:7[90m)[39m
    at WorkerMain._runTest [90m(C:\playwright-project\[39mnode_modules\[4mplaywright[24m\lib\worker\workerMain.js:281:5[90m)[39m
    at WorkerMain.runTestGroup [90m(C:\playwright-project\[39mnode_modules\[4mplaywright[24m\lib\worker\workerMain.js:205:11[90m)[39m
    at process.&lt;anonymous&gt; [90m(C:\playwright-project\[39mnode_modules\[4mplaywright[24m\lib\common\process.js:95:22[90m)[39m {
  fatal: [33mtrue[39m
}
Confirmation page validation failed: Not on confirmation page URL
Intento 2 fallido en payWithCard: Error [ValidationError]: Not on confirmation page URL
    at validationConfirmPage [90m(C:\playwright-project\[39msrc\page-objects\confirmation.ts:83:27[90m)[39m
[90m    at runNextTicks (node:internal/process/task_queues:65:5)[39m
[90m    at processImmediate (node:internal/timers:459:9)[39m
[90m    at process.callbackTrampoline (node:internal/async_hooks:130:17)[39m
    at validationConfirmationPage [90m(C:\playwright-project\[39msrc\tests\2TipsNoExtraNoSeat.spec.ts:90:3[90m)[39m
    at runWithRetries [90m(C:\playwright-project\[39msrc\tests\2TipsNoExtraNoSeat.spec.ts:121:7[90m)[39m
    at executeTests [90m(C:\playwright-project\[39msrc\tests\2TipsNoExtraNoSeat.spec.ts:221:29[90m)[39m
    at [90mC:\playwright-project\[39msrc\tests\2TipsNoExtraNoSeat.spec.ts:1848:30
    at [90mC:\playwright-project\[39mnode_modules\[4mplaywright[24m\lib\worker\workerMain.js:339:9
    at [90mC:\playwright-project\[39mnode_modules\[4mplaywright[24m\lib\worker\testInfo.js:286:11
    at TimeoutManager.withRunnable [90m(C:\playwright-project\[39mnode_modules\[4mplaywright[24m\lib\worker\timeoutManager.js:64:14[90m)[39m
    at TestInfoImpl._runAsStage [90m(C:\playwright-project\[39mnode_modules\[4mplaywright[24m\lib\worker\testInfo.js:284:7[90m)[39m
    at [90mC:\playwright-project\[39mnode_modules\[4mplaywright[24m\lib\worker\workerMain.js:331:7
    at [90mC:\playwright-project\[39mnode_modules\[4mplaywright[24m\lib\worker\testInfo.js:286:11
    at TimeoutManager.withRunnable [90m(C:\playwright-project\[39mnode_modules\[4mplaywright[24m\lib\worker\timeoutManager.js:52:27[90m)[39m
    at TestInfoImpl._runAsStage [90m(C:\playwright-project\[39mnode_modules\[4mplaywright[24m\lib\worker\testInfo.js:284:7[90m)[39m
    at WorkerMain._runTest [90m(C:\playwright-project\[39mnode_modules\[4mplaywright[24m\lib\worker\workerMain.js:281:5[90m)[39m
    at WorkerMain.runTestGroup [90m(C:\playwright-project\[39mnode_modules\[4mplaywright[24m\lib\worker\workerMain.js:205:11[90m)[39m
    at process.&lt;anonymous&gt; [90m(C:\playwright-project\[39mnode_modules\[4mplaywright[24m\lib\common\process.js:95:22[90m)[39m {
  fatal: [33mtrue[39m
}

</system-err>
</testcase>
<testcase name="39. Compra 1 adt PremExtra - PremLight - sin assitence › Ejecución completa con reintentos" classname="2TipsNoExtraNoSeat.spec.ts" time="37.971">
<system-out>
Ejecución completa, intento 1 de 5
Ejecutando Booking, intento 1
Fecha de salida seleccionada: { year: [32m'2025'[39m, month: [32m'6'[39m, index: [33m7[39m, value: [33m19[39m }
Fecha de regreso seleccionada: { year: [32m'2025'[39m, month: [32m'6'[39m, index: [33m8[39m, value: [33m21[39m }
Ajustando número de pasajeros
Successfully clicked the element: div.price-cabin:has-text("Premium")
Successfully clicked the element: div.price-cabin:has-text("Premium")
Ejecutando fillPassengerAdult 1, intento 1
Ejecutando fillContact, intento 1
Ejecutando payWithCard, intento 1
Iframe encontrado.
Ejecutando payWithCard, intento 1
Ejecutando payWithCard, intento 2
Ejecutando payWithCard, intento 3
Successfully saved booking code M92YV to Excel

</system-out>
<system-err>
Confirmation page validation failed: Flight Summary section not found on confirmation page
Intento 1 fallido en payWithCard: Error [ValidationError]: Flight Summary section not found on confirmation page
    at validationConfirmPage [90m(C:\playwright-project\[39msrc\page-objects\confirmation.ts:75:27[90m)[39m
[90m    at runNextTicks (node:internal/process/task_queues:65:5)[39m
[90m    at processImmediate (node:internal/timers:459:9)[39m
[90m    at process.callbackTrampoline (node:internal/async_hooks:130:17)[39m
    at validationConfirmationPage [90m(C:\playwright-project\[39msrc\tests\2TipsNoExtraNoSeat.spec.ts:90:3[90m)[39m
    at runWithRetries [90m(C:\playwright-project\[39msrc\tests\2TipsNoExtraNoSeat.spec.ts:121:7[90m)[39m
    at executeTests [90m(C:\playwright-project\[39msrc\tests\2TipsNoExtraNoSeat.spec.ts:221:29[90m)[39m
    at [90mC:\playwright-project\[39msrc\tests\2TipsNoExtraNoSeat.spec.ts:1891:30
    at [90mC:\playwright-project\[39mnode_modules\[4mplaywright[24m\lib\worker\workerMain.js:339:9
    at [90mC:\playwright-project\[39mnode_modules\[4mplaywright[24m\lib\worker\testInfo.js:286:11
    at TimeoutManager.withRunnable [90m(C:\playwright-project\[39mnode_modules\[4mplaywright[24m\lib\worker\timeoutManager.js:64:14[90m)[39m
    at TestInfoImpl._runAsStage [90m(C:\playwright-project\[39mnode_modules\[4mplaywright[24m\lib\worker\testInfo.js:284:7[90m)[39m
    at [90mC:\playwright-project\[39mnode_modules\[4mplaywright[24m\lib\worker\workerMain.js:331:7
    at [90mC:\playwright-project\[39mnode_modules\[4mplaywright[24m\lib\worker\testInfo.js:286:11
    at TimeoutManager.withRunnable [90m(C:\playwright-project\[39mnode_modules\[4mplaywright[24m\lib\worker\timeoutManager.js:52:27[90m)[39m
    at TestInfoImpl._runAsStage [90m(C:\playwright-project\[39mnode_modules\[4mplaywright[24m\lib\worker\testInfo.js:284:7[90m)[39m
    at WorkerMain._runTest [90m(C:\playwright-project\[39mnode_modules\[4mplaywright[24m\lib\worker\workerMain.js:281:5[90m)[39m
    at WorkerMain.runTestGroup [90m(C:\playwright-project\[39mnode_modules\[4mplaywright[24m\lib\worker\workerMain.js:205:11[90m)[39m
    at process.&lt;anonymous&gt; [90m(C:\playwright-project\[39mnode_modules\[4mplaywright[24m\lib\common\process.js:95:22[90m)[39m {
  fatal: [33mtrue[39m
}
Confirmation page validation failed: Not on confirmation page URL
Intento 2 fallido en payWithCard: Error [ValidationError]: Not on confirmation page URL
    at validationConfirmPage [90m(C:\playwright-project\[39msrc\page-objects\confirmation.ts:83:27[90m)[39m
    at validationConfirmationPage [90m(C:\playwright-project\[39msrc\tests\2TipsNoExtraNoSeat.spec.ts:90:3[90m)[39m
    at runWithRetries [90m(C:\playwright-project\[39msrc\tests\2TipsNoExtraNoSeat.spec.ts:121:7[90m)[39m
    at executeTests [90m(C:\playwright-project\[39msrc\tests\2TipsNoExtraNoSeat.spec.ts:221:29[90m)[39m
    at [90mC:\playwright-project\[39msrc\tests\2TipsNoExtraNoSeat.spec.ts:1891:30
    at [90mC:\playwright-project\[39mnode_modules\[4mplaywright[24m\lib\worker\workerMain.js:339:9
    at [90mC:\playwright-project\[39mnode_modules\[4mplaywright[24m\lib\worker\testInfo.js:286:11
    at TimeoutManager.withRunnable [90m(C:\playwright-project\[39mnode_modules\[4mplaywright[24m\lib\worker\timeoutManager.js:64:14[90m)[39m
    at TestInfoImpl._runAsStage [90m(C:\playwright-project\[39mnode_modules\[4mplaywright[24m\lib\worker\testInfo.js:284:7[90m)[39m
    at [90mC:\playwright-project\[39mnode_modules\[4mplaywright[24m\lib\worker\workerMain.js:331:7
    at [90mC:\playwright-project\[39mnode_modules\[4mplaywright[24m\lib\worker\testInfo.js:286:11
    at TimeoutManager.withRunnable [90m(C:\playwright-project\[39mnode_modules\[4mplaywright[24m\lib\worker\timeoutManager.js:52:27[90m)[39m
    at TestInfoImpl._runAsStage [90m(C:\playwright-project\[39mnode_modules\[4mplaywright[24m\lib\worker\testInfo.js:284:7[90m)[39m
    at WorkerMain._runTest [90m(C:\playwright-project\[39mnode_modules\[4mplaywright[24m\lib\worker\workerMain.js:281:5[90m)[39m
    at WorkerMain.runTestGroup [90m(C:\playwright-project\[39mnode_modules\[4mplaywright[24m\lib\worker\workerMain.js:205:11[90m)[39m
    at process.&lt;anonymous&gt; [90m(C:\playwright-project\[39mnode_modules\[4mplaywright[24m\lib\common\process.js:95:22[90m)[39m {
  fatal: [33mtrue[39m
}

</system-err>
</testcase>
<testcase name="40. Compra 1 adt PremExtra - PremComfort - sin assitence › Ejecución completa con reintentos" classname="2TipsNoExtraNoSeat.spec.ts" time="42.35">
<system-out>
Ejecución completa, intento 1 de 5
Ejecutando Booking, intento 1
Fecha de salida seleccionada: { year: [32m'2025'[39m, month: [32m'6'[39m, index: [33m4[39m, value: [33m12[39m }
Fecha de regreso seleccionada: { year: [32m'2025'[39m, month: [32m'6'[39m, index: [33m5[39m, value: [33m14[39m }
Ajustando número de pasajeros
Successfully clicked the element: div.price-cabin:has-text("Premium")
Successfully clicked the element: div.price-cabin:has-text("Premium")
Ejecutando fillPassengerAdult 1, intento 1
Ejecutando fillContact, intento 1
Ejecutando payWithCard, intento 1
Iframe encontrado.
Ejecutando payWithCard, intento 1
Ejecutando payWithCard, intento 2
Ejecutando payWithCard, intento 3
Successfully saved booking code M92Z0 to Excel

</system-out>
<system-err>
Confirmation page validation failed: Flight Summary section not found on confirmation page
Intento 1 fallido en payWithCard: Error [ValidationError]: Flight Summary section not found on confirmation page
    at validationConfirmPage [90m(C:\playwright-project\[39msrc\page-objects\confirmation.ts:75:27[90m)[39m
[90m    at runNextTicks (node:internal/process/task_queues:65:5)[39m
[90m    at processImmediate (node:internal/timers:459:9)[39m
[90m    at process.callbackTrampoline (node:internal/async_hooks:130:17)[39m
    at validationConfirmationPage [90m(C:\playwright-project\[39msrc\tests\2TipsNoExtraNoSeat.spec.ts:90:3[90m)[39m
    at runWithRetries [90m(C:\playwright-project\[39msrc\tests\2TipsNoExtraNoSeat.spec.ts:121:7[90m)[39m
    at executeTests [90m(C:\playwright-project\[39msrc\tests\2TipsNoExtraNoSeat.spec.ts:221:29[90m)[39m
    at [90mC:\playwright-project\[39msrc\tests\2TipsNoExtraNoSeat.spec.ts:1933:30
    at [90mC:\playwright-project\[39mnode_modules\[4mplaywright[24m\lib\worker\workerMain.js:339:9
    at [90mC:\playwright-project\[39mnode_modules\[4mplaywright[24m\lib\worker\testInfo.js:286:11
    at TimeoutManager.withRunnable [90m(C:\playwright-project\[39mnode_modules\[4mplaywright[24m\lib\worker\timeoutManager.js:64:14[90m)[39m
    at TestInfoImpl._runAsStage [90m(C:\playwright-project\[39mnode_modules\[4mplaywright[24m\lib\worker\testInfo.js:284:7[90m)[39m
    at [90mC:\playwright-project\[39mnode_modules\[4mplaywright[24m\lib\worker\workerMain.js:331:7
    at [90mC:\playwright-project\[39mnode_modules\[4mplaywright[24m\lib\worker\testInfo.js:286:11
    at TimeoutManager.withRunnable [90m(C:\playwright-project\[39mnode_modules\[4mplaywright[24m\lib\worker\timeoutManager.js:52:27[90m)[39m
    at TestInfoImpl._runAsStage [90m(C:\playwright-project\[39mnode_modules\[4mplaywright[24m\lib\worker\testInfo.js:284:7[90m)[39m
    at WorkerMain._runTest [90m(C:\playwright-project\[39mnode_modules\[4mplaywright[24m\lib\worker\workerMain.js:281:5[90m)[39m
    at WorkerMain.runTestGroup [90m(C:\playwright-project\[39mnode_modules\[4mplaywright[24m\lib\worker\workerMain.js:205:11[90m)[39m
    at process.&lt;anonymous&gt; [90m(C:\playwright-project\[39mnode_modules\[4mplaywright[24m\lib\common\process.js:95:22[90m)[39m {
  fatal: [33mtrue[39m
}
Confirmation page validation failed: Not on confirmation page URL
Intento 2 fallido en payWithCard: Error [ValidationError]: Not on confirmation page URL
    at validationConfirmPage [90m(C:\playwright-project\[39msrc\page-objects\confirmation.ts:83:27[90m)[39m
[90m    at runNextTicks (node:internal/process/task_queues:65:5)[39m
[90m    at processImmediate (node:internal/timers:459:9)[39m
[90m    at process.callbackTrampoline (node:internal/async_hooks:130:17)[39m
    at validationConfirmationPage [90m(C:\playwright-project\[39msrc\tests\2TipsNoExtraNoSeat.spec.ts:90:3[90m)[39m
    at runWithRetries [90m(C:\playwright-project\[39msrc\tests\2TipsNoExtraNoSeat.spec.ts:121:7[90m)[39m
    at executeTests [90m(C:\playwright-project\[39msrc\tests\2TipsNoExtraNoSeat.spec.ts:221:29[90m)[39m
    at [90mC:\playwright-project\[39msrc\tests\2TipsNoExtraNoSeat.spec.ts:1933:30
    at [90mC:\playwright-project\[39mnode_modules\[4mplaywright[24m\lib\worker\workerMain.js:339:9
    at [90mC:\playwright-project\[39mnode_modules\[4mplaywright[24m\lib\worker\testInfo.js:286:11
    at TimeoutManager.withRunnable [90m(C:\playwright-project\[39mnode_modules\[4mplaywright[24m\lib\worker\timeoutManager.js:64:14[90m)[39m
    at TestInfoImpl._runAsStage [90m(C:\playwright-project\[39mnode_modules\[4mplaywright[24m\lib\worker\testInfo.js:284:7[90m)[39m
    at [90mC:\playwright-project\[39mnode_modules\[4mplaywright[24m\lib\worker\workerMain.js:331:7
    at [90mC:\playwright-project\[39mnode_modules\[4mplaywright[24m\lib\worker\testInfo.js:286:11
    at TimeoutManager.withRunnable [90m(C:\playwright-project\[39mnode_modules\[4mplaywright[24m\lib\worker\timeoutManager.js:52:27[90m)[39m
    at TestInfoImpl._runAsStage [90m(C:\playwright-project\[39mnode_modules\[4mplaywright[24m\lib\worker\testInfo.js:284:7[90m)[39m
    at WorkerMain._runTest [90m(C:\playwright-project\[39mnode_modules\[4mplaywright[24m\lib\worker\workerMain.js:281:5[90m)[39m
    at WorkerMain.runTestGroup [90m(C:\playwright-project\[39mnode_modules\[4mplaywright[24m\lib\worker\workerMain.js:205:11[90m)[39m
    at process.&lt;anonymous&gt; [90m(C:\playwright-project\[39mnode_modules\[4mplaywright[24m\lib\common\process.js:95:22[90m)[39m {
  fatal: [33mtrue[39m
}

</system-err>
</testcase>
<testcase name="41. Compra 1 adt PremExtra - PremExtra - sin assitence › Ejecución completa con reintentos" classname="2TipsNoExtraNoSeat.spec.ts" time="45.765">
<system-out>
Ejecución completa, intento 1 de 5
Ejecutando Booking, intento 1
Ejecutando Booking, intento 2
Fecha de salida seleccionada: { year: [32m'2025'[39m, month: [32m'6'[39m, index: [33m6[39m, value: [33m17[39m }
Fecha de regreso seleccionada: { year: [32m'2025'[39m, month: [32m'6'[39m, index: [33m7[39m, value: [33m19[39m }
Ajustando número de pasajeros
Successfully clicked the element: div.price-cabin:has-text("Premium")
Successfully clicked the element: div.price-cabin:has-text("Premium")
Ejecutando fillPassengerAdult 1, intento 1
Ejecutando fillContact, intento 1
Ejecutando payWithCard, intento 1
Iframe encontrado.
Ejecutando payWithCard, intento 1
Ejecutando payWithCard, intento 2
Ejecutando payWithCard, intento 3
Successfully saved booking code M92Z2 to Excel

</system-out>
<system-err>
Error al gestionar el flujo de ida y vuelta: locator.click: Error: strict mode violation: getByLabel('Choose Tuesday, July 1st,') resolved to 2 elements:
    1) &lt;div title="" tabindex="-1" role="option" aria-disabled="false" aria-selected="false" aria-label="Choose Tuesday, July 1st, 2025" class="react-datepicker__day react-datepicker__day react-datepicker__day--001 react-datepicker__day--outside-month"&gt;&lt;/div&gt; aka getByLabel('Month June,').getByLabel('Choose Tuesday, July 1st,')
    2) &lt;div title="" tabindex="-1" role="option" aria-disabled="false" aria-selected="false" aria-label="Choose Tuesday, July 1st, 2025" class="react-datepicker__day react-datepicker__day react-datepicker__day--001"&gt;…&lt;/div&gt; aka getByLabel('Month July,').getByLabel('Choose Tuesday, July 1st,')

Call log:
[2m  - waiting for getByLabel('Choose Tuesday, July 1st,')[22m

Intento 1 fallido en Booking: locator.click: Error: strict mode violation: getByLabel('Choose Tuesday, July 1st,') resolved to 2 elements:
    1) &lt;div title="" tabindex="-1" role="option" aria-disabled="false" aria-selected="false" aria-label="Choose Tuesday, July 1st, 2025" class="react-datepicker__day react-datepicker__day react-datepicker__day--001 react-datepicker__day--outside-month"&gt;&lt;/div&gt; aka getByLabel('Month June,').getByLabel('Choose Tuesday, July 1st,')
    2) &lt;div title="" tabindex="-1" role="option" aria-disabled="false" aria-selected="false" aria-label="Choose Tuesday, July 1st, 2025" class="react-datepicker__day react-datepicker__day react-datepicker__day--001"&gt;…&lt;/div&gt; aka getByLabel('Month July,').getByLabel('Choose Tuesday, July 1st,')

Call log:
[2m  - waiting for getByLabel('Choose Tuesday, July 1st,')[22m

    at selectRoundTripDates [90m(C:\playwright-project\[39msrc\page-objects\searchPage.ts:127:57[90m)[39m
    at chooseDate [90m(C:\playwright-project\[39msrc\tests\2TipsNoExtraNoSeat.spec.ts:56:3[90m)[39m
    at global [90m(C:\playwright-project\[39msrc\tests\2TipsNoExtraNoSeat.spec.ts:108:3[90m)[39m
    at runWithRetries [90m(C:\playwright-project\[39msrc\tests\2TipsNoExtraNoSeat.spec.ts:121:7[90m)[39m
    at executeTests [90m(C:\playwright-project\[39msrc\tests\2TipsNoExtraNoSeat.spec.ts:143:27[90m)[39m
    at [90mC:\playwright-project\[39msrc\tests\2TipsNoExtraNoSeat.spec.ts:1975:30 {
  [[32mSymbol(step)[39m]: {
    stepId: [32m'pw:api@38'[39m,
    location: {
      file: [32m'C:\\playwright-project\\src\\page-objects\\searchPage.ts'[39m,
      line: [33m127[39m,
      column: [33m57[39m,
      function: [32m'selectRoundTripDates'[39m
    },
    category: [32m'pw:api'[39m,
    title: [32m"locator.getByLabel('Choose Tuesday, July 1st,').click"[39m,
    apiName: [32m'locator.click'[39m,
    params: {
      selector: [32m'internal:label="Choose Tuesday, July 1st,"i'[39m,
      strict: [33mtrue[39m
    },
    boxedStack: [90mundefined[39m,
    steps: [],
    complete: [36m[Function: complete][39m,
    endWallTime: [33m1738223183372[39m,
    error: {
      message: [32m"Error: locator.click: Error: strict mode violation: getByLabel('Choose Tuesday, July 1st,') resolved to 2 elements:\n"[39m +
        [32m`    1) &lt;div title="" tabindex="-1" role="option" aria-disabled="false" aria-selected="false" aria-label="Choose Tuesday, July 1st, 2025" class="react-datepicker__day react-datepicker__day react-datepicker__day--001 react-datepicker__day--outside-month"&gt;&lt;/div&gt; aka getByLabel('Month June,').getByLabel('Choose Tuesday, July 1st,')\n`[39m +
        [32m`    2) &lt;div title="" tabindex="-1" role="option" aria-disabled="false" aria-selected="false" aria-label="Choose Tuesday, July 1st, 2025" class="react-datepicker__day react-datepicker__day react-datepicker__day--001"&gt;…&lt;/div&gt; aka getByLabel('Month July,').getByLabel('Choose Tuesday, July 1st,')\n`[39m +
        [32m'\n'[39m +
        [32m'Call log:\n'[39m +
        [32m"\x1B[2m  - waiting for getByLabel('Choose Tuesday, July 1st,')\x1B[22m\n"[39m,
      stack: [32m"Error: locator.click: Error: strict mode violation: getByLabel('Choose Tuesday, July 1st,') resolved to 2 elements:\n"[39m +
        [32m`    1) &lt;div title="" tabindex="-1" role="option" aria-disabled="false" aria-selected="false" aria-label="Choose Tuesday, July 1st, 2025" class="react-datepicker__day react-datepicker__day react-datepicker__day--001 react-datepicker__day--outside-month"&gt;&lt;/div&gt; aka getByLabel('Month June,').getByLabel('Choose Tuesday, July 1st,')\n`[39m +
        [32m`    2) &lt;div title="" tabindex="-1" role="option" aria-disabled="false" aria-selected="false" aria-label="Choose Tuesday, July 1st, 2025" class="react-datepicker__day react-datepicker__day react-datepicker__day--001"&gt;…&lt;/div&gt; aka getByLabel('Month July,').getByLabel('Choose Tuesday, July 1st,')\n`[39m +
        [32m'\n'[39m +
        [32m'Call log:\n'[39m +
        [32m"\x1B[2m  - waiting for getByLabel('Choose Tuesday, July 1st,')\x1B[22m\n"[39m +
        [32m'\n'[39m +
        [32m'    at selectRoundTripDates (C:\\playwright-project\\src\\page-objects\\searchPage.ts:127:57)\n'[39m +
        [32m'    at chooseDate (C:\\playwright-project\\src\\tests\\2TipsNoExtraNoSeat.spec.ts:56:3)\n'[39m +
        [32m'    at global (C:\\playwright-project\\src\\tests\\2TipsNoExtraNoSeat.spec.ts:108:3)\n'[39m +
        [32m'    at runWithRetries (C:\\playwright-project\\src\\tests\\2TipsNoExtraNoSeat.spec.ts:121:7)\n'[39m +
        [32m'    at executeTests (C:\\playwright-project\\src\\tests\\2TipsNoExtraNoSeat.spec.ts:143:27)\n'[39m +
        [32m'    at C:\\playwright-project\\src\\tests\\2TipsNoExtraNoSeat.spec.ts:1975:30'[39m,
      cause: [90mundefined[39m
    }
  }
}
Confirmation page validation failed: Flight Summary section not found on confirmation page
Intento 1 fallido en payWithCard: Error [ValidationError]: Flight Summary section not found on confirmation page
    at validationConfirmPage [90m(C:\playwright-project\[39msrc\page-objects\confirmation.ts:75:27[90m)[39m
[90m    at runNextTicks (node:internal/process/task_queues:65:5)[39m
[90m    at processImmediate (node:internal/timers:459:9)[39m
[90m    at process.callbackTrampoline (node:internal/async_hooks:130:17)[39m
    at validationConfirmationPage [90m(C:\playwright-project\[39msrc\tests\2TipsNoExtraNoSeat.spec.ts:90:3[90m)[39m
    at runWithRetries [90m(C:\playwright-project\[39msrc\tests\2TipsNoExtraNoSeat.spec.ts:121:7[90m)[39m
    at executeTests [90m(C:\playwright-project\[39msrc\tests\2TipsNoExtraNoSeat.spec.ts:221:29[90m)[39m
    at [90mC:\playwright-project\[39msrc\tests\2TipsNoExtraNoSeat.spec.ts:1975:30
    at [90mC:\playwright-project\[39mnode_modules\[4mplaywright[24m\lib\worker\workerMain.js:339:9
    at [90mC:\playwright-project\[39mnode_modules\[4mplaywright[24m\lib\worker\testInfo.js:286:11
    at TimeoutManager.withRunnable [90m(C:\playwright-project\[39mnode_modules\[4mplaywright[24m\lib\worker\timeoutManager.js:64:14[90m)[39m
    at TestInfoImpl._runAsStage [90m(C:\playwright-project\[39mnode_modules\[4mplaywright[24m\lib\worker\testInfo.js:284:7[90m)[39m
    at [90mC:\playwright-project\[39mnode_modules\[4mplaywright[24m\lib\worker\workerMain.js:331:7
    at [90mC:\playwright-project\[39mnode_modules\[4mplaywright[24m\lib\worker\testInfo.js:286:11
    at TimeoutManager.withRunnable [90m(C:\playwright-project\[39mnode_modules\[4mplaywright[24m\lib\worker\timeoutManager.js:52:27[90m)[39m
    at TestInfoImpl._runAsStage [90m(C:\playwright-project\[39mnode_modules\[4mplaywright[24m\lib\worker\testInfo.js:284:7[90m)[39m
    at WorkerMain._runTest [90m(C:\playwright-project\[39mnode_modules\[4mplaywright[24m\lib\worker\workerMain.js:281:5[90m)[39m
    at WorkerMain.runTestGroup [90m(C:\playwright-project\[39mnode_modules\[4mplaywright[24m\lib\worker\workerMain.js:205:11[90m)[39m
    at process.&lt;anonymous&gt; [90m(C:\playwright-project\[39mnode_modules\[4mplaywright[24m\lib\common\process.js:95:22[90m)[39m {
  fatal: [33mtrue[39m
}
Confirmation page validation failed: Not on confirmation page URL
Intento 2 fallido en payWithCard: Error [ValidationError]: Not on confirmation page URL
    at validationConfirmPage [90m(C:\playwright-project\[39msrc\page-objects\confirmation.ts:83:27[90m)[39m
    at validationConfirmationPage [90m(C:\playwright-project\[39msrc\tests\2TipsNoExtraNoSeat.spec.ts:90:3[90m)[39m
    at runWithRetries [90m(C:\playwright-project\[39msrc\tests\2TipsNoExtraNoSeat.spec.ts:121:7[90m)[39m
    at executeTests [90m(C:\playwright-project\[39msrc\tests\2TipsNoExtraNoSeat.spec.ts:221:29[90m)[39m
    at [90mC:\playwright-project\[39msrc\tests\2TipsNoExtraNoSeat.spec.ts:1975:30
    at [90mC:\playwright-project\[39mnode_modules\[4mplaywright[24m\lib\worker\workerMain.js:339:9
    at [90mC:\playwright-project\[39mnode_modules\[4mplaywright[24m\lib\worker\testInfo.js:286:11
    at TimeoutManager.withRunnable [90m(C:\playwright-project\[39mnode_modules\[4mplaywright[24m\lib\worker\timeoutManager.js:64:14[90m)[39m
    at TestInfoImpl._runAsStage [90m(C:\playwright-project\[39mnode_modules\[4mplaywright[24m\lib\worker\testInfo.js:284:7[90m)[39m
    at [90mC:\playwright-project\[39mnode_modules\[4mplaywright[24m\lib\worker\workerMain.js:331:7
    at [90mC:\playwright-project\[39mnode_modules\[4mplaywright[24m\lib\worker\testInfo.js:286:11
    at TimeoutManager.withRunnable [90m(C:\playwright-project\[39mnode_modules\[4mplaywright[24m\lib\worker\timeoutManager.js:52:27[90m)[39m
    at TestInfoImpl._runAsStage [90m(C:\playwright-project\[39mnode_modules\[4mplaywright[24m\lib\worker\testInfo.js:284:7[90m)[39m
    at WorkerMain._runTest [90m(C:\playwright-project\[39mnode_modules\[4mplaywright[24m\lib\worker\workerMain.js:281:5[90m)[39m
    at WorkerMain.runTestGroup [90m(C:\playwright-project\[39mnode_modules\[4mplaywright[24m\lib\worker\workerMain.js:205:11[90m)[39m
    at process.&lt;anonymous&gt; [90m(C:\playwright-project\[39mnode_modules\[4mplaywright[24m\lib\common\process.js:95:22[90m)[39m {
  fatal: [33mtrue[39m
}

</system-err>
</testcase>
</testsuite>
<testsuite name="2TripExtraSeat.spec.ts" timestamp="2025-01-30T07:32:22.292Z" hostname="chromium" tests="1" failures="1" skipped="0" time="360.119" errors="0">
<testcase name="1 Adt EcoLight - sin assitence › Ejecución completa con reintentos" classname="2TripExtraSeat.spec.ts" time="360.119">
<failure message="2TripExtraSeat.spec.ts:480:7 Ejecución completa con reintentos" type="FAILURE">
  [chromium] › 2TripExtraSeat.spec.ts:480:7 › 1 Adt EcoLight - sin assitence › Ejecución completa con reintentos 

    Test timeout of 360000ms exceeded.

    Error: browserContext.close: Test ended.
    Browser logs:

    &lt;launching&gt; C:\Users\SofiaMartínezLópez\AppData\Local\ms-playwright\chromium_headless_shell-1148\chrome-win\headless_shell.exe --disable-field-trial-config --disable-background-networking --disable-background-timer-throttling --disable-backgrounding-occluded-windows --disable-back-forward-cache --disable-breakpad --disable-client-side-phishing-detection --disable-component-extensions-with-background-pages --disable-component-update --no-default-browser-check --disable-default-apps --disable-dev-shm-usage --disable-extensions --disable-features=ImprovedCookieControls,LazyFrameLoading,GlobalMediaControls,DestroyProfileOnBrowserClose,MediaRouter,DialMediaRouteProvider,AcceptCHFrame,AutoExpandDetailsElement,CertificateTransparencyComponentUpdater,AvoidUnnecessaryBeforeUnloadCheckSync,Translate,HttpsUpgrades,PaintHolding,ThirdPartyStoragePartitioning,LensOverlay,PlzDedicatedWorker --allow-pre-commit-input --disable-hang-monitor --disable-ipc-flooding-protection --disable-popup-blocking --disable-prompt-on-repost --disable-renderer-backgrounding --force-color-profile=srgb --metrics-recording-only --no-first-run --enable-automation --password-store=basic --use-mock-keychain --no-service-autorun --export-tagged-pdf --disable-search-engine-choice-screen --unsafely-disable-devtools-self-xss-warnings --headless --hide-scrollbars --mute-audio --blink-settings=primaryHoverType=2,availableHoverTypes=2,primaryPointerType=4,availablePointerTypes=4 --no-sandbox --user-data-dir=C:\Users\SOFIAM~1\AppData\Local\Temp\playwright_chromiumdev_profile-jxVPR2 --remote-debugging-pipe --no-startup-window
    &lt;launched&gt; pid=19480
    [pid=19480][err] [0130/084139.919:ERROR:ssl_client_socket_impl.cc(878)] handshake failed; returned -1, SSL error code 1, net_error -101
    [pid=19480][err] [0130/084209.827:ERROR:gles2_cmd_decoder_passthrough.cc(1053)] [GroupMarkerNotSet(crbug.com/242999)!:A0C0D20014780000]Automatic fallback to software WebGL has been deprecated. Please use the --enable-unsafe-swiftshader flag to opt in to lower security guarantees for trusted content.
    [pid=19480][err] [0130/084209.857:ERROR:gl_utils.cc(426)] [.WebGL-0x53d4077f1c00]GL Driver Message (OpenGL, Performance, GL_CLOSE_PATH_NV, High): GPU stall due to ReadPixels
    [pid=19480][err] [0130/084210.139:ERROR:gles2_cmd_decoder_passthrough.cc(1053)] [GroupMarkerNotSet(crbug.com/242999)!:A020D30014780000]Automatic fallback to software WebGL has been deprecated. Please use the --enable-unsafe-swiftshader flag to opt in to lower security guarantees for trusted content.
    [pid=19480][err] [0130/084210.178:ERROR:gles2_cmd_decoder_passthrough.cc(1053)] [GroupMarkerNotSet(crbug.com/242999)!:A050D30014780000]Automatic fallback to software WebGL has been deprecated. Please use the --enable-unsafe-swiftshader flag to opt in to lower security guarantees for trusted content.
    [pid=19480][err] [0130/084210.188:ERROR:gles2_cmd_decoder_passthrough.cc(1053)] [GroupMarkerNotSet(crbug.com/242999)!:A080D70014780000]Automatic fallback to software WebGL has been deprecated. Please use the --enable-unsafe-swiftshader flag to opt in to lower security guarantees for trusted content.
    [pid=19480][err] [0130/084210.197:ERROR:gl_utils.cc(426)] [.WebGL-0x53d404b5ce00]GL Driver Message (OpenGL, Performance, GL_CLOSE_PATH_NV, High): GPU stall due to ReadPixels
    [pid=19480][err] [0130/084210.221:ERROR:gles2_cmd_decoder_passthrough.cc(1053)] [GroupMarkerNotSet(crbug.com/242999)!:A0B0D70014780000]Automatic fallback to software WebGL has been deprecated. Please use the --enable-unsafe-swiftshader flag to opt in to lower security guarantees for trusted content.
    [pid=19480][err] [0130/084210.230:ERROR:gles2_cmd_decoder_passthrough.cc(1053)] [GroupMarkerNotSet(crbug.com/242999)!:A0E0D70014780000]Automatic fallback to software WebGL has been deprecated. Please use the --enable-unsafe-swiftshader flag to opt in to lower security guarantees for trusted content.
    [pid=19480][err] [0130/084210.331:ERROR:web_contents_delegate.cc(283)] WebContentsDelegate::CheckMediaAccessPermission: Not supported.
    [pid=19480][err] [0130/084210.331:ERROR:web_contents_delegate.cc(283)] WebContentsDelegate::CheckMediaAccessPermission: Not supported.
    [pid=19480][err] [0130/084224.346:ERROR:ssl_client_socket_impl.cc(878)] handshake failed; returned -1, SSL error code 1, net_error -100
    [pid=19480][err] [0130/084224.529:ERROR:ssl_client_socket_impl.cc(878)] handshake failed; returned -1, SSL error code 1, net_error -101
    [pid=19480][err] [0130/084252.052:ERROR:gles2_cmd_decoder_passthrough.cc(1053)] [GroupMarkerNotSet(crbug.com/242999)!:A0C0D20014780000]Automatic fallback to software WebGL has been deprecated. Please use the --enable-unsafe-swiftshader flag to opt in to lower security guarantees for trusted content.
    [pid=19480][err] [0130/084252.087:ERROR:gl_utils.cc(426)] [.WebGL-0x9ec0306a300]GL Driver Message (OpenGL, Performance, GL_CLOSE_PATH_NV, High): GPU stall due to ReadPixels
    [pid=19480][err] [0130/084252.505:ERROR:gles2_cmd_decoder_passthrough.cc(1053)] [GroupMarkerNotSet(crbug.com/242999)!:A0C0D20014780000]Automatic fallback to software WebGL has been deprecated. Please use the --enable-unsafe-swiftshader flag to opt in to lower security guarantees for trusted content.
    [pid=19480][err] [0130/084252.551:ERROR:gles2_cmd_decoder_passthrough.cc(1053)] [GroupMarkerNotSet(crbug.com/242999)!:A020D30014780000]Automatic fallback to software WebGL has been deprecated. Please use the --enable-unsafe-swiftshader flag to opt in to lower security guarantees for trusted content.
    [pid=19480][err] [0130/084252.561:ERROR:gles2_cmd_decoder_passthrough.cc(1053)] [GroupMarkerNotSet(crbug.com/242999)!:A050D30014780000]Automatic fallback to software WebGL has been deprecated. Please use the --enable-unsafe-swiftshader flag to opt in to lower security guarantees for trusted content.
    [pid=19480][err] [0130/084252.572:ERROR:gl_utils.cc(426)] [.WebGL-0x9ec00118600]GL Driver Message (OpenGL, Performance, GL_CLOSE_PATH_NV, High): GPU stall due to ReadPixels (this message will no longer repeat)
    [pid=19480][err] [0130/084252.597:ERROR:gles2_cmd_decoder_passthrough.cc(1053)] [GroupMarkerNotSet(crbug.com/242999)!:A080D70014780000]Automatic fallback to software WebGL has been deprecated. Please use the --enable-unsafe-swiftshader flag to opt in to lower security guarantees for trusted content.
    [pid=19480][err] [0130/084252.606:ERROR:gles2_cmd_decoder_passthrough.cc(1053)] [GroupMarkerNotSet(crbug.com/242999)!:A0B0D70014780000]Automatic fallback to software WebGL has been deprecated. Please use the --enable-unsafe-swiftshader flag to opt in to lower security guarantees for trusted content.
    [pid=19480][err] [0130/084252.738:ERROR:web_contents_delegate.cc(283)] WebContentsDelegate::CheckMediaAccessPermission: Not supported.
    [pid=19480][err] [0130/084252.738:ERROR:web_contents_delegate.cc(283)] WebContentsDelegate::CheckMediaAccessPermission: Not supported.
    [pid=19480][err] [0130/084307.444:ERROR:ssl_client_socket_impl.cc(878)] handshake failed; returned -1, SSL error code 1, net_error -100
    [pid=19480][err] [0130/084327.361:ERROR:gles2_cmd_decoder_passthrough.cc(1053)] [GroupMarkerNotSet(crbug.com/242999)!:A0C0D20014780000]Automatic fallback to software WebGL has been deprecated. Please use the --enable-unsafe-swiftshader flag to opt in to lower security guarantees for trusted content.
    [pid=19480][err] [0130/084327.768:ERROR:gles2_cmd_decoder_passthrough.cc(1053)] [GroupMarkerNotSet(crbug.com/242999)!:A020D30014780000]Automatic fallback to software WebGL has been deprecated. Please use the --enable-unsafe-swiftshader flag to opt in to lower security guarantees for trusted content.
    [pid=19480][err] [0130/084327.802:ERROR:gles2_cmd_decoder_passthrough.cc(1053)] [GroupMarkerNotSet(crbug.com/242999)!:A050D30014780000]Automatic fallback to software WebGL has been deprecated. Please use the --enable-unsafe-swiftshader flag to opt in to lower security guarantees for trusted content.
    [pid=19480][err] [0130/084327.811:ERROR:gles2_cmd_decoder_passthrough.cc(1053)] [GroupMarkerNotSet(crbug.com/242999)!:A080D70014780000]Automatic fallback to software WebGL has been deprecated. Please use the --enable-unsafe-swiftshader flag to opt in to lower security guarantees for trusted content.
    [pid=19480][err] [0130/084327.843:ERROR:gles2_cmd_decoder_passthrough.cc(1053)] [GroupMarkerNotSet(crbug.com/242999)!:A0B0D70014780000]Automatic fallback to software WebGL has been deprecated. Please use the --enable-unsafe-swiftshader flag to opt in to lower security guarantees for trusted content.
    [pid=19480][err] [0130/084327.849:ERROR:gles2_cmd_decoder_passthrough.cc(1053)] [GroupMarkerNotSet(crbug.com/242999)!:A0E0D70014780000]Automatic fallback to software WebGL has been deprecated. Please use the --enable-unsafe-swiftshader flag to opt in to lower security guarantees for trusted content.
    [pid=19480][err] [0130/084327.961:ERROR:web_contents_delegate.cc(283)] WebContentsDelegate::CheckMediaAccessPermission: Not supported.
    [pid=19480][err] [0130/084327.961:ERROR:web_contents_delegate.cc(283)] WebContentsDelegate::CheckMediaAccessPermission: Not supported.
    [pid=19480][err] [0130/084403.566:ERROR:gles2_cmd_decoder_passthrough.cc(1053)] [GroupMarkerNotSet(crbug.com/242999)!:A0C0D20014780000]Automatic fallback to software WebGL has been deprecated. Please use the --enable-unsafe-swiftshader flag to opt in to lower security guarantees for trusted content.
    [pid=19480][err] [0130/084403.969:ERROR:gles2_cmd_decoder_passthrough.cc(1053)] [GroupMarkerNotSet(crbug.com/242999)!:A020D30014780000]Automatic fallback to software WebGL has been deprecated. Please use the --enable-unsafe-swiftshader flag to opt in to lower security guarantees for trusted content.
    [pid=19480][err] [0130/084403.999:ERROR:gles2_cmd_decoder_passthrough.cc(1053)] [GroupMarkerNotSet(crbug.com/242999)!:A050D30014780000]Automatic fallback to software WebGL has been deprecated. Please use the --enable-unsafe-swiftshader flag to opt in to lower security guarantees for trusted content.
    [pid=19480][err] [0130/084404.010:ERROR:gles2_cmd_decoder_passthrough.cc(1053)] [GroupMarkerNotSet(crbug.com/242999)!:A080D70014780000]Automatic fallback to software WebGL has been deprecated. Please use the --enable-unsafe-swiftshader flag to opt in to lower security guarantees for trusted content.
    [pid=19480][err] [0130/084404.044:ERROR:gles2_cmd_decoder_passthrough.cc(1053)] [GroupMarkerNotSet(crbug.com/242999)!:A0B0D70014780000]Automatic fallback to software WebGL has been deprecated. Please use the --enable-unsafe-swiftshader flag to opt in to lower security guarantees for trusted content.
    [pid=19480][err] [0130/084404.052:ERROR:gles2_cmd_decoder_passthrough.cc(1053)] [GroupMarkerNotSet(crbug.com/242999)!:A0E0D70014780000]Automatic fallback to software WebGL has been deprecated. Please use the --enable-unsafe-swiftshader flag to opt in to lower security guarantees for trusted content.
    [pid=19480][err] [0130/084404.139:ERROR:web_contents_delegate.cc(283)] WebContentsDelegate::CheckMediaAccessPermission: Not supported.
    [pid=19480][err] [0130/084404.139:ERROR:web_contents_delegate.cc(283)] WebContentsDelegate::CheckMediaAccessPermission: Not supported.
    [pid=19480][err] [0130/084418.222:ERROR:ssl_client_socket_impl.cc(878)] handshake failed; returned -1, SSL error code 1, net_error -100
    [pid=19480][err] [0130/084441.685:ERROR:gles2_cmd_decoder_passthrough.cc(1053)] [GroupMarkerNotSet(crbug.com/242999)!:A0F0D20014780000]Automatic fallback to software WebGL has been deprecated. Please use the --enable-unsafe-swiftshader flag to opt in to lower security guarantees for trusted content.
    [pid=19480][err] [0130/084441.964:ERROR:gles2_cmd_decoder_passthrough.cc(1053)] [GroupMarkerNotSet(crbug.com/242999)!:A020D30014780000]Automatic fallback to software WebGL has been deprecated. Please use the --enable-unsafe-swiftshader flag to opt in to lower security guarantees for trusted content.
    [pid=19480][err] [0130/084441.994:ERROR:gles2_cmd_decoder_passthrough.cc(1053)] [GroupMarkerNotSet(crbug.com/242999)!:A050D30014780000]Automatic fallback to software WebGL has been deprecated. Please use the --enable-unsafe-swiftshader flag to opt in to lower security guarantees for trusted content.
    [pid=19480][err] [0130/084442.000:ERROR:gles2_cmd_decoder_passthrough.cc(1053)] [GroupMarkerNotSet(crbug.com/242999)!:A080D70014780000]Automatic fallback to software WebGL has been deprecated. Please use the --enable-unsafe-swiftshader flag to opt in to lower security guarantees for trusted content.
    [pid=19480][err] [0130/084442.033:ERROR:gles2_cmd_decoder_passthrough.cc(1053)] [GroupMarkerNotSet(crbug.com/242999)!:A0B0D70014780000]Automatic fallback to software WebGL has been deprecated. Please use the --enable-unsafe-swiftshader flag to opt in to lower security guarantees for trusted content.
    [pid=19480][err] [0130/084442.041:ERROR:gles2_cmd_decoder_passthrough.cc(1053)] [GroupMarkerNotSet(crbug.com/242999)!:A0E0D70014780000]Automatic fallback to software WebGL has been deprecated. Please use the --enable-unsafe-swiftshader flag to opt in to lower security guarantees for trusted content.
    [pid=19480][err] [0130/084442.137:ERROR:web_contents_delegate.cc(283)] WebContentsDelegate::CheckMediaAccessPermission: Not supported.
    [pid=19480][err] [0130/084442.138:ERROR:web_contents_delegate.cc(283)] WebContentsDelegate::CheckMediaAccessPermission: Not supported.
    [pid=19480][err] [0130/084454.188:ERROR:ssl_client_socket_impl.cc(878)] handshake failed; returned -1, SSL error code 1, net_error -100
    [pid=19480][err] [0130/084528.277:ERROR:gles2_cmd_decoder_passthrough.cc(1053)] [GroupMarkerNotSet(crbug.com/242999)!:A0C0D20014780000]Automatic fallback to software WebGL has been deprecated. Please use the --enable-unsafe-swiftshader flag to opt in to lower security guarantees for trusted content.
    [pid=19480][err] [0130/084528.558:ERROR:gles2_cmd_decoder_passthrough.cc(1053)] [GroupMarkerNotSet(crbug.com/242999)!:A020D30014780000]Automatic fallback to software WebGL has been deprecated. Please use the --enable-unsafe-swiftshader flag to opt in to lower security guarantees for trusted content.
    [pid=19480][err] [0130/084528.598:ERROR:gles2_cmd_decoder_passthrough.cc(1053)] [GroupMarkerNotSet(crbug.com/242999)!:A050D30014780000]Automatic fallback to software WebGL has been deprecated. Please use the --enable-unsafe-swiftshader flag to opt in to lower security guarantees for trusted content.
    [pid=19480][err] [0130/084528.607:ERROR:gles2_cmd_decoder_passthrough.cc(1053)] [GroupMarkerNotSet(crbug.com/242999)!:A080D70014780000]Automatic fallback to software WebGL has been deprecated. Please use the --enable-unsafe-swiftshader flag to opt in to lower security guarantees for trusted content.
    [pid=19480][err] [0130/084528.636:ERROR:gles2_cmd_decoder_passthrough.cc(1053)] [GroupMarkerNotSet(crbug.com/242999)!:A0B0D70014780000]Automatic fallback to software WebGL has been deprecated. Please use the --enable-unsafe-swiftshader flag to opt in to lower security guarantees for trusted content.
    [pid=19480][err] [0130/084528.645:ERROR:gles2_cmd_decoder_passthrough.cc(1053)] [GroupMarkerNotSet(crbug.com/242999)!:A0E0D70014780000]Automatic fallback to software WebGL has been deprecated. Please use the --enable-unsafe-swiftshader flag to opt in to lower security guarantees for trusted content.
    [pid=19480][err] [0130/084528.718:ERROR:web_contents_delegate.cc(283)] WebContentsDelegate::CheckMediaAccessPermission: Not supported.
    [pid=19480][err] [0130/084528.718:ERROR:web_contents_delegate.cc(283)] WebContentsDelegate::CheckMediaAccessPermission: Not supported.
    [pid=19480][err] [0130/084607.234:ERROR:gles2_cmd_decoder_passthrough.cc(1053)] [GroupMarkerNotSet(crbug.com/242999)!:A0C0D20014780000]Automatic fallback to software WebGL has been deprecated. Please use the --enable-unsafe-swiftshader flag to opt in to lower security guarantees for trusted content.
    [pid=19480][err] [0130/084607.586:ERROR:gles2_cmd_decoder_passthrough.cc(1053)] [GroupMarkerNotSet(crbug.com/242999)!:A020D30014780000]Automatic fallback to software WebGL has been deprecated. Please use the --enable-unsafe-swiftshader flag to opt in to lower security guarantees for trusted content.
    [pid=19480][err] [0130/084607.627:ERROR:gles2_cmd_decoder_passthrough.cc(1053)] [GroupMarkerNotSet(crbug.com/242999)!:A050D30014780000]Automatic fallback to software WebGL has been deprecated. Please use the --enable-unsafe-swiftshader flag to opt in to lower security guarantees for trusted content.
    [pid=19480][err] [0130/084607.638:ERROR:gles2_cmd_decoder_passthrough.cc(1053)] [GroupMarkerNotSet(crbug.com/242999)!:A080D70014780000]Automatic fallback to software WebGL has been deprecated. Please use the --enable-unsafe-swiftshader flag to opt in to lower security guarantees for trusted content.
    [pid=19480][err] [0130/084607.674:ERROR:gles2_cmd_decoder_passthrough.cc(1053)] [GroupMarkerNotSet(crbug.com/242999)!:A0B0D70014780000]Automatic fallback to software WebGL has been deprecated. Please use the --enable-unsafe-swiftshader flag to opt in to lower security guarantees for trusted content.
    [pid=19480][err] [0130/084607.685:ERROR:gles2_cmd_decoder_passthrough.cc(1053)] [GroupMarkerNotSet(crbug.com/242999)!:A0E0D70014780000]Automatic fallback to software WebGL has been deprecated. Please use the --enable-unsafe-swiftshader flag to opt in to lower security guarantees for trusted content.
    [pid=19480][err] [0130/084607.763:ERROR:web_contents_delegate.cc(283)] WebContentsDelegate::CheckMediaAccessPermission: Not supported.
    [pid=19480][err] [0130/084607.763:ERROR:web_contents_delegate.cc(283)] WebContentsDelegate::CheckMediaAccessPermission: Not supported.
    [pid=19480] &lt;gracefully close start&gt;

      449 |   } finally {
      450 |     if (page) await page.close();
    &gt; 451 |     if (context) await context.close();
          |                  ^
      452 |   }
      453 |
      454 |   return shouldContinueTests; // Return the status of the test execution
        at executeTests (C:\playwright-project\src\tests\2TripExtraSeat.spec.ts:451:18)
        at C:\playwright-project\src\tests\2TripExtraSeat.spec.ts:489:30

    attachment #1: screenshot (image/png) ──────────────────────────────────────────────────────────
    test-results\2TripExtraSeat-1-Adt-EcoLi-775f8-ión-completa-con-reintentos-chromium\test-failed-1.png
    ────────────────────────────────────────────────────────────────────────────────────────────────

</failure>
<system-out>
Ejecución completa, intento 1 de 5
Ejecutando Booking, intento 1
Fecha de salida seleccionada: { year: [32m'2025'[39m, month: [32m'6'[39m, index: [33m1[39m, value: [33m5[39m }
Fecha de regreso seleccionada: { year: [32m'2025'[39m, month: [32m'6'[39m, index: [33m2[39m, value: [33m7[39m }
Ajustando número de pasajeros
Successfully clicked the element: div.price-cabin:has-text("Economy")
Successfully clicked the element: div.price-cabin:has-text("Economy")
Ejecutando fillPassengerAdult 1, intento 1
Ejecutando fillContact, intento 1
Ejecutando fillSeat, intento 1
Ejecutando fillSeat, intento 2
Asiento ida: 15G
Asiento vuelta: 8A
Ejecutando extraBaggage, intento 1
Ejecutando payWithCard, intento 1
Ejecutando payWithCard, intento 2
Ejecutando payWithCard, intento 3
Ejecución completa, intento 2 de 5
Ejecutando Booking, intento 1
Fecha de salida seleccionada: { year: [32m'2025'[39m, month: [32m'6'[39m, index: [33m1[39m, value: [33m5[39m }
Fecha de regreso seleccionada: { year: [32m'2025'[39m, month: [32m'6'[39m, index: [33m2[39m, value: [33m7[39m }
Ajustando número de pasajeros
Successfully clicked the element: div.price-cabin:has-text("Economy")
Successfully clicked the element: div.price-cabin:has-text("Economy")
Ejecutando fillPassengerAdult 1, intento 1
Ejecutando fillContact, intento 1
Ejecutando fillSeat, intento 1
Ejecutando fillSeat, intento 2
Ejecutando fillSeat, intento 3

</system-out>
<system-err>
Intento 1 fallido en fillSeat: page.$$: Execution context was destroyed, most likely because of a navigation
    at selectSeat [90m(C:\playwright-project\[39msrc\tests\2TripExtraSeat.spec.ts:150:30[90m)[39m
    at selectSeatsAndContinue [90m(C:\playwright-project\[39msrc\tests\2TripExtraSeat.spec.ts:241:9[90m)[39m
    at runWithRetries [90m(C:\playwright-project\[39msrc\tests\2TripExtraSeat.spec.ts:312:7[90m)[39m
    at executeTests [90m(C:\playwright-project\[39msrc\tests\2TripExtraSeat.spec.ts:404:31[90m)[39m
    at [90mC:\playwright-project\[39msrc\tests\2TripExtraSeat.spec.ts:489:30 {
  name: [32m'Error'[39m,
  [[32mSymbol(step)[39m]: {
    stepId: [32m'pw:api@66'[39m,
    location: {
      file: [32m'C:\\playwright-project\\src\\tests\\2TripExtraSeat.spec.ts'[39m,
      line: [33m150[39m,
      column: [33m30[39m,
      function: [32m'selectSeat'[39m
    },
    category: [32m'pw:api'[39m,
    title: [32m'page.$$(.seat-icon__zoom img:not(.occupied))'[39m,
    apiName: [32m'page.$$'[39m,
    params: { selector: [32m'.seat-icon__zoom img:not(.occupied)'[39m },
    boxedStack: [90mundefined[39m,
    steps: [],
    complete: [36m[Function: complete][39m,
    endWallTime: [33m1738223207621[39m,
    error: {
      message: [32m'Error: page.$$: Execution context was destroyed, most likely because of a navigation'[39m,
      stack: [32m'Error: page.$$: Execution context was destroyed, most likely because of a navigation\n'[39m +
        [32m'    at selectSeat (C:\\playwright-project\\src\\tests\\2TripExtraSeat.spec.ts:150:30)\n'[39m +
        [32m'    at selectSeatsAndContinue (C:\\playwright-project\\src\\tests\\2TripExtraSeat.spec.ts:241:9)\n'[39m +
        [32m'    at runWithRetries (C:\\playwright-project\\src\\tests\\2TripExtraSeat.spec.ts:312:7)\n'[39m +
        [32m'    at executeTests (C:\\playwright-project\\src\\tests\\2TripExtraSeat.spec.ts:404:31)\n'[39m +
        [32m'    at C:\\playwright-project\\src\\tests\\2TripExtraSeat.spec.ts:489:30'[39m,
      cause: [90mundefined[39m
    }
  }
}
Error while handling iframe payment: page.waitForSelector: Timeout 60000ms exceeded.
Call log:
[2m  - waiting for locator('iframe[title="Iframe for expiry date"]') to be visible[22m
[2m    - waiting for" https://lv-fndoor-ecommerce-sbx-ghdubdbgdtcsane6.a01.azurefd.net/nwe/ancillaries/?forcedCulture=en" navigation to finish...[22m
[2m    - navigated to "https://lv-fndoor-ecommerce-sbx-ghdubdbgdtcsane6.a01.azurefd.net/nwe/ancillaries/?forcedCulture=en"[22m

    at payWithCard [90m(C:\playwright-project\[39msrc\page-objects\paymentPage.ts:4:20[90m)[39m
    at payWithCardInformation [90m(C:\playwright-project\[39msrc\tests\2TripExtraSeat.spec.ts:276:22[90m)[39m
    at fn [90m(C:\playwright-project\[39msrc\tests\2TripExtraSeat.spec.ts:428:13[90m)[39m
    at runWithRetries [90m(C:\playwright-project\[39msrc\tests\2TripExtraSeat.spec.ts:312:13[90m)[39m
    at executeTests [90m(C:\playwright-project\[39msrc\tests\2TripExtraSeat.spec.ts:427:33[90m)[39m
    at [90mC:\playwright-project\[39msrc\tests\2TripExtraSeat.spec.ts:489:30 {
  name: [32m'TimeoutError'[39m,
  [[32mSymbol(step)[39m]: {
    stepId: [32m'pw:api@124'[39m,
    location: {
      file: [32m'C:\\playwright-project\\src\\page-objects\\paymentPage.ts'[39m,
      line: [33m4[39m,
      column: [33m20[39m,
      function: [32m'payWithCard'[39m
    },
    category: [32m'pw:api'[39m,
    title: [32m'page.waitForSelector(iframe[title="Iframe for expiry date"])'[39m,
    apiName: [32m'page.waitForSelector'[39m,
    params: {
      selector: [32m'iframe[title="Iframe for expiry date"]'[39m,
      timeout: [33m60000[39m
    },
    boxedStack: [90mundefined[39m,
    steps: [],
    complete: [36m[Function: complete][39m,
    endWallTime: [33m1738223306978[39m,
    error: {
      message: [32m'TimeoutError: page.waitForSelector: Timeout 60000ms exceeded.\n'[39m +
        [32m'Call log:\n'[39m +
        [32m`\x1B[2m  - waiting for locator('iframe[title="Iframe for expiry date"]') to be visible\x1B[22m\n`[39m +
        [32m'\x1B[2m    - waiting for" https://lv-fndoor-ecommerce-sbx-ghdubdbgdtcsane6.a01.azurefd.net/nwe/ancillaries/?forcedCulture=en" navigation to finish...\x1B[22m\n'[39m +
        [32m'\x1B[2m    - navigated to "https://lv-fndoor-ecommerce-sbx-ghdubdbgdtcsane6.a01.azurefd.net/nwe/ancillaries/?forcedCulture=en"\x1B[22m\n'[39m,
      stack: [32m'TimeoutError: page.waitForSelector: Timeout 60000ms exceeded.\n'[39m +
        [32m'Call log:\n'[39m +
        [32m`\x1B[2m  - waiting for locator('iframe[title="Iframe for expiry date"]') to be visible\x1B[22m\n`[39m +
        [32m'\x1B[2m    - waiting for" https://lv-fndoor-ecommerce-sbx-ghdubdbgdtcsane6.a01.azurefd.net/nwe/ancillaries/?forcedCulture=en" navigation to finish...\x1B[22m\n'[39m +
        [32m'\x1B[2m    - navigated to "https://lv-fndoor-ecommerce-sbx-ghdubdbgdtcsane6.a01.azurefd.net/nwe/ancillaries/?forcedCulture=en"\x1B[22m\n'[39m +
        [32m'\n'[39m +
        [32m'    at payWithCard (C:\\playwright-project\\src\\page-objects\\paymentPage.ts:4:20)\n'[39m +
        [32m'    at payWithCardInformation (C:\\playwright-project\\src\\tests\\2TripExtraSeat.spec.ts:276:22)\n'[39m +
        [32m'    at fn (C:\\playwright-project\\src\\tests\\2TripExtraSeat.spec.ts:428:13)\n'[39m +
        [32m'    at runWithRetries (C:\\playwright-project\\src\\tests\\2TripExtraSeat.spec.ts:312:13)\n'[39m +
        [32m'    at executeTests (C:\\playwright-project\\src\\tests\\2TripExtraSeat.spec.ts:427:33)\n'[39m +
        [32m'    at C:\\playwright-project\\src\\tests\\2TripExtraSeat.spec.ts:489:30'[39m,
      cause: [90mundefined[39m
    }
  }
}
Intento 1 fallido en payWithCard: page.waitForSelector: Timeout 60000ms exceeded.
Call log:
[2m  - waiting for locator('iframe[title="Iframe for expiry date"]') to be visible[22m
[2m    - waiting for" https://lv-fndoor-ecommerce-sbx-ghdubdbgdtcsane6.a01.azurefd.net/nwe/ancillaries/?forcedCulture=en" navigation to finish...[22m
[2m    - navigated to "https://lv-fndoor-ecommerce-sbx-ghdubdbgdtcsane6.a01.azurefd.net/nwe/ancillaries/?forcedCulture=en"[22m

    at payWithCard [90m(C:\playwright-project\[39msrc\page-objects\paymentPage.ts:4:20[90m)[39m
    at payWithCardInformation [90m(C:\playwright-project\[39msrc\tests\2TripExtraSeat.spec.ts:276:22[90m)[39m
    at fn [90m(C:\playwright-project\[39msrc\tests\2TripExtraSeat.spec.ts:428:13[90m)[39m
    at runWithRetries [90m(C:\playwright-project\[39msrc\tests\2TripExtraSeat.spec.ts:312:13[90m)[39m
    at executeTests [90m(C:\playwright-project\[39msrc\tests\2TripExtraSeat.spec.ts:427:33[90m)[39m
    at [90mC:\playwright-project\[39msrc\tests\2TripExtraSeat.spec.ts:489:30 {
  name: [32m'TimeoutError'[39m,
  [[32mSymbol(step)[39m]: {
    stepId: [32m'pw:api@124'[39m,
    location: {
      file: [32m'C:\\playwright-project\\src\\page-objects\\paymentPage.ts'[39m,
      line: [33m4[39m,
      column: [33m20[39m,
      function: [32m'payWithCard'[39m
    },
    category: [32m'pw:api'[39m,
    title: [32m'page.waitForSelector(iframe[title="Iframe for expiry date"])'[39m,
    apiName: [32m'page.waitForSelector'[39m,
    params: {
      selector: [32m'iframe[title="Iframe for expiry date"]'[39m,
      timeout: [33m60000[39m
    },
    boxedStack: [90mundefined[39m,
    steps: [],
    complete: [36m[Function: complete][39m,
    endWallTime: [33m1738223306978[39m,
    error: {
      message: [32m'TimeoutError: page.waitForSelector: Timeout 60000ms exceeded.\n'[39m +
        [32m'Call log:\n'[39m +
        [32m`\x1B[2m  - waiting for locator('iframe[title="Iframe for expiry date"]') to be visible\x1B[22m\n`[39m +
        [32m'\x1B[2m    - waiting for" https://lv-fndoor-ecommerce-sbx-ghdubdbgdtcsane6.a01.azurefd.net/nwe/ancillaries/?forcedCulture=en" navigation to finish...\x1B[22m\n'[39m +
        [32m'\x1B[2m    - navigated to "https://lv-fndoor-ecommerce-sbx-ghdubdbgdtcsane6.a01.azurefd.net/nwe/ancillaries/?forcedCulture=en"\x1B[22m\n'[39m,
      stack: [32m'TimeoutError: page.waitForSelector: Timeout 60000ms exceeded.\n'[39m +
        [32m'Call log:\n'[39m +
        [32m`\x1B[2m  - waiting for locator('iframe[title="Iframe for expiry date"]') to be visible\x1B[22m\n`[39m +
        [32m'\x1B[2m    - waiting for" https://lv-fndoor-ecommerce-sbx-ghdubdbgdtcsane6.a01.azurefd.net/nwe/ancillaries/?forcedCulture=en" navigation to finish...\x1B[22m\n'[39m +
        [32m'\x1B[2m    - navigated to "https://lv-fndoor-ecommerce-sbx-ghdubdbgdtcsane6.a01.azurefd.net/nwe/ancillaries/?forcedCulture=en"\x1B[22m\n'[39m +
        [32m'\n'[39m +
        [32m'    at payWithCard (C:\\playwright-project\\src\\page-objects\\paymentPage.ts:4:20)\n'[39m +
        [32m'    at payWithCardInformation (C:\\playwright-project\\src\\tests\\2TripExtraSeat.spec.ts:276:22)\n'[39m +
        [32m'    at fn (C:\\playwright-project\\src\\tests\\2TripExtraSeat.spec.ts:428:13)\n'[39m +
        [32m'    at runWithRetries (C:\\playwright-project\\src\\tests\\2TripExtraSeat.spec.ts:312:13)\n'[39m +
        [32m'    at executeTests (C:\\playwright-project\\src\\tests\\2TripExtraSeat.spec.ts:427:33)\n'[39m +
        [32m'    at C:\\playwright-project\\src\\tests\\2TripExtraSeat.spec.ts:489:30'[39m,
      cause: [90mundefined[39m
    }
  }
}
Error while handling iframe payment: page.waitForSelector: Timeout 60000ms exceeded.
Call log:
[2m  - waiting for locator('iframe[title="Iframe for expiry date"]') to be visible[22m

    at payWithCard [90m(C:\playwright-project\[39msrc\page-objects\paymentPage.ts:4:20[90m)[39m
    at payWithCardInformation [90m(C:\playwright-project\[39msrc\tests\2TripExtraSeat.spec.ts:276:22[90m)[39m
    at fn [90m(C:\playwright-project\[39msrc\tests\2TripExtraSeat.spec.ts:428:13[90m)[39m
    at runWithRetries [90m(C:\playwright-project\[39msrc\tests\2TripExtraSeat.spec.ts:312:13[90m)[39m
    at executeTests [90m(C:\playwright-project\[39msrc\tests\2TripExtraSeat.spec.ts:427:27[90m)[39m
    at [90mC:\playwright-project\[39msrc\tests\2TripExtraSeat.spec.ts:489:30 {
  name: [32m'TimeoutError'[39m,
  [[32mSymbol(step)[39m]: {
    stepId: [32m'pw:api@125'[39m,
    location: {
      file: [32m'C:\\playwright-project\\src\\page-objects\\paymentPage.ts'[39m,
      line: [33m4[39m,
      column: [33m20[39m,
      function: [32m'payWithCard'[39m
    },
    category: [32m'pw:api'[39m,
    title: [32m'page.waitForSelector(iframe[title="Iframe for expiry date"])'[39m,
    apiName: [32m'page.waitForSelector'[39m,
    params: {
      selector: [32m'iframe[title="Iframe for expiry date"]'[39m,
      timeout: [33m60000[39m
    },
    boxedStack: [90mundefined[39m,
    steps: [],
    complete: [36m[Function: complete][39m,
    endWallTime: [33m1738223366997[39m,
    error: {
      message: [32m'TimeoutError: page.waitForSelector: Timeout 60000ms exceeded.\n'[39m +
        [32m'Call log:\n'[39m +
        [32m`\x1B[2m  - waiting for locator('iframe[title="Iframe for expiry date"]') to be visible\x1B[22m\n`[39m,
      stack: [32m'TimeoutError: page.waitForSelector: Timeout 60000ms exceeded.\n'[39m +
        [32m'Call log:\n'[39m +
        [32m`\x1B[2m  - waiting for locator('iframe[title="Iframe for expiry date"]') to be visible\x1B[22m\n`[39m +
        [32m'\n'[39m +
        [32m'    at payWithCard (C:\\playwright-project\\src\\page-objects\\paymentPage.ts:4:20)\n'[39m +
        [32m'    at payWithCardInformation (C:\\playwright-project\\src\\tests\\2TripExtraSeat.spec.ts:276:22)\n'[39m +
        [32m'    at fn (C:\\playwright-project\\src\\tests\\2TripExtraSeat.spec.ts:428:13)\n'[39m +
        [32m'    at runWithRetries (C:\\playwright-project\\src\\tests\\2TripExtraSeat.spec.ts:312:13)\n'[39m +
        [32m'    at executeTests (C:\\playwright-project\\src\\tests\\2TripExtraSeat.spec.ts:427:27)\n'[39m +
        [32m'    at C:\\playwright-project\\src\\tests\\2TripExtraSeat.spec.ts:489:30'[39m,
      cause: [90mundefined[39m
    }
  }
}
Intento 2 fallido en payWithCard: page.waitForSelector: Timeout 60000ms exceeded.
Call log:
[2m  - waiting for locator('iframe[title="Iframe for expiry date"]') to be visible[22m

    at payWithCard [90m(C:\playwright-project\[39msrc\page-objects\paymentPage.ts:4:20[90m)[39m
    at payWithCardInformation [90m(C:\playwright-project\[39msrc\tests\2TripExtraSeat.spec.ts:276:22[90m)[39m
    at fn [90m(C:\playwright-project\[39msrc\tests\2TripExtraSeat.spec.ts:428:13[90m)[39m
    at runWithRetries [90m(C:\playwright-project\[39msrc\tests\2TripExtraSeat.spec.ts:312:13[90m)[39m
    at executeTests [90m(C:\playwright-project\[39msrc\tests\2TripExtraSeat.spec.ts:427:27[90m)[39m
    at [90mC:\playwright-project\[39msrc\tests\2TripExtraSeat.spec.ts:489:30 {
  name: [32m'TimeoutError'[39m,
  [[32mSymbol(step)[39m]: {
    stepId: [32m'pw:api@125'[39m,
    location: {
      file: [32m'C:\\playwright-project\\src\\page-objects\\paymentPage.ts'[39m,
      line: [33m4[39m,
      column: [33m20[39m,
      function: [32m'payWithCard'[39m
    },
    category: [32m'pw:api'[39m,
    title: [32m'page.waitForSelector(iframe[title="Iframe for expiry date"])'[39m,
    apiName: [32m'page.waitForSelector'[39m,
    params: {
      selector: [32m'iframe[title="Iframe for expiry date"]'[39m,
      timeout: [33m60000[39m
    },
    boxedStack: [90mundefined[39m,
    steps: [],
    complete: [36m[Function: complete][39m,
    endWallTime: [33m1738223366997[39m,
    error: {
      message: [32m'TimeoutError: page.waitForSelector: Timeout 60000ms exceeded.\n'[39m +
        [32m'Call log:\n'[39m +
        [32m`\x1B[2m  - waiting for locator('iframe[title="Iframe for expiry date"]') to be visible\x1B[22m\n`[39m,
      stack: [32m'TimeoutError: page.waitForSelector: Timeout 60000ms exceeded.\n'[39m +
        [32m'Call log:\n'[39m +
        [32m`\x1B[2m  - waiting for locator('iframe[title="Iframe for expiry date"]') to be visible\x1B[22m\n`[39m +
        [32m'\n'[39m +
        [32m'    at payWithCard (C:\\playwright-project\\src\\page-objects\\paymentPage.ts:4:20)\n'[39m +
        [32m'    at payWithCardInformation (C:\\playwright-project\\src\\tests\\2TripExtraSeat.spec.ts:276:22)\n'[39m +
        [32m'    at fn (C:\\playwright-project\\src\\tests\\2TripExtraSeat.spec.ts:428:13)\n'[39m +
        [32m'    at runWithRetries (C:\\playwright-project\\src\\tests\\2TripExtraSeat.spec.ts:312:13)\n'[39m +
        [32m'    at executeTests (C:\\playwright-project\\src\\tests\\2TripExtraSeat.spec.ts:427:27)\n'[39m +
        [32m'    at C:\\playwright-project\\src\\tests\\2TripExtraSeat.spec.ts:489:30'[39m,
      cause: [90mundefined[39m
    }
  }
}
Error while handling iframe payment: page.waitForSelector: Timeout 60000ms exceeded.
Call log:
[2m  - waiting for locator('iframe[title="Iframe for expiry date"]') to be visible[22m

    at payWithCard [90m(C:\playwright-project\[39msrc\page-objects\paymentPage.ts:4:20[90m)[39m
    at payWithCardInformation [90m(C:\playwright-project\[39msrc\tests\2TripExtraSeat.spec.ts:276:22[90m)[39m
    at fn [90m(C:\playwright-project\[39msrc\tests\2TripExtraSeat.spec.ts:428:13[90m)[39m
    at runWithRetries [90m(C:\playwright-project\[39msrc\tests\2TripExtraSeat.spec.ts:312:13[90m)[39m
    at executeTests [90m(C:\playwright-project\[39msrc\tests\2TripExtraSeat.spec.ts:427:27[90m)[39m
    at [90mC:\playwright-project\[39msrc\tests\2TripExtraSeat.spec.ts:489:30 {
  name: [32m'TimeoutError'[39m,
  [[32mSymbol(step)[39m]: {
    stepId: [32m'pw:api@126'[39m,
    location: {
      file: [32m'C:\\playwright-project\\src\\page-objects\\paymentPage.ts'[39m,
      line: [33m4[39m,
      column: [33m20[39m,
      function: [32m'payWithCard'[39m
    },
    category: [32m'pw:api'[39m,
    title: [32m'page.waitForSelector(iframe[title="Iframe for expiry date"])'[39m,
    apiName: [32m'page.waitForSelector'[39m,
    params: {
      selector: [32m'iframe[title="Iframe for expiry date"]'[39m,
      timeout: [33m60000[39m
    },
    boxedStack: [90mundefined[39m,
    steps: [],
    complete: [36m[Function: complete][39m,
    endWallTime: [33m1738223426993[39m,
    error: {
      message: [32m'TimeoutError: page.waitForSelector: Timeout 60000ms exceeded.\n'[39m +
        [32m'Call log:\n'[39m +
        [32m`\x1B[2m  - waiting for locator('iframe[title="Iframe for expiry date"]') to be visible\x1B[22m\n`[39m,
      stack: [32m'TimeoutError: page.waitForSelector: Timeout 60000ms exceeded.\n'[39m +
        [32m'Call log:\n'[39m +
        [32m`\x1B[2m  - waiting for locator('iframe[title="Iframe for expiry date"]') to be visible\x1B[22m\n`[39m +
        [32m'\n'[39m +
        [32m'    at payWithCard (C:\\playwright-project\\src\\page-objects\\paymentPage.ts:4:20)\n'[39m +
        [32m'    at payWithCardInformation (C:\\playwright-project\\src\\tests\\2TripExtraSeat.spec.ts:276:22)\n'[39m +
        [32m'    at fn (C:\\playwright-project\\src\\tests\\2TripExtraSeat.spec.ts:428:13)\n'[39m +
        [32m'    at runWithRetries (C:\\playwright-project\\src\\tests\\2TripExtraSeat.spec.ts:312:13)\n'[39m +
        [32m'    at executeTests (C:\\playwright-project\\src\\tests\\2TripExtraSeat.spec.ts:427:27)\n'[39m +
        [32m'    at C:\\playwright-project\\src\\tests\\2TripExtraSeat.spec.ts:489:30'[39m,
      cause: [90mundefined[39m
    }
  }
}
Intento 3 fallido en payWithCard: page.waitForSelector: Timeout 60000ms exceeded.
Call log:
[2m  - waiting for locator('iframe[title="Iframe for expiry date"]') to be visible[22m

    at payWithCard [90m(C:\playwright-project\[39msrc\page-objects\paymentPage.ts:4:20[90m)[39m
    at payWithCardInformation [90m(C:\playwright-project\[39msrc\tests\2TripExtraSeat.spec.ts:276:22[90m)[39m
    at fn [90m(C:\playwright-project\[39msrc\tests\2TripExtraSeat.spec.ts:428:13[90m)[39m
    at runWithRetries [90m(C:\playwright-project\[39msrc\tests\2TripExtraSeat.spec.ts:312:13[90m)[39m
    at executeTests [90m(C:\playwright-project\[39msrc\tests\2TripExtraSeat.spec.ts:427:27[90m)[39m
    at [90mC:\playwright-project\[39msrc\tests\2TripExtraSeat.spec.ts:489:30 {
  name: [32m'TimeoutError'[39m,
  [[32mSymbol(step)[39m]: {
    stepId: [32m'pw:api@126'[39m,
    location: {
      file: [32m'C:\\playwright-project\\src\\page-objects\\paymentPage.ts'[39m,
      line: [33m4[39m,
      column: [33m20[39m,
      function: [32m'payWithCard'[39m
    },
    category: [32m'pw:api'[39m,
    title: [32m'page.waitForSelector(iframe[title="Iframe for expiry date"])'[39m,
    apiName: [32m'page.waitForSelector'[39m,
    params: {
      selector: [32m'iframe[title="Iframe for expiry date"]'[39m,
      timeout: [33m60000[39m
    },
    boxedStack: [90mundefined[39m,
    steps: [],
    complete: [36m[Function: complete][39m,
    endWallTime: [33m1738223426993[39m,
    error: {
      message: [32m'TimeoutError: page.waitForSelector: Timeout 60000ms exceeded.\n'[39m +
        [32m'Call log:\n'[39m +
        [32m`\x1B[2m  - waiting for locator('iframe[title="Iframe for expiry date"]') to be visible\x1B[22m\n`[39m,
      stack: [32m'TimeoutError: page.waitForSelector: Timeout 60000ms exceeded.\n'[39m +
        [32m'Call log:\n'[39m +
        [32m`\x1B[2m  - waiting for locator('iframe[title="Iframe for expiry date"]') to be visible\x1B[22m\n`[39m +
        [32m'\n'[39m +
        [32m'    at payWithCard (C:\\playwright-project\\src\\page-objects\\paymentPage.ts:4:20)\n'[39m +
        [32m'    at payWithCardInformation (C:\\playwright-project\\src\\tests\\2TripExtraSeat.spec.ts:276:22)\n'[39m +
        [32m'    at fn (C:\\playwright-project\\src\\tests\\2TripExtraSeat.spec.ts:428:13)\n'[39m +
        [32m'    at runWithRetries (C:\\playwright-project\\src\\tests\\2TripExtraSeat.spec.ts:312:13)\n'[39m +
        [32m'    at executeTests (C:\\playwright-project\\src\\tests\\2TripExtraSeat.spec.ts:427:27)\n'[39m +
        [32m'    at C:\\playwright-project\\src\\tests\\2TripExtraSeat.spec.ts:489:30'[39m,
      cause: [90mundefined[39m
    }
  }
}
Prueba payWithCard fallida después de 3 intentos.
Intento 1 fallido en fillSeat: page.$$: Execution context was destroyed, most likely because of a navigation
    at selectSeat [90m(C:\playwright-project\[39msrc\tests\2TripExtraSeat.spec.ts:150:30[90m)[39m
    at selectSeatsAndContinue [90m(C:\playwright-project\[39msrc\tests\2TripExtraSeat.spec.ts:241:9[90m)[39m
    at runWithRetries [90m(C:\playwright-project\[39msrc\tests\2TripExtraSeat.spec.ts:312:7[90m)[39m
    at executeTests [90m(C:\playwright-project\[39msrc\tests\2TripExtraSeat.spec.ts:404:31[90m)[39m
    at [90mC:\playwright-project\[39msrc\tests\2TripExtraSeat.spec.ts:489:30 {
  name: [32m'Error'[39m,
  [[32mSymbol(step)[39m]: {
    stepId: [32m'pw:api@194'[39m,
    location: {
      file: [32m'C:\\playwright-project\\src\\tests\\2TripExtraSeat.spec.ts'[39m,
      line: [33m150[39m,
      column: [33m30[39m,
      function: [32m'selectSeat'[39m
    },
    category: [32m'pw:api'[39m,
    title: [32m'page.$$(.seat-icon__zoom img:not(.occupied))'[39m,
    apiName: [32m'page.$$'[39m,
    params: { selector: [32m'.seat-icon__zoom img:not(.occupied)'[39m },
    boxedStack: [90mundefined[39m,
    steps: [],
    complete: [36m[Function: complete][39m,
    endWallTime: [33m1738223457710[39m,
    error: {
      message: [32m'Error: page.$$: Execution context was destroyed, most likely because of a navigation'[39m,
      stack: [32m'Error: page.$$: Execution context was destroyed, most likely because of a navigation\n'[39m +
        [32m'    at selectSeat (C:\\playwright-project\\src\\tests\\2TripExtraSeat.spec.ts:150:30)\n'[39m +
        [32m'    at selectSeatsAndContinue (C:\\playwright-project\\src\\tests\\2TripExtraSeat.spec.ts:241:9)\n'[39m +
        [32m'    at runWithRetries (C:\\playwright-project\\src\\tests\\2TripExtraSeat.spec.ts:312:7)\n'[39m +
        [32m'    at executeTests (C:\\playwright-project\\src\\tests\\2TripExtraSeat.spec.ts:404:31)\n'[39m +
        [32m'    at C:\\playwright-project\\src\\tests\\2TripExtraSeat.spec.ts:489:30'[39m,
      cause: [90mundefined[39m
    }
  }
}
Intento 2 fallido en fillSeat: elementHandle.click: Test ended.
Call log:
[2m  - attempting click action[22m
[2m    2 × waiting for element to be visible, enabled and stable[22m
[2m      - element is visible, enabled and stable[22m
[2m      - scrolling into view if needed[22m
[2m      - done scrolling[22m
[2m      - &lt;div class="summary-actions"&gt;…&lt;/div&gt; from &lt;div class="flight-summary undefined"&gt;…&lt;/div&gt; subtree intercepts pointer events[22m
[2m    - retrying click action[22m
[2m    - waiting 20ms[22m
[2m    - waiting for element to be visible, enabled and stable[22m
[2m    - element is not stable[22m
[2m  - retrying click action[22m
[2m    - waiting 100ms[22m
[2m    - waiting for element to be visible, enabled and stable[22m
[2m    - element is visible, enabled and stable[22m
[2m    - scrolling into view if needed[22m
[2m    - done scrolling[22m
[2m    - &lt;div class="flight-summary undefined"&gt;…&lt;/div&gt; intercepts pointer events[22m
[2m  - retrying click action[22m
[2m    - waiting 100ms[22m
[2m    - waiting for element to be visible, enabled and stable[22m
[2m    - element is not stable[22m
[2m  28 × retrying click action[22m
[2m       - waiting 500ms[22m
[2m       - waiting for element to be visible, enabled and stable[22m
[2m       - element is visible, enabled and stable[22m
[2m       - scrolling into view if needed[22m
[2m       - done scrolling[22m
[2m       - &lt;div class="container"&gt;…&lt;/div&gt; from &lt;nav class="bg-white py-1 undefined navbar navbar-expand navbar-light fixed-top"&gt;…&lt;/nav&gt; subtree intercepts pointer events[22m
[2m     - retrying click action[22m
[2m       - waiting 500ms[22m
[2m       - waiting for element to be visible, enabled and stable[22m
[2m       - element is visible, enabled and stable[22m
[2m       - scrolling into view if needed[22m
[2m       - done scrolling[22m
[2m       - &lt;div class="flight-summary undefined"&gt;…&lt;/div&gt; intercepts pointer events[22m
[2m     - retrying click action[22m
[2m       - waiting 500ms[22m
[2m       - waiting for element to be visible, enabled and stable[22m
[2m       - element is visible, enabled and stable[22m
[2m       - scrolling into view if needed[22m
[2m       - done scrolling[22m
[2m       - &lt;div class="seat-types-legend__container"&gt;…&lt;/div&gt; intercepts pointer events[22m
[2m     - retrying click action[22m
[2m       - waiting 500ms[22m
[2m       - waiting for element to be visible, enabled and stable[22m
[2m       - element is visible, enabled and stable[22m
[2m       - scrolling into view if needed[22m
[2m       - done scrolling[22m
[2m       - &lt;div class="container"&gt;…&lt;/div&gt; from &lt;nav class="bg-white py-1 undefined navbar navbar-expand navbar-light fixed-top"&gt;…&lt;/nav&gt; subtree intercepts pointer events[22m
[2m  - retrying click action[22m
[2m    - waiting 500ms[22m

    at selectSeat [90m(C:\playwright-project\[39msrc\tests\2TripExtraSeat.spec.ts:159:30[90m)[39m
    at selectSeatsAndContinue [90m(C:\playwright-project\[39msrc\tests\2TripExtraSeat.spec.ts:241:3[90m)[39m
    at runWithRetries [90m(C:\playwright-project\[39msrc\tests\2TripExtraSeat.spec.ts:312:7[90m)[39m
    at executeTests [90m(C:\playwright-project\[39msrc\tests\2TripExtraSeat.spec.ts:404:31[90m)[39m
    at [90mC:\playwright-project\[39msrc\tests\2TripExtraSeat.spec.ts:489:30
Intento 3 fallido en fillSeat: page.waitForTimeout: Target page, context or browser has been closed
    at selectSeatsAndContinue [90m(C:\playwright-project\[39msrc\tests\2TripExtraSeat.spec.ts:238:14[90m)[39m
    at fn [90m(C:\playwright-project\[39msrc\tests\2TripExtraSeat.spec.ts:405:17[90m)[39m
    at runWithRetries [90m(C:\playwright-project\[39msrc\tests\2TripExtraSeat.spec.ts:312:13[90m)[39m
    at executeTests [90m(C:\playwright-project\[39msrc\tests\2TripExtraSeat.spec.ts:404:31[90m)[39m
    at [90mC:\playwright-project\[39msrc\tests\2TripExtraSeat.spec.ts:489:30
Error crítico durante la ejecución: page.screenshot: Target page, context or browser has been closed
    at runWithRetries [90m(C:\playwright-project\[39msrc\tests\2TripExtraSeat.spec.ts:317:20[90m)[39m
    at executeTests [90m(C:\playwright-project\[39msrc\tests\2TripExtraSeat.spec.ts:404:31[90m)[39m
    at [90mC:\playwright-project\[39msrc\tests\2TripExtraSeat.spec.ts:489:30

Warning: attachment 2TripExtraSeat-1-Adt-EcoLi-775f8-ión-completa-con-reintentos-chromium\test-failed-1.png is missing
</system-err>
</testcase>
</testsuite>
<testsuite name="DateTest.spec.ts" timestamp="2025-01-30T07:32:22.292Z" hostname="chromium" tests="3" failures="1" skipped="0" time="434.255" errors="0">
<testcase name="1. error - dd/mm/aaaa (Fecha CA/ES) › Ejecución completa con reintentos" classname="DateTest.spec.ts" time="360.089">
<failure message="DateTest.spec.ts:245:7 Ejecución completa con reintentos" type="FAILURE">
  [chromium] › DateTest.spec.ts:245:7 › 1. error - dd/mm/aaaa (Fecha CA/ES) › Ejecución completa con reintentos 

    Test timeout of 360000ms exceeded.

    Error: browserContext.close: Test ended.
    Browser logs:

    &lt;launching&gt; C:\Users\SofiaMartínezLópez\AppData\Local\ms-playwright\chromium_headless_shell-1148\chrome-win\headless_shell.exe --disable-field-trial-config --disable-background-networking --disable-background-timer-throttling --disable-backgrounding-occluded-windows --disable-back-forward-cache --disable-breakpad --disable-client-side-phishing-detection --disable-component-extensions-with-background-pages --disable-component-update --no-default-browser-check --disable-default-apps --disable-dev-shm-usage --disable-extensions --disable-features=ImprovedCookieControls,LazyFrameLoading,GlobalMediaControls,DestroyProfileOnBrowserClose,MediaRouter,DialMediaRouteProvider,AcceptCHFrame,AutoExpandDetailsElement,CertificateTransparencyComponentUpdater,AvoidUnnecessaryBeforeUnloadCheckSync,Translate,HttpsUpgrades,PaintHolding,ThirdPartyStoragePartitioning,LensOverlay,PlzDedicatedWorker --allow-pre-commit-input --disable-hang-monitor --disable-ipc-flooding-protection --disable-popup-blocking --disable-prompt-on-repost --disable-renderer-backgrounding --force-color-profile=srgb --metrics-recording-only --no-first-run --enable-automation --password-store=basic --use-mock-keychain --no-service-autorun --export-tagged-pdf --disable-search-engine-choice-screen --unsafely-disable-devtools-self-xss-warnings --headless --hide-scrollbars --mute-audio --blink-settings=primaryHoverType=2,availableHoverTypes=2,primaryPointerType=4,availablePointerTypes=4 --no-sandbox --user-data-dir=C:\Users\SOFIAM~1\AppData\Local\Temp\playwright_chromiumdev_profile-nOBED7 --remote-debugging-pipe --no-startup-window
    &lt;launched&gt; pid=3568
    [pid=3568][err] [0130/083313.502:ERROR:gles2_cmd_decoder_passthrough.cc(1053)] [GroupMarkerNotSet(crbug.com/242999)!:A0B0BE000C160000]Automatic fallback to software WebGL has been deprecated. Please use the --enable-unsafe-swiftshader flag to opt in to lower security guarantees for trusted content.
    [pid=3568][err] [0130/083313.570:ERROR:gl_utils.cc(426)] [.WebGL-0x572c00127800]GL Driver Message (OpenGL, Performance, GL_CLOSE_PATH_NV, High): GPU stall due to ReadPixels
    [pid=3568][err] [0130/083313.882:ERROR:gles2_cmd_decoder_passthrough.cc(1053)] [GroupMarkerNotSet(crbug.com/242999)!:A010BF000C160000]Automatic fallback to software WebGL has been deprecated. Please use the --enable-unsafe-swiftshader flag to opt in to lower security guarantees for trusted content.
    [pid=3568][err] [0130/083313.942:ERROR:gles2_cmd_decoder_passthrough.cc(1053)] [GroupMarkerNotSet(crbug.com/242999)!:A080BE000C160000]Automatic fallback to software WebGL has been deprecated. Please use the --enable-unsafe-swiftshader flag to opt in to lower security guarantees for trusted content.
    [pid=3568][err] [0130/083313.953:ERROR:gles2_cmd_decoder_passthrough.cc(1053)] [GroupMarkerNotSet(crbug.com/242999)!:A08007010C160000]Automatic fallback to software WebGL has been deprecated. Please use the --enable-unsafe-swiftshader flag to opt in to lower security guarantees for trusted content.
    [pid=3568][err] [0130/083313.963:ERROR:gl_utils.cc(426)] [.WebGL-0x572c01642300]GL Driver Message (OpenGL, Performance, GL_CLOSE_PATH_NV, High): GPU stall due to ReadPixels
    [pid=3568][err] [0130/083313.985:ERROR:gles2_cmd_decoder_passthrough.cc(1053)] [GroupMarkerNotSet(crbug.com/242999)!:A0B007010C160000]Automatic fallback to software WebGL has been deprecated. Please use the --enable-unsafe-swiftshader flag to opt in to lower security guarantees for trusted content.
    [pid=3568][err] [0130/083313.990:ERROR:gles2_cmd_decoder_passthrough.cc(1053)] [GroupMarkerNotSet(crbug.com/242999)!:A0E007010C160000]Automatic fallback to software WebGL has been deprecated. Please use the --enable-unsafe-swiftshader flag to opt in to lower security guarantees for trusted content.
    [pid=3568][err] [0130/083314.071:ERROR:web_contents_delegate.cc(283)] WebContentsDelegate::CheckMediaAccessPermission: Not supported.
    [pid=3568][err] [0130/083314.071:ERROR:web_contents_delegate.cc(283)] WebContentsDelegate::CheckMediaAccessPermission: Not supported.
    [pid=3568][err] [0130/083718.874:ERROR:gles2_cmd_decoder_passthrough.cc(1053)] [GroupMarkerNotSet(crbug.com/242999)!:A080BE000C160000]Automatic fallback to software WebGL has been deprecated. Please use the --enable-unsafe-swiftshader flag to opt in to lower security guarantees for trusted content.
    [pid=3568][err] [0130/083718.901:ERROR:gl_utils.cc(426)] [.WebGL-0x4d1c07cec000]GL Driver Message (OpenGL, Performance, GL_CLOSE_PATH_NV, High): GPU stall due to ReadPixels
    [pid=3568][err] [0130/083719.166:ERROR:gles2_cmd_decoder_passthrough.cc(1053)] [GroupMarkerNotSet(crbug.com/242999)!:A010BF000C160000]Automatic fallback to software WebGL has been deprecated. Please use the --enable-unsafe-swiftshader flag to opt in to lower security guarantees for trusted content.
    [pid=3568][err] [0130/083719.197:ERROR:gles2_cmd_decoder_passthrough.cc(1053)] [GroupMarkerNotSet(crbug.com/242999)!:A0E0BE000C160000]Automatic fallback to software WebGL has been deprecated. Please use the --enable-unsafe-swiftshader flag to opt in to lower security guarantees for trusted content.
    [pid=3568][err] [0130/083719.206:ERROR:gles2_cmd_decoder_passthrough.cc(1053)] [GroupMarkerNotSet(crbug.com/242999)!:A08007010C160000]Automatic fallback to software WebGL has been deprecated. Please use the --enable-unsafe-swiftshader flag to opt in to lower security guarantees for trusted content.
    [pid=3568][err] [0130/083719.213:ERROR:gl_utils.cc(426)] [.WebGL-0x4d1c07cf0600]GL Driver Message (OpenGL, Performance, GL_CLOSE_PATH_NV, High): GPU stall due to ReadPixels (this message will no longer repeat)
    [pid=3568][err] [0130/083719.234:ERROR:gles2_cmd_decoder_passthrough.cc(1053)] [GroupMarkerNotSet(crbug.com/242999)!:A0B007010C160000]Automatic fallback to software WebGL has been deprecated. Please use the --enable-unsafe-swiftshader flag to opt in to lower security guarantees for trusted content.
    [pid=3568][err] [0130/083719.242:ERROR:gles2_cmd_decoder_passthrough.cc(1053)] [GroupMarkerNotSet(crbug.com/242999)!:A0E007010C160000]Automatic fallback to software WebGL has been deprecated. Please use the --enable-unsafe-swiftshader flag to opt in to lower security guarantees for trusted content.
    [pid=3568][err] [0130/083719.319:ERROR:web_contents_delegate.cc(283)] WebContentsDelegate::CheckMediaAccessPermission: Not supported.
    [pid=3568][err] [0130/083719.319:ERROR:web_contents_delegate.cc(283)] WebContentsDelegate::CheckMediaAccessPermission: Not supported.
    [pid=3568][err] [0130/083745.918:ERROR:ssl_client_socket_impl.cc(878)] handshake failed; returned -1, SSL error code 1, net_error -101
    [pid=3568][err] [0130/083808.032:ERROR:gles2_cmd_decoder_passthrough.cc(1053)] [GroupMarkerNotSet(crbug.com/242999)!:A080BE000C160000]Automatic fallback to software WebGL has been deprecated. Please use the --enable-unsafe-swiftshader flag to opt in to lower security guarantees for trusted content.
    [pid=3568][err] [0130/083808.370:ERROR:gles2_cmd_decoder_passthrough.cc(1053)] [GroupMarkerNotSet(crbug.com/242999)!:A0E0BE000C160000]Automatic fallback to software WebGL has been deprecated. Please use the --enable-unsafe-swiftshader flag to opt in to lower security guarantees for trusted content.
    [pid=3568][err] [0130/083808.397:ERROR:gles2_cmd_decoder_passthrough.cc(1053)] [GroupMarkerNotSet(crbug.com/242999)!:A010BF000C160000]Automatic fallback to software WebGL has been deprecated. Please use the --enable-unsafe-swiftshader flag to opt in to lower security guarantees for trusted content.
    [pid=3568][err] [0130/083808.405:ERROR:gles2_cmd_decoder_passthrough.cc(1053)] [GroupMarkerNotSet(crbug.com/242999)!:A08007010C160000]Automatic fallback to software WebGL has been deprecated. Please use the --enable-unsafe-swiftshader flag to opt in to lower security guarantees for trusted content.
    [pid=3568][err] [0130/083808.435:ERROR:gles2_cmd_decoder_passthrough.cc(1053)] [GroupMarkerNotSet(crbug.com/242999)!:A0B007010C160000]Automatic fallback to software WebGL has been deprecated. Please use the --enable-unsafe-swiftshader flag to opt in to lower security guarantees for trusted content.
    [pid=3568][err] [0130/083808.441:ERROR:gles2_cmd_decoder_passthrough.cc(1053)] [GroupMarkerNotSet(crbug.com/242999)!:A0E007010C160000]Automatic fallback to software WebGL has been deprecated. Please use the --enable-unsafe-swiftshader flag to opt in to lower security guarantees for trusted content.
    [pid=3568][err] [0130/083808.508:ERROR:web_contents_delegate.cc(283)] WebContentsDelegate::CheckMediaAccessPermission: Not supported.
    [pid=3568][err] [0130/083808.509:ERROR:web_contents_delegate.cc(283)] WebContentsDelegate::CheckMediaAccessPermission: Not supported.
    [pid=3568][err] [0130/083856.595:ERROR:gles2_cmd_decoder_passthrough.cc(1053)] [GroupMarkerNotSet(crbug.com/242999)!:A0B0BE000C160000]Automatic fallback to software WebGL has been deprecated. Please use the --enable-unsafe-swiftshader flag to opt in to lower security guarantees for trusted content.
    [pid=3568][err] [0130/083856.857:ERROR:gles2_cmd_decoder_passthrough.cc(1053)] [GroupMarkerNotSet(crbug.com/242999)!:A0E0BE000C160000]Automatic fallback to software WebGL has been deprecated. Please use the --enable-unsafe-swiftshader flag to opt in to lower security guarantees for trusted content.
    [pid=3568][err] [0130/083856.889:ERROR:gles2_cmd_decoder_passthrough.cc(1053)] [GroupMarkerNotSet(crbug.com/242999)!:A010BF000C160000]Automatic fallback to software WebGL has been deprecated. Please use the --enable-unsafe-swiftshader flag to opt in to lower security guarantees for trusted content.
    [pid=3568][err] [0130/083856.898:ERROR:gles2_cmd_decoder_passthrough.cc(1053)] [GroupMarkerNotSet(crbug.com/242999)!:A08007010C160000]Automatic fallback to software WebGL has been deprecated. Please use the --enable-unsafe-swiftshader flag to opt in to lower security guarantees for trusted content.
    [pid=3568][err] [0130/083856.928:ERROR:gles2_cmd_decoder_passthrough.cc(1053)] [GroupMarkerNotSet(crbug.com/242999)!:A0B007010C160000]Automatic fallback to software WebGL has been deprecated. Please use the --enable-unsafe-swiftshader flag to opt in to lower security guarantees for trusted content.
    [pid=3568][err] [0130/083856.936:ERROR:gles2_cmd_decoder_passthrough.cc(1053)] [GroupMarkerNotSet(crbug.com/242999)!:A0E007010C160000]Automatic fallback to software WebGL has been deprecated. Please use the --enable-unsafe-swiftshader flag to opt in to lower security guarantees for trusted content.
    [pid=3568][err] [0130/083857.034:ERROR:web_contents_delegate.cc(283)] WebContentsDelegate::CheckMediaAccessPermission: Not supported.
    [pid=3568][err] [0130/083857.034:ERROR:web_contents_delegate.cc(283)] WebContentsDelegate::CheckMediaAccessPermission: Not supported.
    [pid=3568][err] [0130/083935.410:ERROR:gles2_cmd_decoder_passthrough.cc(1053)] [GroupMarkerNotSet(crbug.com/242999)!:A080BE000C160000]Automatic fallback to software WebGL has been deprecated. Please use the --enable-unsafe-swiftshader flag to opt in to lower security guarantees for trusted content.
    [pid=3568][err] [0130/083935.769:ERROR:gles2_cmd_decoder_passthrough.cc(1053)] [GroupMarkerNotSet(crbug.com/242999)!:A0E0BE000C160000]Automatic fallback to software WebGL has been deprecated. Please use the --enable-unsafe-swiftshader flag to opt in to lower security guarantees for trusted content.
    [pid=3568][err] [0130/083935.801:ERROR:gles2_cmd_decoder_passthrough.cc(1053)] [GroupMarkerNotSet(crbug.com/242999)!:A010BF000C160000]Automatic fallback to software WebGL has been deprecated. Please use the --enable-unsafe-swiftshader flag to opt in to lower security guarantees for trusted content.
    [pid=3568][err] [0130/083935.811:ERROR:gles2_cmd_decoder_passthrough.cc(1053)] [GroupMarkerNotSet(crbug.com/242999)!:A08007010C160000]Automatic fallback to software WebGL has been deprecated. Please use the --enable-unsafe-swiftshader flag to opt in to lower security guarantees for trusted content.
    [pid=3568][err] [0130/083935.844:ERROR:gles2_cmd_decoder_passthrough.cc(1053)] [GroupMarkerNotSet(crbug.com/242999)!:A0B007010C160000]Automatic fallback to software WebGL has been deprecated. Please use the --enable-unsafe-swiftshader flag to opt in to lower security guarantees for trusted content.
    [pid=3568][err] [0130/083935.852:ERROR:gles2_cmd_decoder_passthrough.cc(1053)] [GroupMarkerNotSet(crbug.com/242999)!:A0E007010C160000]Automatic fallback to software WebGL has been deprecated. Please use the --enable-unsafe-swiftshader flag to opt in to lower security guarantees for trusted content.
    [pid=3568][err] [0130/083935.943:ERROR:web_contents_delegate.cc(283)] WebContentsDelegate::CheckMediaAccessPermission: Not supported.
    [pid=3568][err] [0130/083935.943:ERROR:web_contents_delegate.cc(283)] WebContentsDelegate::CheckMediaAccessPermission: Not supported.
    [pid=3568][err] [0130/084017.183:ERROR:gles2_cmd_decoder_passthrough.cc(1053)] [GroupMarkerNotSet(crbug.com/242999)!:A080BE000C160000]Automatic fallback to software WebGL has been deprecated. Please use the --enable-unsafe-swiftshader flag to opt in to lower security guarantees for trusted content.
    [pid=3568][err] [0130/084017.519:ERROR:gles2_cmd_decoder_passthrough.cc(1053)] [GroupMarkerNotSet(crbug.com/242999)!:A0E0BE000C160000]Automatic fallback to software WebGL has been deprecated. Please use the --enable-unsafe-swiftshader flag to opt in to lower security guarantees for trusted content.
    [pid=3568][err] [0130/084017.558:ERROR:gles2_cmd_decoder_passthrough.cc(1053)] [GroupMarkerNotSet(crbug.com/242999)!:A010BF000C160000]Automatic fallback to software WebGL has been deprecated. Please use the --enable-unsafe-swiftshader flag to opt in to lower security guarantees for trusted content.
    [pid=3568][err] [0130/084017.567:ERROR:gles2_cmd_decoder_passthrough.cc(1053)] [GroupMarkerNotSet(crbug.com/242999)!:A08007010C160000]Automatic fallback to software WebGL has been deprecated. Please use the --enable-unsafe-swiftshader flag to opt in to lower security guarantees for trusted content.
    [pid=3568][err] [0130/084017.599:ERROR:gles2_cmd_decoder_passthrough.cc(1053)] [GroupMarkerNotSet(crbug.com/242999)!:A0B007010C160000]Automatic fallback to software WebGL has been deprecated. Please use the --enable-unsafe-swiftshader flag to opt in to lower security guarantees for trusted content.
    [pid=3568][err] [0130/084017.607:ERROR:gles2_cmd_decoder_passthrough.cc(1053)] [GroupMarkerNotSet(crbug.com/242999)!:A0E007010C160000]Automatic fallback to software WebGL has been deprecated. Please use the --enable-unsafe-swiftshader flag to opt in to lower security guarantees for trusted content.
    [pid=3568][err] [0130/084017.709:ERROR:web_contents_delegate.cc(283)] WebContentsDelegate::CheckMediaAccessPermission: Not supported.
    [pid=3568][err] [0130/084017.709:ERROR:web_contents_delegate.cc(283)] WebContentsDelegate::CheckMediaAccessPermission: Not supported.
    [pid=3568][err] [0130/084054.976:ERROR:gles2_cmd_decoder_passthrough.cc(1053)] [GroupMarkerNotSet(crbug.com/242999)!:A080BE000C160000]Automatic fallback to software WebGL has been deprecated. Please use the --enable-unsafe-swiftshader flag to opt in to lower security guarantees for trusted content.
    [pid=3568][err] [0130/084055.341:ERROR:gles2_cmd_decoder_passthrough.cc(1053)] [GroupMarkerNotSet(crbug.com/242999)!:A0E0BE000C160000]Automatic fallback to software WebGL has been deprecated. Please use the --enable-unsafe-swiftshader flag to opt in to lower security guarantees for trusted content.
    [pid=3568][err] [0130/084055.374:ERROR:gles2_cmd_decoder_passthrough.cc(1053)] [GroupMarkerNotSet(crbug.com/242999)!:A010BF000C160000]Automatic fallback to software WebGL has been deprecated. Please use the --enable-unsafe-swiftshader flag to opt in to lower security guarantees for trusted content.
    [pid=3568][err] [0130/084055.381:ERROR:gles2_cmd_decoder_passthrough.cc(1053)] [GroupMarkerNotSet(crbug.com/242999)!:A08007010C160000]Automatic fallback to software WebGL has been deprecated. Please use the --enable-unsafe-swiftshader flag to opt in to lower security guarantees for trusted content.
    [pid=3568][err] [0130/084055.411:ERROR:gles2_cmd_decoder_passthrough.cc(1053)] [GroupMarkerNotSet(crbug.com/242999)!:A0B007010C160000]Automatic fallback to software WebGL has been deprecated. Please use the --enable-unsafe-swiftshader flag to opt in to lower security guarantees for trusted content.
    [pid=3568][err] [0130/084055.419:ERROR:gles2_cmd_decoder_passthrough.cc(1053)] [GroupMarkerNotSet(crbug.com/242999)!:A0E007010C160000]Automatic fallback to software WebGL has been deprecated. Please use the --enable-unsafe-swiftshader flag to opt in to lower security guarantees for trusted content.
    [pid=3568][err] [0130/084055.521:ERROR:web_contents_delegate.cc(283)] WebContentsDelegate::CheckMediaAccessPermission: Not supported.
    [pid=3568][err] [0130/084055.521:ERROR:web_contents_delegate.cc(283)] WebContentsDelegate::CheckMediaAccessPermission: Not supported.
    [pid=3568][err] [0130/084104.342:ERROR:ssl_client_socket_impl.cc(878)] handshake failed; returned -1, SSL error code 1, net_error -101
    [pid=3568][err] [0130/084133.078:ERROR:gles2_cmd_decoder_passthrough.cc(1053)] [GroupMarkerNotSet(crbug.com/242999)!:A0B0BE000C160000]Automatic fallback to software WebGL has been deprecated. Please use the --enable-unsafe-swiftshader flag to opt in to lower security guarantees for trusted content.
    [pid=3568][err] [0130/084133.320:ERROR:gles2_cmd_decoder_passthrough.cc(1053)] [GroupMarkerNotSet(crbug.com/242999)!:A0E0BE000C160000]Automatic fallback to software WebGL has been deprecated. Please use the --enable-unsafe-swiftshader flag to opt in to lower security guarantees for trusted content.
    [pid=3568][err] [0130/084133.353:ERROR:gles2_cmd_decoder_passthrough.cc(1053)] [GroupMarkerNotSet(crbug.com/242999)!:A010BF000C160000]Automatic fallback to software WebGL has been deprecated. Please use the --enable-unsafe-swiftshader flag to opt in to lower security guarantees for trusted content.
    [pid=3568][err] [0130/084133.362:ERROR:gles2_cmd_decoder_passthrough.cc(1053)] [GroupMarkerNotSet(crbug.com/242999)!:A08007010C160000]Automatic fallback to software WebGL has been deprecated. Please use the --enable-unsafe-swiftshader flag to opt in to lower security guarantees for trusted content.
    [pid=3568][err] [0130/084133.390:ERROR:gles2_cmd_decoder_passthrough.cc(1053)] [GroupMarkerNotSet(crbug.com/242999)!:A0B007010C160000]Automatic fallback to software WebGL has been deprecated. Please use the --enable-unsafe-swiftshader flag to opt in to lower security guarantees for trusted content.
    [pid=3568][err] [0130/084133.395:ERROR:gles2_cmd_decoder_passthrough.cc(1053)] [GroupMarkerNotSet(crbug.com/242999)!:A0E007010C160000]Automatic fallback to software WebGL has been deprecated. Please use the --enable-unsafe-swiftshader flag to opt in to lower security guarantees for trusted content.
    [pid=3568][err] [0130/084133.459:ERROR:web_contents_delegate.cc(283)] WebContentsDelegate::CheckMediaAccessPermission: Not supported.
    [pid=3568][err] [0130/084133.459:ERROR:web_contents_delegate.cc(283)] WebContentsDelegate::CheckMediaAccessPermission: Not supported.
    [pid=3568][err] [0130/084222.266:ERROR:gles2_cmd_decoder_passthrough.cc(1053)] [GroupMarkerNotSet(crbug.com/242999)!:A080BE000C160000]Automatic fallback to software WebGL has been deprecated. Please use the --enable-unsafe-swiftshader flag to opt in to lower security guarantees for trusted content.
    [pid=3568][err] [0130/084222.754:ERROR:gles2_cmd_decoder_passthrough.cc(1053)] [GroupMarkerNotSet(crbug.com/242999)!:A080BE000C160000]Automatic fallback to software WebGL has been deprecated. Please use the --enable-unsafe-swiftshader flag to opt in to lower security guarantees for trusted content.
    [pid=3568][err] [0130/084222.801:ERROR:gles2_cmd_decoder_passthrough.cc(1053)] [GroupMarkerNotSet(crbug.com/242999)!:A0E0BE000C160000]Automatic fallback to software WebGL has been deprecated. Please use the --enable-unsafe-swiftshader flag to opt in to lower security guarantees for trusted content.
    [pid=3568][err] [0130/084222.812:ERROR:gles2_cmd_decoder_passthrough.cc(1053)] [GroupMarkerNotSet(crbug.com/242999)!:A010BF000C160000]Automatic fallback to software WebGL has been deprecated. Please use the --enable-unsafe-swiftshader flag to opt in to lower security guarantees for trusted content.
    [pid=3568][err] [0130/084222.844:ERROR:gles2_cmd_decoder_passthrough.cc(1053)] [GroupMarkerNotSet(crbug.com/242999)!:A08007010C160000]Automatic fallback to software WebGL has been deprecated. Please use the --enable-unsafe-swiftshader flag to opt in to lower security guarantees for trusted content.
    [pid=3568][err] [0130/084222.853:ERROR:gles2_cmd_decoder_passthrough.cc(1053)] [GroupMarkerNotSet(crbug.com/242999)!:A0B007010C160000]Automatic fallback to software WebGL has been deprecated. Please use the --enable-unsafe-swiftshader flag to opt in to lower security guarantees for trusted content.
    [pid=3568][err] [0130/084222.957:ERROR:web_contents_delegate.cc(283)] WebContentsDelegate::CheckMediaAccessPermission: Not supported.
    [pid=3568][err] [0130/084222.957:ERROR:web_contents_delegate.cc(283)] WebContentsDelegate::CheckMediaAccessPermission: Not supported.
    [pid=3568][err] [0130/084308.020:ERROR:gles2_cmd_decoder_passthrough.cc(1053)] [GroupMarkerNotSet(crbug.com/242999)!:A080BE000C160000]Automatic fallback to software WebGL has been deprecated. Please use the --enable-unsafe-swiftshader flag to opt in to lower security guarantees for trusted content.
    [pid=3568][err] [0130/084308.396:ERROR:gles2_cmd_decoder_passthrough.cc(1053)] [GroupMarkerNotSet(crbug.com/242999)!:A0E0BE000C160000]Automatic fallback to software WebGL has been deprecated. Please use the --enable-unsafe-swiftshader flag to opt in to lower security guarantees for trusted content.
    [pid=3568][err] [0130/084308.443:ERROR:gles2_cmd_decoder_passthrough.cc(1053)] [GroupMarkerNotSet(crbug.com/242999)!:A010BF000C160000]Automatic fallback to software WebGL has been deprecated. Please use the --enable-unsafe-swiftshader flag to opt in to lower security guarantees for trusted content.
    [pid=3568][err] [0130/084308.454:ERROR:gles2_cmd_decoder_passthrough.cc(1053)] [GroupMarkerNotSet(crbug.com/242999)!:A08007010C160000]Automatic fallback to software WebGL has been deprecated. Please use the --enable-unsafe-swiftshader flag to opt in to lower security guarantees for trusted content.
    [pid=3568][err] [0130/084308.490:ERROR:gles2_cmd_decoder_passthrough.cc(1053)] [GroupMarkerNotSet(crbug.com/242999)!:A0B007010C160000]Automatic fallback to software WebGL has been deprecated. Please use the --enable-unsafe-swiftshader flag to opt in to lower security guarantees for trusted content.
    [pid=3568][err] [0130/084308.499:ERROR:gles2_cmd_decoder_passthrough.cc(1053)] [GroupMarkerNotSet(crbug.com/242999)!:A0E007010C160000]Automatic fallback to software WebGL has been deprecated. Please use the --enable-unsafe-swiftshader flag to opt in to lower security guarantees for trusted content.
    [pid=3568][err] [0130/084308.621:ERROR:web_contents_delegate.cc(283)] WebContentsDelegate::CheckMediaAccessPermission: Not supported.
    [pid=3568][err] [0130/084308.621:ERROR:web_contents_delegate.cc(283)] WebContentsDelegate::CheckMediaAccessPermission: Not supported.
    [pid=3568][err] [0130/084338.196:ERROR:ssl_client_socket_impl.cc(878)] handshake failed; returned -1, SSL error code 1, net_error -100
    [pid=3568][err] [0130/084340.724:ERROR:ssl_client_socket_impl.cc(878)] handshake failed; returned -1, SSL error code 1, net_error -101
    [pid=3568][err] [0130/084351.776:ERROR:gles2_cmd_decoder_passthrough.cc(1053)] [GroupMarkerNotSet(crbug.com/242999)!:A080BE000C160000]Automatic fallback to software WebGL has been deprecated. Please use the --enable-unsafe-swiftshader flag to opt in to lower security guarantees for trusted content.
    [pid=3568][err] [0130/084352.084:ERROR:gles2_cmd_decoder_passthrough.cc(1053)] [GroupMarkerNotSet(crbug.com/242999)!:A080BE000C160000]Automatic fallback to software WebGL has been deprecated. Please use the --enable-unsafe-swiftshader flag to opt in to lower security guarantees for trusted content.
    [pid=3568][err] [0130/084352.123:ERROR:gles2_cmd_decoder_passthrough.cc(1053)] [GroupMarkerNotSet(crbug.com/242999)!:A0E0BE000C160000]Automatic fallback to software WebGL has been deprecated. Please use the --enable-unsafe-swiftshader flag to opt in to lower security guarantees for trusted content.
    [pid=3568][err] [0130/084352.132:ERROR:gles2_cmd_decoder_passthrough.cc(1053)] [GroupMarkerNotSet(crbug.com/242999)!:A010BF000C160000]Automatic fallback to software WebGL has been deprecated. Please use the --enable-unsafe-swiftshader flag to opt in to lower security guarantees for trusted content.
    [pid=3568][err] [0130/084352.162:ERROR:gles2_cmd_decoder_passthrough.cc(1053)] [GroupMarkerNotSet(crbug.com/242999)!:A08007010C160000]Automatic fallback to software WebGL has been deprecated. Please use the --enable-unsafe-swiftshader flag to opt in to lower security guarantees for trusted content.
    [pid=3568][err] [0130/084352.169:ERROR:gles2_cmd_decoder_passthrough.cc(1053)] [GroupMarkerNotSet(crbug.com/242999)!:A0B007010C160000]Automatic fallback to software WebGL has been deprecated. Please use the --enable-unsafe-swiftshader flag to opt in to lower security guarantees for trusted content.
    [pid=3568][err] [0130/084352.272:ERROR:web_contents_delegate.cc(283)] WebContentsDelegate::CheckMediaAccessPermission: Not supported.
    [pid=3568][err] [0130/084352.272:ERROR:web_contents_delegate.cc(283)] WebContentsDelegate::CheckMediaAccessPermission: Not supported.
    [pid=3568][err] [0130/084441.356:ERROR:gles2_cmd_decoder_passthrough.cc(1053)] [GroupMarkerNotSet(crbug.com/242999)!:A080BE000C160000]Automatic fallback to software WebGL has been deprecated. Please use the --enable-unsafe-swiftshader flag to opt in to lower security guarantees for trusted content.
    [pid=3568][err] [0130/084441.746:ERROR:gles2_cmd_decoder_passthrough.cc(1053)] [GroupMarkerNotSet(crbug.com/242999)!:A0E0BE000C160000]Automatic fallback to software WebGL has been deprecated. Please use the --enable-unsafe-swiftshader flag to opt in to lower security guarantees for trusted content.
    [pid=3568][err] [0130/084441.777:ERROR:gles2_cmd_decoder_passthrough.cc(1053)] [GroupMarkerNotSet(crbug.com/242999)!:A010BF000C160000]Automatic fallback to software WebGL has been deprecated. Please use the --enable-unsafe-swiftshader flag to opt in to lower security guarantees for trusted content.
    [pid=3568][err] [0130/084441.784:ERROR:gles2_cmd_decoder_passthrough.cc(1053)] [GroupMarkerNotSet(crbug.com/242999)!:A08007010C160000]Automatic fallback to software WebGL has been deprecated. Please use the --enable-unsafe-swiftshader flag to opt in to lower security guarantees for trusted content.
    [pid=3568][err] [0130/084441.815:ERROR:gles2_cmd_decoder_passthrough.cc(1053)] [GroupMarkerNotSet(crbug.com/242999)!:A0B007010C160000]Automatic fallback to software WebGL has been deprecated. Please use the --enable-unsafe-swiftshader flag to opt in to lower security guarantees for trusted content.
    [pid=3568][err] [0130/084441.824:ERROR:gles2_cmd_decoder_passthrough.cc(1053)] [GroupMarkerNotSet(crbug.com/242999)!:A0E007010C160000]Automatic fallback to software WebGL has been deprecated. Please use the --enable-unsafe-swiftshader flag to opt in to lower security guarantees for trusted content.
    [pid=3568][err] [0130/084441.923:ERROR:web_contents_delegate.cc(283)] WebContentsDelegate::CheckMediaAccessPermission: Not supported.
    [pid=3568][err] [0130/084441.923:ERROR:web_contents_delegate.cc(283)] WebContentsDelegate::CheckMediaAccessPermission: Not supported.
    [pid=3568][err] [0130/084538.945:ERROR:gles2_cmd_decoder_passthrough.cc(1053)] [GroupMarkerNotSet(crbug.com/242999)!:A080BE000C160000]Automatic fallback to software WebGL has been deprecated. Please use the --enable-unsafe-swiftshader flag to opt in to lower security guarantees for trusted content.
    [pid=3568][err] [0130/084539.350:ERROR:gles2_cmd_decoder_passthrough.cc(1053)] [GroupMarkerNotSet(crbug.com/242999)!:A0E0BE000C160000]Automatic fallback to software WebGL has been deprecated. Please use the --enable-unsafe-swiftshader flag to opt in to lower security guarantees for trusted content.
    [pid=3568][err] [0130/084539.388:ERROR:gles2_cmd_decoder_passthrough.cc(1053)] [GroupMarkerNotSet(crbug.com/242999)!:A010BF000C160000]Automatic fallback to software WebGL has been deprecated. Please use the --enable-unsafe-swiftshader flag to opt in to lower security guarantees for trusted content.
    [pid=3568][err] [0130/084539.397:ERROR:gles2_cmd_decoder_passthrough.cc(1053)] [GroupMarkerNotSet(crbug.com/242999)!:A08007010C160000]Automatic fallback to software WebGL has been deprecated. Please use the --enable-unsafe-swiftshader flag to opt in to lower security guarantees for trusted content.
    [pid=3568][err] [0130/084539.431:ERROR:gles2_cmd_decoder_passthrough.cc(1053)] [GroupMarkerNotSet(crbug.com/242999)!:A0B007010C160000]Automatic fallback to software WebGL has been deprecated. Please use the --enable-unsafe-swiftshader flag to opt in to lower security guarantees for trusted content.
    [pid=3568][err] [0130/084539.439:ERROR:gles2_cmd_decoder_passthrough.cc(1053)] [GroupMarkerNotSet(crbug.com/242999)!:A0E007010C160000]Automatic fallback to software WebGL has been deprecated. Please use the --enable-unsafe-swiftshader flag to opt in to lower security guarantees for trusted content.
    [pid=3568][err] [0130/084539.535:ERROR:web_contents_delegate.cc(283)] WebContentsDelegate::CheckMediaAccessPermission: Not supported.
    [pid=3568][err] [0130/084539.535:ERROR:web_contents_delegate.cc(283)] WebContentsDelegate::CheckMediaAccessPermission: Not supported.
    [pid=3568][err] [0130/084622.170:ERROR:gles2_cmd_decoder_passthrough.cc(1053)] [GroupMarkerNotSet(crbug.com/242999)!:A080BE000C160000]Automatic fallback to software WebGL has been deprecated. Please use the --enable-unsafe-swiftshader flag to opt in to lower security guarantees for trusted content.
    [pid=3568][err] [0130/084622.529:ERROR:gles2_cmd_decoder_passthrough.cc(1053)] [GroupMarkerNotSet(crbug.com/242999)!:A0E0BE000C160000]Automatic fallback to software WebGL has been deprecated. Please use the --enable-unsafe-swiftshader flag to opt in to lower security guarantees for trusted content.
    [pid=3568][err] [0130/084622.558:ERROR:gles2_cmd_decoder_passthrough.cc(1053)] [GroupMarkerNotSet(crbug.com/242999)!:A010BF000C160000]Automatic fallback to software WebGL has been deprecated. Please use the --enable-unsafe-swiftshader flag to opt in to lower security guarantees for trusted content.
    [pid=3568][err] [0130/084622.567:ERROR:gles2_cmd_decoder_passthrough.cc(1053)] [GroupMarkerNotSet(crbug.com/242999)!:A08007010C160000]Automatic fallback to software WebGL has been deprecated. Please use the --enable-unsafe-swiftshader flag to opt in to lower security guarantees for trusted content.
    [pid=3568][err] [0130/084622.594:ERROR:gles2_cmd_decoder_passthrough.cc(1053)] [GroupMarkerNotSet(crbug.com/242999)!:A0B007010C160000]Automatic fallback to software WebGL has been deprecated. Please use the --enable-unsafe-swiftshader flag to opt in to lower security guarantees for trusted content.
    [pid=3568][err] [0130/084622.601:ERROR:gles2_cmd_decoder_passthrough.cc(1053)] [GroupMarkerNotSet(crbug.com/242999)!:A0E007010C160000]Automatic fallback to software WebGL has been deprecated. Please use the --enable-unsafe-swiftshader flag to opt in to lower security guarantees for trusted content.
    [pid=3568][err] [0130/084622.702:ERROR:web_contents_delegate.cc(283)] WebContentsDelegate::CheckMediaAccessPermission: Not supported.
    [pid=3568][err] [0130/084622.702:ERROR:web_contents_delegate.cc(283)] WebContentsDelegate::CheckMediaAccessPermission: Not supported.
    [pid=3568] &lt;gracefully close start&gt;

      215 |   } finally {
      216 |     if (page) await page.close();
    &gt; 217 |     if (context) await context.close();
          |                  ^
      218 |   }
      219 |
      220 |   return shouldContinueTests; // Return the status of the test execution
        at executeTests (C:\playwright-project\src\tests\DateTest.spec.ts:217:18)
        at C:\playwright-project\src\tests\DateTest.spec.ts:254:29

    attachment #1: screenshot (image/png) ──────────────────────────────────────────────────────────
    test-results\DateTest-1-error---dd-mm-a-7548a-ión-completa-con-reintentos-chromium\test-failed-1.png
    ────────────────────────────────────────────────────────────────────────────────────────────────

</failure>
<system-out>
Ejecución completa, intento 1 de 5
Ejecutando Booking, intento 1
Fecha de salida seleccionada: { year: [32m'2025'[39m, month: [32m'6'[39m, index: [33m5[39m, value: [33m14[39m }
Ajustando número de pasajeros
Successfully clicked the element: div.price-cabin:has-text("Economy")
Ejecutando fillPassengerAdult 1, intento 1
Ejecutando fillContact, intento 1
Ejecutando payWithCard, intento 1
Ejecutando payWithCard, intento 2
Ejecutando payWithCard, intento 3
Ejecución completa, intento 2 de 5
Ejecutando Booking, intento 1
Fecha de salida seleccionada: { year: [32m'2025'[39m, month: [32m'6'[39m, index: [33m3[39m, value: [33m10[39m }
Ajustando número de pasajeros
Successfully clicked the element: div.price-cabin:has-text("Economy")
Ejecutando fillPassengerAdult 1, intento 1
Ejecutando fillContact, intento 1
Ejecutando payWithCard, intento 1
Ejecutando payWithCard, intento 2
Ejecutando payWithCard, intento 3

</system-out>
<system-err>
Error while handling iframe payment: page.waitForSelector: Timeout 60000ms exceeded.
Call log:
[2m  - waiting for locator('iframe[title="Iframe for expiry date"]') to be visible[22m

    at payWithCard [90m(C:\playwright-project\[39msrc\page-objects\paymentPage.ts:4:20[90m)[39m
    at payWithCardInformation [90m(C:\playwright-project\[39msrc\tests\DateTest.spec.ts:82:22[90m)[39m
    at fn [90m(C:\playwright-project\[39msrc\tests\DateTest.spec.ts:204:17[90m)[39m
    at runWithRetries [90m(C:\playwright-project\[39msrc\tests\DateTest.spec.ts:113:13[90m)[39m
    at executeTests [90m(C:\playwright-project\[39msrc\tests\DateTest.spec.ts:203:37[90m)[39m
    at [90mC:\playwright-project\[39msrc\tests\DateTest.spec.ts:254:29 {
  name: [32m'TimeoutError'[39m,
  [[32mSymbol(step)[39m]: {
    stepId: [32m'pw:api@57'[39m,
    location: {
      file: [32m'C:\\playwright-project\\src\\page-objects\\paymentPage.ts'[39m,
      line: [33m4[39m,
      column: [33m20[39m,
      function: [32m'payWithCard'[39m
    },
    category: [32m'pw:api'[39m,
    title: [32m'page.waitForSelector(iframe[title="Iframe for expiry date"])'[39m,
    apiName: [32m'page.waitForSelector'[39m,
    params: {
      selector: [32m'iframe[title="Iframe for expiry date"]'[39m,
      timeout: [33m60000[39m
    },
    boxedStack: [90mundefined[39m,
    steps: [],
    complete: [36m[Function: complete][39m,
    endWallTime: [33m1738223264902[39m,
    error: {
      message: [32m'TimeoutError: page.waitForSelector: Timeout 60000ms exceeded.\n'[39m +
        [32m'Call log:\n'[39m +
        [32m`\x1B[2m  - waiting for locator('iframe[title="Iframe for expiry date"]') to be visible\x1B[22m\n`[39m,
      stack: [32m'TimeoutError: page.waitForSelector: Timeout 60000ms exceeded.\n'[39m +
        [32m'Call log:\n'[39m +
        [32m`\x1B[2m  - waiting for locator('iframe[title="Iframe for expiry date"]') to be visible\x1B[22m\n`[39m +
        [32m'\n'[39m +
        [32m'    at payWithCard (C:\\playwright-project\\src\\page-objects\\paymentPage.ts:4:20)\n'[39m +
        [32m'    at payWithCardInformation (C:\\playwright-project\\src\\tests\\DateTest.spec.ts:82:22)\n'[39m +
        [32m'    at fn (C:\\playwright-project\\src\\tests\\DateTest.spec.ts:204:17)\n'[39m +
        [32m'    at runWithRetries (C:\\playwright-project\\src\\tests\\DateTest.spec.ts:113:13)\n'[39m +
        [32m'    at executeTests (C:\\playwright-project\\src\\tests\\DateTest.spec.ts:203:37)\n'[39m +
        [32m'    at C:\\playwright-project\\src\\tests\\DateTest.spec.ts:254:29'[39m,
      cause: [90mundefined[39m
    }
  }
}
Intento 1 fallido en payWithCard: page.waitForSelector: Timeout 60000ms exceeded.
Call log:
[2m  - waiting for locator('iframe[title="Iframe for expiry date"]') to be visible[22m

    at payWithCard [90m(C:\playwright-project\[39msrc\page-objects\paymentPage.ts:4:20[90m)[39m
    at payWithCardInformation [90m(C:\playwright-project\[39msrc\tests\DateTest.spec.ts:82:22[90m)[39m
    at fn [90m(C:\playwright-project\[39msrc\tests\DateTest.spec.ts:204:17[90m)[39m
    at runWithRetries [90m(C:\playwright-project\[39msrc\tests\DateTest.spec.ts:113:13[90m)[39m
    at executeTests [90m(C:\playwright-project\[39msrc\tests\DateTest.spec.ts:203:37[90m)[39m
    at [90mC:\playwright-project\[39msrc\tests\DateTest.spec.ts:254:29 {
  name: [32m'TimeoutError'[39m,
  [[32mSymbol(step)[39m]: {
    stepId: [32m'pw:api@57'[39m,
    location: {
      file: [32m'C:\\playwright-project\\src\\page-objects\\paymentPage.ts'[39m,
      line: [33m4[39m,
      column: [33m20[39m,
      function: [32m'payWithCard'[39m
    },
    category: [32m'pw:api'[39m,
    title: [32m'page.waitForSelector(iframe[title="Iframe for expiry date"])'[39m,
    apiName: [32m'page.waitForSelector'[39m,
    params: {
      selector: [32m'iframe[title="Iframe for expiry date"]'[39m,
      timeout: [33m60000[39m
    },
    boxedStack: [90mundefined[39m,
    steps: [],
    complete: [36m[Function: complete][39m,
    endWallTime: [33m1738223264902[39m,
    error: {
      message: [32m'TimeoutError: page.waitForSelector: Timeout 60000ms exceeded.\n'[39m +
        [32m'Call log:\n'[39m +
        [32m`\x1B[2m  - waiting for locator('iframe[title="Iframe for expiry date"]') to be visible\x1B[22m\n`[39m,
      stack: [32m'TimeoutError: page.waitForSelector: Timeout 60000ms exceeded.\n'[39m +
        [32m'Call log:\n'[39m +
        [32m`\x1B[2m  - waiting for locator('iframe[title="Iframe for expiry date"]') to be visible\x1B[22m\n`[39m +
        [32m'\n'[39m +
        [32m'    at payWithCard (C:\\playwright-project\\src\\page-objects\\paymentPage.ts:4:20)\n'[39m +
        [32m'    at payWithCardInformation (C:\\playwright-project\\src\\tests\\DateTest.spec.ts:82:22)\n'[39m +
        [32m'    at fn (C:\\playwright-project\\src\\tests\\DateTest.spec.ts:204:17)\n'[39m +
        [32m'    at runWithRetries (C:\\playwright-project\\src\\tests\\DateTest.spec.ts:113:13)\n'[39m +
        [32m'    at executeTests (C:\\playwright-project\\src\\tests\\DateTest.spec.ts:203:37)\n'[39m +
        [32m'    at C:\\playwright-project\\src\\tests\\DateTest.spec.ts:254:29'[39m,
      cause: [90mundefined[39m
    }
  }
}
Error while handling iframe payment: page.waitForSelector: Timeout 60000ms exceeded.
Call log:
[2m  - waiting for locator('iframe[title="Iframe for expiry date"]') to be visible[22m

    at payWithCard [90m(C:\playwright-project\[39msrc\page-objects\paymentPage.ts:4:20[90m)[39m
    at payWithCardInformation [90m(C:\playwright-project\[39msrc\tests\DateTest.spec.ts:82:22[90m)[39m
    at fn [90m(C:\playwright-project\[39msrc\tests\DateTest.spec.ts:204:17[90m)[39m
    at runWithRetries [90m(C:\playwright-project\[39msrc\tests\DateTest.spec.ts:113:13[90m)[39m
    at executeTests [90m(C:\playwright-project\[39msrc\tests\DateTest.spec.ts:203:31[90m)[39m
    at [90mC:\playwright-project\[39msrc\tests\DateTest.spec.ts:254:29 {
  name: [32m'TimeoutError'[39m,
  [[32mSymbol(step)[39m]: {
    stepId: [32m'pw:api@58'[39m,
    location: {
      file: [32m'C:\\playwright-project\\src\\page-objects\\paymentPage.ts'[39m,
      line: [33m4[39m,
      column: [33m20[39m,
      function: [32m'payWithCard'[39m
    },
    category: [32m'pw:api'[39m,
    title: [32m'page.waitForSelector(iframe[title="Iframe for expiry date"])'[39m,
    apiName: [32m'page.waitForSelector'[39m,
    params: {
      selector: [32m'iframe[title="Iframe for expiry date"]'[39m,
      timeout: [33m60000[39m
    },
    boxedStack: [90mundefined[39m,
    steps: [],
    complete: [36m[Function: complete][39m,
    endWallTime: [33m1738223324908[39m,
    error: {
      message: [32m'TimeoutError: page.waitForSelector: Timeout 60000ms exceeded.\n'[39m +
        [32m'Call log:\n'[39m +
        [32m`\x1B[2m  - waiting for locator('iframe[title="Iframe for expiry date"]') to be visible\x1B[22m\n`[39m,
      stack: [32m'TimeoutError: page.waitForSelector: Timeout 60000ms exceeded.\n'[39m +
        [32m'Call log:\n'[39m +
        [32m`\x1B[2m  - waiting for locator('iframe[title="Iframe for expiry date"]') to be visible\x1B[22m\n`[39m +
        [32m'\n'[39m +
        [32m'    at payWithCard (C:\\playwright-project\\src\\page-objects\\paymentPage.ts:4:20)\n'[39m +
        [32m'    at payWithCardInformation (C:\\playwright-project\\src\\tests\\DateTest.spec.ts:82:22)\n'[39m +
        [32m'    at fn (C:\\playwright-project\\src\\tests\\DateTest.spec.ts:204:17)\n'[39m +
        [32m'    at runWithRetries (C:\\playwright-project\\src\\tests\\DateTest.spec.ts:113:13)\n'[39m +
        [32m'    at executeTests (C:\\playwright-project\\src\\tests\\DateTest.spec.ts:203:31)\n'[39m +
        [32m'    at C:\\playwright-project\\src\\tests\\DateTest.spec.ts:254:29'[39m,
      cause: [90mundefined[39m
    }
  }
}
Intento 2 fallido en payWithCard: page.waitForSelector: Timeout 60000ms exceeded.
Call log:
[2m  - waiting for locator('iframe[title="Iframe for expiry date"]') to be visible[22m

    at payWithCard [90m(C:\playwright-project\[39msrc\page-objects\paymentPage.ts:4:20[90m)[39m
    at payWithCardInformation [90m(C:\playwright-project\[39msrc\tests\DateTest.spec.ts:82:22[90m)[39m
    at fn [90m(C:\playwright-project\[39msrc\tests\DateTest.spec.ts:204:17[90m)[39m
    at runWithRetries [90m(C:\playwright-project\[39msrc\tests\DateTest.spec.ts:113:13[90m)[39m
    at executeTests [90m(C:\playwright-project\[39msrc\tests\DateTest.spec.ts:203:31[90m)[39m
    at [90mC:\playwright-project\[39msrc\tests\DateTest.spec.ts:254:29 {
  name: [32m'TimeoutError'[39m,
  [[32mSymbol(step)[39m]: {
    stepId: [32m'pw:api@58'[39m,
    location: {
      file: [32m'C:\\playwright-project\\src\\page-objects\\paymentPage.ts'[39m,
      line: [33m4[39m,
      column: [33m20[39m,
      function: [32m'payWithCard'[39m
    },
    category: [32m'pw:api'[39m,
    title: [32m'page.waitForSelector(iframe[title="Iframe for expiry date"])'[39m,
    apiName: [32m'page.waitForSelector'[39m,
    params: {
      selector: [32m'iframe[title="Iframe for expiry date"]'[39m,
      timeout: [33m60000[39m
    },
    boxedStack: [90mundefined[39m,
    steps: [],
    complete: [36m[Function: complete][39m,
    endWallTime: [33m1738223324908[39m,
    error: {
      message: [32m'TimeoutError: page.waitForSelector: Timeout 60000ms exceeded.\n'[39m +
        [32m'Call log:\n'[39m +
        [32m`\x1B[2m  - waiting for locator('iframe[title="Iframe for expiry date"]') to be visible\x1B[22m\n`[39m,
      stack: [32m'TimeoutError: page.waitForSelector: Timeout 60000ms exceeded.\n'[39m +
        [32m'Call log:\n'[39m +
        [32m`\x1B[2m  - waiting for locator('iframe[title="Iframe for expiry date"]') to be visible\x1B[22m\n`[39m +
        [32m'\n'[39m +
        [32m'    at payWithCard (C:\\playwright-project\\src\\page-objects\\paymentPage.ts:4:20)\n'[39m +
        [32m'    at payWithCardInformation (C:\\playwright-project\\src\\tests\\DateTest.spec.ts:82:22)\n'[39m +
        [32m'    at fn (C:\\playwright-project\\src\\tests\\DateTest.spec.ts:204:17)\n'[39m +
        [32m'    at runWithRetries (C:\\playwright-project\\src\\tests\\DateTest.spec.ts:113:13)\n'[39m +
        [32m'    at executeTests (C:\\playwright-project\\src\\tests\\DateTest.spec.ts:203:31)\n'[39m +
        [32m'    at C:\\playwright-project\\src\\tests\\DateTest.spec.ts:254:29'[39m,
      cause: [90mundefined[39m
    }
  }
}
Error while handling iframe payment: page.waitForSelector: Timeout 60000ms exceeded.
Call log:
[2m  - waiting for locator('iframe[title="Iframe for expiry date"]') to be visible[22m

    at payWithCard [90m(C:\playwright-project\[39msrc\page-objects\paymentPage.ts:4:20[90m)[39m
    at payWithCardInformation [90m(C:\playwright-project\[39msrc\tests\DateTest.spec.ts:82:22[90m)[39m
    at fn [90m(C:\playwright-project\[39msrc\tests\DateTest.spec.ts:204:17[90m)[39m
    at runWithRetries [90m(C:\playwright-project\[39msrc\tests\DateTest.spec.ts:113:13[90m)[39m
    at executeTests [90m(C:\playwright-project\[39msrc\tests\DateTest.spec.ts:203:31[90m)[39m
    at [90mC:\playwright-project\[39msrc\tests\DateTest.spec.ts:254:29 {
  name: [32m'TimeoutError'[39m,
  [[32mSymbol(step)[39m]: {
    stepId: [32m'pw:api@59'[39m,
    location: {
      file: [32m'C:\\playwright-project\\src\\page-objects\\paymentPage.ts'[39m,
      line: [33m4[39m,
      column: [33m20[39m,
      function: [32m'payWithCard'[39m
    },
    category: [32m'pw:api'[39m,
    title: [32m'page.waitForSelector(iframe[title="Iframe for expiry date"])'[39m,
    apiName: [32m'page.waitForSelector'[39m,
    params: {
      selector: [32m'iframe[title="Iframe for expiry date"]'[39m,
      timeout: [33m60000[39m
    },
    boxedStack: [90mundefined[39m,
    steps: [],
    complete: [36m[Function: complete][39m,
    endWallTime: [33m1738223384922[39m,
    error: {
      message: [32m'TimeoutError: page.waitForSelector: Timeout 60000ms exceeded.\n'[39m +
        [32m'Call log:\n'[39m +
        [32m`\x1B[2m  - waiting for locator('iframe[title="Iframe for expiry date"]') to be visible\x1B[22m\n`[39m,
      stack: [32m'TimeoutError: page.waitForSelector: Timeout 60000ms exceeded.\n'[39m +
        [32m'Call log:\n'[39m +
        [32m`\x1B[2m  - waiting for locator('iframe[title="Iframe for expiry date"]') to be visible\x1B[22m\n`[39m +
        [32m'\n'[39m +
        [32m'    at payWithCard (C:\\playwright-project\\src\\page-objects\\paymentPage.ts:4:20)\n'[39m +
        [32m'    at payWithCardInformation (C:\\playwright-project\\src\\tests\\DateTest.spec.ts:82:22)\n'[39m +
        [32m'    at fn (C:\\playwright-project\\src\\tests\\DateTest.spec.ts:204:17)\n'[39m +
        [32m'    at runWithRetries (C:\\playwright-project\\src\\tests\\DateTest.spec.ts:113:13)\n'[39m +
        [32m'    at executeTests (C:\\playwright-project\\src\\tests\\DateTest.spec.ts:203:31)\n'[39m +
        [32m'    at C:\\playwright-project\\src\\tests\\DateTest.spec.ts:254:29'[39m,
      cause: [90mundefined[39m
    }
  }
}
Intento 3 fallido en payWithCard: page.waitForSelector: Timeout 60000ms exceeded.
Call log:
[2m  - waiting for locator('iframe[title="Iframe for expiry date"]') to be visible[22m

    at payWithCard [90m(C:\playwright-project\[39msrc\page-objects\paymentPage.ts:4:20[90m)[39m
    at payWithCardInformation [90m(C:\playwright-project\[39msrc\tests\DateTest.spec.ts:82:22[90m)[39m
    at fn [90m(C:\playwright-project\[39msrc\tests\DateTest.spec.ts:204:17[90m)[39m
    at runWithRetries [90m(C:\playwright-project\[39msrc\tests\DateTest.spec.ts:113:13[90m)[39m
    at executeTests [90m(C:\playwright-project\[39msrc\tests\DateTest.spec.ts:203:31[90m)[39m
    at [90mC:\playwright-project\[39msrc\tests\DateTest.spec.ts:254:29 {
  name: [32m'TimeoutError'[39m,
  [[32mSymbol(step)[39m]: {
    stepId: [32m'pw:api@59'[39m,
    location: {
      file: [32m'C:\\playwright-project\\src\\page-objects\\paymentPage.ts'[39m,
      line: [33m4[39m,
      column: [33m20[39m,
      function: [32m'payWithCard'[39m
    },
    category: [32m'pw:api'[39m,
    title: [32m'page.waitForSelector(iframe[title="Iframe for expiry date"])'[39m,
    apiName: [32m'page.waitForSelector'[39m,
    params: {
      selector: [32m'iframe[title="Iframe for expiry date"]'[39m,
      timeout: [33m60000[39m
    },
    boxedStack: [90mundefined[39m,
    steps: [],
    complete: [36m[Function: complete][39m,
    endWallTime: [33m1738223384922[39m,
    error: {
      message: [32m'TimeoutError: page.waitForSelector: Timeout 60000ms exceeded.\n'[39m +
        [32m'Call log:\n'[39m +
        [32m`\x1B[2m  - waiting for locator('iframe[title="Iframe for expiry date"]') to be visible\x1B[22m\n`[39m,
      stack: [32m'TimeoutError: page.waitForSelector: Timeout 60000ms exceeded.\n'[39m +
        [32m'Call log:\n'[39m +
        [32m`\x1B[2m  - waiting for locator('iframe[title="Iframe for expiry date"]') to be visible\x1B[22m\n`[39m +
        [32m'\n'[39m +
        [32m'    at payWithCard (C:\\playwright-project\\src\\page-objects\\paymentPage.ts:4:20)\n'[39m +
        [32m'    at payWithCardInformation (C:\\playwright-project\\src\\tests\\DateTest.spec.ts:82:22)\n'[39m +
        [32m'    at fn (C:\\playwright-project\\src\\tests\\DateTest.spec.ts:204:17)\n'[39m +
        [32m'    at runWithRetries (C:\\playwright-project\\src\\tests\\DateTest.spec.ts:113:13)\n'[39m +
        [32m'    at executeTests (C:\\playwright-project\\src\\tests\\DateTest.spec.ts:203:31)\n'[39m +
        [32m'    at C:\\playwright-project\\src\\tests\\DateTest.spec.ts:254:29'[39m,
      cause: [90mundefined[39m
    }
  }
}
Prueba payWithCard fallida después de 3 intentos.
Error while handling iframe payment: page.waitForSelector: Timeout 60000ms exceeded.
Call log:
[2m  - waiting for locator('iframe[title="Iframe for expiry date"]') to be visible[22m

    at payWithCard [90m(C:\playwright-project\[39msrc\page-objects\paymentPage.ts:4:20[90m)[39m
    at payWithCardInformation [90m(C:\playwright-project\[39msrc\tests\DateTest.spec.ts:82:22[90m)[39m
    at fn [90m(C:\playwright-project\[39msrc\tests\DateTest.spec.ts:204:17[90m)[39m
    at runWithRetries [90m(C:\playwright-project\[39msrc\tests\DateTest.spec.ts:113:13[90m)[39m
    at executeTests [90m(C:\playwright-project\[39msrc\tests\DateTest.spec.ts:203:37[90m)[39m
    at [90mC:\playwright-project\[39msrc\tests\DateTest.spec.ts:254:29 {
  name: [32m'TimeoutError'[39m,
  [[32mSymbol(step)[39m]: {
    stepId: [32m'pw:api@118'[39m,
    location: {
      file: [32m'C:\\playwright-project\\src\\page-objects\\paymentPage.ts'[39m,
      line: [33m4[39m,
      column: [33m20[39m,
      function: [32m'payWithCard'[39m
    },
    category: [32m'pw:api'[39m,
    title: [32m'page.waitForSelector(iframe[title="Iframe for expiry date"])'[39m,
    apiName: [32m'page.waitForSelector'[39m,
    params: {
      selector: [32m'iframe[title="Iframe for expiry date"]'[39m,
      timeout: [33m60000[39m
    },
    boxedStack: [90mundefined[39m,
    steps: [],
    complete: [36m[Function: complete][39m,
    endWallTime: [33m1738223471586[39m,
    error: {
      message: [32m'TimeoutError: page.waitForSelector: Timeout 60000ms exceeded.\n'[39m +
        [32m'Call log:\n'[39m +
        [32m`\x1B[2m  - waiting for locator('iframe[title="Iframe for expiry date"]') to be visible\x1B[22m\n`[39m,
      stack: [32m'TimeoutError: page.waitForSelector: Timeout 60000ms exceeded.\n'[39m +
        [32m'Call log:\n'[39m +
        [32m`\x1B[2m  - waiting for locator('iframe[title="Iframe for expiry date"]') to be visible\x1B[22m\n`[39m +
        [32m'\n'[39m +
        [32m'    at payWithCard (C:\\playwright-project\\src\\page-objects\\paymentPage.ts:4:20)\n'[39m +
        [32m'    at payWithCardInformation (C:\\playwright-project\\src\\tests\\DateTest.spec.ts:82:22)\n'[39m +
        [32m'    at fn (C:\\playwright-project\\src\\tests\\DateTest.spec.ts:204:17)\n'[39m +
        [32m'    at runWithRetries (C:\\playwright-project\\src\\tests\\DateTest.spec.ts:113:13)\n'[39m +
        [32m'    at executeTests (C:\\playwright-project\\src\\tests\\DateTest.spec.ts:203:37)\n'[39m +
        [32m'    at C:\\playwright-project\\src\\tests\\DateTest.spec.ts:254:29'[39m,
      cause: [90mundefined[39m
    }
  }
}
Intento 1 fallido en payWithCard: page.waitForSelector: Timeout 60000ms exceeded.
Call log:
[2m  - waiting for locator('iframe[title="Iframe for expiry date"]') to be visible[22m

    at payWithCard [90m(C:\playwright-project\[39msrc\page-objects\paymentPage.ts:4:20[90m)[39m
    at payWithCardInformation [90m(C:\playwright-project\[39msrc\tests\DateTest.spec.ts:82:22[90m)[39m
    at fn [90m(C:\playwright-project\[39msrc\tests\DateTest.spec.ts:204:17[90m)[39m
    at runWithRetries [90m(C:\playwright-project\[39msrc\tests\DateTest.spec.ts:113:13[90m)[39m
    at executeTests [90m(C:\playwright-project\[39msrc\tests\DateTest.spec.ts:203:37[90m)[39m
    at [90mC:\playwright-project\[39msrc\tests\DateTest.spec.ts:254:29 {
  name: [32m'TimeoutError'[39m,
  [[32mSymbol(step)[39m]: {
    stepId: [32m'pw:api@118'[39m,
    location: {
      file: [32m'C:\\playwright-project\\src\\page-objects\\paymentPage.ts'[39m,
      line: [33m4[39m,
      column: [33m20[39m,
      function: [32m'payWithCard'[39m
    },
    category: [32m'pw:api'[39m,
    title: [32m'page.waitForSelector(iframe[title="Iframe for expiry date"])'[39m,
    apiName: [32m'page.waitForSelector'[39m,
    params: {
      selector: [32m'iframe[title="Iframe for expiry date"]'[39m,
      timeout: [33m60000[39m
    },
    boxedStack: [90mundefined[39m,
    steps: [],
    complete: [36m[Function: complete][39m,
    endWallTime: [33m1738223471586[39m,
    error: {
      message: [32m'TimeoutError: page.waitForSelector: Timeout 60000ms exceeded.\n'[39m +
        [32m'Call log:\n'[39m +
        [32m`\x1B[2m  - waiting for locator('iframe[title="Iframe for expiry date"]') to be visible\x1B[22m\n`[39m,
      stack: [32m'TimeoutError: page.waitForSelector: Timeout 60000ms exceeded.\n'[39m +
        [32m'Call log:\n'[39m +
        [32m`\x1B[2m  - waiting for locator('iframe[title="Iframe for expiry date"]') to be visible\x1B[22m\n`[39m +
        [32m'\n'[39m +
        [32m'    at payWithCard (C:\\playwright-project\\src\\page-objects\\paymentPage.ts:4:20)\n'[39m +
        [32m'    at payWithCardInformation (C:\\playwright-project\\src\\tests\\DateTest.spec.ts:82:22)\n'[39m +
        [32m'    at fn (C:\\playwright-project\\src\\tests\\DateTest.spec.ts:204:17)\n'[39m +
        [32m'    at runWithRetries (C:\\playwright-project\\src\\tests\\DateTest.spec.ts:113:13)\n'[39m +
        [32m'    at executeTests (C:\\playwright-project\\src\\tests\\DateTest.spec.ts:203:37)\n'[39m +
        [32m'    at C:\\playwright-project\\src\\tests\\DateTest.spec.ts:254:29'[39m,
      cause: [90mundefined[39m
    }
  }
}
Error while handling iframe payment: page.waitForSelector: Timeout 60000ms exceeded.
Call log:
[2m  - waiting for locator('iframe[title="Iframe for expiry date"]') to be visible[22m

    at payWithCard [90m(C:\playwright-project\[39msrc\page-objects\paymentPage.ts:4:20[90m)[39m
    at payWithCardInformation [90m(C:\playwright-project\[39msrc\tests\DateTest.spec.ts:82:22[90m)[39m
    at fn [90m(C:\playwright-project\[39msrc\tests\DateTest.spec.ts:204:17[90m)[39m
    at runWithRetries [90m(C:\playwright-project\[39msrc\tests\DateTest.spec.ts:113:13[90m)[39m
    at executeTests [90m(C:\playwright-project\[39msrc\tests\DateTest.spec.ts:203:31[90m)[39m
    at [90mC:\playwright-project\[39msrc\tests\DateTest.spec.ts:254:29 {
  name: [32m'TimeoutError'[39m,
  [[32mSymbol(step)[39m]: {
    stepId: [32m'pw:api@119'[39m,
    location: {
      file: [32m'C:\\playwright-project\\src\\page-objects\\paymentPage.ts'[39m,
      line: [33m4[39m,
      column: [33m20[39m,
      function: [32m'payWithCard'[39m
    },
    category: [32m'pw:api'[39m,
    title: [32m'page.waitForSelector(iframe[title="Iframe for expiry date"])'[39m,
    apiName: [32m'page.waitForSelector'[39m,
    params: {
      selector: [32m'iframe[title="Iframe for expiry date"]'[39m,
      timeout: [33m60000[39m
    },
    boxedStack: [90mundefined[39m,
    steps: [],
    complete: [36m[Function: complete][39m,
    endWallTime: [33m1738223531598[39m,
    error: {
      message: [32m'TimeoutError: page.waitForSelector: Timeout 60000ms exceeded.\n'[39m +
        [32m'Call log:\n'[39m +
        [32m`\x1B[2m  - waiting for locator('iframe[title="Iframe for expiry date"]') to be visible\x1B[22m\n`[39m,
      stack: [32m'TimeoutError: page.waitForSelector: Timeout 60000ms exceeded.\n'[39m +
        [32m'Call log:\n'[39m +
        [32m`\x1B[2m  - waiting for locator('iframe[title="Iframe for expiry date"]') to be visible\x1B[22m\n`[39m +
        [32m'\n'[39m +
        [32m'    at payWithCard (C:\\playwright-project\\src\\page-objects\\paymentPage.ts:4:20)\n'[39m +
        [32m'    at payWithCardInformation (C:\\playwright-project\\src\\tests\\DateTest.spec.ts:82:22)\n'[39m +
        [32m'    at fn (C:\\playwright-project\\src\\tests\\DateTest.spec.ts:204:17)\n'[39m +
        [32m'    at runWithRetries (C:\\playwright-project\\src\\tests\\DateTest.spec.ts:113:13)\n'[39m +
        [32m'    at executeTests (C:\\playwright-project\\src\\tests\\DateTest.spec.ts:203:31)\n'[39m +
        [32m'    at C:\\playwright-project\\src\\tests\\DateTest.spec.ts:254:29'[39m,
      cause: [90mundefined[39m
    }
  }
}
Intento 2 fallido en payWithCard: page.waitForSelector: Timeout 60000ms exceeded.
Call log:
[2m  - waiting for locator('iframe[title="Iframe for expiry date"]') to be visible[22m

    at payWithCard [90m(C:\playwright-project\[39msrc\page-objects\paymentPage.ts:4:20[90m)[39m
    at payWithCardInformation [90m(C:\playwright-project\[39msrc\tests\DateTest.spec.ts:82:22[90m)[39m
    at fn [90m(C:\playwright-project\[39msrc\tests\DateTest.spec.ts:204:17[90m)[39m
    at runWithRetries [90m(C:\playwright-project\[39msrc\tests\DateTest.spec.ts:113:13[90m)[39m
    at executeTests [90m(C:\playwright-project\[39msrc\tests\DateTest.spec.ts:203:31[90m)[39m
    at [90mC:\playwright-project\[39msrc\tests\DateTest.spec.ts:254:29 {
  name: [32m'TimeoutError'[39m,
  [[32mSymbol(step)[39m]: {
    stepId: [32m'pw:api@119'[39m,
    location: {
      file: [32m'C:\\playwright-project\\src\\page-objects\\paymentPage.ts'[39m,
      line: [33m4[39m,
      column: [33m20[39m,
      function: [32m'payWithCard'[39m
    },
    category: [32m'pw:api'[39m,
    title: [32m'page.waitForSelector(iframe[title="Iframe for expiry date"])'[39m,
    apiName: [32m'page.waitForSelector'[39m,
    params: {
      selector: [32m'iframe[title="Iframe for expiry date"]'[39m,
      timeout: [33m60000[39m
    },
    boxedStack: [90mundefined[39m,
    steps: [],
    complete: [36m[Function: complete][39m,
    endWallTime: [33m1738223531598[39m,
    error: {
      message: [32m'TimeoutError: page.waitForSelector: Timeout 60000ms exceeded.\n'[39m +
        [32m'Call log:\n'[39m +
        [32m`\x1B[2m  - waiting for locator('iframe[title="Iframe for expiry date"]') to be visible\x1B[22m\n`[39m,
      stack: [32m'TimeoutError: page.waitForSelector: Timeout 60000ms exceeded.\n'[39m +
        [32m'Call log:\n'[39m +
        [32m`\x1B[2m  - waiting for locator('iframe[title="Iframe for expiry date"]') to be visible\x1B[22m\n`[39m +
        [32m'\n'[39m +
        [32m'    at payWithCard (C:\\playwright-project\\src\\page-objects\\paymentPage.ts:4:20)\n'[39m +
        [32m'    at payWithCardInformation (C:\\playwright-project\\src\\tests\\DateTest.spec.ts:82:22)\n'[39m +
        [32m'    at fn (C:\\playwright-project\\src\\tests\\DateTest.spec.ts:204:17)\n'[39m +
        [32m'    at runWithRetries (C:\\playwright-project\\src\\tests\\DateTest.spec.ts:113:13)\n'[39m +
        [32m'    at executeTests (C:\\playwright-project\\src\\tests\\DateTest.spec.ts:203:31)\n'[39m +
        [32m'    at C:\\playwright-project\\src\\tests\\DateTest.spec.ts:254:29'[39m,
      cause: [90mundefined[39m
    }
  }
}
Error while handling iframe payment: page.waitForSelector: Test ended.
Call log:
[2m  - waiting for locator('iframe[title="Iframe for expiry date"]') to be visible[22m

    at payWithCard [90m(C:\playwright-project\[39msrc\page-objects\paymentPage.ts:4:20[90m)[39m
    at payWithCardInformation [90m(C:\playwright-project\[39msrc\tests\DateTest.spec.ts:82:22[90m)[39m
    at fn [90m(C:\playwright-project\[39msrc\tests\DateTest.spec.ts:204:17[90m)[39m
    at runWithRetries [90m(C:\playwright-project\[39msrc\tests\DateTest.spec.ts:113:13[90m)[39m
    at executeTests [90m(C:\playwright-project\[39msrc\tests\DateTest.spec.ts:203:31[90m)[39m
    at [90mC:\playwright-project\[39msrc\tests\DateTest.spec.ts:254:29
Intento 3 fallido en payWithCard: page.waitForSelector: Test ended.
Call log:
[2m  - waiting for locator('iframe[title="Iframe for expiry date"]') to be visible[22m

    at payWithCard [90m(C:\playwright-project\[39msrc\page-objects\paymentPage.ts:4:20[90m)[39m
    at payWithCardInformation [90m(C:\playwright-project\[39msrc\tests\DateTest.spec.ts:82:22[90m)[39m
    at fn [90m(C:\playwright-project\[39msrc\tests\DateTest.spec.ts:204:17[90m)[39m
    at runWithRetries [90m(C:\playwright-project\[39msrc\tests\DateTest.spec.ts:113:13[90m)[39m
    at executeTests [90m(C:\playwright-project\[39msrc\tests\DateTest.spec.ts:203:31[90m)[39m
    at [90mC:\playwright-project\[39msrc\tests\DateTest.spec.ts:254:29
Error crítico durante la ejecución: page.screenshot: Target page, context or browser has been closed
    at runWithRetries [90m(C:\playwright-project\[39msrc\tests\DateTest.spec.ts:118:20[90m)[39m
    at executeTests [90m(C:\playwright-project\[39msrc\tests\DateTest.spec.ts:203:31[90m)[39m
    at [90mC:\playwright-project\[39msrc\tests\DateTest.spec.ts:254:29

Warning: attachment DateTest-1-error---dd-mm-a-7548a-ión-completa-con-reintentos-chromium\test-failed-1.png is missing
</system-err>
</testcase>
<testcase name="2. mm/dd/aaaa (fecha EN) › Ejecución completa con reintentos" classname="DateTest.spec.ts" time="39.597">
<system-out>
Ejecución completa, intento 1 de 5
Ejecutando Booking, intento 1
Fecha de salida seleccionada: { year: [32m'2025'[39m, month: [32m'6'[39m, index: [33m0[39m, value: [33m3[39m }
Ajustando número de pasajeros
Successfully clicked the element: div.price-cabin:has-text("Economy")
Ejecutando fillPassengerAdult 1, intento 1
Ejecutando fillContact, intento 1
Ejecutando payWithCard, intento 1
Iframe encontrado.

</system-out>
</testcase>
<testcase name="3.  mm&gt;12 -&gt; NO ESTA BIEN  › Ejecución completa con reintentos" classname="DateTest.spec.ts" time="34.569">
<system-out>
Ejecución completa, intento 1 de 5
Ejecutando Booking, intento 1
Fecha de salida seleccionada: { year: [32m'2025'[39m, month: [32m'6'[39m, index: [33m0[39m, value: [33m3[39m }
Ajustando número de pasajeros
Successfully clicked the element: div.price-cabin:has-text("Economy")
Ejecutando fillPassengerAdult 1, intento 1
Ejecutando fillContact, intento 1
Ejecutando payWithCard, intento 1
Iframe encontrado.

</system-out>
</testcase>
</testsuite>
</testsuites>