<?xml version='1.0' encoding='utf-8'?>
<testsuites id="" name="" tests="14" failures="6" skipped="0" errors="0" time="329.08698">
<testsuite name="1TipsNoExtraNoSeat.spec.ts" timestamp="2024-12-30T11:42:06.588Z" hostname="chromium" tests="14" failures="6" skipped="0" time="1751.799" errors="0">
<testcase name="3. Compra 2 Adulto (Diferente) Economy Light - Economy Light - Nombre con caracteres especiales - Con assitence TODAS - sin asiento - sin extras › Ejecución completa con reintentos" classname="1TipsNoExtraNoSeat.spec.ts" time="240.299">
<failure message="1TipsNoExtraNoSeat.spec.ts:324:9 Ejecución completa con reintentos" type="FAILURE">
  [chromium] › 1TipsNoExtraNoSeat.spec.ts:324:9 › 3. Compra 2 Adulto (Diferente) Economy Light - Economy Light - Nombre con caracteres especiales - Con assitence TODAS - sin asiento - sin extras › Ejecución completa con reintentos 

    Test timeout of 240000ms exceeded.

    Error: browserContext.close: Target page, context or browser has been closed

      211 |   } finally {
      212 |     if (page) await page.close();
    &gt; 213 |     if (context) await context.close();
          |                  ^
      214 |   }
      215 |
      216 |   return shouldContinueTests; // Return the status of the test execution
        at executeTests (C:\playwright-project\src\tests\1TipsNoExtraNoSeat.spec.ts:213:18)
        at C:\playwright-project\src\tests\1TipsNoExtraNoSeat.spec.ts:336:29

    attachment #1: screenshot (image/png) ──────────────────────────────────────────────────────────
    test-results\1TipsNoExtraNoSeat-3-Compr-37b7a-ión-completa-con-reintentos-chromium\test-failed-1.png
    ────────────────────────────────────────────────────────────────────────────────────────────────

</failure>
<system-out>
Ejecución completa, intento 1 de 5

</system-out>
<system-err>
Error crítico durante la ejecución: locator.click: Test ended.
Call log:
[2m  - waiting for getByRole('button', { name: 'Accept all cookies' })[22m

    at openWebsiteAndAcceptCookies [90m(C:\playwright-project\[39msrc\tests\1TipsNoExtraNoSeat.spec.ts:21:66[90m)[39m
    at executeTests [90m(C:\playwright-project\[39msrc\tests\1TipsNoExtraNoSeat.spec.ts:132:5[90m)[39m
    at [90mC:\playwright-project\[39msrc\tests\1TipsNoExtraNoSeat.spec.ts:336:29

Warning: attachment 1TipsNoExtraNoSeat-3-Compr-37b7a-ión-completa-con-reintentos-chromium\test-failed-1.png is missing
</system-err>
</testcase>
<testcase name="7. Compra 1 Adulto - 1 infante - Economy Light- Nombre con caracteres especiales - sin asiento - sin extras › Ejecución completa con reintentos" classname="1TipsNoExtraNoSeat.spec.ts" time="42.745">
<system-out>
Ejecución completa, intento 1 de 5
Ejecutando Booking, intento 1
Fecha de salida seleccionada: { year: [32m'2025'[39m, month: [32m'4'[39m, index: [33m2[39m, value: [33m5[39m }
Ajustando número de pasajeros
Successfully clicked the element: div.price-cabin:has-text("Economy")
Ejecutando fillPassengerAdult 1, intento 1
Ejecutando fillPassengerInfant 1, intento 1
Ejecutando fillContact, intento 1
Ejecutando payWithCard, intento 1
Iframe encontrado.

</system-out>
<system-err>
Error while filling passenger data: TypeError: Cannot read properties of undefined (reading 'length')
    at fillPassengerFor [90m(C:\playwright-project\[39msrc\page-objects\PassengerPage.ts:29:27[90m)[39m
    at fillPassengerInformation [90m(C:\playwright-project\[39msrc\tests\1TipsNoExtraNoSeat.spec.ts:73:5[90m)[39m
    at runWithRetries [90m(C:\playwright-project\[39msrc\tests\1TipsNoExtraNoSeat.spec.ts:113:7[90m)[39m
    at executeTests [90m(C:\playwright-project\[39msrc\tests\1TipsNoExtraNoSeat.spec.ts:171:29[90m)[39m
    at [90mC:\playwright-project\[39msrc\tests\1TipsNoExtraNoSeat.spec.ts:518:30
    at [90mC:\playwright-project\[39mnode_modules\[4mplaywright[24m\lib\worker\workerMain.js:339:9
    at [90mC:\playwright-project\[39mnode_modules\[4mplaywright[24m\lib\worker\testInfo.js:286:11
    at TimeoutManager.withRunnable [90m(C:\playwright-project\[39mnode_modules\[4mplaywright[24m\lib\worker\timeoutManager.js:64:14[90m)[39m
    at TestInfoImpl._runAsStage [90m(C:\playwright-project\[39mnode_modules\[4mplaywright[24m\lib\worker\testInfo.js:284:7[90m)[39m
    at [90mC:\playwright-project\[39mnode_modules\[4mplaywright[24m\lib\worker\workerMain.js:331:7
    at [90mC:\playwright-project\[39mnode_modules\[4mplaywright[24m\lib\worker\testInfo.js:286:11
    at TimeoutManager.withRunnable [90m(C:\playwright-project\[39mnode_modules\[4mplaywright[24m\lib\worker\timeoutManager.js:52:27[90m)[39m
    at TestInfoImpl._runAsStage [90m(C:\playwright-project\[39mnode_modules\[4mplaywright[24m\lib\worker\testInfo.js:284:7[90m)[39m
    at WorkerMain._runTest [90m(C:\playwright-project\[39mnode_modules\[4mplaywright[24m\lib\worker\workerMain.js:281:5[90m)[39m
    at WorkerMain.runTestGroup [90m(C:\playwright-project\[39mnode_modules\[4mplaywright[24m\lib\worker\workerMain.js:205:11[90m)[39m
    at process.&lt;anonymous&gt; [90m(C:\playwright-project\[39mnode_modules\[4mplaywright[24m\lib\common\process.js:95:22[90m)[39m

</system-err>
</testcase>
<testcase name="8. Compra 1 Adulto Economy Light - Nombre sin caracteres especiales - sin assitence - sin asiento - sin extras › Ejecución completa con reintentos" classname="1TipsNoExtraNoSeat.spec.ts" time="38.227">
<system-out>
Ejecución completa, intento 1 de 5
Ejecutando Booking, intento 1
Fecha de salida seleccionada: { year: [32m'2025'[39m, month: [32m'4'[39m, index: [33m7[39m, value: [33m17[39m }
Ajustando número de pasajeros
Successfully clicked the element: div.price-cabin:has-text("Economy")
Ejecutando fillPassengerAdult 1, intento 1
Ejecutando fillContact, intento 1
Ejecutando payWithCard, intento 1
Iframe encontrado.

</system-out>
</testcase>
<testcase name="9. Compra 1 Adulto Economy Comfort - Nombre sin caracteres especiales - sin assitence - sin asiento - sin extras › Ejecución completa con reintentos" classname="1TipsNoExtraNoSeat.spec.ts" time="39.711">
<system-out>
Ejecución completa, intento 1 de 5
Ejecutando Booking, intento 1
Fecha de salida seleccionada: { year: [32m'2025'[39m, month: [32m'4'[39m, index: [33m5[39m, value: [33m12[39m }
Ajustando número de pasajeros
Successfully clicked the element: div.price-cabin:has-text("Economy")
Ejecutando fillPassengerAdult 1, intento 1
Ejecutando fillContact, intento 1
Ejecutando payWithCard, intento 1
Iframe encontrado.

</system-out>
</testcase>
<testcase name="10. Compra 1 Adulto Economy Extra - Nombre sin caracteres especiales - sin assitence - sin asiento - sin extras › Ejecución completa con reintentos" classname="1TipsNoExtraNoSeat.spec.ts" time="38.177">
<system-out>
Ejecución completa, intento 1 de 5
Ejecutando Booking, intento 1
Fecha de salida seleccionada: { year: [32m'2025'[39m, month: [32m'5'[39m, index: [33m3[39m, value: [33m8[39m }
Ajustando número de pasajeros
Successfully clicked the element: div.price-cabin:has-text("Economy")
Ejecutando fillPassengerAdult 1, intento 1
Ejecutando fillContact, intento 1
Ejecutando payWithCard, intento 1
Iframe encontrado.

</system-out>
</testcase>
<testcase name="11. Compra 1 Adulto Premium Light- Nombre sin caracteres especiales - sin assitence - sin asiento - sin extras › Ejecución completa con reintentos" classname="1TipsNoExtraNoSeat.spec.ts" time="39.553">
<system-out>
Ejecución completa, intento 1 de 5
Ejecutando Booking, intento 1
Fecha de salida seleccionada: { year: [32m'2025'[39m, month: [32m'5'[39m, index: [33m3[39m, value: [33m8[39m }
Ajustando número de pasajeros
Successfully clicked the element: div.price-cabin:has-text("Premium")
Ejecutando fillPassengerAdult 1, intento 1
Ejecutando fillContact, intento 1
Ejecutando payWithCard, intento 1
Iframe encontrado.

</system-out>
</testcase>
<testcase name="12. Compra 1 Adulto Premium Light - Nombre sin caracteres especiales - sin assitence - sin asiento - sin extras › Ejecución completa con reintentos" classname="1TipsNoExtraNoSeat.spec.ts" time="40.666">
<system-out>
Ejecución completa, intento 1 de 5
Ejecutando Booking, intento 1
Fecha de salida seleccionada: { year: [32m'2025'[39m, month: [32m'5'[39m, index: [33m11[39m, value: [33m27[39m }
Ajustando número de pasajeros
Successfully clicked the element: div.price-cabin:has-text("Premium")
Ejecutando fillPassengerAdult 1, intento 1
Ejecutando fillContact, intento 1
Ejecutando payWithCard, intento 1
Iframe encontrado.

</system-out>
</testcase>
<testcase name="13. Compra 1 Adulto Premium Comfort - Nombre sin caracteres especiales - sin assitence - sin asiento - sin extras › Ejecución completa con reintentos" classname="1TipsNoExtraNoSeat.spec.ts" time="35.722">
<system-out>
Ejecución completa, intento 1 de 5
Ejecutando Booking, intento 1
Fecha de salida seleccionada: { year: [32m'2025'[39m, month: [32m'4'[39m, index: [33m6[39m, value: [33m15[39m }
Ajustando número de pasajeros
Successfully clicked the element: div.price-cabin:has-text("Premium")
Ejecutando fillPassengerAdult 1, intento 1
Ejecutando fillContact, intento 1
Ejecutando payWithCard, intento 1
Iframe encontrado.

</system-out>
</testcase>
<testcase name="14. Compra 1 Adulto Premium Extra - Nombre sin caracteres especiales - sin assitence - sin asiento - sin extras › Ejecución completa con reintentos" classname="1TipsNoExtraNoSeat.spec.ts" time="35.463">
<system-out>
Ejecución completa, intento 1 de 5
Ejecutando Booking, intento 1
Fecha de salida seleccionada: { year: [32m'2025'[39m, month: [32m'4'[39m, index: [33m6[39m, value: [33m15[39m }
Ajustando número de pasajeros
Successfully clicked the element: div.price-cabin:has-text("Premium")
Ejecutando fillPassengerAdult 1, intento 1
Ejecutando fillContact, intento 1
Ejecutando payWithCard, intento 1
Iframe encontrado.

</system-out>
</testcase>
<testcase name="1. 1 Adt EcoLight - sin assitence › Ejecución completa con reintentos" classname="1TipsNoExtraNoSeat.spec.ts" time="30.135">
<system-out>
Ejecución completa, intento 1 de 5
Ejecutando Booking, intento 1
Fecha de salida seleccionada: { year: [32m'2025'[39m, month: [32m'4'[39m, index: [33m1[39m, value: [33m3[39m }
Ajustando número de pasajeros
Successfully clicked the element: div.price-cabin:has-text("Economy")
Ejecutando fillPassengerAdult 1, intento 1
Ejecutando fillContact, intento 1
Ejecutando payWithCard, intento 1
Iframe encontrado.

</system-out>
</testcase>
<testcase name="2. Compra 2 Adulto (Diferente) Economy Light - Economy Light - Nombre con caracteres especiales - sin assitence - sin asiento - sin extras › Ejecución completa con reintentos" classname="1TipsNoExtraNoSeat.spec.ts" time="35.445">
<system-out>
Ejecución completa, intento 1 de 5
Ejecutando Booking, intento 1
Fecha de salida seleccionada: { year: [32m'2025'[39m, month: [32m'5'[39m, index: [33m11[39m, value: [33m27[39m }
Ajustando número de pasajeros
Successfully clicked the element: div.price-cabin:has-text("Economy")
Ejecutando fillPassengerAdult 1, intento 1
Ejecutando fillPassengerAdult 2, intento 1
Ejecutando fillContact, intento 1
Ejecutando payWithCard, intento 1
Iframe encontrado.

</system-out>
</testcase>
<testcase name="4. Compra 1 Adulto - 1 niño - Economy Light - Economy Light - Nombre con caracteres especiales - sin asistencia - sin asiento - sin extras › Ejecución completa con reintentos" classname="1TipsNoExtraNoSeat.spec.ts" time="30.831">
<system-out>
Ejecución completa, intento 1 de 5
Ejecutando Booking, intento 1
Fecha de salida seleccionada: { year: [32m'2025'[39m, month: [32m'5'[39m, index: [33m3[39m, value: [33m8[39m }
Ajustando número de pasajeros
Successfully clicked the element: div.price-cabin:has-text("Economy")
Ejecutando fillPassengerAdult 1, intento 1
Ejecutando fillPassengerChild 1, intento 1
Ejecutando fillContact, intento 1
Ejecutando payWithCard, intento 1
Iframe encontrado.

</system-out>
</testcase>
<testcase name="5. Compra 1 Adulto - 1 niño - Economy Light - Economy Light - Nombre con caracteres especiales - con assitence - sin asiento - sin extras › Ejecución completa con reintentos" classname="1TipsNoExtraNoSeat.spec.ts" time="42.372">
<system-out>
Ejecución completa, intento 1 de 5
Ejecutando Booking, intento 1
Fecha de salida seleccionada: { year: [32m'2025'[39m, month: [32m'4'[39m, index: [33m5[39m, value: [33m12[39m }
Ajustando número de pasajeros
Successfully clicked the element: div.price-cabin:has-text("Economy")
Ejecutando fillPassengerAdult 1, intento 1
Ejecutando fillPassengerChild 1, intento 1
Ejecutando fillContact, intento 1
Ejecutando payWithCard, intento 1
Iframe encontrado.

</system-out>
</testcase>
<testcase name="6. Compra 1 Adulto - 3 niño - Economy Light - Economy Light - Nombre con caracteres especiales - con assitence - sin asiento - sin extras › Ejecución completa con reintentos" classname="1TipsNoExtraNoSeat.spec.ts" time="179.407">
<system-out>
Ejecución completa, intento 1 de 5
Ejecutando Booking, intento 1
Fecha de salida seleccionada: { year: [32m'2025'[39m, month: [32m'5'[39m, index: [33m11[39m, value: [33m27[39m }
Ajustando número de pasajeros
Successfully clicked the element: div.price-cabin:has-text("Economy")
Ejecutando fillPassengerAdult 1, intento 1
Ejecutando fillPassengerChild 1, intento 1
Ejecutando fillPassengerChild 2, intento 1
Ejecutando fillPassengerChild 3, intento 1
Ejecutando fillContact, intento 1
Ejecutando payWithCard, intento 1
Ejecutando payWithCard, intento 2
Ejecutando payWithCard, intento 3
Iframe encontrado.

</system-out>
<system-err>
Error while handling iframe payment: page.waitForSelector: Timeout 60000ms exceeded.
Call log:
[2m  - waiting for locator('iframe[title="Iframe for expiry date"]') to be visible[22m

    at payWithCard [90m(C:\playwright-project\[39msrc\page-objects\paymentPage.ts:4:20[90m)[39m
    at payWithCardInformation [90m(C:\playwright-project\[39msrc\tests\1TipsNoExtraNoSeat.spec.ts:82:22[90m)[39m
    at fn [90m(C:\playwright-project\[39msrc\tests\1TipsNoExtraNoSeat.spec.ts:200:17[90m)[39m
    at runWithRetries [90m(C:\playwright-project\[39msrc\tests\1TipsNoExtraNoSeat.spec.ts:113:13[90m)[39m
    at executeTests [90m(C:\playwright-project\[39msrc\tests\1TipsNoExtraNoSeat.spec.ts:199:37[90m)[39m
    at [90mC:\playwright-project\[39msrc\tests\1TipsNoExtraNoSeat.spec.ts:473:30 {
  name: [32m'TimeoutError'[39m,
  [[32mSymbol(step)[39m]: {
    stepId: [32m'pw:api@84'[39m,
    location: {
      file: [32m'C:\\playwright-project\\src\\page-objects\\paymentPage.ts'[39m,
      line: [33m4[39m,
      column: [33m20[39m,
      function: [32m'payWithCard'[39m
    },
    category: [32m'pw:api'[39m,
    title: [32m'page.waitForSelector(iframe[title="Iframe for expiry date"])'[39m,
    apiName: [32m'page.waitForSelector'[39m,
    params: {
      selector: [32m'iframe[title="Iframe for expiry date"]'[39m,
      timeout: [33m60000[39m
    },
    boxedStack: [90mundefined[39m,
    steps: [],
    complete: [36m[Function: complete][39m,
    endWallTime: [33m1735561221692[39m,
    error: {
      message: [32m'TimeoutError: page.waitForSelector: Timeout 60000ms exceeded.\n'[39m +
        [32m'Call log:\n'[39m +
        [32m`\x1B[2m  - waiting for locator('iframe[title="Iframe for expiry date"]') to be visible\x1B[22m\n`[39m,
      stack: [32m'TimeoutError: page.waitForSelector: Timeout 60000ms exceeded.\n'[39m +
        [32m'Call log:\n'[39m +
        [32m`\x1B[2m  - waiting for locator('iframe[title="Iframe for expiry date"]') to be visible\x1B[22m\n`[39m +
        [32m'\n'[39m +
        [32m'    at payWithCard (C:\\playwright-project\\src\\page-objects\\paymentPage.ts:4:20)\n'[39m +
        [32m'    at payWithCardInformation (C:\\playwright-project\\src\\tests\\1TipsNoExtraNoSeat.spec.ts:82:22)\n'[39m +
        [32m'    at fn (C:\\playwright-project\\src\\tests\\1TipsNoExtraNoSeat.spec.ts:200:17)\n'[39m +
        [32m'    at runWithRetries (C:\\playwright-project\\src\\tests\\1TipsNoExtraNoSeat.spec.ts:113:13)\n'[39m +
        [32m'    at executeTests (C:\\playwright-project\\src\\tests\\1TipsNoExtraNoSeat.spec.ts:199:37)\n'[39m +
        [32m'    at C:\\playwright-project\\src\\tests\\1TipsNoExtraNoSeat.spec.ts:473:30'[39m,
      cause: [90mundefined[39m
    }
  }
}
Intento 1 fallido en payWithCard: page.waitForSelector: Timeout 60000ms exceeded.
Call log:
[2m  - waiting for locator('iframe[title="Iframe for expiry date"]') to be visible[22m

    at payWithCard [90m(C:\playwright-project\[39msrc\page-objects\paymentPage.ts:4:20[90m)[39m
    at payWithCardInformation [90m(C:\playwright-project\[39msrc\tests\1TipsNoExtraNoSeat.spec.ts:82:22[90m)[39m
    at fn [90m(C:\playwright-project\[39msrc\tests\1TipsNoExtraNoSeat.spec.ts:200:17[90m)[39m
    at runWithRetries [90m(C:\playwright-project\[39msrc\tests\1TipsNoExtraNoSeat.spec.ts:113:13[90m)[39m
    at executeTests [90m(C:\playwright-project\[39msrc\tests\1TipsNoExtraNoSeat.spec.ts:199:37[90m)[39m
    at [90mC:\playwright-project\[39msrc\tests\1TipsNoExtraNoSeat.spec.ts:473:30 {
  name: [32m'TimeoutError'[39m,
  [[32mSymbol(step)[39m]: {
    stepId: [32m'pw:api@84'[39m,
    location: {
      file: [32m'C:\\playwright-project\\src\\page-objects\\paymentPage.ts'[39m,
      line: [33m4[39m,
      column: [33m20[39m,
      function: [32m'payWithCard'[39m
    },
    category: [32m'pw:api'[39m,
    title: [32m'page.waitForSelector(iframe[title="Iframe for expiry date"])'[39m,
    apiName: [32m'page.waitForSelector'[39m,
    params: {
      selector: [32m'iframe[title="Iframe for expiry date"]'[39m,
      timeout: [33m60000[39m
    },
    boxedStack: [90mundefined[39m,
    steps: [],
    complete: [36m[Function: complete][39m,
    endWallTime: [33m1735561221692[39m,
    error: {
      message: [32m'TimeoutError: page.waitForSelector: Timeout 60000ms exceeded.\n'[39m +
        [32m'Call log:\n'[39m +
        [32m`\x1B[2m  - waiting for locator('iframe[title="Iframe for expiry date"]') to be visible\x1B[22m\n`[39m,
      stack: [32m'TimeoutError: page.waitForSelector: Timeout 60000ms exceeded.\n'[39m +
        [32m'Call log:\n'[39m +
        [32m`\x1B[2m  - waiting for locator('iframe[title="Iframe for expiry date"]') to be visible\x1B[22m\n`[39m +
        [32m'\n'[39m +
        [32m'    at payWithCard (C:\\playwright-project\\src\\page-objects\\paymentPage.ts:4:20)\n'[39m +
        [32m'    at payWithCardInformation (C:\\playwright-project\\src\\tests\\1TipsNoExtraNoSeat.spec.ts:82:22)\n'[39m +
        [32m'    at fn (C:\\playwright-project\\src\\tests\\1TipsNoExtraNoSeat.spec.ts:200:17)\n'[39m +
        [32m'    at runWithRetries (C:\\playwright-project\\src\\tests\\1TipsNoExtraNoSeat.spec.ts:113:13)\n'[39m +
        [32m'    at executeTests (C:\\playwright-project\\src\\tests\\1TipsNoExtraNoSeat.spec.ts:199:37)\n'[39m +
        [32m'    at C:\\playwright-project\\src\\tests\\1TipsNoExtraNoSeat.spec.ts:473:30'[39m,
      cause: [90mundefined[39m
    }
  }
}
Error while handling iframe payment: page.waitForSelector: Timeout 60000ms exceeded.
Call log:
[2m  - waiting for locator('iframe[title="Iframe for expiry date"]') to be visible[22m

    at payWithCard [90m(C:\playwright-project\[39msrc\page-objects\paymentPage.ts:4:20[90m)[39m
    at payWithCardInformation [90m(C:\playwright-project\[39msrc\tests\1TipsNoExtraNoSeat.spec.ts:82:22[90m)[39m
    at fn [90m(C:\playwright-project\[39msrc\tests\1TipsNoExtraNoSeat.spec.ts:200:17[90m)[39m
    at runWithRetries [90m(C:\playwright-project\[39msrc\tests\1TipsNoExtraNoSeat.spec.ts:113:13[90m)[39m
    at executeTests [90m(C:\playwright-project\[39msrc\tests\1TipsNoExtraNoSeat.spec.ts:199:31[90m)[39m
    at [90mC:\playwright-project\[39msrc\tests\1TipsNoExtraNoSeat.spec.ts:473:30 {
  name: [32m'TimeoutError'[39m,
  [[32mSymbol(step)[39m]: {
    stepId: [32m'pw:api@85'[39m,
    location: {
      file: [32m'C:\\playwright-project\\src\\page-objects\\paymentPage.ts'[39m,
      line: [33m4[39m,
      column: [33m20[39m,
      function: [32m'payWithCard'[39m
    },
    category: [32m'pw:api'[39m,
    title: [32m'page.waitForSelector(iframe[title="Iframe for expiry date"])'[39m,
    apiName: [32m'page.waitForSelector'[39m,
    params: {
      selector: [32m'iframe[title="Iframe for expiry date"]'[39m,
      timeout: [33m60000[39m
    },
    boxedStack: [90mundefined[39m,
    steps: [],
    complete: [36m[Function: complete][39m,
    endWallTime: [33m1735561281710[39m,
    error: {
      message: [32m'TimeoutError: page.waitForSelector: Timeout 60000ms exceeded.\n'[39m +
        [32m'Call log:\n'[39m +
        [32m`\x1B[2m  - waiting for locator('iframe[title="Iframe for expiry date"]') to be visible\x1B[22m\n`[39m,
      stack: [32m'TimeoutError: page.waitForSelector: Timeout 60000ms exceeded.\n'[39m +
        [32m'Call log:\n'[39m +
        [32m`\x1B[2m  - waiting for locator('iframe[title="Iframe for expiry date"]') to be visible\x1B[22m\n`[39m +
        [32m'\n'[39m +
        [32m'    at payWithCard (C:\\playwright-project\\src\\page-objects\\paymentPage.ts:4:20)\n'[39m +
        [32m'    at payWithCardInformation (C:\\playwright-project\\src\\tests\\1TipsNoExtraNoSeat.spec.ts:82:22)\n'[39m +
        [32m'    at fn (C:\\playwright-project\\src\\tests\\1TipsNoExtraNoSeat.spec.ts:200:17)\n'[39m +
        [32m'    at runWithRetries (C:\\playwright-project\\src\\tests\\1TipsNoExtraNoSeat.spec.ts:113:13)\n'[39m +
        [32m'    at executeTests (C:\\playwright-project\\src\\tests\\1TipsNoExtraNoSeat.spec.ts:199:31)\n'[39m +
        [32m'    at C:\\playwright-project\\src\\tests\\1TipsNoExtraNoSeat.spec.ts:473:30'[39m,
      cause: [90mundefined[39m
    }
  }
}
Intento 2 fallido en payWithCard: page.waitForSelector: Timeout 60000ms exceeded.
Call log:
[2m  - waiting for locator('iframe[title="Iframe for expiry date"]') to be visible[22m

    at payWithCard [90m(C:\playwright-project\[39msrc\page-objects\paymentPage.ts:4:20[90m)[39m
    at payWithCardInformation [90m(C:\playwright-project\[39msrc\tests\1TipsNoExtraNoSeat.spec.ts:82:22[90m)[39m
    at fn [90m(C:\playwright-project\[39msrc\tests\1TipsNoExtraNoSeat.spec.ts:200:17[90m)[39m
    at runWithRetries [90m(C:\playwright-project\[39msrc\tests\1TipsNoExtraNoSeat.spec.ts:113:13[90m)[39m
    at executeTests [90m(C:\playwright-project\[39msrc\tests\1TipsNoExtraNoSeat.spec.ts:199:31[90m)[39m
    at [90mC:\playwright-project\[39msrc\tests\1TipsNoExtraNoSeat.spec.ts:473:30 {
  name: [32m'TimeoutError'[39m,
  [[32mSymbol(step)[39m]: {
    stepId: [32m'pw:api@85'[39m,
    location: {
      file: [32m'C:\\playwright-project\\src\\page-objects\\paymentPage.ts'[39m,
      line: [33m4[39m,
      column: [33m20[39m,
      function: [32m'payWithCard'[39m
    },
    category: [32m'pw:api'[39m,
    title: [32m'page.waitForSelector(iframe[title="Iframe for expiry date"])'[39m,
    apiName: [32m'page.waitForSelector'[39m,
    params: {
      selector: [32m'iframe[title="Iframe for expiry date"]'[39m,
      timeout: [33m60000[39m
    },
    boxedStack: [90mundefined[39m,
    steps: [],
    complete: [36m[Function: complete][39m,
    endWallTime: [33m1735561281710[39m,
    error: {
      message: [32m'TimeoutError: page.waitForSelector: Timeout 60000ms exceeded.\n'[39m +
        [32m'Call log:\n'[39m +
        [32m`\x1B[2m  - waiting for locator('iframe[title="Iframe for expiry date"]') to be visible\x1B[22m\n`[39m,
      stack: [32m'TimeoutError: page.waitForSelector: Timeout 60000ms exceeded.\n'[39m +
        [32m'Call log:\n'[39m +
        [32m`\x1B[2m  - waiting for locator('iframe[title="Iframe for expiry date"]') to be visible\x1B[22m\n`[39m +
        [32m'\n'[39m +
        [32m'    at payWithCard (C:\\playwright-project\\src\\page-objects\\paymentPage.ts:4:20)\n'[39m +
        [32m'    at payWithCardInformation (C:\\playwright-project\\src\\tests\\1TipsNoExtraNoSeat.spec.ts:82:22)\n'[39m +
        [32m'    at fn (C:\\playwright-project\\src\\tests\\1TipsNoExtraNoSeat.spec.ts:200:17)\n'[39m +
        [32m'    at runWithRetries (C:\\playwright-project\\src\\tests\\1TipsNoExtraNoSeat.spec.ts:113:13)\n'[39m +
        [32m'    at executeTests (C:\\playwright-project\\src\\tests\\1TipsNoExtraNoSeat.spec.ts:199:31)\n'[39m +
        [32m'    at C:\\playwright-project\\src\\tests\\1TipsNoExtraNoSeat.spec.ts:473:30'[39m,
      cause: [90mundefined[39m
    }
  }
}

</system-err>
</testcase>
</testsuite>
</testsuites>